[2025-08-25T12:35:33.710+0000] {processor.py:186} INFO - Started process (PID=87) to work on /home/airflow/.local/lib/python3.12/site-packages/airflow/example_dags/example_setup_teardown.py
[2025-08-25T12:35:33.711+0000] {processor.py:914} INFO - Processing file /home/airflow/.local/lib/python3.12/site-packages/airflow/example_dags/example_setup_teardown.py for tasks to queue
[2025-08-25T12:35:33.714+0000] {logging_mixin.py:190} INFO - [2025-08-25T12:35:33.713+0000] {dagbag.py:588} INFO - Filling up the DagBag from /home/airflow/.local/lib/python3.12/site-packages/airflow/example_dags/example_setup_teardown.py
[2025-08-25T12:35:33.724+0000] {processor.py:925} INFO - DAG(s) 'example_setup_teardown' retrieved from /home/airflow/.local/lib/python3.12/site-packages/airflow/example_dags/example_setup_teardown.py
[2025-08-25T12:35:33.857+0000] {logging_mixin.py:190} INFO - [2025-08-25T12:35:33.855+0000] {override.py:1900} INFO - Created Permission View: can read on DAG:example_setup_teardown
[2025-08-25T12:35:33.871+0000] {logging_mixin.py:190} INFO - [2025-08-25T12:35:33.870+0000] {override.py:1900} INFO - Created Permission View: can delete on DAG:example_setup_teardown
[2025-08-25T12:35:33.880+0000] {logging_mixin.py:190} INFO - [2025-08-25T12:35:33.880+0000] {override.py:1900} INFO - Created Permission View: can edit on DAG:example_setup_teardown
[2025-08-25T12:35:33.890+0000] {logging_mixin.py:190} INFO - [2025-08-25T12:35:33.890+0000] {override.py:1900} INFO - Created Permission View: can read on DAG Run:example_setup_teardown
[2025-08-25T12:35:33.900+0000] {logging_mixin.py:190} INFO - [2025-08-25T12:35:33.899+0000] {override.py:1900} INFO - Created Permission View: menu access on DAG Run:example_setup_teardown
[2025-08-25T12:35:33.908+0000] {logging_mixin.py:190} INFO - [2025-08-25T12:35:33.908+0000] {override.py:1900} INFO - Created Permission View: can delete on DAG Run:example_setup_teardown
[2025-08-25T12:35:33.915+0000] {logging_mixin.py:190} INFO - [2025-08-25T12:35:33.915+0000] {override.py:1900} INFO - Created Permission View: can create on DAG Run:example_setup_teardown
[2025-08-25T12:35:33.916+0000] {logging_mixin.py:190} INFO - [2025-08-25T12:35:33.916+0000] {dag.py:3239} INFO - Sync 1 DAGs
[2025-08-25T12:35:33.931+0000] {logging_mixin.py:190} INFO - [2025-08-25T12:35:33.931+0000] {dag.py:3262} INFO - Creating ORM DAG for example_setup_teardown
[2025-08-25T12:35:33.932+0000] {logging_mixin.py:190} INFO - [2025-08-25T12:35:33.932+0000] {dag.py:4180} INFO - Setting next_dagrun for example_setup_teardown to None, run_after=None
[2025-08-25T12:35:33.957+0000] {processor.py:208} INFO - Processing /home/airflow/.local/lib/python3.12/site-packages/airflow/example_dags/example_setup_teardown.py took 0.254 seconds
[2025-08-25T12:36:04.868+0000] {processor.py:186} INFO - Started process (PID=151) to work on /home/airflow/.local/lib/python3.12/site-packages/airflow/example_dags/example_setup_teardown.py
[2025-08-25T12:36:04.869+0000] {processor.py:914} INFO - Processing file /home/airflow/.local/lib/python3.12/site-packages/airflow/example_dags/example_setup_teardown.py for tasks to queue
[2025-08-25T12:36:04.872+0000] {logging_mixin.py:190} INFO - [2025-08-25T12:36:04.872+0000] {dagbag.py:588} INFO - Filling up the DagBag from /home/airflow/.local/lib/python3.12/site-packages/airflow/example_dags/example_setup_teardown.py
[2025-08-25T12:36:04.885+0000] {processor.py:925} INFO - DAG(s) 'example_setup_teardown' retrieved from /home/airflow/.local/lib/python3.12/site-packages/airflow/example_dags/example_setup_teardown.py
[2025-08-25T12:36:04.917+0000] {logging_mixin.py:190} INFO - [2025-08-25T12:36:04.917+0000] {dag.py:3239} INFO - Sync 1 DAGs
[2025-08-25T12:36:04.942+0000] {logging_mixin.py:190} INFO - [2025-08-25T12:36:04.941+0000] {dag.py:4180} INFO - Setting next_dagrun for example_setup_teardown to None, run_after=None
[2025-08-25T12:36:04.970+0000] {processor.py:208} INFO - Processing /home/airflow/.local/lib/python3.12/site-packages/airflow/example_dags/example_setup_teardown.py took 0.111 seconds
[2025-08-25T12:36:35.371+0000] {processor.py:186} INFO - Started process (PID=215) to work on /home/airflow/.local/lib/python3.12/site-packages/airflow/example_dags/example_setup_teardown.py
[2025-08-25T12:36:35.372+0000] {processor.py:914} INFO - Processing file /home/airflow/.local/lib/python3.12/site-packages/airflow/example_dags/example_setup_teardown.py for tasks to queue
[2025-08-25T12:36:35.375+0000] {logging_mixin.py:190} INFO - [2025-08-25T12:36:35.374+0000] {dagbag.py:588} INFO - Filling up the DagBag from /home/airflow/.local/lib/python3.12/site-packages/airflow/example_dags/example_setup_teardown.py
[2025-08-25T12:36:35.384+0000] {processor.py:925} INFO - DAG(s) 'example_setup_teardown' retrieved from /home/airflow/.local/lib/python3.12/site-packages/airflow/example_dags/example_setup_teardown.py
[2025-08-25T12:36:35.410+0000] {logging_mixin.py:190} INFO - [2025-08-25T12:36:35.409+0000] {dag.py:3239} INFO - Sync 1 DAGs
[2025-08-25T12:36:35.428+0000] {logging_mixin.py:190} INFO - [2025-08-25T12:36:35.427+0000] {dag.py:4180} INFO - Setting next_dagrun for example_setup_teardown to None, run_after=None
[2025-08-25T12:36:35.450+0000] {processor.py:208} INFO - Processing /home/airflow/.local/lib/python3.12/site-packages/airflow/example_dags/example_setup_teardown.py took 0.086 seconds
[2025-08-25T12:37:06.271+0000] {processor.py:186} INFO - Started process (PID=279) to work on /home/airflow/.local/lib/python3.12/site-packages/airflow/example_dags/example_setup_teardown.py
[2025-08-25T12:37:06.272+0000] {processor.py:914} INFO - Processing file /home/airflow/.local/lib/python3.12/site-packages/airflow/example_dags/example_setup_teardown.py for tasks to queue
[2025-08-25T12:37:06.276+0000] {logging_mixin.py:190} INFO - [2025-08-25T12:37:06.275+0000] {dagbag.py:588} INFO - Filling up the DagBag from /home/airflow/.local/lib/python3.12/site-packages/airflow/example_dags/example_setup_teardown.py
[2025-08-25T12:37:06.285+0000] {processor.py:925} INFO - DAG(s) 'example_setup_teardown' retrieved from /home/airflow/.local/lib/python3.12/site-packages/airflow/example_dags/example_setup_teardown.py
[2025-08-25T12:37:06.316+0000] {logging_mixin.py:190} INFO - [2025-08-25T12:37:06.315+0000] {dag.py:3239} INFO - Sync 1 DAGs
[2025-08-25T12:37:06.334+0000] {logging_mixin.py:190} INFO - [2025-08-25T12:37:06.333+0000] {dag.py:4180} INFO - Setting next_dagrun for example_setup_teardown to None, run_after=None
[2025-08-25T12:37:06.361+0000] {processor.py:208} INFO - Processing /home/airflow/.local/lib/python3.12/site-packages/airflow/example_dags/example_setup_teardown.py took 0.098 seconds
[2025-08-25T12:37:37.204+0000] {processor.py:186} INFO - Started process (PID=343) to work on /home/airflow/.local/lib/python3.12/site-packages/airflow/example_dags/example_setup_teardown.py
[2025-08-25T12:37:37.205+0000] {processor.py:914} INFO - Processing file /home/airflow/.local/lib/python3.12/site-packages/airflow/example_dags/example_setup_teardown.py for tasks to queue
[2025-08-25T12:37:37.208+0000] {logging_mixin.py:190} INFO - [2025-08-25T12:37:37.207+0000] {dagbag.py:588} INFO - Filling up the DagBag from /home/airflow/.local/lib/python3.12/site-packages/airflow/example_dags/example_setup_teardown.py
[2025-08-25T12:37:37.217+0000] {processor.py:925} INFO - DAG(s) 'example_setup_teardown' retrieved from /home/airflow/.local/lib/python3.12/site-packages/airflow/example_dags/example_setup_teardown.py
[2025-08-25T12:37:37.247+0000] {logging_mixin.py:190} INFO - [2025-08-25T12:37:37.247+0000] {dag.py:3239} INFO - Sync 1 DAGs
[2025-08-25T12:37:37.268+0000] {logging_mixin.py:190} INFO - [2025-08-25T12:37:37.267+0000] {dag.py:4180} INFO - Setting next_dagrun for example_setup_teardown to None, run_after=None
[2025-08-25T12:37:37.295+0000] {processor.py:208} INFO - Processing /home/airflow/.local/lib/python3.12/site-packages/airflow/example_dags/example_setup_teardown.py took 0.098 seconds
[2025-08-25T12:38:07.659+0000] {processor.py:186} INFO - Started process (PID=407) to work on /home/airflow/.local/lib/python3.12/site-packages/airflow/example_dags/example_setup_teardown.py
[2025-08-25T12:38:07.660+0000] {processor.py:914} INFO - Processing file /home/airflow/.local/lib/python3.12/site-packages/airflow/example_dags/example_setup_teardown.py for tasks to queue
[2025-08-25T12:38:07.664+0000] {logging_mixin.py:190} INFO - [2025-08-25T12:38:07.663+0000] {dagbag.py:588} INFO - Filling up the DagBag from /home/airflow/.local/lib/python3.12/site-packages/airflow/example_dags/example_setup_teardown.py
[2025-08-25T12:38:07.675+0000] {processor.py:925} INFO - DAG(s) 'example_setup_teardown' retrieved from /home/airflow/.local/lib/python3.12/site-packages/airflow/example_dags/example_setup_teardown.py
[2025-08-25T12:38:07.705+0000] {logging_mixin.py:190} INFO - [2025-08-25T12:38:07.704+0000] {dag.py:3239} INFO - Sync 1 DAGs
[2025-08-25T12:38:07.728+0000] {logging_mixin.py:190} INFO - [2025-08-25T12:38:07.728+0000] {dag.py:4180} INFO - Setting next_dagrun for example_setup_teardown to None, run_after=None
[2025-08-25T12:38:07.756+0000] {processor.py:208} INFO - Processing /home/airflow/.local/lib/python3.12/site-packages/airflow/example_dags/example_setup_teardown.py took 0.106 seconds
[2025-08-25T12:38:38.192+0000] {processor.py:186} INFO - Started process (PID=471) to work on /home/airflow/.local/lib/python3.12/site-packages/airflow/example_dags/example_setup_teardown.py
[2025-08-25T12:38:38.193+0000] {processor.py:914} INFO - Processing file /home/airflow/.local/lib/python3.12/site-packages/airflow/example_dags/example_setup_teardown.py for tasks to queue
[2025-08-25T12:38:38.196+0000] {logging_mixin.py:190} INFO - [2025-08-25T12:38:38.195+0000] {dagbag.py:588} INFO - Filling up the DagBag from /home/airflow/.local/lib/python3.12/site-packages/airflow/example_dags/example_setup_teardown.py
[2025-08-25T12:38:38.203+0000] {processor.py:925} INFO - DAG(s) 'example_setup_teardown' retrieved from /home/airflow/.local/lib/python3.12/site-packages/airflow/example_dags/example_setup_teardown.py
[2025-08-25T12:38:38.232+0000] {logging_mixin.py:190} INFO - [2025-08-25T12:38:38.231+0000] {dag.py:3239} INFO - Sync 1 DAGs
[2025-08-25T12:38:38.254+0000] {logging_mixin.py:190} INFO - [2025-08-25T12:38:38.254+0000] {dag.py:4180} INFO - Setting next_dagrun for example_setup_teardown to None, run_after=None
[2025-08-25T12:38:38.279+0000] {processor.py:208} INFO - Processing /home/airflow/.local/lib/python3.12/site-packages/airflow/example_dags/example_setup_teardown.py took 0.092 seconds
[2025-08-25T12:39:08.613+0000] {processor.py:186} INFO - Started process (PID=535) to work on /home/airflow/.local/lib/python3.12/site-packages/airflow/example_dags/example_setup_teardown.py
[2025-08-25T12:39:08.614+0000] {processor.py:914} INFO - Processing file /home/airflow/.local/lib/python3.12/site-packages/airflow/example_dags/example_setup_teardown.py for tasks to queue
[2025-08-25T12:39:08.617+0000] {logging_mixin.py:190} INFO - [2025-08-25T12:39:08.616+0000] {dagbag.py:588} INFO - Filling up the DagBag from /home/airflow/.local/lib/python3.12/site-packages/airflow/example_dags/example_setup_teardown.py
[2025-08-25T12:39:08.626+0000] {processor.py:925} INFO - DAG(s) 'example_setup_teardown' retrieved from /home/airflow/.local/lib/python3.12/site-packages/airflow/example_dags/example_setup_teardown.py
[2025-08-25T12:39:08.655+0000] {logging_mixin.py:190} INFO - [2025-08-25T12:39:08.655+0000] {dag.py:3239} INFO - Sync 1 DAGs
[2025-08-25T12:39:08.675+0000] {logging_mixin.py:190} INFO - [2025-08-25T12:39:08.674+0000] {dag.py:4180} INFO - Setting next_dagrun for example_setup_teardown to None, run_after=None
[2025-08-25T12:39:08.699+0000] {processor.py:208} INFO - Processing /home/airflow/.local/lib/python3.12/site-packages/airflow/example_dags/example_setup_teardown.py took 0.094 seconds
[2025-08-25T12:39:39.090+0000] {processor.py:186} INFO - Started process (PID=599) to work on /home/airflow/.local/lib/python3.12/site-packages/airflow/example_dags/example_setup_teardown.py
[2025-08-25T12:39:39.091+0000] {processor.py:914} INFO - Processing file /home/airflow/.local/lib/python3.12/site-packages/airflow/example_dags/example_setup_teardown.py for tasks to queue
[2025-08-25T12:39:39.094+0000] {logging_mixin.py:190} INFO - [2025-08-25T12:39:39.093+0000] {dagbag.py:588} INFO - Filling up the DagBag from /home/airflow/.local/lib/python3.12/site-packages/airflow/example_dags/example_setup_teardown.py
[2025-08-25T12:39:39.104+0000] {processor.py:925} INFO - DAG(s) 'example_setup_teardown' retrieved from /home/airflow/.local/lib/python3.12/site-packages/airflow/example_dags/example_setup_teardown.py
[2025-08-25T12:39:39.135+0000] {logging_mixin.py:190} INFO - [2025-08-25T12:39:39.135+0000] {dag.py:3239} INFO - Sync 1 DAGs
[2025-08-25T12:39:39.160+0000] {logging_mixin.py:190} INFO - [2025-08-25T12:39:39.160+0000] {dag.py:4180} INFO - Setting next_dagrun for example_setup_teardown to None, run_after=None
[2025-08-25T12:39:39.186+0000] {processor.py:208} INFO - Processing /home/airflow/.local/lib/python3.12/site-packages/airflow/example_dags/example_setup_teardown.py took 0.104 seconds
[2025-08-25T12:40:09.409+0000] {processor.py:186} INFO - Started process (PID=663) to work on /home/airflow/.local/lib/python3.12/site-packages/airflow/example_dags/example_setup_teardown.py
[2025-08-25T12:40:09.410+0000] {processor.py:914} INFO - Processing file /home/airflow/.local/lib/python3.12/site-packages/airflow/example_dags/example_setup_teardown.py for tasks to queue
[2025-08-25T12:40:09.414+0000] {logging_mixin.py:190} INFO - [2025-08-25T12:40:09.414+0000] {dagbag.py:588} INFO - Filling up the DagBag from /home/airflow/.local/lib/python3.12/site-packages/airflow/example_dags/example_setup_teardown.py
[2025-08-25T12:40:09.424+0000] {processor.py:925} INFO - DAG(s) 'example_setup_teardown' retrieved from /home/airflow/.local/lib/python3.12/site-packages/airflow/example_dags/example_setup_teardown.py
[2025-08-25T12:40:09.454+0000] {logging_mixin.py:190} INFO - [2025-08-25T12:40:09.453+0000] {dag.py:3239} INFO - Sync 1 DAGs
[2025-08-25T12:40:09.474+0000] {logging_mixin.py:190} INFO - [2025-08-25T12:40:09.473+0000] {dag.py:4180} INFO - Setting next_dagrun for example_setup_teardown to None, run_after=None
[2025-08-25T12:40:09.500+0000] {processor.py:208} INFO - Processing /home/airflow/.local/lib/python3.12/site-packages/airflow/example_dags/example_setup_teardown.py took 0.099 seconds
[2025-08-25T12:40:40.180+0000] {processor.py:186} INFO - Started process (PID=728) to work on /home/airflow/.local/lib/python3.12/site-packages/airflow/example_dags/example_setup_teardown.py
[2025-08-25T12:40:40.181+0000] {processor.py:914} INFO - Processing file /home/airflow/.local/lib/python3.12/site-packages/airflow/example_dags/example_setup_teardown.py for tasks to queue
[2025-08-25T12:40:40.185+0000] {logging_mixin.py:190} INFO - [2025-08-25T12:40:40.184+0000] {dagbag.py:588} INFO - Filling up the DagBag from /home/airflow/.local/lib/python3.12/site-packages/airflow/example_dags/example_setup_teardown.py
[2025-08-25T12:40:40.196+0000] {processor.py:925} INFO - DAG(s) 'example_setup_teardown' retrieved from /home/airflow/.local/lib/python3.12/site-packages/airflow/example_dags/example_setup_teardown.py
[2025-08-25T12:40:40.228+0000] {logging_mixin.py:190} INFO - [2025-08-25T12:40:40.228+0000] {dag.py:3239} INFO - Sync 1 DAGs
[2025-08-25T12:40:40.251+0000] {logging_mixin.py:190} INFO - [2025-08-25T12:40:40.251+0000] {dag.py:4180} INFO - Setting next_dagrun for example_setup_teardown to None, run_after=None
[2025-08-25T12:40:40.282+0000] {processor.py:208} INFO - Processing /home/airflow/.local/lib/python3.12/site-packages/airflow/example_dags/example_setup_teardown.py took 0.112 seconds
[2025-08-25T12:41:10.517+0000] {processor.py:186} INFO - Started process (PID=794) to work on /home/airflow/.local/lib/python3.12/site-packages/airflow/example_dags/example_setup_teardown.py
[2025-08-25T12:41:10.518+0000] {processor.py:914} INFO - Processing file /home/airflow/.local/lib/python3.12/site-packages/airflow/example_dags/example_setup_teardown.py for tasks to queue
[2025-08-25T12:41:10.523+0000] {logging_mixin.py:190} INFO - [2025-08-25T12:41:10.523+0000] {dagbag.py:588} INFO - Filling up the DagBag from /home/airflow/.local/lib/python3.12/site-packages/airflow/example_dags/example_setup_teardown.py
[2025-08-25T12:41:10.537+0000] {processor.py:925} INFO - DAG(s) 'example_setup_teardown' retrieved from /home/airflow/.local/lib/python3.12/site-packages/airflow/example_dags/example_setup_teardown.py
[2025-08-25T12:41:10.572+0000] {logging_mixin.py:190} INFO - [2025-08-25T12:41:10.572+0000] {dag.py:3239} INFO - Sync 1 DAGs
[2025-08-25T12:41:10.593+0000] {logging_mixin.py:190} INFO - [2025-08-25T12:41:10.593+0000] {dag.py:4180} INFO - Setting next_dagrun for example_setup_teardown to None, run_after=None
[2025-08-25T12:41:10.622+0000] {processor.py:208} INFO - Processing /home/airflow/.local/lib/python3.12/site-packages/airflow/example_dags/example_setup_teardown.py took 0.116 seconds
[2025-08-25T12:41:40.722+0000] {processor.py:186} INFO - Started process (PID=858) to work on /home/airflow/.local/lib/python3.12/site-packages/airflow/example_dags/example_setup_teardown.py
[2025-08-25T12:41:40.722+0000] {processor.py:914} INFO - Processing file /home/airflow/.local/lib/python3.12/site-packages/airflow/example_dags/example_setup_teardown.py for tasks to queue
[2025-08-25T12:41:40.725+0000] {logging_mixin.py:190} INFO - [2025-08-25T12:41:40.724+0000] {dagbag.py:588} INFO - Filling up the DagBag from /home/airflow/.local/lib/python3.12/site-packages/airflow/example_dags/example_setup_teardown.py
[2025-08-25T12:41:40.732+0000] {processor.py:925} INFO - DAG(s) 'example_setup_teardown' retrieved from /home/airflow/.local/lib/python3.12/site-packages/airflow/example_dags/example_setup_teardown.py
[2025-08-25T12:41:40.757+0000] {logging_mixin.py:190} INFO - [2025-08-25T12:41:40.756+0000] {dag.py:3239} INFO - Sync 1 DAGs
[2025-08-25T12:41:40.779+0000] {logging_mixin.py:190} INFO - [2025-08-25T12:41:40.779+0000] {dag.py:4180} INFO - Setting next_dagrun for example_setup_teardown to None, run_after=None
[2025-08-25T12:41:40.805+0000] {processor.py:208} INFO - Processing /home/airflow/.local/lib/python3.12/site-packages/airflow/example_dags/example_setup_teardown.py took 0.092 seconds
[2025-08-25T12:42:11.437+0000] {processor.py:186} INFO - Started process (PID=922) to work on /home/airflow/.local/lib/python3.12/site-packages/airflow/example_dags/example_setup_teardown.py
[2025-08-25T12:42:11.440+0000] {processor.py:914} INFO - Processing file /home/airflow/.local/lib/python3.12/site-packages/airflow/example_dags/example_setup_teardown.py for tasks to queue
[2025-08-25T12:42:11.446+0000] {logging_mixin.py:190} INFO - [2025-08-25T12:42:11.445+0000] {dagbag.py:588} INFO - Filling up the DagBag from /home/airflow/.local/lib/python3.12/site-packages/airflow/example_dags/example_setup_teardown.py
[2025-08-25T12:42:11.469+0000] {processor.py:925} INFO - DAG(s) 'example_setup_teardown' retrieved from /home/airflow/.local/lib/python3.12/site-packages/airflow/example_dags/example_setup_teardown.py
[2025-08-25T12:42:11.522+0000] {logging_mixin.py:190} INFO - [2025-08-25T12:42:11.521+0000] {dag.py:3239} INFO - Sync 1 DAGs
[2025-08-25T12:42:11.554+0000] {logging_mixin.py:190} INFO - [2025-08-25T12:42:11.553+0000] {dag.py:4180} INFO - Setting next_dagrun for example_setup_teardown to None, run_after=None
[2025-08-25T12:42:11.589+0000] {processor.py:208} INFO - Processing /home/airflow/.local/lib/python3.12/site-packages/airflow/example_dags/example_setup_teardown.py took 0.167 seconds
[2025-08-25T12:42:42.079+0000] {processor.py:186} INFO - Started process (PID=986) to work on /home/airflow/.local/lib/python3.12/site-packages/airflow/example_dags/example_setup_teardown.py
[2025-08-25T12:42:42.081+0000] {processor.py:914} INFO - Processing file /home/airflow/.local/lib/python3.12/site-packages/airflow/example_dags/example_setup_teardown.py for tasks to queue
[2025-08-25T12:42:42.084+0000] {logging_mixin.py:190} INFO - [2025-08-25T12:42:42.084+0000] {dagbag.py:588} INFO - Filling up the DagBag from /home/airflow/.local/lib/python3.12/site-packages/airflow/example_dags/example_setup_teardown.py
[2025-08-25T12:42:42.094+0000] {processor.py:925} INFO - DAG(s) 'example_setup_teardown' retrieved from /home/airflow/.local/lib/python3.12/site-packages/airflow/example_dags/example_setup_teardown.py
[2025-08-25T12:42:42.127+0000] {logging_mixin.py:190} INFO - [2025-08-25T12:42:42.126+0000] {dag.py:3239} INFO - Sync 1 DAGs
[2025-08-25T12:42:42.152+0000] {logging_mixin.py:190} INFO - [2025-08-25T12:42:42.151+0000] {dag.py:4180} INFO - Setting next_dagrun for example_setup_teardown to None, run_after=None
[2025-08-25T12:42:42.187+0000] {processor.py:208} INFO - Processing /home/airflow/.local/lib/python3.12/site-packages/airflow/example_dags/example_setup_teardown.py took 0.116 seconds
[2025-08-25T12:43:12.618+0000] {processor.py:186} INFO - Started process (PID=1050) to work on /home/airflow/.local/lib/python3.12/site-packages/airflow/example_dags/example_setup_teardown.py
[2025-08-25T12:43:12.618+0000] {processor.py:914} INFO - Processing file /home/airflow/.local/lib/python3.12/site-packages/airflow/example_dags/example_setup_teardown.py for tasks to queue
[2025-08-25T12:43:12.622+0000] {logging_mixin.py:190} INFO - [2025-08-25T12:43:12.621+0000] {dagbag.py:588} INFO - Filling up the DagBag from /home/airflow/.local/lib/python3.12/site-packages/airflow/example_dags/example_setup_teardown.py
[2025-08-25T12:43:12.631+0000] {processor.py:925} INFO - DAG(s) 'example_setup_teardown' retrieved from /home/airflow/.local/lib/python3.12/site-packages/airflow/example_dags/example_setup_teardown.py
[2025-08-25T12:43:12.654+0000] {logging_mixin.py:190} INFO - [2025-08-25T12:43:12.654+0000] {dag.py:3239} INFO - Sync 1 DAGs
[2025-08-25T12:43:12.671+0000] {logging_mixin.py:190} INFO - [2025-08-25T12:43:12.671+0000] {dag.py:4180} INFO - Setting next_dagrun for example_setup_teardown to None, run_after=None
[2025-08-25T12:43:12.694+0000] {processor.py:208} INFO - Processing /home/airflow/.local/lib/python3.12/site-packages/airflow/example_dags/example_setup_teardown.py took 0.083 seconds
[2025-08-25T12:43:43.885+0000] {processor.py:186} INFO - Started process (PID=1114) to work on /home/airflow/.local/lib/python3.12/site-packages/airflow/example_dags/example_setup_teardown.py
[2025-08-25T12:43:43.887+0000] {processor.py:914} INFO - Processing file /home/airflow/.local/lib/python3.12/site-packages/airflow/example_dags/example_setup_teardown.py for tasks to queue
[2025-08-25T12:43:43.893+0000] {logging_mixin.py:190} INFO - [2025-08-25T12:43:43.892+0000] {dagbag.py:588} INFO - Filling up the DagBag from /home/airflow/.local/lib/python3.12/site-packages/airflow/example_dags/example_setup_teardown.py
[2025-08-25T12:43:43.912+0000] {processor.py:925} INFO - DAG(s) 'example_setup_teardown' retrieved from /home/airflow/.local/lib/python3.12/site-packages/airflow/example_dags/example_setup_teardown.py
[2025-08-25T12:43:43.963+0000] {logging_mixin.py:190} INFO - [2025-08-25T12:43:43.962+0000] {dag.py:3239} INFO - Sync 1 DAGs
[2025-08-25T12:43:43.998+0000] {logging_mixin.py:190} INFO - [2025-08-25T12:43:43.997+0000] {dag.py:4180} INFO - Setting next_dagrun for example_setup_teardown to None, run_after=None
[2025-08-25T12:43:44.039+0000] {processor.py:208} INFO - Processing /home/airflow/.local/lib/python3.12/site-packages/airflow/example_dags/example_setup_teardown.py took 0.167 seconds
[2025-08-25T12:44:14.265+0000] {processor.py:186} INFO - Started process (PID=1178) to work on /home/airflow/.local/lib/python3.12/site-packages/airflow/example_dags/example_setup_teardown.py
[2025-08-25T12:44:14.266+0000] {processor.py:914} INFO - Processing file /home/airflow/.local/lib/python3.12/site-packages/airflow/example_dags/example_setup_teardown.py for tasks to queue
[2025-08-25T12:44:14.271+0000] {logging_mixin.py:190} INFO - [2025-08-25T12:44:14.270+0000] {dagbag.py:588} INFO - Filling up the DagBag from /home/airflow/.local/lib/python3.12/site-packages/airflow/example_dags/example_setup_teardown.py
[2025-08-25T12:44:14.287+0000] {processor.py:925} INFO - DAG(s) 'example_setup_teardown' retrieved from /home/airflow/.local/lib/python3.12/site-packages/airflow/example_dags/example_setup_teardown.py
[2025-08-25T12:44:14.323+0000] {logging_mixin.py:190} INFO - [2025-08-25T12:44:14.322+0000] {dag.py:3239} INFO - Sync 1 DAGs
[2025-08-25T12:44:14.339+0000] {logging_mixin.py:190} INFO - [2025-08-25T12:44:14.339+0000] {dag.py:4180} INFO - Setting next_dagrun for example_setup_teardown to None, run_after=None
[2025-08-25T12:44:14.356+0000] {processor.py:208} INFO - Processing /home/airflow/.local/lib/python3.12/site-packages/airflow/example_dags/example_setup_teardown.py took 0.105 seconds
[2025-08-25T12:44:45.227+0000] {processor.py:186} INFO - Started process (PID=1242) to work on /home/airflow/.local/lib/python3.12/site-packages/airflow/example_dags/example_setup_teardown.py
[2025-08-25T12:44:45.228+0000] {processor.py:914} INFO - Processing file /home/airflow/.local/lib/python3.12/site-packages/airflow/example_dags/example_setup_teardown.py for tasks to queue
[2025-08-25T12:44:45.232+0000] {logging_mixin.py:190} INFO - [2025-08-25T12:44:45.232+0000] {dagbag.py:588} INFO - Filling up the DagBag from /home/airflow/.local/lib/python3.12/site-packages/airflow/example_dags/example_setup_teardown.py
[2025-08-25T12:44:45.244+0000] {processor.py:925} INFO - DAG(s) 'example_setup_teardown' retrieved from /home/airflow/.local/lib/python3.12/site-packages/airflow/example_dags/example_setup_teardown.py
[2025-08-25T12:44:45.275+0000] {logging_mixin.py:190} INFO - [2025-08-25T12:44:45.274+0000] {dag.py:3239} INFO - Sync 1 DAGs
[2025-08-25T12:44:45.295+0000] {logging_mixin.py:190} INFO - [2025-08-25T12:44:45.294+0000] {dag.py:4180} INFO - Setting next_dagrun for example_setup_teardown to None, run_after=None
[2025-08-25T12:44:45.319+0000] {processor.py:208} INFO - Processing /home/airflow/.local/lib/python3.12/site-packages/airflow/example_dags/example_setup_teardown.py took 0.101 seconds
[2025-08-25T12:45:15.930+0000] {processor.py:186} INFO - Started process (PID=1306) to work on /home/airflow/.local/lib/python3.12/site-packages/airflow/example_dags/example_setup_teardown.py
[2025-08-25T12:45:15.931+0000] {processor.py:914} INFO - Processing file /home/airflow/.local/lib/python3.12/site-packages/airflow/example_dags/example_setup_teardown.py for tasks to queue
[2025-08-25T12:45:15.935+0000] {logging_mixin.py:190} INFO - [2025-08-25T12:45:15.934+0000] {dagbag.py:588} INFO - Filling up the DagBag from /home/airflow/.local/lib/python3.12/site-packages/airflow/example_dags/example_setup_teardown.py
[2025-08-25T12:45:15.945+0000] {processor.py:925} INFO - DAG(s) 'example_setup_teardown' retrieved from /home/airflow/.local/lib/python3.12/site-packages/airflow/example_dags/example_setup_teardown.py
[2025-08-25T12:45:15.974+0000] {logging_mixin.py:190} INFO - [2025-08-25T12:45:15.973+0000] {dag.py:3239} INFO - Sync 1 DAGs
[2025-08-25T12:45:15.992+0000] {logging_mixin.py:190} INFO - [2025-08-25T12:45:15.992+0000] {dag.py:4180} INFO - Setting next_dagrun for example_setup_teardown to None, run_after=None
[2025-08-25T12:45:16.020+0000] {processor.py:208} INFO - Processing /home/airflow/.local/lib/python3.12/site-packages/airflow/example_dags/example_setup_teardown.py took 0.097 seconds
[2025-08-25T12:45:46.851+0000] {processor.py:186} INFO - Started process (PID=1370) to work on /home/airflow/.local/lib/python3.12/site-packages/airflow/example_dags/example_setup_teardown.py
[2025-08-25T12:45:46.852+0000] {processor.py:914} INFO - Processing file /home/airflow/.local/lib/python3.12/site-packages/airflow/example_dags/example_setup_teardown.py for tasks to queue
[2025-08-25T12:45:46.855+0000] {logging_mixin.py:190} INFO - [2025-08-25T12:45:46.854+0000] {dagbag.py:588} INFO - Filling up the DagBag from /home/airflow/.local/lib/python3.12/site-packages/airflow/example_dags/example_setup_teardown.py
[2025-08-25T12:45:46.865+0000] {processor.py:925} INFO - DAG(s) 'example_setup_teardown' retrieved from /home/airflow/.local/lib/python3.12/site-packages/airflow/example_dags/example_setup_teardown.py
[2025-08-25T12:45:46.898+0000] {logging_mixin.py:190} INFO - [2025-08-25T12:45:46.897+0000] {dag.py:3239} INFO - Sync 1 DAGs
[2025-08-25T12:45:46.917+0000] {logging_mixin.py:190} INFO - [2025-08-25T12:45:46.916+0000] {dag.py:4180} INFO - Setting next_dagrun for example_setup_teardown to None, run_after=None
[2025-08-25T12:45:46.944+0000] {processor.py:208} INFO - Processing /home/airflow/.local/lib/python3.12/site-packages/airflow/example_dags/example_setup_teardown.py took 0.104 seconds
[2025-08-25T12:46:17.088+0000] {processor.py:186} INFO - Started process (PID=1434) to work on /home/airflow/.local/lib/python3.12/site-packages/airflow/example_dags/example_setup_teardown.py
[2025-08-25T12:46:17.089+0000] {processor.py:914} INFO - Processing file /home/airflow/.local/lib/python3.12/site-packages/airflow/example_dags/example_setup_teardown.py for tasks to queue
[2025-08-25T12:46:17.092+0000] {logging_mixin.py:190} INFO - [2025-08-25T12:46:17.091+0000] {dagbag.py:588} INFO - Filling up the DagBag from /home/airflow/.local/lib/python3.12/site-packages/airflow/example_dags/example_setup_teardown.py
[2025-08-25T12:46:17.102+0000] {processor.py:925} INFO - DAG(s) 'example_setup_teardown' retrieved from /home/airflow/.local/lib/python3.12/site-packages/airflow/example_dags/example_setup_teardown.py
[2025-08-25T12:46:17.133+0000] {logging_mixin.py:190} INFO - [2025-08-25T12:46:17.133+0000] {dag.py:3239} INFO - Sync 1 DAGs
[2025-08-25T12:46:17.150+0000] {logging_mixin.py:190} INFO - [2025-08-25T12:46:17.150+0000] {dag.py:4180} INFO - Setting next_dagrun for example_setup_teardown to None, run_after=None
[2025-08-25T12:46:17.178+0000] {processor.py:208} INFO - Processing /home/airflow/.local/lib/python3.12/site-packages/airflow/example_dags/example_setup_teardown.py took 0.097 seconds
[2025-08-25T12:46:47.752+0000] {processor.py:186} INFO - Started process (PID=1498) to work on /home/airflow/.local/lib/python3.12/site-packages/airflow/example_dags/example_setup_teardown.py
[2025-08-25T12:46:47.753+0000] {processor.py:914} INFO - Processing file /home/airflow/.local/lib/python3.12/site-packages/airflow/example_dags/example_setup_teardown.py for tasks to queue
[2025-08-25T12:46:47.759+0000] {logging_mixin.py:190} INFO - [2025-08-25T12:46:47.758+0000] {dagbag.py:588} INFO - Filling up the DagBag from /home/airflow/.local/lib/python3.12/site-packages/airflow/example_dags/example_setup_teardown.py
[2025-08-25T12:46:47.771+0000] {processor.py:925} INFO - DAG(s) 'example_setup_teardown' retrieved from /home/airflow/.local/lib/python3.12/site-packages/airflow/example_dags/example_setup_teardown.py
[2025-08-25T12:46:47.799+0000] {logging_mixin.py:190} INFO - [2025-08-25T12:46:47.799+0000] {dag.py:3239} INFO - Sync 1 DAGs
[2025-08-25T12:46:47.816+0000] {logging_mixin.py:190} INFO - [2025-08-25T12:46:47.816+0000] {dag.py:4180} INFO - Setting next_dagrun for example_setup_teardown to None, run_after=None
[2025-08-25T12:46:47.851+0000] {processor.py:208} INFO - Processing /home/airflow/.local/lib/python3.12/site-packages/airflow/example_dags/example_setup_teardown.py took 0.108 seconds
[2025-08-25T12:47:18.043+0000] {processor.py:186} INFO - Started process (PID=1562) to work on /home/airflow/.local/lib/python3.12/site-packages/airflow/example_dags/example_setup_teardown.py
[2025-08-25T12:47:18.044+0000] {processor.py:914} INFO - Processing file /home/airflow/.local/lib/python3.12/site-packages/airflow/example_dags/example_setup_teardown.py for tasks to queue
[2025-08-25T12:47:18.047+0000] {logging_mixin.py:190} INFO - [2025-08-25T12:47:18.047+0000] {dagbag.py:588} INFO - Filling up the DagBag from /home/airflow/.local/lib/python3.12/site-packages/airflow/example_dags/example_setup_teardown.py
[2025-08-25T12:47:18.056+0000] {processor.py:925} INFO - DAG(s) 'example_setup_teardown' retrieved from /home/airflow/.local/lib/python3.12/site-packages/airflow/example_dags/example_setup_teardown.py
[2025-08-25T12:47:18.085+0000] {logging_mixin.py:190} INFO - [2025-08-25T12:47:18.085+0000] {dag.py:3239} INFO - Sync 1 DAGs
[2025-08-25T12:47:18.104+0000] {logging_mixin.py:190} INFO - [2025-08-25T12:47:18.103+0000] {dag.py:4180} INFO - Setting next_dagrun for example_setup_teardown to None, run_after=None
[2025-08-25T12:47:18.129+0000] {processor.py:208} INFO - Processing /home/airflow/.local/lib/python3.12/site-packages/airflow/example_dags/example_setup_teardown.py took 0.093 seconds
[2025-08-25T12:47:48.643+0000] {processor.py:186} INFO - Started process (PID=1626) to work on /home/airflow/.local/lib/python3.12/site-packages/airflow/example_dags/example_setup_teardown.py
[2025-08-25T12:47:48.645+0000] {processor.py:914} INFO - Processing file /home/airflow/.local/lib/python3.12/site-packages/airflow/example_dags/example_setup_teardown.py for tasks to queue
[2025-08-25T12:47:48.649+0000] {logging_mixin.py:190} INFO - [2025-08-25T12:47:48.649+0000] {dagbag.py:588} INFO - Filling up the DagBag from /home/airflow/.local/lib/python3.12/site-packages/airflow/example_dags/example_setup_teardown.py
[2025-08-25T12:47:48.665+0000] {processor.py:925} INFO - DAG(s) 'example_setup_teardown' retrieved from /home/airflow/.local/lib/python3.12/site-packages/airflow/example_dags/example_setup_teardown.py
[2025-08-25T12:47:48.707+0000] {logging_mixin.py:190} INFO - [2025-08-25T12:47:48.707+0000] {dag.py:3239} INFO - Sync 1 DAGs
[2025-08-25T12:47:48.747+0000] {logging_mixin.py:190} INFO - [2025-08-25T12:47:48.747+0000] {dag.py:4180} INFO - Setting next_dagrun for example_setup_teardown to None, run_after=None
[2025-08-25T12:47:48.787+0000] {processor.py:208} INFO - Processing /home/airflow/.local/lib/python3.12/site-packages/airflow/example_dags/example_setup_teardown.py took 0.154 seconds
[2025-08-25T12:48:19.199+0000] {processor.py:186} INFO - Started process (PID=1690) to work on /home/airflow/.local/lib/python3.12/site-packages/airflow/example_dags/example_setup_teardown.py
[2025-08-25T12:48:19.201+0000] {processor.py:914} INFO - Processing file /home/airflow/.local/lib/python3.12/site-packages/airflow/example_dags/example_setup_teardown.py for tasks to queue
[2025-08-25T12:48:19.206+0000] {logging_mixin.py:190} INFO - [2025-08-25T12:48:19.205+0000] {dagbag.py:588} INFO - Filling up the DagBag from /home/airflow/.local/lib/python3.12/site-packages/airflow/example_dags/example_setup_teardown.py
[2025-08-25T12:48:19.220+0000] {processor.py:925} INFO - DAG(s) 'example_setup_teardown' retrieved from /home/airflow/.local/lib/python3.12/site-packages/airflow/example_dags/example_setup_teardown.py
[2025-08-25T12:48:19.251+0000] {logging_mixin.py:190} INFO - [2025-08-25T12:48:19.251+0000] {dag.py:3239} INFO - Sync 1 DAGs
[2025-08-25T12:48:19.273+0000] {logging_mixin.py:190} INFO - [2025-08-25T12:48:19.272+0000] {dag.py:4180} INFO - Setting next_dagrun for example_setup_teardown to None, run_after=None
[2025-08-25T12:48:19.297+0000] {processor.py:208} INFO - Processing /home/airflow/.local/lib/python3.12/site-packages/airflow/example_dags/example_setup_teardown.py took 0.112 seconds
[2025-08-25T12:48:49.665+0000] {processor.py:186} INFO - Started process (PID=1754) to work on /home/airflow/.local/lib/python3.12/site-packages/airflow/example_dags/example_setup_teardown.py
[2025-08-25T12:48:49.667+0000] {processor.py:914} INFO - Processing file /home/airflow/.local/lib/python3.12/site-packages/airflow/example_dags/example_setup_teardown.py for tasks to queue
[2025-08-25T12:48:49.672+0000] {logging_mixin.py:190} INFO - [2025-08-25T12:48:49.672+0000] {dagbag.py:588} INFO - Filling up the DagBag from /home/airflow/.local/lib/python3.12/site-packages/airflow/example_dags/example_setup_teardown.py
[2025-08-25T12:48:49.685+0000] {processor.py:925} INFO - DAG(s) 'example_setup_teardown' retrieved from /home/airflow/.local/lib/python3.12/site-packages/airflow/example_dags/example_setup_teardown.py
[2025-08-25T12:48:49.714+0000] {logging_mixin.py:190} INFO - [2025-08-25T12:48:49.714+0000] {dag.py:3239} INFO - Sync 1 DAGs
[2025-08-25T12:48:49.731+0000] {logging_mixin.py:190} INFO - [2025-08-25T12:48:49.730+0000] {dag.py:4180} INFO - Setting next_dagrun for example_setup_teardown to None, run_after=None
[2025-08-25T12:48:49.754+0000] {processor.py:208} INFO - Processing /home/airflow/.local/lib/python3.12/site-packages/airflow/example_dags/example_setup_teardown.py took 0.099 seconds
[2025-08-25T12:49:20.258+0000] {processor.py:186} INFO - Started process (PID=1818) to work on /home/airflow/.local/lib/python3.12/site-packages/airflow/example_dags/example_setup_teardown.py
[2025-08-25T12:49:20.260+0000] {processor.py:914} INFO - Processing file /home/airflow/.local/lib/python3.12/site-packages/airflow/example_dags/example_setup_teardown.py for tasks to queue
[2025-08-25T12:49:20.263+0000] {logging_mixin.py:190} INFO - [2025-08-25T12:49:20.263+0000] {dagbag.py:588} INFO - Filling up the DagBag from /home/airflow/.local/lib/python3.12/site-packages/airflow/example_dags/example_setup_teardown.py
[2025-08-25T12:49:20.276+0000] {processor.py:925} INFO - DAG(s) 'example_setup_teardown' retrieved from /home/airflow/.local/lib/python3.12/site-packages/airflow/example_dags/example_setup_teardown.py
[2025-08-25T12:49:20.309+0000] {logging_mixin.py:190} INFO - [2025-08-25T12:49:20.309+0000] {dag.py:3239} INFO - Sync 1 DAGs
[2025-08-25T12:49:20.331+0000] {logging_mixin.py:190} INFO - [2025-08-25T12:49:20.330+0000] {dag.py:4180} INFO - Setting next_dagrun for example_setup_teardown to None, run_after=None
[2025-08-25T12:49:20.361+0000] {processor.py:208} INFO - Processing /home/airflow/.local/lib/python3.12/site-packages/airflow/example_dags/example_setup_teardown.py took 0.114 seconds
[2025-08-25T12:49:50.951+0000] {processor.py:186} INFO - Started process (PID=1882) to work on /home/airflow/.local/lib/python3.12/site-packages/airflow/example_dags/example_setup_teardown.py
[2025-08-25T12:49:50.952+0000] {processor.py:914} INFO - Processing file /home/airflow/.local/lib/python3.12/site-packages/airflow/example_dags/example_setup_teardown.py for tasks to queue
[2025-08-25T12:49:50.955+0000] {logging_mixin.py:190} INFO - [2025-08-25T12:49:50.954+0000] {dagbag.py:588} INFO - Filling up the DagBag from /home/airflow/.local/lib/python3.12/site-packages/airflow/example_dags/example_setup_teardown.py
[2025-08-25T12:49:50.963+0000] {processor.py:925} INFO - DAG(s) 'example_setup_teardown' retrieved from /home/airflow/.local/lib/python3.12/site-packages/airflow/example_dags/example_setup_teardown.py
[2025-08-25T12:49:51.000+0000] {logging_mixin.py:190} INFO - [2025-08-25T12:49:50.999+0000] {dag.py:3239} INFO - Sync 1 DAGs
[2025-08-25T12:49:51.029+0000] {logging_mixin.py:190} INFO - [2025-08-25T12:49:51.028+0000] {dag.py:4180} INFO - Setting next_dagrun for example_setup_teardown to None, run_after=None
[2025-08-25T12:49:51.060+0000] {processor.py:208} INFO - Processing /home/airflow/.local/lib/python3.12/site-packages/airflow/example_dags/example_setup_teardown.py took 0.117 seconds
[2025-08-25T12:50:21.852+0000] {processor.py:186} INFO - Started process (PID=1946) to work on /home/airflow/.local/lib/python3.12/site-packages/airflow/example_dags/example_setup_teardown.py
[2025-08-25T12:50:21.853+0000] {processor.py:914} INFO - Processing file /home/airflow/.local/lib/python3.12/site-packages/airflow/example_dags/example_setup_teardown.py for tasks to queue
[2025-08-25T12:50:21.858+0000] {logging_mixin.py:190} INFO - [2025-08-25T12:50:21.857+0000] {dagbag.py:588} INFO - Filling up the DagBag from /home/airflow/.local/lib/python3.12/site-packages/airflow/example_dags/example_setup_teardown.py
[2025-08-25T12:50:21.875+0000] {processor.py:925} INFO - DAG(s) 'example_setup_teardown' retrieved from /home/airflow/.local/lib/python3.12/site-packages/airflow/example_dags/example_setup_teardown.py
[2025-08-25T12:50:21.910+0000] {logging_mixin.py:190} INFO - [2025-08-25T12:50:21.910+0000] {dag.py:3239} INFO - Sync 1 DAGs
[2025-08-25T12:50:21.930+0000] {logging_mixin.py:190} INFO - [2025-08-25T12:50:21.930+0000] {dag.py:4180} INFO - Setting next_dagrun for example_setup_teardown to None, run_after=None
[2025-08-25T12:50:21.963+0000] {processor.py:208} INFO - Processing /home/airflow/.local/lib/python3.12/site-packages/airflow/example_dags/example_setup_teardown.py took 0.124 seconds
[2025-08-25T12:50:52.258+0000] {processor.py:186} INFO - Started process (PID=2010) to work on /home/airflow/.local/lib/python3.12/site-packages/airflow/example_dags/example_setup_teardown.py
[2025-08-25T12:50:52.259+0000] {processor.py:914} INFO - Processing file /home/airflow/.local/lib/python3.12/site-packages/airflow/example_dags/example_setup_teardown.py for tasks to queue
[2025-08-25T12:50:52.262+0000] {logging_mixin.py:190} INFO - [2025-08-25T12:50:52.262+0000] {dagbag.py:588} INFO - Filling up the DagBag from /home/airflow/.local/lib/python3.12/site-packages/airflow/example_dags/example_setup_teardown.py
[2025-08-25T12:50:52.273+0000] {processor.py:925} INFO - DAG(s) 'example_setup_teardown' retrieved from /home/airflow/.local/lib/python3.12/site-packages/airflow/example_dags/example_setup_teardown.py
[2025-08-25T12:50:52.304+0000] {logging_mixin.py:190} INFO - [2025-08-25T12:50:52.304+0000] {dag.py:3239} INFO - Sync 1 DAGs
[2025-08-25T12:50:52.323+0000] {logging_mixin.py:190} INFO - [2025-08-25T12:50:52.323+0000] {dag.py:4180} INFO - Setting next_dagrun for example_setup_teardown to None, run_after=None
[2025-08-25T12:50:52.349+0000] {processor.py:208} INFO - Processing /home/airflow/.local/lib/python3.12/site-packages/airflow/example_dags/example_setup_teardown.py took 0.097 seconds
[2025-08-25T12:51:22.654+0000] {processor.py:186} INFO - Started process (PID=2074) to work on /home/airflow/.local/lib/python3.12/site-packages/airflow/example_dags/example_setup_teardown.py
[2025-08-25T12:51:22.656+0000] {processor.py:914} INFO - Processing file /home/airflow/.local/lib/python3.12/site-packages/airflow/example_dags/example_setup_teardown.py for tasks to queue
[2025-08-25T12:51:22.660+0000] {logging_mixin.py:190} INFO - [2025-08-25T12:51:22.659+0000] {dagbag.py:588} INFO - Filling up the DagBag from /home/airflow/.local/lib/python3.12/site-packages/airflow/example_dags/example_setup_teardown.py
[2025-08-25T12:51:22.677+0000] {processor.py:925} INFO - DAG(s) 'example_setup_teardown' retrieved from /home/airflow/.local/lib/python3.12/site-packages/airflow/example_dags/example_setup_teardown.py
[2025-08-25T12:51:22.721+0000] {logging_mixin.py:190} INFO - [2025-08-25T12:51:22.721+0000] {dag.py:3239} INFO - Sync 1 DAGs
[2025-08-25T12:51:22.752+0000] {logging_mixin.py:190} INFO - [2025-08-25T12:51:22.751+0000] {dag.py:4180} INFO - Setting next_dagrun for example_setup_teardown to None, run_after=None
[2025-08-25T12:51:22.792+0000] {processor.py:208} INFO - Processing /home/airflow/.local/lib/python3.12/site-packages/airflow/example_dags/example_setup_teardown.py took 0.148 seconds
[2025-08-25T12:51:53.538+0000] {processor.py:186} INFO - Started process (PID=2138) to work on /home/airflow/.local/lib/python3.12/site-packages/airflow/example_dags/example_setup_teardown.py
[2025-08-25T12:51:53.540+0000] {processor.py:914} INFO - Processing file /home/airflow/.local/lib/python3.12/site-packages/airflow/example_dags/example_setup_teardown.py for tasks to queue
[2025-08-25T12:51:53.546+0000] {logging_mixin.py:190} INFO - [2025-08-25T12:51:53.545+0000] {dagbag.py:588} INFO - Filling up the DagBag from /home/airflow/.local/lib/python3.12/site-packages/airflow/example_dags/example_setup_teardown.py
[2025-08-25T12:51:53.569+0000] {processor.py:925} INFO - DAG(s) 'example_setup_teardown' retrieved from /home/airflow/.local/lib/python3.12/site-packages/airflow/example_dags/example_setup_teardown.py
[2025-08-25T12:51:53.621+0000] {logging_mixin.py:190} INFO - [2025-08-25T12:51:53.620+0000] {dag.py:3239} INFO - Sync 1 DAGs
[2025-08-25T12:51:53.658+0000] {logging_mixin.py:190} INFO - [2025-08-25T12:51:53.658+0000] {dag.py:4180} INFO - Setting next_dagrun for example_setup_teardown to None, run_after=None
[2025-08-25T12:51:53.704+0000] {processor.py:208} INFO - Processing /home/airflow/.local/lib/python3.12/site-packages/airflow/example_dags/example_setup_teardown.py took 0.184 seconds
[2025-08-25T12:52:24.307+0000] {processor.py:186} INFO - Started process (PID=2202) to work on /home/airflow/.local/lib/python3.12/site-packages/airflow/example_dags/example_setup_teardown.py
[2025-08-25T12:52:24.308+0000] {processor.py:914} INFO - Processing file /home/airflow/.local/lib/python3.12/site-packages/airflow/example_dags/example_setup_teardown.py for tasks to queue
[2025-08-25T12:52:24.310+0000] {logging_mixin.py:190} INFO - [2025-08-25T12:52:24.310+0000] {dagbag.py:588} INFO - Filling up the DagBag from /home/airflow/.local/lib/python3.12/site-packages/airflow/example_dags/example_setup_teardown.py
[2025-08-25T12:52:24.319+0000] {processor.py:925} INFO - DAG(s) 'example_setup_teardown' retrieved from /home/airflow/.local/lib/python3.12/site-packages/airflow/example_dags/example_setup_teardown.py
[2025-08-25T12:52:24.352+0000] {logging_mixin.py:190} INFO - [2025-08-25T12:52:24.352+0000] {dag.py:3239} INFO - Sync 1 DAGs
[2025-08-25T12:52:24.377+0000] {logging_mixin.py:190} INFO - [2025-08-25T12:52:24.376+0000] {dag.py:4180} INFO - Setting next_dagrun for example_setup_teardown to None, run_after=None
[2025-08-25T12:52:24.408+0000] {processor.py:208} INFO - Processing /home/airflow/.local/lib/python3.12/site-packages/airflow/example_dags/example_setup_teardown.py took 0.107 seconds
[2025-08-25T12:52:54.664+0000] {processor.py:186} INFO - Started process (PID=2266) to work on /home/airflow/.local/lib/python3.12/site-packages/airflow/example_dags/example_setup_teardown.py
[2025-08-25T12:52:54.665+0000] {processor.py:914} INFO - Processing file /home/airflow/.local/lib/python3.12/site-packages/airflow/example_dags/example_setup_teardown.py for tasks to queue
[2025-08-25T12:52:54.668+0000] {logging_mixin.py:190} INFO - [2025-08-25T12:52:54.667+0000] {dagbag.py:588} INFO - Filling up the DagBag from /home/airflow/.local/lib/python3.12/site-packages/airflow/example_dags/example_setup_teardown.py
[2025-08-25T12:52:54.677+0000] {processor.py:925} INFO - DAG(s) 'example_setup_teardown' retrieved from /home/airflow/.local/lib/python3.12/site-packages/airflow/example_dags/example_setup_teardown.py
[2025-08-25T12:52:54.708+0000] {logging_mixin.py:190} INFO - [2025-08-25T12:52:54.708+0000] {dag.py:3239} INFO - Sync 1 DAGs
[2025-08-25T12:52:54.729+0000] {logging_mixin.py:190} INFO - [2025-08-25T12:52:54.729+0000] {dag.py:4180} INFO - Setting next_dagrun for example_setup_teardown to None, run_after=None
[2025-08-25T12:52:54.760+0000] {processor.py:208} INFO - Processing /home/airflow/.local/lib/python3.12/site-packages/airflow/example_dags/example_setup_teardown.py took 0.104 seconds
[2025-08-25T12:53:25.548+0000] {processor.py:186} INFO - Started process (PID=2330) to work on /home/airflow/.local/lib/python3.12/site-packages/airflow/example_dags/example_setup_teardown.py
[2025-08-25T12:53:25.549+0000] {processor.py:914} INFO - Processing file /home/airflow/.local/lib/python3.12/site-packages/airflow/example_dags/example_setup_teardown.py for tasks to queue
[2025-08-25T12:53:25.551+0000] {logging_mixin.py:190} INFO - [2025-08-25T12:53:25.551+0000] {dagbag.py:588} INFO - Filling up the DagBag from /home/airflow/.local/lib/python3.12/site-packages/airflow/example_dags/example_setup_teardown.py
[2025-08-25T12:53:25.561+0000] {processor.py:925} INFO - DAG(s) 'example_setup_teardown' retrieved from /home/airflow/.local/lib/python3.12/site-packages/airflow/example_dags/example_setup_teardown.py
[2025-08-25T12:53:25.592+0000] {logging_mixin.py:190} INFO - [2025-08-25T12:53:25.592+0000] {dag.py:3239} INFO - Sync 1 DAGs
[2025-08-25T12:53:25.611+0000] {logging_mixin.py:190} INFO - [2025-08-25T12:53:25.611+0000] {dag.py:4180} INFO - Setting next_dagrun for example_setup_teardown to None, run_after=None
[2025-08-25T12:53:25.640+0000] {processor.py:208} INFO - Processing /home/airflow/.local/lib/python3.12/site-packages/airflow/example_dags/example_setup_teardown.py took 0.100 seconds
[2025-08-25T12:53:56.160+0000] {processor.py:186} INFO - Started process (PID=2394) to work on /home/airflow/.local/lib/python3.12/site-packages/airflow/example_dags/example_setup_teardown.py
[2025-08-25T12:53:56.162+0000] {processor.py:914} INFO - Processing file /home/airflow/.local/lib/python3.12/site-packages/airflow/example_dags/example_setup_teardown.py for tasks to queue
[2025-08-25T12:53:56.166+0000] {logging_mixin.py:190} INFO - [2025-08-25T12:53:56.166+0000] {dagbag.py:588} INFO - Filling up the DagBag from /home/airflow/.local/lib/python3.12/site-packages/airflow/example_dags/example_setup_teardown.py
[2025-08-25T12:53:56.182+0000] {processor.py:925} INFO - DAG(s) 'example_setup_teardown' retrieved from /home/airflow/.local/lib/python3.12/site-packages/airflow/example_dags/example_setup_teardown.py
[2025-08-25T12:53:56.219+0000] {logging_mixin.py:190} INFO - [2025-08-25T12:53:56.218+0000] {dag.py:3239} INFO - Sync 1 DAGs
[2025-08-25T12:53:56.238+0000] {logging_mixin.py:190} INFO - [2025-08-25T12:53:56.238+0000] {dag.py:4180} INFO - Setting next_dagrun for example_setup_teardown to None, run_after=None
[2025-08-25T12:53:56.268+0000] {processor.py:208} INFO - Processing /home/airflow/.local/lib/python3.12/site-packages/airflow/example_dags/example_setup_teardown.py took 0.119 seconds
[2025-08-25T12:54:27.018+0000] {processor.py:186} INFO - Started process (PID=2458) to work on /home/airflow/.local/lib/python3.12/site-packages/airflow/example_dags/example_setup_teardown.py
[2025-08-25T12:54:27.020+0000] {processor.py:914} INFO - Processing file /home/airflow/.local/lib/python3.12/site-packages/airflow/example_dags/example_setup_teardown.py for tasks to queue
[2025-08-25T12:54:27.024+0000] {logging_mixin.py:190} INFO - [2025-08-25T12:54:27.023+0000] {dagbag.py:588} INFO - Filling up the DagBag from /home/airflow/.local/lib/python3.12/site-packages/airflow/example_dags/example_setup_teardown.py
[2025-08-25T12:54:27.037+0000] {processor.py:925} INFO - DAG(s) 'example_setup_teardown' retrieved from /home/airflow/.local/lib/python3.12/site-packages/airflow/example_dags/example_setup_teardown.py
[2025-08-25T12:54:27.080+0000] {logging_mixin.py:190} INFO - [2025-08-25T12:54:27.079+0000] {dag.py:3239} INFO - Sync 1 DAGs
[2025-08-25T12:54:27.110+0000] {logging_mixin.py:190} INFO - [2025-08-25T12:54:27.110+0000] {dag.py:4180} INFO - Setting next_dagrun for example_setup_teardown to None, run_after=None
[2025-08-25T12:54:27.154+0000] {processor.py:208} INFO - Processing /home/airflow/.local/lib/python3.12/site-packages/airflow/example_dags/example_setup_teardown.py took 0.146 seconds
[2025-08-25T12:54:58.125+0000] {processor.py:186} INFO - Started process (PID=2522) to work on /home/airflow/.local/lib/python3.12/site-packages/airflow/example_dags/example_setup_teardown.py
[2025-08-25T12:54:58.127+0000] {processor.py:914} INFO - Processing file /home/airflow/.local/lib/python3.12/site-packages/airflow/example_dags/example_setup_teardown.py for tasks to queue
[2025-08-25T12:54:58.130+0000] {logging_mixin.py:190} INFO - [2025-08-25T12:54:58.129+0000] {dagbag.py:588} INFO - Filling up the DagBag from /home/airflow/.local/lib/python3.12/site-packages/airflow/example_dags/example_setup_teardown.py
[2025-08-25T12:54:58.140+0000] {processor.py:925} INFO - DAG(s) 'example_setup_teardown' retrieved from /home/airflow/.local/lib/python3.12/site-packages/airflow/example_dags/example_setup_teardown.py
[2025-08-25T12:54:58.172+0000] {logging_mixin.py:190} INFO - [2025-08-25T12:54:58.172+0000] {dag.py:3239} INFO - Sync 1 DAGs
[2025-08-25T12:54:58.196+0000] {logging_mixin.py:190} INFO - [2025-08-25T12:54:58.195+0000] {dag.py:4180} INFO - Setting next_dagrun for example_setup_teardown to None, run_after=None
[2025-08-25T12:54:58.222+0000] {processor.py:208} INFO - Processing /home/airflow/.local/lib/python3.12/site-packages/airflow/example_dags/example_setup_teardown.py took 0.105 seconds
[2025-08-25T12:55:28.810+0000] {processor.py:186} INFO - Started process (PID=2586) to work on /home/airflow/.local/lib/python3.12/site-packages/airflow/example_dags/example_setup_teardown.py
[2025-08-25T12:55:28.811+0000] {processor.py:914} INFO - Processing file /home/airflow/.local/lib/python3.12/site-packages/airflow/example_dags/example_setup_teardown.py for tasks to queue
[2025-08-25T12:55:28.815+0000] {logging_mixin.py:190} INFO - [2025-08-25T12:55:28.814+0000] {dagbag.py:588} INFO - Filling up the DagBag from /home/airflow/.local/lib/python3.12/site-packages/airflow/example_dags/example_setup_teardown.py
[2025-08-25T12:55:28.827+0000] {processor.py:925} INFO - DAG(s) 'example_setup_teardown' retrieved from /home/airflow/.local/lib/python3.12/site-packages/airflow/example_dags/example_setup_teardown.py
[2025-08-25T12:55:28.859+0000] {logging_mixin.py:190} INFO - [2025-08-25T12:55:28.859+0000] {dag.py:3239} INFO - Sync 1 DAGs
[2025-08-25T12:55:28.880+0000] {logging_mixin.py:190} INFO - [2025-08-25T12:55:28.880+0000] {dag.py:4180} INFO - Setting next_dagrun for example_setup_teardown to None, run_after=None
[2025-08-25T12:55:28.907+0000] {processor.py:208} INFO - Processing /home/airflow/.local/lib/python3.12/site-packages/airflow/example_dags/example_setup_teardown.py took 0.107 seconds
[2025-08-25T12:55:59.436+0000] {processor.py:186} INFO - Started process (PID=2650) to work on /home/airflow/.local/lib/python3.12/site-packages/airflow/example_dags/example_setup_teardown.py
[2025-08-25T12:55:59.437+0000] {processor.py:914} INFO - Processing file /home/airflow/.local/lib/python3.12/site-packages/airflow/example_dags/example_setup_teardown.py for tasks to queue
[2025-08-25T12:55:59.440+0000] {logging_mixin.py:190} INFO - [2025-08-25T12:55:59.439+0000] {dagbag.py:588} INFO - Filling up the DagBag from /home/airflow/.local/lib/python3.12/site-packages/airflow/example_dags/example_setup_teardown.py
[2025-08-25T12:55:59.448+0000] {processor.py:925} INFO - DAG(s) 'example_setup_teardown' retrieved from /home/airflow/.local/lib/python3.12/site-packages/airflow/example_dags/example_setup_teardown.py
[2025-08-25T12:55:59.475+0000] {logging_mixin.py:190} INFO - [2025-08-25T12:55:59.474+0000] {dag.py:3239} INFO - Sync 1 DAGs
[2025-08-25T12:55:59.492+0000] {logging_mixin.py:190} INFO - [2025-08-25T12:55:59.491+0000] {dag.py:4180} INFO - Setting next_dagrun for example_setup_teardown to None, run_after=None
[2025-08-25T12:55:59.514+0000] {processor.py:208} INFO - Processing /home/airflow/.local/lib/python3.12/site-packages/airflow/example_dags/example_setup_teardown.py took 0.085 seconds
[2025-08-25T12:56:30.589+0000] {processor.py:186} INFO - Started process (PID=2720) to work on /home/airflow/.local/lib/python3.12/site-packages/airflow/example_dags/example_setup_teardown.py
[2025-08-25T12:56:30.590+0000] {processor.py:914} INFO - Processing file /home/airflow/.local/lib/python3.12/site-packages/airflow/example_dags/example_setup_teardown.py for tasks to queue
[2025-08-25T12:56:30.593+0000] {logging_mixin.py:190} INFO - [2025-08-25T12:56:30.592+0000] {dagbag.py:588} INFO - Filling up the DagBag from /home/airflow/.local/lib/python3.12/site-packages/airflow/example_dags/example_setup_teardown.py
[2025-08-25T12:56:30.603+0000] {processor.py:925} INFO - DAG(s) 'example_setup_teardown' retrieved from /home/airflow/.local/lib/python3.12/site-packages/airflow/example_dags/example_setup_teardown.py
[2025-08-25T12:56:30.627+0000] {logging_mixin.py:190} INFO - [2025-08-25T12:56:30.627+0000] {dag.py:3239} INFO - Sync 1 DAGs
[2025-08-25T12:56:30.641+0000] {logging_mixin.py:190} INFO - [2025-08-25T12:56:30.641+0000] {dag.py:4180} INFO - Setting next_dagrun for example_setup_teardown to None, run_after=None
[2025-08-25T12:56:30.663+0000] {processor.py:208} INFO - Processing /home/airflow/.local/lib/python3.12/site-packages/airflow/example_dags/example_setup_teardown.py took 0.081 seconds
[2025-08-25T12:57:01.667+0000] {processor.py:186} INFO - Started process (PID=2784) to work on /home/airflow/.local/lib/python3.12/site-packages/airflow/example_dags/example_setup_teardown.py
[2025-08-25T12:57:01.668+0000] {processor.py:914} INFO - Processing file /home/airflow/.local/lib/python3.12/site-packages/airflow/example_dags/example_setup_teardown.py for tasks to queue
[2025-08-25T12:57:01.670+0000] {logging_mixin.py:190} INFO - [2025-08-25T12:57:01.670+0000] {dagbag.py:588} INFO - Filling up the DagBag from /home/airflow/.local/lib/python3.12/site-packages/airflow/example_dags/example_setup_teardown.py
[2025-08-25T12:57:01.680+0000] {processor.py:925} INFO - DAG(s) 'example_setup_teardown' retrieved from /home/airflow/.local/lib/python3.12/site-packages/airflow/example_dags/example_setup_teardown.py
[2025-08-25T12:57:01.712+0000] {logging_mixin.py:190} INFO - [2025-08-25T12:57:01.712+0000] {dag.py:3239} INFO - Sync 1 DAGs
[2025-08-25T12:57:01.733+0000] {logging_mixin.py:190} INFO - [2025-08-25T12:57:01.733+0000] {dag.py:4180} INFO - Setting next_dagrun for example_setup_teardown to None, run_after=None
[2025-08-25T12:57:01.759+0000] {processor.py:208} INFO - Processing /home/airflow/.local/lib/python3.12/site-packages/airflow/example_dags/example_setup_teardown.py took 0.101 seconds
