[2025-08-25T12:35:31.240+0000] {processor.py:186} INFO - Started process (PID=77) to work on /home/airflow/.local/lib/python3.12/site-packages/airflow/example_dags/example_latest_only.py
[2025-08-25T12:35:31.241+0000] {processor.py:914} INFO - Processing file /home/airflow/.local/lib/python3.12/site-packages/airflow/example_dags/example_latest_only.py for tasks to queue
[2025-08-25T12:35:31.243+0000] {logging_mixin.py:190} INFO - [2025-08-25T12:35:31.243+0000] {dagbag.py:588} INFO - Filling up the DagBag from /home/airflow/.local/lib/python3.12/site-packages/airflow/example_dags/example_latest_only.py
[2025-08-25T12:35:31.256+0000] {processor.py:925} INFO - DAG(s) 'latest_only' retrieved from /home/airflow/.local/lib/python3.12/site-packages/airflow/example_dags/example_latest_only.py
[2025-08-25T12:35:31.499+0000] {logging_mixin.py:190} INFO - [2025-08-25T12:35:31.497+0000] {override.py:1900} INFO - Created Permission View: can read on DAG:latest_only
[2025-08-25T12:35:31.528+0000] {logging_mixin.py:190} INFO - [2025-08-25T12:35:31.528+0000] {override.py:1900} INFO - Created Permission View: can delete on DAG:latest_only
[2025-08-25T12:35:31.543+0000] {logging_mixin.py:190} INFO - [2025-08-25T12:35:31.542+0000] {override.py:1900} INFO - Created Permission View: can edit on DAG:latest_only
[2025-08-25T12:35:31.555+0000] {logging_mixin.py:190} INFO - [2025-08-25T12:35:31.554+0000] {override.py:1900} INFO - Created Permission View: can read on DAG Run:latest_only
[2025-08-25T12:35:31.566+0000] {logging_mixin.py:190} INFO - [2025-08-25T12:35:31.565+0000] {override.py:1900} INFO - Created Permission View: menu access on DAG Run:latest_only
[2025-08-25T12:35:31.577+0000] {logging_mixin.py:190} INFO - [2025-08-25T12:35:31.576+0000] {override.py:1900} INFO - Created Permission View: can delete on DAG Run:latest_only
[2025-08-25T12:35:31.588+0000] {logging_mixin.py:190} INFO - [2025-08-25T12:35:31.588+0000] {override.py:1900} INFO - Created Permission View: can create on DAG Run:latest_only
[2025-08-25T12:35:31.589+0000] {logging_mixin.py:190} INFO - [2025-08-25T12:35:31.589+0000] {dag.py:3239} INFO - Sync 1 DAGs
[2025-08-25T12:35:31.607+0000] {logging_mixin.py:190} INFO - [2025-08-25T12:35:31.607+0000] {dag.py:3262} INFO - Creating ORM DAG for latest_only
[2025-08-25T12:35:31.617+0000] {logging_mixin.py:190} INFO - [2025-08-25T12:35:31.617+0000] {dag.py:4180} INFO - Setting next_dagrun for latest_only to 2025-08-25 08:00:00+00:00, run_after=2025-08-25 12:00:00+00:00
[2025-08-25T12:35:31.641+0000] {processor.py:208} INFO - Processing /home/airflow/.local/lib/python3.12/site-packages/airflow/example_dags/example_latest_only.py took 0.407 seconds
[2025-08-25T12:36:01.781+0000] {processor.py:186} INFO - Started process (PID=140) to work on /home/airflow/.local/lib/python3.12/site-packages/airflow/example_dags/example_latest_only.py
[2025-08-25T12:36:01.782+0000] {processor.py:914} INFO - Processing file /home/airflow/.local/lib/python3.12/site-packages/airflow/example_dags/example_latest_only.py for tasks to queue
[2025-08-25T12:36:01.784+0000] {logging_mixin.py:190} INFO - [2025-08-25T12:36:01.784+0000] {dagbag.py:588} INFO - Filling up the DagBag from /home/airflow/.local/lib/python3.12/site-packages/airflow/example_dags/example_latest_only.py
[2025-08-25T12:36:01.791+0000] {processor.py:925} INFO - DAG(s) 'latest_only' retrieved from /home/airflow/.local/lib/python3.12/site-packages/airflow/example_dags/example_latest_only.py
[2025-08-25T12:36:01.819+0000] {logging_mixin.py:190} INFO - [2025-08-25T12:36:01.818+0000] {dag.py:3239} INFO - Sync 1 DAGs
[2025-08-25T12:36:01.854+0000] {logging_mixin.py:190} INFO - [2025-08-25T12:36:01.854+0000] {dag.py:4180} INFO - Setting next_dagrun for latest_only to 2025-08-25 08:00:00+00:00, run_after=2025-08-25 12:00:00+00:00
[2025-08-25T12:36:01.879+0000] {processor.py:208} INFO - Processing /home/airflow/.local/lib/python3.12/site-packages/airflow/example_dags/example_latest_only.py took 0.104 seconds
[2025-08-25T12:36:32.504+0000] {processor.py:186} INFO - Started process (PID=204) to work on /home/airflow/.local/lib/python3.12/site-packages/airflow/example_dags/example_latest_only.py
[2025-08-25T12:36:32.505+0000] {processor.py:914} INFO - Processing file /home/airflow/.local/lib/python3.12/site-packages/airflow/example_dags/example_latest_only.py for tasks to queue
[2025-08-25T12:36:32.508+0000] {logging_mixin.py:190} INFO - [2025-08-25T12:36:32.507+0000] {dagbag.py:588} INFO - Filling up the DagBag from /home/airflow/.local/lib/python3.12/site-packages/airflow/example_dags/example_latest_only.py
[2025-08-25T12:36:32.516+0000] {processor.py:925} INFO - DAG(s) 'latest_only' retrieved from /home/airflow/.local/lib/python3.12/site-packages/airflow/example_dags/example_latest_only.py
[2025-08-25T12:36:32.537+0000] {logging_mixin.py:190} INFO - [2025-08-25T12:36:32.536+0000] {dag.py:3239} INFO - Sync 1 DAGs
[2025-08-25T12:36:32.568+0000] {logging_mixin.py:190} INFO - [2025-08-25T12:36:32.568+0000] {dag.py:4180} INFO - Setting next_dagrun for latest_only to 2025-08-25 08:00:00+00:00, run_after=2025-08-25 12:00:00+00:00
[2025-08-25T12:36:32.596+0000] {processor.py:208} INFO - Processing /home/airflow/.local/lib/python3.12/site-packages/airflow/example_dags/example_latest_only.py took 0.100 seconds
[2025-08-25T12:37:03.378+0000] {processor.py:186} INFO - Started process (PID=268) to work on /home/airflow/.local/lib/python3.12/site-packages/airflow/example_dags/example_latest_only.py
[2025-08-25T12:37:03.379+0000] {processor.py:914} INFO - Processing file /home/airflow/.local/lib/python3.12/site-packages/airflow/example_dags/example_latest_only.py for tasks to queue
[2025-08-25T12:37:03.381+0000] {logging_mixin.py:190} INFO - [2025-08-25T12:37:03.381+0000] {dagbag.py:588} INFO - Filling up the DagBag from /home/airflow/.local/lib/python3.12/site-packages/airflow/example_dags/example_latest_only.py
[2025-08-25T12:37:03.389+0000] {processor.py:925} INFO - DAG(s) 'latest_only' retrieved from /home/airflow/.local/lib/python3.12/site-packages/airflow/example_dags/example_latest_only.py
[2025-08-25T12:37:03.414+0000] {logging_mixin.py:190} INFO - [2025-08-25T12:37:03.414+0000] {dag.py:3239} INFO - Sync 1 DAGs
[2025-08-25T12:37:03.444+0000] {logging_mixin.py:190} INFO - [2025-08-25T12:37:03.444+0000] {dag.py:4180} INFO - Setting next_dagrun for latest_only to 2025-08-25 08:00:00+00:00, run_after=2025-08-25 12:00:00+00:00
[2025-08-25T12:37:03.466+0000] {processor.py:208} INFO - Processing /home/airflow/.local/lib/python3.12/site-packages/airflow/example_dags/example_latest_only.py took 0.096 seconds
[2025-08-25T12:37:34.307+0000] {processor.py:186} INFO - Started process (PID=332) to work on /home/airflow/.local/lib/python3.12/site-packages/airflow/example_dags/example_latest_only.py
[2025-08-25T12:37:34.308+0000] {processor.py:914} INFO - Processing file /home/airflow/.local/lib/python3.12/site-packages/airflow/example_dags/example_latest_only.py for tasks to queue
[2025-08-25T12:37:34.311+0000] {logging_mixin.py:190} INFO - [2025-08-25T12:37:34.310+0000] {dagbag.py:588} INFO - Filling up the DagBag from /home/airflow/.local/lib/python3.12/site-packages/airflow/example_dags/example_latest_only.py
[2025-08-25T12:37:34.318+0000] {processor.py:925} INFO - DAG(s) 'latest_only' retrieved from /home/airflow/.local/lib/python3.12/site-packages/airflow/example_dags/example_latest_only.py
[2025-08-25T12:37:34.347+0000] {logging_mixin.py:190} INFO - [2025-08-25T12:37:34.346+0000] {dag.py:3239} INFO - Sync 1 DAGs
[2025-08-25T12:37:34.375+0000] {logging_mixin.py:190} INFO - [2025-08-25T12:37:34.375+0000] {dag.py:4180} INFO - Setting next_dagrun for latest_only to 2025-08-25 08:00:00+00:00, run_after=2025-08-25 12:00:00+00:00
[2025-08-25T12:37:34.398+0000] {processor.py:208} INFO - Processing /home/airflow/.local/lib/python3.12/site-packages/airflow/example_dags/example_latest_only.py took 0.099 seconds
[2025-08-25T12:38:05.375+0000] {processor.py:186} INFO - Started process (PID=396) to work on /home/airflow/.local/lib/python3.12/site-packages/airflow/example_dags/example_latest_only.py
[2025-08-25T12:38:05.376+0000] {processor.py:914} INFO - Processing file /home/airflow/.local/lib/python3.12/site-packages/airflow/example_dags/example_latest_only.py for tasks to queue
[2025-08-25T12:38:05.378+0000] {logging_mixin.py:190} INFO - [2025-08-25T12:38:05.378+0000] {dagbag.py:588} INFO - Filling up the DagBag from /home/airflow/.local/lib/python3.12/site-packages/airflow/example_dags/example_latest_only.py
[2025-08-25T12:38:05.386+0000] {processor.py:925} INFO - DAG(s) 'latest_only' retrieved from /home/airflow/.local/lib/python3.12/site-packages/airflow/example_dags/example_latest_only.py
[2025-08-25T12:38:05.422+0000] {logging_mixin.py:190} INFO - [2025-08-25T12:38:05.422+0000] {dag.py:3239} INFO - Sync 1 DAGs
[2025-08-25T12:38:05.459+0000] {logging_mixin.py:190} INFO - [2025-08-25T12:38:05.458+0000] {dag.py:4180} INFO - Setting next_dagrun for latest_only to 2025-08-25 08:00:00+00:00, run_after=2025-08-25 12:00:00+00:00
[2025-08-25T12:38:05.491+0000] {processor.py:208} INFO - Processing /home/airflow/.local/lib/python3.12/site-packages/airflow/example_dags/example_latest_only.py took 0.123 seconds
[2025-08-25T12:38:36.115+0000] {processor.py:186} INFO - Started process (PID=460) to work on /home/airflow/.local/lib/python3.12/site-packages/airflow/example_dags/example_latest_only.py
[2025-08-25T12:38:36.116+0000] {processor.py:914} INFO - Processing file /home/airflow/.local/lib/python3.12/site-packages/airflow/example_dags/example_latest_only.py for tasks to queue
[2025-08-25T12:38:36.121+0000] {logging_mixin.py:190} INFO - [2025-08-25T12:38:36.120+0000] {dagbag.py:588} INFO - Filling up the DagBag from /home/airflow/.local/lib/python3.12/site-packages/airflow/example_dags/example_latest_only.py
[2025-08-25T12:38:36.135+0000] {processor.py:925} INFO - DAG(s) 'latest_only' retrieved from /home/airflow/.local/lib/python3.12/site-packages/airflow/example_dags/example_latest_only.py
[2025-08-25T12:38:36.171+0000] {logging_mixin.py:190} INFO - [2025-08-25T12:38:36.171+0000] {dag.py:3239} INFO - Sync 1 DAGs
[2025-08-25T12:38:36.213+0000] {logging_mixin.py:190} INFO - [2025-08-25T12:38:36.213+0000] {dag.py:4180} INFO - Setting next_dagrun for latest_only to 2025-08-25 08:00:00+00:00, run_after=2025-08-25 12:00:00+00:00
[2025-08-25T12:38:36.244+0000] {processor.py:208} INFO - Processing /home/airflow/.local/lib/python3.12/site-packages/airflow/example_dags/example_latest_only.py took 0.140 seconds
[2025-08-25T12:39:06.637+0000] {processor.py:186} INFO - Started process (PID=524) to work on /home/airflow/.local/lib/python3.12/site-packages/airflow/example_dags/example_latest_only.py
[2025-08-25T12:39:06.638+0000] {processor.py:914} INFO - Processing file /home/airflow/.local/lib/python3.12/site-packages/airflow/example_dags/example_latest_only.py for tasks to queue
[2025-08-25T12:39:06.641+0000] {logging_mixin.py:190} INFO - [2025-08-25T12:39:06.641+0000] {dagbag.py:588} INFO - Filling up the DagBag from /home/airflow/.local/lib/python3.12/site-packages/airflow/example_dags/example_latest_only.py
[2025-08-25T12:39:06.650+0000] {processor.py:925} INFO - DAG(s) 'latest_only' retrieved from /home/airflow/.local/lib/python3.12/site-packages/airflow/example_dags/example_latest_only.py
[2025-08-25T12:39:06.679+0000] {logging_mixin.py:190} INFO - [2025-08-25T12:39:06.679+0000] {dag.py:3239} INFO - Sync 1 DAGs
[2025-08-25T12:39:06.712+0000] {logging_mixin.py:190} INFO - [2025-08-25T12:39:06.712+0000] {dag.py:4180} INFO - Setting next_dagrun for latest_only to 2025-08-25 08:00:00+00:00, run_after=2025-08-25 12:00:00+00:00
[2025-08-25T12:39:06.738+0000] {processor.py:208} INFO - Processing /home/airflow/.local/lib/python3.12/site-packages/airflow/example_dags/example_latest_only.py took 0.110 seconds
[2025-08-25T12:39:37.016+0000] {processor.py:186} INFO - Started process (PID=588) to work on /home/airflow/.local/lib/python3.12/site-packages/airflow/example_dags/example_latest_only.py
[2025-08-25T12:39:37.018+0000] {processor.py:914} INFO - Processing file /home/airflow/.local/lib/python3.12/site-packages/airflow/example_dags/example_latest_only.py for tasks to queue
[2025-08-25T12:39:37.021+0000] {logging_mixin.py:190} INFO - [2025-08-25T12:39:37.020+0000] {dagbag.py:588} INFO - Filling up the DagBag from /home/airflow/.local/lib/python3.12/site-packages/airflow/example_dags/example_latest_only.py
[2025-08-25T12:39:37.029+0000] {processor.py:925} INFO - DAG(s) 'latest_only' retrieved from /home/airflow/.local/lib/python3.12/site-packages/airflow/example_dags/example_latest_only.py
[2025-08-25T12:39:37.055+0000] {logging_mixin.py:190} INFO - [2025-08-25T12:39:37.055+0000] {dag.py:3239} INFO - Sync 1 DAGs
[2025-08-25T12:39:37.083+0000] {logging_mixin.py:190} INFO - [2025-08-25T12:39:37.082+0000] {dag.py:4180} INFO - Setting next_dagrun for latest_only to 2025-08-25 08:00:00+00:00, run_after=2025-08-25 12:00:00+00:00
[2025-08-25T12:39:37.105+0000] {processor.py:208} INFO - Processing /home/airflow/.local/lib/python3.12/site-packages/airflow/example_dags/example_latest_only.py took 0.098 seconds
[2025-08-25T12:40:07.389+0000] {processor.py:186} INFO - Started process (PID=652) to work on /home/airflow/.local/lib/python3.12/site-packages/airflow/example_dags/example_latest_only.py
[2025-08-25T12:40:07.390+0000] {processor.py:914} INFO - Processing file /home/airflow/.local/lib/python3.12/site-packages/airflow/example_dags/example_latest_only.py for tasks to queue
[2025-08-25T12:40:07.392+0000] {logging_mixin.py:190} INFO - [2025-08-25T12:40:07.392+0000] {dagbag.py:588} INFO - Filling up the DagBag from /home/airflow/.local/lib/python3.12/site-packages/airflow/example_dags/example_latest_only.py
[2025-08-25T12:40:07.400+0000] {processor.py:925} INFO - DAG(s) 'latest_only' retrieved from /home/airflow/.local/lib/python3.12/site-packages/airflow/example_dags/example_latest_only.py
[2025-08-25T12:40:07.426+0000] {logging_mixin.py:190} INFO - [2025-08-25T12:40:07.426+0000] {dag.py:3239} INFO - Sync 1 DAGs
[2025-08-25T12:40:07.452+0000] {logging_mixin.py:190} INFO - [2025-08-25T12:40:07.452+0000] {dag.py:4180} INFO - Setting next_dagrun for latest_only to 2025-08-25 08:00:00+00:00, run_after=2025-08-25 12:00:00+00:00
[2025-08-25T12:40:07.474+0000] {processor.py:208} INFO - Processing /home/airflow/.local/lib/python3.12/site-packages/airflow/example_dags/example_latest_only.py took 0.092 seconds
[2025-08-25T12:40:37.917+0000] {processor.py:186} INFO - Started process (PID=716) to work on /home/airflow/.local/lib/python3.12/site-packages/airflow/example_dags/example_latest_only.py
[2025-08-25T12:40:37.918+0000] {processor.py:914} INFO - Processing file /home/airflow/.local/lib/python3.12/site-packages/airflow/example_dags/example_latest_only.py for tasks to queue
[2025-08-25T12:40:37.921+0000] {logging_mixin.py:190} INFO - [2025-08-25T12:40:37.920+0000] {dagbag.py:588} INFO - Filling up the DagBag from /home/airflow/.local/lib/python3.12/site-packages/airflow/example_dags/example_latest_only.py
[2025-08-25T12:40:37.932+0000] {processor.py:925} INFO - DAG(s) 'latest_only' retrieved from /home/airflow/.local/lib/python3.12/site-packages/airflow/example_dags/example_latest_only.py
[2025-08-25T12:40:37.965+0000] {logging_mixin.py:190} INFO - [2025-08-25T12:40:37.965+0000] {dag.py:3239} INFO - Sync 1 DAGs
[2025-08-25T12:40:38.003+0000] {logging_mixin.py:190} INFO - [2025-08-25T12:40:38.003+0000] {dag.py:4180} INFO - Setting next_dagrun for latest_only to 2025-08-25 08:00:00+00:00, run_after=2025-08-25 12:00:00+00:00
[2025-08-25T12:40:38.031+0000] {processor.py:208} INFO - Processing /home/airflow/.local/lib/python3.12/site-packages/airflow/example_dags/example_latest_only.py took 0.123 seconds
[2025-08-25T12:41:09.140+0000] {processor.py:186} INFO - Started process (PID=784) to work on /home/airflow/.local/lib/python3.12/site-packages/airflow/example_dags/example_latest_only.py
[2025-08-25T12:41:09.143+0000] {processor.py:914} INFO - Processing file /home/airflow/.local/lib/python3.12/site-packages/airflow/example_dags/example_latest_only.py for tasks to queue
[2025-08-25T12:41:09.148+0000] {logging_mixin.py:190} INFO - [2025-08-25T12:41:09.148+0000] {dagbag.py:588} INFO - Filling up the DagBag from /home/airflow/.local/lib/python3.12/site-packages/airflow/example_dags/example_latest_only.py
[2025-08-25T12:41:09.162+0000] {processor.py:925} INFO - DAG(s) 'latest_only' retrieved from /home/airflow/.local/lib/python3.12/site-packages/airflow/example_dags/example_latest_only.py
[2025-08-25T12:41:09.206+0000] {logging_mixin.py:190} INFO - [2025-08-25T12:41:09.205+0000] {dag.py:3239} INFO - Sync 1 DAGs
[2025-08-25T12:41:09.260+0000] {logging_mixin.py:190} INFO - [2025-08-25T12:41:09.259+0000] {dag.py:4180} INFO - Setting next_dagrun for latest_only to 2025-08-25 08:00:00+00:00, run_after=2025-08-25 12:00:00+00:00
[2025-08-25T12:41:09.300+0000] {processor.py:208} INFO - Processing /home/airflow/.local/lib/python3.12/site-packages/airflow/example_dags/example_latest_only.py took 0.174 seconds
[2025-08-25T12:41:39.631+0000] {processor.py:186} INFO - Started process (PID=848) to work on /home/airflow/.local/lib/python3.12/site-packages/airflow/example_dags/example_latest_only.py
[2025-08-25T12:41:39.633+0000] {processor.py:914} INFO - Processing file /home/airflow/.local/lib/python3.12/site-packages/airflow/example_dags/example_latest_only.py for tasks to queue
[2025-08-25T12:41:39.637+0000] {logging_mixin.py:190} INFO - [2025-08-25T12:41:39.636+0000] {dagbag.py:588} INFO - Filling up the DagBag from /home/airflow/.local/lib/python3.12/site-packages/airflow/example_dags/example_latest_only.py
[2025-08-25T12:41:39.650+0000] {processor.py:925} INFO - DAG(s) 'latest_only' retrieved from /home/airflow/.local/lib/python3.12/site-packages/airflow/example_dags/example_latest_only.py
[2025-08-25T12:41:39.685+0000] {logging_mixin.py:190} INFO - [2025-08-25T12:41:39.685+0000] {dag.py:3239} INFO - Sync 1 DAGs
[2025-08-25T12:41:39.734+0000] {logging_mixin.py:190} INFO - [2025-08-25T12:41:39.734+0000] {dag.py:4180} INFO - Setting next_dagrun for latest_only to 2025-08-25 08:00:00+00:00, run_after=2025-08-25 12:00:00+00:00
[2025-08-25T12:41:39.770+0000] {processor.py:208} INFO - Processing /home/airflow/.local/lib/python3.12/site-packages/airflow/example_dags/example_latest_only.py took 0.150 seconds
[2025-08-25T12:42:10.164+0000] {processor.py:186} INFO - Started process (PID=912) to work on /home/airflow/.local/lib/python3.12/site-packages/airflow/example_dags/example_latest_only.py
[2025-08-25T12:42:10.166+0000] {processor.py:914} INFO - Processing file /home/airflow/.local/lib/python3.12/site-packages/airflow/example_dags/example_latest_only.py for tasks to queue
[2025-08-25T12:42:10.168+0000] {logging_mixin.py:190} INFO - [2025-08-25T12:42:10.168+0000] {dagbag.py:588} INFO - Filling up the DagBag from /home/airflow/.local/lib/python3.12/site-packages/airflow/example_dags/example_latest_only.py
[2025-08-25T12:42:10.180+0000] {processor.py:925} INFO - DAG(s) 'latest_only' retrieved from /home/airflow/.local/lib/python3.12/site-packages/airflow/example_dags/example_latest_only.py
[2025-08-25T12:42:10.217+0000] {logging_mixin.py:190} INFO - [2025-08-25T12:42:10.217+0000] {dag.py:3239} INFO - Sync 1 DAGs
[2025-08-25T12:42:10.254+0000] {logging_mixin.py:190} INFO - [2025-08-25T12:42:10.254+0000] {dag.py:4180} INFO - Setting next_dagrun for latest_only to 2025-08-25 08:00:00+00:00, run_after=2025-08-25 12:00:00+00:00
[2025-08-25T12:42:10.283+0000] {processor.py:208} INFO - Processing /home/airflow/.local/lib/python3.12/site-packages/airflow/example_dags/example_latest_only.py took 0.129 seconds
[2025-08-25T12:42:41.048+0000] {processor.py:186} INFO - Started process (PID=976) to work on /home/airflow/.local/lib/python3.12/site-packages/airflow/example_dags/example_latest_only.py
[2025-08-25T12:42:41.049+0000] {processor.py:914} INFO - Processing file /home/airflow/.local/lib/python3.12/site-packages/airflow/example_dags/example_latest_only.py for tasks to queue
[2025-08-25T12:42:41.052+0000] {logging_mixin.py:190} INFO - [2025-08-25T12:42:41.051+0000] {dagbag.py:588} INFO - Filling up the DagBag from /home/airflow/.local/lib/python3.12/site-packages/airflow/example_dags/example_latest_only.py
[2025-08-25T12:42:41.061+0000] {processor.py:925} INFO - DAG(s) 'latest_only' retrieved from /home/airflow/.local/lib/python3.12/site-packages/airflow/example_dags/example_latest_only.py
[2025-08-25T12:42:41.097+0000] {logging_mixin.py:190} INFO - [2025-08-25T12:42:41.096+0000] {dag.py:3239} INFO - Sync 1 DAGs
[2025-08-25T12:42:41.129+0000] {logging_mixin.py:190} INFO - [2025-08-25T12:42:41.129+0000] {dag.py:4180} INFO - Setting next_dagrun for latest_only to 2025-08-25 08:00:00+00:00, run_after=2025-08-25 12:00:00+00:00
[2025-08-25T12:42:41.156+0000] {processor.py:208} INFO - Processing /home/airflow/.local/lib/python3.12/site-packages/airflow/example_dags/example_latest_only.py took 0.116 seconds
[2025-08-25T12:43:11.650+0000] {processor.py:186} INFO - Started process (PID=1040) to work on /home/airflow/.local/lib/python3.12/site-packages/airflow/example_dags/example_latest_only.py
[2025-08-25T12:43:11.651+0000] {processor.py:914} INFO - Processing file /home/airflow/.local/lib/python3.12/site-packages/airflow/example_dags/example_latest_only.py for tasks to queue
[2025-08-25T12:43:11.653+0000] {logging_mixin.py:190} INFO - [2025-08-25T12:43:11.653+0000] {dagbag.py:588} INFO - Filling up the DagBag from /home/airflow/.local/lib/python3.12/site-packages/airflow/example_dags/example_latest_only.py
[2025-08-25T12:43:11.660+0000] {processor.py:925} INFO - DAG(s) 'latest_only' retrieved from /home/airflow/.local/lib/python3.12/site-packages/airflow/example_dags/example_latest_only.py
[2025-08-25T12:43:11.694+0000] {logging_mixin.py:190} INFO - [2025-08-25T12:43:11.694+0000] {dag.py:3239} INFO - Sync 1 DAGs
[2025-08-25T12:43:11.728+0000] {logging_mixin.py:190} INFO - [2025-08-25T12:43:11.728+0000] {dag.py:4180} INFO - Setting next_dagrun for latest_only to 2025-08-25 08:00:00+00:00, run_after=2025-08-25 12:00:00+00:00
[2025-08-25T12:43:11.755+0000] {processor.py:208} INFO - Processing /home/airflow/.local/lib/python3.12/site-packages/airflow/example_dags/example_latest_only.py took 0.113 seconds
[2025-08-25T12:43:42.631+0000] {processor.py:186} INFO - Started process (PID=1104) to work on /home/airflow/.local/lib/python3.12/site-packages/airflow/example_dags/example_latest_only.py
[2025-08-25T12:43:42.634+0000] {processor.py:914} INFO - Processing file /home/airflow/.local/lib/python3.12/site-packages/airflow/example_dags/example_latest_only.py for tasks to queue
[2025-08-25T12:43:42.640+0000] {logging_mixin.py:190} INFO - [2025-08-25T12:43:42.639+0000] {dagbag.py:588} INFO - Filling up the DagBag from /home/airflow/.local/lib/python3.12/site-packages/airflow/example_dags/example_latest_only.py
[2025-08-25T12:43:42.653+0000] {processor.py:925} INFO - DAG(s) 'latest_only' retrieved from /home/airflow/.local/lib/python3.12/site-packages/airflow/example_dags/example_latest_only.py
[2025-08-25T12:43:42.702+0000] {logging_mixin.py:190} INFO - [2025-08-25T12:43:42.701+0000] {dag.py:3239} INFO - Sync 1 DAGs
[2025-08-25T12:43:42.755+0000] {logging_mixin.py:190} INFO - [2025-08-25T12:43:42.755+0000] {dag.py:4180} INFO - Setting next_dagrun for latest_only to 2025-08-25 08:00:00+00:00, run_after=2025-08-25 12:00:00+00:00
[2025-08-25T12:43:42.806+0000] {processor.py:208} INFO - Processing /home/airflow/.local/lib/python3.12/site-packages/airflow/example_dags/example_latest_only.py took 0.189 seconds
[2025-08-25T12:44:13.170+0000] {processor.py:186} INFO - Started process (PID=1168) to work on /home/airflow/.local/lib/python3.12/site-packages/airflow/example_dags/example_latest_only.py
[2025-08-25T12:44:13.171+0000] {processor.py:914} INFO - Processing file /home/airflow/.local/lib/python3.12/site-packages/airflow/example_dags/example_latest_only.py for tasks to queue
[2025-08-25T12:44:13.173+0000] {logging_mixin.py:190} INFO - [2025-08-25T12:44:13.173+0000] {dagbag.py:588} INFO - Filling up the DagBag from /home/airflow/.local/lib/python3.12/site-packages/airflow/example_dags/example_latest_only.py
[2025-08-25T12:44:13.181+0000] {processor.py:925} INFO - DAG(s) 'latest_only' retrieved from /home/airflow/.local/lib/python3.12/site-packages/airflow/example_dags/example_latest_only.py
[2025-08-25T12:44:13.213+0000] {logging_mixin.py:190} INFO - [2025-08-25T12:44:13.212+0000] {dag.py:3239} INFO - Sync 1 DAGs
[2025-08-25T12:44:13.248+0000] {logging_mixin.py:190} INFO - [2025-08-25T12:44:13.248+0000] {dag.py:4180} INFO - Setting next_dagrun for latest_only to 2025-08-25 08:00:00+00:00, run_after=2025-08-25 12:00:00+00:00
[2025-08-25T12:44:13.269+0000] {processor.py:208} INFO - Processing /home/airflow/.local/lib/python3.12/site-packages/airflow/example_dags/example_latest_only.py took 0.105 seconds
[2025-08-25T12:44:43.337+0000] {processor.py:186} INFO - Started process (PID=1232) to work on /home/airflow/.local/lib/python3.12/site-packages/airflow/example_dags/example_latest_only.py
[2025-08-25T12:44:43.338+0000] {processor.py:914} INFO - Processing file /home/airflow/.local/lib/python3.12/site-packages/airflow/example_dags/example_latest_only.py for tasks to queue
[2025-08-25T12:44:43.341+0000] {logging_mixin.py:190} INFO - [2025-08-25T12:44:43.340+0000] {dagbag.py:588} INFO - Filling up the DagBag from /home/airflow/.local/lib/python3.12/site-packages/airflow/example_dags/example_latest_only.py
[2025-08-25T12:44:43.349+0000] {processor.py:925} INFO - DAG(s) 'latest_only' retrieved from /home/airflow/.local/lib/python3.12/site-packages/airflow/example_dags/example_latest_only.py
[2025-08-25T12:44:43.377+0000] {logging_mixin.py:190} INFO - [2025-08-25T12:44:43.377+0000] {dag.py:3239} INFO - Sync 1 DAGs
[2025-08-25T12:44:43.409+0000] {logging_mixin.py:190} INFO - [2025-08-25T12:44:43.408+0000] {dag.py:4180} INFO - Setting next_dagrun for latest_only to 2025-08-25 08:00:00+00:00, run_after=2025-08-25 12:00:00+00:00
[2025-08-25T12:44:43.434+0000] {processor.py:208} INFO - Processing /home/airflow/.local/lib/python3.12/site-packages/airflow/example_dags/example_latest_only.py took 0.104 seconds
[2025-08-25T12:45:14.117+0000] {processor.py:186} INFO - Started process (PID=1296) to work on /home/airflow/.local/lib/python3.12/site-packages/airflow/example_dags/example_latest_only.py
[2025-08-25T12:45:14.118+0000] {processor.py:914} INFO - Processing file /home/airflow/.local/lib/python3.12/site-packages/airflow/example_dags/example_latest_only.py for tasks to queue
[2025-08-25T12:45:14.121+0000] {logging_mixin.py:190} INFO - [2025-08-25T12:45:14.121+0000] {dagbag.py:588} INFO - Filling up the DagBag from /home/airflow/.local/lib/python3.12/site-packages/airflow/example_dags/example_latest_only.py
[2025-08-25T12:45:14.129+0000] {processor.py:925} INFO - DAG(s) 'latest_only' retrieved from /home/airflow/.local/lib/python3.12/site-packages/airflow/example_dags/example_latest_only.py
[2025-08-25T12:45:14.155+0000] {logging_mixin.py:190} INFO - [2025-08-25T12:45:14.155+0000] {dag.py:3239} INFO - Sync 1 DAGs
[2025-08-25T12:45:14.190+0000] {logging_mixin.py:190} INFO - [2025-08-25T12:45:14.190+0000] {dag.py:4180} INFO - Setting next_dagrun for latest_only to 2025-08-25 08:00:00+00:00, run_after=2025-08-25 12:00:00+00:00
[2025-08-25T12:45:14.219+0000] {processor.py:208} INFO - Processing /home/airflow/.local/lib/python3.12/site-packages/airflow/example_dags/example_latest_only.py took 0.109 seconds
[2025-08-25T12:45:44.601+0000] {processor.py:186} INFO - Started process (PID=1360) to work on /home/airflow/.local/lib/python3.12/site-packages/airflow/example_dags/example_latest_only.py
[2025-08-25T12:45:44.602+0000] {processor.py:914} INFO - Processing file /home/airflow/.local/lib/python3.12/site-packages/airflow/example_dags/example_latest_only.py for tasks to queue
[2025-08-25T12:45:44.606+0000] {logging_mixin.py:190} INFO - [2025-08-25T12:45:44.605+0000] {dagbag.py:588} INFO - Filling up the DagBag from /home/airflow/.local/lib/python3.12/site-packages/airflow/example_dags/example_latest_only.py
[2025-08-25T12:45:44.617+0000] {processor.py:925} INFO - DAG(s) 'latest_only' retrieved from /home/airflow/.local/lib/python3.12/site-packages/airflow/example_dags/example_latest_only.py
[2025-08-25T12:45:44.648+0000] {logging_mixin.py:190} INFO - [2025-08-25T12:45:44.648+0000] {dag.py:3239} INFO - Sync 1 DAGs
[2025-08-25T12:45:44.681+0000] {logging_mixin.py:190} INFO - [2025-08-25T12:45:44.680+0000] {dag.py:4180} INFO - Setting next_dagrun for latest_only to 2025-08-25 08:00:00+00:00, run_after=2025-08-25 12:00:00+00:00
[2025-08-25T12:45:44.707+0000] {processor.py:208} INFO - Processing /home/airflow/.local/lib/python3.12/site-packages/airflow/example_dags/example_latest_only.py took 0.115 seconds
[2025-08-25T12:46:14.818+0000] {processor.py:186} INFO - Started process (PID=1424) to work on /home/airflow/.local/lib/python3.12/site-packages/airflow/example_dags/example_latest_only.py
[2025-08-25T12:46:14.819+0000] {processor.py:914} INFO - Processing file /home/airflow/.local/lib/python3.12/site-packages/airflow/example_dags/example_latest_only.py for tasks to queue
[2025-08-25T12:46:14.822+0000] {logging_mixin.py:190} INFO - [2025-08-25T12:46:14.822+0000] {dagbag.py:588} INFO - Filling up the DagBag from /home/airflow/.local/lib/python3.12/site-packages/airflow/example_dags/example_latest_only.py
[2025-08-25T12:46:14.830+0000] {processor.py:925} INFO - DAG(s) 'latest_only' retrieved from /home/airflow/.local/lib/python3.12/site-packages/airflow/example_dags/example_latest_only.py
[2025-08-25T12:46:14.855+0000] {logging_mixin.py:190} INFO - [2025-08-25T12:46:14.855+0000] {dag.py:3239} INFO - Sync 1 DAGs
[2025-08-25T12:46:14.891+0000] {logging_mixin.py:190} INFO - [2025-08-25T12:46:14.890+0000] {dag.py:4180} INFO - Setting next_dagrun for latest_only to 2025-08-25 08:00:00+00:00, run_after=2025-08-25 12:00:00+00:00
[2025-08-25T12:46:14.918+0000] {processor.py:208} INFO - Processing /home/airflow/.local/lib/python3.12/site-packages/airflow/example_dags/example_latest_only.py took 0.108 seconds
[2025-08-25T12:46:45.792+0000] {processor.py:186} INFO - Started process (PID=1488) to work on /home/airflow/.local/lib/python3.12/site-packages/airflow/example_dags/example_latest_only.py
[2025-08-25T12:46:45.793+0000] {processor.py:914} INFO - Processing file /home/airflow/.local/lib/python3.12/site-packages/airflow/example_dags/example_latest_only.py for tasks to queue
[2025-08-25T12:46:45.796+0000] {logging_mixin.py:190} INFO - [2025-08-25T12:46:45.795+0000] {dagbag.py:588} INFO - Filling up the DagBag from /home/airflow/.local/lib/python3.12/site-packages/airflow/example_dags/example_latest_only.py
[2025-08-25T12:46:45.804+0000] {processor.py:925} INFO - DAG(s) 'latest_only' retrieved from /home/airflow/.local/lib/python3.12/site-packages/airflow/example_dags/example_latest_only.py
[2025-08-25T12:46:45.828+0000] {logging_mixin.py:190} INFO - [2025-08-25T12:46:45.827+0000] {dag.py:3239} INFO - Sync 1 DAGs
[2025-08-25T12:46:45.855+0000] {logging_mixin.py:190} INFO - [2025-08-25T12:46:45.855+0000] {dag.py:4180} INFO - Setting next_dagrun for latest_only to 2025-08-25 08:00:00+00:00, run_after=2025-08-25 12:00:00+00:00
[2025-08-25T12:46:45.873+0000] {processor.py:208} INFO - Processing /home/airflow/.local/lib/python3.12/site-packages/airflow/example_dags/example_latest_only.py took 0.090 seconds
[2025-08-25T12:47:16.196+0000] {processor.py:186} INFO - Started process (PID=1552) to work on /home/airflow/.local/lib/python3.12/site-packages/airflow/example_dags/example_latest_only.py
[2025-08-25T12:47:16.198+0000] {processor.py:914} INFO - Processing file /home/airflow/.local/lib/python3.12/site-packages/airflow/example_dags/example_latest_only.py for tasks to queue
[2025-08-25T12:47:16.201+0000] {logging_mixin.py:190} INFO - [2025-08-25T12:47:16.200+0000] {dagbag.py:588} INFO - Filling up the DagBag from /home/airflow/.local/lib/python3.12/site-packages/airflow/example_dags/example_latest_only.py
[2025-08-25T12:47:16.209+0000] {processor.py:925} INFO - DAG(s) 'latest_only' retrieved from /home/airflow/.local/lib/python3.12/site-packages/airflow/example_dags/example_latest_only.py
[2025-08-25T12:47:16.239+0000] {logging_mixin.py:190} INFO - [2025-08-25T12:47:16.239+0000] {dag.py:3239} INFO - Sync 1 DAGs
[2025-08-25T12:47:16.274+0000] {logging_mixin.py:190} INFO - [2025-08-25T12:47:16.273+0000] {dag.py:4180} INFO - Setting next_dagrun for latest_only to 2025-08-25 08:00:00+00:00, run_after=2025-08-25 12:00:00+00:00
[2025-08-25T12:47:16.304+0000] {processor.py:208} INFO - Processing /home/airflow/.local/lib/python3.12/site-packages/airflow/example_dags/example_latest_only.py took 0.117 seconds
[2025-08-25T12:47:46.790+0000] {processor.py:186} INFO - Started process (PID=1616) to work on /home/airflow/.local/lib/python3.12/site-packages/airflow/example_dags/example_latest_only.py
[2025-08-25T12:47:46.791+0000] {processor.py:914} INFO - Processing file /home/airflow/.local/lib/python3.12/site-packages/airflow/example_dags/example_latest_only.py for tasks to queue
[2025-08-25T12:47:46.795+0000] {logging_mixin.py:190} INFO - [2025-08-25T12:47:46.794+0000] {dagbag.py:588} INFO - Filling up the DagBag from /home/airflow/.local/lib/python3.12/site-packages/airflow/example_dags/example_latest_only.py
[2025-08-25T12:47:46.806+0000] {processor.py:925} INFO - DAG(s) 'latest_only' retrieved from /home/airflow/.local/lib/python3.12/site-packages/airflow/example_dags/example_latest_only.py
[2025-08-25T12:47:46.835+0000] {logging_mixin.py:190} INFO - [2025-08-25T12:47:46.835+0000] {dag.py:3239} INFO - Sync 1 DAGs
[2025-08-25T12:47:46.871+0000] {logging_mixin.py:190} INFO - [2025-08-25T12:47:46.871+0000] {dag.py:4180} INFO - Setting next_dagrun for latest_only to 2025-08-25 08:00:00+00:00, run_after=2025-08-25 12:00:00+00:00
[2025-08-25T12:47:46.906+0000] {processor.py:208} INFO - Processing /home/airflow/.local/lib/python3.12/site-packages/airflow/example_dags/example_latest_only.py took 0.126 seconds
[2025-08-25T12:48:17.313+0000] {processor.py:186} INFO - Started process (PID=1680) to work on /home/airflow/.local/lib/python3.12/site-packages/airflow/example_dags/example_latest_only.py
[2025-08-25T12:48:17.315+0000] {processor.py:914} INFO - Processing file /home/airflow/.local/lib/python3.12/site-packages/airflow/example_dags/example_latest_only.py for tasks to queue
[2025-08-25T12:48:17.319+0000] {logging_mixin.py:190} INFO - [2025-08-25T12:48:17.318+0000] {dagbag.py:588} INFO - Filling up the DagBag from /home/airflow/.local/lib/python3.12/site-packages/airflow/example_dags/example_latest_only.py
[2025-08-25T12:48:17.330+0000] {processor.py:925} INFO - DAG(s) 'latest_only' retrieved from /home/airflow/.local/lib/python3.12/site-packages/airflow/example_dags/example_latest_only.py
[2025-08-25T12:48:17.362+0000] {logging_mixin.py:190} INFO - [2025-08-25T12:48:17.362+0000] {dag.py:3239} INFO - Sync 1 DAGs
[2025-08-25T12:48:17.392+0000] {logging_mixin.py:190} INFO - [2025-08-25T12:48:17.392+0000] {dag.py:4180} INFO - Setting next_dagrun for latest_only to 2025-08-25 08:00:00+00:00, run_after=2025-08-25 12:00:00+00:00
[2025-08-25T12:48:17.411+0000] {processor.py:208} INFO - Processing /home/airflow/.local/lib/python3.12/site-packages/airflow/example_dags/example_latest_only.py took 0.107 seconds
[2025-08-25T12:48:47.846+0000] {processor.py:186} INFO - Started process (PID=1744) to work on /home/airflow/.local/lib/python3.12/site-packages/airflow/example_dags/example_latest_only.py
[2025-08-25T12:48:47.848+0000] {processor.py:914} INFO - Processing file /home/airflow/.local/lib/python3.12/site-packages/airflow/example_dags/example_latest_only.py for tasks to queue
[2025-08-25T12:48:47.851+0000] {logging_mixin.py:190} INFO - [2025-08-25T12:48:47.850+0000] {dagbag.py:588} INFO - Filling up the DagBag from /home/airflow/.local/lib/python3.12/site-packages/airflow/example_dags/example_latest_only.py
[2025-08-25T12:48:47.859+0000] {processor.py:925} INFO - DAG(s) 'latest_only' retrieved from /home/airflow/.local/lib/python3.12/site-packages/airflow/example_dags/example_latest_only.py
[2025-08-25T12:48:47.886+0000] {logging_mixin.py:190} INFO - [2025-08-25T12:48:47.886+0000] {dag.py:3239} INFO - Sync 1 DAGs
[2025-08-25T12:48:47.918+0000] {logging_mixin.py:190} INFO - [2025-08-25T12:48:47.917+0000] {dag.py:4180} INFO - Setting next_dagrun for latest_only to 2025-08-25 08:00:00+00:00, run_after=2025-08-25 12:00:00+00:00
[2025-08-25T12:48:47.946+0000] {processor.py:208} INFO - Processing /home/airflow/.local/lib/python3.12/site-packages/airflow/example_dags/example_latest_only.py took 0.108 seconds
[2025-08-25T12:49:18.009+0000] {processor.py:186} INFO - Started process (PID=1808) to work on /home/airflow/.local/lib/python3.12/site-packages/airflow/example_dags/example_latest_only.py
[2025-08-25T12:49:18.010+0000] {processor.py:914} INFO - Processing file /home/airflow/.local/lib/python3.12/site-packages/airflow/example_dags/example_latest_only.py for tasks to queue
[2025-08-25T12:49:18.012+0000] {logging_mixin.py:190} INFO - [2025-08-25T12:49:18.012+0000] {dagbag.py:588} INFO - Filling up the DagBag from /home/airflow/.local/lib/python3.12/site-packages/airflow/example_dags/example_latest_only.py
[2025-08-25T12:49:18.019+0000] {processor.py:925} INFO - DAG(s) 'latest_only' retrieved from /home/airflow/.local/lib/python3.12/site-packages/airflow/example_dags/example_latest_only.py
[2025-08-25T12:49:18.053+0000] {logging_mixin.py:190} INFO - [2025-08-25T12:49:18.052+0000] {dag.py:3239} INFO - Sync 1 DAGs
[2025-08-25T12:49:18.086+0000] {logging_mixin.py:190} INFO - [2025-08-25T12:49:18.085+0000] {dag.py:4180} INFO - Setting next_dagrun for latest_only to 2025-08-25 08:00:00+00:00, run_after=2025-08-25 12:00:00+00:00
[2025-08-25T12:49:18.124+0000] {processor.py:208} INFO - Processing /home/airflow/.local/lib/python3.12/site-packages/airflow/example_dags/example_latest_only.py took 0.120 seconds
[2025-08-25T12:49:48.906+0000] {processor.py:186} INFO - Started process (PID=1872) to work on /home/airflow/.local/lib/python3.12/site-packages/airflow/example_dags/example_latest_only.py
[2025-08-25T12:49:48.907+0000] {processor.py:914} INFO - Processing file /home/airflow/.local/lib/python3.12/site-packages/airflow/example_dags/example_latest_only.py for tasks to queue
[2025-08-25T12:49:48.911+0000] {logging_mixin.py:190} INFO - [2025-08-25T12:49:48.910+0000] {dagbag.py:588} INFO - Filling up the DagBag from /home/airflow/.local/lib/python3.12/site-packages/airflow/example_dags/example_latest_only.py
[2025-08-25T12:49:48.919+0000] {processor.py:925} INFO - DAG(s) 'latest_only' retrieved from /home/airflow/.local/lib/python3.12/site-packages/airflow/example_dags/example_latest_only.py
[2025-08-25T12:49:48.950+0000] {logging_mixin.py:190} INFO - [2025-08-25T12:49:48.949+0000] {dag.py:3239} INFO - Sync 1 DAGs
[2025-08-25T12:49:48.986+0000] {logging_mixin.py:190} INFO - [2025-08-25T12:49:48.985+0000] {dag.py:4180} INFO - Setting next_dagrun for latest_only to 2025-08-25 08:00:00+00:00, run_after=2025-08-25 12:00:00+00:00
[2025-08-25T12:49:49.018+0000] {processor.py:208} INFO - Processing /home/airflow/.local/lib/python3.12/site-packages/airflow/example_dags/example_latest_only.py took 0.120 seconds
[2025-08-25T12:50:19.769+0000] {processor.py:186} INFO - Started process (PID=1936) to work on /home/airflow/.local/lib/python3.12/site-packages/airflow/example_dags/example_latest_only.py
[2025-08-25T12:50:19.770+0000] {processor.py:914} INFO - Processing file /home/airflow/.local/lib/python3.12/site-packages/airflow/example_dags/example_latest_only.py for tasks to queue
[2025-08-25T12:50:19.773+0000] {logging_mixin.py:190} INFO - [2025-08-25T12:50:19.773+0000] {dagbag.py:588} INFO - Filling up the DagBag from /home/airflow/.local/lib/python3.12/site-packages/airflow/example_dags/example_latest_only.py
[2025-08-25T12:50:19.780+0000] {processor.py:925} INFO - DAG(s) 'latest_only' retrieved from /home/airflow/.local/lib/python3.12/site-packages/airflow/example_dags/example_latest_only.py
[2025-08-25T12:50:19.813+0000] {logging_mixin.py:190} INFO - [2025-08-25T12:50:19.812+0000] {dag.py:3239} INFO - Sync 1 DAGs
[2025-08-25T12:50:19.856+0000] {logging_mixin.py:190} INFO - [2025-08-25T12:50:19.856+0000] {dag.py:4180} INFO - Setting next_dagrun for latest_only to 2025-08-25 08:00:00+00:00, run_after=2025-08-25 12:00:00+00:00
[2025-08-25T12:50:19.892+0000] {processor.py:208} INFO - Processing /home/airflow/.local/lib/python3.12/site-packages/airflow/example_dags/example_latest_only.py took 0.129 seconds
[2025-08-25T12:50:50.211+0000] {processor.py:186} INFO - Started process (PID=1999) to work on /home/airflow/.local/lib/python3.12/site-packages/airflow/example_dags/example_latest_only.py
[2025-08-25T12:50:50.212+0000] {processor.py:914} INFO - Processing file /home/airflow/.local/lib/python3.12/site-packages/airflow/example_dags/example_latest_only.py for tasks to queue
[2025-08-25T12:50:50.215+0000] {logging_mixin.py:190} INFO - [2025-08-25T12:50:50.215+0000] {dagbag.py:588} INFO - Filling up the DagBag from /home/airflow/.local/lib/python3.12/site-packages/airflow/example_dags/example_latest_only.py
[2025-08-25T12:50:50.222+0000] {processor.py:925} INFO - DAG(s) 'latest_only' retrieved from /home/airflow/.local/lib/python3.12/site-packages/airflow/example_dags/example_latest_only.py
[2025-08-25T12:50:50.248+0000] {logging_mixin.py:190} INFO - [2025-08-25T12:50:50.248+0000] {dag.py:3239} INFO - Sync 1 DAGs
[2025-08-25T12:50:50.281+0000] {logging_mixin.py:190} INFO - [2025-08-25T12:50:50.280+0000] {dag.py:4180} INFO - Setting next_dagrun for latest_only to 2025-08-25 08:00:00+00:00, run_after=2025-08-25 12:00:00+00:00
[2025-08-25T12:50:50.302+0000] {processor.py:208} INFO - Processing /home/airflow/.local/lib/python3.12/site-packages/airflow/example_dags/example_latest_only.py took 0.098 seconds
[2025-08-25T12:51:21.452+0000] {processor.py:186} INFO - Started process (PID=2064) to work on /home/airflow/.local/lib/python3.12/site-packages/airflow/example_dags/example_latest_only.py
[2025-08-25T12:51:21.455+0000] {processor.py:914} INFO - Processing file /home/airflow/.local/lib/python3.12/site-packages/airflow/example_dags/example_latest_only.py for tasks to queue
[2025-08-25T12:51:21.460+0000] {logging_mixin.py:190} INFO - [2025-08-25T12:51:21.460+0000] {dagbag.py:588} INFO - Filling up the DagBag from /home/airflow/.local/lib/python3.12/site-packages/airflow/example_dags/example_latest_only.py
[2025-08-25T12:51:21.472+0000] {processor.py:925} INFO - DAG(s) 'latest_only' retrieved from /home/airflow/.local/lib/python3.12/site-packages/airflow/example_dags/example_latest_only.py
[2025-08-25T12:51:21.518+0000] {logging_mixin.py:190} INFO - [2025-08-25T12:51:21.517+0000] {dag.py:3239} INFO - Sync 1 DAGs
[2025-08-25T12:51:21.581+0000] {logging_mixin.py:190} INFO - [2025-08-25T12:51:21.581+0000] {dag.py:4180} INFO - Setting next_dagrun for latest_only to 2025-08-25 08:00:00+00:00, run_after=2025-08-25 12:00:00+00:00
[2025-08-25T12:51:21.620+0000] {processor.py:208} INFO - Processing /home/airflow/.local/lib/python3.12/site-packages/airflow/example_dags/example_latest_only.py took 0.178 seconds
[2025-08-25T12:51:52.180+0000] {processor.py:186} INFO - Started process (PID=2128) to work on /home/airflow/.local/lib/python3.12/site-packages/airflow/example_dags/example_latest_only.py
[2025-08-25T12:51:52.183+0000] {processor.py:914} INFO - Processing file /home/airflow/.local/lib/python3.12/site-packages/airflow/example_dags/example_latest_only.py for tasks to queue
[2025-08-25T12:51:52.189+0000] {logging_mixin.py:190} INFO - [2025-08-25T12:51:52.188+0000] {dagbag.py:588} INFO - Filling up the DagBag from /home/airflow/.local/lib/python3.12/site-packages/airflow/example_dags/example_latest_only.py
[2025-08-25T12:51:52.200+0000] {processor.py:925} INFO - DAG(s) 'latest_only' retrieved from /home/airflow/.local/lib/python3.12/site-packages/airflow/example_dags/example_latest_only.py
[2025-08-25T12:51:52.247+0000] {logging_mixin.py:190} INFO - [2025-08-25T12:51:52.246+0000] {dag.py:3239} INFO - Sync 1 DAGs
[2025-08-25T12:51:52.302+0000] {logging_mixin.py:190} INFO - [2025-08-25T12:51:52.301+0000] {dag.py:4180} INFO - Setting next_dagrun for latest_only to 2025-08-25 08:00:00+00:00, run_after=2025-08-25 12:00:00+00:00
[2025-08-25T12:51:52.351+0000] {processor.py:208} INFO - Processing /home/airflow/.local/lib/python3.12/site-packages/airflow/example_dags/example_latest_only.py took 0.186 seconds
[2025-08-25T12:52:22.968+0000] {processor.py:186} INFO - Started process (PID=2192) to work on /home/airflow/.local/lib/python3.12/site-packages/airflow/example_dags/example_latest_only.py
[2025-08-25T12:52:22.970+0000] {processor.py:914} INFO - Processing file /home/airflow/.local/lib/python3.12/site-packages/airflow/example_dags/example_latest_only.py for tasks to queue
[2025-08-25T12:52:22.974+0000] {logging_mixin.py:190} INFO - [2025-08-25T12:52:22.973+0000] {dagbag.py:588} INFO - Filling up the DagBag from /home/airflow/.local/lib/python3.12/site-packages/airflow/example_dags/example_latest_only.py
[2025-08-25T12:52:22.982+0000] {processor.py:925} INFO - DAG(s) 'latest_only' retrieved from /home/airflow/.local/lib/python3.12/site-packages/airflow/example_dags/example_latest_only.py
[2025-08-25T12:52:23.011+0000] {logging_mixin.py:190} INFO - [2025-08-25T12:52:23.010+0000] {dag.py:3239} INFO - Sync 1 DAGs
[2025-08-25T12:52:23.049+0000] {logging_mixin.py:190} INFO - [2025-08-25T12:52:23.049+0000] {dag.py:4180} INFO - Setting next_dagrun for latest_only to 2025-08-25 08:00:00+00:00, run_after=2025-08-25 12:00:00+00:00
[2025-08-25T12:52:23.078+0000] {processor.py:208} INFO - Processing /home/airflow/.local/lib/python3.12/site-packages/airflow/example_dags/example_latest_only.py took 0.120 seconds
[2025-08-25T12:52:53.178+0000] {processor.py:186} INFO - Started process (PID=2255) to work on /home/airflow/.local/lib/python3.12/site-packages/airflow/example_dags/example_latest_only.py
[2025-08-25T12:52:53.179+0000] {processor.py:914} INFO - Processing file /home/airflow/.local/lib/python3.12/site-packages/airflow/example_dags/example_latest_only.py for tasks to queue
[2025-08-25T12:52:53.184+0000] {logging_mixin.py:190} INFO - [2025-08-25T12:52:53.183+0000] {dagbag.py:588} INFO - Filling up the DagBag from /home/airflow/.local/lib/python3.12/site-packages/airflow/example_dags/example_latest_only.py
[2025-08-25T12:52:53.197+0000] {processor.py:925} INFO - DAG(s) 'latest_only' retrieved from /home/airflow/.local/lib/python3.12/site-packages/airflow/example_dags/example_latest_only.py
[2025-08-25T12:52:53.247+0000] {logging_mixin.py:190} INFO - [2025-08-25T12:52:53.246+0000] {dag.py:3239} INFO - Sync 1 DAGs
[2025-08-25T12:52:53.309+0000] {logging_mixin.py:190} INFO - [2025-08-25T12:52:53.309+0000] {dag.py:4180} INFO - Setting next_dagrun for latest_only to 2025-08-25 08:00:00+00:00, run_after=2025-08-25 12:00:00+00:00
[2025-08-25T12:52:53.344+0000] {processor.py:208} INFO - Processing /home/airflow/.local/lib/python3.12/site-packages/airflow/example_dags/example_latest_only.py took 0.176 seconds
[2025-08-25T12:53:23.429+0000] {processor.py:186} INFO - Started process (PID=2319) to work on /home/airflow/.local/lib/python3.12/site-packages/airflow/example_dags/example_latest_only.py
[2025-08-25T12:53:23.430+0000] {processor.py:914} INFO - Processing file /home/airflow/.local/lib/python3.12/site-packages/airflow/example_dags/example_latest_only.py for tasks to queue
[2025-08-25T12:53:23.433+0000] {logging_mixin.py:190} INFO - [2025-08-25T12:53:23.433+0000] {dagbag.py:588} INFO - Filling up the DagBag from /home/airflow/.local/lib/python3.12/site-packages/airflow/example_dags/example_latest_only.py
[2025-08-25T12:53:23.440+0000] {processor.py:925} INFO - DAG(s) 'latest_only' retrieved from /home/airflow/.local/lib/python3.12/site-packages/airflow/example_dags/example_latest_only.py
[2025-08-25T12:53:23.472+0000] {logging_mixin.py:190} INFO - [2025-08-25T12:53:23.471+0000] {dag.py:3239} INFO - Sync 1 DAGs
[2025-08-25T12:53:23.502+0000] {logging_mixin.py:190} INFO - [2025-08-25T12:53:23.502+0000] {dag.py:4180} INFO - Setting next_dagrun for latest_only to 2025-08-25 08:00:00+00:00, run_after=2025-08-25 12:00:00+00:00
[2025-08-25T12:53:23.528+0000] {processor.py:208} INFO - Processing /home/airflow/.local/lib/python3.12/site-packages/airflow/example_dags/example_latest_only.py took 0.106 seconds
[2025-08-25T12:53:54.059+0000] {processor.py:186} INFO - Started process (PID=2383) to work on /home/airflow/.local/lib/python3.12/site-packages/airflow/example_dags/example_latest_only.py
[2025-08-25T12:53:54.060+0000] {processor.py:914} INFO - Processing file /home/airflow/.local/lib/python3.12/site-packages/airflow/example_dags/example_latest_only.py for tasks to queue
[2025-08-25T12:53:54.063+0000] {logging_mixin.py:190} INFO - [2025-08-25T12:53:54.063+0000] {dagbag.py:588} INFO - Filling up the DagBag from /home/airflow/.local/lib/python3.12/site-packages/airflow/example_dags/example_latest_only.py
[2025-08-25T12:53:54.071+0000] {processor.py:925} INFO - DAG(s) 'latest_only' retrieved from /home/airflow/.local/lib/python3.12/site-packages/airflow/example_dags/example_latest_only.py
[2025-08-25T12:53:54.096+0000] {logging_mixin.py:190} INFO - [2025-08-25T12:53:54.096+0000] {dag.py:3239} INFO - Sync 1 DAGs
[2025-08-25T12:53:54.130+0000] {logging_mixin.py:190} INFO - [2025-08-25T12:53:54.130+0000] {dag.py:4180} INFO - Setting next_dagrun for latest_only to 2025-08-25 08:00:00+00:00, run_after=2025-08-25 12:00:00+00:00
[2025-08-25T12:53:54.157+0000] {processor.py:208} INFO - Processing /home/airflow/.local/lib/python3.12/site-packages/airflow/example_dags/example_latest_only.py took 0.106 seconds
[2025-08-25T12:54:24.960+0000] {processor.py:186} INFO - Started process (PID=2447) to work on /home/airflow/.local/lib/python3.12/site-packages/airflow/example_dags/example_latest_only.py
[2025-08-25T12:54:24.961+0000] {processor.py:914} INFO - Processing file /home/airflow/.local/lib/python3.12/site-packages/airflow/example_dags/example_latest_only.py for tasks to queue
[2025-08-25T12:54:24.965+0000] {logging_mixin.py:190} INFO - [2025-08-25T12:54:24.964+0000] {dagbag.py:588} INFO - Filling up the DagBag from /home/airflow/.local/lib/python3.12/site-packages/airflow/example_dags/example_latest_only.py
[2025-08-25T12:54:24.973+0000] {processor.py:925} INFO - DAG(s) 'latest_only' retrieved from /home/airflow/.local/lib/python3.12/site-packages/airflow/example_dags/example_latest_only.py
[2025-08-25T12:54:24.999+0000] {logging_mixin.py:190} INFO - [2025-08-25T12:54:24.999+0000] {dag.py:3239} INFO - Sync 1 DAGs
[2025-08-25T12:54:25.028+0000] {logging_mixin.py:190} INFO - [2025-08-25T12:54:25.027+0000] {dag.py:4180} INFO - Setting next_dagrun for latest_only to 2025-08-25 08:00:00+00:00, run_after=2025-08-25 12:00:00+00:00
[2025-08-25T12:54:25.052+0000] {processor.py:208} INFO - Processing /home/airflow/.local/lib/python3.12/site-packages/airflow/example_dags/example_latest_only.py took 0.101 seconds
[2025-08-25T12:54:55.812+0000] {processor.py:186} INFO - Started process (PID=2511) to work on /home/airflow/.local/lib/python3.12/site-packages/airflow/example_dags/example_latest_only.py
[2025-08-25T12:54:55.813+0000] {processor.py:914} INFO - Processing file /home/airflow/.local/lib/python3.12/site-packages/airflow/example_dags/example_latest_only.py for tasks to queue
[2025-08-25T12:54:55.818+0000] {logging_mixin.py:190} INFO - [2025-08-25T12:54:55.817+0000] {dagbag.py:588} INFO - Filling up the DagBag from /home/airflow/.local/lib/python3.12/site-packages/airflow/example_dags/example_latest_only.py
[2025-08-25T12:54:55.825+0000] {processor.py:925} INFO - DAG(s) 'latest_only' retrieved from /home/airflow/.local/lib/python3.12/site-packages/airflow/example_dags/example_latest_only.py
[2025-08-25T12:54:55.853+0000] {logging_mixin.py:190} INFO - [2025-08-25T12:54:55.853+0000] {dag.py:3239} INFO - Sync 1 DAGs
[2025-08-25T12:54:55.882+0000] {logging_mixin.py:190} INFO - [2025-08-25T12:54:55.881+0000] {dag.py:4180} INFO - Setting next_dagrun for latest_only to 2025-08-25 08:00:00+00:00, run_after=2025-08-25 12:00:00+00:00
[2025-08-25T12:54:55.908+0000] {processor.py:208} INFO - Processing /home/airflow/.local/lib/python3.12/site-packages/airflow/example_dags/example_latest_only.py took 0.103 seconds
[2025-08-25T12:55:26.705+0000] {processor.py:186} INFO - Started process (PID=2575) to work on /home/airflow/.local/lib/python3.12/site-packages/airflow/example_dags/example_latest_only.py
[2025-08-25T12:55:26.706+0000] {processor.py:914} INFO - Processing file /home/airflow/.local/lib/python3.12/site-packages/airflow/example_dags/example_latest_only.py for tasks to queue
[2025-08-25T12:55:26.709+0000] {logging_mixin.py:190} INFO - [2025-08-25T12:55:26.708+0000] {dagbag.py:588} INFO - Filling up the DagBag from /home/airflow/.local/lib/python3.12/site-packages/airflow/example_dags/example_latest_only.py
[2025-08-25T12:55:26.717+0000] {processor.py:925} INFO - DAG(s) 'latest_only' retrieved from /home/airflow/.local/lib/python3.12/site-packages/airflow/example_dags/example_latest_only.py
[2025-08-25T12:55:26.743+0000] {logging_mixin.py:190} INFO - [2025-08-25T12:55:26.742+0000] {dag.py:3239} INFO - Sync 1 DAGs
[2025-08-25T12:55:26.769+0000] {logging_mixin.py:190} INFO - [2025-08-25T12:55:26.769+0000] {dag.py:4180} INFO - Setting next_dagrun for latest_only to 2025-08-25 08:00:00+00:00, run_after=2025-08-25 12:00:00+00:00
[2025-08-25T12:55:26.795+0000] {processor.py:208} INFO - Processing /home/airflow/.local/lib/python3.12/site-packages/airflow/example_dags/example_latest_only.py took 0.098 seconds
[2025-08-25T12:55:57.269+0000] {processor.py:186} INFO - Started process (PID=2639) to work on /home/airflow/.local/lib/python3.12/site-packages/airflow/example_dags/example_latest_only.py
[2025-08-25T12:55:57.270+0000] {processor.py:914} INFO - Processing file /home/airflow/.local/lib/python3.12/site-packages/airflow/example_dags/example_latest_only.py for tasks to queue
[2025-08-25T12:55:57.273+0000] {logging_mixin.py:190} INFO - [2025-08-25T12:55:57.273+0000] {dagbag.py:588} INFO - Filling up the DagBag from /home/airflow/.local/lib/python3.12/site-packages/airflow/example_dags/example_latest_only.py
[2025-08-25T12:55:57.281+0000] {processor.py:925} INFO - DAG(s) 'latest_only' retrieved from /home/airflow/.local/lib/python3.12/site-packages/airflow/example_dags/example_latest_only.py
[2025-08-25T12:55:57.309+0000] {logging_mixin.py:190} INFO - [2025-08-25T12:55:57.309+0000] {dag.py:3239} INFO - Sync 1 DAGs
[2025-08-25T12:55:57.336+0000] {logging_mixin.py:190} INFO - [2025-08-25T12:55:57.336+0000] {dag.py:4180} INFO - Setting next_dagrun for latest_only to 2025-08-25 08:00:00+00:00, run_after=2025-08-25 12:00:00+00:00
[2025-08-25T12:55:57.359+0000] {processor.py:208} INFO - Processing /home/airflow/.local/lib/python3.12/site-packages/airflow/example_dags/example_latest_only.py took 0.097 seconds
[2025-08-25T12:56:27.511+0000] {processor.py:186} INFO - Started process (PID=2703) to work on /home/airflow/.local/lib/python3.12/site-packages/airflow/example_dags/example_latest_only.py
[2025-08-25T12:56:27.512+0000] {processor.py:914} INFO - Processing file /home/airflow/.local/lib/python3.12/site-packages/airflow/example_dags/example_latest_only.py for tasks to queue
[2025-08-25T12:56:27.515+0000] {logging_mixin.py:190} INFO - [2025-08-25T12:56:27.514+0000] {dagbag.py:588} INFO - Filling up the DagBag from /home/airflow/.local/lib/python3.12/site-packages/airflow/example_dags/example_latest_only.py
[2025-08-25T12:56:27.522+0000] {processor.py:925} INFO - DAG(s) 'latest_only' retrieved from /home/airflow/.local/lib/python3.12/site-packages/airflow/example_dags/example_latest_only.py
[2025-08-25T12:56:27.549+0000] {logging_mixin.py:190} INFO - [2025-08-25T12:56:27.548+0000] {dag.py:3239} INFO - Sync 1 DAGs
[2025-08-25T12:56:27.576+0000] {logging_mixin.py:190} INFO - [2025-08-25T12:56:27.575+0000] {dag.py:4180} INFO - Setting next_dagrun for latest_only to 2025-08-25 08:00:00+00:00, run_after=2025-08-25 12:00:00+00:00
[2025-08-25T12:56:27.599+0000] {processor.py:208} INFO - Processing /home/airflow/.local/lib/python3.12/site-packages/airflow/example_dags/example_latest_only.py took 0.095 seconds
[2025-08-25T12:56:58.488+0000] {processor.py:186} INFO - Started process (PID=2767) to work on /home/airflow/.local/lib/python3.12/site-packages/airflow/example_dags/example_latest_only.py
[2025-08-25T12:56:58.489+0000] {processor.py:914} INFO - Processing file /home/airflow/.local/lib/python3.12/site-packages/airflow/example_dags/example_latest_only.py for tasks to queue
[2025-08-25T12:56:58.492+0000] {logging_mixin.py:190} INFO - [2025-08-25T12:56:58.492+0000] {dagbag.py:588} INFO - Filling up the DagBag from /home/airflow/.local/lib/python3.12/site-packages/airflow/example_dags/example_latest_only.py
[2025-08-25T12:56:58.500+0000] {processor.py:925} INFO - DAG(s) 'latest_only' retrieved from /home/airflow/.local/lib/python3.12/site-packages/airflow/example_dags/example_latest_only.py
[2025-08-25T12:56:58.525+0000] {logging_mixin.py:190} INFO - [2025-08-25T12:56:58.525+0000] {dag.py:3239} INFO - Sync 1 DAGs
[2025-08-25T12:56:58.552+0000] {logging_mixin.py:190} INFO - [2025-08-25T12:56:58.552+0000] {dag.py:4180} INFO - Setting next_dagrun for latest_only to 2025-08-25 08:00:00+00:00, run_after=2025-08-25 12:00:00+00:00
[2025-08-25T12:56:58.574+0000] {processor.py:208} INFO - Processing /home/airflow/.local/lib/python3.12/site-packages/airflow/example_dags/example_latest_only.py took 0.093 seconds
