[2025-08-25T12:35:34.299+0000] {processor.py:186} INFO - Started process (PID=89) to work on /home/airflow/.local/lib/python3.12/site-packages/airflow/example_dags/example_xcomargs.py
[2025-08-25T12:35:34.300+0000] {processor.py:914} INFO - Processing file /home/airflow/.local/lib/python3.12/site-packages/airflow/example_dags/example_xcomargs.py for tasks to queue
[2025-08-25T12:35:34.303+0000] {logging_mixin.py:190} INFO - [2025-08-25T12:35:34.302+0000] {dagbag.py:588} INFO - Filling up the DagBag from /home/airflow/.local/lib/python3.12/site-packages/airflow/example_dags/example_xcomargs.py
[2025-08-25T12:35:34.317+0000] {processor.py:925} INFO - DAG(s) 'example_xcom_args', 'example_xcom_args_with_operators' retrieved from /home/airflow/.local/lib/python3.12/site-packages/airflow/example_dags/example_xcomargs.py
[2025-08-25T12:35:34.442+0000] {logging_mixin.py:190} INFO - [2025-08-25T12:35:34.441+0000] {override.py:1900} INFO - Created Permission View: can read on DAG:example_xcom_args
[2025-08-25T12:35:34.455+0000] {logging_mixin.py:190} INFO - [2025-08-25T12:35:34.455+0000] {override.py:1900} INFO - Created Permission View: can delete on DAG:example_xcom_args
[2025-08-25T12:35:34.464+0000] {logging_mixin.py:190} INFO - [2025-08-25T12:35:34.464+0000] {override.py:1900} INFO - Created Permission View: can edit on DAG:example_xcom_args
[2025-08-25T12:35:34.476+0000] {logging_mixin.py:190} INFO - [2025-08-25T12:35:34.475+0000] {override.py:1900} INFO - Created Permission View: can read on DAG Run:example_xcom_args
[2025-08-25T12:35:34.486+0000] {logging_mixin.py:190} INFO - [2025-08-25T12:35:34.486+0000] {override.py:1900} INFO - Created Permission View: menu access on DAG Run:example_xcom_args
[2025-08-25T12:35:34.498+0000] {logging_mixin.py:190} INFO - [2025-08-25T12:35:34.497+0000] {override.py:1900} INFO - Created Permission View: can delete on DAG Run:example_xcom_args
[2025-08-25T12:35:34.508+0000] {logging_mixin.py:190} INFO - [2025-08-25T12:35:34.507+0000] {override.py:1900} INFO - Created Permission View: can create on DAG Run:example_xcom_args
[2025-08-25T12:35:34.524+0000] {logging_mixin.py:190} INFO - [2025-08-25T12:35:34.524+0000] {override.py:1900} INFO - Created Permission View: can read on DAG:example_xcom_args_with_operators
[2025-08-25T12:35:34.534+0000] {logging_mixin.py:190} INFO - [2025-08-25T12:35:34.533+0000] {override.py:1900} INFO - Created Permission View: can delete on DAG:example_xcom_args_with_operators
[2025-08-25T12:35:34.543+0000] {logging_mixin.py:190} INFO - [2025-08-25T12:35:34.542+0000] {override.py:1900} INFO - Created Permission View: can edit on DAG:example_xcom_args_with_operators
[2025-08-25T12:35:34.551+0000] {logging_mixin.py:190} INFO - [2025-08-25T12:35:34.551+0000] {override.py:1900} INFO - Created Permission View: can read on DAG Run:example_xcom_args_with_operators
[2025-08-25T12:35:34.561+0000] {logging_mixin.py:190} INFO - [2025-08-25T12:35:34.560+0000] {override.py:1900} INFO - Created Permission View: menu access on DAG Run:example_xcom_args_with_operators
[2025-08-25T12:35:34.570+0000] {logging_mixin.py:190} INFO - [2025-08-25T12:35:34.570+0000] {override.py:1900} INFO - Created Permission View: can delete on DAG Run:example_xcom_args_with_operators
[2025-08-25T12:35:34.580+0000] {logging_mixin.py:190} INFO - [2025-08-25T12:35:34.580+0000] {override.py:1900} INFO - Created Permission View: can create on DAG Run:example_xcom_args_with_operators
[2025-08-25T12:35:34.581+0000] {logging_mixin.py:190} INFO - [2025-08-25T12:35:34.581+0000] {dag.py:3239} INFO - Sync 2 DAGs
[2025-08-25T12:35:34.604+0000] {logging_mixin.py:190} INFO - [2025-08-25T12:35:34.603+0000] {dag.py:3262} INFO - Creating ORM DAG for example_xcom_args
[2025-08-25T12:35:34.605+0000] {logging_mixin.py:190} INFO - [2025-08-25T12:35:34.604+0000] {dag.py:3262} INFO - Creating ORM DAG for example_xcom_args_with_operators
[2025-08-25T12:35:34.606+0000] {logging_mixin.py:190} INFO - [2025-08-25T12:35:34.605+0000] {dag.py:4180} INFO - Setting next_dagrun for example_xcom_args to None, run_after=None
[2025-08-25T12:35:34.607+0000] {logging_mixin.py:190} INFO - [2025-08-25T12:35:34.606+0000] {dag.py:4180} INFO - Setting next_dagrun for example_xcom_args_with_operators to None, run_after=None
[2025-08-25T12:35:34.632+0000] {processor.py:208} INFO - Processing /home/airflow/.local/lib/python3.12/site-packages/airflow/example_dags/example_xcomargs.py took 0.339 seconds
[2025-08-25T12:36:05.021+0000] {processor.py:186} INFO - Started process (PID=153) to work on /home/airflow/.local/lib/python3.12/site-packages/airflow/example_dags/example_xcomargs.py
[2025-08-25T12:36:05.022+0000] {processor.py:914} INFO - Processing file /home/airflow/.local/lib/python3.12/site-packages/airflow/example_dags/example_xcomargs.py for tasks to queue
[2025-08-25T12:36:05.026+0000] {logging_mixin.py:190} INFO - [2025-08-25T12:36:05.025+0000] {dagbag.py:588} INFO - Filling up the DagBag from /home/airflow/.local/lib/python3.12/site-packages/airflow/example_dags/example_xcomargs.py
[2025-08-25T12:36:05.044+0000] {processor.py:925} INFO - DAG(s) 'example_xcom_args', 'example_xcom_args_with_operators' retrieved from /home/airflow/.local/lib/python3.12/site-packages/airflow/example_dags/example_xcomargs.py
[2025-08-25T12:36:05.081+0000] {logging_mixin.py:190} INFO - [2025-08-25T12:36:05.080+0000] {dag.py:3239} INFO - Sync 2 DAGs
[2025-08-25T12:36:05.108+0000] {logging_mixin.py:190} INFO - [2025-08-25T12:36:05.107+0000] {dag.py:4180} INFO - Setting next_dagrun for example_xcom_args to None, run_after=None
[2025-08-25T12:36:05.115+0000] {logging_mixin.py:190} INFO - [2025-08-25T12:36:05.114+0000] {dag.py:4180} INFO - Setting next_dagrun for example_xcom_args_with_operators to None, run_after=None
[2025-08-25T12:36:05.138+0000] {processor.py:208} INFO - Processing /home/airflow/.local/lib/python3.12/site-packages/airflow/example_dags/example_xcomargs.py took 0.127 seconds
[2025-08-25T12:36:35.638+0000] {processor.py:186} INFO - Started process (PID=217) to work on /home/airflow/.local/lib/python3.12/site-packages/airflow/example_dags/example_xcomargs.py
[2025-08-25T12:36:35.640+0000] {processor.py:914} INFO - Processing file /home/airflow/.local/lib/python3.12/site-packages/airflow/example_dags/example_xcomargs.py for tasks to queue
[2025-08-25T12:36:35.643+0000] {logging_mixin.py:190} INFO - [2025-08-25T12:36:35.643+0000] {dagbag.py:588} INFO - Filling up the DagBag from /home/airflow/.local/lib/python3.12/site-packages/airflow/example_dags/example_xcomargs.py
[2025-08-25T12:36:35.659+0000] {processor.py:925} INFO - DAG(s) 'example_xcom_args_with_operators', 'example_xcom_args' retrieved from /home/airflow/.local/lib/python3.12/site-packages/airflow/example_dags/example_xcomargs.py
[2025-08-25T12:36:35.692+0000] {logging_mixin.py:190} INFO - [2025-08-25T12:36:35.692+0000] {dag.py:3239} INFO - Sync 2 DAGs
[2025-08-25T12:36:35.709+0000] {logging_mixin.py:190} INFO - [2025-08-25T12:36:35.709+0000] {dag.py:4180} INFO - Setting next_dagrun for example_xcom_args to None, run_after=None
[2025-08-25T12:36:35.714+0000] {logging_mixin.py:190} INFO - [2025-08-25T12:36:35.714+0000] {dag.py:4180} INFO - Setting next_dagrun for example_xcom_args_with_operators to None, run_after=None
[2025-08-25T12:36:35.742+0000] {processor.py:208} INFO - Processing /home/airflow/.local/lib/python3.12/site-packages/airflow/example_dags/example_xcomargs.py took 0.113 seconds
[2025-08-25T12:37:06.412+0000] {processor.py:186} INFO - Started process (PID=281) to work on /home/airflow/.local/lib/python3.12/site-packages/airflow/example_dags/example_xcomargs.py
[2025-08-25T12:37:06.413+0000] {processor.py:914} INFO - Processing file /home/airflow/.local/lib/python3.12/site-packages/airflow/example_dags/example_xcomargs.py for tasks to queue
[2025-08-25T12:37:06.416+0000] {logging_mixin.py:190} INFO - [2025-08-25T12:37:06.415+0000] {dagbag.py:588} INFO - Filling up the DagBag from /home/airflow/.local/lib/python3.12/site-packages/airflow/example_dags/example_xcomargs.py
[2025-08-25T12:37:06.429+0000] {processor.py:925} INFO - DAG(s) 'example_xcom_args', 'example_xcom_args_with_operators' retrieved from /home/airflow/.local/lib/python3.12/site-packages/airflow/example_dags/example_xcomargs.py
[2025-08-25T12:37:06.466+0000] {logging_mixin.py:190} INFO - [2025-08-25T12:37:06.465+0000] {dag.py:3239} INFO - Sync 2 DAGs
[2025-08-25T12:37:06.486+0000] {logging_mixin.py:190} INFO - [2025-08-25T12:37:06.486+0000] {dag.py:4180} INFO - Setting next_dagrun for example_xcom_args to None, run_after=None
[2025-08-25T12:37:06.492+0000] {logging_mixin.py:190} INFO - [2025-08-25T12:37:06.492+0000] {dag.py:4180} INFO - Setting next_dagrun for example_xcom_args_with_operators to None, run_after=None
[2025-08-25T12:37:06.516+0000] {processor.py:208} INFO - Processing /home/airflow/.local/lib/python3.12/site-packages/airflow/example_dags/example_xcomargs.py took 0.112 seconds
[2025-08-25T12:37:37.342+0000] {processor.py:186} INFO - Started process (PID=345) to work on /home/airflow/.local/lib/python3.12/site-packages/airflow/example_dags/example_xcomargs.py
[2025-08-25T12:37:37.343+0000] {processor.py:914} INFO - Processing file /home/airflow/.local/lib/python3.12/site-packages/airflow/example_dags/example_xcomargs.py for tasks to queue
[2025-08-25T12:37:37.346+0000] {logging_mixin.py:190} INFO - [2025-08-25T12:37:37.346+0000] {dagbag.py:588} INFO - Filling up the DagBag from /home/airflow/.local/lib/python3.12/site-packages/airflow/example_dags/example_xcomargs.py
[2025-08-25T12:37:37.364+0000] {processor.py:925} INFO - DAG(s) 'example_xcom_args', 'example_xcom_args_with_operators' retrieved from /home/airflow/.local/lib/python3.12/site-packages/airflow/example_dags/example_xcomargs.py
[2025-08-25T12:37:37.412+0000] {logging_mixin.py:190} INFO - [2025-08-25T12:37:37.412+0000] {dag.py:3239} INFO - Sync 2 DAGs
[2025-08-25T12:37:37.435+0000] {logging_mixin.py:190} INFO - [2025-08-25T12:37:37.435+0000] {dag.py:4180} INFO - Setting next_dagrun for example_xcom_args to None, run_after=None
[2025-08-25T12:37:37.441+0000] {logging_mixin.py:190} INFO - [2025-08-25T12:37:37.440+0000] {dag.py:4180} INFO - Setting next_dagrun for example_xcom_args_with_operators to None, run_after=None
[2025-08-25T12:37:37.464+0000] {processor.py:208} INFO - Processing /home/airflow/.local/lib/python3.12/site-packages/airflow/example_dags/example_xcomargs.py took 0.131 seconds
[2025-08-25T12:38:07.808+0000] {processor.py:186} INFO - Started process (PID=409) to work on /home/airflow/.local/lib/python3.12/site-packages/airflow/example_dags/example_xcomargs.py
[2025-08-25T12:38:07.810+0000] {processor.py:914} INFO - Processing file /home/airflow/.local/lib/python3.12/site-packages/airflow/example_dags/example_xcomargs.py for tasks to queue
[2025-08-25T12:38:07.813+0000] {logging_mixin.py:190} INFO - [2025-08-25T12:38:07.813+0000] {dagbag.py:588} INFO - Filling up the DagBag from /home/airflow/.local/lib/python3.12/site-packages/airflow/example_dags/example_xcomargs.py
[2025-08-25T12:38:07.829+0000] {processor.py:925} INFO - DAG(s) 'example_xcom_args_with_operators', 'example_xcom_args' retrieved from /home/airflow/.local/lib/python3.12/site-packages/airflow/example_dags/example_xcomargs.py
[2025-08-25T12:38:07.866+0000] {logging_mixin.py:190} INFO - [2025-08-25T12:38:07.865+0000] {dag.py:3239} INFO - Sync 2 DAGs
[2025-08-25T12:38:07.889+0000] {logging_mixin.py:190} INFO - [2025-08-25T12:38:07.889+0000] {dag.py:4180} INFO - Setting next_dagrun for example_xcom_args to None, run_after=None
[2025-08-25T12:38:07.896+0000] {logging_mixin.py:190} INFO - [2025-08-25T12:38:07.895+0000] {dag.py:4180} INFO - Setting next_dagrun for example_xcom_args_with_operators to None, run_after=None
[2025-08-25T12:38:07.920+0000] {processor.py:208} INFO - Processing /home/airflow/.local/lib/python3.12/site-packages/airflow/example_dags/example_xcomargs.py took 0.121 seconds
[2025-08-25T12:38:38.338+0000] {processor.py:186} INFO - Started process (PID=473) to work on /home/airflow/.local/lib/python3.12/site-packages/airflow/example_dags/example_xcomargs.py
[2025-08-25T12:38:38.339+0000] {processor.py:914} INFO - Processing file /home/airflow/.local/lib/python3.12/site-packages/airflow/example_dags/example_xcomargs.py for tasks to queue
[2025-08-25T12:38:38.343+0000] {logging_mixin.py:190} INFO - [2025-08-25T12:38:38.342+0000] {dagbag.py:588} INFO - Filling up the DagBag from /home/airflow/.local/lib/python3.12/site-packages/airflow/example_dags/example_xcomargs.py
[2025-08-25T12:38:38.358+0000] {processor.py:925} INFO - DAG(s) 'example_xcom_args', 'example_xcom_args_with_operators' retrieved from /home/airflow/.local/lib/python3.12/site-packages/airflow/example_dags/example_xcomargs.py
[2025-08-25T12:38:38.394+0000] {logging_mixin.py:190} INFO - [2025-08-25T12:38:38.394+0000] {dag.py:3239} INFO - Sync 2 DAGs
[2025-08-25T12:38:38.409+0000] {logging_mixin.py:190} INFO - [2025-08-25T12:38:38.409+0000] {dag.py:4180} INFO - Setting next_dagrun for example_xcom_args to None, run_after=None
[2025-08-25T12:38:38.414+0000] {logging_mixin.py:190} INFO - [2025-08-25T12:38:38.414+0000] {dag.py:4180} INFO - Setting next_dagrun for example_xcom_args_with_operators to None, run_after=None
[2025-08-25T12:38:38.435+0000] {processor.py:208} INFO - Processing /home/airflow/.local/lib/python3.12/site-packages/airflow/example_dags/example_xcomargs.py took 0.107 seconds
[2025-08-25T12:39:08.753+0000] {processor.py:186} INFO - Started process (PID=537) to work on /home/airflow/.local/lib/python3.12/site-packages/airflow/example_dags/example_xcomargs.py
[2025-08-25T12:39:08.754+0000] {processor.py:914} INFO - Processing file /home/airflow/.local/lib/python3.12/site-packages/airflow/example_dags/example_xcomargs.py for tasks to queue
[2025-08-25T12:39:08.756+0000] {logging_mixin.py:190} INFO - [2025-08-25T12:39:08.756+0000] {dagbag.py:588} INFO - Filling up the DagBag from /home/airflow/.local/lib/python3.12/site-packages/airflow/example_dags/example_xcomargs.py
[2025-08-25T12:39:08.769+0000] {processor.py:925} INFO - DAG(s) 'example_xcom_args_with_operators', 'example_xcom_args' retrieved from /home/airflow/.local/lib/python3.12/site-packages/airflow/example_dags/example_xcomargs.py
[2025-08-25T12:39:08.805+0000] {logging_mixin.py:190} INFO - [2025-08-25T12:39:08.805+0000] {dag.py:3239} INFO - Sync 2 DAGs
[2025-08-25T12:39:08.826+0000] {logging_mixin.py:190} INFO - [2025-08-25T12:39:08.825+0000] {dag.py:4180} INFO - Setting next_dagrun for example_xcom_args to None, run_after=None
[2025-08-25T12:39:08.831+0000] {logging_mixin.py:190} INFO - [2025-08-25T12:39:08.831+0000] {dag.py:4180} INFO - Setting next_dagrun for example_xcom_args_with_operators to None, run_after=None
[2025-08-25T12:39:08.855+0000] {processor.py:208} INFO - Processing /home/airflow/.local/lib/python3.12/site-packages/airflow/example_dags/example_xcomargs.py took 0.110 seconds
[2025-08-25T12:39:39.231+0000] {processor.py:186} INFO - Started process (PID=601) to work on /home/airflow/.local/lib/python3.12/site-packages/airflow/example_dags/example_xcomargs.py
[2025-08-25T12:39:39.232+0000] {processor.py:914} INFO - Processing file /home/airflow/.local/lib/python3.12/site-packages/airflow/example_dags/example_xcomargs.py for tasks to queue
[2025-08-25T12:39:39.235+0000] {logging_mixin.py:190} INFO - [2025-08-25T12:39:39.235+0000] {dagbag.py:588} INFO - Filling up the DagBag from /home/airflow/.local/lib/python3.12/site-packages/airflow/example_dags/example_xcomargs.py
[2025-08-25T12:39:39.248+0000] {processor.py:925} INFO - DAG(s) 'example_xcom_args_with_operators', 'example_xcom_args' retrieved from /home/airflow/.local/lib/python3.12/site-packages/airflow/example_dags/example_xcomargs.py
[2025-08-25T12:39:39.280+0000] {logging_mixin.py:190} INFO - [2025-08-25T12:39:39.280+0000] {dag.py:3239} INFO - Sync 2 DAGs
[2025-08-25T12:39:39.300+0000] {logging_mixin.py:190} INFO - [2025-08-25T12:39:39.300+0000] {dag.py:4180} INFO - Setting next_dagrun for example_xcom_args to None, run_after=None
[2025-08-25T12:39:39.305+0000] {logging_mixin.py:190} INFO - [2025-08-25T12:39:39.304+0000] {dag.py:4180} INFO - Setting next_dagrun for example_xcom_args_with_operators to None, run_after=None
[2025-08-25T12:39:39.323+0000] {processor.py:208} INFO - Processing /home/airflow/.local/lib/python3.12/site-packages/airflow/example_dags/example_xcomargs.py took 0.101 seconds
[2025-08-25T12:40:09.546+0000] {processor.py:186} INFO - Started process (PID=665) to work on /home/airflow/.local/lib/python3.12/site-packages/airflow/example_dags/example_xcomargs.py
[2025-08-25T12:40:09.547+0000] {processor.py:914} INFO - Processing file /home/airflow/.local/lib/python3.12/site-packages/airflow/example_dags/example_xcomargs.py for tasks to queue
[2025-08-25T12:40:09.550+0000] {logging_mixin.py:190} INFO - [2025-08-25T12:40:09.549+0000] {dagbag.py:588} INFO - Filling up the DagBag from /home/airflow/.local/lib/python3.12/site-packages/airflow/example_dags/example_xcomargs.py
[2025-08-25T12:40:09.562+0000] {processor.py:925} INFO - DAG(s) 'example_xcom_args_with_operators', 'example_xcom_args' retrieved from /home/airflow/.local/lib/python3.12/site-packages/airflow/example_dags/example_xcomargs.py
[2025-08-25T12:40:09.597+0000] {logging_mixin.py:190} INFO - [2025-08-25T12:40:09.597+0000] {dag.py:3239} INFO - Sync 2 DAGs
[2025-08-25T12:40:09.617+0000] {logging_mixin.py:190} INFO - [2025-08-25T12:40:09.617+0000] {dag.py:4180} INFO - Setting next_dagrun for example_xcom_args to None, run_after=None
[2025-08-25T12:40:09.622+0000] {logging_mixin.py:190} INFO - [2025-08-25T12:40:09.622+0000] {dag.py:4180} INFO - Setting next_dagrun for example_xcom_args_with_operators to None, run_after=None
[2025-08-25T12:40:09.645+0000] {processor.py:208} INFO - Processing /home/airflow/.local/lib/python3.12/site-packages/airflow/example_dags/example_xcomargs.py took 0.106 seconds
[2025-08-25T12:40:40.325+0000] {processor.py:186} INFO - Started process (PID=730) to work on /home/airflow/.local/lib/python3.12/site-packages/airflow/example_dags/example_xcomargs.py
[2025-08-25T12:40:40.326+0000] {processor.py:914} INFO - Processing file /home/airflow/.local/lib/python3.12/site-packages/airflow/example_dags/example_xcomargs.py for tasks to queue
[2025-08-25T12:40:40.329+0000] {logging_mixin.py:190} INFO - [2025-08-25T12:40:40.329+0000] {dagbag.py:588} INFO - Filling up the DagBag from /home/airflow/.local/lib/python3.12/site-packages/airflow/example_dags/example_xcomargs.py
[2025-08-25T12:40:40.348+0000] {processor.py:925} INFO - DAG(s) 'example_xcom_args_with_operators', 'example_xcom_args' retrieved from /home/airflow/.local/lib/python3.12/site-packages/airflow/example_dags/example_xcomargs.py
[2025-08-25T12:40:40.404+0000] {logging_mixin.py:190} INFO - [2025-08-25T12:40:40.403+0000] {dag.py:3239} INFO - Sync 2 DAGs
[2025-08-25T12:40:40.438+0000] {logging_mixin.py:190} INFO - [2025-08-25T12:40:40.437+0000] {dag.py:4180} INFO - Setting next_dagrun for example_xcom_args to None, run_after=None
[2025-08-25T12:40:40.447+0000] {logging_mixin.py:190} INFO - [2025-08-25T12:40:40.446+0000] {dag.py:4180} INFO - Setting next_dagrun for example_xcom_args_with_operators to None, run_after=None
[2025-08-25T12:40:40.477+0000] {processor.py:208} INFO - Processing /home/airflow/.local/lib/python3.12/site-packages/airflow/example_dags/example_xcomargs.py took 0.159 seconds
[2025-08-25T12:41:10.691+0000] {processor.py:186} INFO - Started process (PID=796) to work on /home/airflow/.local/lib/python3.12/site-packages/airflow/example_dags/example_xcomargs.py
[2025-08-25T12:41:10.693+0000] {processor.py:914} INFO - Processing file /home/airflow/.local/lib/python3.12/site-packages/airflow/example_dags/example_xcomargs.py for tasks to queue
[2025-08-25T12:41:10.697+0000] {logging_mixin.py:190} INFO - [2025-08-25T12:41:10.696+0000] {dagbag.py:588} INFO - Filling up the DagBag from /home/airflow/.local/lib/python3.12/site-packages/airflow/example_dags/example_xcomargs.py
[2025-08-25T12:41:10.712+0000] {processor.py:925} INFO - DAG(s) 'example_xcom_args_with_operators', 'example_xcom_args' retrieved from /home/airflow/.local/lib/python3.12/site-packages/airflow/example_dags/example_xcomargs.py
[2025-08-25T12:41:10.754+0000] {logging_mixin.py:190} INFO - [2025-08-25T12:41:10.754+0000] {dag.py:3239} INFO - Sync 2 DAGs
[2025-08-25T12:41:10.781+0000] {logging_mixin.py:190} INFO - [2025-08-25T12:41:10.781+0000] {dag.py:4180} INFO - Setting next_dagrun for example_xcom_args to None, run_after=None
[2025-08-25T12:41:10.789+0000] {logging_mixin.py:190} INFO - [2025-08-25T12:41:10.789+0000] {dag.py:4180} INFO - Setting next_dagrun for example_xcom_args_with_operators to None, run_after=None
[2025-08-25T12:41:10.815+0000] {processor.py:208} INFO - Processing /home/airflow/.local/lib/python3.12/site-packages/airflow/example_dags/example_xcomargs.py took 0.133 seconds
[2025-08-25T12:41:41.757+0000] {processor.py:186} INFO - Started process (PID=860) to work on /home/airflow/.local/lib/python3.12/site-packages/airflow/example_dags/example_xcomargs.py
[2025-08-25T12:41:41.758+0000] {processor.py:914} INFO - Processing file /home/airflow/.local/lib/python3.12/site-packages/airflow/example_dags/example_xcomargs.py for tasks to queue
[2025-08-25T12:41:41.760+0000] {logging_mixin.py:190} INFO - [2025-08-25T12:41:41.759+0000] {dagbag.py:588} INFO - Filling up the DagBag from /home/airflow/.local/lib/python3.12/site-packages/airflow/example_dags/example_xcomargs.py
[2025-08-25T12:41:41.771+0000] {processor.py:925} INFO - DAG(s) 'example_xcom_args_with_operators', 'example_xcom_args' retrieved from /home/airflow/.local/lib/python3.12/site-packages/airflow/example_dags/example_xcomargs.py
[2025-08-25T12:41:41.808+0000] {logging_mixin.py:190} INFO - [2025-08-25T12:41:41.807+0000] {dag.py:3239} INFO - Sync 2 DAGs
[2025-08-25T12:41:41.829+0000] {logging_mixin.py:190} INFO - [2025-08-25T12:41:41.829+0000] {dag.py:4180} INFO - Setting next_dagrun for example_xcom_args to None, run_after=None
[2025-08-25T12:41:41.835+0000] {logging_mixin.py:190} INFO - [2025-08-25T12:41:41.835+0000] {dag.py:4180} INFO - Setting next_dagrun for example_xcom_args_with_operators to None, run_after=None
[2025-08-25T12:41:41.859+0000] {processor.py:208} INFO - Processing /home/airflow/.local/lib/python3.12/site-packages/airflow/example_dags/example_xcomargs.py took 0.112 seconds
[2025-08-25T12:42:12.550+0000] {processor.py:186} INFO - Started process (PID=924) to work on /home/airflow/.local/lib/python3.12/site-packages/airflow/example_dags/example_xcomargs.py
[2025-08-25T12:42:12.551+0000] {processor.py:914} INFO - Processing file /home/airflow/.local/lib/python3.12/site-packages/airflow/example_dags/example_xcomargs.py for tasks to queue
[2025-08-25T12:42:12.553+0000] {logging_mixin.py:190} INFO - [2025-08-25T12:42:12.553+0000] {dagbag.py:588} INFO - Filling up the DagBag from /home/airflow/.local/lib/python3.12/site-packages/airflow/example_dags/example_xcomargs.py
[2025-08-25T12:42:12.563+0000] {processor.py:925} INFO - DAG(s) 'example_xcom_args_with_operators', 'example_xcom_args' retrieved from /home/airflow/.local/lib/python3.12/site-packages/airflow/example_dags/example_xcomargs.py
[2025-08-25T12:42:12.598+0000] {logging_mixin.py:190} INFO - [2025-08-25T12:42:12.598+0000] {dag.py:3239} INFO - Sync 2 DAGs
[2025-08-25T12:42:12.620+0000] {logging_mixin.py:190} INFO - [2025-08-25T12:42:12.620+0000] {dag.py:4180} INFO - Setting next_dagrun for example_xcom_args to None, run_after=None
[2025-08-25T12:42:12.627+0000] {logging_mixin.py:190} INFO - [2025-08-25T12:42:12.626+0000] {dag.py:4180} INFO - Setting next_dagrun for example_xcom_args_with_operators to None, run_after=None
[2025-08-25T12:42:12.653+0000] {processor.py:208} INFO - Processing /home/airflow/.local/lib/python3.12/site-packages/airflow/example_dags/example_xcomargs.py took 0.109 seconds
[2025-08-25T12:42:43.193+0000] {processor.py:186} INFO - Started process (PID=988) to work on /home/airflow/.local/lib/python3.12/site-packages/airflow/example_dags/example_xcomargs.py
[2025-08-25T12:42:43.194+0000] {processor.py:914} INFO - Processing file /home/airflow/.local/lib/python3.12/site-packages/airflow/example_dags/example_xcomargs.py for tasks to queue
[2025-08-25T12:42:43.196+0000] {logging_mixin.py:190} INFO - [2025-08-25T12:42:43.196+0000] {dagbag.py:588} INFO - Filling up the DagBag from /home/airflow/.local/lib/python3.12/site-packages/airflow/example_dags/example_xcomargs.py
[2025-08-25T12:42:43.209+0000] {processor.py:925} INFO - DAG(s) 'example_xcom_args_with_operators', 'example_xcom_args' retrieved from /home/airflow/.local/lib/python3.12/site-packages/airflow/example_dags/example_xcomargs.py
[2025-08-25T12:42:43.247+0000] {logging_mixin.py:190} INFO - [2025-08-25T12:42:43.247+0000] {dag.py:3239} INFO - Sync 2 DAGs
[2025-08-25T12:42:43.269+0000] {logging_mixin.py:190} INFO - [2025-08-25T12:42:43.268+0000] {dag.py:4180} INFO - Setting next_dagrun for example_xcom_args to None, run_after=None
[2025-08-25T12:42:43.274+0000] {logging_mixin.py:190} INFO - [2025-08-25T12:42:43.274+0000] {dag.py:4180} INFO - Setting next_dagrun for example_xcom_args_with_operators to None, run_after=None
[2025-08-25T12:42:43.298+0000] {processor.py:208} INFO - Processing /home/airflow/.local/lib/python3.12/site-packages/airflow/example_dags/example_xcomargs.py took 0.113 seconds
[2025-08-25T12:43:13.656+0000] {processor.py:186} INFO - Started process (PID=1052) to work on /home/airflow/.local/lib/python3.12/site-packages/airflow/example_dags/example_xcomargs.py
[2025-08-25T12:43:13.657+0000] {processor.py:914} INFO - Processing file /home/airflow/.local/lib/python3.12/site-packages/airflow/example_dags/example_xcomargs.py for tasks to queue
[2025-08-25T12:43:13.659+0000] {logging_mixin.py:190} INFO - [2025-08-25T12:43:13.659+0000] {dagbag.py:588} INFO - Filling up the DagBag from /home/airflow/.local/lib/python3.12/site-packages/airflow/example_dags/example_xcomargs.py
[2025-08-25T12:43:13.672+0000] {processor.py:925} INFO - DAG(s) 'example_xcom_args_with_operators', 'example_xcom_args' retrieved from /home/airflow/.local/lib/python3.12/site-packages/airflow/example_dags/example_xcomargs.py
[2025-08-25T12:43:13.704+0000] {logging_mixin.py:190} INFO - [2025-08-25T12:43:13.704+0000] {dag.py:3239} INFO - Sync 2 DAGs
[2025-08-25T12:43:13.724+0000] {logging_mixin.py:190} INFO - [2025-08-25T12:43:13.724+0000] {dag.py:4180} INFO - Setting next_dagrun for example_xcom_args to None, run_after=None
[2025-08-25T12:43:13.730+0000] {logging_mixin.py:190} INFO - [2025-08-25T12:43:13.729+0000] {dag.py:4180} INFO - Setting next_dagrun for example_xcom_args_with_operators to None, run_after=None
[2025-08-25T12:43:13.756+0000] {processor.py:208} INFO - Processing /home/airflow/.local/lib/python3.12/site-packages/airflow/example_dags/example_xcomargs.py took 0.107 seconds
[2025-08-25T12:43:44.112+0000] {processor.py:186} INFO - Started process (PID=1116) to work on /home/airflow/.local/lib/python3.12/site-packages/airflow/example_dags/example_xcomargs.py
[2025-08-25T12:43:44.114+0000] {processor.py:914} INFO - Processing file /home/airflow/.local/lib/python3.12/site-packages/airflow/example_dags/example_xcomargs.py for tasks to queue
[2025-08-25T12:43:44.118+0000] {logging_mixin.py:190} INFO - [2025-08-25T12:43:44.117+0000] {dagbag.py:588} INFO - Filling up the DagBag from /home/airflow/.local/lib/python3.12/site-packages/airflow/example_dags/example_xcomargs.py
[2025-08-25T12:43:44.132+0000] {processor.py:925} INFO - DAG(s) 'example_xcom_args_with_operators', 'example_xcom_args' retrieved from /home/airflow/.local/lib/python3.12/site-packages/airflow/example_dags/example_xcomargs.py
[2025-08-25T12:43:44.185+0000] {logging_mixin.py:190} INFO - [2025-08-25T12:43:44.184+0000] {dag.py:3239} INFO - Sync 2 DAGs
[2025-08-25T12:43:44.212+0000] {logging_mixin.py:190} INFO - [2025-08-25T12:43:44.212+0000] {dag.py:4180} INFO - Setting next_dagrun for example_xcom_args to None, run_after=None
[2025-08-25T12:43:44.219+0000] {logging_mixin.py:190} INFO - [2025-08-25T12:43:44.219+0000] {dag.py:4180} INFO - Setting next_dagrun for example_xcom_args_with_operators to None, run_after=None
[2025-08-25T12:43:44.253+0000] {processor.py:208} INFO - Processing /home/airflow/.local/lib/python3.12/site-packages/airflow/example_dags/example_xcomargs.py took 0.151 seconds
[2025-08-25T12:44:14.401+0000] {processor.py:186} INFO - Started process (PID=1180) to work on /home/airflow/.local/lib/python3.12/site-packages/airflow/example_dags/example_xcomargs.py
[2025-08-25T12:44:14.402+0000] {processor.py:914} INFO - Processing file /home/airflow/.local/lib/python3.12/site-packages/airflow/example_dags/example_xcomargs.py for tasks to queue
[2025-08-25T12:44:14.404+0000] {logging_mixin.py:190} INFO - [2025-08-25T12:44:14.404+0000] {dagbag.py:588} INFO - Filling up the DagBag from /home/airflow/.local/lib/python3.12/site-packages/airflow/example_dags/example_xcomargs.py
[2025-08-25T12:44:14.429+0000] {processor.py:925} INFO - DAG(s) 'example_xcom_args', 'example_xcom_args_with_operators' retrieved from /home/airflow/.local/lib/python3.12/site-packages/airflow/example_dags/example_xcomargs.py
[2025-08-25T12:44:14.486+0000] {logging_mixin.py:190} INFO - [2025-08-25T12:44:14.485+0000] {dag.py:3239} INFO - Sync 2 DAGs
[2025-08-25T12:44:14.520+0000] {logging_mixin.py:190} INFO - [2025-08-25T12:44:14.519+0000] {dag.py:4180} INFO - Setting next_dagrun for example_xcom_args to None, run_after=None
[2025-08-25T12:44:14.530+0000] {logging_mixin.py:190} INFO - [2025-08-25T12:44:14.529+0000] {dag.py:4180} INFO - Setting next_dagrun for example_xcom_args_with_operators to None, run_after=None
[2025-08-25T12:44:14.566+0000] {processor.py:208} INFO - Processing /home/airflow/.local/lib/python3.12/site-packages/airflow/example_dags/example_xcomargs.py took 0.172 seconds
[2025-08-25T12:44:45.378+0000] {processor.py:186} INFO - Started process (PID=1244) to work on /home/airflow/.local/lib/python3.12/site-packages/airflow/example_dags/example_xcomargs.py
[2025-08-25T12:44:45.379+0000] {processor.py:914} INFO - Processing file /home/airflow/.local/lib/python3.12/site-packages/airflow/example_dags/example_xcomargs.py for tasks to queue
[2025-08-25T12:44:45.383+0000] {logging_mixin.py:190} INFO - [2025-08-25T12:44:45.382+0000] {dagbag.py:588} INFO - Filling up the DagBag from /home/airflow/.local/lib/python3.12/site-packages/airflow/example_dags/example_xcomargs.py
[2025-08-25T12:44:45.402+0000] {processor.py:925} INFO - DAG(s) 'example_xcom_args_with_operators', 'example_xcom_args' retrieved from /home/airflow/.local/lib/python3.12/site-packages/airflow/example_dags/example_xcomargs.py
[2025-08-25T12:44:45.443+0000] {logging_mixin.py:190} INFO - [2025-08-25T12:44:45.443+0000] {dag.py:3239} INFO - Sync 2 DAGs
[2025-08-25T12:44:45.464+0000] {logging_mixin.py:190} INFO - [2025-08-25T12:44:45.463+0000] {dag.py:4180} INFO - Setting next_dagrun for example_xcom_args to None, run_after=None
[2025-08-25T12:44:45.469+0000] {logging_mixin.py:190} INFO - [2025-08-25T12:44:45.468+0000] {dag.py:4180} INFO - Setting next_dagrun for example_xcom_args_with_operators to None, run_after=None
[2025-08-25T12:44:45.493+0000] {processor.py:208} INFO - Processing /home/airflow/.local/lib/python3.12/site-packages/airflow/example_dags/example_xcomargs.py took 0.125 seconds
[2025-08-25T12:45:16.078+0000] {processor.py:186} INFO - Started process (PID=1308) to work on /home/airflow/.local/lib/python3.12/site-packages/airflow/example_dags/example_xcomargs.py
[2025-08-25T12:45:16.079+0000] {processor.py:914} INFO - Processing file /home/airflow/.local/lib/python3.12/site-packages/airflow/example_dags/example_xcomargs.py for tasks to queue
[2025-08-25T12:45:16.081+0000] {logging_mixin.py:190} INFO - [2025-08-25T12:45:16.081+0000] {dagbag.py:588} INFO - Filling up the DagBag from /home/airflow/.local/lib/python3.12/site-packages/airflow/example_dags/example_xcomargs.py
[2025-08-25T12:45:16.095+0000] {processor.py:925} INFO - DAG(s) 'example_xcom_args_with_operators', 'example_xcom_args' retrieved from /home/airflow/.local/lib/python3.12/site-packages/airflow/example_dags/example_xcomargs.py
[2025-08-25T12:45:16.133+0000] {logging_mixin.py:190} INFO - [2025-08-25T12:45:16.132+0000] {dag.py:3239} INFO - Sync 2 DAGs
[2025-08-25T12:45:16.157+0000] {logging_mixin.py:190} INFO - [2025-08-25T12:45:16.156+0000] {dag.py:4180} INFO - Setting next_dagrun for example_xcom_args to None, run_after=None
[2025-08-25T12:45:16.163+0000] {logging_mixin.py:190} INFO - [2025-08-25T12:45:16.162+0000] {dag.py:4180} INFO - Setting next_dagrun for example_xcom_args_with_operators to None, run_after=None
[2025-08-25T12:45:16.189+0000] {processor.py:208} INFO - Processing /home/airflow/.local/lib/python3.12/site-packages/airflow/example_dags/example_xcomargs.py took 0.119 seconds
[2025-08-25T12:45:47.017+0000] {processor.py:186} INFO - Started process (PID=1372) to work on /home/airflow/.local/lib/python3.12/site-packages/airflow/example_dags/example_xcomargs.py
[2025-08-25T12:45:47.018+0000] {processor.py:914} INFO - Processing file /home/airflow/.local/lib/python3.12/site-packages/airflow/example_dags/example_xcomargs.py for tasks to queue
[2025-08-25T12:45:47.023+0000] {logging_mixin.py:190} INFO - [2025-08-25T12:45:47.022+0000] {dagbag.py:588} INFO - Filling up the DagBag from /home/airflow/.local/lib/python3.12/site-packages/airflow/example_dags/example_xcomargs.py
[2025-08-25T12:45:47.040+0000] {processor.py:925} INFO - DAG(s) 'example_xcom_args_with_operators', 'example_xcom_args' retrieved from /home/airflow/.local/lib/python3.12/site-packages/airflow/example_dags/example_xcomargs.py
[2025-08-25T12:45:47.092+0000] {logging_mixin.py:190} INFO - [2025-08-25T12:45:47.091+0000] {dag.py:3239} INFO - Sync 2 DAGs
[2025-08-25T12:45:47.121+0000] {logging_mixin.py:190} INFO - [2025-08-25T12:45:47.121+0000] {dag.py:4180} INFO - Setting next_dagrun for example_xcom_args to None, run_after=None
[2025-08-25T12:45:47.127+0000] {logging_mixin.py:190} INFO - [2025-08-25T12:45:47.126+0000] {dag.py:4180} INFO - Setting next_dagrun for example_xcom_args_with_operators to None, run_after=None
[2025-08-25T12:45:47.152+0000] {processor.py:208} INFO - Processing /home/airflow/.local/lib/python3.12/site-packages/airflow/example_dags/example_xcomargs.py took 0.146 seconds
[2025-08-25T12:46:17.214+0000] {processor.py:186} INFO - Started process (PID=1435) to work on /home/airflow/.local/lib/python3.12/site-packages/airflow/example_dags/example_xcomargs.py
[2025-08-25T12:46:17.215+0000] {processor.py:914} INFO - Processing file /home/airflow/.local/lib/python3.12/site-packages/airflow/example_dags/example_xcomargs.py for tasks to queue
[2025-08-25T12:46:17.218+0000] {logging_mixin.py:190} INFO - [2025-08-25T12:46:17.218+0000] {dagbag.py:588} INFO - Filling up the DagBag from /home/airflow/.local/lib/python3.12/site-packages/airflow/example_dags/example_xcomargs.py
[2025-08-25T12:46:17.230+0000] {processor.py:925} INFO - DAG(s) 'example_xcom_args', 'example_xcom_args_with_operators' retrieved from /home/airflow/.local/lib/python3.12/site-packages/airflow/example_dags/example_xcomargs.py
[2025-08-25T12:46:17.264+0000] {logging_mixin.py:190} INFO - [2025-08-25T12:46:17.263+0000] {dag.py:3239} INFO - Sync 2 DAGs
[2025-08-25T12:46:17.281+0000] {logging_mixin.py:190} INFO - [2025-08-25T12:46:17.281+0000] {dag.py:4180} INFO - Setting next_dagrun for example_xcom_args to None, run_after=None
[2025-08-25T12:46:17.286+0000] {logging_mixin.py:190} INFO - [2025-08-25T12:46:17.285+0000] {dag.py:4180} INFO - Setting next_dagrun for example_xcom_args_with_operators to None, run_after=None
[2025-08-25T12:46:17.308+0000] {processor.py:208} INFO - Processing /home/airflow/.local/lib/python3.12/site-packages/airflow/example_dags/example_xcomargs.py took 0.101 seconds
[2025-08-25T12:46:47.891+0000] {processor.py:186} INFO - Started process (PID=1499) to work on /home/airflow/.local/lib/python3.12/site-packages/airflow/example_dags/example_xcomargs.py
[2025-08-25T12:46:47.892+0000] {processor.py:914} INFO - Processing file /home/airflow/.local/lib/python3.12/site-packages/airflow/example_dags/example_xcomargs.py for tasks to queue
[2025-08-25T12:46:47.895+0000] {logging_mixin.py:190} INFO - [2025-08-25T12:46:47.894+0000] {dagbag.py:588} INFO - Filling up the DagBag from /home/airflow/.local/lib/python3.12/site-packages/airflow/example_dags/example_xcomargs.py
[2025-08-25T12:46:47.905+0000] {processor.py:925} INFO - DAG(s) 'example_xcom_args_with_operators', 'example_xcom_args' retrieved from /home/airflow/.local/lib/python3.12/site-packages/airflow/example_dags/example_xcomargs.py
[2025-08-25T12:46:47.937+0000] {logging_mixin.py:190} INFO - [2025-08-25T12:46:47.937+0000] {dag.py:3239} INFO - Sync 2 DAGs
[2025-08-25T12:46:47.956+0000] {logging_mixin.py:190} INFO - [2025-08-25T12:46:47.956+0000] {dag.py:4180} INFO - Setting next_dagrun for example_xcom_args to None, run_after=None
[2025-08-25T12:46:47.960+0000] {logging_mixin.py:190} INFO - [2025-08-25T12:46:47.960+0000] {dag.py:4180} INFO - Setting next_dagrun for example_xcom_args_with_operators to None, run_after=None
[2025-08-25T12:46:47.980+0000] {processor.py:208} INFO - Processing /home/airflow/.local/lib/python3.12/site-packages/airflow/example_dags/example_xcomargs.py took 0.097 seconds
[2025-08-25T12:47:18.177+0000] {processor.py:186} INFO - Started process (PID=1563) to work on /home/airflow/.local/lib/python3.12/site-packages/airflow/example_dags/example_xcomargs.py
[2025-08-25T12:47:18.178+0000] {processor.py:914} INFO - Processing file /home/airflow/.local/lib/python3.12/site-packages/airflow/example_dags/example_xcomargs.py for tasks to queue
[2025-08-25T12:47:18.180+0000] {logging_mixin.py:190} INFO - [2025-08-25T12:47:18.180+0000] {dagbag.py:588} INFO - Filling up the DagBag from /home/airflow/.local/lib/python3.12/site-packages/airflow/example_dags/example_xcomargs.py
[2025-08-25T12:47:18.190+0000] {processor.py:925} INFO - DAG(s) 'example_xcom_args', 'example_xcom_args_with_operators' retrieved from /home/airflow/.local/lib/python3.12/site-packages/airflow/example_dags/example_xcomargs.py
[2025-08-25T12:47:18.223+0000] {logging_mixin.py:190} INFO - [2025-08-25T12:47:18.223+0000] {dag.py:3239} INFO - Sync 2 DAGs
[2025-08-25T12:47:18.241+0000] {logging_mixin.py:190} INFO - [2025-08-25T12:47:18.240+0000] {dag.py:4180} INFO - Setting next_dagrun for example_xcom_args to None, run_after=None
[2025-08-25T12:47:18.245+0000] {logging_mixin.py:190} INFO - [2025-08-25T12:47:18.245+0000] {dag.py:4180} INFO - Setting next_dagrun for example_xcom_args_with_operators to None, run_after=None
[2025-08-25T12:47:18.267+0000] {processor.py:208} INFO - Processing /home/airflow/.local/lib/python3.12/site-packages/airflow/example_dags/example_xcomargs.py took 0.097 seconds
[2025-08-25T12:47:48.665+0000] {processor.py:186} INFO - Started process (PID=1627) to work on /home/airflow/.local/lib/python3.12/site-packages/airflow/example_dags/example_xcomargs.py
[2025-08-25T12:47:48.667+0000] {processor.py:914} INFO - Processing file /home/airflow/.local/lib/python3.12/site-packages/airflow/example_dags/example_xcomargs.py for tasks to queue
[2025-08-25T12:47:48.671+0000] {logging_mixin.py:190} INFO - [2025-08-25T12:47:48.671+0000] {dagbag.py:588} INFO - Filling up the DagBag from /home/airflow/.local/lib/python3.12/site-packages/airflow/example_dags/example_xcomargs.py
[2025-08-25T12:47:48.694+0000] {processor.py:925} INFO - DAG(s) 'example_xcom_args_with_operators', 'example_xcom_args' retrieved from /home/airflow/.local/lib/python3.12/site-packages/airflow/example_dags/example_xcomargs.py
[2025-08-25T12:47:48.753+0000] {logging_mixin.py:190} INFO - [2025-08-25T12:47:48.752+0000] {dag.py:3239} INFO - Sync 2 DAGs
[2025-08-25T12:47:48.781+0000] {logging_mixin.py:190} INFO - [2025-08-25T12:47:48.781+0000] {dag.py:4180} INFO - Setting next_dagrun for example_xcom_args to None, run_after=None
[2025-08-25T12:47:48.788+0000] {logging_mixin.py:190} INFO - [2025-08-25T12:47:48.787+0000] {dag.py:4180} INFO - Setting next_dagrun for example_xcom_args_with_operators to None, run_after=None
[2025-08-25T12:47:48.820+0000] {processor.py:208} INFO - Processing /home/airflow/.local/lib/python3.12/site-packages/airflow/example_dags/example_xcomargs.py took 0.165 seconds
[2025-08-25T12:48:19.339+0000] {processor.py:186} INFO - Started process (PID=1691) to work on /home/airflow/.local/lib/python3.12/site-packages/airflow/example_dags/example_xcomargs.py
[2025-08-25T12:48:19.340+0000] {processor.py:914} INFO - Processing file /home/airflow/.local/lib/python3.12/site-packages/airflow/example_dags/example_xcomargs.py for tasks to queue
[2025-08-25T12:48:19.343+0000] {logging_mixin.py:190} INFO - [2025-08-25T12:48:19.342+0000] {dagbag.py:588} INFO - Filling up the DagBag from /home/airflow/.local/lib/python3.12/site-packages/airflow/example_dags/example_xcomargs.py
[2025-08-25T12:48:19.352+0000] {processor.py:925} INFO - DAG(s) 'example_xcom_args_with_operators', 'example_xcom_args' retrieved from /home/airflow/.local/lib/python3.12/site-packages/airflow/example_dags/example_xcomargs.py
[2025-08-25T12:48:19.385+0000] {logging_mixin.py:190} INFO - [2025-08-25T12:48:19.385+0000] {dag.py:3239} INFO - Sync 2 DAGs
[2025-08-25T12:48:19.413+0000] {logging_mixin.py:190} INFO - [2025-08-25T12:48:19.413+0000] {dag.py:4180} INFO - Setting next_dagrun for example_xcom_args to None, run_after=None
[2025-08-25T12:48:19.419+0000] {logging_mixin.py:190} INFO - [2025-08-25T12:48:19.419+0000] {dag.py:4180} INFO - Setting next_dagrun for example_xcom_args_with_operators to None, run_after=None
[2025-08-25T12:48:19.443+0000] {processor.py:208} INFO - Processing /home/airflow/.local/lib/python3.12/site-packages/airflow/example_dags/example_xcomargs.py took 0.109 seconds
[2025-08-25T12:48:49.817+0000] {processor.py:186} INFO - Started process (PID=1756) to work on /home/airflow/.local/lib/python3.12/site-packages/airflow/example_dags/example_xcomargs.py
[2025-08-25T12:48:49.818+0000] {processor.py:914} INFO - Processing file /home/airflow/.local/lib/python3.12/site-packages/airflow/example_dags/example_xcomargs.py for tasks to queue
[2025-08-25T12:48:49.824+0000] {logging_mixin.py:190} INFO - [2025-08-25T12:48:49.823+0000] {dagbag.py:588} INFO - Filling up the DagBag from /home/airflow/.local/lib/python3.12/site-packages/airflow/example_dags/example_xcomargs.py
[2025-08-25T12:48:49.841+0000] {processor.py:925} INFO - DAG(s) 'example_xcom_args', 'example_xcom_args_with_operators' retrieved from /home/airflow/.local/lib/python3.12/site-packages/airflow/example_dags/example_xcomargs.py
[2025-08-25T12:48:49.876+0000] {logging_mixin.py:190} INFO - [2025-08-25T12:48:49.876+0000] {dag.py:3239} INFO - Sync 2 DAGs
[2025-08-25T12:48:49.904+0000] {logging_mixin.py:190} INFO - [2025-08-25T12:48:49.903+0000] {dag.py:4180} INFO - Setting next_dagrun for example_xcom_args to None, run_after=None
[2025-08-25T12:48:49.911+0000] {logging_mixin.py:190} INFO - [2025-08-25T12:48:49.911+0000] {dag.py:4180} INFO - Setting next_dagrun for example_xcom_args_with_operators to None, run_after=None
[2025-08-25T12:48:49.938+0000] {processor.py:208} INFO - Processing /home/airflow/.local/lib/python3.12/site-packages/airflow/example_dags/example_xcomargs.py took 0.135 seconds
[2025-08-25T12:49:20.422+0000] {processor.py:186} INFO - Started process (PID=1820) to work on /home/airflow/.local/lib/python3.12/site-packages/airflow/example_dags/example_xcomargs.py
[2025-08-25T12:49:20.423+0000] {processor.py:914} INFO - Processing file /home/airflow/.local/lib/python3.12/site-packages/airflow/example_dags/example_xcomargs.py for tasks to queue
[2025-08-25T12:49:20.425+0000] {logging_mixin.py:190} INFO - [2025-08-25T12:49:20.425+0000] {dagbag.py:588} INFO - Filling up the DagBag from /home/airflow/.local/lib/python3.12/site-packages/airflow/example_dags/example_xcomargs.py
[2025-08-25T12:49:20.438+0000] {processor.py:925} INFO - DAG(s) 'example_xcom_args_with_operators', 'example_xcom_args' retrieved from /home/airflow/.local/lib/python3.12/site-packages/airflow/example_dags/example_xcomargs.py
[2025-08-25T12:49:20.472+0000] {logging_mixin.py:190} INFO - [2025-08-25T12:49:20.471+0000] {dag.py:3239} INFO - Sync 2 DAGs
[2025-08-25T12:49:20.494+0000] {logging_mixin.py:190} INFO - [2025-08-25T12:49:20.494+0000] {dag.py:4180} INFO - Setting next_dagrun for example_xcom_args to None, run_after=None
[2025-08-25T12:49:20.499+0000] {logging_mixin.py:190} INFO - [2025-08-25T12:49:20.499+0000] {dag.py:4180} INFO - Setting next_dagrun for example_xcom_args_with_operators to None, run_after=None
[2025-08-25T12:49:20.524+0000] {processor.py:208} INFO - Processing /home/airflow/.local/lib/python3.12/site-packages/airflow/example_dags/example_xcomargs.py took 0.110 seconds
[2025-08-25T12:49:51.095+0000] {processor.py:186} INFO - Started process (PID=1884) to work on /home/airflow/.local/lib/python3.12/site-packages/airflow/example_dags/example_xcomargs.py
[2025-08-25T12:49:51.096+0000] {processor.py:914} INFO - Processing file /home/airflow/.local/lib/python3.12/site-packages/airflow/example_dags/example_xcomargs.py for tasks to queue
[2025-08-25T12:49:51.099+0000] {logging_mixin.py:190} INFO - [2025-08-25T12:49:51.098+0000] {dagbag.py:588} INFO - Filling up the DagBag from /home/airflow/.local/lib/python3.12/site-packages/airflow/example_dags/example_xcomargs.py
[2025-08-25T12:49:51.108+0000] {processor.py:925} INFO - DAG(s) 'example_xcom_args', 'example_xcom_args_with_operators' retrieved from /home/airflow/.local/lib/python3.12/site-packages/airflow/example_dags/example_xcomargs.py
[2025-08-25T12:49:51.144+0000] {logging_mixin.py:190} INFO - [2025-08-25T12:49:51.144+0000] {dag.py:3239} INFO - Sync 2 DAGs
[2025-08-25T12:49:51.165+0000] {logging_mixin.py:190} INFO - [2025-08-25T12:49:51.164+0000] {dag.py:4180} INFO - Setting next_dagrun for example_xcom_args to None, run_after=None
[2025-08-25T12:49:51.172+0000] {logging_mixin.py:190} INFO - [2025-08-25T12:49:51.172+0000] {dag.py:4180} INFO - Setting next_dagrun for example_xcom_args_with_operators to None, run_after=None
[2025-08-25T12:49:51.204+0000] {processor.py:208} INFO - Processing /home/airflow/.local/lib/python3.12/site-packages/airflow/example_dags/example_xcomargs.py took 0.115 seconds
[2025-08-25T12:50:22.037+0000] {processor.py:186} INFO - Started process (PID=1948) to work on /home/airflow/.local/lib/python3.12/site-packages/airflow/example_dags/example_xcomargs.py
[2025-08-25T12:50:22.039+0000] {processor.py:914} INFO - Processing file /home/airflow/.local/lib/python3.12/site-packages/airflow/example_dags/example_xcomargs.py for tasks to queue
[2025-08-25T12:50:22.043+0000] {logging_mixin.py:190} INFO - [2025-08-25T12:50:22.042+0000] {dagbag.py:588} INFO - Filling up the DagBag from /home/airflow/.local/lib/python3.12/site-packages/airflow/example_dags/example_xcomargs.py
[2025-08-25T12:50:22.060+0000] {processor.py:925} INFO - DAG(s) 'example_xcom_args', 'example_xcom_args_with_operators' retrieved from /home/airflow/.local/lib/python3.12/site-packages/airflow/example_dags/example_xcomargs.py
[2025-08-25T12:50:22.112+0000] {logging_mixin.py:190} INFO - [2025-08-25T12:50:22.112+0000] {dag.py:3239} INFO - Sync 2 DAGs
[2025-08-25T12:50:22.145+0000] {logging_mixin.py:190} INFO - [2025-08-25T12:50:22.144+0000] {dag.py:4180} INFO - Setting next_dagrun for example_xcom_args to None, run_after=None
[2025-08-25T12:50:22.154+0000] {logging_mixin.py:190} INFO - [2025-08-25T12:50:22.154+0000] {dag.py:4180} INFO - Setting next_dagrun for example_xcom_args_with_operators to None, run_after=None
[2025-08-25T12:50:22.193+0000] {processor.py:208} INFO - Processing /home/airflow/.local/lib/python3.12/site-packages/airflow/example_dags/example_xcomargs.py took 0.167 seconds
[2025-08-25T12:50:52.393+0000] {processor.py:186} INFO - Started process (PID=2012) to work on /home/airflow/.local/lib/python3.12/site-packages/airflow/example_dags/example_xcomargs.py
[2025-08-25T12:50:52.394+0000] {processor.py:914} INFO - Processing file /home/airflow/.local/lib/python3.12/site-packages/airflow/example_dags/example_xcomargs.py for tasks to queue
[2025-08-25T12:50:52.397+0000] {logging_mixin.py:190} INFO - [2025-08-25T12:50:52.396+0000] {dagbag.py:588} INFO - Filling up the DagBag from /home/airflow/.local/lib/python3.12/site-packages/airflow/example_dags/example_xcomargs.py
[2025-08-25T12:50:52.408+0000] {processor.py:925} INFO - DAG(s) 'example_xcom_args_with_operators', 'example_xcom_args' retrieved from /home/airflow/.local/lib/python3.12/site-packages/airflow/example_dags/example_xcomargs.py
[2025-08-25T12:50:52.441+0000] {logging_mixin.py:190} INFO - [2025-08-25T12:50:52.440+0000] {dag.py:3239} INFO - Sync 2 DAGs
[2025-08-25T12:50:52.461+0000] {logging_mixin.py:190} INFO - [2025-08-25T12:50:52.460+0000] {dag.py:4180} INFO - Setting next_dagrun for example_xcom_args to None, run_after=None
[2025-08-25T12:50:52.466+0000] {logging_mixin.py:190} INFO - [2025-08-25T12:50:52.466+0000] {dag.py:4180} INFO - Setting next_dagrun for example_xcom_args_with_operators to None, run_after=None
[2025-08-25T12:50:52.490+0000] {processor.py:208} INFO - Processing /home/airflow/.local/lib/python3.12/site-packages/airflow/example_dags/example_xcomargs.py took 0.104 seconds
[2025-08-25T12:51:22.862+0000] {processor.py:186} INFO - Started process (PID=2076) to work on /home/airflow/.local/lib/python3.12/site-packages/airflow/example_dags/example_xcomargs.py
[2025-08-25T12:51:22.864+0000] {processor.py:914} INFO - Processing file /home/airflow/.local/lib/python3.12/site-packages/airflow/example_dags/example_xcomargs.py for tasks to queue
[2025-08-25T12:51:22.870+0000] {logging_mixin.py:190} INFO - [2025-08-25T12:51:22.869+0000] {dagbag.py:588} INFO - Filling up the DagBag from /home/airflow/.local/lib/python3.12/site-packages/airflow/example_dags/example_xcomargs.py
[2025-08-25T12:51:22.891+0000] {processor.py:925} INFO - DAG(s) 'example_xcom_args_with_operators', 'example_xcom_args' retrieved from /home/airflow/.local/lib/python3.12/site-packages/airflow/example_dags/example_xcomargs.py
[2025-08-25T12:51:22.928+0000] {logging_mixin.py:190} INFO - [2025-08-25T12:51:22.928+0000] {dag.py:3239} INFO - Sync 2 DAGs
[2025-08-25T12:51:22.956+0000] {logging_mixin.py:190} INFO - [2025-08-25T12:51:22.955+0000] {dag.py:4180} INFO - Setting next_dagrun for example_xcom_args to None, run_after=None
[2025-08-25T12:51:22.964+0000] {logging_mixin.py:190} INFO - [2025-08-25T12:51:22.963+0000] {dag.py:4180} INFO - Setting next_dagrun for example_xcom_args_with_operators to None, run_after=None
[2025-08-25T12:51:23.012+0000] {processor.py:208} INFO - Processing /home/airflow/.local/lib/python3.12/site-packages/airflow/example_dags/example_xcomargs.py took 0.163 seconds
[2025-08-25T12:51:53.753+0000] {processor.py:186} INFO - Started process (PID=2140) to work on /home/airflow/.local/lib/python3.12/site-packages/airflow/example_dags/example_xcomargs.py
[2025-08-25T12:51:53.754+0000] {processor.py:914} INFO - Processing file /home/airflow/.local/lib/python3.12/site-packages/airflow/example_dags/example_xcomargs.py for tasks to queue
[2025-08-25T12:51:53.756+0000] {logging_mixin.py:190} INFO - [2025-08-25T12:51:53.756+0000] {dagbag.py:588} INFO - Filling up the DagBag from /home/airflow/.local/lib/python3.12/site-packages/airflow/example_dags/example_xcomargs.py
[2025-08-25T12:51:53.767+0000] {processor.py:925} INFO - DAG(s) 'example_xcom_args_with_operators', 'example_xcom_args' retrieved from /home/airflow/.local/lib/python3.12/site-packages/airflow/example_dags/example_xcomargs.py
[2025-08-25T12:51:53.800+0000] {logging_mixin.py:190} INFO - [2025-08-25T12:51:53.800+0000] {dag.py:3239} INFO - Sync 2 DAGs
[2025-08-25T12:51:53.824+0000] {logging_mixin.py:190} INFO - [2025-08-25T12:51:53.824+0000] {dag.py:4180} INFO - Setting next_dagrun for example_xcom_args to None, run_after=None
[2025-08-25T12:51:53.832+0000] {logging_mixin.py:190} INFO - [2025-08-25T12:51:53.831+0000] {dag.py:4180} INFO - Setting next_dagrun for example_xcom_args_with_operators to None, run_after=None
[2025-08-25T12:51:53.859+0000] {processor.py:208} INFO - Processing /home/airflow/.local/lib/python3.12/site-packages/airflow/example_dags/example_xcomargs.py took 0.112 seconds
[2025-08-25T12:52:24.473+0000] {processor.py:186} INFO - Started process (PID=2204) to work on /home/airflow/.local/lib/python3.12/site-packages/airflow/example_dags/example_xcomargs.py
[2025-08-25T12:52:24.475+0000] {processor.py:914} INFO - Processing file /home/airflow/.local/lib/python3.12/site-packages/airflow/example_dags/example_xcomargs.py for tasks to queue
[2025-08-25T12:52:24.479+0000] {logging_mixin.py:190} INFO - [2025-08-25T12:52:24.479+0000] {dagbag.py:588} INFO - Filling up the DagBag from /home/airflow/.local/lib/python3.12/site-packages/airflow/example_dags/example_xcomargs.py
[2025-08-25T12:52:24.493+0000] {processor.py:925} INFO - DAG(s) 'example_xcom_args', 'example_xcom_args_with_operators' retrieved from /home/airflow/.local/lib/python3.12/site-packages/airflow/example_dags/example_xcomargs.py
[2025-08-25T12:52:24.538+0000] {logging_mixin.py:190} INFO - [2025-08-25T12:52:24.537+0000] {dag.py:3239} INFO - Sync 2 DAGs
[2025-08-25T12:52:24.564+0000] {logging_mixin.py:190} INFO - [2025-08-25T12:52:24.564+0000] {dag.py:4180} INFO - Setting next_dagrun for example_xcom_args to None, run_after=None
[2025-08-25T12:52:24.571+0000] {logging_mixin.py:190} INFO - [2025-08-25T12:52:24.570+0000] {dag.py:4180} INFO - Setting next_dagrun for example_xcom_args_with_operators to None, run_after=None
[2025-08-25T12:52:24.605+0000] {processor.py:208} INFO - Processing /home/airflow/.local/lib/python3.12/site-packages/airflow/example_dags/example_xcomargs.py took 0.143 seconds
[2025-08-25T12:52:54.813+0000] {processor.py:186} INFO - Started process (PID=2268) to work on /home/airflow/.local/lib/python3.12/site-packages/airflow/example_dags/example_xcomargs.py
[2025-08-25T12:52:54.815+0000] {processor.py:914} INFO - Processing file /home/airflow/.local/lib/python3.12/site-packages/airflow/example_dags/example_xcomargs.py for tasks to queue
[2025-08-25T12:52:54.818+0000] {logging_mixin.py:190} INFO - [2025-08-25T12:52:54.817+0000] {dagbag.py:588} INFO - Filling up the DagBag from /home/airflow/.local/lib/python3.12/site-packages/airflow/example_dags/example_xcomargs.py
[2025-08-25T12:52:54.828+0000] {processor.py:925} INFO - DAG(s) 'example_xcom_args_with_operators', 'example_xcom_args' retrieved from /home/airflow/.local/lib/python3.12/site-packages/airflow/example_dags/example_xcomargs.py
[2025-08-25T12:52:54.859+0000] {logging_mixin.py:190} INFO - [2025-08-25T12:52:54.859+0000] {dag.py:3239} INFO - Sync 2 DAGs
[2025-08-25T12:52:54.878+0000] {logging_mixin.py:190} INFO - [2025-08-25T12:52:54.877+0000] {dag.py:4180} INFO - Setting next_dagrun for example_xcom_args to None, run_after=None
[2025-08-25T12:52:54.883+0000] {logging_mixin.py:190} INFO - [2025-08-25T12:52:54.882+0000] {dag.py:4180} INFO - Setting next_dagrun for example_xcom_args_with_operators to None, run_after=None
[2025-08-25T12:52:54.906+0000] {processor.py:208} INFO - Processing /home/airflow/.local/lib/python3.12/site-packages/airflow/example_dags/example_xcomargs.py took 0.102 seconds
[2025-08-25T12:53:25.693+0000] {processor.py:186} INFO - Started process (PID=2332) to work on /home/airflow/.local/lib/python3.12/site-packages/airflow/example_dags/example_xcomargs.py
[2025-08-25T12:53:25.695+0000] {processor.py:914} INFO - Processing file /home/airflow/.local/lib/python3.12/site-packages/airflow/example_dags/example_xcomargs.py for tasks to queue
[2025-08-25T12:53:25.697+0000] {logging_mixin.py:190} INFO - [2025-08-25T12:53:25.697+0000] {dagbag.py:588} INFO - Filling up the DagBag from /home/airflow/.local/lib/python3.12/site-packages/airflow/example_dags/example_xcomargs.py
[2025-08-25T12:53:25.710+0000] {processor.py:925} INFO - DAG(s) 'example_xcom_args', 'example_xcom_args_with_operators' retrieved from /home/airflow/.local/lib/python3.12/site-packages/airflow/example_dags/example_xcomargs.py
[2025-08-25T12:53:25.743+0000] {logging_mixin.py:190} INFO - [2025-08-25T12:53:25.742+0000] {dag.py:3239} INFO - Sync 2 DAGs
[2025-08-25T12:53:25.762+0000] {logging_mixin.py:190} INFO - [2025-08-25T12:53:25.762+0000] {dag.py:4180} INFO - Setting next_dagrun for example_xcom_args to None, run_after=None
[2025-08-25T12:53:25.768+0000] {logging_mixin.py:190} INFO - [2025-08-25T12:53:25.768+0000] {dag.py:4180} INFO - Setting next_dagrun for example_xcom_args_with_operators to None, run_after=None
[2025-08-25T12:53:25.796+0000] {processor.py:208} INFO - Processing /home/airflow/.local/lib/python3.12/site-packages/airflow/example_dags/example_xcomargs.py took 0.110 seconds
[2025-08-25T12:53:56.312+0000] {processor.py:186} INFO - Started process (PID=2396) to work on /home/airflow/.local/lib/python3.12/site-packages/airflow/example_dags/example_xcomargs.py
[2025-08-25T12:53:56.313+0000] {processor.py:914} INFO - Processing file /home/airflow/.local/lib/python3.12/site-packages/airflow/example_dags/example_xcomargs.py for tasks to queue
[2025-08-25T12:53:56.315+0000] {logging_mixin.py:190} INFO - [2025-08-25T12:53:56.315+0000] {dagbag.py:588} INFO - Filling up the DagBag from /home/airflow/.local/lib/python3.12/site-packages/airflow/example_dags/example_xcomargs.py
[2025-08-25T12:53:56.325+0000] {processor.py:925} INFO - DAG(s) 'example_xcom_args', 'example_xcom_args_with_operators' retrieved from /home/airflow/.local/lib/python3.12/site-packages/airflow/example_dags/example_xcomargs.py
[2025-08-25T12:53:56.357+0000] {logging_mixin.py:190} INFO - [2025-08-25T12:53:56.357+0000] {dag.py:3239} INFO - Sync 2 DAGs
[2025-08-25T12:53:56.382+0000] {logging_mixin.py:190} INFO - [2025-08-25T12:53:56.382+0000] {dag.py:4180} INFO - Setting next_dagrun for example_xcom_args to None, run_after=None
[2025-08-25T12:53:56.389+0000] {logging_mixin.py:190} INFO - [2025-08-25T12:53:56.388+0000] {dag.py:4180} INFO - Setting next_dagrun for example_xcom_args_with_operators to None, run_after=None
[2025-08-25T12:53:56.415+0000] {processor.py:208} INFO - Processing /home/airflow/.local/lib/python3.12/site-packages/airflow/example_dags/example_xcomargs.py took 0.109 seconds
[2025-08-25T12:54:27.219+0000] {processor.py:186} INFO - Started process (PID=2460) to work on /home/airflow/.local/lib/python3.12/site-packages/airflow/example_dags/example_xcomargs.py
[2025-08-25T12:54:27.221+0000] {processor.py:914} INFO - Processing file /home/airflow/.local/lib/python3.12/site-packages/airflow/example_dags/example_xcomargs.py for tasks to queue
[2025-08-25T12:54:27.225+0000] {logging_mixin.py:190} INFO - [2025-08-25T12:54:27.225+0000] {dagbag.py:588} INFO - Filling up the DagBag from /home/airflow/.local/lib/python3.12/site-packages/airflow/example_dags/example_xcomargs.py
[2025-08-25T12:54:27.244+0000] {processor.py:925} INFO - DAG(s) 'example_xcom_args', 'example_xcom_args_with_operators' retrieved from /home/airflow/.local/lib/python3.12/site-packages/airflow/example_dags/example_xcomargs.py
[2025-08-25T12:54:27.279+0000] {logging_mixin.py:190} INFO - [2025-08-25T12:54:27.279+0000] {dag.py:3239} INFO - Sync 2 DAGs
[2025-08-25T12:54:27.300+0000] {logging_mixin.py:190} INFO - [2025-08-25T12:54:27.300+0000] {dag.py:4180} INFO - Setting next_dagrun for example_xcom_args to None, run_after=None
[2025-08-25T12:54:27.305+0000] {logging_mixin.py:190} INFO - [2025-08-25T12:54:27.305+0000] {dag.py:4180} INFO - Setting next_dagrun for example_xcom_args_with_operators to None, run_after=None
[2025-08-25T12:54:27.330+0000] {processor.py:208} INFO - Processing /home/airflow/.local/lib/python3.12/site-packages/airflow/example_dags/example_xcomargs.py took 0.122 seconds
[2025-08-25T12:54:58.268+0000] {processor.py:186} INFO - Started process (PID=2524) to work on /home/airflow/.local/lib/python3.12/site-packages/airflow/example_dags/example_xcomargs.py
[2025-08-25T12:54:58.269+0000] {processor.py:914} INFO - Processing file /home/airflow/.local/lib/python3.12/site-packages/airflow/example_dags/example_xcomargs.py for tasks to queue
[2025-08-25T12:54:58.272+0000] {logging_mixin.py:190} INFO - [2025-08-25T12:54:58.272+0000] {dagbag.py:588} INFO - Filling up the DagBag from /home/airflow/.local/lib/python3.12/site-packages/airflow/example_dags/example_xcomargs.py
[2025-08-25T12:54:58.286+0000] {processor.py:925} INFO - DAG(s) 'example_xcom_args', 'example_xcom_args_with_operators' retrieved from /home/airflow/.local/lib/python3.12/site-packages/airflow/example_dags/example_xcomargs.py
[2025-08-25T12:54:58.322+0000] {logging_mixin.py:190} INFO - [2025-08-25T12:54:58.322+0000] {dag.py:3239} INFO - Sync 2 DAGs
[2025-08-25T12:54:58.342+0000] {logging_mixin.py:190} INFO - [2025-08-25T12:54:58.341+0000] {dag.py:4180} INFO - Setting next_dagrun for example_xcom_args to None, run_after=None
[2025-08-25T12:54:58.348+0000] {logging_mixin.py:190} INFO - [2025-08-25T12:54:58.348+0000] {dag.py:4180} INFO - Setting next_dagrun for example_xcom_args_with_operators to None, run_after=None
[2025-08-25T12:54:58.370+0000] {processor.py:208} INFO - Processing /home/airflow/.local/lib/python3.12/site-packages/airflow/example_dags/example_xcomargs.py took 0.112 seconds
[2025-08-25T12:55:28.954+0000] {processor.py:186} INFO - Started process (PID=2588) to work on /home/airflow/.local/lib/python3.12/site-packages/airflow/example_dags/example_xcomargs.py
[2025-08-25T12:55:28.955+0000] {processor.py:914} INFO - Processing file /home/airflow/.local/lib/python3.12/site-packages/airflow/example_dags/example_xcomargs.py for tasks to queue
[2025-08-25T12:55:28.957+0000] {logging_mixin.py:190} INFO - [2025-08-25T12:55:28.957+0000] {dagbag.py:588} INFO - Filling up the DagBag from /home/airflow/.local/lib/python3.12/site-packages/airflow/example_dags/example_xcomargs.py
[2025-08-25T12:55:28.967+0000] {processor.py:925} INFO - DAG(s) 'example_xcom_args', 'example_xcom_args_with_operators' retrieved from /home/airflow/.local/lib/python3.12/site-packages/airflow/example_dags/example_xcomargs.py
[2025-08-25T12:55:28.998+0000] {logging_mixin.py:190} INFO - [2025-08-25T12:55:28.997+0000] {dag.py:3239} INFO - Sync 2 DAGs
[2025-08-25T12:55:29.017+0000] {logging_mixin.py:190} INFO - [2025-08-25T12:55:29.017+0000] {dag.py:4180} INFO - Setting next_dagrun for example_xcom_args to None, run_after=None
[2025-08-25T12:55:29.022+0000] {logging_mixin.py:190} INFO - [2025-08-25T12:55:29.022+0000] {dag.py:4180} INFO - Setting next_dagrun for example_xcom_args_with_operators to None, run_after=None
[2025-08-25T12:55:29.046+0000] {processor.py:208} INFO - Processing /home/airflow/.local/lib/python3.12/site-packages/airflow/example_dags/example_xcomargs.py took 0.098 seconds
[2025-08-25T12:55:59.569+0000] {processor.py:186} INFO - Started process (PID=2652) to work on /home/airflow/.local/lib/python3.12/site-packages/airflow/example_dags/example_xcomargs.py
[2025-08-25T12:55:59.570+0000] {processor.py:914} INFO - Processing file /home/airflow/.local/lib/python3.12/site-packages/airflow/example_dags/example_xcomargs.py for tasks to queue
[2025-08-25T12:55:59.573+0000] {logging_mixin.py:190} INFO - [2025-08-25T12:55:59.573+0000] {dagbag.py:588} INFO - Filling up the DagBag from /home/airflow/.local/lib/python3.12/site-packages/airflow/example_dags/example_xcomargs.py
[2025-08-25T12:55:59.587+0000] {processor.py:925} INFO - DAG(s) 'example_xcom_args_with_operators', 'example_xcom_args' retrieved from /home/airflow/.local/lib/python3.12/site-packages/airflow/example_dags/example_xcomargs.py
[2025-08-25T12:55:59.623+0000] {logging_mixin.py:190} INFO - [2025-08-25T12:55:59.622+0000] {dag.py:3239} INFO - Sync 2 DAGs
[2025-08-25T12:55:59.646+0000] {logging_mixin.py:190} INFO - [2025-08-25T12:55:59.646+0000] {dag.py:4180} INFO - Setting next_dagrun for example_xcom_args to None, run_after=None
[2025-08-25T12:55:59.652+0000] {logging_mixin.py:190} INFO - [2025-08-25T12:55:59.652+0000] {dag.py:4180} INFO - Setting next_dagrun for example_xcom_args_with_operators to None, run_after=None
[2025-08-25T12:55:59.677+0000] {processor.py:208} INFO - Processing /home/airflow/.local/lib/python3.12/site-packages/airflow/example_dags/example_xcomargs.py took 0.118 seconds
[2025-08-25T12:56:30.711+0000] {processor.py:186} INFO - Started process (PID=2722) to work on /home/airflow/.local/lib/python3.12/site-packages/airflow/example_dags/example_xcomargs.py
[2025-08-25T12:56:30.712+0000] {processor.py:914} INFO - Processing file /home/airflow/.local/lib/python3.12/site-packages/airflow/example_dags/example_xcomargs.py for tasks to queue
[2025-08-25T12:56:30.715+0000] {logging_mixin.py:190} INFO - [2025-08-25T12:56:30.715+0000] {dagbag.py:588} INFO - Filling up the DagBag from /home/airflow/.local/lib/python3.12/site-packages/airflow/example_dags/example_xcomargs.py
[2025-08-25T12:56:30.727+0000] {processor.py:925} INFO - DAG(s) 'example_xcom_args', 'example_xcom_args_with_operators' retrieved from /home/airflow/.local/lib/python3.12/site-packages/airflow/example_dags/example_xcomargs.py
[2025-08-25T12:56:30.760+0000] {logging_mixin.py:190} INFO - [2025-08-25T12:56:30.760+0000] {dag.py:3239} INFO - Sync 2 DAGs
[2025-08-25T12:56:30.779+0000] {logging_mixin.py:190} INFO - [2025-08-25T12:56:30.779+0000] {dag.py:4180} INFO - Setting next_dagrun for example_xcom_args to None, run_after=None
[2025-08-25T12:56:30.784+0000] {logging_mixin.py:190} INFO - [2025-08-25T12:56:30.784+0000] {dag.py:4180} INFO - Setting next_dagrun for example_xcom_args_with_operators to None, run_after=None
[2025-08-25T12:56:30.806+0000] {processor.py:208} INFO - Processing /home/airflow/.local/lib/python3.12/site-packages/airflow/example_dags/example_xcomargs.py took 0.105 seconds
[2025-08-25T12:57:01.805+0000] {processor.py:186} INFO - Started process (PID=2786) to work on /home/airflow/.local/lib/python3.12/site-packages/airflow/example_dags/example_xcomargs.py
[2025-08-25T12:57:01.806+0000] {processor.py:914} INFO - Processing file /home/airflow/.local/lib/python3.12/site-packages/airflow/example_dags/example_xcomargs.py for tasks to queue
[2025-08-25T12:57:01.808+0000] {logging_mixin.py:190} INFO - [2025-08-25T12:57:01.808+0000] {dagbag.py:588} INFO - Filling up the DagBag from /home/airflow/.local/lib/python3.12/site-packages/airflow/example_dags/example_xcomargs.py
[2025-08-25T12:57:01.821+0000] {processor.py:925} INFO - DAG(s) 'example_xcom_args', 'example_xcom_args_with_operators' retrieved from /home/airflow/.local/lib/python3.12/site-packages/airflow/example_dags/example_xcomargs.py
[2025-08-25T12:57:01.858+0000] {logging_mixin.py:190} INFO - [2025-08-25T12:57:01.858+0000] {dag.py:3239} INFO - Sync 2 DAGs
[2025-08-25T12:57:01.877+0000] {logging_mixin.py:190} INFO - [2025-08-25T12:57:01.877+0000] {dag.py:4180} INFO - Setting next_dagrun for example_xcom_args to None, run_after=None
[2025-08-25T12:57:01.882+0000] {logging_mixin.py:190} INFO - [2025-08-25T12:57:01.882+0000] {dag.py:4180} INFO - Setting next_dagrun for example_xcom_args_with_operators to None, run_after=None
[2025-08-25T12:57:01.906+0000] {processor.py:208} INFO - Processing /home/airflow/.local/lib/python3.12/site-packages/airflow/example_dags/example_xcomargs.py took 0.109 seconds
