[2025-08-25T12:35:40.552+0000] {processor.py:186} INFO - Started process (PID=121) to work on /home/airflow/.local/lib/python3.12/site-packages/airflow/example_dags/example_python_decorator.py
[2025-08-25T12:35:40.553+0000] {processor.py:914} INFO - Processing file /home/airflow/.local/lib/python3.12/site-packages/airflow/example_dags/example_python_decorator.py for tasks to queue
[2025-08-25T12:35:40.557+0000] {logging_mixin.py:190} INFO - [2025-08-25T12:35:40.556+0000] {dagbag.py:588} INFO - Filling up the DagBag from /home/airflow/.local/lib/python3.12/site-packages/airflow/example_dags/example_python_decorator.py
[2025-08-25T12:35:40.586+0000] {processor.py:925} INFO - DAG(s) 'example_python_decorator' retrieved from /home/airflow/.local/lib/python3.12/site-packages/airflow/example_dags/example_python_decorator.py
[2025-08-25T12:35:40.740+0000] {logging_mixin.py:190} INFO - [2025-08-25T12:35:40.739+0000] {override.py:1900} INFO - Created Permission View: can read on DAG:example_python_decorator
[2025-08-25T12:35:40.755+0000] {logging_mixin.py:190} INFO - [2025-08-25T12:35:40.755+0000] {override.py:1900} INFO - Created Permission View: can delete on DAG:example_python_decorator
[2025-08-25T12:35:40.764+0000] {logging_mixin.py:190} INFO - [2025-08-25T12:35:40.764+0000] {override.py:1900} INFO - Created Permission View: can edit on DAG:example_python_decorator
[2025-08-25T12:35:40.773+0000] {logging_mixin.py:190} INFO - [2025-08-25T12:35:40.773+0000] {override.py:1900} INFO - Created Permission View: can read on DAG Run:example_python_decorator
[2025-08-25T12:35:40.783+0000] {logging_mixin.py:190} INFO - [2025-08-25T12:35:40.782+0000] {override.py:1900} INFO - Created Permission View: menu access on DAG Run:example_python_decorator
[2025-08-25T12:35:40.792+0000] {logging_mixin.py:190} INFO - [2025-08-25T12:35:40.791+0000] {override.py:1900} INFO - Created Permission View: can delete on DAG Run:example_python_decorator
[2025-08-25T12:35:40.801+0000] {logging_mixin.py:190} INFO - [2025-08-25T12:35:40.800+0000] {override.py:1900} INFO - Created Permission View: can create on DAG Run:example_python_decorator
[2025-08-25T12:35:40.801+0000] {logging_mixin.py:190} INFO - [2025-08-25T12:35:40.801+0000] {dag.py:3239} INFO - Sync 1 DAGs
[2025-08-25T12:35:40.818+0000] {logging_mixin.py:190} INFO - [2025-08-25T12:35:40.818+0000] {dag.py:3262} INFO - Creating ORM DAG for example_python_decorator
[2025-08-25T12:35:40.819+0000] {logging_mixin.py:190} INFO - [2025-08-25T12:35:40.819+0000] {dag.py:4180} INFO - Setting next_dagrun for example_python_decorator to None, run_after=None
[2025-08-25T12:35:40.842+0000] {processor.py:208} INFO - Processing /home/airflow/.local/lib/python3.12/site-packages/airflow/example_dags/example_python_decorator.py took 0.298 seconds
[2025-08-25T12:36:11.535+0000] {processor.py:186} INFO - Started process (PID=185) to work on /home/airflow/.local/lib/python3.12/site-packages/airflow/example_dags/example_python_decorator.py
[2025-08-25T12:36:11.537+0000] {processor.py:914} INFO - Processing file /home/airflow/.local/lib/python3.12/site-packages/airflow/example_dags/example_python_decorator.py for tasks to queue
[2025-08-25T12:36:11.539+0000] {logging_mixin.py:190} INFO - [2025-08-25T12:36:11.539+0000] {dagbag.py:588} INFO - Filling up the DagBag from /home/airflow/.local/lib/python3.12/site-packages/airflow/example_dags/example_python_decorator.py
[2025-08-25T12:36:11.553+0000] {processor.py:925} INFO - DAG(s) 'example_python_decorator' retrieved from /home/airflow/.local/lib/python3.12/site-packages/airflow/example_dags/example_python_decorator.py
[2025-08-25T12:36:11.581+0000] {logging_mixin.py:190} INFO - [2025-08-25T12:36:11.581+0000] {dag.py:3239} INFO - Sync 1 DAGs
[2025-08-25T12:36:11.607+0000] {logging_mixin.py:190} INFO - [2025-08-25T12:36:11.606+0000] {dag.py:4180} INFO - Setting next_dagrun for example_python_decorator to None, run_after=None
[2025-08-25T12:36:11.634+0000] {processor.py:208} INFO - Processing /home/airflow/.local/lib/python3.12/site-packages/airflow/example_dags/example_python_decorator.py took 0.108 seconds
[2025-08-25T12:36:42.397+0000] {processor.py:186} INFO - Started process (PID=249) to work on /home/airflow/.local/lib/python3.12/site-packages/airflow/example_dags/example_python_decorator.py
[2025-08-25T12:36:42.399+0000] {processor.py:914} INFO - Processing file /home/airflow/.local/lib/python3.12/site-packages/airflow/example_dags/example_python_decorator.py for tasks to queue
[2025-08-25T12:36:42.402+0000] {logging_mixin.py:190} INFO - [2025-08-25T12:36:42.401+0000] {dagbag.py:588} INFO - Filling up the DagBag from /home/airflow/.local/lib/python3.12/site-packages/airflow/example_dags/example_python_decorator.py
[2025-08-25T12:36:42.419+0000] {processor.py:925} INFO - DAG(s) 'example_python_decorator' retrieved from /home/airflow/.local/lib/python3.12/site-packages/airflow/example_dags/example_python_decorator.py
[2025-08-25T12:36:42.451+0000] {logging_mixin.py:190} INFO - [2025-08-25T12:36:42.450+0000] {dag.py:3239} INFO - Sync 1 DAGs
[2025-08-25T12:36:42.470+0000] {logging_mixin.py:190} INFO - [2025-08-25T12:36:42.470+0000] {dag.py:4180} INFO - Setting next_dagrun for example_python_decorator to None, run_after=None
[2025-08-25T12:36:42.496+0000] {processor.py:208} INFO - Processing /home/airflow/.local/lib/python3.12/site-packages/airflow/example_dags/example_python_decorator.py took 0.107 seconds
[2025-08-25T12:37:13.362+0000] {processor.py:186} INFO - Started process (PID=313) to work on /home/airflow/.local/lib/python3.12/site-packages/airflow/example_dags/example_python_decorator.py
[2025-08-25T12:37:13.364+0000] {processor.py:914} INFO - Processing file /home/airflow/.local/lib/python3.12/site-packages/airflow/example_dags/example_python_decorator.py for tasks to queue
[2025-08-25T12:37:13.366+0000] {logging_mixin.py:190} INFO - [2025-08-25T12:37:13.366+0000] {dagbag.py:588} INFO - Filling up the DagBag from /home/airflow/.local/lib/python3.12/site-packages/airflow/example_dags/example_python_decorator.py
[2025-08-25T12:37:13.380+0000] {processor.py:925} INFO - DAG(s) 'example_python_decorator' retrieved from /home/airflow/.local/lib/python3.12/site-packages/airflow/example_dags/example_python_decorator.py
[2025-08-25T12:37:13.414+0000] {logging_mixin.py:190} INFO - [2025-08-25T12:37:13.413+0000] {dag.py:3239} INFO - Sync 1 DAGs
[2025-08-25T12:37:13.434+0000] {logging_mixin.py:190} INFO - [2025-08-25T12:37:13.434+0000] {dag.py:4180} INFO - Setting next_dagrun for example_python_decorator to None, run_after=None
[2025-08-25T12:37:13.466+0000] {processor.py:208} INFO - Processing /home/airflow/.local/lib/python3.12/site-packages/airflow/example_dags/example_python_decorator.py took 0.110 seconds
[2025-08-25T12:37:44.386+0000] {processor.py:186} INFO - Started process (PID=377) to work on /home/airflow/.local/lib/python3.12/site-packages/airflow/example_dags/example_python_decorator.py
[2025-08-25T12:37:44.387+0000] {processor.py:914} INFO - Processing file /home/airflow/.local/lib/python3.12/site-packages/airflow/example_dags/example_python_decorator.py for tasks to queue
[2025-08-25T12:37:44.390+0000] {logging_mixin.py:190} INFO - [2025-08-25T12:37:44.390+0000] {dagbag.py:588} INFO - Filling up the DagBag from /home/airflow/.local/lib/python3.12/site-packages/airflow/example_dags/example_python_decorator.py
[2025-08-25T12:37:44.411+0000] {processor.py:925} INFO - DAG(s) 'example_python_decorator' retrieved from /home/airflow/.local/lib/python3.12/site-packages/airflow/example_dags/example_python_decorator.py
[2025-08-25T12:37:44.441+0000] {logging_mixin.py:190} INFO - [2025-08-25T12:37:44.440+0000] {dag.py:3239} INFO - Sync 1 DAGs
[2025-08-25T12:37:44.458+0000] {logging_mixin.py:190} INFO - [2025-08-25T12:37:44.458+0000] {dag.py:4180} INFO - Setting next_dagrun for example_python_decorator to None, run_after=None
[2025-08-25T12:37:44.483+0000] {processor.py:208} INFO - Processing /home/airflow/.local/lib/python3.12/site-packages/airflow/example_dags/example_python_decorator.py took 0.106 seconds
[2025-08-25T12:38:15.147+0000] {processor.py:186} INFO - Started process (PID=441) to work on /home/airflow/.local/lib/python3.12/site-packages/airflow/example_dags/example_python_decorator.py
[2025-08-25T12:38:15.148+0000] {processor.py:914} INFO - Processing file /home/airflow/.local/lib/python3.12/site-packages/airflow/example_dags/example_python_decorator.py for tasks to queue
[2025-08-25T12:38:15.151+0000] {logging_mixin.py:190} INFO - [2025-08-25T12:38:15.151+0000] {dagbag.py:588} INFO - Filling up the DagBag from /home/airflow/.local/lib/python3.12/site-packages/airflow/example_dags/example_python_decorator.py
[2025-08-25T12:38:15.173+0000] {processor.py:925} INFO - DAG(s) 'example_python_decorator' retrieved from /home/airflow/.local/lib/python3.12/site-packages/airflow/example_dags/example_python_decorator.py
[2025-08-25T12:38:15.206+0000] {logging_mixin.py:190} INFO - [2025-08-25T12:38:15.206+0000] {dag.py:3239} INFO - Sync 1 DAGs
[2025-08-25T12:38:15.231+0000] {logging_mixin.py:190} INFO - [2025-08-25T12:38:15.230+0000] {dag.py:4180} INFO - Setting next_dagrun for example_python_decorator to None, run_after=None
[2025-08-25T12:38:15.258+0000] {processor.py:208} INFO - Processing /home/airflow/.local/lib/python3.12/site-packages/airflow/example_dags/example_python_decorator.py took 0.121 seconds
[2025-08-25T12:38:45.727+0000] {processor.py:186} INFO - Started process (PID=505) to work on /home/airflow/.local/lib/python3.12/site-packages/airflow/example_dags/example_python_decorator.py
[2025-08-25T12:38:45.728+0000] {processor.py:914} INFO - Processing file /home/airflow/.local/lib/python3.12/site-packages/airflow/example_dags/example_python_decorator.py for tasks to queue
[2025-08-25T12:38:45.730+0000] {logging_mixin.py:190} INFO - [2025-08-25T12:38:45.730+0000] {dagbag.py:588} INFO - Filling up the DagBag from /home/airflow/.local/lib/python3.12/site-packages/airflow/example_dags/example_python_decorator.py
[2025-08-25T12:38:45.748+0000] {processor.py:925} INFO - DAG(s) 'example_python_decorator' retrieved from /home/airflow/.local/lib/python3.12/site-packages/airflow/example_dags/example_python_decorator.py
[2025-08-25T12:38:45.784+0000] {logging_mixin.py:190} INFO - [2025-08-25T12:38:45.784+0000] {dag.py:3239} INFO - Sync 1 DAGs
[2025-08-25T12:38:45.804+0000] {logging_mixin.py:190} INFO - [2025-08-25T12:38:45.804+0000] {dag.py:4180} INFO - Setting next_dagrun for example_python_decorator to None, run_after=None
[2025-08-25T12:38:45.837+0000] {processor.py:208} INFO - Processing /home/airflow/.local/lib/python3.12/site-packages/airflow/example_dags/example_python_decorator.py took 0.118 seconds
[2025-08-25T12:39:16.038+0000] {processor.py:186} INFO - Started process (PID=569) to work on /home/airflow/.local/lib/python3.12/site-packages/airflow/example_dags/example_python_decorator.py
[2025-08-25T12:39:16.039+0000] {processor.py:914} INFO - Processing file /home/airflow/.local/lib/python3.12/site-packages/airflow/example_dags/example_python_decorator.py for tasks to queue
[2025-08-25T12:39:16.043+0000] {logging_mixin.py:190} INFO - [2025-08-25T12:39:16.042+0000] {dagbag.py:588} INFO - Filling up the DagBag from /home/airflow/.local/lib/python3.12/site-packages/airflow/example_dags/example_python_decorator.py
[2025-08-25T12:39:16.065+0000] {processor.py:925} INFO - DAG(s) 'example_python_decorator' retrieved from /home/airflow/.local/lib/python3.12/site-packages/airflow/example_dags/example_python_decorator.py
[2025-08-25T12:39:16.097+0000] {logging_mixin.py:190} INFO - [2025-08-25T12:39:16.097+0000] {dag.py:3239} INFO - Sync 1 DAGs
[2025-08-25T12:39:16.116+0000] {logging_mixin.py:190} INFO - [2025-08-25T12:39:16.116+0000] {dag.py:4180} INFO - Setting next_dagrun for example_python_decorator to None, run_after=None
[2025-08-25T12:39:16.145+0000] {processor.py:208} INFO - Processing /home/airflow/.local/lib/python3.12/site-packages/airflow/example_dags/example_python_decorator.py took 0.117 seconds
[2025-08-25T12:39:46.405+0000] {processor.py:186} INFO - Started process (PID=633) to work on /home/airflow/.local/lib/python3.12/site-packages/airflow/example_dags/example_python_decorator.py
[2025-08-25T12:39:46.406+0000] {processor.py:914} INFO - Processing file /home/airflow/.local/lib/python3.12/site-packages/airflow/example_dags/example_python_decorator.py for tasks to queue
[2025-08-25T12:39:46.408+0000] {logging_mixin.py:190} INFO - [2025-08-25T12:39:46.407+0000] {dagbag.py:588} INFO - Filling up the DagBag from /home/airflow/.local/lib/python3.12/site-packages/airflow/example_dags/example_python_decorator.py
[2025-08-25T12:39:46.422+0000] {processor.py:925} INFO - DAG(s) 'example_python_decorator' retrieved from /home/airflow/.local/lib/python3.12/site-packages/airflow/example_dags/example_python_decorator.py
[2025-08-25T12:39:46.454+0000] {logging_mixin.py:190} INFO - [2025-08-25T12:39:46.454+0000] {dag.py:3239} INFO - Sync 1 DAGs
[2025-08-25T12:39:46.478+0000] {logging_mixin.py:190} INFO - [2025-08-25T12:39:46.478+0000] {dag.py:4180} INFO - Setting next_dagrun for example_python_decorator to None, run_after=None
[2025-08-25T12:39:46.507+0000] {processor.py:208} INFO - Processing /home/airflow/.local/lib/python3.12/site-packages/airflow/example_dags/example_python_decorator.py took 0.108 seconds
[2025-08-25T12:40:16.876+0000] {processor.py:186} INFO - Started process (PID=697) to work on /home/airflow/.local/lib/python3.12/site-packages/airflow/example_dags/example_python_decorator.py
[2025-08-25T12:40:16.877+0000] {processor.py:914} INFO - Processing file /home/airflow/.local/lib/python3.12/site-packages/airflow/example_dags/example_python_decorator.py for tasks to queue
[2025-08-25T12:40:16.880+0000] {logging_mixin.py:190} INFO - [2025-08-25T12:40:16.879+0000] {dagbag.py:588} INFO - Filling up the DagBag from /home/airflow/.local/lib/python3.12/site-packages/airflow/example_dags/example_python_decorator.py
[2025-08-25T12:40:16.897+0000] {processor.py:925} INFO - DAG(s) 'example_python_decorator' retrieved from /home/airflow/.local/lib/python3.12/site-packages/airflow/example_dags/example_python_decorator.py
[2025-08-25T12:40:16.927+0000] {logging_mixin.py:190} INFO - [2025-08-25T12:40:16.927+0000] {dag.py:3239} INFO - Sync 1 DAGs
[2025-08-25T12:40:16.945+0000] {logging_mixin.py:190} INFO - [2025-08-25T12:40:16.945+0000] {dag.py:4180} INFO - Setting next_dagrun for example_python_decorator to None, run_after=None
[2025-08-25T12:40:16.975+0000] {processor.py:208} INFO - Processing /home/airflow/.local/lib/python3.12/site-packages/airflow/example_dags/example_python_decorator.py took 0.109 seconds
[2025-08-25T12:40:47.697+0000] {processor.py:186} INFO - Started process (PID=764) to work on /home/airflow/.local/lib/python3.12/site-packages/airflow/example_dags/example_python_decorator.py
[2025-08-25T12:40:47.698+0000] {processor.py:914} INFO - Processing file /home/airflow/.local/lib/python3.12/site-packages/airflow/example_dags/example_python_decorator.py for tasks to queue
[2025-08-25T12:40:47.701+0000] {logging_mixin.py:190} INFO - [2025-08-25T12:40:47.701+0000] {dagbag.py:588} INFO - Filling up the DagBag from /home/airflow/.local/lib/python3.12/site-packages/airflow/example_dags/example_python_decorator.py
[2025-08-25T12:40:47.723+0000] {processor.py:925} INFO - DAG(s) 'example_python_decorator' retrieved from /home/airflow/.local/lib/python3.12/site-packages/airflow/example_dags/example_python_decorator.py
[2025-08-25T12:40:47.761+0000] {logging_mixin.py:190} INFO - [2025-08-25T12:40:47.760+0000] {dag.py:3239} INFO - Sync 1 DAGs
[2025-08-25T12:40:47.781+0000] {logging_mixin.py:190} INFO - [2025-08-25T12:40:47.780+0000] {dag.py:4180} INFO - Setting next_dagrun for example_python_decorator to None, run_after=None
[2025-08-25T12:40:47.807+0000] {processor.py:208} INFO - Processing /home/airflow/.local/lib/python3.12/site-packages/airflow/example_dags/example_python_decorator.py took 0.119 seconds
[2025-08-25T12:41:18.381+0000] {processor.py:186} INFO - Started process (PID=828) to work on /home/airflow/.local/lib/python3.12/site-packages/airflow/example_dags/example_python_decorator.py
[2025-08-25T12:41:18.382+0000] {processor.py:914} INFO - Processing file /home/airflow/.local/lib/python3.12/site-packages/airflow/example_dags/example_python_decorator.py for tasks to queue
[2025-08-25T12:41:18.384+0000] {logging_mixin.py:190} INFO - [2025-08-25T12:41:18.384+0000] {dagbag.py:588} INFO - Filling up the DagBag from /home/airflow/.local/lib/python3.12/site-packages/airflow/example_dags/example_python_decorator.py
[2025-08-25T12:41:18.402+0000] {processor.py:925} INFO - DAG(s) 'example_python_decorator' retrieved from /home/airflow/.local/lib/python3.12/site-packages/airflow/example_dags/example_python_decorator.py
[2025-08-25T12:41:18.431+0000] {logging_mixin.py:190} INFO - [2025-08-25T12:41:18.431+0000] {dag.py:3239} INFO - Sync 1 DAGs
[2025-08-25T12:41:18.449+0000] {logging_mixin.py:190} INFO - [2025-08-25T12:41:18.448+0000] {dag.py:4180} INFO - Setting next_dagrun for example_python_decorator to None, run_after=None
[2025-08-25T12:41:18.474+0000] {processor.py:208} INFO - Processing /home/airflow/.local/lib/python3.12/site-packages/airflow/example_dags/example_python_decorator.py took 0.101 seconds
[2025-08-25T12:41:48.985+0000] {processor.py:186} INFO - Started process (PID=892) to work on /home/airflow/.local/lib/python3.12/site-packages/airflow/example_dags/example_python_decorator.py
[2025-08-25T12:41:48.986+0000] {processor.py:914} INFO - Processing file /home/airflow/.local/lib/python3.12/site-packages/airflow/example_dags/example_python_decorator.py for tasks to queue
[2025-08-25T12:41:48.990+0000] {logging_mixin.py:190} INFO - [2025-08-25T12:41:48.990+0000] {dagbag.py:588} INFO - Filling up the DagBag from /home/airflow/.local/lib/python3.12/site-packages/airflow/example_dags/example_python_decorator.py
[2025-08-25T12:41:49.011+0000] {processor.py:925} INFO - DAG(s) 'example_python_decorator' retrieved from /home/airflow/.local/lib/python3.12/site-packages/airflow/example_dags/example_python_decorator.py
[2025-08-25T12:41:49.045+0000] {logging_mixin.py:190} INFO - [2025-08-25T12:41:49.045+0000] {dag.py:3239} INFO - Sync 1 DAGs
[2025-08-25T12:41:49.063+0000] {logging_mixin.py:190} INFO - [2025-08-25T12:41:49.063+0000] {dag.py:4180} INFO - Setting next_dagrun for example_python_decorator to None, run_after=None
[2025-08-25T12:41:49.092+0000] {processor.py:208} INFO - Processing /home/airflow/.local/lib/python3.12/site-packages/airflow/example_dags/example_python_decorator.py took 0.118 seconds
[2025-08-25T12:42:19.946+0000] {processor.py:186} INFO - Started process (PID=956) to work on /home/airflow/.local/lib/python3.12/site-packages/airflow/example_dags/example_python_decorator.py
[2025-08-25T12:42:19.947+0000] {processor.py:914} INFO - Processing file /home/airflow/.local/lib/python3.12/site-packages/airflow/example_dags/example_python_decorator.py for tasks to queue
[2025-08-25T12:42:19.950+0000] {logging_mixin.py:190} INFO - [2025-08-25T12:42:19.950+0000] {dagbag.py:588} INFO - Filling up the DagBag from /home/airflow/.local/lib/python3.12/site-packages/airflow/example_dags/example_python_decorator.py
[2025-08-25T12:42:19.970+0000] {processor.py:925} INFO - DAG(s) 'example_python_decorator' retrieved from /home/airflow/.local/lib/python3.12/site-packages/airflow/example_dags/example_python_decorator.py
[2025-08-25T12:42:20.007+0000] {logging_mixin.py:190} INFO - [2025-08-25T12:42:20.006+0000] {dag.py:3239} INFO - Sync 1 DAGs
[2025-08-25T12:42:20.028+0000] {logging_mixin.py:190} INFO - [2025-08-25T12:42:20.028+0000] {dag.py:4180} INFO - Setting next_dagrun for example_python_decorator to None, run_after=None
[2025-08-25T12:42:20.058+0000] {processor.py:208} INFO - Processing /home/airflow/.local/lib/python3.12/site-packages/airflow/example_dags/example_python_decorator.py took 0.119 seconds
[2025-08-25T12:42:50.581+0000] {processor.py:186} INFO - Started process (PID=1020) to work on /home/airflow/.local/lib/python3.12/site-packages/airflow/example_dags/example_python_decorator.py
[2025-08-25T12:42:50.582+0000] {processor.py:914} INFO - Processing file /home/airflow/.local/lib/python3.12/site-packages/airflow/example_dags/example_python_decorator.py for tasks to queue
[2025-08-25T12:42:50.585+0000] {logging_mixin.py:190} INFO - [2025-08-25T12:42:50.585+0000] {dagbag.py:588} INFO - Filling up the DagBag from /home/airflow/.local/lib/python3.12/site-packages/airflow/example_dags/example_python_decorator.py
[2025-08-25T12:42:50.607+0000] {processor.py:925} INFO - DAG(s) 'example_python_decorator' retrieved from /home/airflow/.local/lib/python3.12/site-packages/airflow/example_dags/example_python_decorator.py
[2025-08-25T12:42:50.640+0000] {logging_mixin.py:190} INFO - [2025-08-25T12:42:50.640+0000] {dag.py:3239} INFO - Sync 1 DAGs
[2025-08-25T12:42:50.659+0000] {logging_mixin.py:190} INFO - [2025-08-25T12:42:50.659+0000] {dag.py:4180} INFO - Setting next_dagrun for example_python_decorator to None, run_after=None
[2025-08-25T12:42:50.687+0000] {processor.py:208} INFO - Processing /home/airflow/.local/lib/python3.12/site-packages/airflow/example_dags/example_python_decorator.py took 0.113 seconds
[2025-08-25T12:43:21.331+0000] {processor.py:186} INFO - Started process (PID=1084) to work on /home/airflow/.local/lib/python3.12/site-packages/airflow/example_dags/example_python_decorator.py
[2025-08-25T12:43:21.333+0000] {processor.py:914} INFO - Processing file /home/airflow/.local/lib/python3.12/site-packages/airflow/example_dags/example_python_decorator.py for tasks to queue
[2025-08-25T12:43:21.336+0000] {logging_mixin.py:190} INFO - [2025-08-25T12:43:21.336+0000] {dagbag.py:588} INFO - Filling up the DagBag from /home/airflow/.local/lib/python3.12/site-packages/airflow/example_dags/example_python_decorator.py
[2025-08-25T12:43:21.353+0000] {processor.py:925} INFO - DAG(s) 'example_python_decorator' retrieved from /home/airflow/.local/lib/python3.12/site-packages/airflow/example_dags/example_python_decorator.py
[2025-08-25T12:43:21.387+0000] {logging_mixin.py:190} INFO - [2025-08-25T12:43:21.386+0000] {dag.py:3239} INFO - Sync 1 DAGs
[2025-08-25T12:43:21.407+0000] {logging_mixin.py:190} INFO - [2025-08-25T12:43:21.406+0000] {dag.py:4180} INFO - Setting next_dagrun for example_python_decorator to None, run_after=None
[2025-08-25T12:43:21.436+0000] {processor.py:208} INFO - Processing /home/airflow/.local/lib/python3.12/site-packages/airflow/example_dags/example_python_decorator.py took 0.115 seconds
[2025-08-25T12:43:52.032+0000] {processor.py:186} INFO - Started process (PID=1148) to work on /home/airflow/.local/lib/python3.12/site-packages/airflow/example_dags/example_python_decorator.py
[2025-08-25T12:43:52.033+0000] {processor.py:914} INFO - Processing file /home/airflow/.local/lib/python3.12/site-packages/airflow/example_dags/example_python_decorator.py for tasks to queue
[2025-08-25T12:43:52.036+0000] {logging_mixin.py:190} INFO - [2025-08-25T12:43:52.035+0000] {dagbag.py:588} INFO - Filling up the DagBag from /home/airflow/.local/lib/python3.12/site-packages/airflow/example_dags/example_python_decorator.py
[2025-08-25T12:43:52.055+0000] {processor.py:925} INFO - DAG(s) 'example_python_decorator' retrieved from /home/airflow/.local/lib/python3.12/site-packages/airflow/example_dags/example_python_decorator.py
[2025-08-25T12:43:52.092+0000] {logging_mixin.py:190} INFO - [2025-08-25T12:43:52.092+0000] {dag.py:3239} INFO - Sync 1 DAGs
[2025-08-25T12:43:52.113+0000] {logging_mixin.py:190} INFO - [2025-08-25T12:43:52.113+0000] {dag.py:4180} INFO - Setting next_dagrun for example_python_decorator to None, run_after=None
[2025-08-25T12:43:52.145+0000] {processor.py:208} INFO - Processing /home/airflow/.local/lib/python3.12/site-packages/airflow/example_dags/example_python_decorator.py took 0.122 seconds
[2025-08-25T12:44:22.404+0000] {processor.py:186} INFO - Started process (PID=1212) to work on /home/airflow/.local/lib/python3.12/site-packages/airflow/example_dags/example_python_decorator.py
[2025-08-25T12:44:22.405+0000] {processor.py:914} INFO - Processing file /home/airflow/.local/lib/python3.12/site-packages/airflow/example_dags/example_python_decorator.py for tasks to queue
[2025-08-25T12:44:22.408+0000] {logging_mixin.py:190} INFO - [2025-08-25T12:44:22.408+0000] {dagbag.py:588} INFO - Filling up the DagBag from /home/airflow/.local/lib/python3.12/site-packages/airflow/example_dags/example_python_decorator.py
[2025-08-25T12:44:22.426+0000] {processor.py:925} INFO - DAG(s) 'example_python_decorator' retrieved from /home/airflow/.local/lib/python3.12/site-packages/airflow/example_dags/example_python_decorator.py
[2025-08-25T12:44:22.460+0000] {logging_mixin.py:190} INFO - [2025-08-25T12:44:22.459+0000] {dag.py:3239} INFO - Sync 1 DAGs
[2025-08-25T12:44:22.485+0000] {logging_mixin.py:190} INFO - [2025-08-25T12:44:22.484+0000] {dag.py:4180} INFO - Setting next_dagrun for example_python_decorator to None, run_after=None
[2025-08-25T12:44:22.523+0000] {processor.py:208} INFO - Processing /home/airflow/.local/lib/python3.12/site-packages/airflow/example_dags/example_python_decorator.py took 0.128 seconds
[2025-08-25T12:44:53.048+0000] {processor.py:186} INFO - Started process (PID=1276) to work on /home/airflow/.local/lib/python3.12/site-packages/airflow/example_dags/example_python_decorator.py
[2025-08-25T12:44:53.050+0000] {processor.py:914} INFO - Processing file /home/airflow/.local/lib/python3.12/site-packages/airflow/example_dags/example_python_decorator.py for tasks to queue
[2025-08-25T12:44:53.053+0000] {logging_mixin.py:190} INFO - [2025-08-25T12:44:53.052+0000] {dagbag.py:588} INFO - Filling up the DagBag from /home/airflow/.local/lib/python3.12/site-packages/airflow/example_dags/example_python_decorator.py
[2025-08-25T12:44:53.074+0000] {processor.py:925} INFO - DAG(s) 'example_python_decorator' retrieved from /home/airflow/.local/lib/python3.12/site-packages/airflow/example_dags/example_python_decorator.py
[2025-08-25T12:44:53.111+0000] {logging_mixin.py:190} INFO - [2025-08-25T12:44:53.111+0000] {dag.py:3239} INFO - Sync 1 DAGs
[2025-08-25T12:44:53.135+0000] {logging_mixin.py:190} INFO - [2025-08-25T12:44:53.135+0000] {dag.py:4180} INFO - Setting next_dagrun for example_python_decorator to None, run_after=None
[2025-08-25T12:44:53.162+0000] {processor.py:208} INFO - Processing /home/airflow/.local/lib/python3.12/site-packages/airflow/example_dags/example_python_decorator.py took 0.122 seconds
[2025-08-25T12:45:23.370+0000] {processor.py:186} INFO - Started process (PID=1340) to work on /home/airflow/.local/lib/python3.12/site-packages/airflow/example_dags/example_python_decorator.py
[2025-08-25T12:45:23.371+0000] {processor.py:914} INFO - Processing file /home/airflow/.local/lib/python3.12/site-packages/airflow/example_dags/example_python_decorator.py for tasks to queue
[2025-08-25T12:45:23.373+0000] {logging_mixin.py:190} INFO - [2025-08-25T12:45:23.372+0000] {dagbag.py:588} INFO - Filling up the DagBag from /home/airflow/.local/lib/python3.12/site-packages/airflow/example_dags/example_python_decorator.py
[2025-08-25T12:45:23.387+0000] {processor.py:925} INFO - DAG(s) 'example_python_decorator' retrieved from /home/airflow/.local/lib/python3.12/site-packages/airflow/example_dags/example_python_decorator.py
[2025-08-25T12:45:23.420+0000] {logging_mixin.py:190} INFO - [2025-08-25T12:45:23.420+0000] {dag.py:3239} INFO - Sync 1 DAGs
[2025-08-25T12:45:23.439+0000] {logging_mixin.py:190} INFO - [2025-08-25T12:45:23.439+0000] {dag.py:4180} INFO - Setting next_dagrun for example_python_decorator to None, run_after=None
[2025-08-25T12:45:23.466+0000] {processor.py:208} INFO - Processing /home/airflow/.local/lib/python3.12/site-packages/airflow/example_dags/example_python_decorator.py took 0.103 seconds
[2025-08-25T12:45:53.729+0000] {processor.py:186} INFO - Started process (PID=1404) to work on /home/airflow/.local/lib/python3.12/site-packages/airflow/example_dags/example_python_decorator.py
[2025-08-25T12:45:53.730+0000] {processor.py:914} INFO - Processing file /home/airflow/.local/lib/python3.12/site-packages/airflow/example_dags/example_python_decorator.py for tasks to queue
[2025-08-25T12:45:53.732+0000] {logging_mixin.py:190} INFO - [2025-08-25T12:45:53.732+0000] {dagbag.py:588} INFO - Filling up the DagBag from /home/airflow/.local/lib/python3.12/site-packages/airflow/example_dags/example_python_decorator.py
[2025-08-25T12:45:53.749+0000] {processor.py:925} INFO - DAG(s) 'example_python_decorator' retrieved from /home/airflow/.local/lib/python3.12/site-packages/airflow/example_dags/example_python_decorator.py
[2025-08-25T12:45:53.776+0000] {logging_mixin.py:190} INFO - [2025-08-25T12:45:53.775+0000] {dag.py:3239} INFO - Sync 1 DAGs
[2025-08-25T12:45:53.792+0000] {logging_mixin.py:190} INFO - [2025-08-25T12:45:53.792+0000] {dag.py:4180} INFO - Setting next_dagrun for example_python_decorator to None, run_after=None
[2025-08-25T12:45:53.816+0000] {processor.py:208} INFO - Processing /home/airflow/.local/lib/python3.12/site-packages/airflow/example_dags/example_python_decorator.py took 0.096 seconds
[2025-08-25T12:46:24.685+0000] {processor.py:186} INFO - Started process (PID=1468) to work on /home/airflow/.local/lib/python3.12/site-packages/airflow/example_dags/example_python_decorator.py
[2025-08-25T12:46:24.686+0000] {processor.py:914} INFO - Processing file /home/airflow/.local/lib/python3.12/site-packages/airflow/example_dags/example_python_decorator.py for tasks to queue
[2025-08-25T12:46:24.688+0000] {logging_mixin.py:190} INFO - [2025-08-25T12:46:24.687+0000] {dagbag.py:588} INFO - Filling up the DagBag from /home/airflow/.local/lib/python3.12/site-packages/airflow/example_dags/example_python_decorator.py
[2025-08-25T12:46:24.701+0000] {processor.py:925} INFO - DAG(s) 'example_python_decorator' retrieved from /home/airflow/.local/lib/python3.12/site-packages/airflow/example_dags/example_python_decorator.py
[2025-08-25T12:46:24.734+0000] {logging_mixin.py:190} INFO - [2025-08-25T12:46:24.733+0000] {dag.py:3239} INFO - Sync 1 DAGs
[2025-08-25T12:46:24.757+0000] {logging_mixin.py:190} INFO - [2025-08-25T12:46:24.757+0000] {dag.py:4180} INFO - Setting next_dagrun for example_python_decorator to None, run_after=None
[2025-08-25T12:46:24.783+0000] {processor.py:208} INFO - Processing /home/airflow/.local/lib/python3.12/site-packages/airflow/example_dags/example_python_decorator.py took 0.105 seconds
[2025-08-25T12:46:55.111+0000] {processor.py:186} INFO - Started process (PID=1532) to work on /home/airflow/.local/lib/python3.12/site-packages/airflow/example_dags/example_python_decorator.py
[2025-08-25T12:46:55.112+0000] {processor.py:914} INFO - Processing file /home/airflow/.local/lib/python3.12/site-packages/airflow/example_dags/example_python_decorator.py for tasks to queue
[2025-08-25T12:46:55.115+0000] {logging_mixin.py:190} INFO - [2025-08-25T12:46:55.114+0000] {dagbag.py:588} INFO - Filling up the DagBag from /home/airflow/.local/lib/python3.12/site-packages/airflow/example_dags/example_python_decorator.py
[2025-08-25T12:46:55.129+0000] {processor.py:925} INFO - DAG(s) 'example_python_decorator' retrieved from /home/airflow/.local/lib/python3.12/site-packages/airflow/example_dags/example_python_decorator.py
[2025-08-25T12:46:55.155+0000] {logging_mixin.py:190} INFO - [2025-08-25T12:46:55.155+0000] {dag.py:3239} INFO - Sync 1 DAGs
[2025-08-25T12:46:55.173+0000] {logging_mixin.py:190} INFO - [2025-08-25T12:46:55.172+0000] {dag.py:4180} INFO - Setting next_dagrun for example_python_decorator to None, run_after=None
[2025-08-25T12:46:55.196+0000] {processor.py:208} INFO - Processing /home/airflow/.local/lib/python3.12/site-packages/airflow/example_dags/example_python_decorator.py took 0.094 seconds
[2025-08-25T12:47:25.747+0000] {processor.py:186} INFO - Started process (PID=1596) to work on /home/airflow/.local/lib/python3.12/site-packages/airflow/example_dags/example_python_decorator.py
[2025-08-25T12:47:25.749+0000] {processor.py:914} INFO - Processing file /home/airflow/.local/lib/python3.12/site-packages/airflow/example_dags/example_python_decorator.py for tasks to queue
[2025-08-25T12:47:25.751+0000] {logging_mixin.py:190} INFO - [2025-08-25T12:47:25.751+0000] {dagbag.py:588} INFO - Filling up the DagBag from /home/airflow/.local/lib/python3.12/site-packages/airflow/example_dags/example_python_decorator.py
[2025-08-25T12:47:25.768+0000] {processor.py:925} INFO - DAG(s) 'example_python_decorator' retrieved from /home/airflow/.local/lib/python3.12/site-packages/airflow/example_dags/example_python_decorator.py
[2025-08-25T12:47:25.807+0000] {logging_mixin.py:190} INFO - [2025-08-25T12:47:25.807+0000] {dag.py:3239} INFO - Sync 1 DAGs
[2025-08-25T12:47:25.825+0000] {logging_mixin.py:190} INFO - [2025-08-25T12:47:25.825+0000] {dag.py:4180} INFO - Setting next_dagrun for example_python_decorator to None, run_after=None
[2025-08-25T12:47:25.848+0000] {processor.py:208} INFO - Processing /home/airflow/.local/lib/python3.12/site-packages/airflow/example_dags/example_python_decorator.py took 0.108 seconds
[2025-08-25T12:47:56.130+0000] {processor.py:186} INFO - Started process (PID=1660) to work on /home/airflow/.local/lib/python3.12/site-packages/airflow/example_dags/example_python_decorator.py
[2025-08-25T12:47:56.131+0000] {processor.py:914} INFO - Processing file /home/airflow/.local/lib/python3.12/site-packages/airflow/example_dags/example_python_decorator.py for tasks to queue
[2025-08-25T12:47:56.134+0000] {logging_mixin.py:190} INFO - [2025-08-25T12:47:56.133+0000] {dagbag.py:588} INFO - Filling up the DagBag from /home/airflow/.local/lib/python3.12/site-packages/airflow/example_dags/example_python_decorator.py
[2025-08-25T12:47:56.150+0000] {processor.py:925} INFO - DAG(s) 'example_python_decorator' retrieved from /home/airflow/.local/lib/python3.12/site-packages/airflow/example_dags/example_python_decorator.py
[2025-08-25T12:47:56.185+0000] {logging_mixin.py:190} INFO - [2025-08-25T12:47:56.184+0000] {dag.py:3239} INFO - Sync 1 DAGs
[2025-08-25T12:47:56.203+0000] {logging_mixin.py:190} INFO - [2025-08-25T12:47:56.203+0000] {dag.py:4180} INFO - Setting next_dagrun for example_python_decorator to None, run_after=None
[2025-08-25T12:47:56.240+0000] {processor.py:208} INFO - Processing /home/airflow/.local/lib/python3.12/site-packages/airflow/example_dags/example_python_decorator.py took 0.118 seconds
[2025-08-25T12:48:26.832+0000] {processor.py:186} INFO - Started process (PID=1724) to work on /home/airflow/.local/lib/python3.12/site-packages/airflow/example_dags/example_python_decorator.py
[2025-08-25T12:48:26.833+0000] {processor.py:914} INFO - Processing file /home/airflow/.local/lib/python3.12/site-packages/airflow/example_dags/example_python_decorator.py for tasks to queue
[2025-08-25T12:48:26.836+0000] {logging_mixin.py:190} INFO - [2025-08-25T12:48:26.836+0000] {dagbag.py:588} INFO - Filling up the DagBag from /home/airflow/.local/lib/python3.12/site-packages/airflow/example_dags/example_python_decorator.py
[2025-08-25T12:48:26.853+0000] {processor.py:925} INFO - DAG(s) 'example_python_decorator' retrieved from /home/airflow/.local/lib/python3.12/site-packages/airflow/example_dags/example_python_decorator.py
[2025-08-25T12:48:26.883+0000] {logging_mixin.py:190} INFO - [2025-08-25T12:48:26.883+0000] {dag.py:3239} INFO - Sync 1 DAGs
[2025-08-25T12:48:26.901+0000] {logging_mixin.py:190} INFO - [2025-08-25T12:48:26.901+0000] {dag.py:4180} INFO - Setting next_dagrun for example_python_decorator to None, run_after=None
[2025-08-25T12:48:26.930+0000] {processor.py:208} INFO - Processing /home/airflow/.local/lib/python3.12/site-packages/airflow/example_dags/example_python_decorator.py took 0.106 seconds
[2025-08-25T12:48:57.724+0000] {processor.py:186} INFO - Started process (PID=1788) to work on /home/airflow/.local/lib/python3.12/site-packages/airflow/example_dags/example_python_decorator.py
[2025-08-25T12:48:57.726+0000] {processor.py:914} INFO - Processing file /home/airflow/.local/lib/python3.12/site-packages/airflow/example_dags/example_python_decorator.py for tasks to queue
[2025-08-25T12:48:57.728+0000] {logging_mixin.py:190} INFO - [2025-08-25T12:48:57.728+0000] {dagbag.py:588} INFO - Filling up the DagBag from /home/airflow/.local/lib/python3.12/site-packages/airflow/example_dags/example_python_decorator.py
[2025-08-25T12:48:57.745+0000] {processor.py:925} INFO - DAG(s) 'example_python_decorator' retrieved from /home/airflow/.local/lib/python3.12/site-packages/airflow/example_dags/example_python_decorator.py
[2025-08-25T12:48:57.773+0000] {logging_mixin.py:190} INFO - [2025-08-25T12:48:57.772+0000] {dag.py:3239} INFO - Sync 1 DAGs
[2025-08-25T12:48:57.789+0000] {logging_mixin.py:190} INFO - [2025-08-25T12:48:57.788+0000] {dag.py:4180} INFO - Setting next_dagrun for example_python_decorator to None, run_after=None
[2025-08-25T12:48:57.818+0000] {processor.py:208} INFO - Processing /home/airflow/.local/lib/python3.12/site-packages/airflow/example_dags/example_python_decorator.py took 0.101 seconds
[2025-08-25T12:49:28.598+0000] {processor.py:186} INFO - Started process (PID=1858) to work on /home/airflow/.local/lib/python3.12/site-packages/airflow/example_dags/example_python_decorator.py
[2025-08-25T12:49:28.600+0000] {processor.py:914} INFO - Processing file /home/airflow/.local/lib/python3.12/site-packages/airflow/example_dags/example_python_decorator.py for tasks to queue
[2025-08-25T12:49:28.605+0000] {logging_mixin.py:190} INFO - [2025-08-25T12:49:28.604+0000] {dagbag.py:588} INFO - Filling up the DagBag from /home/airflow/.local/lib/python3.12/site-packages/airflow/example_dags/example_python_decorator.py
[2025-08-25T12:49:28.622+0000] {processor.py:925} INFO - DAG(s) 'example_python_decorator' retrieved from /home/airflow/.local/lib/python3.12/site-packages/airflow/example_dags/example_python_decorator.py
[2025-08-25T12:49:28.666+0000] {logging_mixin.py:190} INFO - [2025-08-25T12:49:28.666+0000] {dag.py:3239} INFO - Sync 1 DAGs
[2025-08-25T12:49:28.694+0000] {logging_mixin.py:190} INFO - [2025-08-25T12:49:28.693+0000] {dag.py:4180} INFO - Setting next_dagrun for example_python_decorator to None, run_after=None
[2025-08-25T12:49:28.725+0000] {processor.py:208} INFO - Processing /home/airflow/.local/lib/python3.12/site-packages/airflow/example_dags/example_python_decorator.py took 0.137 seconds
[2025-08-25T12:49:59.629+0000] {processor.py:186} INFO - Started process (PID=1922) to work on /home/airflow/.local/lib/python3.12/site-packages/airflow/example_dags/example_python_decorator.py
[2025-08-25T12:49:59.631+0000] {processor.py:914} INFO - Processing file /home/airflow/.local/lib/python3.12/site-packages/airflow/example_dags/example_python_decorator.py for tasks to queue
[2025-08-25T12:49:59.636+0000] {logging_mixin.py:190} INFO - [2025-08-25T12:49:59.635+0000] {dagbag.py:588} INFO - Filling up the DagBag from /home/airflow/.local/lib/python3.12/site-packages/airflow/example_dags/example_python_decorator.py
[2025-08-25T12:49:59.665+0000] {processor.py:925} INFO - DAG(s) 'example_python_decorator' retrieved from /home/airflow/.local/lib/python3.12/site-packages/airflow/example_dags/example_python_decorator.py
[2025-08-25T12:49:59.694+0000] {logging_mixin.py:190} INFO - [2025-08-25T12:49:59.693+0000] {dag.py:3239} INFO - Sync 1 DAGs
[2025-08-25T12:49:59.712+0000] {logging_mixin.py:190} INFO - [2025-08-25T12:49:59.712+0000] {dag.py:4180} INFO - Setting next_dagrun for example_python_decorator to None, run_after=None
[2025-08-25T12:49:59.751+0000] {processor.py:208} INFO - Processing /home/airflow/.local/lib/python3.12/site-packages/airflow/example_dags/example_python_decorator.py took 0.131 seconds
[2025-08-25T12:50:30.090+0000] {processor.py:186} INFO - Started process (PID=1986) to work on /home/airflow/.local/lib/python3.12/site-packages/airflow/example_dags/example_python_decorator.py
[2025-08-25T12:50:30.091+0000] {processor.py:914} INFO - Processing file /home/airflow/.local/lib/python3.12/site-packages/airflow/example_dags/example_python_decorator.py for tasks to queue
[2025-08-25T12:50:30.094+0000] {logging_mixin.py:190} INFO - [2025-08-25T12:50:30.093+0000] {dagbag.py:588} INFO - Filling up the DagBag from /home/airflow/.local/lib/python3.12/site-packages/airflow/example_dags/example_python_decorator.py
[2025-08-25T12:50:30.113+0000] {processor.py:925} INFO - DAG(s) 'example_python_decorator' retrieved from /home/airflow/.local/lib/python3.12/site-packages/airflow/example_dags/example_python_decorator.py
[2025-08-25T12:50:30.165+0000] {logging_mixin.py:190} INFO - [2025-08-25T12:50:30.163+0000] {dag.py:3239} INFO - Sync 1 DAGs
[2025-08-25T12:50:30.210+0000] {logging_mixin.py:190} INFO - [2025-08-25T12:50:30.209+0000] {dag.py:4180} INFO - Setting next_dagrun for example_python_decorator to None, run_after=None
[2025-08-25T12:50:30.256+0000] {processor.py:208} INFO - Processing /home/airflow/.local/lib/python3.12/site-packages/airflow/example_dags/example_python_decorator.py took 0.174 seconds
[2025-08-25T12:51:01.176+0000] {processor.py:186} INFO - Started process (PID=2050) to work on /home/airflow/.local/lib/python3.12/site-packages/airflow/example_dags/example_python_decorator.py
[2025-08-25T12:51:01.177+0000] {processor.py:914} INFO - Processing file /home/airflow/.local/lib/python3.12/site-packages/airflow/example_dags/example_python_decorator.py for tasks to queue
[2025-08-25T12:51:01.179+0000] {logging_mixin.py:190} INFO - [2025-08-25T12:51:01.179+0000] {dagbag.py:588} INFO - Filling up the DagBag from /home/airflow/.local/lib/python3.12/site-packages/airflow/example_dags/example_python_decorator.py
[2025-08-25T12:51:01.195+0000] {processor.py:925} INFO - DAG(s) 'example_python_decorator' retrieved from /home/airflow/.local/lib/python3.12/site-packages/airflow/example_dags/example_python_decorator.py
[2025-08-25T12:51:01.229+0000] {logging_mixin.py:190} INFO - [2025-08-25T12:51:01.229+0000] {dag.py:3239} INFO - Sync 1 DAGs
[2025-08-25T12:51:01.251+0000] {logging_mixin.py:190} INFO - [2025-08-25T12:51:01.251+0000] {dag.py:4180} INFO - Setting next_dagrun for example_python_decorator to None, run_after=None
[2025-08-25T12:51:01.288+0000] {processor.py:208} INFO - Processing /home/airflow/.local/lib/python3.12/site-packages/airflow/example_dags/example_python_decorator.py took 0.118 seconds
[2025-08-25T12:51:31.938+0000] {processor.py:186} INFO - Started process (PID=2114) to work on /home/airflow/.local/lib/python3.12/site-packages/airflow/example_dags/example_python_decorator.py
[2025-08-25T12:51:31.939+0000] {processor.py:914} INFO - Processing file /home/airflow/.local/lib/python3.12/site-packages/airflow/example_dags/example_python_decorator.py for tasks to queue
[2025-08-25T12:51:31.942+0000] {logging_mixin.py:190} INFO - [2025-08-25T12:51:31.941+0000] {dagbag.py:588} INFO - Filling up the DagBag from /home/airflow/.local/lib/python3.12/site-packages/airflow/example_dags/example_python_decorator.py
[2025-08-25T12:51:31.959+0000] {processor.py:925} INFO - DAG(s) 'example_python_decorator' retrieved from /home/airflow/.local/lib/python3.12/site-packages/airflow/example_dags/example_python_decorator.py
[2025-08-25T12:51:31.987+0000] {logging_mixin.py:190} INFO - [2025-08-25T12:51:31.987+0000] {dag.py:3239} INFO - Sync 1 DAGs
[2025-08-25T12:51:32.012+0000] {logging_mixin.py:190} INFO - [2025-08-25T12:51:32.011+0000] {dag.py:4180} INFO - Setting next_dagrun for example_python_decorator to None, run_after=None
[2025-08-25T12:51:32.041+0000] {processor.py:208} INFO - Processing /home/airflow/.local/lib/python3.12/site-packages/airflow/example_dags/example_python_decorator.py took 0.110 seconds
[2025-08-25T12:52:02.765+0000] {processor.py:186} INFO - Started process (PID=2178) to work on /home/airflow/.local/lib/python3.12/site-packages/airflow/example_dags/example_python_decorator.py
[2025-08-25T12:52:02.767+0000] {processor.py:914} INFO - Processing file /home/airflow/.local/lib/python3.12/site-packages/airflow/example_dags/example_python_decorator.py for tasks to queue
[2025-08-25T12:52:02.770+0000] {logging_mixin.py:190} INFO - [2025-08-25T12:52:02.769+0000] {dagbag.py:588} INFO - Filling up the DagBag from /home/airflow/.local/lib/python3.12/site-packages/airflow/example_dags/example_python_decorator.py
[2025-08-25T12:52:02.787+0000] {processor.py:925} INFO - DAG(s) 'example_python_decorator' retrieved from /home/airflow/.local/lib/python3.12/site-packages/airflow/example_dags/example_python_decorator.py
[2025-08-25T12:52:02.822+0000] {logging_mixin.py:190} INFO - [2025-08-25T12:52:02.822+0000] {dag.py:3239} INFO - Sync 1 DAGs
[2025-08-25T12:52:02.844+0000] {logging_mixin.py:190} INFO - [2025-08-25T12:52:02.843+0000] {dag.py:4180} INFO - Setting next_dagrun for example_python_decorator to None, run_after=None
[2025-08-25T12:52:02.870+0000] {processor.py:208} INFO - Processing /home/airflow/.local/lib/python3.12/site-packages/airflow/example_dags/example_python_decorator.py took 0.114 seconds
[2025-08-25T12:52:34.042+0000] {processor.py:186} INFO - Started process (PID=2242) to work on /home/airflow/.local/lib/python3.12/site-packages/airflow/example_dags/example_python_decorator.py
[2025-08-25T12:52:34.044+0000] {processor.py:914} INFO - Processing file /home/airflow/.local/lib/python3.12/site-packages/airflow/example_dags/example_python_decorator.py for tasks to queue
[2025-08-25T12:52:34.048+0000] {logging_mixin.py:190} INFO - [2025-08-25T12:52:34.048+0000] {dagbag.py:588} INFO - Filling up the DagBag from /home/airflow/.local/lib/python3.12/site-packages/airflow/example_dags/example_python_decorator.py
[2025-08-25T12:52:34.072+0000] {processor.py:925} INFO - DAG(s) 'example_python_decorator' retrieved from /home/airflow/.local/lib/python3.12/site-packages/airflow/example_dags/example_python_decorator.py
[2025-08-25T12:52:34.116+0000] {logging_mixin.py:190} INFO - [2025-08-25T12:52:34.116+0000] {dag.py:3239} INFO - Sync 1 DAGs
[2025-08-25T12:52:34.142+0000] {logging_mixin.py:190} INFO - [2025-08-25T12:52:34.142+0000] {dag.py:4180} INFO - Setting next_dagrun for example_python_decorator to None, run_after=None
[2025-08-25T12:52:34.173+0000] {processor.py:208} INFO - Processing /home/airflow/.local/lib/python3.12/site-packages/airflow/example_dags/example_python_decorator.py took 0.140 seconds
[2025-08-25T12:53:05.130+0000] {processor.py:186} INFO - Started process (PID=2306) to work on /home/airflow/.local/lib/python3.12/site-packages/airflow/example_dags/example_python_decorator.py
[2025-08-25T12:53:05.132+0000] {processor.py:914} INFO - Processing file /home/airflow/.local/lib/python3.12/site-packages/airflow/example_dags/example_python_decorator.py for tasks to queue
[2025-08-25T12:53:05.135+0000] {logging_mixin.py:190} INFO - [2025-08-25T12:53:05.134+0000] {dagbag.py:588} INFO - Filling up the DagBag from /home/airflow/.local/lib/python3.12/site-packages/airflow/example_dags/example_python_decorator.py
[2025-08-25T12:53:05.160+0000] {processor.py:925} INFO - DAG(s) 'example_python_decorator' retrieved from /home/airflow/.local/lib/python3.12/site-packages/airflow/example_dags/example_python_decorator.py
[2025-08-25T12:53:05.214+0000] {logging_mixin.py:190} INFO - [2025-08-25T12:53:05.213+0000] {dag.py:3239} INFO - Sync 1 DAGs
[2025-08-25T12:53:05.248+0000] {logging_mixin.py:190} INFO - [2025-08-25T12:53:05.247+0000] {dag.py:4180} INFO - Setting next_dagrun for example_python_decorator to None, run_after=None
[2025-08-25T12:53:05.295+0000] {processor.py:208} INFO - Processing /home/airflow/.local/lib/python3.12/site-packages/airflow/example_dags/example_python_decorator.py took 0.172 seconds
[2025-08-25T12:53:36.095+0000] {processor.py:186} INFO - Started process (PID=2370) to work on /home/airflow/.local/lib/python3.12/site-packages/airflow/example_dags/example_python_decorator.py
[2025-08-25T12:53:36.096+0000] {processor.py:914} INFO - Processing file /home/airflow/.local/lib/python3.12/site-packages/airflow/example_dags/example_python_decorator.py for tasks to queue
[2025-08-25T12:53:36.099+0000] {logging_mixin.py:190} INFO - [2025-08-25T12:53:36.098+0000] {dagbag.py:588} INFO - Filling up the DagBag from /home/airflow/.local/lib/python3.12/site-packages/airflow/example_dags/example_python_decorator.py
[2025-08-25T12:53:36.117+0000] {processor.py:925} INFO - DAG(s) 'example_python_decorator' retrieved from /home/airflow/.local/lib/python3.12/site-packages/airflow/example_dags/example_python_decorator.py
[2025-08-25T12:53:36.148+0000] {logging_mixin.py:190} INFO - [2025-08-25T12:53:36.147+0000] {dag.py:3239} INFO - Sync 1 DAGs
[2025-08-25T12:53:36.171+0000] {logging_mixin.py:190} INFO - [2025-08-25T12:53:36.171+0000] {dag.py:4180} INFO - Setting next_dagrun for example_python_decorator to None, run_after=None
[2025-08-25T12:53:36.202+0000] {processor.py:208} INFO - Processing /home/airflow/.local/lib/python3.12/site-packages/airflow/example_dags/example_python_decorator.py took 0.115 seconds
[2025-08-25T12:54:06.899+0000] {processor.py:186} INFO - Started process (PID=2434) to work on /home/airflow/.local/lib/python3.12/site-packages/airflow/example_dags/example_python_decorator.py
[2025-08-25T12:54:06.901+0000] {processor.py:914} INFO - Processing file /home/airflow/.local/lib/python3.12/site-packages/airflow/example_dags/example_python_decorator.py for tasks to queue
[2025-08-25T12:54:06.903+0000] {logging_mixin.py:190} INFO - [2025-08-25T12:54:06.902+0000] {dagbag.py:588} INFO - Filling up the DagBag from /home/airflow/.local/lib/python3.12/site-packages/airflow/example_dags/example_python_decorator.py
[2025-08-25T12:54:06.917+0000] {processor.py:925} INFO - DAG(s) 'example_python_decorator' retrieved from /home/airflow/.local/lib/python3.12/site-packages/airflow/example_dags/example_python_decorator.py
[2025-08-25T12:54:06.949+0000] {logging_mixin.py:190} INFO - [2025-08-25T12:54:06.948+0000] {dag.py:3239} INFO - Sync 1 DAGs
[2025-08-25T12:54:06.967+0000] {logging_mixin.py:190} INFO - [2025-08-25T12:54:06.966+0000] {dag.py:4180} INFO - Setting next_dagrun for example_python_decorator to None, run_after=None
[2025-08-25T12:54:06.994+0000] {processor.py:208} INFO - Processing /home/airflow/.local/lib/python3.12/site-packages/airflow/example_dags/example_python_decorator.py took 0.102 seconds
[2025-08-25T12:54:37.918+0000] {processor.py:186} INFO - Started process (PID=2498) to work on /home/airflow/.local/lib/python3.12/site-packages/airflow/example_dags/example_python_decorator.py
[2025-08-25T12:54:37.920+0000] {processor.py:914} INFO - Processing file /home/airflow/.local/lib/python3.12/site-packages/airflow/example_dags/example_python_decorator.py for tasks to queue
[2025-08-25T12:54:37.923+0000] {logging_mixin.py:190} INFO - [2025-08-25T12:54:37.922+0000] {dagbag.py:588} INFO - Filling up the DagBag from /home/airflow/.local/lib/python3.12/site-packages/airflow/example_dags/example_python_decorator.py
[2025-08-25T12:54:37.940+0000] {processor.py:925} INFO - DAG(s) 'example_python_decorator' retrieved from /home/airflow/.local/lib/python3.12/site-packages/airflow/example_dags/example_python_decorator.py
[2025-08-25T12:54:37.975+0000] {logging_mixin.py:190} INFO - [2025-08-25T12:54:37.975+0000] {dag.py:3239} INFO - Sync 1 DAGs
[2025-08-25T12:54:37.997+0000] {logging_mixin.py:190} INFO - [2025-08-25T12:54:37.997+0000] {dag.py:4180} INFO - Setting next_dagrun for example_python_decorator to None, run_after=None
[2025-08-25T12:54:38.025+0000] {processor.py:208} INFO - Processing /home/airflow/.local/lib/python3.12/site-packages/airflow/example_dags/example_python_decorator.py took 0.115 seconds
[2025-08-25T12:55:08.727+0000] {processor.py:186} INFO - Started process (PID=2562) to work on /home/airflow/.local/lib/python3.12/site-packages/airflow/example_dags/example_python_decorator.py
[2025-08-25T12:55:08.729+0000] {processor.py:914} INFO - Processing file /home/airflow/.local/lib/python3.12/site-packages/airflow/example_dags/example_python_decorator.py for tasks to queue
[2025-08-25T12:55:08.732+0000] {logging_mixin.py:190} INFO - [2025-08-25T12:55:08.732+0000] {dagbag.py:588} INFO - Filling up the DagBag from /home/airflow/.local/lib/python3.12/site-packages/airflow/example_dags/example_python_decorator.py
[2025-08-25T12:55:08.750+0000] {processor.py:925} INFO - DAG(s) 'example_python_decorator' retrieved from /home/airflow/.local/lib/python3.12/site-packages/airflow/example_dags/example_python_decorator.py
[2025-08-25T12:55:08.782+0000] {logging_mixin.py:190} INFO - [2025-08-25T12:55:08.782+0000] {dag.py:3239} INFO - Sync 1 DAGs
[2025-08-25T12:55:08.800+0000] {logging_mixin.py:190} INFO - [2025-08-25T12:55:08.799+0000] {dag.py:4180} INFO - Setting next_dagrun for example_python_decorator to None, run_after=None
[2025-08-25T12:55:08.824+0000] {processor.py:208} INFO - Processing /home/airflow/.local/lib/python3.12/site-packages/airflow/example_dags/example_python_decorator.py took 0.106 seconds
[2025-08-25T12:55:39.257+0000] {processor.py:186} INFO - Started process (PID=2626) to work on /home/airflow/.local/lib/python3.12/site-packages/airflow/example_dags/example_python_decorator.py
[2025-08-25T12:55:39.259+0000] {processor.py:914} INFO - Processing file /home/airflow/.local/lib/python3.12/site-packages/airflow/example_dags/example_python_decorator.py for tasks to queue
[2025-08-25T12:55:39.263+0000] {logging_mixin.py:190} INFO - [2025-08-25T12:55:39.262+0000] {dagbag.py:588} INFO - Filling up the DagBag from /home/airflow/.local/lib/python3.12/site-packages/airflow/example_dags/example_python_decorator.py
[2025-08-25T12:55:39.282+0000] {processor.py:925} INFO - DAG(s) 'example_python_decorator' retrieved from /home/airflow/.local/lib/python3.12/site-packages/airflow/example_dags/example_python_decorator.py
[2025-08-25T12:55:39.315+0000] {logging_mixin.py:190} INFO - [2025-08-25T12:55:39.315+0000] {dag.py:3239} INFO - Sync 1 DAGs
[2025-08-25T12:55:39.333+0000] {logging_mixin.py:190} INFO - [2025-08-25T12:55:39.333+0000] {dag.py:4180} INFO - Setting next_dagrun for example_python_decorator to None, run_after=None
[2025-08-25T12:55:39.361+0000] {processor.py:208} INFO - Processing /home/airflow/.local/lib/python3.12/site-packages/airflow/example_dags/example_python_decorator.py took 0.113 seconds
[2025-08-25T12:56:10.567+0000] {processor.py:186} INFO - Started process (PID=2690) to work on /home/airflow/.local/lib/python3.12/site-packages/airflow/example_dags/example_python_decorator.py
[2025-08-25T12:56:10.570+0000] {processor.py:914} INFO - Processing file /home/airflow/.local/lib/python3.12/site-packages/airflow/example_dags/example_python_decorator.py for tasks to queue
[2025-08-25T12:56:10.573+0000] {logging_mixin.py:190} INFO - [2025-08-25T12:56:10.572+0000] {dagbag.py:588} INFO - Filling up the DagBag from /home/airflow/.local/lib/python3.12/site-packages/airflow/example_dags/example_python_decorator.py
[2025-08-25T12:56:10.592+0000] {processor.py:925} INFO - DAG(s) 'example_python_decorator' retrieved from /home/airflow/.local/lib/python3.12/site-packages/airflow/example_dags/example_python_decorator.py
[2025-08-25T12:56:10.624+0000] {logging_mixin.py:190} INFO - [2025-08-25T12:56:10.624+0000] {dag.py:3239} INFO - Sync 1 DAGs
[2025-08-25T12:56:10.643+0000] {logging_mixin.py:190} INFO - [2025-08-25T12:56:10.643+0000] {dag.py:4180} INFO - Setting next_dagrun for example_python_decorator to None, run_after=None
[2025-08-25T12:56:10.675+0000] {processor.py:208} INFO - Processing /home/airflow/.local/lib/python3.12/site-packages/airflow/example_dags/example_python_decorator.py took 0.117 seconds
[2025-08-25T12:56:41.510+0000] {processor.py:186} INFO - Started process (PID=2754) to work on /home/airflow/.local/lib/python3.12/site-packages/airflow/example_dags/example_python_decorator.py
[2025-08-25T12:56:41.511+0000] {processor.py:914} INFO - Processing file /home/airflow/.local/lib/python3.12/site-packages/airflow/example_dags/example_python_decorator.py for tasks to queue
[2025-08-25T12:56:41.513+0000] {logging_mixin.py:190} INFO - [2025-08-25T12:56:41.513+0000] {dagbag.py:588} INFO - Filling up the DagBag from /home/airflow/.local/lib/python3.12/site-packages/airflow/example_dags/example_python_decorator.py
[2025-08-25T12:56:41.528+0000] {processor.py:925} INFO - DAG(s) 'example_python_decorator' retrieved from /home/airflow/.local/lib/python3.12/site-packages/airflow/example_dags/example_python_decorator.py
[2025-08-25T12:56:41.561+0000] {logging_mixin.py:190} INFO - [2025-08-25T12:56:41.561+0000] {dag.py:3239} INFO - Sync 1 DAGs
[2025-08-25T12:56:41.590+0000] {logging_mixin.py:190} INFO - [2025-08-25T12:56:41.590+0000] {dag.py:4180} INFO - Setting next_dagrun for example_python_decorator to None, run_after=None
[2025-08-25T12:56:41.618+0000] {processor.py:208} INFO - Processing /home/airflow/.local/lib/python3.12/site-packages/airflow/example_dags/example_python_decorator.py took 0.114 seconds
