[2025-08-25T12:35:40.722+0000] {processor.py:186} INFO - Started process (PID=122) to work on /home/airflow/.local/lib/python3.12/site-packages/airflow/example_dags/example_xcom.py
[2025-08-25T12:35:40.723+0000] {processor.py:914} INFO - Processing file /home/airflow/.local/lib/python3.12/site-packages/airflow/example_dags/example_xcom.py for tasks to queue
[2025-08-25T12:35:40.725+0000] {logging_mixin.py:190} INFO - [2025-08-25T12:35:40.724+0000] {dagbag.py:588} INFO - Filling up the DagBag from /home/airflow/.local/lib/python3.12/site-packages/airflow/example_dags/example_xcom.py
[2025-08-25T12:35:40.738+0000] {processor.py:925} INFO - DAG(s) 'example_xcom' retrieved from /home/airflow/.local/lib/python3.12/site-packages/airflow/example_dags/example_xcom.py
[2025-08-25T12:35:40.867+0000] {logging_mixin.py:190} INFO - [2025-08-25T12:35:40.866+0000] {override.py:1900} INFO - Created Permission View: can read on DAG:example_xcom
[2025-08-25T12:35:40.882+0000] {logging_mixin.py:190} INFO - [2025-08-25T12:35:40.882+0000] {override.py:1900} INFO - Created Permission View: can delete on DAG:example_xcom
[2025-08-25T12:35:40.892+0000] {logging_mixin.py:190} INFO - [2025-08-25T12:35:40.892+0000] {override.py:1900} INFO - Created Permission View: can edit on DAG:example_xcom
[2025-08-25T12:35:40.902+0000] {logging_mixin.py:190} INFO - [2025-08-25T12:35:40.902+0000] {override.py:1900} INFO - Created Permission View: can read on DAG Run:example_xcom
[2025-08-25T12:35:40.913+0000] {logging_mixin.py:190} INFO - [2025-08-25T12:35:40.912+0000] {override.py:1900} INFO - Created Permission View: menu access on DAG Run:example_xcom
[2025-08-25T12:35:40.923+0000] {logging_mixin.py:190} INFO - [2025-08-25T12:35:40.923+0000] {override.py:1900} INFO - Created Permission View: can delete on DAG Run:example_xcom
[2025-08-25T12:35:40.932+0000] {logging_mixin.py:190} INFO - [2025-08-25T12:35:40.932+0000] {override.py:1900} INFO - Created Permission View: can create on DAG Run:example_xcom
[2025-08-25T12:35:40.933+0000] {logging_mixin.py:190} INFO - [2025-08-25T12:35:40.933+0000] {dag.py:3239} INFO - Sync 1 DAGs
[2025-08-25T12:35:40.949+0000] {logging_mixin.py:190} INFO - [2025-08-25T12:35:40.949+0000] {dag.py:3262} INFO - Creating ORM DAG for example_xcom
[2025-08-25T12:35:40.961+0000] {logging_mixin.py:190} INFO - [2025-08-25T12:35:40.961+0000] {dag.py:4180} INFO - Setting next_dagrun for example_xcom to 2021-01-01 00:00:00+00:00, run_after=2021-01-01 00:00:00+00:00
[2025-08-25T12:35:40.983+0000] {processor.py:208} INFO - Processing /home/airflow/.local/lib/python3.12/site-packages/airflow/example_dags/example_xcom.py took 0.267 seconds
[2025-08-25T12:36:11.615+0000] {processor.py:186} INFO - Started process (PID=186) to work on /home/airflow/.local/lib/python3.12/site-packages/airflow/example_dags/example_xcom.py
[2025-08-25T12:36:11.617+0000] {processor.py:914} INFO - Processing file /home/airflow/.local/lib/python3.12/site-packages/airflow/example_dags/example_xcom.py for tasks to queue
[2025-08-25T12:36:11.620+0000] {logging_mixin.py:190} INFO - [2025-08-25T12:36:11.619+0000] {dagbag.py:588} INFO - Filling up the DagBag from /home/airflow/.local/lib/python3.12/site-packages/airflow/example_dags/example_xcom.py
[2025-08-25T12:36:11.634+0000] {processor.py:925} INFO - DAG(s) 'example_xcom' retrieved from /home/airflow/.local/lib/python3.12/site-packages/airflow/example_dags/example_xcom.py
[2025-08-25T12:36:11.668+0000] {logging_mixin.py:190} INFO - [2025-08-25T12:36:11.667+0000] {dag.py:3239} INFO - Sync 1 DAGs
[2025-08-25T12:36:11.702+0000] {logging_mixin.py:190} INFO - [2025-08-25T12:36:11.701+0000] {dag.py:4180} INFO - Setting next_dagrun for example_xcom to 2021-01-01 00:00:00+00:00, run_after=2021-01-01 00:00:00+00:00
[2025-08-25T12:36:11.728+0000] {processor.py:208} INFO - Processing /home/airflow/.local/lib/python3.12/site-packages/airflow/example_dags/example_xcom.py took 0.122 seconds
[2025-08-25T12:36:42.482+0000] {processor.py:186} INFO - Started process (PID=250) to work on /home/airflow/.local/lib/python3.12/site-packages/airflow/example_dags/example_xcom.py
[2025-08-25T12:36:42.484+0000] {processor.py:914} INFO - Processing file /home/airflow/.local/lib/python3.12/site-packages/airflow/example_dags/example_xcom.py for tasks to queue
[2025-08-25T12:36:42.487+0000] {logging_mixin.py:190} INFO - [2025-08-25T12:36:42.487+0000] {dagbag.py:588} INFO - Filling up the DagBag from /home/airflow/.local/lib/python3.12/site-packages/airflow/example_dags/example_xcom.py
[2025-08-25T12:36:42.498+0000] {processor.py:925} INFO - DAG(s) 'example_xcom' retrieved from /home/airflow/.local/lib/python3.12/site-packages/airflow/example_dags/example_xcom.py
[2025-08-25T12:36:42.530+0000] {logging_mixin.py:190} INFO - [2025-08-25T12:36:42.530+0000] {dag.py:3239} INFO - Sync 1 DAGs
[2025-08-25T12:36:42.570+0000] {logging_mixin.py:190} INFO - [2025-08-25T12:36:42.569+0000] {dag.py:4180} INFO - Setting next_dagrun for example_xcom to 2021-01-01 00:00:00+00:00, run_after=2021-01-01 00:00:00+00:00
[2025-08-25T12:36:42.602+0000] {processor.py:208} INFO - Processing /home/airflow/.local/lib/python3.12/site-packages/airflow/example_dags/example_xcom.py took 0.129 seconds
[2025-08-25T12:37:13.449+0000] {processor.py:186} INFO - Started process (PID=314) to work on /home/airflow/.local/lib/python3.12/site-packages/airflow/example_dags/example_xcom.py
[2025-08-25T12:37:13.451+0000] {processor.py:914} INFO - Processing file /home/airflow/.local/lib/python3.12/site-packages/airflow/example_dags/example_xcom.py for tasks to queue
[2025-08-25T12:37:13.453+0000] {logging_mixin.py:190} INFO - [2025-08-25T12:37:13.453+0000] {dagbag.py:588} INFO - Filling up the DagBag from /home/airflow/.local/lib/python3.12/site-packages/airflow/example_dags/example_xcom.py
[2025-08-25T12:37:13.462+0000] {processor.py:925} INFO - DAG(s) 'example_xcom' retrieved from /home/airflow/.local/lib/python3.12/site-packages/airflow/example_dags/example_xcom.py
[2025-08-25T12:37:13.495+0000] {logging_mixin.py:190} INFO - [2025-08-25T12:37:13.495+0000] {dag.py:3239} INFO - Sync 1 DAGs
[2025-08-25T12:37:13.536+0000] {logging_mixin.py:190} INFO - [2025-08-25T12:37:13.536+0000] {dag.py:4180} INFO - Setting next_dagrun for example_xcom to 2021-01-01 00:00:00+00:00, run_after=2021-01-01 00:00:00+00:00
[2025-08-25T12:37:13.568+0000] {processor.py:208} INFO - Processing /home/airflow/.local/lib/python3.12/site-packages/airflow/example_dags/example_xcom.py took 0.127 seconds
[2025-08-25T12:37:44.398+0000] {processor.py:186} INFO - Started process (PID=378) to work on /home/airflow/.local/lib/python3.12/site-packages/airflow/example_dags/example_xcom.py
[2025-08-25T12:37:44.399+0000] {processor.py:914} INFO - Processing file /home/airflow/.local/lib/python3.12/site-packages/airflow/example_dags/example_xcom.py for tasks to queue
[2025-08-25T12:37:44.402+0000] {logging_mixin.py:190} INFO - [2025-08-25T12:37:44.402+0000] {dagbag.py:588} INFO - Filling up the DagBag from /home/airflow/.local/lib/python3.12/site-packages/airflow/example_dags/example_xcom.py
[2025-08-25T12:37:44.413+0000] {processor.py:925} INFO - DAG(s) 'example_xcom' retrieved from /home/airflow/.local/lib/python3.12/site-packages/airflow/example_dags/example_xcom.py
[2025-08-25T12:37:44.439+0000] {logging_mixin.py:190} INFO - [2025-08-25T12:37:44.439+0000] {dag.py:3239} INFO - Sync 1 DAGs
[2025-08-25T12:37:44.469+0000] {logging_mixin.py:190} INFO - [2025-08-25T12:37:44.469+0000] {dag.py:4180} INFO - Setting next_dagrun for example_xcom to 2021-01-01 00:00:00+00:00, run_after=2021-01-01 00:00:00+00:00
[2025-08-25T12:37:44.493+0000] {processor.py:208} INFO - Processing /home/airflow/.local/lib/python3.12/site-packages/airflow/example_dags/example_xcom.py took 0.104 seconds
[2025-08-25T12:38:15.252+0000] {processor.py:186} INFO - Started process (PID=442) to work on /home/airflow/.local/lib/python3.12/site-packages/airflow/example_dags/example_xcom.py
[2025-08-25T12:38:15.253+0000] {processor.py:914} INFO - Processing file /home/airflow/.local/lib/python3.12/site-packages/airflow/example_dags/example_xcom.py for tasks to queue
[2025-08-25T12:38:15.256+0000] {logging_mixin.py:190} INFO - [2025-08-25T12:38:15.255+0000] {dagbag.py:588} INFO - Filling up the DagBag from /home/airflow/.local/lib/python3.12/site-packages/airflow/example_dags/example_xcom.py
[2025-08-25T12:38:15.265+0000] {processor.py:925} INFO - DAG(s) 'example_xcom' retrieved from /home/airflow/.local/lib/python3.12/site-packages/airflow/example_dags/example_xcom.py
[2025-08-25T12:38:15.292+0000] {logging_mixin.py:190} INFO - [2025-08-25T12:38:15.292+0000] {dag.py:3239} INFO - Sync 1 DAGs
[2025-08-25T12:38:15.316+0000] {logging_mixin.py:190} INFO - [2025-08-25T12:38:15.316+0000] {dag.py:4180} INFO - Setting next_dagrun for example_xcom to 2021-01-01 00:00:00+00:00, run_after=2021-01-01 00:00:00+00:00
[2025-08-25T12:38:15.339+0000] {processor.py:208} INFO - Processing /home/airflow/.local/lib/python3.12/site-packages/airflow/example_dags/example_xcom.py took 0.092 seconds
[2025-08-25T12:38:45.738+0000] {processor.py:186} INFO - Started process (PID=506) to work on /home/airflow/.local/lib/python3.12/site-packages/airflow/example_dags/example_xcom.py
[2025-08-25T12:38:45.739+0000] {processor.py:914} INFO - Processing file /home/airflow/.local/lib/python3.12/site-packages/airflow/example_dags/example_xcom.py for tasks to queue
[2025-08-25T12:38:45.742+0000] {logging_mixin.py:190} INFO - [2025-08-25T12:38:45.741+0000] {dagbag.py:588} INFO - Filling up the DagBag from /home/airflow/.local/lib/python3.12/site-packages/airflow/example_dags/example_xcom.py
[2025-08-25T12:38:45.753+0000] {processor.py:925} INFO - DAG(s) 'example_xcom' retrieved from /home/airflow/.local/lib/python3.12/site-packages/airflow/example_dags/example_xcom.py
[2025-08-25T12:38:45.786+0000] {logging_mixin.py:190} INFO - [2025-08-25T12:38:45.786+0000] {dag.py:3239} INFO - Sync 1 DAGs
[2025-08-25T12:38:45.828+0000] {logging_mixin.py:190} INFO - [2025-08-25T12:38:45.827+0000] {dag.py:4180} INFO - Setting next_dagrun for example_xcom to 2021-01-01 00:00:00+00:00, run_after=2021-01-01 00:00:00+00:00
[2025-08-25T12:38:45.857+0000] {processor.py:208} INFO - Processing /home/airflow/.local/lib/python3.12/site-packages/airflow/example_dags/example_xcom.py took 0.126 seconds
[2025-08-25T12:39:16.172+0000] {processor.py:186} INFO - Started process (PID=570) to work on /home/airflow/.local/lib/python3.12/site-packages/airflow/example_dags/example_xcom.py
[2025-08-25T12:39:16.173+0000] {processor.py:914} INFO - Processing file /home/airflow/.local/lib/python3.12/site-packages/airflow/example_dags/example_xcom.py for tasks to queue
[2025-08-25T12:39:16.176+0000] {logging_mixin.py:190} INFO - [2025-08-25T12:39:16.176+0000] {dagbag.py:588} INFO - Filling up the DagBag from /home/airflow/.local/lib/python3.12/site-packages/airflow/example_dags/example_xcom.py
[2025-08-25T12:39:16.189+0000] {processor.py:925} INFO - DAG(s) 'example_xcom' retrieved from /home/airflow/.local/lib/python3.12/site-packages/airflow/example_dags/example_xcom.py
[2025-08-25T12:39:16.221+0000] {logging_mixin.py:190} INFO - [2025-08-25T12:39:16.221+0000] {dag.py:3239} INFO - Sync 1 DAGs
[2025-08-25T12:39:16.254+0000] {logging_mixin.py:190} INFO - [2025-08-25T12:39:16.253+0000] {dag.py:4180} INFO - Setting next_dagrun for example_xcom to 2021-01-01 00:00:00+00:00, run_after=2021-01-01 00:00:00+00:00
[2025-08-25T12:39:16.282+0000] {processor.py:208} INFO - Processing /home/airflow/.local/lib/python3.12/site-packages/airflow/example_dags/example_xcom.py took 0.119 seconds
[2025-08-25T12:39:46.504+0000] {processor.py:186} INFO - Started process (PID=634) to work on /home/airflow/.local/lib/python3.12/site-packages/airflow/example_dags/example_xcom.py
[2025-08-25T12:39:46.505+0000] {processor.py:914} INFO - Processing file /home/airflow/.local/lib/python3.12/site-packages/airflow/example_dags/example_xcom.py for tasks to queue
[2025-08-25T12:39:46.507+0000] {logging_mixin.py:190} INFO - [2025-08-25T12:39:46.507+0000] {dagbag.py:588} INFO - Filling up the DagBag from /home/airflow/.local/lib/python3.12/site-packages/airflow/example_dags/example_xcom.py
[2025-08-25T12:39:46.516+0000] {processor.py:925} INFO - DAG(s) 'example_xcom' retrieved from /home/airflow/.local/lib/python3.12/site-packages/airflow/example_dags/example_xcom.py
[2025-08-25T12:39:46.549+0000] {logging_mixin.py:190} INFO - [2025-08-25T12:39:46.549+0000] {dag.py:3239} INFO - Sync 1 DAGs
[2025-08-25T12:39:46.598+0000] {logging_mixin.py:190} INFO - [2025-08-25T12:39:46.597+0000] {dag.py:4180} INFO - Setting next_dagrun for example_xcom to 2021-01-01 00:00:00+00:00, run_after=2021-01-01 00:00:00+00:00
[2025-08-25T12:39:46.636+0000] {processor.py:208} INFO - Processing /home/airflow/.local/lib/python3.12/site-packages/airflow/example_dags/example_xcom.py took 0.138 seconds
[2025-08-25T12:40:16.999+0000] {processor.py:186} INFO - Started process (PID=698) to work on /home/airflow/.local/lib/python3.12/site-packages/airflow/example_dags/example_xcom.py
[2025-08-25T12:40:17.000+0000] {processor.py:914} INFO - Processing file /home/airflow/.local/lib/python3.12/site-packages/airflow/example_dags/example_xcom.py for tasks to queue
[2025-08-25T12:40:17.003+0000] {logging_mixin.py:190} INFO - [2025-08-25T12:40:17.003+0000] {dagbag.py:588} INFO - Filling up the DagBag from /home/airflow/.local/lib/python3.12/site-packages/airflow/example_dags/example_xcom.py
[2025-08-25T12:40:17.014+0000] {processor.py:925} INFO - DAG(s) 'example_xcom' retrieved from /home/airflow/.local/lib/python3.12/site-packages/airflow/example_dags/example_xcom.py
[2025-08-25T12:40:17.046+0000] {logging_mixin.py:190} INFO - [2025-08-25T12:40:17.046+0000] {dag.py:3239} INFO - Sync 1 DAGs
[2025-08-25T12:40:17.081+0000] {logging_mixin.py:190} INFO - [2025-08-25T12:40:17.081+0000] {dag.py:4180} INFO - Setting next_dagrun for example_xcom to 2021-01-01 00:00:00+00:00, run_after=2021-01-01 00:00:00+00:00
[2025-08-25T12:40:17.112+0000] {processor.py:208} INFO - Processing /home/airflow/.local/lib/python3.12/site-packages/airflow/example_dags/example_xcom.py took 0.121 seconds
[2025-08-25T12:40:47.833+0000] {processor.py:186} INFO - Started process (PID=765) to work on /home/airflow/.local/lib/python3.12/site-packages/airflow/example_dags/example_xcom.py
[2025-08-25T12:40:47.834+0000] {processor.py:914} INFO - Processing file /home/airflow/.local/lib/python3.12/site-packages/airflow/example_dags/example_xcom.py for tasks to queue
[2025-08-25T12:40:47.837+0000] {logging_mixin.py:190} INFO - [2025-08-25T12:40:47.837+0000] {dagbag.py:588} INFO - Filling up the DagBag from /home/airflow/.local/lib/python3.12/site-packages/airflow/example_dags/example_xcom.py
[2025-08-25T12:40:47.851+0000] {processor.py:925} INFO - DAG(s) 'example_xcom' retrieved from /home/airflow/.local/lib/python3.12/site-packages/airflow/example_dags/example_xcom.py
[2025-08-25T12:40:47.885+0000] {logging_mixin.py:190} INFO - [2025-08-25T12:40:47.884+0000] {dag.py:3239} INFO - Sync 1 DAGs
[2025-08-25T12:40:47.919+0000] {logging_mixin.py:190} INFO - [2025-08-25T12:40:47.919+0000] {dag.py:4180} INFO - Setting next_dagrun for example_xcom to 2021-01-01 00:00:00+00:00, run_after=2021-01-01 00:00:00+00:00
[2025-08-25T12:40:47.951+0000] {processor.py:208} INFO - Processing /home/airflow/.local/lib/python3.12/site-packages/airflow/example_dags/example_xcom.py took 0.128 seconds
[2025-08-25T12:41:18.515+0000] {processor.py:186} INFO - Started process (PID=829) to work on /home/airflow/.local/lib/python3.12/site-packages/airflow/example_dags/example_xcom.py
[2025-08-25T12:41:18.516+0000] {processor.py:914} INFO - Processing file /home/airflow/.local/lib/python3.12/site-packages/airflow/example_dags/example_xcom.py for tasks to queue
[2025-08-25T12:41:18.520+0000] {logging_mixin.py:190} INFO - [2025-08-25T12:41:18.519+0000] {dagbag.py:588} INFO - Filling up the DagBag from /home/airflow/.local/lib/python3.12/site-packages/airflow/example_dags/example_xcom.py
[2025-08-25T12:41:18.531+0000] {processor.py:925} INFO - DAG(s) 'example_xcom' retrieved from /home/airflow/.local/lib/python3.12/site-packages/airflow/example_dags/example_xcom.py
[2025-08-25T12:41:18.560+0000] {logging_mixin.py:190} INFO - [2025-08-25T12:41:18.559+0000] {dag.py:3239} INFO - Sync 1 DAGs
[2025-08-25T12:41:18.592+0000] {logging_mixin.py:190} INFO - [2025-08-25T12:41:18.592+0000] {dag.py:4180} INFO - Setting next_dagrun for example_xcom to 2021-01-01 00:00:00+00:00, run_after=2021-01-01 00:00:00+00:00
[2025-08-25T12:41:18.617+0000] {processor.py:208} INFO - Processing /home/airflow/.local/lib/python3.12/site-packages/airflow/example_dags/example_xcom.py took 0.110 seconds
[2025-08-25T12:41:49.109+0000] {processor.py:186} INFO - Started process (PID=893) to work on /home/airflow/.local/lib/python3.12/site-packages/airflow/example_dags/example_xcom.py
[2025-08-25T12:41:49.110+0000] {processor.py:914} INFO - Processing file /home/airflow/.local/lib/python3.12/site-packages/airflow/example_dags/example_xcom.py for tasks to queue
[2025-08-25T12:41:49.114+0000] {logging_mixin.py:190} INFO - [2025-08-25T12:41:49.113+0000] {dagbag.py:588} INFO - Filling up the DagBag from /home/airflow/.local/lib/python3.12/site-packages/airflow/example_dags/example_xcom.py
[2025-08-25T12:41:49.128+0000] {processor.py:925} INFO - DAG(s) 'example_xcom' retrieved from /home/airflow/.local/lib/python3.12/site-packages/airflow/example_dags/example_xcom.py
[2025-08-25T12:41:49.160+0000] {logging_mixin.py:190} INFO - [2025-08-25T12:41:49.160+0000] {dag.py:3239} INFO - Sync 1 DAGs
[2025-08-25T12:41:49.191+0000] {logging_mixin.py:190} INFO - [2025-08-25T12:41:49.191+0000] {dag.py:4180} INFO - Setting next_dagrun for example_xcom to 2021-01-01 00:00:00+00:00, run_after=2021-01-01 00:00:00+00:00
[2025-08-25T12:41:49.216+0000] {processor.py:208} INFO - Processing /home/airflow/.local/lib/python3.12/site-packages/airflow/example_dags/example_xcom.py took 0.116 seconds
[2025-08-25T12:42:19.970+0000] {processor.py:186} INFO - Started process (PID=957) to work on /home/airflow/.local/lib/python3.12/site-packages/airflow/example_dags/example_xcom.py
[2025-08-25T12:42:19.971+0000] {processor.py:914} INFO - Processing file /home/airflow/.local/lib/python3.12/site-packages/airflow/example_dags/example_xcom.py for tasks to queue
[2025-08-25T12:42:19.974+0000] {logging_mixin.py:190} INFO - [2025-08-25T12:42:19.973+0000] {dagbag.py:588} INFO - Filling up the DagBag from /home/airflow/.local/lib/python3.12/site-packages/airflow/example_dags/example_xcom.py
[2025-08-25T12:42:19.987+0000] {processor.py:925} INFO - DAG(s) 'example_xcom' retrieved from /home/airflow/.local/lib/python3.12/site-packages/airflow/example_dags/example_xcom.py
[2025-08-25T12:42:20.023+0000] {logging_mixin.py:190} INFO - [2025-08-25T12:42:20.022+0000] {dag.py:3239} INFO - Sync 1 DAGs
[2025-08-25T12:42:20.054+0000] {logging_mixin.py:190} INFO - [2025-08-25T12:42:20.053+0000] {dag.py:4180} INFO - Setting next_dagrun for example_xcom to 2021-01-01 00:00:00+00:00, run_after=2021-01-01 00:00:00+00:00
[2025-08-25T12:42:20.082+0000] {processor.py:208} INFO - Processing /home/airflow/.local/lib/python3.12/site-packages/airflow/example_dags/example_xcom.py took 0.121 seconds
[2025-08-25T12:42:50.710+0000] {processor.py:186} INFO - Started process (PID=1021) to work on /home/airflow/.local/lib/python3.12/site-packages/airflow/example_dags/example_xcom.py
[2025-08-25T12:42:50.711+0000] {processor.py:914} INFO - Processing file /home/airflow/.local/lib/python3.12/site-packages/airflow/example_dags/example_xcom.py for tasks to queue
[2025-08-25T12:42:50.714+0000] {logging_mixin.py:190} INFO - [2025-08-25T12:42:50.714+0000] {dagbag.py:588} INFO - Filling up the DagBag from /home/airflow/.local/lib/python3.12/site-packages/airflow/example_dags/example_xcom.py
[2025-08-25T12:42:50.729+0000] {processor.py:925} INFO - DAG(s) 'example_xcom' retrieved from /home/airflow/.local/lib/python3.12/site-packages/airflow/example_dags/example_xcom.py
[2025-08-25T12:42:50.764+0000] {logging_mixin.py:190} INFO - [2025-08-25T12:42:50.764+0000] {dag.py:3239} INFO - Sync 1 DAGs
[2025-08-25T12:42:50.795+0000] {logging_mixin.py:190} INFO - [2025-08-25T12:42:50.795+0000] {dag.py:4180} INFO - Setting next_dagrun for example_xcom to 2021-01-01 00:00:00+00:00, run_after=2021-01-01 00:00:00+00:00
[2025-08-25T12:42:50.823+0000] {processor.py:208} INFO - Processing /home/airflow/.local/lib/python3.12/site-packages/airflow/example_dags/example_xcom.py took 0.121 seconds
[2025-08-25T12:43:21.424+0000] {processor.py:186} INFO - Started process (PID=1085) to work on /home/airflow/.local/lib/python3.12/site-packages/airflow/example_dags/example_xcom.py
[2025-08-25T12:43:21.425+0000] {processor.py:914} INFO - Processing file /home/airflow/.local/lib/python3.12/site-packages/airflow/example_dags/example_xcom.py for tasks to queue
[2025-08-25T12:43:21.429+0000] {logging_mixin.py:190} INFO - [2025-08-25T12:43:21.428+0000] {dagbag.py:588} INFO - Filling up the DagBag from /home/airflow/.local/lib/python3.12/site-packages/airflow/example_dags/example_xcom.py
[2025-08-25T12:43:21.444+0000] {processor.py:925} INFO - DAG(s) 'example_xcom' retrieved from /home/airflow/.local/lib/python3.12/site-packages/airflow/example_dags/example_xcom.py
[2025-08-25T12:43:21.481+0000] {logging_mixin.py:190} INFO - [2025-08-25T12:43:21.480+0000] {dag.py:3239} INFO - Sync 1 DAGs
[2025-08-25T12:43:21.534+0000] {logging_mixin.py:190} INFO - [2025-08-25T12:43:21.533+0000] {dag.py:4180} INFO - Setting next_dagrun for example_xcom to 2021-01-01 00:00:00+00:00, run_after=2021-01-01 00:00:00+00:00
[2025-08-25T12:43:21.584+0000] {processor.py:208} INFO - Processing /home/airflow/.local/lib/python3.12/site-packages/airflow/example_dags/example_xcom.py took 0.169 seconds
[2025-08-25T12:43:52.125+0000] {processor.py:186} INFO - Started process (PID=1150) to work on /home/airflow/.local/lib/python3.12/site-packages/airflow/example_dags/example_xcom.py
[2025-08-25T12:43:52.128+0000] {processor.py:914} INFO - Processing file /home/airflow/.local/lib/python3.12/site-packages/airflow/example_dags/example_xcom.py for tasks to queue
[2025-08-25T12:43:52.131+0000] {logging_mixin.py:190} INFO - [2025-08-25T12:43:52.131+0000] {dagbag.py:588} INFO - Filling up the DagBag from /home/airflow/.local/lib/python3.12/site-packages/airflow/example_dags/example_xcom.py
[2025-08-25T12:43:52.143+0000] {processor.py:925} INFO - DAG(s) 'example_xcom' retrieved from /home/airflow/.local/lib/python3.12/site-packages/airflow/example_dags/example_xcom.py
[2025-08-25T12:43:52.178+0000] {logging_mixin.py:190} INFO - [2025-08-25T12:43:52.178+0000] {dag.py:3239} INFO - Sync 1 DAGs
[2025-08-25T12:43:52.212+0000] {logging_mixin.py:190} INFO - [2025-08-25T12:43:52.212+0000] {dag.py:4180} INFO - Setting next_dagrun for example_xcom to 2021-01-01 00:00:00+00:00, run_after=2021-01-01 00:00:00+00:00
[2025-08-25T12:43:52.242+0000] {processor.py:208} INFO - Processing /home/airflow/.local/lib/python3.12/site-packages/airflow/example_dags/example_xcom.py took 0.128 seconds
[2025-08-25T12:44:22.490+0000] {processor.py:186} INFO - Started process (PID=1214) to work on /home/airflow/.local/lib/python3.12/site-packages/airflow/example_dags/example_xcom.py
[2025-08-25T12:44:22.492+0000] {processor.py:914} INFO - Processing file /home/airflow/.local/lib/python3.12/site-packages/airflow/example_dags/example_xcom.py for tasks to queue
[2025-08-25T12:44:22.495+0000] {logging_mixin.py:190} INFO - [2025-08-25T12:44:22.495+0000] {dagbag.py:588} INFO - Filling up the DagBag from /home/airflow/.local/lib/python3.12/site-packages/airflow/example_dags/example_xcom.py
[2025-08-25T12:44:22.511+0000] {processor.py:925} INFO - DAG(s) 'example_xcom' retrieved from /home/airflow/.local/lib/python3.12/site-packages/airflow/example_dags/example_xcom.py
[2025-08-25T12:44:22.546+0000] {logging_mixin.py:190} INFO - [2025-08-25T12:44:22.545+0000] {dag.py:3239} INFO - Sync 1 DAGs
[2025-08-25T12:44:22.585+0000] {logging_mixin.py:190} INFO - [2025-08-25T12:44:22.584+0000] {dag.py:4180} INFO - Setting next_dagrun for example_xcom to 2021-01-01 00:00:00+00:00, run_after=2021-01-01 00:00:00+00:00
[2025-08-25T12:44:22.612+0000] {processor.py:208} INFO - Processing /home/airflow/.local/lib/python3.12/site-packages/airflow/example_dags/example_xcom.py took 0.131 seconds
[2025-08-25T12:44:53.218+0000] {processor.py:186} INFO - Started process (PID=1278) to work on /home/airflow/.local/lib/python3.12/site-packages/airflow/example_dags/example_xcom.py
[2025-08-25T12:44:53.220+0000] {processor.py:914} INFO - Processing file /home/airflow/.local/lib/python3.12/site-packages/airflow/example_dags/example_xcom.py for tasks to queue
[2025-08-25T12:44:53.223+0000] {logging_mixin.py:190} INFO - [2025-08-25T12:44:53.223+0000] {dagbag.py:588} INFO - Filling up the DagBag from /home/airflow/.local/lib/python3.12/site-packages/airflow/example_dags/example_xcom.py
[2025-08-25T12:44:53.239+0000] {processor.py:925} INFO - DAG(s) 'example_xcom' retrieved from /home/airflow/.local/lib/python3.12/site-packages/airflow/example_dags/example_xcom.py
[2025-08-25T12:44:53.275+0000] {logging_mixin.py:190} INFO - [2025-08-25T12:44:53.274+0000] {dag.py:3239} INFO - Sync 1 DAGs
[2025-08-25T12:44:53.310+0000] {logging_mixin.py:190} INFO - [2025-08-25T12:44:53.310+0000] {dag.py:4180} INFO - Setting next_dagrun for example_xcom to 2021-01-01 00:00:00+00:00, run_after=2021-01-01 00:00:00+00:00
[2025-08-25T12:44:53.339+0000] {processor.py:208} INFO - Processing /home/airflow/.local/lib/python3.12/site-packages/airflow/example_dags/example_xcom.py took 0.131 seconds
[2025-08-25T12:45:23.494+0000] {processor.py:186} INFO - Started process (PID=1341) to work on /home/airflow/.local/lib/python3.12/site-packages/airflow/example_dags/example_xcom.py
[2025-08-25T12:45:23.495+0000] {processor.py:914} INFO - Processing file /home/airflow/.local/lib/python3.12/site-packages/airflow/example_dags/example_xcom.py for tasks to queue
[2025-08-25T12:45:23.498+0000] {logging_mixin.py:190} INFO - [2025-08-25T12:45:23.498+0000] {dagbag.py:588} INFO - Filling up the DagBag from /home/airflow/.local/lib/python3.12/site-packages/airflow/example_dags/example_xcom.py
[2025-08-25T12:45:23.513+0000] {processor.py:925} INFO - DAG(s) 'example_xcom' retrieved from /home/airflow/.local/lib/python3.12/site-packages/airflow/example_dags/example_xcom.py
[2025-08-25T12:45:23.547+0000] {logging_mixin.py:190} INFO - [2025-08-25T12:45:23.546+0000] {dag.py:3239} INFO - Sync 1 DAGs
[2025-08-25T12:45:23.584+0000] {logging_mixin.py:190} INFO - [2025-08-25T12:45:23.584+0000] {dag.py:4180} INFO - Setting next_dagrun for example_xcom to 2021-01-01 00:00:00+00:00, run_after=2021-01-01 00:00:00+00:00
[2025-08-25T12:45:23.613+0000] {processor.py:208} INFO - Processing /home/airflow/.local/lib/python3.12/site-packages/airflow/example_dags/example_xcom.py took 0.128 seconds
[2025-08-25T12:45:53.869+0000] {processor.py:186} INFO - Started process (PID=1405) to work on /home/airflow/.local/lib/python3.12/site-packages/airflow/example_dags/example_xcom.py
[2025-08-25T12:45:53.870+0000] {processor.py:914} INFO - Processing file /home/airflow/.local/lib/python3.12/site-packages/airflow/example_dags/example_xcom.py for tasks to queue
[2025-08-25T12:45:53.873+0000] {logging_mixin.py:190} INFO - [2025-08-25T12:45:53.872+0000] {dagbag.py:588} INFO - Filling up the DagBag from /home/airflow/.local/lib/python3.12/site-packages/airflow/example_dags/example_xcom.py
[2025-08-25T12:45:53.884+0000] {processor.py:925} INFO - DAG(s) 'example_xcom' retrieved from /home/airflow/.local/lib/python3.12/site-packages/airflow/example_dags/example_xcom.py
[2025-08-25T12:45:53.915+0000] {logging_mixin.py:190} INFO - [2025-08-25T12:45:53.915+0000] {dag.py:3239} INFO - Sync 1 DAGs
[2025-08-25T12:45:53.946+0000] {logging_mixin.py:190} INFO - [2025-08-25T12:45:53.945+0000] {dag.py:4180} INFO - Setting next_dagrun for example_xcom to 2021-01-01 00:00:00+00:00, run_after=2021-01-01 00:00:00+00:00
[2025-08-25T12:45:53.970+0000] {processor.py:208} INFO - Processing /home/airflow/.local/lib/python3.12/site-packages/airflow/example_dags/example_xcom.py took 0.110 seconds
[2025-08-25T12:46:24.821+0000] {processor.py:186} INFO - Started process (PID=1469) to work on /home/airflow/.local/lib/python3.12/site-packages/airflow/example_dags/example_xcom.py
[2025-08-25T12:46:24.822+0000] {processor.py:914} INFO - Processing file /home/airflow/.local/lib/python3.12/site-packages/airflow/example_dags/example_xcom.py for tasks to queue
[2025-08-25T12:46:24.825+0000] {logging_mixin.py:190} INFO - [2025-08-25T12:46:24.825+0000] {dagbag.py:588} INFO - Filling up the DagBag from /home/airflow/.local/lib/python3.12/site-packages/airflow/example_dags/example_xcom.py
[2025-08-25T12:46:24.836+0000] {processor.py:925} INFO - DAG(s) 'example_xcom' retrieved from /home/airflow/.local/lib/python3.12/site-packages/airflow/example_dags/example_xcom.py
[2025-08-25T12:46:24.864+0000] {logging_mixin.py:190} INFO - [2025-08-25T12:46:24.864+0000] {dag.py:3239} INFO - Sync 1 DAGs
[2025-08-25T12:46:24.891+0000] {logging_mixin.py:190} INFO - [2025-08-25T12:46:24.891+0000] {dag.py:4180} INFO - Setting next_dagrun for example_xcom to 2021-01-01 00:00:00+00:00, run_after=2021-01-01 00:00:00+00:00
[2025-08-25T12:46:24.915+0000] {processor.py:208} INFO - Processing /home/airflow/.local/lib/python3.12/site-packages/airflow/example_dags/example_xcom.py took 0.103 seconds
[2025-08-25T12:46:55.243+0000] {processor.py:186} INFO - Started process (PID=1533) to work on /home/airflow/.local/lib/python3.12/site-packages/airflow/example_dags/example_xcom.py
[2025-08-25T12:46:55.244+0000] {processor.py:914} INFO - Processing file /home/airflow/.local/lib/python3.12/site-packages/airflow/example_dags/example_xcom.py for tasks to queue
[2025-08-25T12:46:55.247+0000] {logging_mixin.py:190} INFO - [2025-08-25T12:46:55.246+0000] {dagbag.py:588} INFO - Filling up the DagBag from /home/airflow/.local/lib/python3.12/site-packages/airflow/example_dags/example_xcom.py
[2025-08-25T12:46:55.257+0000] {processor.py:925} INFO - DAG(s) 'example_xcom' retrieved from /home/airflow/.local/lib/python3.12/site-packages/airflow/example_dags/example_xcom.py
[2025-08-25T12:46:55.289+0000] {logging_mixin.py:190} INFO - [2025-08-25T12:46:55.288+0000] {dag.py:3239} INFO - Sync 1 DAGs
[2025-08-25T12:46:55.324+0000] {logging_mixin.py:190} INFO - [2025-08-25T12:46:55.323+0000] {dag.py:4180} INFO - Setting next_dagrun for example_xcom to 2021-01-01 00:00:00+00:00, run_after=2021-01-01 00:00:00+00:00
[2025-08-25T12:46:55.350+0000] {processor.py:208} INFO - Processing /home/airflow/.local/lib/python3.12/site-packages/airflow/example_dags/example_xcom.py took 0.115 seconds
[2025-08-25T12:47:25.865+0000] {processor.py:186} INFO - Started process (PID=1597) to work on /home/airflow/.local/lib/python3.12/site-packages/airflow/example_dags/example_xcom.py
[2025-08-25T12:47:25.866+0000] {processor.py:914} INFO - Processing file /home/airflow/.local/lib/python3.12/site-packages/airflow/example_dags/example_xcom.py for tasks to queue
[2025-08-25T12:47:25.869+0000] {logging_mixin.py:190} INFO - [2025-08-25T12:47:25.869+0000] {dagbag.py:588} INFO - Filling up the DagBag from /home/airflow/.local/lib/python3.12/site-packages/airflow/example_dags/example_xcom.py
[2025-08-25T12:47:25.881+0000] {processor.py:925} INFO - DAG(s) 'example_xcom' retrieved from /home/airflow/.local/lib/python3.12/site-packages/airflow/example_dags/example_xcom.py
[2025-08-25T12:47:25.911+0000] {logging_mixin.py:190} INFO - [2025-08-25T12:47:25.911+0000] {dag.py:3239} INFO - Sync 1 DAGs
[2025-08-25T12:47:25.942+0000] {logging_mixin.py:190} INFO - [2025-08-25T12:47:25.942+0000] {dag.py:4180} INFO - Setting next_dagrun for example_xcom to 2021-01-01 00:00:00+00:00, run_after=2021-01-01 00:00:00+00:00
[2025-08-25T12:47:25.970+0000] {processor.py:208} INFO - Processing /home/airflow/.local/lib/python3.12/site-packages/airflow/example_dags/example_xcom.py took 0.113 seconds
[2025-08-25T12:47:56.188+0000] {processor.py:186} INFO - Started process (PID=1661) to work on /home/airflow/.local/lib/python3.12/site-packages/airflow/example_dags/example_xcom.py
[2025-08-25T12:47:56.189+0000] {processor.py:914} INFO - Processing file /home/airflow/.local/lib/python3.12/site-packages/airflow/example_dags/example_xcom.py for tasks to queue
[2025-08-25T12:47:56.191+0000] {logging_mixin.py:190} INFO - [2025-08-25T12:47:56.191+0000] {dagbag.py:588} INFO - Filling up the DagBag from /home/airflow/.local/lib/python3.12/site-packages/airflow/example_dags/example_xcom.py
[2025-08-25T12:47:56.202+0000] {processor.py:925} INFO - DAG(s) 'example_xcom' retrieved from /home/airflow/.local/lib/python3.12/site-packages/airflow/example_dags/example_xcom.py
[2025-08-25T12:47:56.235+0000] {logging_mixin.py:190} INFO - [2025-08-25T12:47:56.234+0000] {dag.py:3239} INFO - Sync 1 DAGs
[2025-08-25T12:47:56.267+0000] {logging_mixin.py:190} INFO - [2025-08-25T12:47:56.266+0000] {dag.py:4180} INFO - Setting next_dagrun for example_xcom to 2021-01-01 00:00:00+00:00, run_after=2021-01-01 00:00:00+00:00
[2025-08-25T12:47:56.286+0000] {processor.py:208} INFO - Processing /home/airflow/.local/lib/python3.12/site-packages/airflow/example_dags/example_xcom.py took 0.106 seconds
[2025-08-25T12:48:26.940+0000] {processor.py:186} INFO - Started process (PID=1725) to work on /home/airflow/.local/lib/python3.12/site-packages/airflow/example_dags/example_xcom.py
[2025-08-25T12:48:26.941+0000] {processor.py:914} INFO - Processing file /home/airflow/.local/lib/python3.12/site-packages/airflow/example_dags/example_xcom.py for tasks to queue
[2025-08-25T12:48:26.944+0000] {logging_mixin.py:190} INFO - [2025-08-25T12:48:26.944+0000] {dagbag.py:588} INFO - Filling up the DagBag from /home/airflow/.local/lib/python3.12/site-packages/airflow/example_dags/example_xcom.py
[2025-08-25T12:48:26.957+0000] {processor.py:925} INFO - DAG(s) 'example_xcom' retrieved from /home/airflow/.local/lib/python3.12/site-packages/airflow/example_dags/example_xcom.py
[2025-08-25T12:48:26.986+0000] {logging_mixin.py:190} INFO - [2025-08-25T12:48:26.986+0000] {dag.py:3239} INFO - Sync 1 DAGs
[2025-08-25T12:48:27.017+0000] {logging_mixin.py:190} INFO - [2025-08-25T12:48:27.016+0000] {dag.py:4180} INFO - Setting next_dagrun for example_xcom to 2021-01-01 00:00:00+00:00, run_after=2021-01-01 00:00:00+00:00
[2025-08-25T12:48:27.041+0000] {processor.py:208} INFO - Processing /home/airflow/.local/lib/python3.12/site-packages/airflow/example_dags/example_xcom.py took 0.110 seconds
[2025-08-25T12:48:57.863+0000] {processor.py:186} INFO - Started process (PID=1789) to work on /home/airflow/.local/lib/python3.12/site-packages/airflow/example_dags/example_xcom.py
[2025-08-25T12:48:57.865+0000] {processor.py:914} INFO - Processing file /home/airflow/.local/lib/python3.12/site-packages/airflow/example_dags/example_xcom.py for tasks to queue
[2025-08-25T12:48:57.868+0000] {logging_mixin.py:190} INFO - [2025-08-25T12:48:57.867+0000] {dagbag.py:588} INFO - Filling up the DagBag from /home/airflow/.local/lib/python3.12/site-packages/airflow/example_dags/example_xcom.py
[2025-08-25T12:48:57.879+0000] {processor.py:925} INFO - DAG(s) 'example_xcom' retrieved from /home/airflow/.local/lib/python3.12/site-packages/airflow/example_dags/example_xcom.py
[2025-08-25T12:48:57.909+0000] {logging_mixin.py:190} INFO - [2025-08-25T12:48:57.908+0000] {dag.py:3239} INFO - Sync 1 DAGs
[2025-08-25T12:48:57.942+0000] {logging_mixin.py:190} INFO - [2025-08-25T12:48:57.942+0000] {dag.py:4180} INFO - Setting next_dagrun for example_xcom to 2021-01-01 00:00:00+00:00, run_after=2021-01-01 00:00:00+00:00
[2025-08-25T12:48:57.966+0000] {processor.py:208} INFO - Processing /home/airflow/.local/lib/python3.12/site-packages/airflow/example_dags/example_xcom.py took 0.110 seconds
[2025-08-25T12:49:28.786+0000] {processor.py:186} INFO - Started process (PID=1859) to work on /home/airflow/.local/lib/python3.12/site-packages/airflow/example_dags/example_xcom.py
[2025-08-25T12:49:28.789+0000] {processor.py:914} INFO - Processing file /home/airflow/.local/lib/python3.12/site-packages/airflow/example_dags/example_xcom.py for tasks to queue
[2025-08-25T12:49:28.794+0000] {logging_mixin.py:190} INFO - [2025-08-25T12:49:28.793+0000] {dagbag.py:588} INFO - Filling up the DagBag from /home/airflow/.local/lib/python3.12/site-packages/airflow/example_dags/example_xcom.py
[2025-08-25T12:49:28.814+0000] {processor.py:925} INFO - DAG(s) 'example_xcom' retrieved from /home/airflow/.local/lib/python3.12/site-packages/airflow/example_dags/example_xcom.py
[2025-08-25T12:49:28.864+0000] {logging_mixin.py:190} INFO - [2025-08-25T12:49:28.863+0000] {dag.py:3239} INFO - Sync 1 DAGs
[2025-08-25T12:49:28.902+0000] {logging_mixin.py:190} INFO - [2025-08-25T12:49:28.902+0000] {dag.py:4180} INFO - Setting next_dagrun for example_xcom to 2021-01-01 00:00:00+00:00, run_after=2021-01-01 00:00:00+00:00
[2025-08-25T12:49:28.929+0000] {processor.py:208} INFO - Processing /home/airflow/.local/lib/python3.12/site-packages/airflow/example_dags/example_xcom.py took 0.153 seconds
[2025-08-25T12:49:59.734+0000] {processor.py:186} INFO - Started process (PID=1923) to work on /home/airflow/.local/lib/python3.12/site-packages/airflow/example_dags/example_xcom.py
[2025-08-25T12:49:59.737+0000] {processor.py:914} INFO - Processing file /home/airflow/.local/lib/python3.12/site-packages/airflow/example_dags/example_xcom.py for tasks to queue
[2025-08-25T12:49:59.742+0000] {logging_mixin.py:190} INFO - [2025-08-25T12:49:59.741+0000] {dagbag.py:588} INFO - Filling up the DagBag from /home/airflow/.local/lib/python3.12/site-packages/airflow/example_dags/example_xcom.py
[2025-08-25T12:49:59.761+0000] {processor.py:925} INFO - DAG(s) 'example_xcom' retrieved from /home/airflow/.local/lib/python3.12/site-packages/airflow/example_dags/example_xcom.py
[2025-08-25T12:49:59.806+0000] {logging_mixin.py:190} INFO - [2025-08-25T12:49:59.806+0000] {dag.py:3239} INFO - Sync 1 DAGs
[2025-08-25T12:49:59.856+0000] {logging_mixin.py:190} INFO - [2025-08-25T12:49:59.855+0000] {dag.py:4180} INFO - Setting next_dagrun for example_xcom to 2021-01-01 00:00:00+00:00, run_after=2021-01-01 00:00:00+00:00
[2025-08-25T12:49:59.896+0000] {processor.py:208} INFO - Processing /home/airflow/.local/lib/python3.12/site-packages/airflow/example_dags/example_xcom.py took 0.174 seconds
[2025-08-25T12:50:30.150+0000] {processor.py:186} INFO - Started process (PID=1987) to work on /home/airflow/.local/lib/python3.12/site-packages/airflow/example_dags/example_xcom.py
[2025-08-25T12:50:30.152+0000] {processor.py:914} INFO - Processing file /home/airflow/.local/lib/python3.12/site-packages/airflow/example_dags/example_xcom.py for tasks to queue
[2025-08-25T12:50:30.158+0000] {logging_mixin.py:190} INFO - [2025-08-25T12:50:30.157+0000] {dagbag.py:588} INFO - Filling up the DagBag from /home/airflow/.local/lib/python3.12/site-packages/airflow/example_dags/example_xcom.py
[2025-08-25T12:50:30.182+0000] {processor.py:925} INFO - DAG(s) 'example_xcom' retrieved from /home/airflow/.local/lib/python3.12/site-packages/airflow/example_dags/example_xcom.py
[2025-08-25T12:50:30.234+0000] {logging_mixin.py:190} INFO - [2025-08-25T12:50:30.233+0000] {dag.py:3239} INFO - Sync 1 DAGs
[2025-08-25T12:50:30.285+0000] {logging_mixin.py:190} INFO - [2025-08-25T12:50:30.284+0000] {dag.py:4180} INFO - Setting next_dagrun for example_xcom to 2021-01-01 00:00:00+00:00, run_after=2021-01-01 00:00:00+00:00
[2025-08-25T12:50:30.333+0000] {processor.py:208} INFO - Processing /home/airflow/.local/lib/python3.12/site-packages/airflow/example_dags/example_xcom.py took 0.193 seconds
[2025-08-25T12:51:01.221+0000] {processor.py:186} INFO - Started process (PID=2051) to work on /home/airflow/.local/lib/python3.12/site-packages/airflow/example_dags/example_xcom.py
[2025-08-25T12:51:01.223+0000] {processor.py:914} INFO - Processing file /home/airflow/.local/lib/python3.12/site-packages/airflow/example_dags/example_xcom.py for tasks to queue
[2025-08-25T12:51:01.227+0000] {logging_mixin.py:190} INFO - [2025-08-25T12:51:01.226+0000] {dagbag.py:588} INFO - Filling up the DagBag from /home/airflow/.local/lib/python3.12/site-packages/airflow/example_dags/example_xcom.py
[2025-08-25T12:51:01.245+0000] {processor.py:925} INFO - DAG(s) 'example_xcom' retrieved from /home/airflow/.local/lib/python3.12/site-packages/airflow/example_dags/example_xcom.py
[2025-08-25T12:51:01.282+0000] {logging_mixin.py:190} INFO - [2025-08-25T12:51:01.281+0000] {dag.py:3239} INFO - Sync 1 DAGs
[2025-08-25T12:51:01.336+0000] {logging_mixin.py:190} INFO - [2025-08-25T12:51:01.336+0000] {dag.py:4180} INFO - Setting next_dagrun for example_xcom to 2021-01-01 00:00:00+00:00, run_after=2021-01-01 00:00:00+00:00
[2025-08-25T12:51:01.378+0000] {processor.py:208} INFO - Processing /home/airflow/.local/lib/python3.12/site-packages/airflow/example_dags/example_xcom.py took 0.169 seconds
[2025-08-25T12:51:31.997+0000] {processor.py:186} INFO - Started process (PID=2115) to work on /home/airflow/.local/lib/python3.12/site-packages/airflow/example_dags/example_xcom.py
[2025-08-25T12:51:31.998+0000] {processor.py:914} INFO - Processing file /home/airflow/.local/lib/python3.12/site-packages/airflow/example_dags/example_xcom.py for tasks to queue
[2025-08-25T12:51:32.001+0000] {logging_mixin.py:190} INFO - [2025-08-25T12:51:32.000+0000] {dagbag.py:588} INFO - Filling up the DagBag from /home/airflow/.local/lib/python3.12/site-packages/airflow/example_dags/example_xcom.py
[2025-08-25T12:51:32.013+0000] {processor.py:925} INFO - DAG(s) 'example_xcom' retrieved from /home/airflow/.local/lib/python3.12/site-packages/airflow/example_dags/example_xcom.py
[2025-08-25T12:51:32.042+0000] {logging_mixin.py:190} INFO - [2025-08-25T12:51:32.042+0000] {dag.py:3239} INFO - Sync 1 DAGs
[2025-08-25T12:51:32.081+0000] {logging_mixin.py:190} INFO - [2025-08-25T12:51:32.080+0000] {dag.py:4180} INFO - Setting next_dagrun for example_xcom to 2021-01-01 00:00:00+00:00, run_after=2021-01-01 00:00:00+00:00
[2025-08-25T12:51:32.109+0000] {processor.py:208} INFO - Processing /home/airflow/.local/lib/python3.12/site-packages/airflow/example_dags/example_xcom.py took 0.120 seconds
[2025-08-25T12:52:02.903+0000] {processor.py:186} INFO - Started process (PID=2179) to work on /home/airflow/.local/lib/python3.12/site-packages/airflow/example_dags/example_xcom.py
[2025-08-25T12:52:02.904+0000] {processor.py:914} INFO - Processing file /home/airflow/.local/lib/python3.12/site-packages/airflow/example_dags/example_xcom.py for tasks to queue
[2025-08-25T12:52:02.907+0000] {logging_mixin.py:190} INFO - [2025-08-25T12:52:02.906+0000] {dagbag.py:588} INFO - Filling up the DagBag from /home/airflow/.local/lib/python3.12/site-packages/airflow/example_dags/example_xcom.py
[2025-08-25T12:52:02.917+0000] {processor.py:925} INFO - DAG(s) 'example_xcom' retrieved from /home/airflow/.local/lib/python3.12/site-packages/airflow/example_dags/example_xcom.py
[2025-08-25T12:52:02.944+0000] {logging_mixin.py:190} INFO - [2025-08-25T12:52:02.943+0000] {dag.py:3239} INFO - Sync 1 DAGs
[2025-08-25T12:52:02.972+0000] {logging_mixin.py:190} INFO - [2025-08-25T12:52:02.972+0000] {dag.py:4180} INFO - Setting next_dagrun for example_xcom to 2021-01-01 00:00:00+00:00, run_after=2021-01-01 00:00:00+00:00
[2025-08-25T12:52:02.997+0000] {processor.py:208} INFO - Processing /home/airflow/.local/lib/python3.12/site-packages/airflow/example_dags/example_xcom.py took 0.100 seconds
[2025-08-25T12:52:34.196+0000] {processor.py:186} INFO - Started process (PID=2243) to work on /home/airflow/.local/lib/python3.12/site-packages/airflow/example_dags/example_xcom.py
[2025-08-25T12:52:34.196+0000] {processor.py:914} INFO - Processing file /home/airflow/.local/lib/python3.12/site-packages/airflow/example_dags/example_xcom.py for tasks to queue
[2025-08-25T12:52:34.199+0000] {logging_mixin.py:190} INFO - [2025-08-25T12:52:34.198+0000] {dagbag.py:588} INFO - Filling up the DagBag from /home/airflow/.local/lib/python3.12/site-packages/airflow/example_dags/example_xcom.py
[2025-08-25T12:52:34.208+0000] {processor.py:925} INFO - DAG(s) 'example_xcom' retrieved from /home/airflow/.local/lib/python3.12/site-packages/airflow/example_dags/example_xcom.py
[2025-08-25T12:52:34.243+0000] {logging_mixin.py:190} INFO - [2025-08-25T12:52:34.243+0000] {dag.py:3239} INFO - Sync 1 DAGs
[2025-08-25T12:52:34.281+0000] {logging_mixin.py:190} INFO - [2025-08-25T12:52:34.281+0000] {dag.py:4180} INFO - Setting next_dagrun for example_xcom to 2021-01-01 00:00:00+00:00, run_after=2021-01-01 00:00:00+00:00
[2025-08-25T12:52:34.309+0000] {processor.py:208} INFO - Processing /home/airflow/.local/lib/python3.12/site-packages/airflow/example_dags/example_xcom.py took 0.120 seconds
[2025-08-25T12:53:05.356+0000] {processor.py:186} INFO - Started process (PID=2307) to work on /home/airflow/.local/lib/python3.12/site-packages/airflow/example_dags/example_xcom.py
[2025-08-25T12:53:05.359+0000] {processor.py:914} INFO - Processing file /home/airflow/.local/lib/python3.12/site-packages/airflow/example_dags/example_xcom.py for tasks to queue
[2025-08-25T12:53:05.363+0000] {logging_mixin.py:190} INFO - [2025-08-25T12:53:05.362+0000] {dagbag.py:588} INFO - Filling up the DagBag from /home/airflow/.local/lib/python3.12/site-packages/airflow/example_dags/example_xcom.py
[2025-08-25T12:53:05.380+0000] {processor.py:925} INFO - DAG(s) 'example_xcom' retrieved from /home/airflow/.local/lib/python3.12/site-packages/airflow/example_dags/example_xcom.py
[2025-08-25T12:53:05.421+0000] {logging_mixin.py:190} INFO - [2025-08-25T12:53:05.420+0000] {dag.py:3239} INFO - Sync 1 DAGs
[2025-08-25T12:53:05.466+0000] {logging_mixin.py:190} INFO - [2025-08-25T12:53:05.465+0000] {dag.py:4180} INFO - Setting next_dagrun for example_xcom to 2021-01-01 00:00:00+00:00, run_after=2021-01-01 00:00:00+00:00
[2025-08-25T12:53:05.499+0000] {processor.py:208} INFO - Processing /home/airflow/.local/lib/python3.12/site-packages/airflow/example_dags/example_xcom.py took 0.154 seconds
[2025-08-25T12:53:36.233+0000] {processor.py:186} INFO - Started process (PID=2371) to work on /home/airflow/.local/lib/python3.12/site-packages/airflow/example_dags/example_xcom.py
[2025-08-25T12:53:36.234+0000] {processor.py:914} INFO - Processing file /home/airflow/.local/lib/python3.12/site-packages/airflow/example_dags/example_xcom.py for tasks to queue
[2025-08-25T12:53:36.237+0000] {logging_mixin.py:190} INFO - [2025-08-25T12:53:36.236+0000] {dagbag.py:588} INFO - Filling up the DagBag from /home/airflow/.local/lib/python3.12/site-packages/airflow/example_dags/example_xcom.py
[2025-08-25T12:53:36.247+0000] {processor.py:925} INFO - DAG(s) 'example_xcom' retrieved from /home/airflow/.local/lib/python3.12/site-packages/airflow/example_dags/example_xcom.py
[2025-08-25T12:53:36.279+0000] {logging_mixin.py:190} INFO - [2025-08-25T12:53:36.278+0000] {dag.py:3239} INFO - Sync 1 DAGs
[2025-08-25T12:53:36.308+0000] {logging_mixin.py:190} INFO - [2025-08-25T12:53:36.308+0000] {dag.py:4180} INFO - Setting next_dagrun for example_xcom to 2021-01-01 00:00:00+00:00, run_after=2021-01-01 00:00:00+00:00
[2025-08-25T12:53:36.333+0000] {processor.py:208} INFO - Processing /home/airflow/.local/lib/python3.12/site-packages/airflow/example_dags/example_xcom.py took 0.108 seconds
[2025-08-25T12:54:07.045+0000] {processor.py:186} INFO - Started process (PID=2435) to work on /home/airflow/.local/lib/python3.12/site-packages/airflow/example_dags/example_xcom.py
[2025-08-25T12:54:07.047+0000] {processor.py:914} INFO - Processing file /home/airflow/.local/lib/python3.12/site-packages/airflow/example_dags/example_xcom.py for tasks to queue
[2025-08-25T12:54:07.050+0000] {logging_mixin.py:190} INFO - [2025-08-25T12:54:07.049+0000] {dagbag.py:588} INFO - Filling up the DagBag from /home/airflow/.local/lib/python3.12/site-packages/airflow/example_dags/example_xcom.py
[2025-08-25T12:54:07.063+0000] {processor.py:925} INFO - DAG(s) 'example_xcom' retrieved from /home/airflow/.local/lib/python3.12/site-packages/airflow/example_dags/example_xcom.py
[2025-08-25T12:54:07.098+0000] {logging_mixin.py:190} INFO - [2025-08-25T12:54:07.098+0000] {dag.py:3239} INFO - Sync 1 DAGs
[2025-08-25T12:54:07.136+0000] {logging_mixin.py:190} INFO - [2025-08-25T12:54:07.136+0000] {dag.py:4180} INFO - Setting next_dagrun for example_xcom to 2021-01-01 00:00:00+00:00, run_after=2021-01-01 00:00:00+00:00
[2025-08-25T12:54:07.168+0000] {processor.py:208} INFO - Processing /home/airflow/.local/lib/python3.12/site-packages/airflow/example_dags/example_xcom.py took 0.132 seconds
[2025-08-25T12:54:37.998+0000] {processor.py:186} INFO - Started process (PID=2499) to work on /home/airflow/.local/lib/python3.12/site-packages/airflow/example_dags/example_xcom.py
[2025-08-25T12:54:37.999+0000] {processor.py:914} INFO - Processing file /home/airflow/.local/lib/python3.12/site-packages/airflow/example_dags/example_xcom.py for tasks to queue
[2025-08-25T12:54:38.002+0000] {logging_mixin.py:190} INFO - [2025-08-25T12:54:38.001+0000] {dagbag.py:588} INFO - Filling up the DagBag from /home/airflow/.local/lib/python3.12/site-packages/airflow/example_dags/example_xcom.py
[2025-08-25T12:54:38.013+0000] {processor.py:925} INFO - DAG(s) 'example_xcom' retrieved from /home/airflow/.local/lib/python3.12/site-packages/airflow/example_dags/example_xcom.py
[2025-08-25T12:54:38.045+0000] {logging_mixin.py:190} INFO - [2025-08-25T12:54:38.045+0000] {dag.py:3239} INFO - Sync 1 DAGs
[2025-08-25T12:54:38.076+0000] {logging_mixin.py:190} INFO - [2025-08-25T12:54:38.075+0000] {dag.py:4180} INFO - Setting next_dagrun for example_xcom to 2021-01-01 00:00:00+00:00, run_after=2021-01-01 00:00:00+00:00
[2025-08-25T12:54:38.101+0000] {processor.py:208} INFO - Processing /home/airflow/.local/lib/python3.12/site-packages/airflow/example_dags/example_xcom.py took 0.111 seconds
[2025-08-25T12:55:08.868+0000] {processor.py:186} INFO - Started process (PID=2563) to work on /home/airflow/.local/lib/python3.12/site-packages/airflow/example_dags/example_xcom.py
[2025-08-25T12:55:08.869+0000] {processor.py:914} INFO - Processing file /home/airflow/.local/lib/python3.12/site-packages/airflow/example_dags/example_xcom.py for tasks to queue
[2025-08-25T12:55:08.872+0000] {logging_mixin.py:190} INFO - [2025-08-25T12:55:08.872+0000] {dagbag.py:588} INFO - Filling up the DagBag from /home/airflow/.local/lib/python3.12/site-packages/airflow/example_dags/example_xcom.py
[2025-08-25T12:55:08.884+0000] {processor.py:925} INFO - DAG(s) 'example_xcom' retrieved from /home/airflow/.local/lib/python3.12/site-packages/airflow/example_dags/example_xcom.py
[2025-08-25T12:55:08.924+0000] {logging_mixin.py:190} INFO - [2025-08-25T12:55:08.924+0000] {dag.py:3239} INFO - Sync 1 DAGs
[2025-08-25T12:55:08.966+0000] {logging_mixin.py:190} INFO - [2025-08-25T12:55:08.965+0000] {dag.py:4180} INFO - Setting next_dagrun for example_xcom to 2021-01-01 00:00:00+00:00, run_after=2021-01-01 00:00:00+00:00
[2025-08-25T12:55:08.994+0000] {processor.py:208} INFO - Processing /home/airflow/.local/lib/python3.12/site-packages/airflow/example_dags/example_xcom.py took 0.133 seconds
[2025-08-25T12:55:39.414+0000] {processor.py:186} INFO - Started process (PID=2627) to work on /home/airflow/.local/lib/python3.12/site-packages/airflow/example_dags/example_xcom.py
[2025-08-25T12:55:39.416+0000] {processor.py:914} INFO - Processing file /home/airflow/.local/lib/python3.12/site-packages/airflow/example_dags/example_xcom.py for tasks to queue
[2025-08-25T12:55:39.419+0000] {logging_mixin.py:190} INFO - [2025-08-25T12:55:39.419+0000] {dagbag.py:588} INFO - Filling up the DagBag from /home/airflow/.local/lib/python3.12/site-packages/airflow/example_dags/example_xcom.py
[2025-08-25T12:55:39.434+0000] {processor.py:925} INFO - DAG(s) 'example_xcom' retrieved from /home/airflow/.local/lib/python3.12/site-packages/airflow/example_dags/example_xcom.py
[2025-08-25T12:55:39.470+0000] {logging_mixin.py:190} INFO - [2025-08-25T12:55:39.469+0000] {dag.py:3239} INFO - Sync 1 DAGs
[2025-08-25T12:55:39.512+0000] {logging_mixin.py:190} INFO - [2025-08-25T12:55:39.512+0000] {dag.py:4180} INFO - Setting next_dagrun for example_xcom to 2021-01-01 00:00:00+00:00, run_after=2021-01-01 00:00:00+00:00
[2025-08-25T12:55:39.539+0000] {processor.py:208} INFO - Processing /home/airflow/.local/lib/python3.12/site-packages/airflow/example_dags/example_xcom.py took 0.134 seconds
[2025-08-25T12:56:10.581+0000] {processor.py:186} INFO - Started process (PID=2691) to work on /home/airflow/.local/lib/python3.12/site-packages/airflow/example_dags/example_xcom.py
[2025-08-25T12:56:10.582+0000] {processor.py:914} INFO - Processing file /home/airflow/.local/lib/python3.12/site-packages/airflow/example_dags/example_xcom.py for tasks to queue
[2025-08-25T12:56:10.586+0000] {logging_mixin.py:190} INFO - [2025-08-25T12:56:10.585+0000] {dagbag.py:588} INFO - Filling up the DagBag from /home/airflow/.local/lib/python3.12/site-packages/airflow/example_dags/example_xcom.py
[2025-08-25T12:56:10.600+0000] {processor.py:925} INFO - DAG(s) 'example_xcom' retrieved from /home/airflow/.local/lib/python3.12/site-packages/airflow/example_dags/example_xcom.py
[2025-08-25T12:56:10.631+0000] {logging_mixin.py:190} INFO - [2025-08-25T12:56:10.631+0000] {dag.py:3239} INFO - Sync 1 DAGs
[2025-08-25T12:56:10.666+0000] {logging_mixin.py:190} INFO - [2025-08-25T12:56:10.666+0000] {dag.py:4180} INFO - Setting next_dagrun for example_xcom to 2021-01-01 00:00:00+00:00, run_after=2021-01-01 00:00:00+00:00
[2025-08-25T12:56:10.697+0000] {processor.py:208} INFO - Processing /home/airflow/.local/lib/python3.12/site-packages/airflow/example_dags/example_xcom.py took 0.126 seconds
[2025-08-25T12:56:41.618+0000] {processor.py:186} INFO - Started process (PID=2755) to work on /home/airflow/.local/lib/python3.12/site-packages/airflow/example_dags/example_xcom.py
[2025-08-25T12:56:41.619+0000] {processor.py:914} INFO - Processing file /home/airflow/.local/lib/python3.12/site-packages/airflow/example_dags/example_xcom.py for tasks to queue
[2025-08-25T12:56:41.621+0000] {logging_mixin.py:190} INFO - [2025-08-25T12:56:41.621+0000] {dagbag.py:588} INFO - Filling up the DagBag from /home/airflow/.local/lib/python3.12/site-packages/airflow/example_dags/example_xcom.py
[2025-08-25T12:56:41.630+0000] {processor.py:925} INFO - DAG(s) 'example_xcom' retrieved from /home/airflow/.local/lib/python3.12/site-packages/airflow/example_dags/example_xcom.py
[2025-08-25T12:56:41.662+0000] {logging_mixin.py:190} INFO - [2025-08-25T12:56:41.661+0000] {dag.py:3239} INFO - Sync 1 DAGs
[2025-08-25T12:56:41.702+0000] {logging_mixin.py:190} INFO - [2025-08-25T12:56:41.701+0000] {dag.py:4180} INFO - Setting next_dagrun for example_xcom to 2021-01-01 00:00:00+00:00, run_after=2021-01-01 00:00:00+00:00
[2025-08-25T12:56:41.730+0000] {processor.py:208} INFO - Processing /home/airflow/.local/lib/python3.12/site-packages/airflow/example_dags/example_xcom.py took 0.118 seconds
