[2025-08-25T12:35:37.618+0000] {processor.py:186} INFO - Started process (PID=108) to work on /home/airflow/.local/lib/python3.12/site-packages/airflow/example_dags/example_branch_python_dop_operator_3.py
[2025-08-25T12:35:37.619+0000] {processor.py:914} INFO - Processing file /home/airflow/.local/lib/python3.12/site-packages/airflow/example_dags/example_branch_python_dop_operator_3.py for tasks to queue
[2025-08-25T12:35:37.622+0000] {logging_mixin.py:190} INFO - [2025-08-25T12:35:37.621+0000] {dagbag.py:588} INFO - Filling up the DagBag from /home/airflow/.local/lib/python3.12/site-packages/airflow/example_dags/example_branch_python_dop_operator_3.py
[2025-08-25T12:35:37.635+0000] {processor.py:925} INFO - DAG(s) 'example_branch_dop_operator_v3' retrieved from /home/airflow/.local/lib/python3.12/site-packages/airflow/example_dags/example_branch_python_dop_operator_3.py
[2025-08-25T12:35:37.756+0000] {logging_mixin.py:190} INFO - [2025-08-25T12:35:37.755+0000] {override.py:1900} INFO - Created Permission View: can read on DAG:example_branch_dop_operator_v3
[2025-08-25T12:35:37.771+0000] {logging_mixin.py:190} INFO - [2025-08-25T12:35:37.770+0000] {override.py:1900} INFO - Created Permission View: can delete on DAG:example_branch_dop_operator_v3
[2025-08-25T12:35:37.781+0000] {logging_mixin.py:190} INFO - [2025-08-25T12:35:37.780+0000] {override.py:1900} INFO - Created Permission View: can edit on DAG:example_branch_dop_operator_v3
[2025-08-25T12:35:37.790+0000] {logging_mixin.py:190} INFO - [2025-08-25T12:35:37.790+0000] {override.py:1900} INFO - Created Permission View: can read on DAG Run:example_branch_dop_operator_v3
[2025-08-25T12:35:37.799+0000] {logging_mixin.py:190} INFO - [2025-08-25T12:35:37.799+0000] {override.py:1900} INFO - Created Permission View: menu access on DAG Run:example_branch_dop_operator_v3
[2025-08-25T12:35:37.807+0000] {logging_mixin.py:190} INFO - [2025-08-25T12:35:37.807+0000] {override.py:1900} INFO - Created Permission View: can delete on DAG Run:example_branch_dop_operator_v3
[2025-08-25T12:35:37.816+0000] {logging_mixin.py:190} INFO - [2025-08-25T12:35:37.816+0000] {override.py:1900} INFO - Created Permission View: can create on DAG Run:example_branch_dop_operator_v3
[2025-08-25T12:35:37.817+0000] {logging_mixin.py:190} INFO - [2025-08-25T12:35:37.817+0000] {dag.py:3239} INFO - Sync 1 DAGs
[2025-08-25T12:35:37.837+0000] {logging_mixin.py:190} INFO - [2025-08-25T12:35:37.836+0000] {dag.py:3262} INFO - Creating ORM DAG for example_branch_dop_operator_v3
[2025-08-25T12:35:37.855+0000] {logging_mixin.py:190} INFO - [2025-08-25T12:35:37.854+0000] {dag.py:4180} INFO - Setting next_dagrun for example_branch_dop_operator_v3 to 2025-08-25 12:34:00+00:00, run_after=2025-08-25 12:35:00+00:00
[2025-08-25T12:35:37.877+0000] {processor.py:208} INFO - Processing /home/airflow/.local/lib/python3.12/site-packages/airflow/example_dags/example_branch_python_dop_operator_3.py took 0.267 seconds
[2025-08-25T12:36:07.947+0000] {processor.py:186} INFO - Started process (PID=171) to work on /home/airflow/.local/lib/python3.12/site-packages/airflow/example_dags/example_branch_python_dop_operator_3.py
[2025-08-25T12:36:07.948+0000] {processor.py:914} INFO - Processing file /home/airflow/.local/lib/python3.12/site-packages/airflow/example_dags/example_branch_python_dop_operator_3.py for tasks to queue
[2025-08-25T12:36:07.952+0000] {logging_mixin.py:190} INFO - [2025-08-25T12:36:07.952+0000] {dagbag.py:588} INFO - Filling up the DagBag from /home/airflow/.local/lib/python3.12/site-packages/airflow/example_dags/example_branch_python_dop_operator_3.py
[2025-08-25T12:36:07.973+0000] {processor.py:925} INFO - DAG(s) 'example_branch_dop_operator_v3' retrieved from /home/airflow/.local/lib/python3.12/site-packages/airflow/example_dags/example_branch_python_dop_operator_3.py
[2025-08-25T12:36:07.999+0000] {logging_mixin.py:190} INFO - [2025-08-25T12:36:07.999+0000] {dag.py:3239} INFO - Sync 1 DAGs
[2025-08-25T12:36:08.029+0000] {logging_mixin.py:190} INFO - [2025-08-25T12:36:08.028+0000] {dag.py:4180} INFO - Setting next_dagrun for example_branch_dop_operator_v3 to 2025-08-25 12:35:00+00:00, run_after=2025-08-25 12:36:00+00:00
[2025-08-25T12:36:08.055+0000] {processor.py:208} INFO - Processing /home/airflow/.local/lib/python3.12/site-packages/airflow/example_dags/example_branch_python_dop_operator_3.py took 0.121 seconds
[2025-08-25T12:36:38.335+0000] {processor.py:186} INFO - Started process (PID=235) to work on /home/airflow/.local/lib/python3.12/site-packages/airflow/example_dags/example_branch_python_dop_operator_3.py
[2025-08-25T12:36:38.336+0000] {processor.py:914} INFO - Processing file /home/airflow/.local/lib/python3.12/site-packages/airflow/example_dags/example_branch_python_dop_operator_3.py for tasks to queue
[2025-08-25T12:36:38.338+0000] {logging_mixin.py:190} INFO - [2025-08-25T12:36:38.338+0000] {dagbag.py:588} INFO - Filling up the DagBag from /home/airflow/.local/lib/python3.12/site-packages/airflow/example_dags/example_branch_python_dop_operator_3.py
[2025-08-25T12:36:38.348+0000] {processor.py:925} INFO - DAG(s) 'example_branch_dop_operator_v3' retrieved from /home/airflow/.local/lib/python3.12/site-packages/airflow/example_dags/example_branch_python_dop_operator_3.py
[2025-08-25T12:36:38.376+0000] {logging_mixin.py:190} INFO - [2025-08-25T12:36:38.376+0000] {dag.py:3239} INFO - Sync 1 DAGs
[2025-08-25T12:36:38.415+0000] {logging_mixin.py:190} INFO - [2025-08-25T12:36:38.415+0000] {dag.py:4180} INFO - Setting next_dagrun for example_branch_dop_operator_v3 to 2025-08-25 12:35:00+00:00, run_after=2025-08-25 12:36:00+00:00
[2025-08-25T12:36:38.442+0000] {processor.py:208} INFO - Processing /home/airflow/.local/lib/python3.12/site-packages/airflow/example_dags/example_branch_python_dop_operator_3.py took 0.115 seconds
[2025-08-25T12:37:08.823+0000] {processor.py:186} INFO - Started process (PID=299) to work on /home/airflow/.local/lib/python3.12/site-packages/airflow/example_dags/example_branch_python_dop_operator_3.py
[2025-08-25T12:37:08.824+0000] {processor.py:914} INFO - Processing file /home/airflow/.local/lib/python3.12/site-packages/airflow/example_dags/example_branch_python_dop_operator_3.py for tasks to queue
[2025-08-25T12:37:08.826+0000] {logging_mixin.py:190} INFO - [2025-08-25T12:37:08.826+0000] {dagbag.py:588} INFO - Filling up the DagBag from /home/airflow/.local/lib/python3.12/site-packages/airflow/example_dags/example_branch_python_dop_operator_3.py
[2025-08-25T12:37:08.838+0000] {processor.py:925} INFO - DAG(s) 'example_branch_dop_operator_v3' retrieved from /home/airflow/.local/lib/python3.12/site-packages/airflow/example_dags/example_branch_python_dop_operator_3.py
[2025-08-25T12:37:08.863+0000] {logging_mixin.py:190} INFO - [2025-08-25T12:37:08.863+0000] {dag.py:3239} INFO - Sync 1 DAGs
[2025-08-25T12:37:08.891+0000] {logging_mixin.py:190} INFO - [2025-08-25T12:37:08.891+0000] {dag.py:4180} INFO - Setting next_dagrun for example_branch_dop_operator_v3 to 2025-08-25 12:36:00+00:00, run_after=2025-08-25 12:37:00+00:00
[2025-08-25T12:37:08.915+0000] {processor.py:208} INFO - Processing /home/airflow/.local/lib/python3.12/site-packages/airflow/example_dags/example_branch_python_dop_operator_3.py took 0.101 seconds
[2025-08-25T12:37:39.841+0000] {processor.py:186} INFO - Started process (PID=363) to work on /home/airflow/.local/lib/python3.12/site-packages/airflow/example_dags/example_branch_python_dop_operator_3.py
[2025-08-25T12:37:39.843+0000] {processor.py:914} INFO - Processing file /home/airflow/.local/lib/python3.12/site-packages/airflow/example_dags/example_branch_python_dop_operator_3.py for tasks to queue
[2025-08-25T12:37:39.845+0000] {logging_mixin.py:190} INFO - [2025-08-25T12:37:39.845+0000] {dagbag.py:588} INFO - Filling up the DagBag from /home/airflow/.local/lib/python3.12/site-packages/airflow/example_dags/example_branch_python_dop_operator_3.py
[2025-08-25T12:37:39.856+0000] {processor.py:925} INFO - DAG(s) 'example_branch_dop_operator_v3' retrieved from /home/airflow/.local/lib/python3.12/site-packages/airflow/example_dags/example_branch_python_dop_operator_3.py
[2025-08-25T12:37:39.881+0000] {logging_mixin.py:190} INFO - [2025-08-25T12:37:39.881+0000] {dag.py:3239} INFO - Sync 1 DAGs
[2025-08-25T12:37:39.910+0000] {logging_mixin.py:190} INFO - [2025-08-25T12:37:39.910+0000] {dag.py:4180} INFO - Setting next_dagrun for example_branch_dop_operator_v3 to 2025-08-25 12:36:00+00:00, run_after=2025-08-25 12:37:00+00:00
[2025-08-25T12:37:39.933+0000] {processor.py:208} INFO - Processing /home/airflow/.local/lib/python3.12/site-packages/airflow/example_dags/example_branch_python_dop_operator_3.py took 0.099 seconds
[2025-08-25T12:38:10.541+0000] {processor.py:186} INFO - Started process (PID=427) to work on /home/airflow/.local/lib/python3.12/site-packages/airflow/example_dags/example_branch_python_dop_operator_3.py
[2025-08-25T12:38:10.543+0000] {processor.py:914} INFO - Processing file /home/airflow/.local/lib/python3.12/site-packages/airflow/example_dags/example_branch_python_dop_operator_3.py for tasks to queue
[2025-08-25T12:38:10.547+0000] {logging_mixin.py:190} INFO - [2025-08-25T12:38:10.546+0000] {dagbag.py:588} INFO - Filling up the DagBag from /home/airflow/.local/lib/python3.12/site-packages/airflow/example_dags/example_branch_python_dop_operator_3.py
[2025-08-25T12:38:10.562+0000] {processor.py:925} INFO - DAG(s) 'example_branch_dop_operator_v3' retrieved from /home/airflow/.local/lib/python3.12/site-packages/airflow/example_dags/example_branch_python_dop_operator_3.py
[2025-08-25T12:38:10.595+0000] {logging_mixin.py:190} INFO - [2025-08-25T12:38:10.595+0000] {dag.py:3239} INFO - Sync 1 DAGs
[2025-08-25T12:38:10.640+0000] {logging_mixin.py:190} INFO - [2025-08-25T12:38:10.640+0000] {dag.py:4180} INFO - Setting next_dagrun for example_branch_dop_operator_v3 to 2025-08-25 12:37:00+00:00, run_after=2025-08-25 12:38:00+00:00
[2025-08-25T12:38:10.668+0000] {processor.py:208} INFO - Processing /home/airflow/.local/lib/python3.12/site-packages/airflow/example_dags/example_branch_python_dop_operator_3.py took 0.138 seconds
[2025-08-25T12:38:41.197+0000] {processor.py:186} INFO - Started process (PID=492) to work on /home/airflow/.local/lib/python3.12/site-packages/airflow/example_dags/example_branch_python_dop_operator_3.py
[2025-08-25T12:38:41.200+0000] {processor.py:914} INFO - Processing file /home/airflow/.local/lib/python3.12/site-packages/airflow/example_dags/example_branch_python_dop_operator_3.py for tasks to queue
[2025-08-25T12:38:41.205+0000] {logging_mixin.py:190} INFO - [2025-08-25T12:38:41.204+0000] {dagbag.py:588} INFO - Filling up the DagBag from /home/airflow/.local/lib/python3.12/site-packages/airflow/example_dags/example_branch_python_dop_operator_3.py
[2025-08-25T12:38:41.223+0000] {processor.py:925} INFO - DAG(s) 'example_branch_dop_operator_v3' retrieved from /home/airflow/.local/lib/python3.12/site-packages/airflow/example_dags/example_branch_python_dop_operator_3.py
[2025-08-25T12:38:41.270+0000] {logging_mixin.py:190} INFO - [2025-08-25T12:38:41.269+0000] {dag.py:3239} INFO - Sync 1 DAGs
[2025-08-25T12:38:41.338+0000] {logging_mixin.py:190} INFO - [2025-08-25T12:38:41.338+0000] {dag.py:4180} INFO - Setting next_dagrun for example_branch_dop_operator_v3 to 2025-08-25 12:37:00+00:00, run_after=2025-08-25 12:38:00+00:00
[2025-08-25T12:38:41.383+0000] {processor.py:208} INFO - Processing /home/airflow/.local/lib/python3.12/site-packages/airflow/example_dags/example_branch_python_dop_operator_3.py took 0.200 seconds
[2025-08-25T12:39:11.720+0000] {processor.py:186} INFO - Started process (PID=556) to work on /home/airflow/.local/lib/python3.12/site-packages/airflow/example_dags/example_branch_python_dop_operator_3.py
[2025-08-25T12:39:11.722+0000] {processor.py:914} INFO - Processing file /home/airflow/.local/lib/python3.12/site-packages/airflow/example_dags/example_branch_python_dop_operator_3.py for tasks to queue
[2025-08-25T12:39:11.726+0000] {logging_mixin.py:190} INFO - [2025-08-25T12:39:11.725+0000] {dagbag.py:588} INFO - Filling up the DagBag from /home/airflow/.local/lib/python3.12/site-packages/airflow/example_dags/example_branch_python_dop_operator_3.py
[2025-08-25T12:39:11.742+0000] {processor.py:925} INFO - DAG(s) 'example_branch_dop_operator_v3' retrieved from /home/airflow/.local/lib/python3.12/site-packages/airflow/example_dags/example_branch_python_dop_operator_3.py
[2025-08-25T12:39:11.773+0000] {logging_mixin.py:190} INFO - [2025-08-25T12:39:11.773+0000] {dag.py:3239} INFO - Sync 1 DAGs
[2025-08-25T12:39:11.821+0000] {logging_mixin.py:190} INFO - [2025-08-25T12:39:11.821+0000] {dag.py:4180} INFO - Setting next_dagrun for example_branch_dop_operator_v3 to 2025-08-25 12:38:00+00:00, run_after=2025-08-25 12:39:00+00:00
[2025-08-25T12:39:11.853+0000] {processor.py:208} INFO - Processing /home/airflow/.local/lib/python3.12/site-packages/airflow/example_dags/example_branch_python_dop_operator_3.py took 0.142 seconds
[2025-08-25T12:39:42.025+0000] {processor.py:186} INFO - Started process (PID=620) to work on /home/airflow/.local/lib/python3.12/site-packages/airflow/example_dags/example_branch_python_dop_operator_3.py
[2025-08-25T12:39:42.026+0000] {processor.py:914} INFO - Processing file /home/airflow/.local/lib/python3.12/site-packages/airflow/example_dags/example_branch_python_dop_operator_3.py for tasks to queue
[2025-08-25T12:39:42.029+0000] {logging_mixin.py:190} INFO - [2025-08-25T12:39:42.029+0000] {dagbag.py:588} INFO - Filling up the DagBag from /home/airflow/.local/lib/python3.12/site-packages/airflow/example_dags/example_branch_python_dop_operator_3.py
[2025-08-25T12:39:42.042+0000] {processor.py:925} INFO - DAG(s) 'example_branch_dop_operator_v3' retrieved from /home/airflow/.local/lib/python3.12/site-packages/airflow/example_dags/example_branch_python_dop_operator_3.py
[2025-08-25T12:39:42.074+0000] {logging_mixin.py:190} INFO - [2025-08-25T12:39:42.074+0000] {dag.py:3239} INFO - Sync 1 DAGs
[2025-08-25T12:39:42.117+0000] {logging_mixin.py:190} INFO - [2025-08-25T12:39:42.116+0000] {dag.py:4180} INFO - Setting next_dagrun for example_branch_dop_operator_v3 to 2025-08-25 12:38:00+00:00, run_after=2025-08-25 12:39:00+00:00
[2025-08-25T12:39:42.148+0000] {processor.py:208} INFO - Processing /home/airflow/.local/lib/python3.12/site-packages/airflow/example_dags/example_branch_python_dop_operator_3.py took 0.132 seconds
[2025-08-25T12:40:12.279+0000] {processor.py:186} INFO - Started process (PID=684) to work on /home/airflow/.local/lib/python3.12/site-packages/airflow/example_dags/example_branch_python_dop_operator_3.py
[2025-08-25T12:40:12.281+0000] {processor.py:914} INFO - Processing file /home/airflow/.local/lib/python3.12/site-packages/airflow/example_dags/example_branch_python_dop_operator_3.py for tasks to queue
[2025-08-25T12:40:12.283+0000] {logging_mixin.py:190} INFO - [2025-08-25T12:40:12.283+0000] {dagbag.py:588} INFO - Filling up the DagBag from /home/airflow/.local/lib/python3.12/site-packages/airflow/example_dags/example_branch_python_dop_operator_3.py
[2025-08-25T12:40:12.296+0000] {processor.py:925} INFO - DAG(s) 'example_branch_dop_operator_v3' retrieved from /home/airflow/.local/lib/python3.12/site-packages/airflow/example_dags/example_branch_python_dop_operator_3.py
[2025-08-25T12:40:12.323+0000] {logging_mixin.py:190} INFO - [2025-08-25T12:40:12.323+0000] {dag.py:3239} INFO - Sync 1 DAGs
[2025-08-25T12:40:12.356+0000] {logging_mixin.py:190} INFO - [2025-08-25T12:40:12.356+0000] {dag.py:4180} INFO - Setting next_dagrun for example_branch_dop_operator_v3 to 2025-08-25 12:39:00+00:00, run_after=2025-08-25 12:40:00+00:00
[2025-08-25T12:40:12.378+0000] {processor.py:208} INFO - Processing /home/airflow/.local/lib/python3.12/site-packages/airflow/example_dags/example_branch_python_dop_operator_3.py took 0.107 seconds
[2025-08-25T12:40:43.165+0000] {processor.py:186} INFO - Started process (PID=750) to work on /home/airflow/.local/lib/python3.12/site-packages/airflow/example_dags/example_branch_python_dop_operator_3.py
[2025-08-25T12:40:43.167+0000] {processor.py:914} INFO - Processing file /home/airflow/.local/lib/python3.12/site-packages/airflow/example_dags/example_branch_python_dop_operator_3.py for tasks to queue
[2025-08-25T12:40:43.169+0000] {logging_mixin.py:190} INFO - [2025-08-25T12:40:43.169+0000] {dagbag.py:588} INFO - Filling up the DagBag from /home/airflow/.local/lib/python3.12/site-packages/airflow/example_dags/example_branch_python_dop_operator_3.py
[2025-08-25T12:40:43.180+0000] {processor.py:925} INFO - DAG(s) 'example_branch_dop_operator_v3' retrieved from /home/airflow/.local/lib/python3.12/site-packages/airflow/example_dags/example_branch_python_dop_operator_3.py
[2025-08-25T12:40:43.211+0000] {logging_mixin.py:190} INFO - [2025-08-25T12:40:43.211+0000] {dag.py:3239} INFO - Sync 1 DAGs
[2025-08-25T12:40:43.251+0000] {logging_mixin.py:190} INFO - [2025-08-25T12:40:43.250+0000] {dag.py:4180} INFO - Setting next_dagrun for example_branch_dop_operator_v3 to 2025-08-25 12:39:00+00:00, run_after=2025-08-25 12:40:00+00:00
[2025-08-25T12:40:43.278+0000] {processor.py:208} INFO - Processing /home/airflow/.local/lib/python3.12/site-packages/airflow/example_dags/example_branch_python_dop_operator_3.py took 0.122 seconds
[2025-08-25T12:41:13.758+0000] {processor.py:186} INFO - Started process (PID=815) to work on /home/airflow/.local/lib/python3.12/site-packages/airflow/example_dags/example_branch_python_dop_operator_3.py
[2025-08-25T12:41:13.759+0000] {processor.py:914} INFO - Processing file /home/airflow/.local/lib/python3.12/site-packages/airflow/example_dags/example_branch_python_dop_operator_3.py for tasks to queue
[2025-08-25T12:41:13.761+0000] {logging_mixin.py:190} INFO - [2025-08-25T12:41:13.761+0000] {dagbag.py:588} INFO - Filling up the DagBag from /home/airflow/.local/lib/python3.12/site-packages/airflow/example_dags/example_branch_python_dop_operator_3.py
[2025-08-25T12:41:13.779+0000] {processor.py:925} INFO - DAG(s) 'example_branch_dop_operator_v3' retrieved from /home/airflow/.local/lib/python3.12/site-packages/airflow/example_dags/example_branch_python_dop_operator_3.py
[2025-08-25T12:41:13.809+0000] {logging_mixin.py:190} INFO - [2025-08-25T12:41:13.809+0000] {dag.py:3239} INFO - Sync 1 DAGs
[2025-08-25T12:41:13.864+0000] {logging_mixin.py:190} INFO - [2025-08-25T12:41:13.863+0000] {dag.py:4180} INFO - Setting next_dagrun for example_branch_dop_operator_v3 to 2025-08-25 12:40:00+00:00, run_after=2025-08-25 12:41:00+00:00
[2025-08-25T12:41:13.897+0000] {processor.py:208} INFO - Processing /home/airflow/.local/lib/python3.12/site-packages/airflow/example_dags/example_branch_python_dop_operator_3.py took 0.148 seconds
[2025-08-25T12:41:44.684+0000] {processor.py:186} INFO - Started process (PID=879) to work on /home/airflow/.local/lib/python3.12/site-packages/airflow/example_dags/example_branch_python_dop_operator_3.py
[2025-08-25T12:41:44.685+0000] {processor.py:914} INFO - Processing file /home/airflow/.local/lib/python3.12/site-packages/airflow/example_dags/example_branch_python_dop_operator_3.py for tasks to queue
[2025-08-25T12:41:44.688+0000] {logging_mixin.py:190} INFO - [2025-08-25T12:41:44.688+0000] {dagbag.py:588} INFO - Filling up the DagBag from /home/airflow/.local/lib/python3.12/site-packages/airflow/example_dags/example_branch_python_dop_operator_3.py
[2025-08-25T12:41:44.700+0000] {processor.py:925} INFO - DAG(s) 'example_branch_dop_operator_v3' retrieved from /home/airflow/.local/lib/python3.12/site-packages/airflow/example_dags/example_branch_python_dop_operator_3.py
[2025-08-25T12:41:44.726+0000] {logging_mixin.py:190} INFO - [2025-08-25T12:41:44.726+0000] {dag.py:3239} INFO - Sync 1 DAGs
[2025-08-25T12:41:44.758+0000] {logging_mixin.py:190} INFO - [2025-08-25T12:41:44.758+0000] {dag.py:4180} INFO - Setting next_dagrun for example_branch_dop_operator_v3 to 2025-08-25 12:40:00+00:00, run_after=2025-08-25 12:41:00+00:00
[2025-08-25T12:41:44.783+0000] {processor.py:208} INFO - Processing /home/airflow/.local/lib/python3.12/site-packages/airflow/example_dags/example_branch_python_dop_operator_3.py took 0.106 seconds
[2025-08-25T12:42:15.466+0000] {processor.py:186} INFO - Started process (PID=943) to work on /home/airflow/.local/lib/python3.12/site-packages/airflow/example_dags/example_branch_python_dop_operator_3.py
[2025-08-25T12:42:15.467+0000] {processor.py:914} INFO - Processing file /home/airflow/.local/lib/python3.12/site-packages/airflow/example_dags/example_branch_python_dop_operator_3.py for tasks to queue
[2025-08-25T12:42:15.471+0000] {logging_mixin.py:190} INFO - [2025-08-25T12:42:15.470+0000] {dagbag.py:588} INFO - Filling up the DagBag from /home/airflow/.local/lib/python3.12/site-packages/airflow/example_dags/example_branch_python_dop_operator_3.py
[2025-08-25T12:42:15.489+0000] {processor.py:925} INFO - DAG(s) 'example_branch_dop_operator_v3' retrieved from /home/airflow/.local/lib/python3.12/site-packages/airflow/example_dags/example_branch_python_dop_operator_3.py
[2025-08-25T12:42:15.521+0000] {logging_mixin.py:190} INFO - [2025-08-25T12:42:15.520+0000] {dag.py:3239} INFO - Sync 1 DAGs
[2025-08-25T12:42:15.559+0000] {logging_mixin.py:190} INFO - [2025-08-25T12:42:15.558+0000] {dag.py:4180} INFO - Setting next_dagrun for example_branch_dop_operator_v3 to 2025-08-25 12:41:00+00:00, run_after=2025-08-25 12:42:00+00:00
[2025-08-25T12:42:15.585+0000] {processor.py:208} INFO - Processing /home/airflow/.local/lib/python3.12/site-packages/airflow/example_dags/example_branch_python_dop_operator_3.py took 0.129 seconds
[2025-08-25T12:42:46.045+0000] {processor.py:186} INFO - Started process (PID=1007) to work on /home/airflow/.local/lib/python3.12/site-packages/airflow/example_dags/example_branch_python_dop_operator_3.py
[2025-08-25T12:42:46.046+0000] {processor.py:914} INFO - Processing file /home/airflow/.local/lib/python3.12/site-packages/airflow/example_dags/example_branch_python_dop_operator_3.py for tasks to queue
[2025-08-25T12:42:46.048+0000] {logging_mixin.py:190} INFO - [2025-08-25T12:42:46.048+0000] {dagbag.py:588} INFO - Filling up the DagBag from /home/airflow/.local/lib/python3.12/site-packages/airflow/example_dags/example_branch_python_dop_operator_3.py
[2025-08-25T12:42:46.059+0000] {processor.py:925} INFO - DAG(s) 'example_branch_dop_operator_v3' retrieved from /home/airflow/.local/lib/python3.12/site-packages/airflow/example_dags/example_branch_python_dop_operator_3.py
[2025-08-25T12:42:46.092+0000] {logging_mixin.py:190} INFO - [2025-08-25T12:42:46.091+0000] {dag.py:3239} INFO - Sync 1 DAGs
[2025-08-25T12:42:46.122+0000] {logging_mixin.py:190} INFO - [2025-08-25T12:42:46.122+0000] {dag.py:4180} INFO - Setting next_dagrun for example_branch_dop_operator_v3 to 2025-08-25 12:41:00+00:00, run_after=2025-08-25 12:42:00+00:00
[2025-08-25T12:42:46.151+0000] {processor.py:208} INFO - Processing /home/airflow/.local/lib/python3.12/site-packages/airflow/example_dags/example_branch_python_dop_operator_3.py took 0.113 seconds
[2025-08-25T12:43:16.451+0000] {processor.py:186} INFO - Started process (PID=1070) to work on /home/airflow/.local/lib/python3.12/site-packages/airflow/example_dags/example_branch_python_dop_operator_3.py
[2025-08-25T12:43:16.452+0000] {processor.py:914} INFO - Processing file /home/airflow/.local/lib/python3.12/site-packages/airflow/example_dags/example_branch_python_dop_operator_3.py for tasks to queue
[2025-08-25T12:43:16.456+0000] {logging_mixin.py:190} INFO - [2025-08-25T12:43:16.456+0000] {dagbag.py:588} INFO - Filling up the DagBag from /home/airflow/.local/lib/python3.12/site-packages/airflow/example_dags/example_branch_python_dop_operator_3.py
[2025-08-25T12:43:16.480+0000] {processor.py:925} INFO - DAG(s) 'example_branch_dop_operator_v3' retrieved from /home/airflow/.local/lib/python3.12/site-packages/airflow/example_dags/example_branch_python_dop_operator_3.py
[2025-08-25T12:43:16.527+0000] {logging_mixin.py:190} INFO - [2025-08-25T12:43:16.527+0000] {dag.py:3239} INFO - Sync 1 DAGs
[2025-08-25T12:43:16.578+0000] {logging_mixin.py:190} INFO - [2025-08-25T12:43:16.578+0000] {dag.py:4180} INFO - Setting next_dagrun for example_branch_dop_operator_v3 to 2025-08-25 12:42:00+00:00, run_after=2025-08-25 12:43:00+00:00
[2025-08-25T12:43:16.615+0000] {processor.py:208} INFO - Processing /home/airflow/.local/lib/python3.12/site-packages/airflow/example_dags/example_branch_python_dop_operator_3.py took 0.177 seconds
[2025-08-25T12:43:46.928+0000] {processor.py:186} INFO - Started process (PID=1134) to work on /home/airflow/.local/lib/python3.12/site-packages/airflow/example_dags/example_branch_python_dop_operator_3.py
[2025-08-25T12:43:46.930+0000] {processor.py:914} INFO - Processing file /home/airflow/.local/lib/python3.12/site-packages/airflow/example_dags/example_branch_python_dop_operator_3.py for tasks to queue
[2025-08-25T12:43:46.936+0000] {logging_mixin.py:190} INFO - [2025-08-25T12:43:46.935+0000] {dagbag.py:588} INFO - Filling up the DagBag from /home/airflow/.local/lib/python3.12/site-packages/airflow/example_dags/example_branch_python_dop_operator_3.py
[2025-08-25T12:43:46.963+0000] {processor.py:925} INFO - DAG(s) 'example_branch_dop_operator_v3' retrieved from /home/airflow/.local/lib/python3.12/site-packages/airflow/example_dags/example_branch_python_dop_operator_3.py
[2025-08-25T12:43:47.007+0000] {logging_mixin.py:190} INFO - [2025-08-25T12:43:47.006+0000] {dag.py:3239} INFO - Sync 1 DAGs
[2025-08-25T12:43:47.082+0000] {logging_mixin.py:190} INFO - [2025-08-25T12:43:47.081+0000] {dag.py:4180} INFO - Setting next_dagrun for example_branch_dop_operator_v3 to 2025-08-25 12:42:00+00:00, run_after=2025-08-25 12:43:00+00:00
[2025-08-25T12:43:47.132+0000] {processor.py:208} INFO - Processing /home/airflow/.local/lib/python3.12/site-packages/airflow/example_dags/example_branch_python_dop_operator_3.py took 0.215 seconds
[2025-08-25T12:44:17.461+0000] {processor.py:186} INFO - Started process (PID=1198) to work on /home/airflow/.local/lib/python3.12/site-packages/airflow/example_dags/example_branch_python_dop_operator_3.py
[2025-08-25T12:44:17.462+0000] {processor.py:914} INFO - Processing file /home/airflow/.local/lib/python3.12/site-packages/airflow/example_dags/example_branch_python_dop_operator_3.py for tasks to queue
[2025-08-25T12:44:17.466+0000] {logging_mixin.py:190} INFO - [2025-08-25T12:44:17.466+0000] {dagbag.py:588} INFO - Filling up the DagBag from /home/airflow/.local/lib/python3.12/site-packages/airflow/example_dags/example_branch_python_dop_operator_3.py
[2025-08-25T12:44:17.483+0000] {processor.py:925} INFO - DAG(s) 'example_branch_dop_operator_v3' retrieved from /home/airflow/.local/lib/python3.12/site-packages/airflow/example_dags/example_branch_python_dop_operator_3.py
[2025-08-25T12:44:17.515+0000] {logging_mixin.py:190} INFO - [2025-08-25T12:44:17.515+0000] {dag.py:3239} INFO - Sync 1 DAGs
[2025-08-25T12:44:17.564+0000] {logging_mixin.py:190} INFO - [2025-08-25T12:44:17.563+0000] {dag.py:4180} INFO - Setting next_dagrun for example_branch_dop_operator_v3 to 2025-08-25 12:43:00+00:00, run_after=2025-08-25 12:44:00+00:00
[2025-08-25T12:44:17.606+0000] {processor.py:208} INFO - Processing /home/airflow/.local/lib/python3.12/site-packages/airflow/example_dags/example_branch_python_dop_operator_3.py took 0.157 seconds
[2025-08-25T12:44:48.352+0000] {processor.py:186} INFO - Started process (PID=1263) to work on /home/airflow/.local/lib/python3.12/site-packages/airflow/example_dags/example_branch_python_dop_operator_3.py
[2025-08-25T12:44:48.353+0000] {processor.py:914} INFO - Processing file /home/airflow/.local/lib/python3.12/site-packages/airflow/example_dags/example_branch_python_dop_operator_3.py for tasks to queue
[2025-08-25T12:44:48.355+0000] {logging_mixin.py:190} INFO - [2025-08-25T12:44:48.354+0000] {dagbag.py:588} INFO - Filling up the DagBag from /home/airflow/.local/lib/python3.12/site-packages/airflow/example_dags/example_branch_python_dop_operator_3.py
[2025-08-25T12:44:48.366+0000] {processor.py:925} INFO - DAG(s) 'example_branch_dop_operator_v3' retrieved from /home/airflow/.local/lib/python3.12/site-packages/airflow/example_dags/example_branch_python_dop_operator_3.py
[2025-08-25T12:44:48.400+0000] {logging_mixin.py:190} INFO - [2025-08-25T12:44:48.400+0000] {dag.py:3239} INFO - Sync 1 DAGs
[2025-08-25T12:44:48.451+0000] {logging_mixin.py:190} INFO - [2025-08-25T12:44:48.451+0000] {dag.py:4180} INFO - Setting next_dagrun for example_branch_dop_operator_v3 to 2025-08-25 12:43:00+00:00, run_after=2025-08-25 12:44:00+00:00
[2025-08-25T12:44:48.479+0000] {processor.py:208} INFO - Processing /home/airflow/.local/lib/python3.12/site-packages/airflow/example_dags/example_branch_python_dop_operator_3.py took 0.139 seconds
[2025-08-25T12:45:19.000+0000] {processor.py:186} INFO - Started process (PID=1327) to work on /home/airflow/.local/lib/python3.12/site-packages/airflow/example_dags/example_branch_python_dop_operator_3.py
[2025-08-25T12:45:19.001+0000] {processor.py:914} INFO - Processing file /home/airflow/.local/lib/python3.12/site-packages/airflow/example_dags/example_branch_python_dop_operator_3.py for tasks to queue
[2025-08-25T12:45:19.004+0000] {logging_mixin.py:190} INFO - [2025-08-25T12:45:19.004+0000] {dagbag.py:588} INFO - Filling up the DagBag from /home/airflow/.local/lib/python3.12/site-packages/airflow/example_dags/example_branch_python_dop_operator_3.py
[2025-08-25T12:45:19.017+0000] {processor.py:925} INFO - DAG(s) 'example_branch_dop_operator_v3' retrieved from /home/airflow/.local/lib/python3.12/site-packages/airflow/example_dags/example_branch_python_dop_operator_3.py
[2025-08-25T12:45:19.050+0000] {logging_mixin.py:190} INFO - [2025-08-25T12:45:19.049+0000] {dag.py:3239} INFO - Sync 1 DAGs
[2025-08-25T12:45:19.088+0000] {logging_mixin.py:190} INFO - [2025-08-25T12:45:19.088+0000] {dag.py:4180} INFO - Setting next_dagrun for example_branch_dop_operator_v3 to 2025-08-25 12:44:00+00:00, run_after=2025-08-25 12:45:00+00:00
[2025-08-25T12:45:19.120+0000] {processor.py:208} INFO - Processing /home/airflow/.local/lib/python3.12/site-packages/airflow/example_dags/example_branch_python_dop_operator_3.py took 0.128 seconds
[2025-08-25T12:45:50.180+0000] {processor.py:186} INFO - Started process (PID=1391) to work on /home/airflow/.local/lib/python3.12/site-packages/airflow/example_dags/example_branch_python_dop_operator_3.py
[2025-08-25T12:45:50.181+0000] {processor.py:914} INFO - Processing file /home/airflow/.local/lib/python3.12/site-packages/airflow/example_dags/example_branch_python_dop_operator_3.py for tasks to queue
[2025-08-25T12:45:50.184+0000] {logging_mixin.py:190} INFO - [2025-08-25T12:45:50.184+0000] {dagbag.py:588} INFO - Filling up the DagBag from /home/airflow/.local/lib/python3.12/site-packages/airflow/example_dags/example_branch_python_dop_operator_3.py
[2025-08-25T12:45:50.198+0000] {processor.py:925} INFO - DAG(s) 'example_branch_dop_operator_v3' retrieved from /home/airflow/.local/lib/python3.12/site-packages/airflow/example_dags/example_branch_python_dop_operator_3.py
[2025-08-25T12:45:50.228+0000] {logging_mixin.py:190} INFO - [2025-08-25T12:45:50.228+0000] {dag.py:3239} INFO - Sync 1 DAGs
[2025-08-25T12:45:50.267+0000] {logging_mixin.py:190} INFO - [2025-08-25T12:45:50.266+0000] {dag.py:4180} INFO - Setting next_dagrun for example_branch_dop_operator_v3 to 2025-08-25 12:44:00+00:00, run_after=2025-08-25 12:45:00+00:00
[2025-08-25T12:45:50.289+0000] {processor.py:208} INFO - Processing /home/airflow/.local/lib/python3.12/site-packages/airflow/example_dags/example_branch_python_dop_operator_3.py took 0.118 seconds
[2025-08-25T12:46:21.307+0000] {processor.py:186} INFO - Started process (PID=1455) to work on /home/airflow/.local/lib/python3.12/site-packages/airflow/example_dags/example_branch_python_dop_operator_3.py
[2025-08-25T12:46:21.308+0000] {processor.py:914} INFO - Processing file /home/airflow/.local/lib/python3.12/site-packages/airflow/example_dags/example_branch_python_dop_operator_3.py for tasks to queue
[2025-08-25T12:46:21.311+0000] {logging_mixin.py:190} INFO - [2025-08-25T12:46:21.311+0000] {dagbag.py:588} INFO - Filling up the DagBag from /home/airflow/.local/lib/python3.12/site-packages/airflow/example_dags/example_branch_python_dop_operator_3.py
[2025-08-25T12:46:21.329+0000] {processor.py:925} INFO - DAG(s) 'example_branch_dop_operator_v3' retrieved from /home/airflow/.local/lib/python3.12/site-packages/airflow/example_dags/example_branch_python_dop_operator_3.py
[2025-08-25T12:46:21.362+0000] {logging_mixin.py:190} INFO - [2025-08-25T12:46:21.361+0000] {dag.py:3239} INFO - Sync 1 DAGs
[2025-08-25T12:46:21.412+0000] {logging_mixin.py:190} INFO - [2025-08-25T12:46:21.412+0000] {dag.py:4180} INFO - Setting next_dagrun for example_branch_dop_operator_v3 to 2025-08-25 12:45:00+00:00, run_after=2025-08-25 12:46:00+00:00
[2025-08-25T12:46:21.441+0000] {processor.py:208} INFO - Processing /home/airflow/.local/lib/python3.12/site-packages/airflow/example_dags/example_branch_python_dop_operator_3.py took 0.149 seconds
[2025-08-25T12:46:51.719+0000] {processor.py:186} INFO - Started process (PID=1519) to work on /home/airflow/.local/lib/python3.12/site-packages/airflow/example_dags/example_branch_python_dop_operator_3.py
[2025-08-25T12:46:51.720+0000] {processor.py:914} INFO - Processing file /home/airflow/.local/lib/python3.12/site-packages/airflow/example_dags/example_branch_python_dop_operator_3.py for tasks to queue
[2025-08-25T12:46:51.724+0000] {logging_mixin.py:190} INFO - [2025-08-25T12:46:51.724+0000] {dagbag.py:588} INFO - Filling up the DagBag from /home/airflow/.local/lib/python3.12/site-packages/airflow/example_dags/example_branch_python_dop_operator_3.py
[2025-08-25T12:46:51.743+0000] {processor.py:925} INFO - DAG(s) 'example_branch_dop_operator_v3' retrieved from /home/airflow/.local/lib/python3.12/site-packages/airflow/example_dags/example_branch_python_dop_operator_3.py
[2025-08-25T12:46:51.774+0000] {logging_mixin.py:190} INFO - [2025-08-25T12:46:51.774+0000] {dag.py:3239} INFO - Sync 1 DAGs
[2025-08-25T12:46:51.811+0000] {logging_mixin.py:190} INFO - [2025-08-25T12:46:51.811+0000] {dag.py:4180} INFO - Setting next_dagrun for example_branch_dop_operator_v3 to 2025-08-25 12:45:00+00:00, run_after=2025-08-25 12:46:00+00:00
[2025-08-25T12:46:51.837+0000] {processor.py:208} INFO - Processing /home/airflow/.local/lib/python3.12/site-packages/airflow/example_dags/example_branch_python_dop_operator_3.py took 0.126 seconds
[2025-08-25T12:47:22.065+0000] {processor.py:186} INFO - Started process (PID=1583) to work on /home/airflow/.local/lib/python3.12/site-packages/airflow/example_dags/example_branch_python_dop_operator_3.py
[2025-08-25T12:47:22.066+0000] {processor.py:914} INFO - Processing file /home/airflow/.local/lib/python3.12/site-packages/airflow/example_dags/example_branch_python_dop_operator_3.py for tasks to queue
[2025-08-25T12:47:22.068+0000] {logging_mixin.py:190} INFO - [2025-08-25T12:47:22.068+0000] {dagbag.py:588} INFO - Filling up the DagBag from /home/airflow/.local/lib/python3.12/site-packages/airflow/example_dags/example_branch_python_dop_operator_3.py
[2025-08-25T12:47:22.080+0000] {processor.py:925} INFO - DAG(s) 'example_branch_dop_operator_v3' retrieved from /home/airflow/.local/lib/python3.12/site-packages/airflow/example_dags/example_branch_python_dop_operator_3.py
[2025-08-25T12:47:22.108+0000] {logging_mixin.py:190} INFO - [2025-08-25T12:47:22.108+0000] {dag.py:3239} INFO - Sync 1 DAGs
[2025-08-25T12:47:22.144+0000] {logging_mixin.py:190} INFO - [2025-08-25T12:47:22.143+0000] {dag.py:4180} INFO - Setting next_dagrun for example_branch_dop_operator_v3 to 2025-08-25 12:46:00+00:00, run_after=2025-08-25 12:47:00+00:00
[2025-08-25T12:47:22.171+0000] {processor.py:208} INFO - Processing /home/airflow/.local/lib/python3.12/site-packages/airflow/example_dags/example_branch_python_dop_operator_3.py took 0.114 seconds
[2025-08-25T12:47:52.489+0000] {processor.py:186} INFO - Started process (PID=1647) to work on /home/airflow/.local/lib/python3.12/site-packages/airflow/example_dags/example_branch_python_dop_operator_3.py
[2025-08-25T12:47:52.490+0000] {processor.py:914} INFO - Processing file /home/airflow/.local/lib/python3.12/site-packages/airflow/example_dags/example_branch_python_dop_operator_3.py for tasks to queue
[2025-08-25T12:47:52.493+0000] {logging_mixin.py:190} INFO - [2025-08-25T12:47:52.493+0000] {dagbag.py:588} INFO - Filling up the DagBag from /home/airflow/.local/lib/python3.12/site-packages/airflow/example_dags/example_branch_python_dop_operator_3.py
[2025-08-25T12:47:52.506+0000] {processor.py:925} INFO - DAG(s) 'example_branch_dop_operator_v3' retrieved from /home/airflow/.local/lib/python3.12/site-packages/airflow/example_dags/example_branch_python_dop_operator_3.py
[2025-08-25T12:47:52.530+0000] {logging_mixin.py:190} INFO - [2025-08-25T12:47:52.530+0000] {dag.py:3239} INFO - Sync 1 DAGs
[2025-08-25T12:47:52.561+0000] {logging_mixin.py:190} INFO - [2025-08-25T12:47:52.560+0000] {dag.py:4180} INFO - Setting next_dagrun for example_branch_dop_operator_v3 to 2025-08-25 12:46:00+00:00, run_after=2025-08-25 12:47:00+00:00
[2025-08-25T12:47:52.584+0000] {processor.py:208} INFO - Processing /home/airflow/.local/lib/python3.12/site-packages/airflow/example_dags/example_branch_python_dop_operator_3.py took 0.105 seconds
[2025-08-25T12:48:23.084+0000] {processor.py:186} INFO - Started process (PID=1711) to work on /home/airflow/.local/lib/python3.12/site-packages/airflow/example_dags/example_branch_python_dop_operator_3.py
[2025-08-25T12:48:23.085+0000] {processor.py:914} INFO - Processing file /home/airflow/.local/lib/python3.12/site-packages/airflow/example_dags/example_branch_python_dop_operator_3.py for tasks to queue
[2025-08-25T12:48:23.088+0000] {logging_mixin.py:190} INFO - [2025-08-25T12:48:23.088+0000] {dagbag.py:588} INFO - Filling up the DagBag from /home/airflow/.local/lib/python3.12/site-packages/airflow/example_dags/example_branch_python_dop_operator_3.py
[2025-08-25T12:48:23.101+0000] {processor.py:925} INFO - DAG(s) 'example_branch_dop_operator_v3' retrieved from /home/airflow/.local/lib/python3.12/site-packages/airflow/example_dags/example_branch_python_dop_operator_3.py
[2025-08-25T12:48:23.130+0000] {logging_mixin.py:190} INFO - [2025-08-25T12:48:23.129+0000] {dag.py:3239} INFO - Sync 1 DAGs
[2025-08-25T12:48:23.166+0000] {logging_mixin.py:190} INFO - [2025-08-25T12:48:23.165+0000] {dag.py:4180} INFO - Setting next_dagrun for example_branch_dop_operator_v3 to 2025-08-25 12:47:00+00:00, run_after=2025-08-25 12:48:00+00:00
[2025-08-25T12:48:23.191+0000] {processor.py:208} INFO - Processing /home/airflow/.local/lib/python3.12/site-packages/airflow/example_dags/example_branch_python_dop_operator_3.py took 0.115 seconds
[2025-08-25T12:48:53.541+0000] {processor.py:186} INFO - Started process (PID=1775) to work on /home/airflow/.local/lib/python3.12/site-packages/airflow/example_dags/example_branch_python_dop_operator_3.py
[2025-08-25T12:48:53.543+0000] {processor.py:914} INFO - Processing file /home/airflow/.local/lib/python3.12/site-packages/airflow/example_dags/example_branch_python_dop_operator_3.py for tasks to queue
[2025-08-25T12:48:53.547+0000] {logging_mixin.py:190} INFO - [2025-08-25T12:48:53.546+0000] {dagbag.py:588} INFO - Filling up the DagBag from /home/airflow/.local/lib/python3.12/site-packages/airflow/example_dags/example_branch_python_dop_operator_3.py
[2025-08-25T12:48:53.560+0000] {processor.py:925} INFO - DAG(s) 'example_branch_dop_operator_v3' retrieved from /home/airflow/.local/lib/python3.12/site-packages/airflow/example_dags/example_branch_python_dop_operator_3.py
[2025-08-25T12:48:53.591+0000] {logging_mixin.py:190} INFO - [2025-08-25T12:48:53.590+0000] {dag.py:3239} INFO - Sync 1 DAGs
[2025-08-25T12:48:53.637+0000] {logging_mixin.py:190} INFO - [2025-08-25T12:48:53.637+0000] {dag.py:4180} INFO - Setting next_dagrun for example_branch_dop_operator_v3 to 2025-08-25 12:47:00+00:00, run_after=2025-08-25 12:48:00+00:00
[2025-08-25T12:48:53.671+0000] {processor.py:208} INFO - Processing /home/airflow/.local/lib/python3.12/site-packages/airflow/example_dags/example_branch_python_dop_operator_3.py took 0.139 seconds
[2025-08-25T12:49:24.413+0000] {processor.py:186} INFO - Started process (PID=1839) to work on /home/airflow/.local/lib/python3.12/site-packages/airflow/example_dags/example_branch_python_dop_operator_3.py
[2025-08-25T12:49:24.416+0000] {processor.py:914} INFO - Processing file /home/airflow/.local/lib/python3.12/site-packages/airflow/example_dags/example_branch_python_dop_operator_3.py for tasks to queue
[2025-08-25T12:49:24.423+0000] {logging_mixin.py:190} INFO - [2025-08-25T12:49:24.422+0000] {dagbag.py:588} INFO - Filling up the DagBag from /home/airflow/.local/lib/python3.12/site-packages/airflow/example_dags/example_branch_python_dop_operator_3.py
[2025-08-25T12:49:24.451+0000] {processor.py:925} INFO - DAG(s) 'example_branch_dop_operator_v3' retrieved from /home/airflow/.local/lib/python3.12/site-packages/airflow/example_dags/example_branch_python_dop_operator_3.py
[2025-08-25T12:49:24.503+0000] {logging_mixin.py:190} INFO - [2025-08-25T12:49:24.502+0000] {dag.py:3239} INFO - Sync 1 DAGs
[2025-08-25T12:49:24.576+0000] {logging_mixin.py:190} INFO - [2025-08-25T12:49:24.575+0000] {dag.py:4180} INFO - Setting next_dagrun for example_branch_dop_operator_v3 to 2025-08-25 12:48:00+00:00, run_after=2025-08-25 12:49:00+00:00
[2025-08-25T12:49:24.617+0000] {processor.py:208} INFO - Processing /home/airflow/.local/lib/python3.12/site-packages/airflow/example_dags/example_branch_python_dop_operator_3.py took 0.225 seconds
[2025-08-25T12:49:54.954+0000] {processor.py:186} INFO - Started process (PID=1903) to work on /home/airflow/.local/lib/python3.12/site-packages/airflow/example_dags/example_branch_python_dop_operator_3.py
[2025-08-25T12:49:54.955+0000] {processor.py:914} INFO - Processing file /home/airflow/.local/lib/python3.12/site-packages/airflow/example_dags/example_branch_python_dop_operator_3.py for tasks to queue
[2025-08-25T12:49:54.958+0000] {logging_mixin.py:190} INFO - [2025-08-25T12:49:54.958+0000] {dagbag.py:588} INFO - Filling up the DagBag from /home/airflow/.local/lib/python3.12/site-packages/airflow/example_dags/example_branch_python_dop_operator_3.py
[2025-08-25T12:49:54.971+0000] {processor.py:925} INFO - DAG(s) 'example_branch_dop_operator_v3' retrieved from /home/airflow/.local/lib/python3.12/site-packages/airflow/example_dags/example_branch_python_dop_operator_3.py
[2025-08-25T12:49:54.999+0000] {logging_mixin.py:190} INFO - [2025-08-25T12:49:54.998+0000] {dag.py:3239} INFO - Sync 1 DAGs
[2025-08-25T12:49:55.039+0000] {logging_mixin.py:190} INFO - [2025-08-25T12:49:55.038+0000] {dag.py:4180} INFO - Setting next_dagrun for example_branch_dop_operator_v3 to 2025-08-25 12:48:00+00:00, run_after=2025-08-25 12:49:00+00:00
[2025-08-25T12:49:55.073+0000] {processor.py:208} INFO - Processing /home/airflow/.local/lib/python3.12/site-packages/airflow/example_dags/example_branch_python_dop_operator_3.py took 0.126 seconds
[2025-08-25T12:50:25.399+0000] {processor.py:186} INFO - Started process (PID=1967) to work on /home/airflow/.local/lib/python3.12/site-packages/airflow/example_dags/example_branch_python_dop_operator_3.py
[2025-08-25T12:50:25.401+0000] {processor.py:914} INFO - Processing file /home/airflow/.local/lib/python3.12/site-packages/airflow/example_dags/example_branch_python_dop_operator_3.py for tasks to queue
[2025-08-25T12:50:25.403+0000] {logging_mixin.py:190} INFO - [2025-08-25T12:50:25.403+0000] {dagbag.py:588} INFO - Filling up the DagBag from /home/airflow/.local/lib/python3.12/site-packages/airflow/example_dags/example_branch_python_dop_operator_3.py
[2025-08-25T12:50:25.413+0000] {processor.py:925} INFO - DAG(s) 'example_branch_dop_operator_v3' retrieved from /home/airflow/.local/lib/python3.12/site-packages/airflow/example_dags/example_branch_python_dop_operator_3.py
[2025-08-25T12:50:25.443+0000] {logging_mixin.py:190} INFO - [2025-08-25T12:50:25.442+0000] {dag.py:3239} INFO - Sync 1 DAGs
[2025-08-25T12:50:25.485+0000] {logging_mixin.py:190} INFO - [2025-08-25T12:50:25.485+0000] {dag.py:4180} INFO - Setting next_dagrun for example_branch_dop_operator_v3 to 2025-08-25 12:49:00+00:00, run_after=2025-08-25 12:50:00+00:00
[2025-08-25T12:50:25.512+0000] {processor.py:208} INFO - Processing /home/airflow/.local/lib/python3.12/site-packages/airflow/example_dags/example_branch_python_dop_operator_3.py took 0.122 seconds
[2025-08-25T12:50:56.258+0000] {processor.py:186} INFO - Started process (PID=2031) to work on /home/airflow/.local/lib/python3.12/site-packages/airflow/example_dags/example_branch_python_dop_operator_3.py
[2025-08-25T12:50:56.259+0000] {processor.py:914} INFO - Processing file /home/airflow/.local/lib/python3.12/site-packages/airflow/example_dags/example_branch_python_dop_operator_3.py for tasks to queue
[2025-08-25T12:50:56.262+0000] {logging_mixin.py:190} INFO - [2025-08-25T12:50:56.261+0000] {dagbag.py:588} INFO - Filling up the DagBag from /home/airflow/.local/lib/python3.12/site-packages/airflow/example_dags/example_branch_python_dop_operator_3.py
[2025-08-25T12:50:56.275+0000] {processor.py:925} INFO - DAG(s) 'example_branch_dop_operator_v3' retrieved from /home/airflow/.local/lib/python3.12/site-packages/airflow/example_dags/example_branch_python_dop_operator_3.py
[2025-08-25T12:50:56.301+0000] {logging_mixin.py:190} INFO - [2025-08-25T12:50:56.300+0000] {dag.py:3239} INFO - Sync 1 DAGs
[2025-08-25T12:50:56.336+0000] {logging_mixin.py:190} INFO - [2025-08-25T12:50:56.336+0000] {dag.py:4180} INFO - Setting next_dagrun for example_branch_dop_operator_v3 to 2025-08-25 12:49:00+00:00, run_after=2025-08-25 12:50:00+00:00
[2025-08-25T12:50:56.361+0000] {processor.py:208} INFO - Processing /home/airflow/.local/lib/python3.12/site-packages/airflow/example_dags/example_branch_python_dop_operator_3.py took 0.113 seconds
[2025-08-25T12:51:26.665+0000] {processor.py:186} INFO - Started process (PID=2095) to work on /home/airflow/.local/lib/python3.12/site-packages/airflow/example_dags/example_branch_python_dop_operator_3.py
[2025-08-25T12:51:26.666+0000] {processor.py:914} INFO - Processing file /home/airflow/.local/lib/python3.12/site-packages/airflow/example_dags/example_branch_python_dop_operator_3.py for tasks to queue
[2025-08-25T12:51:26.669+0000] {logging_mixin.py:190} INFO - [2025-08-25T12:51:26.669+0000] {dagbag.py:588} INFO - Filling up the DagBag from /home/airflow/.local/lib/python3.12/site-packages/airflow/example_dags/example_branch_python_dop_operator_3.py
[2025-08-25T12:51:26.682+0000] {processor.py:925} INFO - DAG(s) 'example_branch_dop_operator_v3' retrieved from /home/airflow/.local/lib/python3.12/site-packages/airflow/example_dags/example_branch_python_dop_operator_3.py
[2025-08-25T12:51:26.712+0000] {logging_mixin.py:190} INFO - [2025-08-25T12:51:26.712+0000] {dag.py:3239} INFO - Sync 1 DAGs
[2025-08-25T12:51:26.747+0000] {logging_mixin.py:190} INFO - [2025-08-25T12:51:26.746+0000] {dag.py:4180} INFO - Setting next_dagrun for example_branch_dop_operator_v3 to 2025-08-25 12:50:00+00:00, run_after=2025-08-25 12:51:00+00:00
[2025-08-25T12:51:26.777+0000] {processor.py:208} INFO - Processing /home/airflow/.local/lib/python3.12/site-packages/airflow/example_dags/example_branch_python_dop_operator_3.py took 0.118 seconds
[2025-08-25T12:51:57.443+0000] {processor.py:186} INFO - Started process (PID=2159) to work on /home/airflow/.local/lib/python3.12/site-packages/airflow/example_dags/example_branch_python_dop_operator_3.py
[2025-08-25T12:51:57.444+0000] {processor.py:914} INFO - Processing file /home/airflow/.local/lib/python3.12/site-packages/airflow/example_dags/example_branch_python_dop_operator_3.py for tasks to queue
[2025-08-25T12:51:57.447+0000] {logging_mixin.py:190} INFO - [2025-08-25T12:51:57.447+0000] {dagbag.py:588} INFO - Filling up the DagBag from /home/airflow/.local/lib/python3.12/site-packages/airflow/example_dags/example_branch_python_dop_operator_3.py
[2025-08-25T12:51:57.462+0000] {processor.py:925} INFO - DAG(s) 'example_branch_dop_operator_v3' retrieved from /home/airflow/.local/lib/python3.12/site-packages/airflow/example_dags/example_branch_python_dop_operator_3.py
[2025-08-25T12:51:57.490+0000] {logging_mixin.py:190} INFO - [2025-08-25T12:51:57.490+0000] {dag.py:3239} INFO - Sync 1 DAGs
[2025-08-25T12:51:57.522+0000] {logging_mixin.py:190} INFO - [2025-08-25T12:51:57.522+0000] {dag.py:4180} INFO - Setting next_dagrun for example_branch_dop_operator_v3 to 2025-08-25 12:50:00+00:00, run_after=2025-08-25 12:51:00+00:00
[2025-08-25T12:51:57.548+0000] {processor.py:208} INFO - Processing /home/airflow/.local/lib/python3.12/site-packages/airflow/example_dags/example_branch_python_dop_operator_3.py took 0.113 seconds
[2025-08-25T12:52:28.078+0000] {processor.py:186} INFO - Started process (PID=2223) to work on /home/airflow/.local/lib/python3.12/site-packages/airflow/example_dags/example_branch_python_dop_operator_3.py
[2025-08-25T12:52:28.079+0000] {processor.py:914} INFO - Processing file /home/airflow/.local/lib/python3.12/site-packages/airflow/example_dags/example_branch_python_dop_operator_3.py for tasks to queue
[2025-08-25T12:52:28.082+0000] {logging_mixin.py:190} INFO - [2025-08-25T12:52:28.081+0000] {dagbag.py:588} INFO - Filling up the DagBag from /home/airflow/.local/lib/python3.12/site-packages/airflow/example_dags/example_branch_python_dop_operator_3.py
[2025-08-25T12:52:28.095+0000] {processor.py:925} INFO - DAG(s) 'example_branch_dop_operator_v3' retrieved from /home/airflow/.local/lib/python3.12/site-packages/airflow/example_dags/example_branch_python_dop_operator_3.py
[2025-08-25T12:52:28.123+0000] {logging_mixin.py:190} INFO - [2025-08-25T12:52:28.122+0000] {dag.py:3239} INFO - Sync 1 DAGs
[2025-08-25T12:52:28.160+0000] {logging_mixin.py:190} INFO - [2025-08-25T12:52:28.160+0000] {dag.py:4180} INFO - Setting next_dagrun for example_branch_dop_operator_v3 to 2025-08-25 12:51:00+00:00, run_after=2025-08-25 12:52:00+00:00
[2025-08-25T12:52:28.189+0000] {processor.py:208} INFO - Processing /home/airflow/.local/lib/python3.12/site-packages/airflow/example_dags/example_branch_python_dop_operator_3.py took 0.119 seconds
[2025-08-25T12:52:58.419+0000] {processor.py:186} INFO - Started process (PID=2287) to work on /home/airflow/.local/lib/python3.12/site-packages/airflow/example_dags/example_branch_python_dop_operator_3.py
[2025-08-25T12:52:58.421+0000] {processor.py:914} INFO - Processing file /home/airflow/.local/lib/python3.12/site-packages/airflow/example_dags/example_branch_python_dop_operator_3.py for tasks to queue
[2025-08-25T12:52:58.423+0000] {logging_mixin.py:190} INFO - [2025-08-25T12:52:58.423+0000] {dagbag.py:588} INFO - Filling up the DagBag from /home/airflow/.local/lib/python3.12/site-packages/airflow/example_dags/example_branch_python_dop_operator_3.py
[2025-08-25T12:52:58.436+0000] {processor.py:925} INFO - DAG(s) 'example_branch_dop_operator_v3' retrieved from /home/airflow/.local/lib/python3.12/site-packages/airflow/example_dags/example_branch_python_dop_operator_3.py
[2025-08-25T12:52:58.462+0000] {logging_mixin.py:190} INFO - [2025-08-25T12:52:58.461+0000] {dag.py:3239} INFO - Sync 1 DAGs
[2025-08-25T12:52:58.496+0000] {logging_mixin.py:190} INFO - [2025-08-25T12:52:58.496+0000] {dag.py:4180} INFO - Setting next_dagrun for example_branch_dop_operator_v3 to 2025-08-25 12:51:00+00:00, run_after=2025-08-25 12:52:00+00:00
[2025-08-25T12:52:58.521+0000] {processor.py:208} INFO - Processing /home/airflow/.local/lib/python3.12/site-packages/airflow/example_dags/example_branch_python_dop_operator_3.py took 0.111 seconds
[2025-08-25T12:53:29.532+0000] {processor.py:186} INFO - Started process (PID=2357) to work on /home/airflow/.local/lib/python3.12/site-packages/airflow/example_dags/example_branch_python_dop_operator_3.py
[2025-08-25T12:53:29.533+0000] {processor.py:914} INFO - Processing file /home/airflow/.local/lib/python3.12/site-packages/airflow/example_dags/example_branch_python_dop_operator_3.py for tasks to queue
[2025-08-25T12:53:29.535+0000] {logging_mixin.py:190} INFO - [2025-08-25T12:53:29.535+0000] {dagbag.py:588} INFO - Filling up the DagBag from /home/airflow/.local/lib/python3.12/site-packages/airflow/example_dags/example_branch_python_dop_operator_3.py
[2025-08-25T12:53:29.548+0000] {processor.py:925} INFO - DAG(s) 'example_branch_dop_operator_v3' retrieved from /home/airflow/.local/lib/python3.12/site-packages/airflow/example_dags/example_branch_python_dop_operator_3.py
[2025-08-25T12:53:29.579+0000] {logging_mixin.py:190} INFO - [2025-08-25T12:53:29.579+0000] {dag.py:3239} INFO - Sync 1 DAGs
[2025-08-25T12:53:29.620+0000] {logging_mixin.py:190} INFO - [2025-08-25T12:53:29.619+0000] {dag.py:4180} INFO - Setting next_dagrun for example_branch_dop_operator_v3 to 2025-08-25 12:52:00+00:00, run_after=2025-08-25 12:53:00+00:00
[2025-08-25T12:53:29.652+0000] {processor.py:208} INFO - Processing /home/airflow/.local/lib/python3.12/site-packages/airflow/example_dags/example_branch_python_dop_operator_3.py took 0.129 seconds
[2025-08-25T12:53:59.954+0000] {processor.py:186} INFO - Started process (PID=2421) to work on /home/airflow/.local/lib/python3.12/site-packages/airflow/example_dags/example_branch_python_dop_operator_3.py
[2025-08-25T12:53:59.955+0000] {processor.py:914} INFO - Processing file /home/airflow/.local/lib/python3.12/site-packages/airflow/example_dags/example_branch_python_dop_operator_3.py for tasks to queue
[2025-08-25T12:53:59.959+0000] {logging_mixin.py:190} INFO - [2025-08-25T12:53:59.958+0000] {dagbag.py:588} INFO - Filling up the DagBag from /home/airflow/.local/lib/python3.12/site-packages/airflow/example_dags/example_branch_python_dop_operator_3.py
[2025-08-25T12:53:59.974+0000] {processor.py:925} INFO - DAG(s) 'example_branch_dop_operator_v3' retrieved from /home/airflow/.local/lib/python3.12/site-packages/airflow/example_dags/example_branch_python_dop_operator_3.py
[2025-08-25T12:54:00.001+0000] {logging_mixin.py:190} INFO - [2025-08-25T12:54:00.001+0000] {dag.py:3239} INFO - Sync 1 DAGs
[2025-08-25T12:54:00.040+0000] {logging_mixin.py:190} INFO - [2025-08-25T12:54:00.040+0000] {dag.py:4180} INFO - Setting next_dagrun for example_branch_dop_operator_v3 to 2025-08-25 12:53:00+00:00, run_after=2025-08-25 12:54:00+00:00
[2025-08-25T12:54:00.066+0000] {processor.py:208} INFO - Processing /home/airflow/.local/lib/python3.12/site-packages/airflow/example_dags/example_branch_python_dop_operator_3.py took 0.123 seconds
[2025-08-25T12:54:30.927+0000] {processor.py:186} INFO - Started process (PID=2485) to work on /home/airflow/.local/lib/python3.12/site-packages/airflow/example_dags/example_branch_python_dop_operator_3.py
[2025-08-25T12:54:30.928+0000] {processor.py:914} INFO - Processing file /home/airflow/.local/lib/python3.12/site-packages/airflow/example_dags/example_branch_python_dop_operator_3.py for tasks to queue
[2025-08-25T12:54:30.930+0000] {logging_mixin.py:190} INFO - [2025-08-25T12:54:30.930+0000] {dagbag.py:588} INFO - Filling up the DagBag from /home/airflow/.local/lib/python3.12/site-packages/airflow/example_dags/example_branch_python_dop_operator_3.py
[2025-08-25T12:54:30.942+0000] {processor.py:925} INFO - DAG(s) 'example_branch_dop_operator_v3' retrieved from /home/airflow/.local/lib/python3.12/site-packages/airflow/example_dags/example_branch_python_dop_operator_3.py
[2025-08-25T12:54:30.969+0000] {logging_mixin.py:190} INFO - [2025-08-25T12:54:30.969+0000] {dag.py:3239} INFO - Sync 1 DAGs
[2025-08-25T12:54:31.001+0000] {logging_mixin.py:190} INFO - [2025-08-25T12:54:31.001+0000] {dag.py:4180} INFO - Setting next_dagrun for example_branch_dop_operator_v3 to 2025-08-25 12:53:00+00:00, run_after=2025-08-25 12:54:00+00:00
[2025-08-25T12:54:31.025+0000] {processor.py:208} INFO - Processing /home/airflow/.local/lib/python3.12/site-packages/airflow/example_dags/example_branch_python_dop_operator_3.py took 0.105 seconds
[2025-08-25T12:55:01.268+0000] {processor.py:186} INFO - Started process (PID=2549) to work on /home/airflow/.local/lib/python3.12/site-packages/airflow/example_dags/example_branch_python_dop_operator_3.py
[2025-08-25T12:55:01.270+0000] {processor.py:914} INFO - Processing file /home/airflow/.local/lib/python3.12/site-packages/airflow/example_dags/example_branch_python_dop_operator_3.py for tasks to queue
[2025-08-25T12:55:01.274+0000] {logging_mixin.py:190} INFO - [2025-08-25T12:55:01.273+0000] {dagbag.py:588} INFO - Filling up the DagBag from /home/airflow/.local/lib/python3.12/site-packages/airflow/example_dags/example_branch_python_dop_operator_3.py
[2025-08-25T12:55:01.291+0000] {processor.py:925} INFO - DAG(s) 'example_branch_dop_operator_v3' retrieved from /home/airflow/.local/lib/python3.12/site-packages/airflow/example_dags/example_branch_python_dop_operator_3.py
[2025-08-25T12:55:01.319+0000] {logging_mixin.py:190} INFO - [2025-08-25T12:55:01.319+0000] {dag.py:3239} INFO - Sync 1 DAGs
[2025-08-25T12:55:01.369+0000] {logging_mixin.py:190} INFO - [2025-08-25T12:55:01.368+0000] {dag.py:4180} INFO - Setting next_dagrun for example_branch_dop_operator_v3 to 2025-08-25 12:54:00+00:00, run_after=2025-08-25 12:55:00+00:00
[2025-08-25T12:55:01.400+0000] {processor.py:208} INFO - Processing /home/airflow/.local/lib/python3.12/site-packages/airflow/example_dags/example_branch_python_dop_operator_3.py took 0.142 seconds
[2025-08-25T12:55:32.055+0000] {processor.py:186} INFO - Started process (PID=2613) to work on /home/airflow/.local/lib/python3.12/site-packages/airflow/example_dags/example_branch_python_dop_operator_3.py
[2025-08-25T12:55:32.058+0000] {processor.py:914} INFO - Processing file /home/airflow/.local/lib/python3.12/site-packages/airflow/example_dags/example_branch_python_dop_operator_3.py for tasks to queue
[2025-08-25T12:55:32.063+0000] {logging_mixin.py:190} INFO - [2025-08-25T12:55:32.062+0000] {dagbag.py:588} INFO - Filling up the DagBag from /home/airflow/.local/lib/python3.12/site-packages/airflow/example_dags/example_branch_python_dop_operator_3.py
[2025-08-25T12:55:32.091+0000] {processor.py:925} INFO - DAG(s) 'example_branch_dop_operator_v3' retrieved from /home/airflow/.local/lib/python3.12/site-packages/airflow/example_dags/example_branch_python_dop_operator_3.py
[2025-08-25T12:55:32.133+0000] {logging_mixin.py:190} INFO - [2025-08-25T12:55:32.132+0000] {dag.py:3239} INFO - Sync 1 DAGs
[2025-08-25T12:55:32.200+0000] {logging_mixin.py:190} INFO - [2025-08-25T12:55:32.199+0000] {dag.py:4180} INFO - Setting next_dagrun for example_branch_dop_operator_v3 to 2025-08-25 12:54:00+00:00, run_after=2025-08-25 12:55:00+00:00
[2025-08-25T12:55:32.243+0000] {processor.py:208} INFO - Processing /home/airflow/.local/lib/python3.12/site-packages/airflow/example_dags/example_branch_python_dop_operator_3.py took 0.201 seconds
[2025-08-25T12:56:02.462+0000] {processor.py:186} INFO - Started process (PID=2677) to work on /home/airflow/.local/lib/python3.12/site-packages/airflow/example_dags/example_branch_python_dop_operator_3.py
[2025-08-25T12:56:02.463+0000] {processor.py:914} INFO - Processing file /home/airflow/.local/lib/python3.12/site-packages/airflow/example_dags/example_branch_python_dop_operator_3.py for tasks to queue
[2025-08-25T12:56:02.465+0000] {logging_mixin.py:190} INFO - [2025-08-25T12:56:02.465+0000] {dagbag.py:588} INFO - Filling up the DagBag from /home/airflow/.local/lib/python3.12/site-packages/airflow/example_dags/example_branch_python_dop_operator_3.py
[2025-08-25T12:56:02.475+0000] {processor.py:925} INFO - DAG(s) 'example_branch_dop_operator_v3' retrieved from /home/airflow/.local/lib/python3.12/site-packages/airflow/example_dags/example_branch_python_dop_operator_3.py
[2025-08-25T12:56:02.505+0000] {logging_mixin.py:190} INFO - [2025-08-25T12:56:02.504+0000] {dag.py:3239} INFO - Sync 1 DAGs
[2025-08-25T12:56:02.542+0000] {logging_mixin.py:190} INFO - [2025-08-25T12:56:02.542+0000] {dag.py:4180} INFO - Setting next_dagrun for example_branch_dop_operator_v3 to 2025-08-25 12:55:00+00:00, run_after=2025-08-25 12:56:00+00:00
[2025-08-25T12:56:02.572+0000] {processor.py:208} INFO - Processing /home/airflow/.local/lib/python3.12/site-packages/airflow/example_dags/example_branch_python_dop_operator_3.py took 0.115 seconds
[2025-08-25T12:56:32.677+0000] {processor.py:186} INFO - Started process (PID=2741) to work on /home/airflow/.local/lib/python3.12/site-packages/airflow/example_dags/example_branch_python_dop_operator_3.py
[2025-08-25T12:56:32.678+0000] {processor.py:914} INFO - Processing file /home/airflow/.local/lib/python3.12/site-packages/airflow/example_dags/example_branch_python_dop_operator_3.py for tasks to queue
[2025-08-25T12:56:32.681+0000] {logging_mixin.py:190} INFO - [2025-08-25T12:56:32.680+0000] {dagbag.py:588} INFO - Filling up the DagBag from /home/airflow/.local/lib/python3.12/site-packages/airflow/example_dags/example_branch_python_dop_operator_3.py
[2025-08-25T12:56:32.693+0000] {processor.py:925} INFO - DAG(s) 'example_branch_dop_operator_v3' retrieved from /home/airflow/.local/lib/python3.12/site-packages/airflow/example_dags/example_branch_python_dop_operator_3.py
[2025-08-25T12:56:32.715+0000] {logging_mixin.py:190} INFO - [2025-08-25T12:56:32.715+0000] {dag.py:3239} INFO - Sync 1 DAGs
[2025-08-25T12:56:32.742+0000] {logging_mixin.py:190} INFO - [2025-08-25T12:56:32.741+0000] {dag.py:4180} INFO - Setting next_dagrun for example_branch_dop_operator_v3 to 2025-08-25 12:55:00+00:00, run_after=2025-08-25 12:56:00+00:00
[2025-08-25T12:56:32.764+0000] {processor.py:208} INFO - Processing /home/airflow/.local/lib/python3.12/site-packages/airflow/example_dags/example_branch_python_dop_operator_3.py took 0.096 seconds
[2025-08-25T12:57:03.585+0000] {processor.py:186} INFO - Started process (PID=2805) to work on /home/airflow/.local/lib/python3.12/site-packages/airflow/example_dags/example_branch_python_dop_operator_3.py
[2025-08-25T12:57:03.586+0000] {processor.py:914} INFO - Processing file /home/airflow/.local/lib/python3.12/site-packages/airflow/example_dags/example_branch_python_dop_operator_3.py for tasks to queue
[2025-08-25T12:57:03.589+0000] {logging_mixin.py:190} INFO - [2025-08-25T12:57:03.588+0000] {dagbag.py:588} INFO - Filling up the DagBag from /home/airflow/.local/lib/python3.12/site-packages/airflow/example_dags/example_branch_python_dop_operator_3.py
[2025-08-25T12:57:03.602+0000] {processor.py:925} INFO - DAG(s) 'example_branch_dop_operator_v3' retrieved from /home/airflow/.local/lib/python3.12/site-packages/airflow/example_dags/example_branch_python_dop_operator_3.py
[2025-08-25T12:57:03.631+0000] {logging_mixin.py:190} INFO - [2025-08-25T12:57:03.631+0000] {dag.py:3239} INFO - Sync 1 DAGs
[2025-08-25T12:57:03.665+0000] {logging_mixin.py:190} INFO - [2025-08-25T12:57:03.665+0000] {dag.py:4180} INFO - Setting next_dagrun for example_branch_dop_operator_v3 to 2025-08-25 12:56:00+00:00, run_after=2025-08-25 12:57:00+00:00
[2025-08-25T12:57:03.690+0000] {processor.py:208} INFO - Processing /home/airflow/.local/lib/python3.12/site-packages/airflow/example_dags/example_branch_python_dop_operator_3.py took 0.113 seconds
