[2025-08-25T12:35:40.286+0000] {processor.py:186} INFO - Started process (PID=119) to work on /home/airflow/.local/lib/python3.12/site-packages/airflow/example_dags/example_sensors.py
[2025-08-25T12:35:40.287+0000] {processor.py:914} INFO - Processing file /home/airflow/.local/lib/python3.12/site-packages/airflow/example_dags/example_sensors.py for tasks to queue
[2025-08-25T12:35:40.290+0000] {logging_mixin.py:190} INFO - [2025-08-25T12:35:40.290+0000] {dagbag.py:588} INFO - Filling up the DagBag from /home/airflow/.local/lib/python3.12/site-packages/airflow/example_dags/example_sensors.py
[2025-08-25T12:35:40.304+0000] {processor.py:925} INFO - DAG(s) 'example_sensors' retrieved from /home/airflow/.local/lib/python3.12/site-packages/airflow/example_dags/example_sensors.py
[2025-08-25T12:35:40.420+0000] {logging_mixin.py:190} INFO - [2025-08-25T12:35:40.419+0000] {override.py:1900} INFO - Created Permission View: can read on DAG:example_sensors
[2025-08-25T12:35:40.429+0000] {logging_mixin.py:190} INFO - [2025-08-25T12:35:40.429+0000] {override.py:1900} INFO - Created Permission View: can delete on DAG:example_sensors
[2025-08-25T12:35:40.435+0000] {logging_mixin.py:190} INFO - [2025-08-25T12:35:40.435+0000] {override.py:1900} INFO - Created Permission View: can edit on DAG:example_sensors
[2025-08-25T12:35:40.441+0000] {logging_mixin.py:190} INFO - [2025-08-25T12:35:40.441+0000] {override.py:1900} INFO - Created Permission View: can read on DAG Run:example_sensors
[2025-08-25T12:35:40.451+0000] {logging_mixin.py:190} INFO - [2025-08-25T12:35:40.450+0000] {override.py:1900} INFO - Created Permission View: menu access on DAG Run:example_sensors
[2025-08-25T12:35:40.460+0000] {logging_mixin.py:190} INFO - [2025-08-25T12:35:40.459+0000] {override.py:1900} INFO - Created Permission View: can delete on DAG Run:example_sensors
[2025-08-25T12:35:40.469+0000] {logging_mixin.py:190} INFO - [2025-08-25T12:35:40.468+0000] {override.py:1900} INFO - Created Permission View: can create on DAG Run:example_sensors
[2025-08-25T12:35:40.469+0000] {logging_mixin.py:190} INFO - [2025-08-25T12:35:40.469+0000] {dag.py:3239} INFO - Sync 1 DAGs
[2025-08-25T12:35:40.486+0000] {logging_mixin.py:190} INFO - [2025-08-25T12:35:40.486+0000] {dag.py:3262} INFO - Creating ORM DAG for example_sensors
[2025-08-25T12:35:40.487+0000] {logging_mixin.py:190} INFO - [2025-08-25T12:35:40.487+0000] {dag.py:4180} INFO - Setting next_dagrun for example_sensors to None, run_after=None
[2025-08-25T12:35:40.510+0000] {processor.py:208} INFO - Processing /home/airflow/.local/lib/python3.12/site-packages/airflow/example_dags/example_sensors.py took 0.231 seconds
[2025-08-25T12:36:11.308+0000] {processor.py:186} INFO - Started process (PID=183) to work on /home/airflow/.local/lib/python3.12/site-packages/airflow/example_dags/example_sensors.py
[2025-08-25T12:36:11.309+0000] {processor.py:914} INFO - Processing file /home/airflow/.local/lib/python3.12/site-packages/airflow/example_dags/example_sensors.py for tasks to queue
[2025-08-25T12:36:11.311+0000] {logging_mixin.py:190} INFO - [2025-08-25T12:36:11.311+0000] {dagbag.py:588} INFO - Filling up the DagBag from /home/airflow/.local/lib/python3.12/site-packages/airflow/example_dags/example_sensors.py
[2025-08-25T12:36:11.321+0000] {processor.py:925} INFO - DAG(s) 'example_sensors' retrieved from /home/airflow/.local/lib/python3.12/site-packages/airflow/example_dags/example_sensors.py
[2025-08-25T12:36:11.357+0000] {logging_mixin.py:190} INFO - [2025-08-25T12:36:11.356+0000] {dag.py:3239} INFO - Sync 1 DAGs
[2025-08-25T12:36:11.374+0000] {logging_mixin.py:190} INFO - [2025-08-25T12:36:11.374+0000] {dag.py:4180} INFO - Setting next_dagrun for example_sensors to None, run_after=None
[2025-08-25T12:36:11.401+0000] {processor.py:208} INFO - Processing /home/airflow/.local/lib/python3.12/site-packages/airflow/example_dags/example_sensors.py took 0.100 seconds
[2025-08-25T12:36:42.168+0000] {processor.py:186} INFO - Started process (PID=247) to work on /home/airflow/.local/lib/python3.12/site-packages/airflow/example_dags/example_sensors.py
[2025-08-25T12:36:42.169+0000] {processor.py:914} INFO - Processing file /home/airflow/.local/lib/python3.12/site-packages/airflow/example_dags/example_sensors.py for tasks to queue
[2025-08-25T12:36:42.171+0000] {logging_mixin.py:190} INFO - [2025-08-25T12:36:42.170+0000] {dagbag.py:588} INFO - Filling up the DagBag from /home/airflow/.local/lib/python3.12/site-packages/airflow/example_dags/example_sensors.py
[2025-08-25T12:36:42.181+0000] {processor.py:925} INFO - DAG(s) 'example_sensors' retrieved from /home/airflow/.local/lib/python3.12/site-packages/airflow/example_dags/example_sensors.py
[2025-08-25T12:36:42.218+0000] {logging_mixin.py:190} INFO - [2025-08-25T12:36:42.218+0000] {dag.py:3239} INFO - Sync 1 DAGs
[2025-08-25T12:36:42.237+0000] {logging_mixin.py:190} INFO - [2025-08-25T12:36:42.237+0000] {dag.py:4180} INFO - Setting next_dagrun for example_sensors to None, run_after=None
[2025-08-25T12:36:42.274+0000] {processor.py:208} INFO - Processing /home/airflow/.local/lib/python3.12/site-packages/airflow/example_dags/example_sensors.py took 0.113 seconds
[2025-08-25T12:37:13.132+0000] {processor.py:186} INFO - Started process (PID=311) to work on /home/airflow/.local/lib/python3.12/site-packages/airflow/example_dags/example_sensors.py
[2025-08-25T12:37:13.133+0000] {processor.py:914} INFO - Processing file /home/airflow/.local/lib/python3.12/site-packages/airflow/example_dags/example_sensors.py for tasks to queue
[2025-08-25T12:37:13.136+0000] {logging_mixin.py:190} INFO - [2025-08-25T12:37:13.135+0000] {dagbag.py:588} INFO - Filling up the DagBag from /home/airflow/.local/lib/python3.12/site-packages/airflow/example_dags/example_sensors.py
[2025-08-25T12:37:13.146+0000] {processor.py:925} INFO - DAG(s) 'example_sensors' retrieved from /home/airflow/.local/lib/python3.12/site-packages/airflow/example_dags/example_sensors.py
[2025-08-25T12:37:13.182+0000] {logging_mixin.py:190} INFO - [2025-08-25T12:37:13.182+0000] {dag.py:3239} INFO - Sync 1 DAGs
[2025-08-25T12:37:13.202+0000] {logging_mixin.py:190} INFO - [2025-08-25T12:37:13.201+0000] {dag.py:4180} INFO - Setting next_dagrun for example_sensors to None, run_after=None
[2025-08-25T12:37:13.234+0000] {processor.py:208} INFO - Processing /home/airflow/.local/lib/python3.12/site-packages/airflow/example_dags/example_sensors.py took 0.109 seconds
[2025-08-25T12:37:44.120+0000] {processor.py:186} INFO - Started process (PID=375) to work on /home/airflow/.local/lib/python3.12/site-packages/airflow/example_dags/example_sensors.py
[2025-08-25T12:37:44.121+0000] {processor.py:914} INFO - Processing file /home/airflow/.local/lib/python3.12/site-packages/airflow/example_dags/example_sensors.py for tasks to queue
[2025-08-25T12:37:44.123+0000] {logging_mixin.py:190} INFO - [2025-08-25T12:37:44.122+0000] {dagbag.py:588} INFO - Filling up the DagBag from /home/airflow/.local/lib/python3.12/site-packages/airflow/example_dags/example_sensors.py
[2025-08-25T12:37:44.133+0000] {processor.py:925} INFO - DAG(s) 'example_sensors' retrieved from /home/airflow/.local/lib/python3.12/site-packages/airflow/example_dags/example_sensors.py
[2025-08-25T12:37:44.168+0000] {logging_mixin.py:190} INFO - [2025-08-25T12:37:44.168+0000] {dag.py:3239} INFO - Sync 1 DAGs
[2025-08-25T12:37:44.186+0000] {logging_mixin.py:190} INFO - [2025-08-25T12:37:44.186+0000] {dag.py:4180} INFO - Setting next_dagrun for example_sensors to None, run_after=None
[2025-08-25T12:37:44.213+0000] {processor.py:208} INFO - Processing /home/airflow/.local/lib/python3.12/site-packages/airflow/example_dags/example_sensors.py took 0.100 seconds
[2025-08-25T12:38:14.946+0000] {processor.py:186} INFO - Started process (PID=439) to work on /home/airflow/.local/lib/python3.12/site-packages/airflow/example_dags/example_sensors.py
[2025-08-25T12:38:14.946+0000] {processor.py:914} INFO - Processing file /home/airflow/.local/lib/python3.12/site-packages/airflow/example_dags/example_sensors.py for tasks to queue
[2025-08-25T12:38:14.949+0000] {logging_mixin.py:190} INFO - [2025-08-25T12:38:14.948+0000] {dagbag.py:588} INFO - Filling up the DagBag from /home/airflow/.local/lib/python3.12/site-packages/airflow/example_dags/example_sensors.py
[2025-08-25T12:38:14.959+0000] {processor.py:925} INFO - DAG(s) 'example_sensors' retrieved from /home/airflow/.local/lib/python3.12/site-packages/airflow/example_dags/example_sensors.py
[2025-08-25T12:38:14.999+0000] {logging_mixin.py:190} INFO - [2025-08-25T12:38:14.999+0000] {dag.py:3239} INFO - Sync 1 DAGs
[2025-08-25T12:38:15.023+0000] {logging_mixin.py:190} INFO - [2025-08-25T12:38:15.023+0000] {dag.py:4180} INFO - Setting next_dagrun for example_sensors to None, run_after=None
[2025-08-25T12:38:15.051+0000] {processor.py:208} INFO - Processing /home/airflow/.local/lib/python3.12/site-packages/airflow/example_dags/example_sensors.py took 0.112 seconds
[2025-08-25T12:38:45.150+0000] {processor.py:186} INFO - Started process (PID=502) to work on /home/airflow/.local/lib/python3.12/site-packages/airflow/example_dags/example_sensors.py
[2025-08-25T12:38:45.152+0000] {processor.py:914} INFO - Processing file /home/airflow/.local/lib/python3.12/site-packages/airflow/example_dags/example_sensors.py for tasks to queue
[2025-08-25T12:38:45.154+0000] {logging_mixin.py:190} INFO - [2025-08-25T12:38:45.154+0000] {dagbag.py:588} INFO - Filling up the DagBag from /home/airflow/.local/lib/python3.12/site-packages/airflow/example_dags/example_sensors.py
[2025-08-25T12:38:45.169+0000] {processor.py:925} INFO - DAG(s) 'example_sensors' retrieved from /home/airflow/.local/lib/python3.12/site-packages/airflow/example_dags/example_sensors.py
[2025-08-25T12:38:45.211+0000] {logging_mixin.py:190} INFO - [2025-08-25T12:38:45.211+0000] {dag.py:3239} INFO - Sync 1 DAGs
[2025-08-25T12:38:45.229+0000] {logging_mixin.py:190} INFO - [2025-08-25T12:38:45.228+0000] {dag.py:4180} INFO - Setting next_dagrun for example_sensors to None, run_after=None
[2025-08-25T12:38:45.256+0000] {processor.py:208} INFO - Processing /home/airflow/.local/lib/python3.12/site-packages/airflow/example_dags/example_sensors.py took 0.113 seconds
[2025-08-25T12:39:15.884+0000] {processor.py:186} INFO - Started process (PID=567) to work on /home/airflow/.local/lib/python3.12/site-packages/airflow/example_dags/example_sensors.py
[2025-08-25T12:39:15.885+0000] {processor.py:914} INFO - Processing file /home/airflow/.local/lib/python3.12/site-packages/airflow/example_dags/example_sensors.py for tasks to queue
[2025-08-25T12:39:15.889+0000] {logging_mixin.py:190} INFO - [2025-08-25T12:39:15.888+0000] {dagbag.py:588} INFO - Filling up the DagBag from /home/airflow/.local/lib/python3.12/site-packages/airflow/example_dags/example_sensors.py
[2025-08-25T12:39:15.904+0000] {processor.py:925} INFO - DAG(s) 'example_sensors' retrieved from /home/airflow/.local/lib/python3.12/site-packages/airflow/example_dags/example_sensors.py
[2025-08-25T12:39:15.939+0000] {logging_mixin.py:190} INFO - [2025-08-25T12:39:15.938+0000] {dag.py:3239} INFO - Sync 1 DAGs
[2025-08-25T12:39:15.960+0000] {logging_mixin.py:190} INFO - [2025-08-25T12:39:15.959+0000] {dag.py:4180} INFO - Setting next_dagrun for example_sensors to None, run_after=None
[2025-08-25T12:39:15.986+0000] {processor.py:208} INFO - Processing /home/airflow/.local/lib/python3.12/site-packages/airflow/example_dags/example_sensors.py took 0.111 seconds
[2025-08-25T12:39:46.247+0000] {processor.py:186} INFO - Started process (PID=631) to work on /home/airflow/.local/lib/python3.12/site-packages/airflow/example_dags/example_sensors.py
[2025-08-25T12:39:46.249+0000] {processor.py:914} INFO - Processing file /home/airflow/.local/lib/python3.12/site-packages/airflow/example_dags/example_sensors.py for tasks to queue
[2025-08-25T12:39:46.251+0000] {logging_mixin.py:190} INFO - [2025-08-25T12:39:46.251+0000] {dagbag.py:588} INFO - Filling up the DagBag from /home/airflow/.local/lib/python3.12/site-packages/airflow/example_dags/example_sensors.py
[2025-08-25T12:39:46.267+0000] {processor.py:925} INFO - DAG(s) 'example_sensors' retrieved from /home/airflow/.local/lib/python3.12/site-packages/airflow/example_dags/example_sensors.py
[2025-08-25T12:39:46.308+0000] {logging_mixin.py:190} INFO - [2025-08-25T12:39:46.308+0000] {dag.py:3239} INFO - Sync 1 DAGs
[2025-08-25T12:39:46.331+0000] {logging_mixin.py:190} INFO - [2025-08-25T12:39:46.331+0000] {dag.py:4180} INFO - Setting next_dagrun for example_sensors to None, run_after=None
[2025-08-25T12:39:46.365+0000] {processor.py:208} INFO - Processing /home/airflow/.local/lib/python3.12/site-packages/airflow/example_dags/example_sensors.py took 0.127 seconds
[2025-08-25T12:40:16.701+0000] {processor.py:186} INFO - Started process (PID=695) to work on /home/airflow/.local/lib/python3.12/site-packages/airflow/example_dags/example_sensors.py
[2025-08-25T12:40:16.704+0000] {processor.py:914} INFO - Processing file /home/airflow/.local/lib/python3.12/site-packages/airflow/example_dags/example_sensors.py for tasks to queue
[2025-08-25T12:40:16.708+0000] {logging_mixin.py:190} INFO - [2025-08-25T12:40:16.707+0000] {dagbag.py:588} INFO - Filling up the DagBag from /home/airflow/.local/lib/python3.12/site-packages/airflow/example_dags/example_sensors.py
[2025-08-25T12:40:16.727+0000] {processor.py:925} INFO - DAG(s) 'example_sensors' retrieved from /home/airflow/.local/lib/python3.12/site-packages/airflow/example_dags/example_sensors.py
[2025-08-25T12:40:16.773+0000] {logging_mixin.py:190} INFO - [2025-08-25T12:40:16.772+0000] {dag.py:3239} INFO - Sync 1 DAGs
[2025-08-25T12:40:16.792+0000] {logging_mixin.py:190} INFO - [2025-08-25T12:40:16.792+0000] {dag.py:4180} INFO - Setting next_dagrun for example_sensors to None, run_after=None
[2025-08-25T12:40:16.819+0000] {processor.py:208} INFO - Processing /home/airflow/.local/lib/python3.12/site-packages/airflow/example_dags/example_sensors.py took 0.128 seconds
[2025-08-25T12:40:47.540+0000] {processor.py:186} INFO - Started process (PID=762) to work on /home/airflow/.local/lib/python3.12/site-packages/airflow/example_dags/example_sensors.py
[2025-08-25T12:40:47.541+0000] {processor.py:914} INFO - Processing file /home/airflow/.local/lib/python3.12/site-packages/airflow/example_dags/example_sensors.py for tasks to queue
[2025-08-25T12:40:47.543+0000] {logging_mixin.py:190} INFO - [2025-08-25T12:40:47.543+0000] {dagbag.py:588} INFO - Filling up the DagBag from /home/airflow/.local/lib/python3.12/site-packages/airflow/example_dags/example_sensors.py
[2025-08-25T12:40:47.554+0000] {processor.py:925} INFO - DAG(s) 'example_sensors' retrieved from /home/airflow/.local/lib/python3.12/site-packages/airflow/example_dags/example_sensors.py
[2025-08-25T12:40:47.585+0000] {logging_mixin.py:190} INFO - [2025-08-25T12:40:47.585+0000] {dag.py:3239} INFO - Sync 1 DAGs
[2025-08-25T12:40:47.600+0000] {logging_mixin.py:190} INFO - [2025-08-25T12:40:47.600+0000] {dag.py:4180} INFO - Setting next_dagrun for example_sensors to None, run_after=None
[2025-08-25T12:40:47.626+0000] {processor.py:208} INFO - Processing /home/airflow/.local/lib/python3.12/site-packages/airflow/example_dags/example_sensors.py took 0.092 seconds
[2025-08-25T12:41:18.075+0000] {processor.py:186} INFO - Started process (PID=826) to work on /home/airflow/.local/lib/python3.12/site-packages/airflow/example_dags/example_sensors.py
[2025-08-25T12:41:18.076+0000] {processor.py:914} INFO - Processing file /home/airflow/.local/lib/python3.12/site-packages/airflow/example_dags/example_sensors.py for tasks to queue
[2025-08-25T12:41:18.078+0000] {logging_mixin.py:190} INFO - [2025-08-25T12:41:18.078+0000] {dagbag.py:588} INFO - Filling up the DagBag from /home/airflow/.local/lib/python3.12/site-packages/airflow/example_dags/example_sensors.py
[2025-08-25T12:41:18.088+0000] {processor.py:925} INFO - DAG(s) 'example_sensors' retrieved from /home/airflow/.local/lib/python3.12/site-packages/airflow/example_dags/example_sensors.py
[2025-08-25T12:41:18.129+0000] {logging_mixin.py:190} INFO - [2025-08-25T12:41:18.128+0000] {dag.py:3239} INFO - Sync 1 DAGs
[2025-08-25T12:41:18.151+0000] {logging_mixin.py:190} INFO - [2025-08-25T12:41:18.150+0000] {dag.py:4180} INFO - Setting next_dagrun for example_sensors to None, run_after=None
[2025-08-25T12:41:18.178+0000] {processor.py:208} INFO - Processing /home/airflow/.local/lib/python3.12/site-packages/airflow/example_dags/example_sensors.py took 0.109 seconds
[2025-08-25T12:41:48.813+0000] {processor.py:186} INFO - Started process (PID=890) to work on /home/airflow/.local/lib/python3.12/site-packages/airflow/example_dags/example_sensors.py
[2025-08-25T12:41:48.814+0000] {processor.py:914} INFO - Processing file /home/airflow/.local/lib/python3.12/site-packages/airflow/example_dags/example_sensors.py for tasks to queue
[2025-08-25T12:41:48.816+0000] {logging_mixin.py:190} INFO - [2025-08-25T12:41:48.816+0000] {dagbag.py:588} INFO - Filling up the DagBag from /home/airflow/.local/lib/python3.12/site-packages/airflow/example_dags/example_sensors.py
[2025-08-25T12:41:48.827+0000] {processor.py:925} INFO - DAG(s) 'example_sensors' retrieved from /home/airflow/.local/lib/python3.12/site-packages/airflow/example_dags/example_sensors.py
[2025-08-25T12:41:48.862+0000] {logging_mixin.py:190} INFO - [2025-08-25T12:41:48.861+0000] {dag.py:3239} INFO - Sync 1 DAGs
[2025-08-25T12:41:48.881+0000] {logging_mixin.py:190} INFO - [2025-08-25T12:41:48.880+0000] {dag.py:4180} INFO - Setting next_dagrun for example_sensors to None, run_after=None
[2025-08-25T12:41:48.918+0000] {processor.py:208} INFO - Processing /home/airflow/.local/lib/python3.12/site-packages/airflow/example_dags/example_sensors.py took 0.111 seconds
[2025-08-25T12:42:19.632+0000] {processor.py:186} INFO - Started process (PID=954) to work on /home/airflow/.local/lib/python3.12/site-packages/airflow/example_dags/example_sensors.py
[2025-08-25T12:42:19.633+0000] {processor.py:914} INFO - Processing file /home/airflow/.local/lib/python3.12/site-packages/airflow/example_dags/example_sensors.py for tasks to queue
[2025-08-25T12:42:19.635+0000] {logging_mixin.py:190} INFO - [2025-08-25T12:42:19.635+0000] {dagbag.py:588} INFO - Filling up the DagBag from /home/airflow/.local/lib/python3.12/site-packages/airflow/example_dags/example_sensors.py
[2025-08-25T12:42:19.646+0000] {processor.py:925} INFO - DAG(s) 'example_sensors' retrieved from /home/airflow/.local/lib/python3.12/site-packages/airflow/example_dags/example_sensors.py
[2025-08-25T12:42:19.686+0000] {logging_mixin.py:190} INFO - [2025-08-25T12:42:19.686+0000] {dag.py:3239} INFO - Sync 1 DAGs
[2025-08-25T12:42:19.705+0000] {logging_mixin.py:190} INFO - [2025-08-25T12:42:19.705+0000] {dag.py:4180} INFO - Setting next_dagrun for example_sensors to None, run_after=None
[2025-08-25T12:42:19.737+0000] {processor.py:208} INFO - Processing /home/airflow/.local/lib/python3.12/site-packages/airflow/example_dags/example_sensors.py took 0.112 seconds
[2025-08-25T12:42:50.436+0000] {processor.py:186} INFO - Started process (PID=1018) to work on /home/airflow/.local/lib/python3.12/site-packages/airflow/example_dags/example_sensors.py
[2025-08-25T12:42:50.437+0000] {processor.py:914} INFO - Processing file /home/airflow/.local/lib/python3.12/site-packages/airflow/example_dags/example_sensors.py for tasks to queue
[2025-08-25T12:42:50.439+0000] {logging_mixin.py:190} INFO - [2025-08-25T12:42:50.439+0000] {dagbag.py:588} INFO - Filling up the DagBag from /home/airflow/.local/lib/python3.12/site-packages/airflow/example_dags/example_sensors.py
[2025-08-25T12:42:50.450+0000] {processor.py:925} INFO - DAG(s) 'example_sensors' retrieved from /home/airflow/.local/lib/python3.12/site-packages/airflow/example_dags/example_sensors.py
[2025-08-25T12:42:50.488+0000] {logging_mixin.py:190} INFO - [2025-08-25T12:42:50.487+0000] {dag.py:3239} INFO - Sync 1 DAGs
[2025-08-25T12:42:50.505+0000] {logging_mixin.py:190} INFO - [2025-08-25T12:42:50.504+0000] {dag.py:4180} INFO - Setting next_dagrun for example_sensors to None, run_after=None
[2025-08-25T12:42:50.531+0000] {processor.py:208} INFO - Processing /home/airflow/.local/lib/python3.12/site-packages/airflow/example_dags/example_sensors.py took 0.101 seconds
[2025-08-25T12:43:21.109+0000] {processor.py:186} INFO - Started process (PID=1082) to work on /home/airflow/.local/lib/python3.12/site-packages/airflow/example_dags/example_sensors.py
[2025-08-25T12:43:21.110+0000] {processor.py:914} INFO - Processing file /home/airflow/.local/lib/python3.12/site-packages/airflow/example_dags/example_sensors.py for tasks to queue
[2025-08-25T12:43:21.113+0000] {logging_mixin.py:190} INFO - [2025-08-25T12:43:21.112+0000] {dagbag.py:588} INFO - Filling up the DagBag from /home/airflow/.local/lib/python3.12/site-packages/airflow/example_dags/example_sensors.py
[2025-08-25T12:43:21.131+0000] {processor.py:925} INFO - DAG(s) 'example_sensors' retrieved from /home/airflow/.local/lib/python3.12/site-packages/airflow/example_dags/example_sensors.py
[2025-08-25T12:43:21.176+0000] {logging_mixin.py:190} INFO - [2025-08-25T12:43:21.176+0000] {dag.py:3239} INFO - Sync 1 DAGs
[2025-08-25T12:43:21.198+0000] {logging_mixin.py:190} INFO - [2025-08-25T12:43:21.197+0000] {dag.py:4180} INFO - Setting next_dagrun for example_sensors to None, run_after=None
[2025-08-25T12:43:21.224+0000] {processor.py:208} INFO - Processing /home/airflow/.local/lib/python3.12/site-packages/airflow/example_dags/example_sensors.py took 0.123 seconds
[2025-08-25T12:43:51.740+0000] {processor.py:186} INFO - Started process (PID=1146) to work on /home/airflow/.local/lib/python3.12/site-packages/airflow/example_dags/example_sensors.py
[2025-08-25T12:43:51.742+0000] {processor.py:914} INFO - Processing file /home/airflow/.local/lib/python3.12/site-packages/airflow/example_dags/example_sensors.py for tasks to queue
[2025-08-25T12:43:51.746+0000] {logging_mixin.py:190} INFO - [2025-08-25T12:43:51.745+0000] {dagbag.py:588} INFO - Filling up the DagBag from /home/airflow/.local/lib/python3.12/site-packages/airflow/example_dags/example_sensors.py
[2025-08-25T12:43:51.760+0000] {processor.py:925} INFO - DAG(s) 'example_sensors' retrieved from /home/airflow/.local/lib/python3.12/site-packages/airflow/example_dags/example_sensors.py
[2025-08-25T12:43:51.800+0000] {logging_mixin.py:190} INFO - [2025-08-25T12:43:51.800+0000] {dag.py:3239} INFO - Sync 1 DAGs
[2025-08-25T12:43:51.823+0000] {logging_mixin.py:190} INFO - [2025-08-25T12:43:51.823+0000] {dag.py:4180} INFO - Setting next_dagrun for example_sensors to None, run_after=None
[2025-08-25T12:43:51.857+0000] {processor.py:208} INFO - Processing /home/airflow/.local/lib/python3.12/site-packages/airflow/example_dags/example_sensors.py took 0.128 seconds
[2025-08-25T12:44:22.147+0000] {processor.py:186} INFO - Started process (PID=1210) to work on /home/airflow/.local/lib/python3.12/site-packages/airflow/example_dags/example_sensors.py
[2025-08-25T12:44:22.149+0000] {processor.py:914} INFO - Processing file /home/airflow/.local/lib/python3.12/site-packages/airflow/example_dags/example_sensors.py for tasks to queue
[2025-08-25T12:44:22.152+0000] {logging_mixin.py:190} INFO - [2025-08-25T12:44:22.151+0000] {dagbag.py:588} INFO - Filling up the DagBag from /home/airflow/.local/lib/python3.12/site-packages/airflow/example_dags/example_sensors.py
[2025-08-25T12:44:22.165+0000] {processor.py:925} INFO - DAG(s) 'example_sensors' retrieved from /home/airflow/.local/lib/python3.12/site-packages/airflow/example_dags/example_sensors.py
[2025-08-25T12:44:22.198+0000] {logging_mixin.py:190} INFO - [2025-08-25T12:44:22.198+0000] {dag.py:3239} INFO - Sync 1 DAGs
[2025-08-25T12:44:22.215+0000] {logging_mixin.py:190} INFO - [2025-08-25T12:44:22.214+0000] {dag.py:4180} INFO - Setting next_dagrun for example_sensors to None, run_after=None
[2025-08-25T12:44:22.241+0000] {processor.py:208} INFO - Processing /home/airflow/.local/lib/python3.12/site-packages/airflow/example_dags/example_sensors.py took 0.103 seconds
[2025-08-25T12:44:52.901+0000] {processor.py:186} INFO - Started process (PID=1274) to work on /home/airflow/.local/lib/python3.12/site-packages/airflow/example_dags/example_sensors.py
[2025-08-25T12:44:52.903+0000] {processor.py:914} INFO - Processing file /home/airflow/.local/lib/python3.12/site-packages/airflow/example_dags/example_sensors.py for tasks to queue
[2025-08-25T12:44:52.907+0000] {logging_mixin.py:190} INFO - [2025-08-25T12:44:52.906+0000] {dagbag.py:588} INFO - Filling up the DagBag from /home/airflow/.local/lib/python3.12/site-packages/airflow/example_dags/example_sensors.py
[2025-08-25T12:44:52.919+0000] {processor.py:925} INFO - DAG(s) 'example_sensors' retrieved from /home/airflow/.local/lib/python3.12/site-packages/airflow/example_dags/example_sensors.py
[2025-08-25T12:44:52.957+0000] {logging_mixin.py:190} INFO - [2025-08-25T12:44:52.957+0000] {dag.py:3239} INFO - Sync 1 DAGs
[2025-08-25T12:44:52.979+0000] {logging_mixin.py:190} INFO - [2025-08-25T12:44:52.979+0000] {dag.py:4180} INFO - Setting next_dagrun for example_sensors to None, run_after=None
[2025-08-25T12:44:53.006+0000] {processor.py:208} INFO - Processing /home/airflow/.local/lib/python3.12/site-packages/airflow/example_dags/example_sensors.py took 0.117 seconds
[2025-08-25T12:45:23.223+0000] {processor.py:186} INFO - Started process (PID=1338) to work on /home/airflow/.local/lib/python3.12/site-packages/airflow/example_dags/example_sensors.py
[2025-08-25T12:45:23.225+0000] {processor.py:914} INFO - Processing file /home/airflow/.local/lib/python3.12/site-packages/airflow/example_dags/example_sensors.py for tasks to queue
[2025-08-25T12:45:23.228+0000] {logging_mixin.py:190} INFO - [2025-08-25T12:45:23.228+0000] {dagbag.py:588} INFO - Filling up the DagBag from /home/airflow/.local/lib/python3.12/site-packages/airflow/example_dags/example_sensors.py
[2025-08-25T12:45:23.245+0000] {processor.py:925} INFO - DAG(s) 'example_sensors' retrieved from /home/airflow/.local/lib/python3.12/site-packages/airflow/example_dags/example_sensors.py
[2025-08-25T12:45:23.276+0000] {logging_mixin.py:190} INFO - [2025-08-25T12:45:23.276+0000] {dag.py:3239} INFO - Sync 1 DAGs
[2025-08-25T12:45:23.293+0000] {logging_mixin.py:190} INFO - [2025-08-25T12:45:23.292+0000] {dag.py:4180} INFO - Setting next_dagrun for example_sensors to None, run_after=None
[2025-08-25T12:45:23.320+0000] {processor.py:208} INFO - Processing /home/airflow/.local/lib/python3.12/site-packages/airflow/example_dags/example_sensors.py took 0.106 seconds
[2025-08-25T12:45:53.444+0000] {processor.py:186} INFO - Started process (PID=1402) to work on /home/airflow/.local/lib/python3.12/site-packages/airflow/example_dags/example_sensors.py
[2025-08-25T12:45:53.445+0000] {processor.py:914} INFO - Processing file /home/airflow/.local/lib/python3.12/site-packages/airflow/example_dags/example_sensors.py for tasks to queue
[2025-08-25T12:45:53.447+0000] {logging_mixin.py:190} INFO - [2025-08-25T12:45:53.447+0000] {dagbag.py:588} INFO - Filling up the DagBag from /home/airflow/.local/lib/python3.12/site-packages/airflow/example_dags/example_sensors.py
[2025-08-25T12:45:53.458+0000] {processor.py:925} INFO - DAG(s) 'example_sensors' retrieved from /home/airflow/.local/lib/python3.12/site-packages/airflow/example_dags/example_sensors.py
[2025-08-25T12:45:53.497+0000] {logging_mixin.py:190} INFO - [2025-08-25T12:45:53.497+0000] {dag.py:3239} INFO - Sync 1 DAGs
[2025-08-25T12:45:53.513+0000] {logging_mixin.py:190} INFO - [2025-08-25T12:45:53.513+0000] {dag.py:4180} INFO - Setting next_dagrun for example_sensors to None, run_after=None
[2025-08-25T12:45:53.535+0000] {processor.py:208} INFO - Processing /home/airflow/.local/lib/python3.12/site-packages/airflow/example_dags/example_sensors.py took 0.096 seconds
[2025-08-25T12:46:24.393+0000] {processor.py:186} INFO - Started process (PID=1465) to work on /home/airflow/.local/lib/python3.12/site-packages/airflow/example_dags/example_sensors.py
[2025-08-25T12:46:24.394+0000] {processor.py:914} INFO - Processing file /home/airflow/.local/lib/python3.12/site-packages/airflow/example_dags/example_sensors.py for tasks to queue
[2025-08-25T12:46:24.397+0000] {logging_mixin.py:190} INFO - [2025-08-25T12:46:24.396+0000] {dagbag.py:588} INFO - Filling up the DagBag from /home/airflow/.local/lib/python3.12/site-packages/airflow/example_dags/example_sensors.py
[2025-08-25T12:46:24.410+0000] {processor.py:925} INFO - DAG(s) 'example_sensors' retrieved from /home/airflow/.local/lib/python3.12/site-packages/airflow/example_dags/example_sensors.py
[2025-08-25T12:46:24.444+0000] {logging_mixin.py:190} INFO - [2025-08-25T12:46:24.443+0000] {dag.py:3239} INFO - Sync 1 DAGs
[2025-08-25T12:46:24.464+0000] {logging_mixin.py:190} INFO - [2025-08-25T12:46:24.464+0000] {dag.py:4180} INFO - Setting next_dagrun for example_sensors to None, run_after=None
[2025-08-25T12:46:24.490+0000] {processor.py:208} INFO - Processing /home/airflow/.local/lib/python3.12/site-packages/airflow/example_dags/example_sensors.py took 0.104 seconds
[2025-08-25T12:46:54.852+0000] {processor.py:186} INFO - Started process (PID=1529) to work on /home/airflow/.local/lib/python3.12/site-packages/airflow/example_dags/example_sensors.py
[2025-08-25T12:46:54.853+0000] {processor.py:914} INFO - Processing file /home/airflow/.local/lib/python3.12/site-packages/airflow/example_dags/example_sensors.py for tasks to queue
[2025-08-25T12:46:54.856+0000] {logging_mixin.py:190} INFO - [2025-08-25T12:46:54.856+0000] {dagbag.py:588} INFO - Filling up the DagBag from /home/airflow/.local/lib/python3.12/site-packages/airflow/example_dags/example_sensors.py
[2025-08-25T12:46:54.868+0000] {processor.py:925} INFO - DAG(s) 'example_sensors' retrieved from /home/airflow/.local/lib/python3.12/site-packages/airflow/example_dags/example_sensors.py
[2025-08-25T12:46:54.904+0000] {logging_mixin.py:190} INFO - [2025-08-25T12:46:54.903+0000] {dag.py:3239} INFO - Sync 1 DAGs
[2025-08-25T12:46:54.921+0000] {logging_mixin.py:190} INFO - [2025-08-25T12:46:54.921+0000] {dag.py:4180} INFO - Setting next_dagrun for example_sensors to None, run_after=None
[2025-08-25T12:46:54.949+0000] {processor.py:208} INFO - Processing /home/airflow/.local/lib/python3.12/site-packages/airflow/example_dags/example_sensors.py took 0.104 seconds
[2025-08-25T12:47:25.595+0000] {processor.py:186} INFO - Started process (PID=1594) to work on /home/airflow/.local/lib/python3.12/site-packages/airflow/example_dags/example_sensors.py
[2025-08-25T12:47:25.597+0000] {processor.py:914} INFO - Processing file /home/airflow/.local/lib/python3.12/site-packages/airflow/example_dags/example_sensors.py for tasks to queue
[2025-08-25T12:47:25.601+0000] {logging_mixin.py:190} INFO - [2025-08-25T12:47:25.600+0000] {dagbag.py:588} INFO - Filling up the DagBag from /home/airflow/.local/lib/python3.12/site-packages/airflow/example_dags/example_sensors.py
[2025-08-25T12:47:25.617+0000] {processor.py:925} INFO - DAG(s) 'example_sensors' retrieved from /home/airflow/.local/lib/python3.12/site-packages/airflow/example_dags/example_sensors.py
[2025-08-25T12:47:25.654+0000] {logging_mixin.py:190} INFO - [2025-08-25T12:47:25.653+0000] {dag.py:3239} INFO - Sync 1 DAGs
[2025-08-25T12:47:25.673+0000] {logging_mixin.py:190} INFO - [2025-08-25T12:47:25.673+0000] {dag.py:4180} INFO - Setting next_dagrun for example_sensors to None, run_after=None
[2025-08-25T12:47:25.700+0000] {processor.py:208} INFO - Processing /home/airflow/.local/lib/python3.12/site-packages/airflow/example_dags/example_sensors.py took 0.118 seconds
[2025-08-25T12:47:55.977+0000] {processor.py:186} INFO - Started process (PID=1658) to work on /home/airflow/.local/lib/python3.12/site-packages/airflow/example_dags/example_sensors.py
[2025-08-25T12:47:55.978+0000] {processor.py:914} INFO - Processing file /home/airflow/.local/lib/python3.12/site-packages/airflow/example_dags/example_sensors.py for tasks to queue
[2025-08-25T12:47:55.981+0000] {logging_mixin.py:190} INFO - [2025-08-25T12:47:55.980+0000] {dagbag.py:588} INFO - Filling up the DagBag from /home/airflow/.local/lib/python3.12/site-packages/airflow/example_dags/example_sensors.py
[2025-08-25T12:47:55.994+0000] {processor.py:925} INFO - DAG(s) 'example_sensors' retrieved from /home/airflow/.local/lib/python3.12/site-packages/airflow/example_dags/example_sensors.py
[2025-08-25T12:47:56.040+0000] {logging_mixin.py:190} INFO - [2025-08-25T12:47:56.040+0000] {dag.py:3239} INFO - Sync 1 DAGs
[2025-08-25T12:47:56.062+0000] {logging_mixin.py:190} INFO - [2025-08-25T12:47:56.062+0000] {dag.py:4180} INFO - Setting next_dagrun for example_sensors to None, run_after=None
[2025-08-25T12:47:56.087+0000] {processor.py:208} INFO - Processing /home/airflow/.local/lib/python3.12/site-packages/airflow/example_dags/example_sensors.py took 0.118 seconds
[2025-08-25T12:48:26.683+0000] {processor.py:186} INFO - Started process (PID=1722) to work on /home/airflow/.local/lib/python3.12/site-packages/airflow/example_dags/example_sensors.py
[2025-08-25T12:48:26.684+0000] {processor.py:914} INFO - Processing file /home/airflow/.local/lib/python3.12/site-packages/airflow/example_dags/example_sensors.py for tasks to queue
[2025-08-25T12:48:26.687+0000] {logging_mixin.py:190} INFO - [2025-08-25T12:48:26.686+0000] {dagbag.py:588} INFO - Filling up the DagBag from /home/airflow/.local/lib/python3.12/site-packages/airflow/example_dags/example_sensors.py
[2025-08-25T12:48:26.699+0000] {processor.py:925} INFO - DAG(s) 'example_sensors' retrieved from /home/airflow/.local/lib/python3.12/site-packages/airflow/example_dags/example_sensors.py
[2025-08-25T12:48:26.735+0000] {logging_mixin.py:190} INFO - [2025-08-25T12:48:26.735+0000] {dag.py:3239} INFO - Sync 1 DAGs
[2025-08-25T12:48:26.754+0000] {logging_mixin.py:190} INFO - [2025-08-25T12:48:26.754+0000] {dag.py:4180} INFO - Setting next_dagrun for example_sensors to None, run_after=None
[2025-08-25T12:48:26.780+0000] {processor.py:208} INFO - Processing /home/airflow/.local/lib/python3.12/site-packages/airflow/example_dags/example_sensors.py took 0.105 seconds
[2025-08-25T12:48:57.364+0000] {processor.py:186} INFO - Started process (PID=1786) to work on /home/airflow/.local/lib/python3.12/site-packages/airflow/example_dags/example_sensors.py
[2025-08-25T12:48:57.366+0000] {processor.py:914} INFO - Processing file /home/airflow/.local/lib/python3.12/site-packages/airflow/example_dags/example_sensors.py for tasks to queue
[2025-08-25T12:48:57.369+0000] {logging_mixin.py:190} INFO - [2025-08-25T12:48:57.369+0000] {dagbag.py:588} INFO - Filling up the DagBag from /home/airflow/.local/lib/python3.12/site-packages/airflow/example_dags/example_sensors.py
[2025-08-25T12:48:57.383+0000] {processor.py:925} INFO - DAG(s) 'example_sensors' retrieved from /home/airflow/.local/lib/python3.12/site-packages/airflow/example_dags/example_sensors.py
[2025-08-25T12:48:57.420+0000] {logging_mixin.py:190} INFO - [2025-08-25T12:48:57.419+0000] {dag.py:3239} INFO - Sync 1 DAGs
[2025-08-25T12:48:57.441+0000] {logging_mixin.py:190} INFO - [2025-08-25T12:48:57.440+0000] {dag.py:4180} INFO - Setting next_dagrun for example_sensors to None, run_after=None
[2025-08-25T12:48:57.465+0000] {processor.py:208} INFO - Processing /home/airflow/.local/lib/python3.12/site-packages/airflow/example_dags/example_sensors.py took 0.108 seconds
[2025-08-25T12:49:28.378+0000] {processor.py:186} INFO - Started process (PID=1850) to work on /home/airflow/.local/lib/python3.12/site-packages/airflow/example_dags/example_sensors.py
[2025-08-25T12:49:28.380+0000] {processor.py:914} INFO - Processing file /home/airflow/.local/lib/python3.12/site-packages/airflow/example_dags/example_sensors.py for tasks to queue
[2025-08-25T12:49:28.387+0000] {logging_mixin.py:190} INFO - [2025-08-25T12:49:28.386+0000] {dagbag.py:588} INFO - Filling up the DagBag from /home/airflow/.local/lib/python3.12/site-packages/airflow/example_dags/example_sensors.py
[2025-08-25T12:49:28.420+0000] {processor.py:925} INFO - DAG(s) 'example_sensors' retrieved from /home/airflow/.local/lib/python3.12/site-packages/airflow/example_dags/example_sensors.py
[2025-08-25T12:49:28.471+0000] {logging_mixin.py:190} INFO - [2025-08-25T12:49:28.470+0000] {dag.py:3239} INFO - Sync 1 DAGs
[2025-08-25T12:49:28.505+0000] {logging_mixin.py:190} INFO - [2025-08-25T12:49:28.505+0000] {dag.py:4180} INFO - Setting next_dagrun for example_sensors to None, run_after=None
[2025-08-25T12:49:28.537+0000] {processor.py:208} INFO - Processing /home/airflow/.local/lib/python3.12/site-packages/airflow/example_dags/example_sensors.py took 0.176 seconds
[2025-08-25T12:49:59.406+0000] {processor.py:186} INFO - Started process (PID=1920) to work on /home/airflow/.local/lib/python3.12/site-packages/airflow/example_dags/example_sensors.py
[2025-08-25T12:49:59.407+0000] {processor.py:914} INFO - Processing file /home/airflow/.local/lib/python3.12/site-packages/airflow/example_dags/example_sensors.py for tasks to queue
[2025-08-25T12:49:59.410+0000] {logging_mixin.py:190} INFO - [2025-08-25T12:49:59.409+0000] {dagbag.py:588} INFO - Filling up the DagBag from /home/airflow/.local/lib/python3.12/site-packages/airflow/example_dags/example_sensors.py
[2025-08-25T12:49:59.421+0000] {processor.py:925} INFO - DAG(s) 'example_sensors' retrieved from /home/airflow/.local/lib/python3.12/site-packages/airflow/example_dags/example_sensors.py
[2025-08-25T12:49:59.460+0000] {logging_mixin.py:190} INFO - [2025-08-25T12:49:59.459+0000] {dag.py:3239} INFO - Sync 1 DAGs
[2025-08-25T12:49:59.478+0000] {logging_mixin.py:190} INFO - [2025-08-25T12:49:59.477+0000] {dag.py:4180} INFO - Setting next_dagrun for example_sensors to None, run_after=None
[2025-08-25T12:49:59.510+0000] {processor.py:208} INFO - Processing /home/airflow/.local/lib/python3.12/site-packages/airflow/example_dags/example_sensors.py took 0.113 seconds
[2025-08-25T12:50:29.949+0000] {processor.py:186} INFO - Started process (PID=1984) to work on /home/airflow/.local/lib/python3.12/site-packages/airflow/example_dags/example_sensors.py
[2025-08-25T12:50:29.950+0000] {processor.py:914} INFO - Processing file /home/airflow/.local/lib/python3.12/site-packages/airflow/example_dags/example_sensors.py for tasks to queue
[2025-08-25T12:50:29.953+0000] {logging_mixin.py:190} INFO - [2025-08-25T12:50:29.953+0000] {dagbag.py:588} INFO - Filling up the DagBag from /home/airflow/.local/lib/python3.12/site-packages/airflow/example_dags/example_sensors.py
[2025-08-25T12:50:29.969+0000] {processor.py:925} INFO - DAG(s) 'example_sensors' retrieved from /home/airflow/.local/lib/python3.12/site-packages/airflow/example_dags/example_sensors.py
[2025-08-25T12:50:30.008+0000] {logging_mixin.py:190} INFO - [2025-08-25T12:50:30.007+0000] {dag.py:3239} INFO - Sync 1 DAGs
[2025-08-25T12:50:30.027+0000] {logging_mixin.py:190} INFO - [2025-08-25T12:50:30.026+0000] {dag.py:4180} INFO - Setting next_dagrun for example_sensors to None, run_after=None
[2025-08-25T12:50:30.045+0000] {processor.py:208} INFO - Processing /home/airflow/.local/lib/python3.12/site-packages/airflow/example_dags/example_sensors.py took 0.107 seconds
[2025-08-25T12:51:00.762+0000] {processor.py:186} INFO - Started process (PID=2048) to work on /home/airflow/.local/lib/python3.12/site-packages/airflow/example_dags/example_sensors.py
[2025-08-25T12:51:00.764+0000] {processor.py:914} INFO - Processing file /home/airflow/.local/lib/python3.12/site-packages/airflow/example_dags/example_sensors.py for tasks to queue
[2025-08-25T12:51:00.768+0000] {logging_mixin.py:190} INFO - [2025-08-25T12:51:00.767+0000] {dagbag.py:588} INFO - Filling up the DagBag from /home/airflow/.local/lib/python3.12/site-packages/airflow/example_dags/example_sensors.py
[2025-08-25T12:51:00.790+0000] {processor.py:925} INFO - DAG(s) 'example_sensors' retrieved from /home/airflow/.local/lib/python3.12/site-packages/airflow/example_dags/example_sensors.py
[2025-08-25T12:51:00.851+0000] {logging_mixin.py:190} INFO - [2025-08-25T12:51:00.850+0000] {dag.py:3239} INFO - Sync 1 DAGs
[2025-08-25T12:51:00.880+0000] {logging_mixin.py:190} INFO - [2025-08-25T12:51:00.879+0000] {dag.py:4180} INFO - Setting next_dagrun for example_sensors to None, run_after=None
[2025-08-25T12:51:00.928+0000] {processor.py:208} INFO - Processing /home/airflow/.local/lib/python3.12/site-packages/airflow/example_dags/example_sensors.py took 0.178 seconds
[2025-08-25T12:51:31.673+0000] {processor.py:186} INFO - Started process (PID=2112) to work on /home/airflow/.local/lib/python3.12/site-packages/airflow/example_dags/example_sensors.py
[2025-08-25T12:51:31.675+0000] {processor.py:914} INFO - Processing file /home/airflow/.local/lib/python3.12/site-packages/airflow/example_dags/example_sensors.py for tasks to queue
[2025-08-25T12:51:31.677+0000] {logging_mixin.py:190} INFO - [2025-08-25T12:51:31.677+0000] {dagbag.py:588} INFO - Filling up the DagBag from /home/airflow/.local/lib/python3.12/site-packages/airflow/example_dags/example_sensors.py
[2025-08-25T12:51:31.691+0000] {processor.py:925} INFO - DAG(s) 'example_sensors' retrieved from /home/airflow/.local/lib/python3.12/site-packages/airflow/example_dags/example_sensors.py
[2025-08-25T12:51:31.732+0000] {logging_mixin.py:190} INFO - [2025-08-25T12:51:31.732+0000] {dag.py:3239} INFO - Sync 1 DAGs
[2025-08-25T12:51:31.756+0000] {logging_mixin.py:190} INFO - [2025-08-25T12:51:31.755+0000] {dag.py:4180} INFO - Setting next_dagrun for example_sensors to None, run_after=None
[2025-08-25T12:51:31.786+0000] {processor.py:208} INFO - Processing /home/airflow/.local/lib/python3.12/site-packages/airflow/example_dags/example_sensors.py took 0.122 seconds
[2025-08-25T12:52:02.153+0000] {processor.py:186} INFO - Started process (PID=2175) to work on /home/airflow/.local/lib/python3.12/site-packages/airflow/example_dags/example_sensors.py
[2025-08-25T12:52:02.154+0000] {processor.py:914} INFO - Processing file /home/airflow/.local/lib/python3.12/site-packages/airflow/example_dags/example_sensors.py for tasks to queue
[2025-08-25T12:52:02.157+0000] {logging_mixin.py:190} INFO - [2025-08-25T12:52:02.157+0000] {dagbag.py:588} INFO - Filling up the DagBag from /home/airflow/.local/lib/python3.12/site-packages/airflow/example_dags/example_sensors.py
[2025-08-25T12:52:02.171+0000] {processor.py:925} INFO - DAG(s) 'example_sensors' retrieved from /home/airflow/.local/lib/python3.12/site-packages/airflow/example_dags/example_sensors.py
[2025-08-25T12:52:02.207+0000] {logging_mixin.py:190} INFO - [2025-08-25T12:52:02.207+0000] {dag.py:3239} INFO - Sync 1 DAGs
[2025-08-25T12:52:02.227+0000] {logging_mixin.py:190} INFO - [2025-08-25T12:52:02.226+0000] {dag.py:4180} INFO - Setting next_dagrun for example_sensors to None, run_after=None
[2025-08-25T12:52:02.254+0000] {processor.py:208} INFO - Processing /home/airflow/.local/lib/python3.12/site-packages/airflow/example_dags/example_sensors.py took 0.110 seconds
[2025-08-25T12:52:33.673+0000] {processor.py:186} INFO - Started process (PID=2239) to work on /home/airflow/.local/lib/python3.12/site-packages/airflow/example_dags/example_sensors.py
[2025-08-25T12:52:33.675+0000] {processor.py:914} INFO - Processing file /home/airflow/.local/lib/python3.12/site-packages/airflow/example_dags/example_sensors.py for tasks to queue
[2025-08-25T12:52:33.679+0000] {logging_mixin.py:190} INFO - [2025-08-25T12:52:33.679+0000] {dagbag.py:588} INFO - Filling up the DagBag from /home/airflow/.local/lib/python3.12/site-packages/airflow/example_dags/example_sensors.py
[2025-08-25T12:52:33.698+0000] {processor.py:925} INFO - DAG(s) 'example_sensors' retrieved from /home/airflow/.local/lib/python3.12/site-packages/airflow/example_dags/example_sensors.py
[2025-08-25T12:52:33.752+0000] {logging_mixin.py:190} INFO - [2025-08-25T12:52:33.751+0000] {dag.py:3239} INFO - Sync 1 DAGs
[2025-08-25T12:52:33.782+0000] {logging_mixin.py:190} INFO - [2025-08-25T12:52:33.781+0000] {dag.py:4180} INFO - Setting next_dagrun for example_sensors to None, run_after=None
[2025-08-25T12:52:33.819+0000] {processor.py:208} INFO - Processing /home/airflow/.local/lib/python3.12/site-packages/airflow/example_dags/example_sensors.py took 0.158 seconds
[2025-08-25T12:53:04.750+0000] {processor.py:186} INFO - Started process (PID=2303) to work on /home/airflow/.local/lib/python3.12/site-packages/airflow/example_dags/example_sensors.py
[2025-08-25T12:53:04.752+0000] {processor.py:914} INFO - Processing file /home/airflow/.local/lib/python3.12/site-packages/airflow/example_dags/example_sensors.py for tasks to queue
[2025-08-25T12:53:04.755+0000] {logging_mixin.py:190} INFO - [2025-08-25T12:53:04.755+0000] {dagbag.py:588} INFO - Filling up the DagBag from /home/airflow/.local/lib/python3.12/site-packages/airflow/example_dags/example_sensors.py
[2025-08-25T12:53:04.779+0000] {processor.py:925} INFO - DAG(s) 'example_sensors' retrieved from /home/airflow/.local/lib/python3.12/site-packages/airflow/example_dags/example_sensors.py
[2025-08-25T12:53:04.826+0000] {logging_mixin.py:190} INFO - [2025-08-25T12:53:04.825+0000] {dag.py:3239} INFO - Sync 1 DAGs
[2025-08-25T12:53:04.853+0000] {logging_mixin.py:190} INFO - [2025-08-25T12:53:04.852+0000] {dag.py:4180} INFO - Setting next_dagrun for example_sensors to None, run_after=None
[2025-08-25T12:53:04.893+0000] {processor.py:208} INFO - Processing /home/airflow/.local/lib/python3.12/site-packages/airflow/example_dags/example_sensors.py took 0.155 seconds
[2025-08-25T12:53:35.463+0000] {processor.py:186} INFO - Started process (PID=2367) to work on /home/airflow/.local/lib/python3.12/site-packages/airflow/example_dags/example_sensors.py
[2025-08-25T12:53:35.465+0000] {processor.py:914} INFO - Processing file /home/airflow/.local/lib/python3.12/site-packages/airflow/example_dags/example_sensors.py for tasks to queue
[2025-08-25T12:53:35.468+0000] {logging_mixin.py:190} INFO - [2025-08-25T12:53:35.468+0000] {dagbag.py:588} INFO - Filling up the DagBag from /home/airflow/.local/lib/python3.12/site-packages/airflow/example_dags/example_sensors.py
[2025-08-25T12:53:35.480+0000] {processor.py:925} INFO - DAG(s) 'example_sensors' retrieved from /home/airflow/.local/lib/python3.12/site-packages/airflow/example_dags/example_sensors.py
[2025-08-25T12:53:35.511+0000] {logging_mixin.py:190} INFO - [2025-08-25T12:53:35.511+0000] {dag.py:3239} INFO - Sync 1 DAGs
[2025-08-25T12:53:35.526+0000] {logging_mixin.py:190} INFO - [2025-08-25T12:53:35.526+0000] {dag.py:4180} INFO - Setting next_dagrun for example_sensors to None, run_after=None
[2025-08-25T12:53:35.547+0000] {processor.py:208} INFO - Processing /home/airflow/.local/lib/python3.12/site-packages/airflow/example_dags/example_sensors.py took 0.094 seconds
[2025-08-25T12:54:05.785+0000] {processor.py:186} INFO - Started process (PID=2430) to work on /home/airflow/.local/lib/python3.12/site-packages/airflow/example_dags/example_sensors.py
[2025-08-25T12:54:05.786+0000] {processor.py:914} INFO - Processing file /home/airflow/.local/lib/python3.12/site-packages/airflow/example_dags/example_sensors.py for tasks to queue
[2025-08-25T12:54:05.788+0000] {logging_mixin.py:190} INFO - [2025-08-25T12:54:05.788+0000] {dagbag.py:588} INFO - Filling up the DagBag from /home/airflow/.local/lib/python3.12/site-packages/airflow/example_dags/example_sensors.py
[2025-08-25T12:54:05.802+0000] {processor.py:925} INFO - DAG(s) 'example_sensors' retrieved from /home/airflow/.local/lib/python3.12/site-packages/airflow/example_dags/example_sensors.py
[2025-08-25T12:54:05.836+0000] {logging_mixin.py:190} INFO - [2025-08-25T12:54:05.836+0000] {dag.py:3239} INFO - Sync 1 DAGs
[2025-08-25T12:54:05.853+0000] {logging_mixin.py:190} INFO - [2025-08-25T12:54:05.852+0000] {dag.py:4180} INFO - Setting next_dagrun for example_sensors to None, run_after=None
[2025-08-25T12:54:05.880+0000] {processor.py:208} INFO - Processing /home/airflow/.local/lib/python3.12/site-packages/airflow/example_dags/example_sensors.py took 0.104 seconds
[2025-08-25T12:54:36.221+0000] {processor.py:186} INFO - Started process (PID=2494) to work on /home/airflow/.local/lib/python3.12/site-packages/airflow/example_dags/example_sensors.py
[2025-08-25T12:54:36.222+0000] {processor.py:914} INFO - Processing file /home/airflow/.local/lib/python3.12/site-packages/airflow/example_dags/example_sensors.py for tasks to queue
[2025-08-25T12:54:36.226+0000] {logging_mixin.py:190} INFO - [2025-08-25T12:54:36.226+0000] {dagbag.py:588} INFO - Filling up the DagBag from /home/airflow/.local/lib/python3.12/site-packages/airflow/example_dags/example_sensors.py
[2025-08-25T12:54:36.244+0000] {processor.py:925} INFO - DAG(s) 'example_sensors' retrieved from /home/airflow/.local/lib/python3.12/site-packages/airflow/example_dags/example_sensors.py
[2025-08-25T12:54:36.283+0000] {logging_mixin.py:190} INFO - [2025-08-25T12:54:36.282+0000] {dag.py:3239} INFO - Sync 1 DAGs
[2025-08-25T12:54:36.300+0000] {logging_mixin.py:190} INFO - [2025-08-25T12:54:36.300+0000] {dag.py:4180} INFO - Setting next_dagrun for example_sensors to None, run_after=None
[2025-08-25T12:54:36.324+0000] {processor.py:208} INFO - Processing /home/airflow/.local/lib/python3.12/site-packages/airflow/example_dags/example_sensors.py took 0.116 seconds
[2025-08-25T12:55:07.021+0000] {processor.py:186} INFO - Started process (PID=2558) to work on /home/airflow/.local/lib/python3.12/site-packages/airflow/example_dags/example_sensors.py
[2025-08-25T12:55:07.022+0000] {processor.py:914} INFO - Processing file /home/airflow/.local/lib/python3.12/site-packages/airflow/example_dags/example_sensors.py for tasks to queue
[2025-08-25T12:55:07.025+0000] {logging_mixin.py:190} INFO - [2025-08-25T12:55:07.024+0000] {dagbag.py:588} INFO - Filling up the DagBag from /home/airflow/.local/lib/python3.12/site-packages/airflow/example_dags/example_sensors.py
[2025-08-25T12:55:07.037+0000] {processor.py:925} INFO - DAG(s) 'example_sensors' retrieved from /home/airflow/.local/lib/python3.12/site-packages/airflow/example_dags/example_sensors.py
[2025-08-25T12:55:07.074+0000] {logging_mixin.py:190} INFO - [2025-08-25T12:55:07.074+0000] {dag.py:3239} INFO - Sync 1 DAGs
[2025-08-25T12:55:07.092+0000] {logging_mixin.py:190} INFO - [2025-08-25T12:55:07.091+0000] {dag.py:4180} INFO - Setting next_dagrun for example_sensors to None, run_after=None
[2025-08-25T12:55:07.117+0000] {processor.py:208} INFO - Processing /home/airflow/.local/lib/python3.12/site-packages/airflow/example_dags/example_sensors.py took 0.103 seconds
[2025-08-25T12:55:37.340+0000] {processor.py:186} INFO - Started process (PID=2622) to work on /home/airflow/.local/lib/python3.12/site-packages/airflow/example_dags/example_sensors.py
[2025-08-25T12:55:37.341+0000] {processor.py:914} INFO - Processing file /home/airflow/.local/lib/python3.12/site-packages/airflow/example_dags/example_sensors.py for tasks to queue
[2025-08-25T12:55:37.343+0000] {logging_mixin.py:190} INFO - [2025-08-25T12:55:37.343+0000] {dagbag.py:588} INFO - Filling up the DagBag from /home/airflow/.local/lib/python3.12/site-packages/airflow/example_dags/example_sensors.py
[2025-08-25T12:55:37.355+0000] {processor.py:925} INFO - DAG(s) 'example_sensors' retrieved from /home/airflow/.local/lib/python3.12/site-packages/airflow/example_dags/example_sensors.py
[2025-08-25T12:55:37.391+0000] {logging_mixin.py:190} INFO - [2025-08-25T12:55:37.391+0000] {dag.py:3239} INFO - Sync 1 DAGs
[2025-08-25T12:55:37.408+0000] {logging_mixin.py:190} INFO - [2025-08-25T12:55:37.407+0000] {dag.py:4180} INFO - Setting next_dagrun for example_sensors to None, run_after=None
[2025-08-25T12:55:37.436+0000] {processor.py:208} INFO - Processing /home/airflow/.local/lib/python3.12/site-packages/airflow/example_dags/example_sensors.py took 0.103 seconds
[2025-08-25T12:56:08.634+0000] {processor.py:186} INFO - Started process (PID=2686) to work on /home/airflow/.local/lib/python3.12/site-packages/airflow/example_dags/example_sensors.py
[2025-08-25T12:56:08.636+0000] {processor.py:914} INFO - Processing file /home/airflow/.local/lib/python3.12/site-packages/airflow/example_dags/example_sensors.py for tasks to queue
[2025-08-25T12:56:08.639+0000] {logging_mixin.py:190} INFO - [2025-08-25T12:56:08.639+0000] {dagbag.py:588} INFO - Filling up the DagBag from /home/airflow/.local/lib/python3.12/site-packages/airflow/example_dags/example_sensors.py
[2025-08-25T12:56:08.658+0000] {processor.py:925} INFO - DAG(s) 'example_sensors' retrieved from /home/airflow/.local/lib/python3.12/site-packages/airflow/example_dags/example_sensors.py
[2025-08-25T12:56:08.697+0000] {logging_mixin.py:190} INFO - [2025-08-25T12:56:08.697+0000] {dag.py:3239} INFO - Sync 1 DAGs
[2025-08-25T12:56:08.713+0000] {logging_mixin.py:190} INFO - [2025-08-25T12:56:08.713+0000] {dag.py:4180} INFO - Setting next_dagrun for example_sensors to None, run_after=None
[2025-08-25T12:56:08.731+0000] {processor.py:208} INFO - Processing /home/airflow/.local/lib/python3.12/site-packages/airflow/example_dags/example_sensors.py took 0.107 seconds
[2025-08-25T12:56:39.812+0000] {processor.py:186} INFO - Started process (PID=2750) to work on /home/airflow/.local/lib/python3.12/site-packages/airflow/example_dags/example_sensors.py
[2025-08-25T12:56:39.813+0000] {processor.py:914} INFO - Processing file /home/airflow/.local/lib/python3.12/site-packages/airflow/example_dags/example_sensors.py for tasks to queue
[2025-08-25T12:56:39.815+0000] {logging_mixin.py:190} INFO - [2025-08-25T12:56:39.815+0000] {dagbag.py:588} INFO - Filling up the DagBag from /home/airflow/.local/lib/python3.12/site-packages/airflow/example_dags/example_sensors.py
[2025-08-25T12:56:39.827+0000] {processor.py:925} INFO - DAG(s) 'example_sensors' retrieved from /home/airflow/.local/lib/python3.12/site-packages/airflow/example_dags/example_sensors.py
[2025-08-25T12:56:39.859+0000] {logging_mixin.py:190} INFO - [2025-08-25T12:56:39.859+0000] {dag.py:3239} INFO - Sync 1 DAGs
[2025-08-25T12:56:39.874+0000] {logging_mixin.py:190} INFO - [2025-08-25T12:56:39.874+0000] {dag.py:4180} INFO - Setting next_dagrun for example_sensors to None, run_after=None
[2025-08-25T12:56:39.898+0000] {processor.py:208} INFO - Processing /home/airflow/.local/lib/python3.12/site-packages/airflow/example_dags/example_sensors.py took 0.093 seconds
