[2025-08-25T12:35:29.904+0000] {processor.py:186} INFO - Started process (PID=73) to work on /home/airflow/.local/lib/python3.12/site-packages/airflow/example_dags/example_external_task_marker_dag.py
[2025-08-25T12:35:29.904+0000] {processor.py:914} INFO - Processing file /home/airflow/.local/lib/python3.12/site-packages/airflow/example_dags/example_external_task_marker_dag.py for tasks to queue
[2025-08-25T12:35:29.907+0000] {logging_mixin.py:190} INFO - [2025-08-25T12:35:29.906+0000] {dagbag.py:588} INFO - Filling up the DagBag from /home/airflow/.local/lib/python3.12/site-packages/airflow/example_dags/example_external_task_marker_dag.py
[2025-08-25T12:35:29.916+0000] {processor.py:925} INFO - DAG(s) 'example_external_task_marker_child', 'example_external_task_marker_parent' retrieved from /home/airflow/.local/lib/python3.12/site-packages/airflow/example_dags/example_external_task_marker_dag.py
[2025-08-25T12:35:30.159+0000] {logging_mixin.py:190} INFO - [2025-08-25T12:35:30.157+0000] {override.py:1900} INFO - Created Permission View: can read on DAG:example_external_task_marker_child
[2025-08-25T12:35:30.202+0000] {logging_mixin.py:190} INFO - [2025-08-25T12:35:30.201+0000] {override.py:1900} INFO - Created Permission View: can delete on DAG:example_external_task_marker_child
[2025-08-25T12:35:30.221+0000] {logging_mixin.py:190} INFO - [2025-08-25T12:35:30.220+0000] {override.py:1900} INFO - Created Permission View: can edit on DAG:example_external_task_marker_child
[2025-08-25T12:35:30.239+0000] {logging_mixin.py:190} INFO - [2025-08-25T12:35:30.238+0000] {override.py:1900} INFO - Created Permission View: can read on DAG Run:example_external_task_marker_child
[2025-08-25T12:35:30.257+0000] {logging_mixin.py:190} INFO - [2025-08-25T12:35:30.256+0000] {override.py:1900} INFO - Created Permission View: menu access on DAG Run:example_external_task_marker_child
[2025-08-25T12:35:30.271+0000] {logging_mixin.py:190} INFO - [2025-08-25T12:35:30.271+0000] {override.py:1900} INFO - Created Permission View: can delete on DAG Run:example_external_task_marker_child
[2025-08-25T12:35:30.287+0000] {logging_mixin.py:190} INFO - [2025-08-25T12:35:30.286+0000] {override.py:1900} INFO - Created Permission View: can create on DAG Run:example_external_task_marker_child
[2025-08-25T12:35:30.313+0000] {logging_mixin.py:190} INFO - [2025-08-25T12:35:30.312+0000] {override.py:1900} INFO - Created Permission View: can read on DAG:example_external_task_marker_parent
[2025-08-25T12:35:30.325+0000] {logging_mixin.py:190} INFO - [2025-08-25T12:35:30.324+0000] {override.py:1900} INFO - Created Permission View: can delete on DAG:example_external_task_marker_parent
[2025-08-25T12:35:30.336+0000] {logging_mixin.py:190} INFO - [2025-08-25T12:35:30.336+0000] {override.py:1900} INFO - Created Permission View: can edit on DAG:example_external_task_marker_parent
[2025-08-25T12:35:30.350+0000] {logging_mixin.py:190} INFO - [2025-08-25T12:35:30.349+0000] {override.py:1900} INFO - Created Permission View: can read on DAG Run:example_external_task_marker_parent
[2025-08-25T12:35:30.366+0000] {logging_mixin.py:190} INFO - [2025-08-25T12:35:30.366+0000] {override.py:1900} INFO - Created Permission View: menu access on DAG Run:example_external_task_marker_parent
[2025-08-25T12:35:30.382+0000] {logging_mixin.py:190} INFO - [2025-08-25T12:35:30.381+0000] {override.py:1900} INFO - Created Permission View: can delete on DAG Run:example_external_task_marker_parent
[2025-08-25T12:35:30.396+0000] {logging_mixin.py:190} INFO - [2025-08-25T12:35:30.395+0000] {override.py:1900} INFO - Created Permission View: can create on DAG Run:example_external_task_marker_parent
[2025-08-25T12:35:30.397+0000] {logging_mixin.py:190} INFO - [2025-08-25T12:35:30.396+0000] {dag.py:3239} INFO - Sync 2 DAGs
[2025-08-25T12:35:30.425+0000] {logging_mixin.py:190} INFO - [2025-08-25T12:35:30.424+0000] {dag.py:3262} INFO - Creating ORM DAG for example_external_task_marker_child
[2025-08-25T12:35:30.426+0000] {logging_mixin.py:190} INFO - [2025-08-25T12:35:30.426+0000] {dag.py:3262} INFO - Creating ORM DAG for example_external_task_marker_parent
[2025-08-25T12:35:30.428+0000] {logging_mixin.py:190} INFO - [2025-08-25T12:35:30.427+0000] {dag.py:4180} INFO - Setting next_dagrun for example_external_task_marker_child to None, run_after=None
[2025-08-25T12:35:30.429+0000] {logging_mixin.py:190} INFO - [2025-08-25T12:35:30.429+0000] {dag.py:4180} INFO - Setting next_dagrun for example_external_task_marker_parent to None, run_after=None
[2025-08-25T12:35:30.464+0000] {processor.py:208} INFO - Processing /home/airflow/.local/lib/python3.12/site-packages/airflow/example_dags/example_external_task_marker_dag.py took 0.568 seconds
[2025-08-25T12:36:00.561+0000] {processor.py:186} INFO - Started process (PID=137) to work on /home/airflow/.local/lib/python3.12/site-packages/airflow/example_dags/example_external_task_marker_dag.py
[2025-08-25T12:36:00.563+0000] {processor.py:914} INFO - Processing file /home/airflow/.local/lib/python3.12/site-packages/airflow/example_dags/example_external_task_marker_dag.py for tasks to queue
[2025-08-25T12:36:00.567+0000] {logging_mixin.py:190} INFO - [2025-08-25T12:36:00.567+0000] {dagbag.py:588} INFO - Filling up the DagBag from /home/airflow/.local/lib/python3.12/site-packages/airflow/example_dags/example_external_task_marker_dag.py
[2025-08-25T12:36:00.579+0000] {processor.py:925} INFO - DAG(s) 'example_external_task_marker_child', 'example_external_task_marker_parent' retrieved from /home/airflow/.local/lib/python3.12/site-packages/airflow/example_dags/example_external_task_marker_dag.py
[2025-08-25T12:36:00.613+0000] {logging_mixin.py:190} INFO - [2025-08-25T12:36:00.613+0000] {dag.py:3239} INFO - Sync 2 DAGs
[2025-08-25T12:36:00.631+0000] {logging_mixin.py:190} INFO - [2025-08-25T12:36:00.630+0000] {dag.py:4180} INFO - Setting next_dagrun for example_external_task_marker_child to None, run_after=None
[2025-08-25T12:36:00.636+0000] {logging_mixin.py:190} INFO - [2025-08-25T12:36:00.636+0000] {dag.py:4180} INFO - Setting next_dagrun for example_external_task_marker_parent to None, run_after=None
[2025-08-25T12:36:00.659+0000] {processor.py:208} INFO - Processing /home/airflow/.local/lib/python3.12/site-packages/airflow/example_dags/example_external_task_marker_dag.py took 0.109 seconds
[2025-08-25T12:36:31.263+0000] {processor.py:186} INFO - Started process (PID=201) to work on /home/airflow/.local/lib/python3.12/site-packages/airflow/example_dags/example_external_task_marker_dag.py
[2025-08-25T12:36:31.265+0000] {processor.py:914} INFO - Processing file /home/airflow/.local/lib/python3.12/site-packages/airflow/example_dags/example_external_task_marker_dag.py for tasks to queue
[2025-08-25T12:36:31.267+0000] {logging_mixin.py:190} INFO - [2025-08-25T12:36:31.267+0000] {dagbag.py:588} INFO - Filling up the DagBag from /home/airflow/.local/lib/python3.12/site-packages/airflow/example_dags/example_external_task_marker_dag.py
[2025-08-25T12:36:31.275+0000] {processor.py:925} INFO - DAG(s) 'example_external_task_marker_child', 'example_external_task_marker_parent' retrieved from /home/airflow/.local/lib/python3.12/site-packages/airflow/example_dags/example_external_task_marker_dag.py
[2025-08-25T12:36:31.311+0000] {logging_mixin.py:190} INFO - [2025-08-25T12:36:31.310+0000] {dag.py:3239} INFO - Sync 2 DAGs
[2025-08-25T12:36:31.335+0000] {logging_mixin.py:190} INFO - [2025-08-25T12:36:31.334+0000] {dag.py:4180} INFO - Setting next_dagrun for example_external_task_marker_child to None, run_after=None
[2025-08-25T12:36:31.341+0000] {logging_mixin.py:190} INFO - [2025-08-25T12:36:31.341+0000] {dag.py:4180} INFO - Setting next_dagrun for example_external_task_marker_parent to None, run_after=None
[2025-08-25T12:36:31.363+0000] {processor.py:208} INFO - Processing /home/airflow/.local/lib/python3.12/site-packages/airflow/example_dags/example_external_task_marker_dag.py took 0.108 seconds
[2025-08-25T12:37:02.146+0000] {processor.py:186} INFO - Started process (PID=265) to work on /home/airflow/.local/lib/python3.12/site-packages/airflow/example_dags/example_external_task_marker_dag.py
[2025-08-25T12:37:02.148+0000] {processor.py:914} INFO - Processing file /home/airflow/.local/lib/python3.12/site-packages/airflow/example_dags/example_external_task_marker_dag.py for tasks to queue
[2025-08-25T12:37:02.153+0000] {logging_mixin.py:190} INFO - [2025-08-25T12:37:02.152+0000] {dagbag.py:588} INFO - Filling up the DagBag from /home/airflow/.local/lib/python3.12/site-packages/airflow/example_dags/example_external_task_marker_dag.py
[2025-08-25T12:37:02.166+0000] {processor.py:925} INFO - DAG(s) 'example_external_task_marker_child', 'example_external_task_marker_parent' retrieved from /home/airflow/.local/lib/python3.12/site-packages/airflow/example_dags/example_external_task_marker_dag.py
[2025-08-25T12:37:02.206+0000] {logging_mixin.py:190} INFO - [2025-08-25T12:37:02.206+0000] {dag.py:3239} INFO - Sync 2 DAGs
[2025-08-25T12:37:02.229+0000] {logging_mixin.py:190} INFO - [2025-08-25T12:37:02.229+0000] {dag.py:4180} INFO - Setting next_dagrun for example_external_task_marker_child to None, run_after=None
[2025-08-25T12:37:02.235+0000] {logging_mixin.py:190} INFO - [2025-08-25T12:37:02.235+0000] {dag.py:4180} INFO - Setting next_dagrun for example_external_task_marker_parent to None, run_after=None
[2025-08-25T12:37:02.255+0000] {processor.py:208} INFO - Processing /home/airflow/.local/lib/python3.12/site-packages/airflow/example_dags/example_external_task_marker_dag.py took 0.121 seconds
[2025-08-25T12:37:33.077+0000] {processor.py:186} INFO - Started process (PID=329) to work on /home/airflow/.local/lib/python3.12/site-packages/airflow/example_dags/example_external_task_marker_dag.py
[2025-08-25T12:37:33.079+0000] {processor.py:914} INFO - Processing file /home/airflow/.local/lib/python3.12/site-packages/airflow/example_dags/example_external_task_marker_dag.py for tasks to queue
[2025-08-25T12:37:33.082+0000] {logging_mixin.py:190} INFO - [2025-08-25T12:37:33.082+0000] {dagbag.py:588} INFO - Filling up the DagBag from /home/airflow/.local/lib/python3.12/site-packages/airflow/example_dags/example_external_task_marker_dag.py
[2025-08-25T12:37:33.092+0000] {processor.py:925} INFO - DAG(s) 'example_external_task_marker_parent', 'example_external_task_marker_child' retrieved from /home/airflow/.local/lib/python3.12/site-packages/airflow/example_dags/example_external_task_marker_dag.py
[2025-08-25T12:37:33.131+0000] {logging_mixin.py:190} INFO - [2025-08-25T12:37:33.131+0000] {dag.py:3239} INFO - Sync 2 DAGs
[2025-08-25T12:37:33.152+0000] {logging_mixin.py:190} INFO - [2025-08-25T12:37:33.151+0000] {dag.py:4180} INFO - Setting next_dagrun for example_external_task_marker_child to None, run_after=None
[2025-08-25T12:37:33.158+0000] {logging_mixin.py:190} INFO - [2025-08-25T12:37:33.157+0000] {dag.py:4180} INFO - Setting next_dagrun for example_external_task_marker_parent to None, run_after=None
[2025-08-25T12:37:33.180+0000] {processor.py:208} INFO - Processing /home/airflow/.local/lib/python3.12/site-packages/airflow/example_dags/example_external_task_marker_dag.py took 0.110 seconds
[2025-08-25T12:38:04.043+0000] {processor.py:186} INFO - Started process (PID=393) to work on /home/airflow/.local/lib/python3.12/site-packages/airflow/example_dags/example_external_task_marker_dag.py
[2025-08-25T12:38:04.044+0000] {processor.py:914} INFO - Processing file /home/airflow/.local/lib/python3.12/site-packages/airflow/example_dags/example_external_task_marker_dag.py for tasks to queue
[2025-08-25T12:38:04.047+0000] {logging_mixin.py:190} INFO - [2025-08-25T12:38:04.046+0000] {dagbag.py:588} INFO - Filling up the DagBag from /home/airflow/.local/lib/python3.12/site-packages/airflow/example_dags/example_external_task_marker_dag.py
[2025-08-25T12:38:04.054+0000] {processor.py:925} INFO - DAG(s) 'example_external_task_marker_parent', 'example_external_task_marker_child' retrieved from /home/airflow/.local/lib/python3.12/site-packages/airflow/example_dags/example_external_task_marker_dag.py
[2025-08-25T12:38:04.093+0000] {logging_mixin.py:190} INFO - [2025-08-25T12:38:04.092+0000] {dag.py:3239} INFO - Sync 2 DAGs
[2025-08-25T12:38:04.113+0000] {logging_mixin.py:190} INFO - [2025-08-25T12:38:04.112+0000] {dag.py:4180} INFO - Setting next_dagrun for example_external_task_marker_child to None, run_after=None
[2025-08-25T12:38:04.120+0000] {logging_mixin.py:190} INFO - [2025-08-25T12:38:04.119+0000] {dag.py:4180} INFO - Setting next_dagrun for example_external_task_marker_parent to None, run_after=None
[2025-08-25T12:38:04.141+0000] {processor.py:208} INFO - Processing /home/airflow/.local/lib/python3.12/site-packages/airflow/example_dags/example_external_task_marker_dag.py took 0.104 seconds
[2025-08-25T12:38:34.883+0000] {processor.py:186} INFO - Started process (PID=457) to work on /home/airflow/.local/lib/python3.12/site-packages/airflow/example_dags/example_external_task_marker_dag.py
[2025-08-25T12:38:34.885+0000] {processor.py:914} INFO - Processing file /home/airflow/.local/lib/python3.12/site-packages/airflow/example_dags/example_external_task_marker_dag.py for tasks to queue
[2025-08-25T12:38:34.889+0000] {logging_mixin.py:190} INFO - [2025-08-25T12:38:34.888+0000] {dagbag.py:588} INFO - Filling up the DagBag from /home/airflow/.local/lib/python3.12/site-packages/airflow/example_dags/example_external_task_marker_dag.py
[2025-08-25T12:38:34.900+0000] {processor.py:925} INFO - DAG(s) 'example_external_task_marker_child', 'example_external_task_marker_parent' retrieved from /home/airflow/.local/lib/python3.12/site-packages/airflow/example_dags/example_external_task_marker_dag.py
[2025-08-25T12:38:34.934+0000] {logging_mixin.py:190} INFO - [2025-08-25T12:38:34.933+0000] {dag.py:3239} INFO - Sync 2 DAGs
[2025-08-25T12:38:34.956+0000] {logging_mixin.py:190} INFO - [2025-08-25T12:38:34.955+0000] {dag.py:4180} INFO - Setting next_dagrun for example_external_task_marker_child to None, run_after=None
[2025-08-25T12:38:34.963+0000] {logging_mixin.py:190} INFO - [2025-08-25T12:38:34.963+0000] {dag.py:4180} INFO - Setting next_dagrun for example_external_task_marker_parent to None, run_after=None
[2025-08-25T12:38:34.985+0000] {processor.py:208} INFO - Processing /home/airflow/.local/lib/python3.12/site-packages/airflow/example_dags/example_external_task_marker_dag.py took 0.111 seconds
[2025-08-25T12:39:05.422+0000] {processor.py:186} INFO - Started process (PID=521) to work on /home/airflow/.local/lib/python3.12/site-packages/airflow/example_dags/example_external_task_marker_dag.py
[2025-08-25T12:39:05.424+0000] {processor.py:914} INFO - Processing file /home/airflow/.local/lib/python3.12/site-packages/airflow/example_dags/example_external_task_marker_dag.py for tasks to queue
[2025-08-25T12:39:05.427+0000] {logging_mixin.py:190} INFO - [2025-08-25T12:39:05.427+0000] {dagbag.py:588} INFO - Filling up the DagBag from /home/airflow/.local/lib/python3.12/site-packages/airflow/example_dags/example_external_task_marker_dag.py
[2025-08-25T12:39:05.437+0000] {processor.py:925} INFO - DAG(s) 'example_external_task_marker_parent', 'example_external_task_marker_child' retrieved from /home/airflow/.local/lib/python3.12/site-packages/airflow/example_dags/example_external_task_marker_dag.py
[2025-08-25T12:39:05.472+0000] {logging_mixin.py:190} INFO - [2025-08-25T12:39:05.472+0000] {dag.py:3239} INFO - Sync 2 DAGs
[2025-08-25T12:39:05.491+0000] {logging_mixin.py:190} INFO - [2025-08-25T12:39:05.490+0000] {dag.py:4180} INFO - Setting next_dagrun for example_external_task_marker_child to None, run_after=None
[2025-08-25T12:39:05.495+0000] {logging_mixin.py:190} INFO - [2025-08-25T12:39:05.495+0000] {dag.py:4180} INFO - Setting next_dagrun for example_external_task_marker_parent to None, run_after=None
[2025-08-25T12:39:05.517+0000] {processor.py:208} INFO - Processing /home/airflow/.local/lib/python3.12/site-packages/airflow/example_dags/example_external_task_marker_dag.py took 0.105 seconds
[2025-08-25T12:39:35.775+0000] {processor.py:186} INFO - Started process (PID=585) to work on /home/airflow/.local/lib/python3.12/site-packages/airflow/example_dags/example_external_task_marker_dag.py
[2025-08-25T12:39:35.777+0000] {processor.py:914} INFO - Processing file /home/airflow/.local/lib/python3.12/site-packages/airflow/example_dags/example_external_task_marker_dag.py for tasks to queue
[2025-08-25T12:39:35.781+0000] {logging_mixin.py:190} INFO - [2025-08-25T12:39:35.780+0000] {dagbag.py:588} INFO - Filling up the DagBag from /home/airflow/.local/lib/python3.12/site-packages/airflow/example_dags/example_external_task_marker_dag.py
[2025-08-25T12:39:35.790+0000] {processor.py:925} INFO - DAG(s) 'example_external_task_marker_child', 'example_external_task_marker_parent' retrieved from /home/airflow/.local/lib/python3.12/site-packages/airflow/example_dags/example_external_task_marker_dag.py
[2025-08-25T12:39:35.828+0000] {logging_mixin.py:190} INFO - [2025-08-25T12:39:35.827+0000] {dag.py:3239} INFO - Sync 2 DAGs
[2025-08-25T12:39:35.845+0000] {logging_mixin.py:190} INFO - [2025-08-25T12:39:35.845+0000] {dag.py:4180} INFO - Setting next_dagrun for example_external_task_marker_child to None, run_after=None
[2025-08-25T12:39:35.850+0000] {logging_mixin.py:190} INFO - [2025-08-25T12:39:35.849+0000] {dag.py:4180} INFO - Setting next_dagrun for example_external_task_marker_parent to None, run_after=None
[2025-08-25T12:39:35.871+0000] {processor.py:208} INFO - Processing /home/airflow/.local/lib/python3.12/site-packages/airflow/example_dags/example_external_task_marker_dag.py took 0.104 seconds
[2025-08-25T12:40:06.155+0000] {processor.py:186} INFO - Started process (PID=649) to work on /home/airflow/.local/lib/python3.12/site-packages/airflow/example_dags/example_external_task_marker_dag.py
[2025-08-25T12:40:06.157+0000] {processor.py:914} INFO - Processing file /home/airflow/.local/lib/python3.12/site-packages/airflow/example_dags/example_external_task_marker_dag.py for tasks to queue
[2025-08-25T12:40:06.162+0000] {logging_mixin.py:190} INFO - [2025-08-25T12:40:06.161+0000] {dagbag.py:588} INFO - Filling up the DagBag from /home/airflow/.local/lib/python3.12/site-packages/airflow/example_dags/example_external_task_marker_dag.py
[2025-08-25T12:40:06.177+0000] {processor.py:925} INFO - DAG(s) 'example_external_task_marker_child', 'example_external_task_marker_parent' retrieved from /home/airflow/.local/lib/python3.12/site-packages/airflow/example_dags/example_external_task_marker_dag.py
[2025-08-25T12:40:06.217+0000] {logging_mixin.py:190} INFO - [2025-08-25T12:40:06.217+0000] {dag.py:3239} INFO - Sync 2 DAGs
[2025-08-25T12:40:06.237+0000] {logging_mixin.py:190} INFO - [2025-08-25T12:40:06.237+0000] {dag.py:4180} INFO - Setting next_dagrun for example_external_task_marker_child to None, run_after=None
[2025-08-25T12:40:06.241+0000] {logging_mixin.py:190} INFO - [2025-08-25T12:40:06.241+0000] {dag.py:4180} INFO - Setting next_dagrun for example_external_task_marker_parent to None, run_after=None
[2025-08-25T12:40:06.260+0000] {processor.py:208} INFO - Processing /home/airflow/.local/lib/python3.12/site-packages/airflow/example_dags/example_external_task_marker_dag.py took 0.118 seconds
[2025-08-25T12:40:36.681+0000] {processor.py:186} INFO - Started process (PID=713) to work on /home/airflow/.local/lib/python3.12/site-packages/airflow/example_dags/example_external_task_marker_dag.py
[2025-08-25T12:40:36.684+0000] {processor.py:914} INFO - Processing file /home/airflow/.local/lib/python3.12/site-packages/airflow/example_dags/example_external_task_marker_dag.py for tasks to queue
[2025-08-25T12:40:36.688+0000] {logging_mixin.py:190} INFO - [2025-08-25T12:40:36.687+0000] {dagbag.py:588} INFO - Filling up the DagBag from /home/airflow/.local/lib/python3.12/site-packages/airflow/example_dags/example_external_task_marker_dag.py
[2025-08-25T12:40:36.699+0000] {processor.py:925} INFO - DAG(s) 'example_external_task_marker_parent', 'example_external_task_marker_child' retrieved from /home/airflow/.local/lib/python3.12/site-packages/airflow/example_dags/example_external_task_marker_dag.py
[2025-08-25T12:40:36.735+0000] {logging_mixin.py:190} INFO - [2025-08-25T12:40:36.734+0000] {dag.py:3239} INFO - Sync 2 DAGs
[2025-08-25T12:40:36.753+0000] {logging_mixin.py:190} INFO - [2025-08-25T12:40:36.752+0000] {dag.py:4180} INFO - Setting next_dagrun for example_external_task_marker_child to None, run_after=None
[2025-08-25T12:40:36.757+0000] {logging_mixin.py:190} INFO - [2025-08-25T12:40:36.757+0000] {dag.py:4180} INFO - Setting next_dagrun for example_external_task_marker_parent to None, run_after=None
[2025-08-25T12:40:36.777+0000] {processor.py:208} INFO - Processing /home/airflow/.local/lib/python3.12/site-packages/airflow/example_dags/example_external_task_marker_dag.py took 0.105 seconds
[2025-08-25T12:41:07.600+0000] {processor.py:186} INFO - Started process (PID=780) to work on /home/airflow/.local/lib/python3.12/site-packages/airflow/example_dags/example_external_task_marker_dag.py
[2025-08-25T12:41:07.603+0000] {processor.py:914} INFO - Processing file /home/airflow/.local/lib/python3.12/site-packages/airflow/example_dags/example_external_task_marker_dag.py for tasks to queue
[2025-08-25T12:41:07.611+0000] {logging_mixin.py:190} INFO - [2025-08-25T12:41:07.609+0000] {dagbag.py:588} INFO - Filling up the DagBag from /home/airflow/.local/lib/python3.12/site-packages/airflow/example_dags/example_external_task_marker_dag.py
[2025-08-25T12:41:07.635+0000] {processor.py:925} INFO - DAG(s) 'example_external_task_marker_parent', 'example_external_task_marker_child' retrieved from /home/airflow/.local/lib/python3.12/site-packages/airflow/example_dags/example_external_task_marker_dag.py
[2025-08-25T12:41:07.705+0000] {logging_mixin.py:190} INFO - [2025-08-25T12:41:07.704+0000] {dag.py:3239} INFO - Sync 2 DAGs
[2025-08-25T12:41:07.752+0000] {logging_mixin.py:190} INFO - [2025-08-25T12:41:07.752+0000] {dag.py:4180} INFO - Setting next_dagrun for example_external_task_marker_child to None, run_after=None
[2025-08-25T12:41:07.761+0000] {logging_mixin.py:190} INFO - [2025-08-25T12:41:07.761+0000] {dag.py:4180} INFO - Setting next_dagrun for example_external_task_marker_parent to None, run_after=None
[2025-08-25T12:41:07.801+0000] {processor.py:208} INFO - Processing /home/airflow/.local/lib/python3.12/site-packages/airflow/example_dags/example_external_task_marker_dag.py took 0.218 seconds
[2025-08-25T12:41:38.237+0000] {processor.py:186} INFO - Started process (PID=844) to work on /home/airflow/.local/lib/python3.12/site-packages/airflow/example_dags/example_external_task_marker_dag.py
[2025-08-25T12:41:38.238+0000] {processor.py:914} INFO - Processing file /home/airflow/.local/lib/python3.12/site-packages/airflow/example_dags/example_external_task_marker_dag.py for tasks to queue
[2025-08-25T12:41:38.242+0000] {logging_mixin.py:190} INFO - [2025-08-25T12:41:38.241+0000] {dagbag.py:588} INFO - Filling up the DagBag from /home/airflow/.local/lib/python3.12/site-packages/airflow/example_dags/example_external_task_marker_dag.py
[2025-08-25T12:41:38.256+0000] {processor.py:925} INFO - DAG(s) 'example_external_task_marker_child', 'example_external_task_marker_parent' retrieved from /home/airflow/.local/lib/python3.12/site-packages/airflow/example_dags/example_external_task_marker_dag.py
[2025-08-25T12:41:38.293+0000] {logging_mixin.py:190} INFO - [2025-08-25T12:41:38.293+0000] {dag.py:3239} INFO - Sync 2 DAGs
[2025-08-25T12:41:38.310+0000] {logging_mixin.py:190} INFO - [2025-08-25T12:41:38.310+0000] {dag.py:4180} INFO - Setting next_dagrun for example_external_task_marker_child to None, run_after=None
[2025-08-25T12:41:38.316+0000] {logging_mixin.py:190} INFO - [2025-08-25T12:41:38.316+0000] {dag.py:4180} INFO - Setting next_dagrun for example_external_task_marker_parent to None, run_after=None
[2025-08-25T12:41:38.337+0000] {processor.py:208} INFO - Processing /home/airflow/.local/lib/python3.12/site-packages/airflow/example_dags/example_external_task_marker_dag.py took 0.110 seconds
[2025-08-25T12:42:08.686+0000] {processor.py:186} INFO - Started process (PID=908) to work on /home/airflow/.local/lib/python3.12/site-packages/airflow/example_dags/example_external_task_marker_dag.py
[2025-08-25T12:42:08.688+0000] {processor.py:914} INFO - Processing file /home/airflow/.local/lib/python3.12/site-packages/airflow/example_dags/example_external_task_marker_dag.py for tasks to queue
[2025-08-25T12:42:08.694+0000] {logging_mixin.py:190} INFO - [2025-08-25T12:42:08.693+0000] {dagbag.py:588} INFO - Filling up the DagBag from /home/airflow/.local/lib/python3.12/site-packages/airflow/example_dags/example_external_task_marker_dag.py
[2025-08-25T12:42:08.714+0000] {processor.py:925} INFO - DAG(s) 'example_external_task_marker_parent', 'example_external_task_marker_child' retrieved from /home/airflow/.local/lib/python3.12/site-packages/airflow/example_dags/example_external_task_marker_dag.py
[2025-08-25T12:42:08.774+0000] {logging_mixin.py:190} INFO - [2025-08-25T12:42:08.773+0000] {dag.py:3239} INFO - Sync 2 DAGs
[2025-08-25T12:42:08.803+0000] {logging_mixin.py:190} INFO - [2025-08-25T12:42:08.803+0000] {dag.py:4180} INFO - Setting next_dagrun for example_external_task_marker_child to None, run_after=None
[2025-08-25T12:42:08.811+0000] {logging_mixin.py:190} INFO - [2025-08-25T12:42:08.810+0000] {dag.py:4180} INFO - Setting next_dagrun for example_external_task_marker_parent to None, run_after=None
[2025-08-25T12:42:08.840+0000] {processor.py:208} INFO - Processing /home/airflow/.local/lib/python3.12/site-packages/airflow/example_dags/example_external_task_marker_dag.py took 0.167 seconds
[2025-08-25T12:42:39.611+0000] {processor.py:186} INFO - Started process (PID=972) to work on /home/airflow/.local/lib/python3.12/site-packages/airflow/example_dags/example_external_task_marker_dag.py
[2025-08-25T12:42:39.612+0000] {processor.py:914} INFO - Processing file /home/airflow/.local/lib/python3.12/site-packages/airflow/example_dags/example_external_task_marker_dag.py for tasks to queue
[2025-08-25T12:42:39.616+0000] {logging_mixin.py:190} INFO - [2025-08-25T12:42:39.616+0000] {dagbag.py:588} INFO - Filling up the DagBag from /home/airflow/.local/lib/python3.12/site-packages/airflow/example_dags/example_external_task_marker_dag.py
[2025-08-25T12:42:39.626+0000] {processor.py:925} INFO - DAG(s) 'example_external_task_marker_parent', 'example_external_task_marker_child' retrieved from /home/airflow/.local/lib/python3.12/site-packages/airflow/example_dags/example_external_task_marker_dag.py
[2025-08-25T12:42:39.662+0000] {logging_mixin.py:190} INFO - [2025-08-25T12:42:39.661+0000] {dag.py:3239} INFO - Sync 2 DAGs
[2025-08-25T12:42:39.680+0000] {logging_mixin.py:190} INFO - [2025-08-25T12:42:39.680+0000] {dag.py:4180} INFO - Setting next_dagrun for example_external_task_marker_child to None, run_after=None
[2025-08-25T12:42:39.686+0000] {logging_mixin.py:190} INFO - [2025-08-25T12:42:39.685+0000] {dag.py:4180} INFO - Setting next_dagrun for example_external_task_marker_parent to None, run_after=None
[2025-08-25T12:42:39.708+0000] {processor.py:208} INFO - Processing /home/airflow/.local/lib/python3.12/site-packages/airflow/example_dags/example_external_task_marker_dag.py took 0.104 seconds
[2025-08-25T12:43:10.287+0000] {processor.py:186} INFO - Started process (PID=1036) to work on /home/airflow/.local/lib/python3.12/site-packages/airflow/example_dags/example_external_task_marker_dag.py
[2025-08-25T12:43:10.289+0000] {processor.py:914} INFO - Processing file /home/airflow/.local/lib/python3.12/site-packages/airflow/example_dags/example_external_task_marker_dag.py for tasks to queue
[2025-08-25T12:43:10.293+0000] {logging_mixin.py:190} INFO - [2025-08-25T12:43:10.292+0000] {dagbag.py:588} INFO - Filling up the DagBag from /home/airflow/.local/lib/python3.12/site-packages/airflow/example_dags/example_external_task_marker_dag.py
[2025-08-25T12:43:10.304+0000] {processor.py:925} INFO - DAG(s) 'example_external_task_marker_parent', 'example_external_task_marker_child' retrieved from /home/airflow/.local/lib/python3.12/site-packages/airflow/example_dags/example_external_task_marker_dag.py
[2025-08-25T12:43:10.341+0000] {logging_mixin.py:190} INFO - [2025-08-25T12:43:10.340+0000] {dag.py:3239} INFO - Sync 2 DAGs
[2025-08-25T12:43:10.358+0000] {logging_mixin.py:190} INFO - [2025-08-25T12:43:10.358+0000] {dag.py:4180} INFO - Setting next_dagrun for example_external_task_marker_child to None, run_after=None
[2025-08-25T12:43:10.363+0000] {logging_mixin.py:190} INFO - [2025-08-25T12:43:10.363+0000] {dag.py:4180} INFO - Setting next_dagrun for example_external_task_marker_parent to None, run_after=None
[2025-08-25T12:43:10.386+0000] {processor.py:208} INFO - Processing /home/airflow/.local/lib/python3.12/site-packages/airflow/example_dags/example_external_task_marker_dag.py took 0.108 seconds
[2025-08-25T12:43:41.151+0000] {processor.py:186} INFO - Started process (PID=1100) to work on /home/airflow/.local/lib/python3.12/site-packages/airflow/example_dags/example_external_task_marker_dag.py
[2025-08-25T12:43:41.152+0000] {processor.py:914} INFO - Processing file /home/airflow/.local/lib/python3.12/site-packages/airflow/example_dags/example_external_task_marker_dag.py for tasks to queue
[2025-08-25T12:43:41.154+0000] {logging_mixin.py:190} INFO - [2025-08-25T12:43:41.154+0000] {dagbag.py:588} INFO - Filling up the DagBag from /home/airflow/.local/lib/python3.12/site-packages/airflow/example_dags/example_external_task_marker_dag.py
[2025-08-25T12:43:41.162+0000] {processor.py:925} INFO - DAG(s) 'example_external_task_marker_child', 'example_external_task_marker_parent' retrieved from /home/airflow/.local/lib/python3.12/site-packages/airflow/example_dags/example_external_task_marker_dag.py
[2025-08-25T12:43:41.206+0000] {logging_mixin.py:190} INFO - [2025-08-25T12:43:41.205+0000] {dag.py:3239} INFO - Sync 2 DAGs
[2025-08-25T12:43:41.237+0000] {logging_mixin.py:190} INFO - [2025-08-25T12:43:41.236+0000] {dag.py:4180} INFO - Setting next_dagrun for example_external_task_marker_child to None, run_after=None
[2025-08-25T12:43:41.244+0000] {logging_mixin.py:190} INFO - [2025-08-25T12:43:41.244+0000] {dag.py:4180} INFO - Setting next_dagrun for example_external_task_marker_parent to None, run_after=None
[2025-08-25T12:43:41.274+0000] {processor.py:208} INFO - Processing /home/airflow/.local/lib/python3.12/site-packages/airflow/example_dags/example_external_task_marker_dag.py took 0.133 seconds
[2025-08-25T12:44:11.702+0000] {processor.py:186} INFO - Started process (PID=1164) to work on /home/airflow/.local/lib/python3.12/site-packages/airflow/example_dags/example_external_task_marker_dag.py
[2025-08-25T12:44:11.704+0000] {processor.py:914} INFO - Processing file /home/airflow/.local/lib/python3.12/site-packages/airflow/example_dags/example_external_task_marker_dag.py for tasks to queue
[2025-08-25T12:44:11.710+0000] {logging_mixin.py:190} INFO - [2025-08-25T12:44:11.709+0000] {dagbag.py:588} INFO - Filling up the DagBag from /home/airflow/.local/lib/python3.12/site-packages/airflow/example_dags/example_external_task_marker_dag.py
[2025-08-25T12:44:11.727+0000] {processor.py:925} INFO - DAG(s) 'example_external_task_marker_child', 'example_external_task_marker_parent' retrieved from /home/airflow/.local/lib/python3.12/site-packages/airflow/example_dags/example_external_task_marker_dag.py
[2025-08-25T12:44:11.773+0000] {logging_mixin.py:190} INFO - [2025-08-25T12:44:11.772+0000] {dag.py:3239} INFO - Sync 2 DAGs
[2025-08-25T12:44:11.799+0000] {logging_mixin.py:190} INFO - [2025-08-25T12:44:11.799+0000] {dag.py:4180} INFO - Setting next_dagrun for example_external_task_marker_child to None, run_after=None
[2025-08-25T12:44:11.803+0000] {logging_mixin.py:190} INFO - [2025-08-25T12:44:11.803+0000] {dag.py:4180} INFO - Setting next_dagrun for example_external_task_marker_parent to None, run_after=None
[2025-08-25T12:44:11.832+0000] {processor.py:208} INFO - Processing /home/airflow/.local/lib/python3.12/site-packages/airflow/example_dags/example_external_task_marker_dag.py took 0.147 seconds
[2025-08-25T12:44:42.026+0000] {processor.py:186} INFO - Started process (PID=1228) to work on /home/airflow/.local/lib/python3.12/site-packages/airflow/example_dags/example_external_task_marker_dag.py
[2025-08-25T12:44:42.028+0000] {processor.py:914} INFO - Processing file /home/airflow/.local/lib/python3.12/site-packages/airflow/example_dags/example_external_task_marker_dag.py for tasks to queue
[2025-08-25T12:44:42.033+0000] {logging_mixin.py:190} INFO - [2025-08-25T12:44:42.032+0000] {dagbag.py:588} INFO - Filling up the DagBag from /home/airflow/.local/lib/python3.12/site-packages/airflow/example_dags/example_external_task_marker_dag.py
[2025-08-25T12:44:42.044+0000] {processor.py:925} INFO - DAG(s) 'example_external_task_marker_child', 'example_external_task_marker_parent' retrieved from /home/airflow/.local/lib/python3.12/site-packages/airflow/example_dags/example_external_task_marker_dag.py
[2025-08-25T12:44:42.081+0000] {logging_mixin.py:190} INFO - [2025-08-25T12:44:42.080+0000] {dag.py:3239} INFO - Sync 2 DAGs
[2025-08-25T12:44:42.105+0000] {logging_mixin.py:190} INFO - [2025-08-25T12:44:42.105+0000] {dag.py:4180} INFO - Setting next_dagrun for example_external_task_marker_child to None, run_after=None
[2025-08-25T12:44:42.112+0000] {logging_mixin.py:190} INFO - [2025-08-25T12:44:42.112+0000] {dag.py:4180} INFO - Setting next_dagrun for example_external_task_marker_parent to None, run_after=None
[2025-08-25T12:44:42.144+0000] {processor.py:208} INFO - Processing /home/airflow/.local/lib/python3.12/site-packages/airflow/example_dags/example_external_task_marker_dag.py took 0.129 seconds
[2025-08-25T12:45:12.779+0000] {processor.py:186} INFO - Started process (PID=1292) to work on /home/airflow/.local/lib/python3.12/site-packages/airflow/example_dags/example_external_task_marker_dag.py
[2025-08-25T12:45:12.780+0000] {processor.py:914} INFO - Processing file /home/airflow/.local/lib/python3.12/site-packages/airflow/example_dags/example_external_task_marker_dag.py for tasks to queue
[2025-08-25T12:45:12.783+0000] {logging_mixin.py:190} INFO - [2025-08-25T12:45:12.783+0000] {dagbag.py:588} INFO - Filling up the DagBag from /home/airflow/.local/lib/python3.12/site-packages/airflow/example_dags/example_external_task_marker_dag.py
[2025-08-25T12:45:12.793+0000] {processor.py:925} INFO - DAG(s) 'example_external_task_marker_child', 'example_external_task_marker_parent' retrieved from /home/airflow/.local/lib/python3.12/site-packages/airflow/example_dags/example_external_task_marker_dag.py
[2025-08-25T12:45:12.827+0000] {logging_mixin.py:190} INFO - [2025-08-25T12:45:12.827+0000] {dag.py:3239} INFO - Sync 2 DAGs
[2025-08-25T12:45:12.845+0000] {logging_mixin.py:190} INFO - [2025-08-25T12:45:12.844+0000] {dag.py:4180} INFO - Setting next_dagrun for example_external_task_marker_child to None, run_after=None
[2025-08-25T12:45:12.849+0000] {logging_mixin.py:190} INFO - [2025-08-25T12:45:12.849+0000] {dag.py:4180} INFO - Setting next_dagrun for example_external_task_marker_parent to None, run_after=None
[2025-08-25T12:45:12.867+0000] {processor.py:208} INFO - Processing /home/airflow/.local/lib/python3.12/site-packages/airflow/example_dags/example_external_task_marker_dag.py took 0.097 seconds
[2025-08-25T12:45:43.197+0000] {processor.py:186} INFO - Started process (PID=1356) to work on /home/airflow/.local/lib/python3.12/site-packages/airflow/example_dags/example_external_task_marker_dag.py
[2025-08-25T12:45:43.198+0000] {processor.py:914} INFO - Processing file /home/airflow/.local/lib/python3.12/site-packages/airflow/example_dags/example_external_task_marker_dag.py for tasks to queue
[2025-08-25T12:45:43.202+0000] {logging_mixin.py:190} INFO - [2025-08-25T12:45:43.202+0000] {dagbag.py:588} INFO - Filling up the DagBag from /home/airflow/.local/lib/python3.12/site-packages/airflow/example_dags/example_external_task_marker_dag.py
[2025-08-25T12:45:43.220+0000] {processor.py:925} INFO - DAG(s) 'example_external_task_marker_child', 'example_external_task_marker_parent' retrieved from /home/airflow/.local/lib/python3.12/site-packages/airflow/example_dags/example_external_task_marker_dag.py
[2025-08-25T12:45:43.267+0000] {logging_mixin.py:190} INFO - [2025-08-25T12:45:43.266+0000] {dag.py:3239} INFO - Sync 2 DAGs
[2025-08-25T12:45:43.289+0000] {logging_mixin.py:190} INFO - [2025-08-25T12:45:43.289+0000] {dag.py:4180} INFO - Setting next_dagrun for example_external_task_marker_child to None, run_after=None
[2025-08-25T12:45:43.294+0000] {logging_mixin.py:190} INFO - [2025-08-25T12:45:43.293+0000] {dag.py:4180} INFO - Setting next_dagrun for example_external_task_marker_parent to None, run_after=None
[2025-08-25T12:45:43.312+0000] {processor.py:208} INFO - Processing /home/airflow/.local/lib/python3.12/site-packages/airflow/example_dags/example_external_task_marker_dag.py took 0.126 seconds
[2025-08-25T12:46:13.467+0000] {processor.py:186} INFO - Started process (PID=1420) to work on /home/airflow/.local/lib/python3.12/site-packages/airflow/example_dags/example_external_task_marker_dag.py
[2025-08-25T12:46:13.468+0000] {processor.py:914} INFO - Processing file /home/airflow/.local/lib/python3.12/site-packages/airflow/example_dags/example_external_task_marker_dag.py for tasks to queue
[2025-08-25T12:46:13.473+0000] {logging_mixin.py:190} INFO - [2025-08-25T12:46:13.472+0000] {dagbag.py:588} INFO - Filling up the DagBag from /home/airflow/.local/lib/python3.12/site-packages/airflow/example_dags/example_external_task_marker_dag.py
[2025-08-25T12:46:13.487+0000] {processor.py:925} INFO - DAG(s) 'example_external_task_marker_parent', 'example_external_task_marker_child' retrieved from /home/airflow/.local/lib/python3.12/site-packages/airflow/example_dags/example_external_task_marker_dag.py
[2025-08-25T12:46:13.526+0000] {logging_mixin.py:190} INFO - [2025-08-25T12:46:13.525+0000] {dag.py:3239} INFO - Sync 2 DAGs
[2025-08-25T12:46:13.550+0000] {logging_mixin.py:190} INFO - [2025-08-25T12:46:13.550+0000] {dag.py:4180} INFO - Setting next_dagrun for example_external_task_marker_child to None, run_after=None
[2025-08-25T12:46:13.557+0000] {logging_mixin.py:190} INFO - [2025-08-25T12:46:13.556+0000] {dag.py:4180} INFO - Setting next_dagrun for example_external_task_marker_parent to None, run_after=None
[2025-08-25T12:46:13.580+0000] {processor.py:208} INFO - Processing /home/airflow/.local/lib/python3.12/site-packages/airflow/example_dags/example_external_task_marker_dag.py took 0.123 seconds
[2025-08-25T12:46:44.463+0000] {processor.py:186} INFO - Started process (PID=1484) to work on /home/airflow/.local/lib/python3.12/site-packages/airflow/example_dags/example_external_task_marker_dag.py
[2025-08-25T12:46:44.465+0000] {processor.py:914} INFO - Processing file /home/airflow/.local/lib/python3.12/site-packages/airflow/example_dags/example_external_task_marker_dag.py for tasks to queue
[2025-08-25T12:46:44.469+0000] {logging_mixin.py:190} INFO - [2025-08-25T12:46:44.469+0000] {dagbag.py:588} INFO - Filling up the DagBag from /home/airflow/.local/lib/python3.12/site-packages/airflow/example_dags/example_external_task_marker_dag.py
[2025-08-25T12:46:44.483+0000] {processor.py:925} INFO - DAG(s) 'example_external_task_marker_child', 'example_external_task_marker_parent' retrieved from /home/airflow/.local/lib/python3.12/site-packages/airflow/example_dags/example_external_task_marker_dag.py
[2025-08-25T12:46:44.519+0000] {logging_mixin.py:190} INFO - [2025-08-25T12:46:44.519+0000] {dag.py:3239} INFO - Sync 2 DAGs
[2025-08-25T12:46:44.541+0000] {logging_mixin.py:190} INFO - [2025-08-25T12:46:44.541+0000] {dag.py:4180} INFO - Setting next_dagrun for example_external_task_marker_child to None, run_after=None
[2025-08-25T12:46:44.547+0000] {logging_mixin.py:190} INFO - [2025-08-25T12:46:44.547+0000] {dag.py:4180} INFO - Setting next_dagrun for example_external_task_marker_parent to None, run_after=None
[2025-08-25T12:46:44.569+0000] {processor.py:208} INFO - Processing /home/airflow/.local/lib/python3.12/site-packages/airflow/example_dags/example_external_task_marker_dag.py took 0.116 seconds
[2025-08-25T12:47:14.838+0000] {processor.py:186} INFO - Started process (PID=1548) to work on /home/airflow/.local/lib/python3.12/site-packages/airflow/example_dags/example_external_task_marker_dag.py
[2025-08-25T12:47:14.839+0000] {processor.py:914} INFO - Processing file /home/airflow/.local/lib/python3.12/site-packages/airflow/example_dags/example_external_task_marker_dag.py for tasks to queue
[2025-08-25T12:47:14.844+0000] {logging_mixin.py:190} INFO - [2025-08-25T12:47:14.843+0000] {dagbag.py:588} INFO - Filling up the DagBag from /home/airflow/.local/lib/python3.12/site-packages/airflow/example_dags/example_external_task_marker_dag.py
[2025-08-25T12:47:14.859+0000] {processor.py:925} INFO - DAG(s) 'example_external_task_marker_child', 'example_external_task_marker_parent' retrieved from /home/airflow/.local/lib/python3.12/site-packages/airflow/example_dags/example_external_task_marker_dag.py
[2025-08-25T12:47:14.904+0000] {logging_mixin.py:190} INFO - [2025-08-25T12:47:14.903+0000] {dag.py:3239} INFO - Sync 2 DAGs
[2025-08-25T12:47:14.934+0000] {logging_mixin.py:190} INFO - [2025-08-25T12:47:14.933+0000] {dag.py:4180} INFO - Setting next_dagrun for example_external_task_marker_child to None, run_after=None
[2025-08-25T12:47:14.941+0000] {logging_mixin.py:190} INFO - [2025-08-25T12:47:14.940+0000] {dag.py:4180} INFO - Setting next_dagrun for example_external_task_marker_parent to None, run_after=None
[2025-08-25T12:47:14.969+0000] {processor.py:208} INFO - Processing /home/airflow/.local/lib/python3.12/site-packages/airflow/example_dags/example_external_task_marker_dag.py took 0.142 seconds
[2025-08-25T12:47:45.430+0000] {processor.py:186} INFO - Started process (PID=1612) to work on /home/airflow/.local/lib/python3.12/site-packages/airflow/example_dags/example_external_task_marker_dag.py
[2025-08-25T12:47:45.431+0000] {processor.py:914} INFO - Processing file /home/airflow/.local/lib/python3.12/site-packages/airflow/example_dags/example_external_task_marker_dag.py for tasks to queue
[2025-08-25T12:47:45.435+0000] {logging_mixin.py:190} INFO - [2025-08-25T12:47:45.434+0000] {dagbag.py:588} INFO - Filling up the DagBag from /home/airflow/.local/lib/python3.12/site-packages/airflow/example_dags/example_external_task_marker_dag.py
[2025-08-25T12:47:45.444+0000] {processor.py:925} INFO - DAG(s) 'example_external_task_marker_parent', 'example_external_task_marker_child' retrieved from /home/airflow/.local/lib/python3.12/site-packages/airflow/example_dags/example_external_task_marker_dag.py
[2025-08-25T12:47:45.485+0000] {logging_mixin.py:190} INFO - [2025-08-25T12:47:45.485+0000] {dag.py:3239} INFO - Sync 2 DAGs
[2025-08-25T12:47:45.518+0000] {logging_mixin.py:190} INFO - [2025-08-25T12:47:45.518+0000] {dag.py:4180} INFO - Setting next_dagrun for example_external_task_marker_child to None, run_after=None
[2025-08-25T12:47:45.526+0000] {logging_mixin.py:190} INFO - [2025-08-25T12:47:45.526+0000] {dag.py:4180} INFO - Setting next_dagrun for example_external_task_marker_parent to None, run_after=None
[2025-08-25T12:47:45.554+0000] {processor.py:208} INFO - Processing /home/airflow/.local/lib/python3.12/site-packages/airflow/example_dags/example_external_task_marker_dag.py took 0.130 seconds
[2025-08-25T12:48:15.753+0000] {processor.py:186} INFO - Started process (PID=1676) to work on /home/airflow/.local/lib/python3.12/site-packages/airflow/example_dags/example_external_task_marker_dag.py
[2025-08-25T12:48:15.754+0000] {processor.py:914} INFO - Processing file /home/airflow/.local/lib/python3.12/site-packages/airflow/example_dags/example_external_task_marker_dag.py for tasks to queue
[2025-08-25T12:48:15.757+0000] {logging_mixin.py:190} INFO - [2025-08-25T12:48:15.757+0000] {dagbag.py:588} INFO - Filling up the DagBag from /home/airflow/.local/lib/python3.12/site-packages/airflow/example_dags/example_external_task_marker_dag.py
[2025-08-25T12:48:15.767+0000] {processor.py:925} INFO - DAG(s) 'example_external_task_marker_child', 'example_external_task_marker_parent' retrieved from /home/airflow/.local/lib/python3.12/site-packages/airflow/example_dags/example_external_task_marker_dag.py
[2025-08-25T12:48:15.800+0000] {logging_mixin.py:190} INFO - [2025-08-25T12:48:15.799+0000] {dag.py:3239} INFO - Sync 2 DAGs
[2025-08-25T12:48:15.824+0000] {logging_mixin.py:190} INFO - [2025-08-25T12:48:15.823+0000] {dag.py:4180} INFO - Setting next_dagrun for example_external_task_marker_child to None, run_after=None
[2025-08-25T12:48:15.833+0000] {logging_mixin.py:190} INFO - [2025-08-25T12:48:15.832+0000] {dag.py:4180} INFO - Setting next_dagrun for example_external_task_marker_parent to None, run_after=None
[2025-08-25T12:48:15.867+0000] {processor.py:208} INFO - Processing /home/airflow/.local/lib/python3.12/site-packages/airflow/example_dags/example_external_task_marker_dag.py took 0.121 seconds
[2025-08-25T12:48:46.483+0000] {processor.py:186} INFO - Started process (PID=1740) to work on /home/airflow/.local/lib/python3.12/site-packages/airflow/example_dags/example_external_task_marker_dag.py
[2025-08-25T12:48:46.484+0000] {processor.py:914} INFO - Processing file /home/airflow/.local/lib/python3.12/site-packages/airflow/example_dags/example_external_task_marker_dag.py for tasks to queue
[2025-08-25T12:48:46.488+0000] {logging_mixin.py:190} INFO - [2025-08-25T12:48:46.487+0000] {dagbag.py:588} INFO - Filling up the DagBag from /home/airflow/.local/lib/python3.12/site-packages/airflow/example_dags/example_external_task_marker_dag.py
[2025-08-25T12:48:46.497+0000] {processor.py:925} INFO - DAG(s) 'example_external_task_marker_child', 'example_external_task_marker_parent' retrieved from /home/airflow/.local/lib/python3.12/site-packages/airflow/example_dags/example_external_task_marker_dag.py
[2025-08-25T12:48:46.538+0000] {logging_mixin.py:190} INFO - [2025-08-25T12:48:46.537+0000] {dag.py:3239} INFO - Sync 2 DAGs
[2025-08-25T12:48:46.559+0000] {logging_mixin.py:190} INFO - [2025-08-25T12:48:46.558+0000] {dag.py:4180} INFO - Setting next_dagrun for example_external_task_marker_child to None, run_after=None
[2025-08-25T12:48:46.564+0000] {logging_mixin.py:190} INFO - [2025-08-25T12:48:46.564+0000] {dag.py:4180} INFO - Setting next_dagrun for example_external_task_marker_parent to None, run_after=None
[2025-08-25T12:48:46.598+0000] {processor.py:208} INFO - Processing /home/airflow/.local/lib/python3.12/site-packages/airflow/example_dags/example_external_task_marker_dag.py took 0.122 seconds
[2025-08-25T12:49:16.714+0000] {processor.py:186} INFO - Started process (PID=1804) to work on /home/airflow/.local/lib/python3.12/site-packages/airflow/example_dags/example_external_task_marker_dag.py
[2025-08-25T12:49:16.716+0000] {processor.py:914} INFO - Processing file /home/airflow/.local/lib/python3.12/site-packages/airflow/example_dags/example_external_task_marker_dag.py for tasks to queue
[2025-08-25T12:49:16.720+0000] {logging_mixin.py:190} INFO - [2025-08-25T12:49:16.719+0000] {dagbag.py:588} INFO - Filling up the DagBag from /home/airflow/.local/lib/python3.12/site-packages/airflow/example_dags/example_external_task_marker_dag.py
[2025-08-25T12:49:16.728+0000] {processor.py:925} INFO - DAG(s) 'example_external_task_marker_child', 'example_external_task_marker_parent' retrieved from /home/airflow/.local/lib/python3.12/site-packages/airflow/example_dags/example_external_task_marker_dag.py
[2025-08-25T12:49:16.761+0000] {logging_mixin.py:190} INFO - [2025-08-25T12:49:16.761+0000] {dag.py:3239} INFO - Sync 2 DAGs
[2025-08-25T12:49:16.781+0000] {logging_mixin.py:190} INFO - [2025-08-25T12:49:16.781+0000] {dag.py:4180} INFO - Setting next_dagrun for example_external_task_marker_child to None, run_after=None
[2025-08-25T12:49:16.787+0000] {logging_mixin.py:190} INFO - [2025-08-25T12:49:16.787+0000] {dag.py:4180} INFO - Setting next_dagrun for example_external_task_marker_parent to None, run_after=None
[2025-08-25T12:49:16.810+0000] {processor.py:208} INFO - Processing /home/airflow/.local/lib/python3.12/site-packages/airflow/example_dags/example_external_task_marker_dag.py took 0.106 seconds
[2025-08-25T12:49:47.536+0000] {processor.py:186} INFO - Started process (PID=1868) to work on /home/airflow/.local/lib/python3.12/site-packages/airflow/example_dags/example_external_task_marker_dag.py
[2025-08-25T12:49:47.537+0000] {processor.py:914} INFO - Processing file /home/airflow/.local/lib/python3.12/site-packages/airflow/example_dags/example_external_task_marker_dag.py for tasks to queue
[2025-08-25T12:49:47.539+0000] {logging_mixin.py:190} INFO - [2025-08-25T12:49:47.539+0000] {dagbag.py:588} INFO - Filling up the DagBag from /home/airflow/.local/lib/python3.12/site-packages/airflow/example_dags/example_external_task_marker_dag.py
[2025-08-25T12:49:47.550+0000] {processor.py:925} INFO - DAG(s) 'example_external_task_marker_parent', 'example_external_task_marker_child' retrieved from /home/airflow/.local/lib/python3.12/site-packages/airflow/example_dags/example_external_task_marker_dag.py
[2025-08-25T12:49:47.583+0000] {logging_mixin.py:190} INFO - [2025-08-25T12:49:47.582+0000] {dag.py:3239} INFO - Sync 2 DAGs
[2025-08-25T12:49:47.600+0000] {logging_mixin.py:190} INFO - [2025-08-25T12:49:47.599+0000] {dag.py:4180} INFO - Setting next_dagrun for example_external_task_marker_child to None, run_after=None
[2025-08-25T12:49:47.604+0000] {logging_mixin.py:190} INFO - [2025-08-25T12:49:47.604+0000] {dag.py:4180} INFO - Setting next_dagrun for example_external_task_marker_parent to None, run_after=None
[2025-08-25T12:49:47.622+0000] {processor.py:208} INFO - Processing /home/airflow/.local/lib/python3.12/site-packages/airflow/example_dags/example_external_task_marker_dag.py took 0.093 seconds
[2025-08-25T12:50:18.386+0000] {processor.py:186} INFO - Started process (PID=1932) to work on /home/airflow/.local/lib/python3.12/site-packages/airflow/example_dags/example_external_task_marker_dag.py
[2025-08-25T12:50:18.387+0000] {processor.py:914} INFO - Processing file /home/airflow/.local/lib/python3.12/site-packages/airflow/example_dags/example_external_task_marker_dag.py for tasks to queue
[2025-08-25T12:50:18.392+0000] {logging_mixin.py:190} INFO - [2025-08-25T12:50:18.391+0000] {dagbag.py:588} INFO - Filling up the DagBag from /home/airflow/.local/lib/python3.12/site-packages/airflow/example_dags/example_external_task_marker_dag.py
[2025-08-25T12:50:18.405+0000] {processor.py:925} INFO - DAG(s) 'example_external_task_marker_child', 'example_external_task_marker_parent' retrieved from /home/airflow/.local/lib/python3.12/site-packages/airflow/example_dags/example_external_task_marker_dag.py
[2025-08-25T12:50:18.445+0000] {logging_mixin.py:190} INFO - [2025-08-25T12:50:18.444+0000] {dag.py:3239} INFO - Sync 2 DAGs
[2025-08-25T12:50:18.464+0000] {logging_mixin.py:190} INFO - [2025-08-25T12:50:18.464+0000] {dag.py:4180} INFO - Setting next_dagrun for example_external_task_marker_child to None, run_after=None
[2025-08-25T12:50:18.469+0000] {logging_mixin.py:190} INFO - [2025-08-25T12:50:18.469+0000] {dag.py:4180} INFO - Setting next_dagrun for example_external_task_marker_parent to None, run_after=None
[2025-08-25T12:50:18.492+0000] {processor.py:208} INFO - Processing /home/airflow/.local/lib/python3.12/site-packages/airflow/example_dags/example_external_task_marker_dag.py took 0.115 seconds
[2025-08-25T12:50:49.006+0000] {processor.py:186} INFO - Started process (PID=1996) to work on /home/airflow/.local/lib/python3.12/site-packages/airflow/example_dags/example_external_task_marker_dag.py
[2025-08-25T12:50:49.007+0000] {processor.py:914} INFO - Processing file /home/airflow/.local/lib/python3.12/site-packages/airflow/example_dags/example_external_task_marker_dag.py for tasks to queue
[2025-08-25T12:50:49.010+0000] {logging_mixin.py:190} INFO - [2025-08-25T12:50:49.010+0000] {dagbag.py:588} INFO - Filling up the DagBag from /home/airflow/.local/lib/python3.12/site-packages/airflow/example_dags/example_external_task_marker_dag.py
[2025-08-25T12:50:49.022+0000] {processor.py:925} INFO - DAG(s) 'example_external_task_marker_child', 'example_external_task_marker_parent' retrieved from /home/airflow/.local/lib/python3.12/site-packages/airflow/example_dags/example_external_task_marker_dag.py
[2025-08-25T12:50:49.055+0000] {logging_mixin.py:190} INFO - [2025-08-25T12:50:49.055+0000] {dag.py:3239} INFO - Sync 2 DAGs
[2025-08-25T12:50:49.073+0000] {logging_mixin.py:190} INFO - [2025-08-25T12:50:49.072+0000] {dag.py:4180} INFO - Setting next_dagrun for example_external_task_marker_child to None, run_after=None
[2025-08-25T12:50:49.077+0000] {logging_mixin.py:190} INFO - [2025-08-25T12:50:49.077+0000] {dag.py:4180} INFO - Setting next_dagrun for example_external_task_marker_parent to None, run_after=None
[2025-08-25T12:50:49.098+0000] {processor.py:208} INFO - Processing /home/airflow/.local/lib/python3.12/site-packages/airflow/example_dags/example_external_task_marker_dag.py took 0.100 seconds
[2025-08-25T12:51:19.968+0000] {processor.py:186} INFO - Started process (PID=2060) to work on /home/airflow/.local/lib/python3.12/site-packages/airflow/example_dags/example_external_task_marker_dag.py
[2025-08-25T12:51:19.969+0000] {processor.py:914} INFO - Processing file /home/airflow/.local/lib/python3.12/site-packages/airflow/example_dags/example_external_task_marker_dag.py for tasks to queue
[2025-08-25T12:51:19.973+0000] {logging_mixin.py:190} INFO - [2025-08-25T12:51:19.972+0000] {dagbag.py:588} INFO - Filling up the DagBag from /home/airflow/.local/lib/python3.12/site-packages/airflow/example_dags/example_external_task_marker_dag.py
[2025-08-25T12:51:19.982+0000] {processor.py:925} INFO - DAG(s) 'example_external_task_marker_parent', 'example_external_task_marker_child' retrieved from /home/airflow/.local/lib/python3.12/site-packages/airflow/example_dags/example_external_task_marker_dag.py
[2025-08-25T12:51:20.017+0000] {logging_mixin.py:190} INFO - [2025-08-25T12:51:20.017+0000] {dag.py:3239} INFO - Sync 2 DAGs
[2025-08-25T12:51:20.039+0000] {logging_mixin.py:190} INFO - [2025-08-25T12:51:20.038+0000] {dag.py:4180} INFO - Setting next_dagrun for example_external_task_marker_child to None, run_after=None
[2025-08-25T12:51:20.043+0000] {logging_mixin.py:190} INFO - [2025-08-25T12:51:20.043+0000] {dag.py:4180} INFO - Setting next_dagrun for example_external_task_marker_parent to None, run_after=None
[2025-08-25T12:51:20.071+0000] {processor.py:208} INFO - Processing /home/airflow/.local/lib/python3.12/site-packages/airflow/example_dags/example_external_task_marker_dag.py took 0.110 seconds
[2025-08-25T12:51:50.645+0000] {processor.py:186} INFO - Started process (PID=2124) to work on /home/airflow/.local/lib/python3.12/site-packages/airflow/example_dags/example_external_task_marker_dag.py
[2025-08-25T12:51:50.647+0000] {processor.py:914} INFO - Processing file /home/airflow/.local/lib/python3.12/site-packages/airflow/example_dags/example_external_task_marker_dag.py for tasks to queue
[2025-08-25T12:51:50.652+0000] {logging_mixin.py:190} INFO - [2025-08-25T12:51:50.651+0000] {dagbag.py:588} INFO - Filling up the DagBag from /home/airflow/.local/lib/python3.12/site-packages/airflow/example_dags/example_external_task_marker_dag.py
[2025-08-25T12:51:50.667+0000] {processor.py:925} INFO - DAG(s) 'example_external_task_marker_child', 'example_external_task_marker_parent' retrieved from /home/airflow/.local/lib/python3.12/site-packages/airflow/example_dags/example_external_task_marker_dag.py
[2025-08-25T12:51:50.721+0000] {logging_mixin.py:190} INFO - [2025-08-25T12:51:50.720+0000] {dag.py:3239} INFO - Sync 2 DAGs
[2025-08-25T12:51:50.742+0000] {logging_mixin.py:190} INFO - [2025-08-25T12:51:50.741+0000] {dag.py:4180} INFO - Setting next_dagrun for example_external_task_marker_child to None, run_after=None
[2025-08-25T12:51:50.746+0000] {logging_mixin.py:190} INFO - [2025-08-25T12:51:50.746+0000] {dag.py:4180} INFO - Setting next_dagrun for example_external_task_marker_parent to None, run_after=None
[2025-08-25T12:51:50.768+0000] {processor.py:208} INFO - Processing /home/airflow/.local/lib/python3.12/site-packages/airflow/example_dags/example_external_task_marker_dag.py took 0.136 seconds
[2025-08-25T12:52:21.537+0000] {processor.py:186} INFO - Started process (PID=2188) to work on /home/airflow/.local/lib/python3.12/site-packages/airflow/example_dags/example_external_task_marker_dag.py
[2025-08-25T12:52:21.540+0000] {processor.py:914} INFO - Processing file /home/airflow/.local/lib/python3.12/site-packages/airflow/example_dags/example_external_task_marker_dag.py for tasks to queue
[2025-08-25T12:52:21.546+0000] {logging_mixin.py:190} INFO - [2025-08-25T12:52:21.545+0000] {dagbag.py:588} INFO - Filling up the DagBag from /home/airflow/.local/lib/python3.12/site-packages/airflow/example_dags/example_external_task_marker_dag.py
[2025-08-25T12:52:21.563+0000] {processor.py:925} INFO - DAG(s) 'example_external_task_marker_parent', 'example_external_task_marker_child' retrieved from /home/airflow/.local/lib/python3.12/site-packages/airflow/example_dags/example_external_task_marker_dag.py
[2025-08-25T12:52:21.609+0000] {logging_mixin.py:190} INFO - [2025-08-25T12:52:21.608+0000] {dag.py:3239} INFO - Sync 2 DAGs
[2025-08-25T12:52:21.633+0000] {logging_mixin.py:190} INFO - [2025-08-25T12:52:21.633+0000] {dag.py:4180} INFO - Setting next_dagrun for example_external_task_marker_child to None, run_after=None
[2025-08-25T12:52:21.639+0000] {logging_mixin.py:190} INFO - [2025-08-25T12:52:21.639+0000] {dag.py:4180} INFO - Setting next_dagrun for example_external_task_marker_parent to None, run_after=None
[2025-08-25T12:52:21.667+0000] {processor.py:208} INFO - Processing /home/airflow/.local/lib/python3.12/site-packages/airflow/example_dags/example_external_task_marker_dag.py took 0.144 seconds
[2025-08-25T12:52:51.843+0000] {processor.py:186} INFO - Started process (PID=2252) to work on /home/airflow/.local/lib/python3.12/site-packages/airflow/example_dags/example_external_task_marker_dag.py
[2025-08-25T12:52:51.845+0000] {processor.py:914} INFO - Processing file /home/airflow/.local/lib/python3.12/site-packages/airflow/example_dags/example_external_task_marker_dag.py for tasks to queue
[2025-08-25T12:52:51.849+0000] {logging_mixin.py:190} INFO - [2025-08-25T12:52:51.849+0000] {dagbag.py:588} INFO - Filling up the DagBag from /home/airflow/.local/lib/python3.12/site-packages/airflow/example_dags/example_external_task_marker_dag.py
[2025-08-25T12:52:51.864+0000] {processor.py:925} INFO - DAG(s) 'example_external_task_marker_child', 'example_external_task_marker_parent' retrieved from /home/airflow/.local/lib/python3.12/site-packages/airflow/example_dags/example_external_task_marker_dag.py
[2025-08-25T12:52:51.920+0000] {logging_mixin.py:190} INFO - [2025-08-25T12:52:51.920+0000] {dag.py:3239} INFO - Sync 2 DAGs
[2025-08-25T12:52:51.951+0000] {logging_mixin.py:190} INFO - [2025-08-25T12:52:51.950+0000] {dag.py:4180} INFO - Setting next_dagrun for example_external_task_marker_child to None, run_after=None
[2025-08-25T12:52:51.958+0000] {logging_mixin.py:190} INFO - [2025-08-25T12:52:51.957+0000] {dag.py:4180} INFO - Setting next_dagrun for example_external_task_marker_parent to None, run_after=None
[2025-08-25T12:52:51.981+0000] {processor.py:208} INFO - Processing /home/airflow/.local/lib/python3.12/site-packages/airflow/example_dags/example_external_task_marker_dag.py took 0.151 seconds
[2025-08-25T12:53:22.107+0000] {processor.py:186} INFO - Started process (PID=2316) to work on /home/airflow/.local/lib/python3.12/site-packages/airflow/example_dags/example_external_task_marker_dag.py
[2025-08-25T12:53:22.108+0000] {processor.py:914} INFO - Processing file /home/airflow/.local/lib/python3.12/site-packages/airflow/example_dags/example_external_task_marker_dag.py for tasks to queue
[2025-08-25T12:53:22.110+0000] {logging_mixin.py:190} INFO - [2025-08-25T12:53:22.110+0000] {dagbag.py:588} INFO - Filling up the DagBag from /home/airflow/.local/lib/python3.12/site-packages/airflow/example_dags/example_external_task_marker_dag.py
[2025-08-25T12:53:22.118+0000] {processor.py:925} INFO - DAG(s) 'example_external_task_marker_parent', 'example_external_task_marker_child' retrieved from /home/airflow/.local/lib/python3.12/site-packages/airflow/example_dags/example_external_task_marker_dag.py
[2025-08-25T12:53:22.156+0000] {logging_mixin.py:190} INFO - [2025-08-25T12:53:22.156+0000] {dag.py:3239} INFO - Sync 2 DAGs
[2025-08-25T12:53:22.174+0000] {logging_mixin.py:190} INFO - [2025-08-25T12:53:22.173+0000] {dag.py:4180} INFO - Setting next_dagrun for example_external_task_marker_child to None, run_after=None
[2025-08-25T12:53:22.180+0000] {logging_mixin.py:190} INFO - [2025-08-25T12:53:22.179+0000] {dag.py:4180} INFO - Setting next_dagrun for example_external_task_marker_parent to None, run_after=None
[2025-08-25T12:53:22.202+0000] {processor.py:208} INFO - Processing /home/airflow/.local/lib/python3.12/site-packages/airflow/example_dags/example_external_task_marker_dag.py took 0.101 seconds
[2025-08-25T12:53:52.852+0000] {processor.py:186} INFO - Started process (PID=2380) to work on /home/airflow/.local/lib/python3.12/site-packages/airflow/example_dags/example_external_task_marker_dag.py
[2025-08-25T12:53:52.853+0000] {processor.py:914} INFO - Processing file /home/airflow/.local/lib/python3.12/site-packages/airflow/example_dags/example_external_task_marker_dag.py for tasks to queue
[2025-08-25T12:53:52.857+0000] {logging_mixin.py:190} INFO - [2025-08-25T12:53:52.856+0000] {dagbag.py:588} INFO - Filling up the DagBag from /home/airflow/.local/lib/python3.12/site-packages/airflow/example_dags/example_external_task_marker_dag.py
[2025-08-25T12:53:52.868+0000] {processor.py:925} INFO - DAG(s) 'example_external_task_marker_parent', 'example_external_task_marker_child' retrieved from /home/airflow/.local/lib/python3.12/site-packages/airflow/example_dags/example_external_task_marker_dag.py
[2025-08-25T12:53:52.903+0000] {logging_mixin.py:190} INFO - [2025-08-25T12:53:52.902+0000] {dag.py:3239} INFO - Sync 2 DAGs
[2025-08-25T12:53:52.925+0000] {logging_mixin.py:190} INFO - [2025-08-25T12:53:52.924+0000] {dag.py:4180} INFO - Setting next_dagrun for example_external_task_marker_child to None, run_after=None
[2025-08-25T12:53:52.930+0000] {logging_mixin.py:190} INFO - [2025-08-25T12:53:52.930+0000] {dag.py:4180} INFO - Setting next_dagrun for example_external_task_marker_parent to None, run_after=None
[2025-08-25T12:53:52.952+0000] {processor.py:208} INFO - Processing /home/airflow/.local/lib/python3.12/site-packages/airflow/example_dags/example_external_task_marker_dag.py took 0.110 seconds
[2025-08-25T12:54:23.708+0000] {processor.py:186} INFO - Started process (PID=2444) to work on /home/airflow/.local/lib/python3.12/site-packages/airflow/example_dags/example_external_task_marker_dag.py
[2025-08-25T12:54:23.709+0000] {processor.py:914} INFO - Processing file /home/airflow/.local/lib/python3.12/site-packages/airflow/example_dags/example_external_task_marker_dag.py for tasks to queue
[2025-08-25T12:54:23.711+0000] {logging_mixin.py:190} INFO - [2025-08-25T12:54:23.711+0000] {dagbag.py:588} INFO - Filling up the DagBag from /home/airflow/.local/lib/python3.12/site-packages/airflow/example_dags/example_external_task_marker_dag.py
[2025-08-25T12:54:23.719+0000] {processor.py:925} INFO - DAG(s) 'example_external_task_marker_parent', 'example_external_task_marker_child' retrieved from /home/airflow/.local/lib/python3.12/site-packages/airflow/example_dags/example_external_task_marker_dag.py
[2025-08-25T12:54:23.765+0000] {logging_mixin.py:190} INFO - [2025-08-25T12:54:23.764+0000] {dag.py:3239} INFO - Sync 2 DAGs
[2025-08-25T12:54:23.794+0000] {logging_mixin.py:190} INFO - [2025-08-25T12:54:23.793+0000] {dag.py:4180} INFO - Setting next_dagrun for example_external_task_marker_child to None, run_after=None
[2025-08-25T12:54:23.799+0000] {logging_mixin.py:190} INFO - [2025-08-25T12:54:23.799+0000] {dag.py:4180} INFO - Setting next_dagrun for example_external_task_marker_parent to None, run_after=None
[2025-08-25T12:54:23.829+0000] {processor.py:208} INFO - Processing /home/airflow/.local/lib/python3.12/site-packages/airflow/example_dags/example_external_task_marker_dag.py took 0.128 seconds
[2025-08-25T12:54:54.591+0000] {processor.py:186} INFO - Started process (PID=2508) to work on /home/airflow/.local/lib/python3.12/site-packages/airflow/example_dags/example_external_task_marker_dag.py
[2025-08-25T12:54:54.591+0000] {processor.py:914} INFO - Processing file /home/airflow/.local/lib/python3.12/site-packages/airflow/example_dags/example_external_task_marker_dag.py for tasks to queue
[2025-08-25T12:54:54.594+0000] {logging_mixin.py:190} INFO - [2025-08-25T12:54:54.593+0000] {dagbag.py:588} INFO - Filling up the DagBag from /home/airflow/.local/lib/python3.12/site-packages/airflow/example_dags/example_external_task_marker_dag.py
[2025-08-25T12:54:54.602+0000] {processor.py:925} INFO - DAG(s) 'example_external_task_marker_parent', 'example_external_task_marker_child' retrieved from /home/airflow/.local/lib/python3.12/site-packages/airflow/example_dags/example_external_task_marker_dag.py
[2025-08-25T12:54:54.636+0000] {logging_mixin.py:190} INFO - [2025-08-25T12:54:54.636+0000] {dag.py:3239} INFO - Sync 2 DAGs
[2025-08-25T12:54:54.655+0000] {logging_mixin.py:190} INFO - [2025-08-25T12:54:54.654+0000] {dag.py:4180} INFO - Setting next_dagrun for example_external_task_marker_child to None, run_after=None
[2025-08-25T12:54:54.659+0000] {logging_mixin.py:190} INFO - [2025-08-25T12:54:54.659+0000] {dag.py:4180} INFO - Setting next_dagrun for example_external_task_marker_parent to None, run_after=None
[2025-08-25T12:54:54.682+0000] {processor.py:208} INFO - Processing /home/airflow/.local/lib/python3.12/site-packages/airflow/example_dags/example_external_task_marker_dag.py took 0.097 seconds
[2025-08-25T12:55:25.484+0000] {processor.py:186} INFO - Started process (PID=2572) to work on /home/airflow/.local/lib/python3.12/site-packages/airflow/example_dags/example_external_task_marker_dag.py
[2025-08-25T12:55:25.485+0000] {processor.py:914} INFO - Processing file /home/airflow/.local/lib/python3.12/site-packages/airflow/example_dags/example_external_task_marker_dag.py for tasks to queue
[2025-08-25T12:55:25.488+0000] {logging_mixin.py:190} INFO - [2025-08-25T12:55:25.487+0000] {dagbag.py:588} INFO - Filling up the DagBag from /home/airflow/.local/lib/python3.12/site-packages/airflow/example_dags/example_external_task_marker_dag.py
[2025-08-25T12:55:25.498+0000] {processor.py:925} INFO - DAG(s) 'example_external_task_marker_parent', 'example_external_task_marker_child' retrieved from /home/airflow/.local/lib/python3.12/site-packages/airflow/example_dags/example_external_task_marker_dag.py
[2025-08-25T12:55:25.534+0000] {logging_mixin.py:190} INFO - [2025-08-25T12:55:25.534+0000] {dag.py:3239} INFO - Sync 2 DAGs
[2025-08-25T12:55:25.552+0000] {logging_mixin.py:190} INFO - [2025-08-25T12:55:25.552+0000] {dag.py:4180} INFO - Setting next_dagrun for example_external_task_marker_child to None, run_after=None
[2025-08-25T12:55:25.556+0000] {logging_mixin.py:190} INFO - [2025-08-25T12:55:25.556+0000] {dag.py:4180} INFO - Setting next_dagrun for example_external_task_marker_parent to None, run_after=None
[2025-08-25T12:55:25.577+0000] {processor.py:208} INFO - Processing /home/airflow/.local/lib/python3.12/site-packages/airflow/example_dags/example_external_task_marker_dag.py took 0.100 seconds
[2025-08-25T12:55:56.046+0000] {processor.py:186} INFO - Started process (PID=2636) to work on /home/airflow/.local/lib/python3.12/site-packages/airflow/example_dags/example_external_task_marker_dag.py
[2025-08-25T12:55:56.047+0000] {processor.py:914} INFO - Processing file /home/airflow/.local/lib/python3.12/site-packages/airflow/example_dags/example_external_task_marker_dag.py for tasks to queue
[2025-08-25T12:55:56.050+0000] {logging_mixin.py:190} INFO - [2025-08-25T12:55:56.050+0000] {dagbag.py:588} INFO - Filling up the DagBag from /home/airflow/.local/lib/python3.12/site-packages/airflow/example_dags/example_external_task_marker_dag.py
[2025-08-25T12:55:56.061+0000] {processor.py:925} INFO - DAG(s) 'example_external_task_marker_child', 'example_external_task_marker_parent' retrieved from /home/airflow/.local/lib/python3.12/site-packages/airflow/example_dags/example_external_task_marker_dag.py
[2025-08-25T12:55:56.097+0000] {logging_mixin.py:190} INFO - [2025-08-25T12:55:56.097+0000] {dag.py:3239} INFO - Sync 2 DAGs
[2025-08-25T12:55:56.115+0000] {logging_mixin.py:190} INFO - [2025-08-25T12:55:56.115+0000] {dag.py:4180} INFO - Setting next_dagrun for example_external_task_marker_child to None, run_after=None
[2025-08-25T12:55:56.120+0000] {logging_mixin.py:190} INFO - [2025-08-25T12:55:56.120+0000] {dag.py:4180} INFO - Setting next_dagrun for example_external_task_marker_parent to None, run_after=None
[2025-08-25T12:55:56.145+0000] {processor.py:208} INFO - Processing /home/airflow/.local/lib/python3.12/site-packages/airflow/example_dags/example_external_task_marker_dag.py took 0.107 seconds
[2025-08-25T12:56:26.244+0000] {processor.py:186} INFO - Started process (PID=2700) to work on /home/airflow/.local/lib/python3.12/site-packages/airflow/example_dags/example_external_task_marker_dag.py
[2025-08-25T12:56:26.245+0000] {processor.py:914} INFO - Processing file /home/airflow/.local/lib/python3.12/site-packages/airflow/example_dags/example_external_task_marker_dag.py for tasks to queue
[2025-08-25T12:56:26.248+0000] {logging_mixin.py:190} INFO - [2025-08-25T12:56:26.248+0000] {dagbag.py:588} INFO - Filling up the DagBag from /home/airflow/.local/lib/python3.12/site-packages/airflow/example_dags/example_external_task_marker_dag.py
[2025-08-25T12:56:26.257+0000] {processor.py:925} INFO - DAG(s) 'example_external_task_marker_parent', 'example_external_task_marker_child' retrieved from /home/airflow/.local/lib/python3.12/site-packages/airflow/example_dags/example_external_task_marker_dag.py
[2025-08-25T12:56:26.287+0000] {logging_mixin.py:190} INFO - [2025-08-25T12:56:26.286+0000] {dag.py:3239} INFO - Sync 2 DAGs
[2025-08-25T12:56:26.304+0000] {logging_mixin.py:190} INFO - [2025-08-25T12:56:26.304+0000] {dag.py:4180} INFO - Setting next_dagrun for example_external_task_marker_child to None, run_after=None
[2025-08-25T12:56:26.309+0000] {logging_mixin.py:190} INFO - [2025-08-25T12:56:26.309+0000] {dag.py:4180} INFO - Setting next_dagrun for example_external_task_marker_parent to None, run_after=None
[2025-08-25T12:56:26.330+0000] {processor.py:208} INFO - Processing /home/airflow/.local/lib/python3.12/site-packages/airflow/example_dags/example_external_task_marker_dag.py took 0.093 seconds
[2025-08-25T12:56:57.280+0000] {processor.py:186} INFO - Started process (PID=2764) to work on /home/airflow/.local/lib/python3.12/site-packages/airflow/example_dags/example_external_task_marker_dag.py
[2025-08-25T12:56:57.281+0000] {processor.py:914} INFO - Processing file /home/airflow/.local/lib/python3.12/site-packages/airflow/example_dags/example_external_task_marker_dag.py for tasks to queue
[2025-08-25T12:56:57.283+0000] {logging_mixin.py:190} INFO - [2025-08-25T12:56:57.283+0000] {dagbag.py:588} INFO - Filling up the DagBag from /home/airflow/.local/lib/python3.12/site-packages/airflow/example_dags/example_external_task_marker_dag.py
[2025-08-25T12:56:57.292+0000] {processor.py:925} INFO - DAG(s) 'example_external_task_marker_parent', 'example_external_task_marker_child' retrieved from /home/airflow/.local/lib/python3.12/site-packages/airflow/example_dags/example_external_task_marker_dag.py
[2025-08-25T12:56:57.324+0000] {logging_mixin.py:190} INFO - [2025-08-25T12:56:57.324+0000] {dag.py:3239} INFO - Sync 2 DAGs
[2025-08-25T12:56:57.341+0000] {logging_mixin.py:190} INFO - [2025-08-25T12:56:57.341+0000] {dag.py:4180} INFO - Setting next_dagrun for example_external_task_marker_child to None, run_after=None
[2025-08-25T12:56:57.346+0000] {logging_mixin.py:190} INFO - [2025-08-25T12:56:57.345+0000] {dag.py:4180} INFO - Setting next_dagrun for example_external_task_marker_parent to None, run_after=None
[2025-08-25T12:56:57.367+0000] {processor.py:208} INFO - Processing /home/airflow/.local/lib/python3.12/site-packages/airflow/example_dags/example_external_task_marker_dag.py took 0.095 seconds
