[2025-08-25T12:35:32.690+0000] {processor.py:186} INFO - Started process (PID=81) to work on /home/airflow/.local/lib/python3.12/site-packages/airflow/example_dags/example_bash_decorator.py
[2025-08-25T12:35:32.691+0000] {processor.py:914} INFO - Processing file /home/airflow/.local/lib/python3.12/site-packages/airflow/example_dags/example_bash_decorator.py for tasks to queue
[2025-08-25T12:35:32.694+0000] {logging_mixin.py:190} INFO - [2025-08-25T12:35:32.694+0000] {dagbag.py:588} INFO - Filling up the DagBag from /home/airflow/.local/lib/python3.12/site-packages/airflow/example_dags/example_bash_decorator.py
[2025-08-25T12:35:32.722+0000] {processor.py:925} INFO - DAG(s) 'example_bash_decorator' retrieved from /home/airflow/.local/lib/python3.12/site-packages/airflow/example_dags/example_bash_decorator.py
[2025-08-25T12:35:32.846+0000] {logging_mixin.py:190} INFO - [2025-08-25T12:35:32.845+0000] {override.py:1900} INFO - Created Permission View: can read on DAG:example_bash_decorator
[2025-08-25T12:35:32.859+0000] {logging_mixin.py:190} INFO - [2025-08-25T12:35:32.859+0000] {override.py:1900} INFO - Created Permission View: can delete on DAG:example_bash_decorator
[2025-08-25T12:35:32.869+0000] {logging_mixin.py:190} INFO - [2025-08-25T12:35:32.869+0000] {override.py:1900} INFO - Created Permission View: can edit on DAG:example_bash_decorator
[2025-08-25T12:35:32.880+0000] {logging_mixin.py:190} INFO - [2025-08-25T12:35:32.880+0000] {override.py:1900} INFO - Created Permission View: can read on DAG Run:example_bash_decorator
[2025-08-25T12:35:32.891+0000] {logging_mixin.py:190} INFO - [2025-08-25T12:35:32.890+0000] {override.py:1900} INFO - Created Permission View: menu access on DAG Run:example_bash_decorator
[2025-08-25T12:35:32.902+0000] {logging_mixin.py:190} INFO - [2025-08-25T12:35:32.901+0000] {override.py:1900} INFO - Created Permission View: can delete on DAG Run:example_bash_decorator
[2025-08-25T12:35:32.912+0000] {logging_mixin.py:190} INFO - [2025-08-25T12:35:32.911+0000] {override.py:1900} INFO - Created Permission View: can create on DAG Run:example_bash_decorator
[2025-08-25T12:35:32.913+0000] {logging_mixin.py:190} INFO - [2025-08-25T12:35:32.912+0000] {dag.py:3239} INFO - Sync 1 DAGs
[2025-08-25T12:35:32.935+0000] {logging_mixin.py:190} INFO - [2025-08-25T12:35:32.935+0000] {dag.py:3262} INFO - Creating ORM DAG for example_bash_decorator
[2025-08-25T12:35:32.936+0000] {logging_mixin.py:190} INFO - [2025-08-25T12:35:32.936+0000] {dag.py:4180} INFO - Setting next_dagrun for example_bash_decorator to None, run_after=None
[2025-08-25T12:35:32.965+0000] {processor.py:208} INFO - Processing /home/airflow/.local/lib/python3.12/site-packages/airflow/example_dags/example_bash_decorator.py took 0.287 seconds
[2025-08-25T12:36:03.269+0000] {processor.py:186} INFO - Started process (PID=145) to work on /home/airflow/.local/lib/python3.12/site-packages/airflow/example_dags/example_bash_decorator.py
[2025-08-25T12:36:03.270+0000] {processor.py:914} INFO - Processing file /home/airflow/.local/lib/python3.12/site-packages/airflow/example_dags/example_bash_decorator.py for tasks to queue
[2025-08-25T12:36:03.272+0000] {logging_mixin.py:190} INFO - [2025-08-25T12:36:03.272+0000] {dagbag.py:588} INFO - Filling up the DagBag from /home/airflow/.local/lib/python3.12/site-packages/airflow/example_dags/example_bash_decorator.py
[2025-08-25T12:36:03.286+0000] {processor.py:925} INFO - DAG(s) 'example_bash_decorator' retrieved from /home/airflow/.local/lib/python3.12/site-packages/airflow/example_dags/example_bash_decorator.py
[2025-08-25T12:36:03.314+0000] {logging_mixin.py:190} INFO - [2025-08-25T12:36:03.313+0000] {dag.py:3239} INFO - Sync 1 DAGs
[2025-08-25T12:36:03.330+0000] {logging_mixin.py:190} INFO - [2025-08-25T12:36:03.329+0000] {dag.py:4180} INFO - Setting next_dagrun for example_bash_decorator to None, run_after=None
[2025-08-25T12:36:03.353+0000] {processor.py:208} INFO - Processing /home/airflow/.local/lib/python3.12/site-packages/airflow/example_dags/example_bash_decorator.py took 0.093 seconds
[2025-08-25T12:36:33.874+0000] {processor.py:186} INFO - Started process (PID=209) to work on /home/airflow/.local/lib/python3.12/site-packages/airflow/example_dags/example_bash_decorator.py
[2025-08-25T12:36:33.876+0000] {processor.py:914} INFO - Processing file /home/airflow/.local/lib/python3.12/site-packages/airflow/example_dags/example_bash_decorator.py for tasks to queue
[2025-08-25T12:36:33.879+0000] {logging_mixin.py:190} INFO - [2025-08-25T12:36:33.878+0000] {dagbag.py:588} INFO - Filling up the DagBag from /home/airflow/.local/lib/python3.12/site-packages/airflow/example_dags/example_bash_decorator.py
[2025-08-25T12:36:33.896+0000] {processor.py:925} INFO - DAG(s) 'example_bash_decorator' retrieved from /home/airflow/.local/lib/python3.12/site-packages/airflow/example_dags/example_bash_decorator.py
[2025-08-25T12:36:33.930+0000] {logging_mixin.py:190} INFO - [2025-08-25T12:36:33.930+0000] {dag.py:3239} INFO - Sync 1 DAGs
[2025-08-25T12:36:33.950+0000] {logging_mixin.py:190} INFO - [2025-08-25T12:36:33.949+0000] {dag.py:4180} INFO - Setting next_dagrun for example_bash_decorator to None, run_after=None
[2025-08-25T12:36:33.973+0000] {processor.py:208} INFO - Processing /home/airflow/.local/lib/python3.12/site-packages/airflow/example_dags/example_bash_decorator.py took 0.107 seconds
[2025-08-25T12:37:04.748+0000] {processor.py:186} INFO - Started process (PID=273) to work on /home/airflow/.local/lib/python3.12/site-packages/airflow/example_dags/example_bash_decorator.py
[2025-08-25T12:37:04.749+0000] {processor.py:914} INFO - Processing file /home/airflow/.local/lib/python3.12/site-packages/airflow/example_dags/example_bash_decorator.py for tasks to queue
[2025-08-25T12:37:04.751+0000] {logging_mixin.py:190} INFO - [2025-08-25T12:37:04.751+0000] {dagbag.py:588} INFO - Filling up the DagBag from /home/airflow/.local/lib/python3.12/site-packages/airflow/example_dags/example_bash_decorator.py
[2025-08-25T12:37:04.769+0000] {processor.py:925} INFO - DAG(s) 'example_bash_decorator' retrieved from /home/airflow/.local/lib/python3.12/site-packages/airflow/example_dags/example_bash_decorator.py
[2025-08-25T12:37:04.808+0000] {logging_mixin.py:190} INFO - [2025-08-25T12:37:04.807+0000] {dag.py:3239} INFO - Sync 1 DAGs
[2025-08-25T12:37:04.828+0000] {logging_mixin.py:190} INFO - [2025-08-25T12:37:04.828+0000] {dag.py:4180} INFO - Setting next_dagrun for example_bash_decorator to None, run_after=None
[2025-08-25T12:37:04.855+0000] {processor.py:208} INFO - Processing /home/airflow/.local/lib/python3.12/site-packages/airflow/example_dags/example_bash_decorator.py took 0.114 seconds
[2025-08-25T12:37:35.670+0000] {processor.py:186} INFO - Started process (PID=337) to work on /home/airflow/.local/lib/python3.12/site-packages/airflow/example_dags/example_bash_decorator.py
[2025-08-25T12:37:35.671+0000] {processor.py:914} INFO - Processing file /home/airflow/.local/lib/python3.12/site-packages/airflow/example_dags/example_bash_decorator.py for tasks to queue
[2025-08-25T12:37:35.674+0000] {logging_mixin.py:190} INFO - [2025-08-25T12:37:35.674+0000] {dagbag.py:588} INFO - Filling up the DagBag from /home/airflow/.local/lib/python3.12/site-packages/airflow/example_dags/example_bash_decorator.py
[2025-08-25T12:37:35.693+0000] {processor.py:925} INFO - DAG(s) 'example_bash_decorator' retrieved from /home/airflow/.local/lib/python3.12/site-packages/airflow/example_dags/example_bash_decorator.py
[2025-08-25T12:37:35.725+0000] {logging_mixin.py:190} INFO - [2025-08-25T12:37:35.724+0000] {dag.py:3239} INFO - Sync 1 DAGs
[2025-08-25T12:37:35.745+0000] {logging_mixin.py:190} INFO - [2025-08-25T12:37:35.744+0000] {dag.py:4180} INFO - Setting next_dagrun for example_bash_decorator to None, run_after=None
[2025-08-25T12:37:35.776+0000] {processor.py:208} INFO - Processing /home/airflow/.local/lib/python3.12/site-packages/airflow/example_dags/example_bash_decorator.py took 0.114 seconds
[2025-08-25T12:38:06.077+0000] {processor.py:186} INFO - Started process (PID=401) to work on /home/airflow/.local/lib/python3.12/site-packages/airflow/example_dags/example_bash_decorator.py
[2025-08-25T12:38:06.079+0000] {processor.py:914} INFO - Processing file /home/airflow/.local/lib/python3.12/site-packages/airflow/example_dags/example_bash_decorator.py for tasks to queue
[2025-08-25T12:38:06.085+0000] {logging_mixin.py:190} INFO - [2025-08-25T12:38:06.084+0000] {dagbag.py:588} INFO - Filling up the DagBag from /home/airflow/.local/lib/python3.12/site-packages/airflow/example_dags/example_bash_decorator.py
[2025-08-25T12:38:06.114+0000] {processor.py:925} INFO - DAG(s) 'example_bash_decorator' retrieved from /home/airflow/.local/lib/python3.12/site-packages/airflow/example_dags/example_bash_decorator.py
[2025-08-25T12:38:06.160+0000] {logging_mixin.py:190} INFO - [2025-08-25T12:38:06.159+0000] {dag.py:3239} INFO - Sync 1 DAGs
[2025-08-25T12:38:06.178+0000] {logging_mixin.py:190} INFO - [2025-08-25T12:38:06.177+0000] {dag.py:4180} INFO - Setting next_dagrun for example_bash_decorator to None, run_after=None
[2025-08-25T12:38:06.205+0000] {processor.py:208} INFO - Processing /home/airflow/.local/lib/python3.12/site-packages/airflow/example_dags/example_bash_decorator.py took 0.140 seconds
[2025-08-25T12:38:36.586+0000] {processor.py:186} INFO - Started process (PID=465) to work on /home/airflow/.local/lib/python3.12/site-packages/airflow/example_dags/example_bash_decorator.py
[2025-08-25T12:38:36.587+0000] {processor.py:914} INFO - Processing file /home/airflow/.local/lib/python3.12/site-packages/airflow/example_dags/example_bash_decorator.py for tasks to queue
[2025-08-25T12:38:36.589+0000] {logging_mixin.py:190} INFO - [2025-08-25T12:38:36.589+0000] {dagbag.py:588} INFO - Filling up the DagBag from /home/airflow/.local/lib/python3.12/site-packages/airflow/example_dags/example_bash_decorator.py
[2025-08-25T12:38:36.604+0000] {processor.py:925} INFO - DAG(s) 'example_bash_decorator' retrieved from /home/airflow/.local/lib/python3.12/site-packages/airflow/example_dags/example_bash_decorator.py
[2025-08-25T12:38:36.639+0000] {logging_mixin.py:190} INFO - [2025-08-25T12:38:36.638+0000] {dag.py:3239} INFO - Sync 1 DAGs
[2025-08-25T12:38:36.660+0000] {logging_mixin.py:190} INFO - [2025-08-25T12:38:36.660+0000] {dag.py:4180} INFO - Setting next_dagrun for example_bash_decorator to None, run_after=None
[2025-08-25T12:38:36.686+0000] {processor.py:208} INFO - Processing /home/airflow/.local/lib/python3.12/site-packages/airflow/example_dags/example_bash_decorator.py took 0.111 seconds
[2025-08-25T12:39:07.065+0000] {processor.py:186} INFO - Started process (PID=529) to work on /home/airflow/.local/lib/python3.12/site-packages/airflow/example_dags/example_bash_decorator.py
[2025-08-25T12:39:07.066+0000] {processor.py:914} INFO - Processing file /home/airflow/.local/lib/python3.12/site-packages/airflow/example_dags/example_bash_decorator.py for tasks to queue
[2025-08-25T12:39:07.068+0000] {logging_mixin.py:190} INFO - [2025-08-25T12:39:07.068+0000] {dagbag.py:588} INFO - Filling up the DagBag from /home/airflow/.local/lib/python3.12/site-packages/airflow/example_dags/example_bash_decorator.py
[2025-08-25T12:39:07.083+0000] {processor.py:925} INFO - DAG(s) 'example_bash_decorator' retrieved from /home/airflow/.local/lib/python3.12/site-packages/airflow/example_dags/example_bash_decorator.py
[2025-08-25T12:39:07.115+0000] {logging_mixin.py:190} INFO - [2025-08-25T12:39:07.115+0000] {dag.py:3239} INFO - Sync 1 DAGs
[2025-08-25T12:39:07.133+0000] {logging_mixin.py:190} INFO - [2025-08-25T12:39:07.132+0000] {dag.py:4180} INFO - Setting next_dagrun for example_bash_decorator to None, run_after=None
[2025-08-25T12:39:07.160+0000] {processor.py:208} INFO - Processing /home/airflow/.local/lib/python3.12/site-packages/airflow/example_dags/example_bash_decorator.py took 0.101 seconds
[2025-08-25T12:39:37.593+0000] {processor.py:186} INFO - Started process (PID=593) to work on /home/airflow/.local/lib/python3.12/site-packages/airflow/example_dags/example_bash_decorator.py
[2025-08-25T12:39:37.595+0000] {processor.py:914} INFO - Processing file /home/airflow/.local/lib/python3.12/site-packages/airflow/example_dags/example_bash_decorator.py for tasks to queue
[2025-08-25T12:39:37.600+0000] {logging_mixin.py:190} INFO - [2025-08-25T12:39:37.599+0000] {dagbag.py:588} INFO - Filling up the DagBag from /home/airflow/.local/lib/python3.12/site-packages/airflow/example_dags/example_bash_decorator.py
[2025-08-25T12:39:37.628+0000] {processor.py:925} INFO - DAG(s) 'example_bash_decorator' retrieved from /home/airflow/.local/lib/python3.12/site-packages/airflow/example_dags/example_bash_decorator.py
[2025-08-25T12:39:37.664+0000] {logging_mixin.py:190} INFO - [2025-08-25T12:39:37.664+0000] {dag.py:3239} INFO - Sync 1 DAGs
[2025-08-25T12:39:37.684+0000] {logging_mixin.py:190} INFO - [2025-08-25T12:39:37.683+0000] {dag.py:4180} INFO - Setting next_dagrun for example_bash_decorator to None, run_after=None
[2025-08-25T12:39:37.710+0000] {processor.py:208} INFO - Processing /home/airflow/.local/lib/python3.12/site-packages/airflow/example_dags/example_bash_decorator.py took 0.131 seconds
[2025-08-25T12:40:07.798+0000] {processor.py:186} INFO - Started process (PID=657) to work on /home/airflow/.local/lib/python3.12/site-packages/airflow/example_dags/example_bash_decorator.py
[2025-08-25T12:40:07.799+0000] {processor.py:914} INFO - Processing file /home/airflow/.local/lib/python3.12/site-packages/airflow/example_dags/example_bash_decorator.py for tasks to queue
[2025-08-25T12:40:07.801+0000] {logging_mixin.py:190} INFO - [2025-08-25T12:40:07.801+0000] {dagbag.py:588} INFO - Filling up the DagBag from /home/airflow/.local/lib/python3.12/site-packages/airflow/example_dags/example_bash_decorator.py
[2025-08-25T12:40:07.818+0000] {processor.py:925} INFO - DAG(s) 'example_bash_decorator' retrieved from /home/airflow/.local/lib/python3.12/site-packages/airflow/example_dags/example_bash_decorator.py
[2025-08-25T12:40:07.850+0000] {logging_mixin.py:190} INFO - [2025-08-25T12:40:07.850+0000] {dag.py:3239} INFO - Sync 1 DAGs
[2025-08-25T12:40:07.868+0000] {logging_mixin.py:190} INFO - [2025-08-25T12:40:07.868+0000] {dag.py:4180} INFO - Setting next_dagrun for example_bash_decorator to None, run_after=None
[2025-08-25T12:40:07.894+0000] {processor.py:208} INFO - Processing /home/airflow/.local/lib/python3.12/site-packages/airflow/example_dags/example_bash_decorator.py took 0.104 seconds
[2025-08-25T12:40:38.414+0000] {processor.py:186} INFO - Started process (PID=721) to work on /home/airflow/.local/lib/python3.12/site-packages/airflow/example_dags/example_bash_decorator.py
[2025-08-25T12:40:38.415+0000] {processor.py:914} INFO - Processing file /home/airflow/.local/lib/python3.12/site-packages/airflow/example_dags/example_bash_decorator.py for tasks to queue
[2025-08-25T12:40:38.417+0000] {logging_mixin.py:190} INFO - [2025-08-25T12:40:38.417+0000] {dagbag.py:588} INFO - Filling up the DagBag from /home/airflow/.local/lib/python3.12/site-packages/airflow/example_dags/example_bash_decorator.py
[2025-08-25T12:40:38.433+0000] {processor.py:925} INFO - DAG(s) 'example_bash_decorator' retrieved from /home/airflow/.local/lib/python3.12/site-packages/airflow/example_dags/example_bash_decorator.py
[2025-08-25T12:40:38.469+0000] {logging_mixin.py:190} INFO - [2025-08-25T12:40:38.468+0000] {dag.py:3239} INFO - Sync 1 DAGs
[2025-08-25T12:40:38.490+0000] {logging_mixin.py:190} INFO - [2025-08-25T12:40:38.490+0000] {dag.py:4180} INFO - Setting next_dagrun for example_bash_decorator to None, run_after=None
[2025-08-25T12:40:38.522+0000] {processor.py:208} INFO - Processing /home/airflow/.local/lib/python3.12/site-packages/airflow/example_dags/example_bash_decorator.py took 0.114 seconds
[2025-08-25T12:41:09.634+0000] {processor.py:186} INFO - Started process (PID=788) to work on /home/airflow/.local/lib/python3.12/site-packages/airflow/example_dags/example_bash_decorator.py
[2025-08-25T12:41:09.635+0000] {processor.py:914} INFO - Processing file /home/airflow/.local/lib/python3.12/site-packages/airflow/example_dags/example_bash_decorator.py for tasks to queue
[2025-08-25T12:41:09.640+0000] {logging_mixin.py:190} INFO - [2025-08-25T12:41:09.639+0000] {dagbag.py:588} INFO - Filling up the DagBag from /home/airflow/.local/lib/python3.12/site-packages/airflow/example_dags/example_bash_decorator.py
[2025-08-25T12:41:09.668+0000] {processor.py:925} INFO - DAG(s) 'example_bash_decorator' retrieved from /home/airflow/.local/lib/python3.12/site-packages/airflow/example_dags/example_bash_decorator.py
[2025-08-25T12:41:09.716+0000] {logging_mixin.py:190} INFO - [2025-08-25T12:41:09.715+0000] {dag.py:3239} INFO - Sync 1 DAGs
[2025-08-25T12:41:09.743+0000] {logging_mixin.py:190} INFO - [2025-08-25T12:41:09.742+0000] {dag.py:4180} INFO - Setting next_dagrun for example_bash_decorator to None, run_after=None
[2025-08-25T12:41:09.781+0000] {processor.py:208} INFO - Processing /home/airflow/.local/lib/python3.12/site-packages/airflow/example_dags/example_bash_decorator.py took 0.159 seconds
[2025-08-25T12:41:40.075+0000] {processor.py:186} INFO - Started process (PID=852) to work on /home/airflow/.local/lib/python3.12/site-packages/airflow/example_dags/example_bash_decorator.py
[2025-08-25T12:41:40.077+0000] {processor.py:914} INFO - Processing file /home/airflow/.local/lib/python3.12/site-packages/airflow/example_dags/example_bash_decorator.py for tasks to queue
[2025-08-25T12:41:40.080+0000] {logging_mixin.py:190} INFO - [2025-08-25T12:41:40.080+0000] {dagbag.py:588} INFO - Filling up the DagBag from /home/airflow/.local/lib/python3.12/site-packages/airflow/example_dags/example_bash_decorator.py
[2025-08-25T12:41:40.107+0000] {processor.py:925} INFO - DAG(s) 'example_bash_decorator' retrieved from /home/airflow/.local/lib/python3.12/site-packages/airflow/example_dags/example_bash_decorator.py
[2025-08-25T12:41:40.147+0000] {logging_mixin.py:190} INFO - [2025-08-25T12:41:40.147+0000] {dag.py:3239} INFO - Sync 1 DAGs
[2025-08-25T12:41:40.163+0000] {logging_mixin.py:190} INFO - [2025-08-25T12:41:40.162+0000] {dag.py:4180} INFO - Setting next_dagrun for example_bash_decorator to None, run_after=None
[2025-08-25T12:41:40.190+0000] {processor.py:208} INFO - Processing /home/airflow/.local/lib/python3.12/site-packages/airflow/example_dags/example_bash_decorator.py took 0.125 seconds
[2025-08-25T12:42:10.665+0000] {processor.py:186} INFO - Started process (PID=916) to work on /home/airflow/.local/lib/python3.12/site-packages/airflow/example_dags/example_bash_decorator.py
[2025-08-25T12:42:10.667+0000] {processor.py:914} INFO - Processing file /home/airflow/.local/lib/python3.12/site-packages/airflow/example_dags/example_bash_decorator.py for tasks to queue
[2025-08-25T12:42:10.672+0000] {logging_mixin.py:190} INFO - [2025-08-25T12:42:10.671+0000] {dagbag.py:588} INFO - Filling up the DagBag from /home/airflow/.local/lib/python3.12/site-packages/airflow/example_dags/example_bash_decorator.py
[2025-08-25T12:42:10.707+0000] {processor.py:925} INFO - DAG(s) 'example_bash_decorator' retrieved from /home/airflow/.local/lib/python3.12/site-packages/airflow/example_dags/example_bash_decorator.py
[2025-08-25T12:42:10.756+0000] {logging_mixin.py:190} INFO - [2025-08-25T12:42:10.755+0000] {dag.py:3239} INFO - Sync 1 DAGs
[2025-08-25T12:42:10.784+0000] {logging_mixin.py:190} INFO - [2025-08-25T12:42:10.784+0000] {dag.py:4180} INFO - Setting next_dagrun for example_bash_decorator to None, run_after=None
[2025-08-25T12:42:10.830+0000] {processor.py:208} INFO - Processing /home/airflow/.local/lib/python3.12/site-packages/airflow/example_dags/example_bash_decorator.py took 0.180 seconds
[2025-08-25T12:42:41.413+0000] {processor.py:186} INFO - Started process (PID=980) to work on /home/airflow/.local/lib/python3.12/site-packages/airflow/example_dags/example_bash_decorator.py
[2025-08-25T12:42:41.416+0000] {processor.py:914} INFO - Processing file /home/airflow/.local/lib/python3.12/site-packages/airflow/example_dags/example_bash_decorator.py for tasks to queue
[2025-08-25T12:42:41.421+0000] {logging_mixin.py:190} INFO - [2025-08-25T12:42:41.420+0000] {dagbag.py:588} INFO - Filling up the DagBag from /home/airflow/.local/lib/python3.12/site-packages/airflow/example_dags/example_bash_decorator.py
[2025-08-25T12:42:41.442+0000] {processor.py:925} INFO - DAG(s) 'example_bash_decorator' retrieved from /home/airflow/.local/lib/python3.12/site-packages/airflow/example_dags/example_bash_decorator.py
[2025-08-25T12:42:41.478+0000] {logging_mixin.py:190} INFO - [2025-08-25T12:42:41.477+0000] {dag.py:3239} INFO - Sync 1 DAGs
[2025-08-25T12:42:41.501+0000] {logging_mixin.py:190} INFO - [2025-08-25T12:42:41.500+0000] {dag.py:4180} INFO - Setting next_dagrun for example_bash_decorator to None, run_after=None
[2025-08-25T12:42:41.529+0000] {processor.py:208} INFO - Processing /home/airflow/.local/lib/python3.12/site-packages/airflow/example_dags/example_bash_decorator.py took 0.130 seconds
[2025-08-25T12:43:12.036+0000] {processor.py:186} INFO - Started process (PID=1044) to work on /home/airflow/.local/lib/python3.12/site-packages/airflow/example_dags/example_bash_decorator.py
[2025-08-25T12:43:12.038+0000] {processor.py:914} INFO - Processing file /home/airflow/.local/lib/python3.12/site-packages/airflow/example_dags/example_bash_decorator.py for tasks to queue
[2025-08-25T12:43:12.041+0000] {logging_mixin.py:190} INFO - [2025-08-25T12:43:12.040+0000] {dagbag.py:588} INFO - Filling up the DagBag from /home/airflow/.local/lib/python3.12/site-packages/airflow/example_dags/example_bash_decorator.py
[2025-08-25T12:43:12.060+0000] {processor.py:925} INFO - DAG(s) 'example_bash_decorator' retrieved from /home/airflow/.local/lib/python3.12/site-packages/airflow/example_dags/example_bash_decorator.py
[2025-08-25T12:43:12.094+0000] {logging_mixin.py:190} INFO - [2025-08-25T12:43:12.093+0000] {dag.py:3239} INFO - Sync 1 DAGs
[2025-08-25T12:43:12.114+0000] {logging_mixin.py:190} INFO - [2025-08-25T12:43:12.113+0000] {dag.py:4180} INFO - Setting next_dagrun for example_bash_decorator to None, run_after=None
[2025-08-25T12:43:12.152+0000] {processor.py:208} INFO - Processing /home/airflow/.local/lib/python3.12/site-packages/airflow/example_dags/example_bash_decorator.py took 0.122 seconds
[2025-08-25T12:43:43.168+0000] {processor.py:186} INFO - Started process (PID=1108) to work on /home/airflow/.local/lib/python3.12/site-packages/airflow/example_dags/example_bash_decorator.py
[2025-08-25T12:43:43.171+0000] {processor.py:914} INFO - Processing file /home/airflow/.local/lib/python3.12/site-packages/airflow/example_dags/example_bash_decorator.py for tasks to queue
[2025-08-25T12:43:43.175+0000] {logging_mixin.py:190} INFO - [2025-08-25T12:43:43.174+0000] {dagbag.py:588} INFO - Filling up the DagBag from /home/airflow/.local/lib/python3.12/site-packages/airflow/example_dags/example_bash_decorator.py
[2025-08-25T12:43:43.205+0000] {processor.py:925} INFO - DAG(s) 'example_bash_decorator' retrieved from /home/airflow/.local/lib/python3.12/site-packages/airflow/example_dags/example_bash_decorator.py
[2025-08-25T12:43:43.242+0000] {logging_mixin.py:190} INFO - [2025-08-25T12:43:43.242+0000] {dag.py:3239} INFO - Sync 1 DAGs
[2025-08-25T12:43:43.259+0000] {logging_mixin.py:190} INFO - [2025-08-25T12:43:43.259+0000] {dag.py:4180} INFO - Setting next_dagrun for example_bash_decorator to None, run_after=None
[2025-08-25T12:43:43.280+0000] {processor.py:208} INFO - Processing /home/airflow/.local/lib/python3.12/site-packages/airflow/example_dags/example_bash_decorator.py took 0.124 seconds
[2025-08-25T12:44:13.501+0000] {processor.py:186} INFO - Started process (PID=1172) to work on /home/airflow/.local/lib/python3.12/site-packages/airflow/example_dags/example_bash_decorator.py
[2025-08-25T12:44:13.502+0000] {processor.py:914} INFO - Processing file /home/airflow/.local/lib/python3.12/site-packages/airflow/example_dags/example_bash_decorator.py for tasks to queue
[2025-08-25T12:44:13.505+0000] {logging_mixin.py:190} INFO - [2025-08-25T12:44:13.505+0000] {dagbag.py:588} INFO - Filling up the DagBag from /home/airflow/.local/lib/python3.12/site-packages/airflow/example_dags/example_bash_decorator.py
[2025-08-25T12:44:13.520+0000] {processor.py:925} INFO - DAG(s) 'example_bash_decorator' retrieved from /home/airflow/.local/lib/python3.12/site-packages/airflow/example_dags/example_bash_decorator.py
[2025-08-25T12:44:13.564+0000] {logging_mixin.py:190} INFO - [2025-08-25T12:44:13.564+0000] {dag.py:3239} INFO - Sync 1 DAGs
[2025-08-25T12:44:13.589+0000] {logging_mixin.py:190} INFO - [2025-08-25T12:44:13.589+0000] {dag.py:4180} INFO - Setting next_dagrun for example_bash_decorator to None, run_after=None
[2025-08-25T12:44:13.622+0000] {processor.py:208} INFO - Processing /home/airflow/.local/lib/python3.12/site-packages/airflow/example_dags/example_bash_decorator.py took 0.129 seconds
[2025-08-25T12:44:43.786+0000] {processor.py:186} INFO - Started process (PID=1236) to work on /home/airflow/.local/lib/python3.12/site-packages/airflow/example_dags/example_bash_decorator.py
[2025-08-25T12:44:43.788+0000] {processor.py:914} INFO - Processing file /home/airflow/.local/lib/python3.12/site-packages/airflow/example_dags/example_bash_decorator.py for tasks to queue
[2025-08-25T12:44:43.791+0000] {logging_mixin.py:190} INFO - [2025-08-25T12:44:43.790+0000] {dagbag.py:588} INFO - Filling up the DagBag from /home/airflow/.local/lib/python3.12/site-packages/airflow/example_dags/example_bash_decorator.py
[2025-08-25T12:44:43.814+0000] {processor.py:925} INFO - DAG(s) 'example_bash_decorator' retrieved from /home/airflow/.local/lib/python3.12/site-packages/airflow/example_dags/example_bash_decorator.py
[2025-08-25T12:44:43.851+0000] {logging_mixin.py:190} INFO - [2025-08-25T12:44:43.850+0000] {dag.py:3239} INFO - Sync 1 DAGs
[2025-08-25T12:44:43.875+0000] {logging_mixin.py:190} INFO - [2025-08-25T12:44:43.874+0000] {dag.py:4180} INFO - Setting next_dagrun for example_bash_decorator to None, run_after=None
[2025-08-25T12:44:43.901+0000] {processor.py:208} INFO - Processing /home/airflow/.local/lib/python3.12/site-packages/airflow/example_dags/example_bash_decorator.py took 0.123 seconds
[2025-08-25T12:45:14.442+0000] {processor.py:186} INFO - Started process (PID=1300) to work on /home/airflow/.local/lib/python3.12/site-packages/airflow/example_dags/example_bash_decorator.py
[2025-08-25T12:45:14.444+0000] {processor.py:914} INFO - Processing file /home/airflow/.local/lib/python3.12/site-packages/airflow/example_dags/example_bash_decorator.py for tasks to queue
[2025-08-25T12:45:14.447+0000] {logging_mixin.py:190} INFO - [2025-08-25T12:45:14.446+0000] {dagbag.py:588} INFO - Filling up the DagBag from /home/airflow/.local/lib/python3.12/site-packages/airflow/example_dags/example_bash_decorator.py
[2025-08-25T12:45:14.465+0000] {processor.py:925} INFO - DAG(s) 'example_bash_decorator' retrieved from /home/airflow/.local/lib/python3.12/site-packages/airflow/example_dags/example_bash_decorator.py
[2025-08-25T12:45:14.497+0000] {logging_mixin.py:190} INFO - [2025-08-25T12:45:14.497+0000] {dag.py:3239} INFO - Sync 1 DAGs
[2025-08-25T12:45:14.515+0000] {logging_mixin.py:190} INFO - [2025-08-25T12:45:14.515+0000] {dag.py:4180} INFO - Setting next_dagrun for example_bash_decorator to None, run_after=None
[2025-08-25T12:45:14.535+0000] {processor.py:208} INFO - Processing /home/airflow/.local/lib/python3.12/site-packages/airflow/example_dags/example_bash_decorator.py took 0.101 seconds
[2025-08-25T12:45:45.124+0000] {processor.py:186} INFO - Started process (PID=1364) to work on /home/airflow/.local/lib/python3.12/site-packages/airflow/example_dags/example_bash_decorator.py
[2025-08-25T12:45:45.125+0000] {processor.py:914} INFO - Processing file /home/airflow/.local/lib/python3.12/site-packages/airflow/example_dags/example_bash_decorator.py for tasks to queue
[2025-08-25T12:45:45.128+0000] {logging_mixin.py:190} INFO - [2025-08-25T12:45:45.127+0000] {dagbag.py:588} INFO - Filling up the DagBag from /home/airflow/.local/lib/python3.12/site-packages/airflow/example_dags/example_bash_decorator.py
[2025-08-25T12:45:45.148+0000] {processor.py:925} INFO - DAG(s) 'example_bash_decorator' retrieved from /home/airflow/.local/lib/python3.12/site-packages/airflow/example_dags/example_bash_decorator.py
[2025-08-25T12:45:45.180+0000] {logging_mixin.py:190} INFO - [2025-08-25T12:45:45.180+0000] {dag.py:3239} INFO - Sync 1 DAGs
[2025-08-25T12:45:45.196+0000] {logging_mixin.py:190} INFO - [2025-08-25T12:45:45.196+0000] {dag.py:4180} INFO - Setting next_dagrun for example_bash_decorator to None, run_after=None
[2025-08-25T12:45:45.218+0000] {processor.py:208} INFO - Processing /home/airflow/.local/lib/python3.12/site-packages/airflow/example_dags/example_bash_decorator.py took 0.102 seconds
[2025-08-25T12:46:15.376+0000] {processor.py:186} INFO - Started process (PID=1428) to work on /home/airflow/.local/lib/python3.12/site-packages/airflow/example_dags/example_bash_decorator.py
[2025-08-25T12:46:15.377+0000] {processor.py:914} INFO - Processing file /home/airflow/.local/lib/python3.12/site-packages/airflow/example_dags/example_bash_decorator.py for tasks to queue
[2025-08-25T12:46:15.380+0000] {logging_mixin.py:190} INFO - [2025-08-25T12:46:15.379+0000] {dagbag.py:588} INFO - Filling up the DagBag from /home/airflow/.local/lib/python3.12/site-packages/airflow/example_dags/example_bash_decorator.py
[2025-08-25T12:46:15.397+0000] {processor.py:925} INFO - DAG(s) 'example_bash_decorator' retrieved from /home/airflow/.local/lib/python3.12/site-packages/airflow/example_dags/example_bash_decorator.py
[2025-08-25T12:46:15.426+0000] {logging_mixin.py:190} INFO - [2025-08-25T12:46:15.426+0000] {dag.py:3239} INFO - Sync 1 DAGs
[2025-08-25T12:46:15.444+0000] {logging_mixin.py:190} INFO - [2025-08-25T12:46:15.443+0000] {dag.py:4180} INFO - Setting next_dagrun for example_bash_decorator to None, run_after=None
[2025-08-25T12:46:15.470+0000] {processor.py:208} INFO - Processing /home/airflow/.local/lib/python3.12/site-packages/airflow/example_dags/example_bash_decorator.py took 0.102 seconds
[2025-08-25T12:46:46.164+0000] {processor.py:186} INFO - Started process (PID=1492) to work on /home/airflow/.local/lib/python3.12/site-packages/airflow/example_dags/example_bash_decorator.py
[2025-08-25T12:46:46.165+0000] {processor.py:914} INFO - Processing file /home/airflow/.local/lib/python3.12/site-packages/airflow/example_dags/example_bash_decorator.py for tasks to queue
[2025-08-25T12:46:46.168+0000] {logging_mixin.py:190} INFO - [2025-08-25T12:46:46.167+0000] {dagbag.py:588} INFO - Filling up the DagBag from /home/airflow/.local/lib/python3.12/site-packages/airflow/example_dags/example_bash_decorator.py
[2025-08-25T12:46:46.184+0000] {processor.py:925} INFO - DAG(s) 'example_bash_decorator' retrieved from /home/airflow/.local/lib/python3.12/site-packages/airflow/example_dags/example_bash_decorator.py
[2025-08-25T12:46:46.214+0000] {logging_mixin.py:190} INFO - [2025-08-25T12:46:46.214+0000] {dag.py:3239} INFO - Sync 1 DAGs
[2025-08-25T12:46:46.230+0000] {logging_mixin.py:190} INFO - [2025-08-25T12:46:46.229+0000] {dag.py:4180} INFO - Setting next_dagrun for example_bash_decorator to None, run_after=None
[2025-08-25T12:46:46.256+0000] {processor.py:208} INFO - Processing /home/airflow/.local/lib/python3.12/site-packages/airflow/example_dags/example_bash_decorator.py took 0.100 seconds
[2025-08-25T12:47:16.638+0000] {processor.py:186} INFO - Started process (PID=1556) to work on /home/airflow/.local/lib/python3.12/site-packages/airflow/example_dags/example_bash_decorator.py
[2025-08-25T12:47:16.639+0000] {processor.py:914} INFO - Processing file /home/airflow/.local/lib/python3.12/site-packages/airflow/example_dags/example_bash_decorator.py for tasks to queue
[2025-08-25T12:47:16.642+0000] {logging_mixin.py:190} INFO - [2025-08-25T12:47:16.642+0000] {dagbag.py:588} INFO - Filling up the DagBag from /home/airflow/.local/lib/python3.12/site-packages/airflow/example_dags/example_bash_decorator.py
[2025-08-25T12:47:16.667+0000] {processor.py:925} INFO - DAG(s) 'example_bash_decorator' retrieved from /home/airflow/.local/lib/python3.12/site-packages/airflow/example_dags/example_bash_decorator.py
[2025-08-25T12:47:16.698+0000] {logging_mixin.py:190} INFO - [2025-08-25T12:47:16.697+0000] {dag.py:3239} INFO - Sync 1 DAGs
[2025-08-25T12:47:16.717+0000] {logging_mixin.py:190} INFO - [2025-08-25T12:47:16.717+0000] {dag.py:4180} INFO - Setting next_dagrun for example_bash_decorator to None, run_after=None
[2025-08-25T12:47:16.741+0000] {processor.py:208} INFO - Processing /home/airflow/.local/lib/python3.12/site-packages/airflow/example_dags/example_bash_decorator.py took 0.110 seconds
[2025-08-25T12:47:47.115+0000] {processor.py:186} INFO - Started process (PID=1620) to work on /home/airflow/.local/lib/python3.12/site-packages/airflow/example_dags/example_bash_decorator.py
[2025-08-25T12:47:47.116+0000] {processor.py:914} INFO - Processing file /home/airflow/.local/lib/python3.12/site-packages/airflow/example_dags/example_bash_decorator.py for tasks to queue
[2025-08-25T12:47:47.120+0000] {logging_mixin.py:190} INFO - [2025-08-25T12:47:47.120+0000] {dagbag.py:588} INFO - Filling up the DagBag from /home/airflow/.local/lib/python3.12/site-packages/airflow/example_dags/example_bash_decorator.py
[2025-08-25T12:47:47.145+0000] {processor.py:925} INFO - DAG(s) 'example_bash_decorator' retrieved from /home/airflow/.local/lib/python3.12/site-packages/airflow/example_dags/example_bash_decorator.py
[2025-08-25T12:47:47.174+0000] {logging_mixin.py:190} INFO - [2025-08-25T12:47:47.173+0000] {dag.py:3239} INFO - Sync 1 DAGs
[2025-08-25T12:47:47.203+0000] {logging_mixin.py:190} INFO - [2025-08-25T12:47:47.202+0000] {dag.py:4180} INFO - Setting next_dagrun for example_bash_decorator to None, run_after=None
[2025-08-25T12:47:47.232+0000] {processor.py:208} INFO - Processing /home/airflow/.local/lib/python3.12/site-packages/airflow/example_dags/example_bash_decorator.py took 0.130 seconds
[2025-08-25T12:48:17.601+0000] {processor.py:186} INFO - Started process (PID=1684) to work on /home/airflow/.local/lib/python3.12/site-packages/airflow/example_dags/example_bash_decorator.py
[2025-08-25T12:48:17.602+0000] {processor.py:914} INFO - Processing file /home/airflow/.local/lib/python3.12/site-packages/airflow/example_dags/example_bash_decorator.py for tasks to queue
[2025-08-25T12:48:17.605+0000] {logging_mixin.py:190} INFO - [2025-08-25T12:48:17.604+0000] {dagbag.py:588} INFO - Filling up the DagBag from /home/airflow/.local/lib/python3.12/site-packages/airflow/example_dags/example_bash_decorator.py
[2025-08-25T12:48:17.623+0000] {processor.py:925} INFO - DAG(s) 'example_bash_decorator' retrieved from /home/airflow/.local/lib/python3.12/site-packages/airflow/example_dags/example_bash_decorator.py
[2025-08-25T12:48:17.655+0000] {logging_mixin.py:190} INFO - [2025-08-25T12:48:17.654+0000] {dag.py:3239} INFO - Sync 1 DAGs
[2025-08-25T12:48:17.671+0000] {logging_mixin.py:190} INFO - [2025-08-25T12:48:17.671+0000] {dag.py:4180} INFO - Setting next_dagrun for example_bash_decorator to None, run_after=None
[2025-08-25T12:48:17.696+0000] {processor.py:208} INFO - Processing /home/airflow/.local/lib/python3.12/site-packages/airflow/example_dags/example_bash_decorator.py took 0.102 seconds
[2025-08-25T12:48:48.167+0000] {processor.py:186} INFO - Started process (PID=1748) to work on /home/airflow/.local/lib/python3.12/site-packages/airflow/example_dags/example_bash_decorator.py
[2025-08-25T12:48:48.169+0000] {processor.py:914} INFO - Processing file /home/airflow/.local/lib/python3.12/site-packages/airflow/example_dags/example_bash_decorator.py for tasks to queue
[2025-08-25T12:48:48.172+0000] {logging_mixin.py:190} INFO - [2025-08-25T12:48:48.172+0000] {dagbag.py:588} INFO - Filling up the DagBag from /home/airflow/.local/lib/python3.12/site-packages/airflow/example_dags/example_bash_decorator.py
[2025-08-25T12:48:48.195+0000] {processor.py:925} INFO - DAG(s) 'example_bash_decorator' retrieved from /home/airflow/.local/lib/python3.12/site-packages/airflow/example_dags/example_bash_decorator.py
[2025-08-25T12:48:48.243+0000] {logging_mixin.py:190} INFO - [2025-08-25T12:48:48.243+0000] {dag.py:3239} INFO - Sync 1 DAGs
[2025-08-25T12:48:48.265+0000] {logging_mixin.py:190} INFO - [2025-08-25T12:48:48.264+0000] {dag.py:4180} INFO - Setting next_dagrun for example_bash_decorator to None, run_after=None
[2025-08-25T12:48:48.289+0000] {processor.py:208} INFO - Processing /home/airflow/.local/lib/python3.12/site-packages/airflow/example_dags/example_bash_decorator.py took 0.133 seconds
[2025-08-25T12:49:18.683+0000] {processor.py:186} INFO - Started process (PID=1812) to work on /home/airflow/.local/lib/python3.12/site-packages/airflow/example_dags/example_bash_decorator.py
[2025-08-25T12:49:18.684+0000] {processor.py:914} INFO - Processing file /home/airflow/.local/lib/python3.12/site-packages/airflow/example_dags/example_bash_decorator.py for tasks to queue
[2025-08-25T12:49:18.686+0000] {logging_mixin.py:190} INFO - [2025-08-25T12:49:18.686+0000] {dagbag.py:588} INFO - Filling up the DagBag from /home/airflow/.local/lib/python3.12/site-packages/airflow/example_dags/example_bash_decorator.py
[2025-08-25T12:49:18.714+0000] {processor.py:925} INFO - DAG(s) 'example_bash_decorator' retrieved from /home/airflow/.local/lib/python3.12/site-packages/airflow/example_dags/example_bash_decorator.py
[2025-08-25T12:49:18.772+0000] {logging_mixin.py:190} INFO - [2025-08-25T12:49:18.771+0000] {dag.py:3239} INFO - Sync 1 DAGs
[2025-08-25T12:49:18.797+0000] {logging_mixin.py:190} INFO - [2025-08-25T12:49:18.797+0000] {dag.py:4180} INFO - Setting next_dagrun for example_bash_decorator to None, run_after=None
[2025-08-25T12:49:18.831+0000] {processor.py:208} INFO - Processing /home/airflow/.local/lib/python3.12/site-packages/airflow/example_dags/example_bash_decorator.py took 0.158 seconds
[2025-08-25T12:49:49.382+0000] {processor.py:186} INFO - Started process (PID=1876) to work on /home/airflow/.local/lib/python3.12/site-packages/airflow/example_dags/example_bash_decorator.py
[2025-08-25T12:49:49.383+0000] {processor.py:914} INFO - Processing file /home/airflow/.local/lib/python3.12/site-packages/airflow/example_dags/example_bash_decorator.py for tasks to queue
[2025-08-25T12:49:49.386+0000] {logging_mixin.py:190} INFO - [2025-08-25T12:49:49.385+0000] {dagbag.py:588} INFO - Filling up the DagBag from /home/airflow/.local/lib/python3.12/site-packages/airflow/example_dags/example_bash_decorator.py
[2025-08-25T12:49:49.404+0000] {processor.py:925} INFO - DAG(s) 'example_bash_decorator' retrieved from /home/airflow/.local/lib/python3.12/site-packages/airflow/example_dags/example_bash_decorator.py
[2025-08-25T12:49:49.439+0000] {logging_mixin.py:190} INFO - [2025-08-25T12:49:49.438+0000] {dag.py:3239} INFO - Sync 1 DAGs
[2025-08-25T12:49:49.458+0000] {logging_mixin.py:190} INFO - [2025-08-25T12:49:49.458+0000] {dag.py:4180} INFO - Setting next_dagrun for example_bash_decorator to None, run_after=None
[2025-08-25T12:49:49.483+0000] {processor.py:208} INFO - Processing /home/airflow/.local/lib/python3.12/site-packages/airflow/example_dags/example_bash_decorator.py took 0.109 seconds
[2025-08-25T12:50:20.318+0000] {processor.py:186} INFO - Started process (PID=1940) to work on /home/airflow/.local/lib/python3.12/site-packages/airflow/example_dags/example_bash_decorator.py
[2025-08-25T12:50:20.321+0000] {processor.py:914} INFO - Processing file /home/airflow/.local/lib/python3.12/site-packages/airflow/example_dags/example_bash_decorator.py for tasks to queue
[2025-08-25T12:50:20.324+0000] {logging_mixin.py:190} INFO - [2025-08-25T12:50:20.324+0000] {dagbag.py:588} INFO - Filling up the DagBag from /home/airflow/.local/lib/python3.12/site-packages/airflow/example_dags/example_bash_decorator.py
[2025-08-25T12:50:20.352+0000] {processor.py:925} INFO - DAG(s) 'example_bash_decorator' retrieved from /home/airflow/.local/lib/python3.12/site-packages/airflow/example_dags/example_bash_decorator.py
[2025-08-25T12:50:20.386+0000] {logging_mixin.py:190} INFO - [2025-08-25T12:50:20.386+0000] {dag.py:3239} INFO - Sync 1 DAGs
[2025-08-25T12:50:20.412+0000] {logging_mixin.py:190} INFO - [2025-08-25T12:50:20.411+0000] {dag.py:4180} INFO - Setting next_dagrun for example_bash_decorator to None, run_after=None
[2025-08-25T12:50:20.445+0000] {processor.py:208} INFO - Processing /home/airflow/.local/lib/python3.12/site-packages/airflow/example_dags/example_bash_decorator.py took 0.137 seconds
[2025-08-25T12:50:50.809+0000] {processor.py:186} INFO - Started process (PID=2004) to work on /home/airflow/.local/lib/python3.12/site-packages/airflow/example_dags/example_bash_decorator.py
[2025-08-25T12:50:50.811+0000] {processor.py:914} INFO - Processing file /home/airflow/.local/lib/python3.12/site-packages/airflow/example_dags/example_bash_decorator.py for tasks to queue
[2025-08-25T12:50:50.815+0000] {logging_mixin.py:190} INFO - [2025-08-25T12:50:50.815+0000] {dagbag.py:588} INFO - Filling up the DagBag from /home/airflow/.local/lib/python3.12/site-packages/airflow/example_dags/example_bash_decorator.py
[2025-08-25T12:50:50.842+0000] {processor.py:925} INFO - DAG(s) 'example_bash_decorator' retrieved from /home/airflow/.local/lib/python3.12/site-packages/airflow/example_dags/example_bash_decorator.py
[2025-08-25T12:50:50.876+0000] {logging_mixin.py:190} INFO - [2025-08-25T12:50:50.875+0000] {dag.py:3239} INFO - Sync 1 DAGs
[2025-08-25T12:50:50.896+0000] {logging_mixin.py:190} INFO - [2025-08-25T12:50:50.895+0000] {dag.py:4180} INFO - Setting next_dagrun for example_bash_decorator to None, run_after=None
[2025-08-25T12:50:50.921+0000] {processor.py:208} INFO - Processing /home/airflow/.local/lib/python3.12/site-packages/airflow/example_dags/example_bash_decorator.py took 0.124 seconds
[2025-08-25T12:51:21.957+0000] {processor.py:186} INFO - Started process (PID=2068) to work on /home/airflow/.local/lib/python3.12/site-packages/airflow/example_dags/example_bash_decorator.py
[2025-08-25T12:51:21.959+0000] {processor.py:914} INFO - Processing file /home/airflow/.local/lib/python3.12/site-packages/airflow/example_dags/example_bash_decorator.py for tasks to queue
[2025-08-25T12:51:21.963+0000] {logging_mixin.py:190} INFO - [2025-08-25T12:51:21.962+0000] {dagbag.py:588} INFO - Filling up the DagBag from /home/airflow/.local/lib/python3.12/site-packages/airflow/example_dags/example_bash_decorator.py
[2025-08-25T12:51:21.989+0000] {processor.py:925} INFO - DAG(s) 'example_bash_decorator' retrieved from /home/airflow/.local/lib/python3.12/site-packages/airflow/example_dags/example_bash_decorator.py
[2025-08-25T12:51:22.036+0000] {logging_mixin.py:190} INFO - [2025-08-25T12:51:22.036+0000] {dag.py:3239} INFO - Sync 1 DAGs
[2025-08-25T12:51:22.066+0000] {logging_mixin.py:190} INFO - [2025-08-25T12:51:22.065+0000] {dag.py:4180} INFO - Setting next_dagrun for example_bash_decorator to None, run_after=None
[2025-08-25T12:51:22.103+0000] {processor.py:208} INFO - Processing /home/airflow/.local/lib/python3.12/site-packages/airflow/example_dags/example_bash_decorator.py took 0.159 seconds
[2025-08-25T12:51:52.820+0000] {processor.py:186} INFO - Started process (PID=2132) to work on /home/airflow/.local/lib/python3.12/site-packages/airflow/example_dags/example_bash_decorator.py
[2025-08-25T12:51:52.822+0000] {processor.py:914} INFO - Processing file /home/airflow/.local/lib/python3.12/site-packages/airflow/example_dags/example_bash_decorator.py for tasks to queue
[2025-08-25T12:51:52.828+0000] {logging_mixin.py:190} INFO - [2025-08-25T12:51:52.827+0000] {dagbag.py:588} INFO - Filling up the DagBag from /home/airflow/.local/lib/python3.12/site-packages/airflow/example_dags/example_bash_decorator.py
[2025-08-25T12:51:52.862+0000] {processor.py:925} INFO - DAG(s) 'example_bash_decorator' retrieved from /home/airflow/.local/lib/python3.12/site-packages/airflow/example_dags/example_bash_decorator.py
[2025-08-25T12:51:52.912+0000] {logging_mixin.py:190} INFO - [2025-08-25T12:51:52.912+0000] {dag.py:3239} INFO - Sync 1 DAGs
[2025-08-25T12:51:52.944+0000] {logging_mixin.py:190} INFO - [2025-08-25T12:51:52.944+0000] {dag.py:4180} INFO - Setting next_dagrun for example_bash_decorator to None, run_after=None
[2025-08-25T12:51:52.988+0000] {processor.py:208} INFO - Processing /home/airflow/.local/lib/python3.12/site-packages/airflow/example_dags/example_bash_decorator.py took 0.185 seconds
[2025-08-25T12:52:23.578+0000] {processor.py:186} INFO - Started process (PID=2196) to work on /home/airflow/.local/lib/python3.12/site-packages/airflow/example_dags/example_bash_decorator.py
[2025-08-25T12:52:23.579+0000] {processor.py:914} INFO - Processing file /home/airflow/.local/lib/python3.12/site-packages/airflow/example_dags/example_bash_decorator.py for tasks to queue
[2025-08-25T12:52:23.582+0000] {logging_mixin.py:190} INFO - [2025-08-25T12:52:23.582+0000] {dagbag.py:588} INFO - Filling up the DagBag from /home/airflow/.local/lib/python3.12/site-packages/airflow/example_dags/example_bash_decorator.py
[2025-08-25T12:52:23.600+0000] {processor.py:925} INFO - DAG(s) 'example_bash_decorator' retrieved from /home/airflow/.local/lib/python3.12/site-packages/airflow/example_dags/example_bash_decorator.py
[2025-08-25T12:52:23.633+0000] {logging_mixin.py:190} INFO - [2025-08-25T12:52:23.632+0000] {dag.py:3239} INFO - Sync 1 DAGs
[2025-08-25T12:52:23.650+0000] {logging_mixin.py:190} INFO - [2025-08-25T12:52:23.650+0000] {dag.py:4180} INFO - Setting next_dagrun for example_bash_decorator to None, run_after=None
[2025-08-25T12:52:23.674+0000] {processor.py:208} INFO - Processing /home/airflow/.local/lib/python3.12/site-packages/airflow/example_dags/example_bash_decorator.py took 0.104 seconds
[2025-08-25T12:52:54.056+0000] {processor.py:186} INFO - Started process (PID=2260) to work on /home/airflow/.local/lib/python3.12/site-packages/airflow/example_dags/example_bash_decorator.py
[2025-08-25T12:52:54.059+0000] {processor.py:914} INFO - Processing file /home/airflow/.local/lib/python3.12/site-packages/airflow/example_dags/example_bash_decorator.py for tasks to queue
[2025-08-25T12:52:54.064+0000] {logging_mixin.py:190} INFO - [2025-08-25T12:52:54.063+0000] {dagbag.py:588} INFO - Filling up the DagBag from /home/airflow/.local/lib/python3.12/site-packages/airflow/example_dags/example_bash_decorator.py
[2025-08-25T12:52:54.100+0000] {processor.py:925} INFO - DAG(s) 'example_bash_decorator' retrieved from /home/airflow/.local/lib/python3.12/site-packages/airflow/example_dags/example_bash_decorator.py
[2025-08-25T12:52:54.151+0000] {logging_mixin.py:190} INFO - [2025-08-25T12:52:54.150+0000] {dag.py:3239} INFO - Sync 1 DAGs
[2025-08-25T12:52:54.187+0000] {logging_mixin.py:190} INFO - [2025-08-25T12:52:54.187+0000] {dag.py:4180} INFO - Setting next_dagrun for example_bash_decorator to None, run_after=None
[2025-08-25T12:52:54.233+0000] {processor.py:208} INFO - Processing /home/airflow/.local/lib/python3.12/site-packages/airflow/example_dags/example_bash_decorator.py took 0.192 seconds
[2025-08-25T12:53:25.009+0000] {processor.py:186} INFO - Started process (PID=2324) to work on /home/airflow/.local/lib/python3.12/site-packages/airflow/example_dags/example_bash_decorator.py
[2025-08-25T12:53:25.011+0000] {processor.py:914} INFO - Processing file /home/airflow/.local/lib/python3.12/site-packages/airflow/example_dags/example_bash_decorator.py for tasks to queue
[2025-08-25T12:53:25.014+0000] {logging_mixin.py:190} INFO - [2025-08-25T12:53:25.014+0000] {dagbag.py:588} INFO - Filling up the DagBag from /home/airflow/.local/lib/python3.12/site-packages/airflow/example_dags/example_bash_decorator.py
[2025-08-25T12:53:25.032+0000] {processor.py:925} INFO - DAG(s) 'example_bash_decorator' retrieved from /home/airflow/.local/lib/python3.12/site-packages/airflow/example_dags/example_bash_decorator.py
[2025-08-25T12:53:25.066+0000] {logging_mixin.py:190} INFO - [2025-08-25T12:53:25.065+0000] {dag.py:3239} INFO - Sync 1 DAGs
[2025-08-25T12:53:25.091+0000] {logging_mixin.py:190} INFO - [2025-08-25T12:53:25.090+0000] {dag.py:4180} INFO - Setting next_dagrun for example_bash_decorator to None, run_after=None
[2025-08-25T12:53:25.119+0000] {processor.py:208} INFO - Processing /home/airflow/.local/lib/python3.12/site-packages/airflow/example_dags/example_bash_decorator.py took 0.119 seconds
[2025-08-25T12:53:55.381+0000] {processor.py:186} INFO - Started process (PID=2388) to work on /home/airflow/.local/lib/python3.12/site-packages/airflow/example_dags/example_bash_decorator.py
[2025-08-25T12:53:55.382+0000] {processor.py:914} INFO - Processing file /home/airflow/.local/lib/python3.12/site-packages/airflow/example_dags/example_bash_decorator.py for tasks to queue
[2025-08-25T12:53:55.384+0000] {logging_mixin.py:190} INFO - [2025-08-25T12:53:55.384+0000] {dagbag.py:588} INFO - Filling up the DagBag from /home/airflow/.local/lib/python3.12/site-packages/airflow/example_dags/example_bash_decorator.py
[2025-08-25T12:53:55.398+0000] {processor.py:925} INFO - DAG(s) 'example_bash_decorator' retrieved from /home/airflow/.local/lib/python3.12/site-packages/airflow/example_dags/example_bash_decorator.py
[2025-08-25T12:53:55.434+0000] {logging_mixin.py:190} INFO - [2025-08-25T12:53:55.433+0000] {dag.py:3239} INFO - Sync 1 DAGs
[2025-08-25T12:53:55.457+0000] {logging_mixin.py:190} INFO - [2025-08-25T12:53:55.456+0000] {dag.py:4180} INFO - Setting next_dagrun for example_bash_decorator to None, run_after=None
[2025-08-25T12:53:55.483+0000] {processor.py:208} INFO - Processing /home/airflow/.local/lib/python3.12/site-packages/airflow/example_dags/example_bash_decorator.py took 0.113 seconds
[2025-08-25T12:54:26.439+0000] {processor.py:186} INFO - Started process (PID=2452) to work on /home/airflow/.local/lib/python3.12/site-packages/airflow/example_dags/example_bash_decorator.py
[2025-08-25T12:54:26.441+0000] {processor.py:914} INFO - Processing file /home/airflow/.local/lib/python3.12/site-packages/airflow/example_dags/example_bash_decorator.py for tasks to queue
[2025-08-25T12:54:26.443+0000] {logging_mixin.py:190} INFO - [2025-08-25T12:54:26.443+0000] {dagbag.py:588} INFO - Filling up the DagBag from /home/airflow/.local/lib/python3.12/site-packages/airflow/example_dags/example_bash_decorator.py
[2025-08-25T12:54:26.461+0000] {processor.py:925} INFO - DAG(s) 'example_bash_decorator' retrieved from /home/airflow/.local/lib/python3.12/site-packages/airflow/example_dags/example_bash_decorator.py
[2025-08-25T12:54:26.496+0000] {logging_mixin.py:190} INFO - [2025-08-25T12:54:26.496+0000] {dag.py:3239} INFO - Sync 1 DAGs
[2025-08-25T12:54:26.515+0000] {logging_mixin.py:190} INFO - [2025-08-25T12:54:26.514+0000] {dag.py:4180} INFO - Setting next_dagrun for example_bash_decorator to None, run_after=None
[2025-08-25T12:54:26.548+0000] {processor.py:208} INFO - Processing /home/airflow/.local/lib/python3.12/site-packages/airflow/example_dags/example_bash_decorator.py took 0.120 seconds
[2025-08-25T12:54:57.462+0000] {processor.py:186} INFO - Started process (PID=2516) to work on /home/airflow/.local/lib/python3.12/site-packages/airflow/example_dags/example_bash_decorator.py
[2025-08-25T12:54:57.463+0000] {processor.py:914} INFO - Processing file /home/airflow/.local/lib/python3.12/site-packages/airflow/example_dags/example_bash_decorator.py for tasks to queue
[2025-08-25T12:54:57.466+0000] {logging_mixin.py:190} INFO - [2025-08-25T12:54:57.465+0000] {dagbag.py:588} INFO - Filling up the DagBag from /home/airflow/.local/lib/python3.12/site-packages/airflow/example_dags/example_bash_decorator.py
[2025-08-25T12:54:57.481+0000] {processor.py:925} INFO - DAG(s) 'example_bash_decorator' retrieved from /home/airflow/.local/lib/python3.12/site-packages/airflow/example_dags/example_bash_decorator.py
[2025-08-25T12:54:57.527+0000] {logging_mixin.py:190} INFO - [2025-08-25T12:54:57.526+0000] {dag.py:3239} INFO - Sync 1 DAGs
[2025-08-25T12:54:57.559+0000] {logging_mixin.py:190} INFO - [2025-08-25T12:54:57.559+0000] {dag.py:4180} INFO - Setting next_dagrun for example_bash_decorator to None, run_after=None
[2025-08-25T12:54:57.597+0000] {processor.py:208} INFO - Processing /home/airflow/.local/lib/python3.12/site-packages/airflow/example_dags/example_bash_decorator.py took 0.142 seconds
[2025-08-25T12:55:28.228+0000] {processor.py:186} INFO - Started process (PID=2580) to work on /home/airflow/.local/lib/python3.12/site-packages/airflow/example_dags/example_bash_decorator.py
[2025-08-25T12:55:28.230+0000] {processor.py:914} INFO - Processing file /home/airflow/.local/lib/python3.12/site-packages/airflow/example_dags/example_bash_decorator.py for tasks to queue
[2025-08-25T12:55:28.233+0000] {logging_mixin.py:190} INFO - [2025-08-25T12:55:28.232+0000] {dagbag.py:588} INFO - Filling up the DagBag from /home/airflow/.local/lib/python3.12/site-packages/airflow/example_dags/example_bash_decorator.py
[2025-08-25T12:55:28.255+0000] {processor.py:925} INFO - DAG(s) 'example_bash_decorator' retrieved from /home/airflow/.local/lib/python3.12/site-packages/airflow/example_dags/example_bash_decorator.py
[2025-08-25T12:55:28.292+0000] {logging_mixin.py:190} INFO - [2025-08-25T12:55:28.292+0000] {dag.py:3239} INFO - Sync 1 DAGs
[2025-08-25T12:55:28.316+0000] {logging_mixin.py:190} INFO - [2025-08-25T12:55:28.316+0000] {dag.py:4180} INFO - Setting next_dagrun for example_bash_decorator to None, run_after=None
[2025-08-25T12:55:28.344+0000] {processor.py:208} INFO - Processing /home/airflow/.local/lib/python3.12/site-packages/airflow/example_dags/example_bash_decorator.py took 0.126 seconds
[2025-08-25T12:55:58.646+0000] {processor.py:186} INFO - Started process (PID=2644) to work on /home/airflow/.local/lib/python3.12/site-packages/airflow/example_dags/example_bash_decorator.py
[2025-08-25T12:55:58.647+0000] {processor.py:914} INFO - Processing file /home/airflow/.local/lib/python3.12/site-packages/airflow/example_dags/example_bash_decorator.py for tasks to queue
[2025-08-25T12:55:58.650+0000] {logging_mixin.py:190} INFO - [2025-08-25T12:55:58.650+0000] {dagbag.py:588} INFO - Filling up the DagBag from /home/airflow/.local/lib/python3.12/site-packages/airflow/example_dags/example_bash_decorator.py
[2025-08-25T12:55:58.668+0000] {processor.py:925} INFO - DAG(s) 'example_bash_decorator' retrieved from /home/airflow/.local/lib/python3.12/site-packages/airflow/example_dags/example_bash_decorator.py
[2025-08-25T12:55:58.702+0000] {logging_mixin.py:190} INFO - [2025-08-25T12:55:58.701+0000] {dag.py:3239} INFO - Sync 1 DAGs
[2025-08-25T12:55:58.721+0000] {logging_mixin.py:190} INFO - [2025-08-25T12:55:58.721+0000] {dag.py:4180} INFO - Setting next_dagrun for example_bash_decorator to None, run_after=None
[2025-08-25T12:55:58.748+0000] {processor.py:208} INFO - Processing /home/airflow/.local/lib/python3.12/site-packages/airflow/example_dags/example_bash_decorator.py took 0.110 seconds
[2025-08-25T12:56:28.799+0000] {processor.py:186} INFO - Started process (PID=2707) to work on /home/airflow/.local/lib/python3.12/site-packages/airflow/example_dags/example_bash_decorator.py
[2025-08-25T12:56:28.800+0000] {processor.py:914} INFO - Processing file /home/airflow/.local/lib/python3.12/site-packages/airflow/example_dags/example_bash_decorator.py for tasks to queue
[2025-08-25T12:56:28.803+0000] {logging_mixin.py:190} INFO - [2025-08-25T12:56:28.803+0000] {dagbag.py:588} INFO - Filling up the DagBag from /home/airflow/.local/lib/python3.12/site-packages/airflow/example_dags/example_bash_decorator.py
[2025-08-25T12:56:28.820+0000] {processor.py:925} INFO - DAG(s) 'example_bash_decorator' retrieved from /home/airflow/.local/lib/python3.12/site-packages/airflow/example_dags/example_bash_decorator.py
[2025-08-25T12:56:28.850+0000] {logging_mixin.py:190} INFO - [2025-08-25T12:56:28.849+0000] {dag.py:3239} INFO - Sync 1 DAGs
[2025-08-25T12:56:28.865+0000] {logging_mixin.py:190} INFO - [2025-08-25T12:56:28.865+0000] {dag.py:4180} INFO - Setting next_dagrun for example_bash_decorator to None, run_after=None
[2025-08-25T12:56:28.887+0000] {processor.py:208} INFO - Processing /home/airflow/.local/lib/python3.12/site-packages/airflow/example_dags/example_bash_decorator.py took 0.095 seconds
[2025-08-25T12:56:59.793+0000] {processor.py:186} INFO - Started process (PID=2771) to work on /home/airflow/.local/lib/python3.12/site-packages/airflow/example_dags/example_bash_decorator.py
[2025-08-25T12:56:59.795+0000] {processor.py:914} INFO - Processing file /home/airflow/.local/lib/python3.12/site-packages/airflow/example_dags/example_bash_decorator.py for tasks to queue
[2025-08-25T12:56:59.798+0000] {logging_mixin.py:190} INFO - [2025-08-25T12:56:59.797+0000] {dagbag.py:588} INFO - Filling up the DagBag from /home/airflow/.local/lib/python3.12/site-packages/airflow/example_dags/example_bash_decorator.py
[2025-08-25T12:56:59.815+0000] {processor.py:925} INFO - DAG(s) 'example_bash_decorator' retrieved from /home/airflow/.local/lib/python3.12/site-packages/airflow/example_dags/example_bash_decorator.py
[2025-08-25T12:56:59.859+0000] {logging_mixin.py:190} INFO - [2025-08-25T12:56:59.858+0000] {dag.py:3239} INFO - Sync 1 DAGs
[2025-08-25T12:56:59.884+0000] {logging_mixin.py:190} INFO - [2025-08-25T12:56:59.884+0000] {dag.py:4180} INFO - Setting next_dagrun for example_bash_decorator to None, run_after=None
[2025-08-25T12:56:59.909+0000] {processor.py:208} INFO - Processing /home/airflow/.local/lib/python3.12/site-packages/airflow/example_dags/example_bash_decorator.py took 0.124 seconds
