[2025-08-25T12:35:40.401+0000] {processor.py:186} INFO - Started process (PID=120) to work on /home/airflow/.local/lib/python3.12/site-packages/airflow/example_dags/example_sla_dag.py
[2025-08-25T12:35:40.402+0000] {processor.py:914} INFO - Processing file /home/airflow/.local/lib/python3.12/site-packages/airflow/example_dags/example_sla_dag.py for tasks to queue
[2025-08-25T12:35:40.404+0000] {logging_mixin.py:190} INFO - [2025-08-25T12:35:40.404+0000] {dagbag.py:588} INFO - Filling up the DagBag from /home/airflow/.local/lib/python3.12/site-packages/airflow/example_dags/example_sla_dag.py
[2025-08-25T12:35:40.416+0000] {processor.py:925} INFO - DAG(s) 'example_sla_dag' retrieved from /home/airflow/.local/lib/python3.12/site-packages/airflow/example_dags/example_sla_dag.py
[2025-08-25T12:35:40.522+0000] {logging_mixin.py:190} INFO - [2025-08-25T12:35:40.521+0000] {override.py:1900} INFO - Created Permission View: can read on DAG:example_sla_dag
[2025-08-25T12:35:40.539+0000] {logging_mixin.py:190} INFO - [2025-08-25T12:35:40.538+0000] {override.py:1900} INFO - Created Permission View: can delete on DAG:example_sla_dag
[2025-08-25T12:35:40.549+0000] {logging_mixin.py:190} INFO - [2025-08-25T12:35:40.549+0000] {override.py:1900} INFO - Created Permission View: can edit on DAG:example_sla_dag
[2025-08-25T12:35:40.562+0000] {logging_mixin.py:190} INFO - [2025-08-25T12:35:40.561+0000] {override.py:1900} INFO - Created Permission View: can read on DAG Run:example_sla_dag
[2025-08-25T12:35:40.574+0000] {logging_mixin.py:190} INFO - [2025-08-25T12:35:40.573+0000] {override.py:1900} INFO - Created Permission View: menu access on DAG Run:example_sla_dag
[2025-08-25T12:35:40.587+0000] {logging_mixin.py:190} INFO - [2025-08-25T12:35:40.586+0000] {override.py:1900} INFO - Created Permission View: can delete on DAG Run:example_sla_dag
[2025-08-25T12:35:40.599+0000] {logging_mixin.py:190} INFO - [2025-08-25T12:35:40.598+0000] {override.py:1900} INFO - Created Permission View: can create on DAG Run:example_sla_dag
[2025-08-25T12:35:40.599+0000] {logging_mixin.py:190} INFO - [2025-08-25T12:35:40.599+0000] {dag.py:3239} INFO - Sync 1 DAGs
[2025-08-25T12:35:40.626+0000] {logging_mixin.py:190} INFO - [2025-08-25T12:35:40.625+0000] {dag.py:3262} INFO - Creating ORM DAG for example_sla_dag
[2025-08-25T12:35:40.653+0000] {logging_mixin.py:190} INFO - [2025-08-25T12:35:40.652+0000] {dag.py:4180} INFO - Setting next_dagrun for example_sla_dag to 2025-08-25 12:32:00+00:00, run_after=2025-08-25 12:34:00+00:00
[2025-08-25T12:35:40.677+0000] {processor.py:208} INFO - Processing /home/airflow/.local/lib/python3.12/site-packages/airflow/example_dags/example_sla_dag.py took 0.283 seconds
[2025-08-25T12:36:11.444+0000] {processor.py:186} INFO - Started process (PID=184) to work on /home/airflow/.local/lib/python3.12/site-packages/airflow/example_dags/example_sla_dag.py
[2025-08-25T12:36:11.445+0000] {processor.py:914} INFO - Processing file /home/airflow/.local/lib/python3.12/site-packages/airflow/example_dags/example_sla_dag.py for tasks to queue
[2025-08-25T12:36:11.448+0000] {logging_mixin.py:190} INFO - [2025-08-25T12:36:11.448+0000] {dagbag.py:588} INFO - Filling up the DagBag from /home/airflow/.local/lib/python3.12/site-packages/airflow/example_dags/example_sla_dag.py
[2025-08-25T12:36:11.464+0000] {processor.py:925} INFO - DAG(s) 'example_sla_dag' retrieved from /home/airflow/.local/lib/python3.12/site-packages/airflow/example_dags/example_sla_dag.py
[2025-08-25T12:36:11.493+0000] {logging_mixin.py:190} INFO - [2025-08-25T12:36:11.493+0000] {dag.py:3239} INFO - Sync 1 DAGs
[2025-08-25T12:36:11.542+0000] {logging_mixin.py:190} INFO - [2025-08-25T12:36:11.542+0000] {dag.py:4180} INFO - Setting next_dagrun for example_sla_dag to 2025-08-25 12:34:00+00:00, run_after=2025-08-25 12:36:00+00:00
[2025-08-25T12:36:11.571+0000] {processor.py:208} INFO - Processing /home/airflow/.local/lib/python3.12/site-packages/airflow/example_dags/example_sla_dag.py took 0.136 seconds
[2025-08-25T12:36:42.322+0000] {processor.py:186} INFO - Started process (PID=248) to work on /home/airflow/.local/lib/python3.12/site-packages/airflow/example_dags/example_sla_dag.py
[2025-08-25T12:36:42.323+0000] {processor.py:914} INFO - Processing file /home/airflow/.local/lib/python3.12/site-packages/airflow/example_dags/example_sla_dag.py for tasks to queue
[2025-08-25T12:36:42.326+0000] {logging_mixin.py:190} INFO - [2025-08-25T12:36:42.325+0000] {dagbag.py:588} INFO - Filling up the DagBag from /home/airflow/.local/lib/python3.12/site-packages/airflow/example_dags/example_sla_dag.py
[2025-08-25T12:36:42.338+0000] {processor.py:925} INFO - DAG(s) 'example_sla_dag' retrieved from /home/airflow/.local/lib/python3.12/site-packages/airflow/example_dags/example_sla_dag.py
[2025-08-25T12:36:42.368+0000] {logging_mixin.py:190} INFO - [2025-08-25T12:36:42.368+0000] {dag.py:3239} INFO - Sync 1 DAGs
[2025-08-25T12:36:42.407+0000] {logging_mixin.py:190} INFO - [2025-08-25T12:36:42.407+0000] {dag.py:4180} INFO - Setting next_dagrun for example_sla_dag to 2025-08-25 12:34:00+00:00, run_after=2025-08-25 12:36:00+00:00
[2025-08-25T12:36:42.432+0000] {processor.py:208} INFO - Processing /home/airflow/.local/lib/python3.12/site-packages/airflow/example_dags/example_sla_dag.py took 0.119 seconds
[2025-08-25T12:37:13.275+0000] {processor.py:186} INFO - Started process (PID=312) to work on /home/airflow/.local/lib/python3.12/site-packages/airflow/example_dags/example_sla_dag.py
[2025-08-25T12:37:13.276+0000] {processor.py:914} INFO - Processing file /home/airflow/.local/lib/python3.12/site-packages/airflow/example_dags/example_sla_dag.py for tasks to queue
[2025-08-25T12:37:13.279+0000] {logging_mixin.py:190} INFO - [2025-08-25T12:37:13.278+0000] {dagbag.py:588} INFO - Filling up the DagBag from /home/airflow/.local/lib/python3.12/site-packages/airflow/example_dags/example_sla_dag.py
[2025-08-25T12:37:13.288+0000] {processor.py:925} INFO - DAG(s) 'example_sla_dag' retrieved from /home/airflow/.local/lib/python3.12/site-packages/airflow/example_dags/example_sla_dag.py
[2025-08-25T12:37:13.319+0000] {logging_mixin.py:190} INFO - [2025-08-25T12:37:13.318+0000] {dag.py:3239} INFO - Sync 1 DAGs
[2025-08-25T12:37:13.368+0000] {logging_mixin.py:190} INFO - [2025-08-25T12:37:13.368+0000] {dag.py:4180} INFO - Setting next_dagrun for example_sla_dag to 2025-08-25 12:34:00+00:00, run_after=2025-08-25 12:36:00+00:00
[2025-08-25T12:37:13.400+0000] {processor.py:208} INFO - Processing /home/airflow/.local/lib/python3.12/site-packages/airflow/example_dags/example_sla_dag.py took 0.130 seconds
[2025-08-25T12:37:44.254+0000] {processor.py:186} INFO - Started process (PID=376) to work on /home/airflow/.local/lib/python3.12/site-packages/airflow/example_dags/example_sla_dag.py
[2025-08-25T12:37:44.255+0000] {processor.py:914} INFO - Processing file /home/airflow/.local/lib/python3.12/site-packages/airflow/example_dags/example_sla_dag.py for tasks to queue
[2025-08-25T12:37:44.257+0000] {logging_mixin.py:190} INFO - [2025-08-25T12:37:44.257+0000] {dagbag.py:588} INFO - Filling up the DagBag from /home/airflow/.local/lib/python3.12/site-packages/airflow/example_dags/example_sla_dag.py
[2025-08-25T12:37:44.268+0000] {processor.py:925} INFO - DAG(s) 'example_sla_dag' retrieved from /home/airflow/.local/lib/python3.12/site-packages/airflow/example_dags/example_sla_dag.py
[2025-08-25T12:37:44.294+0000] {logging_mixin.py:190} INFO - [2025-08-25T12:37:44.293+0000] {dag.py:3239} INFO - Sync 1 DAGs
[2025-08-25T12:37:44.322+0000] {logging_mixin.py:190} INFO - [2025-08-25T12:37:44.322+0000] {dag.py:4180} INFO - Setting next_dagrun for example_sla_dag to 2025-08-25 12:34:00+00:00, run_after=2025-08-25 12:36:00+00:00
[2025-08-25T12:37:44.345+0000] {processor.py:208} INFO - Processing /home/airflow/.local/lib/python3.12/site-packages/airflow/example_dags/example_sla_dag.py took 0.098 seconds
[2025-08-25T12:38:15.102+0000] {processor.py:186} INFO - Started process (PID=440) to work on /home/airflow/.local/lib/python3.12/site-packages/airflow/example_dags/example_sla_dag.py
[2025-08-25T12:38:15.103+0000] {processor.py:914} INFO - Processing file /home/airflow/.local/lib/python3.12/site-packages/airflow/example_dags/example_sla_dag.py for tasks to queue
[2025-08-25T12:38:15.107+0000] {logging_mixin.py:190} INFO - [2025-08-25T12:38:15.106+0000] {dagbag.py:588} INFO - Filling up the DagBag from /home/airflow/.local/lib/python3.12/site-packages/airflow/example_dags/example_sla_dag.py
[2025-08-25T12:38:15.124+0000] {processor.py:925} INFO - DAG(s) 'example_sla_dag' retrieved from /home/airflow/.local/lib/python3.12/site-packages/airflow/example_dags/example_sla_dag.py
[2025-08-25T12:38:15.151+0000] {logging_mixin.py:190} INFO - [2025-08-25T12:38:15.151+0000] {dag.py:3239} INFO - Sync 1 DAGs
[2025-08-25T12:38:15.185+0000] {logging_mixin.py:190} INFO - [2025-08-25T12:38:15.185+0000] {dag.py:4180} INFO - Setting next_dagrun for example_sla_dag to 2025-08-25 12:36:00+00:00, run_after=2025-08-25 12:38:00+00:00
[2025-08-25T12:38:15.210+0000] {processor.py:208} INFO - Processing /home/airflow/.local/lib/python3.12/site-packages/airflow/example_dags/example_sla_dag.py took 0.119 seconds
[2025-08-25T12:38:45.593+0000] {processor.py:186} INFO - Started process (PID=504) to work on /home/airflow/.local/lib/python3.12/site-packages/airflow/example_dags/example_sla_dag.py
[2025-08-25T12:38:45.594+0000] {processor.py:914} INFO - Processing file /home/airflow/.local/lib/python3.12/site-packages/airflow/example_dags/example_sla_dag.py for tasks to queue
[2025-08-25T12:38:45.596+0000] {logging_mixin.py:190} INFO - [2025-08-25T12:38:45.596+0000] {dagbag.py:588} INFO - Filling up the DagBag from /home/airflow/.local/lib/python3.12/site-packages/airflow/example_dags/example_sla_dag.py
[2025-08-25T12:38:45.608+0000] {processor.py:925} INFO - DAG(s) 'example_sla_dag' retrieved from /home/airflow/.local/lib/python3.12/site-packages/airflow/example_dags/example_sla_dag.py
[2025-08-25T12:38:45.632+0000] {logging_mixin.py:190} INFO - [2025-08-25T12:38:45.632+0000] {dag.py:3239} INFO - Sync 1 DAGs
[2025-08-25T12:38:45.662+0000] {logging_mixin.py:190} INFO - [2025-08-25T12:38:45.662+0000] {dag.py:4180} INFO - Setting next_dagrun for example_sla_dag to 2025-08-25 12:36:00+00:00, run_after=2025-08-25 12:38:00+00:00
[2025-08-25T12:38:45.686+0000] {processor.py:208} INFO - Processing /home/airflow/.local/lib/python3.12/site-packages/airflow/example_dags/example_sla_dag.py took 0.100 seconds
[2025-08-25T12:39:16.006+0000] {processor.py:186} INFO - Started process (PID=568) to work on /home/airflow/.local/lib/python3.12/site-packages/airflow/example_dags/example_sla_dag.py
[2025-08-25T12:39:16.007+0000] {processor.py:914} INFO - Processing file /home/airflow/.local/lib/python3.12/site-packages/airflow/example_dags/example_sla_dag.py for tasks to queue
[2025-08-25T12:39:16.010+0000] {logging_mixin.py:190} INFO - [2025-08-25T12:39:16.009+0000] {dagbag.py:588} INFO - Filling up the DagBag from /home/airflow/.local/lib/python3.12/site-packages/airflow/example_dags/example_sla_dag.py
[2025-08-25T12:39:16.023+0000] {processor.py:925} INFO - DAG(s) 'example_sla_dag' retrieved from /home/airflow/.local/lib/python3.12/site-packages/airflow/example_dags/example_sla_dag.py
[2025-08-25T12:39:16.053+0000] {logging_mixin.py:190} INFO - [2025-08-25T12:39:16.053+0000] {dag.py:3239} INFO - Sync 1 DAGs
[2025-08-25T12:39:16.088+0000] {logging_mixin.py:190} INFO - [2025-08-25T12:39:16.088+0000] {dag.py:4180} INFO - Setting next_dagrun for example_sla_dag to 2025-08-25 12:36:00+00:00, run_after=2025-08-25 12:38:00+00:00
[2025-08-25T12:39:16.114+0000] {processor.py:208} INFO - Processing /home/airflow/.local/lib/python3.12/site-packages/airflow/example_dags/example_sla_dag.py took 0.115 seconds
[2025-08-25T12:39:46.355+0000] {processor.py:186} INFO - Started process (PID=632) to work on /home/airflow/.local/lib/python3.12/site-packages/airflow/example_dags/example_sla_dag.py
[2025-08-25T12:39:46.356+0000] {processor.py:914} INFO - Processing file /home/airflow/.local/lib/python3.12/site-packages/airflow/example_dags/example_sla_dag.py for tasks to queue
[2025-08-25T12:39:46.359+0000] {logging_mixin.py:190} INFO - [2025-08-25T12:39:46.358+0000] {dagbag.py:588} INFO - Filling up the DagBag from /home/airflow/.local/lib/python3.12/site-packages/airflow/example_dags/example_sla_dag.py
[2025-08-25T12:39:46.369+0000] {processor.py:925} INFO - DAG(s) 'example_sla_dag' retrieved from /home/airflow/.local/lib/python3.12/site-packages/airflow/example_dags/example_sla_dag.py
[2025-08-25T12:39:46.397+0000] {logging_mixin.py:190} INFO - [2025-08-25T12:39:46.397+0000] {dag.py:3239} INFO - Sync 1 DAGs
[2025-08-25T12:39:46.435+0000] {logging_mixin.py:190} INFO - [2025-08-25T12:39:46.434+0000] {dag.py:4180} INFO - Setting next_dagrun for example_sla_dag to 2025-08-25 12:36:00+00:00, run_after=2025-08-25 12:38:00+00:00
[2025-08-25T12:39:46.463+0000] {processor.py:208} INFO - Processing /home/airflow/.local/lib/python3.12/site-packages/airflow/example_dags/example_sla_dag.py took 0.114 seconds
[2025-08-25T12:40:16.841+0000] {processor.py:186} INFO - Started process (PID=696) to work on /home/airflow/.local/lib/python3.12/site-packages/airflow/example_dags/example_sla_dag.py
[2025-08-25T12:40:16.842+0000] {processor.py:914} INFO - Processing file /home/airflow/.local/lib/python3.12/site-packages/airflow/example_dags/example_sla_dag.py for tasks to queue
[2025-08-25T12:40:16.845+0000] {logging_mixin.py:190} INFO - [2025-08-25T12:40:16.844+0000] {dagbag.py:588} INFO - Filling up the DagBag from /home/airflow/.local/lib/python3.12/site-packages/airflow/example_dags/example_sla_dag.py
[2025-08-25T12:40:16.858+0000] {processor.py:925} INFO - DAG(s) 'example_sla_dag' retrieved from /home/airflow/.local/lib/python3.12/site-packages/airflow/example_dags/example_sla_dag.py
[2025-08-25T12:40:16.886+0000] {logging_mixin.py:190} INFO - [2025-08-25T12:40:16.886+0000] {dag.py:3239} INFO - Sync 1 DAGs
[2025-08-25T12:40:16.922+0000] {logging_mixin.py:190} INFO - [2025-08-25T12:40:16.922+0000] {dag.py:4180} INFO - Setting next_dagrun for example_sla_dag to 2025-08-25 12:38:00+00:00, run_after=2025-08-25 12:40:00+00:00
[2025-08-25T12:40:16.950+0000] {processor.py:208} INFO - Processing /home/airflow/.local/lib/python3.12/site-packages/airflow/example_dags/example_sla_dag.py took 0.118 seconds
[2025-08-25T12:40:47.668+0000] {processor.py:186} INFO - Started process (PID=763) to work on /home/airflow/.local/lib/python3.12/site-packages/airflow/example_dags/example_sla_dag.py
[2025-08-25T12:40:47.669+0000] {processor.py:914} INFO - Processing file /home/airflow/.local/lib/python3.12/site-packages/airflow/example_dags/example_sla_dag.py for tasks to queue
[2025-08-25T12:40:47.673+0000] {logging_mixin.py:190} INFO - [2025-08-25T12:40:47.672+0000] {dagbag.py:588} INFO - Filling up the DagBag from /home/airflow/.local/lib/python3.12/site-packages/airflow/example_dags/example_sla_dag.py
[2025-08-25T12:40:47.688+0000] {processor.py:925} INFO - DAG(s) 'example_sla_dag' retrieved from /home/airflow/.local/lib/python3.12/site-packages/airflow/example_dags/example_sla_dag.py
[2025-08-25T12:40:47.723+0000] {logging_mixin.py:190} INFO - [2025-08-25T12:40:47.722+0000] {dag.py:3239} INFO - Sync 1 DAGs
[2025-08-25T12:40:47.762+0000] {logging_mixin.py:190} INFO - [2025-08-25T12:40:47.762+0000] {dag.py:4180} INFO - Setting next_dagrun for example_sla_dag to 2025-08-25 12:38:00+00:00, run_after=2025-08-25 12:40:00+00:00
[2025-08-25T12:40:47.786+0000] {processor.py:208} INFO - Processing /home/airflow/.local/lib/python3.12/site-packages/airflow/example_dags/example_sla_dag.py took 0.127 seconds
[2025-08-25T12:41:18.226+0000] {processor.py:186} INFO - Started process (PID=827) to work on /home/airflow/.local/lib/python3.12/site-packages/airflow/example_dags/example_sla_dag.py
[2025-08-25T12:41:18.227+0000] {processor.py:914} INFO - Processing file /home/airflow/.local/lib/python3.12/site-packages/airflow/example_dags/example_sla_dag.py for tasks to queue
[2025-08-25T12:41:18.230+0000] {logging_mixin.py:190} INFO - [2025-08-25T12:41:18.229+0000] {dagbag.py:588} INFO - Filling up the DagBag from /home/airflow/.local/lib/python3.12/site-packages/airflow/example_dags/example_sla_dag.py
[2025-08-25T12:41:18.245+0000] {processor.py:925} INFO - DAG(s) 'example_sla_dag' retrieved from /home/airflow/.local/lib/python3.12/site-packages/airflow/example_dags/example_sla_dag.py
[2025-08-25T12:41:18.276+0000] {logging_mixin.py:190} INFO - [2025-08-25T12:41:18.276+0000] {dag.py:3239} INFO - Sync 1 DAGs
[2025-08-25T12:41:18.312+0000] {logging_mixin.py:190} INFO - [2025-08-25T12:41:18.312+0000] {dag.py:4180} INFO - Setting next_dagrun for example_sla_dag to 2025-08-25 12:38:00+00:00, run_after=2025-08-25 12:40:00+00:00
[2025-08-25T12:41:18.338+0000] {processor.py:208} INFO - Processing /home/airflow/.local/lib/python3.12/site-packages/airflow/example_dags/example_sla_dag.py took 0.120 seconds
[2025-08-25T12:41:48.942+0000] {processor.py:186} INFO - Started process (PID=891) to work on /home/airflow/.local/lib/python3.12/site-packages/airflow/example_dags/example_sla_dag.py
[2025-08-25T12:41:48.943+0000] {processor.py:914} INFO - Processing file /home/airflow/.local/lib/python3.12/site-packages/airflow/example_dags/example_sla_dag.py for tasks to queue
[2025-08-25T12:41:48.946+0000] {logging_mixin.py:190} INFO - [2025-08-25T12:41:48.946+0000] {dagbag.py:588} INFO - Filling up the DagBag from /home/airflow/.local/lib/python3.12/site-packages/airflow/example_dags/example_sla_dag.py
[2025-08-25T12:41:48.962+0000] {processor.py:925} INFO - DAG(s) 'example_sla_dag' retrieved from /home/airflow/.local/lib/python3.12/site-packages/airflow/example_dags/example_sla_dag.py
[2025-08-25T12:41:48.994+0000] {logging_mixin.py:190} INFO - [2025-08-25T12:41:48.993+0000] {dag.py:3239} INFO - Sync 1 DAGs
[2025-08-25T12:41:49.031+0000] {logging_mixin.py:190} INFO - [2025-08-25T12:41:49.030+0000] {dag.py:4180} INFO - Setting next_dagrun for example_sla_dag to 2025-08-25 12:38:00+00:00, run_after=2025-08-25 12:40:00+00:00
[2025-08-25T12:41:49.057+0000] {processor.py:208} INFO - Processing /home/airflow/.local/lib/python3.12/site-packages/airflow/example_dags/example_sla_dag.py took 0.124 seconds
[2025-08-25T12:42:19.798+0000] {processor.py:186} INFO - Started process (PID=955) to work on /home/airflow/.local/lib/python3.12/site-packages/airflow/example_dags/example_sla_dag.py
[2025-08-25T12:42:19.800+0000] {processor.py:914} INFO - Processing file /home/airflow/.local/lib/python3.12/site-packages/airflow/example_dags/example_sla_dag.py for tasks to queue
[2025-08-25T12:42:19.803+0000] {logging_mixin.py:190} INFO - [2025-08-25T12:42:19.803+0000] {dagbag.py:588} INFO - Filling up the DagBag from /home/airflow/.local/lib/python3.12/site-packages/airflow/example_dags/example_sla_dag.py
[2025-08-25T12:42:19.816+0000] {processor.py:925} INFO - DAG(s) 'example_sla_dag' retrieved from /home/airflow/.local/lib/python3.12/site-packages/airflow/example_dags/example_sla_dag.py
[2025-08-25T12:42:19.845+0000] {logging_mixin.py:190} INFO - [2025-08-25T12:42:19.844+0000] {dag.py:3239} INFO - Sync 1 DAGs
[2025-08-25T12:42:19.876+0000] {logging_mixin.py:190} INFO - [2025-08-25T12:42:19.875+0000] {dag.py:4180} INFO - Setting next_dagrun for example_sla_dag to 2025-08-25 12:40:00+00:00, run_after=2025-08-25 12:42:00+00:00
[2025-08-25T12:42:19.899+0000] {processor.py:208} INFO - Processing /home/airflow/.local/lib/python3.12/site-packages/airflow/example_dags/example_sla_dag.py took 0.109 seconds
[2025-08-25T12:42:50.556+0000] {processor.py:186} INFO - Started process (PID=1019) to work on /home/airflow/.local/lib/python3.12/site-packages/airflow/example_dags/example_sla_dag.py
[2025-08-25T12:42:50.557+0000] {processor.py:914} INFO - Processing file /home/airflow/.local/lib/python3.12/site-packages/airflow/example_dags/example_sla_dag.py for tasks to queue
[2025-08-25T12:42:50.560+0000] {logging_mixin.py:190} INFO - [2025-08-25T12:42:50.560+0000] {dagbag.py:588} INFO - Filling up the DagBag from /home/airflow/.local/lib/python3.12/site-packages/airflow/example_dags/example_sla_dag.py
[2025-08-25T12:42:50.574+0000] {processor.py:925} INFO - DAG(s) 'example_sla_dag' retrieved from /home/airflow/.local/lib/python3.12/site-packages/airflow/example_dags/example_sla_dag.py
[2025-08-25T12:42:50.604+0000] {logging_mixin.py:190} INFO - [2025-08-25T12:42:50.603+0000] {dag.py:3239} INFO - Sync 1 DAGs
[2025-08-25T12:42:50.640+0000] {logging_mixin.py:190} INFO - [2025-08-25T12:42:50.640+0000] {dag.py:4180} INFO - Setting next_dagrun for example_sla_dag to 2025-08-25 12:40:00+00:00, run_after=2025-08-25 12:42:00+00:00
[2025-08-25T12:42:50.665+0000] {processor.py:208} INFO - Processing /home/airflow/.local/lib/python3.12/site-packages/airflow/example_dags/example_sla_dag.py took 0.118 seconds
[2025-08-25T12:43:21.266+0000] {processor.py:186} INFO - Started process (PID=1083) to work on /home/airflow/.local/lib/python3.12/site-packages/airflow/example_dags/example_sla_dag.py
[2025-08-25T12:43:21.267+0000] {processor.py:914} INFO - Processing file /home/airflow/.local/lib/python3.12/site-packages/airflow/example_dags/example_sla_dag.py for tasks to queue
[2025-08-25T12:43:21.269+0000] {logging_mixin.py:190} INFO - [2025-08-25T12:43:21.269+0000] {dagbag.py:588} INFO - Filling up the DagBag from /home/airflow/.local/lib/python3.12/site-packages/airflow/example_dags/example_sla_dag.py
[2025-08-25T12:43:21.279+0000] {processor.py:925} INFO - DAG(s) 'example_sla_dag' retrieved from /home/airflow/.local/lib/python3.12/site-packages/airflow/example_dags/example_sla_dag.py
[2025-08-25T12:43:21.306+0000] {logging_mixin.py:190} INFO - [2025-08-25T12:43:21.305+0000] {dag.py:3239} INFO - Sync 1 DAGs
[2025-08-25T12:43:21.350+0000] {logging_mixin.py:190} INFO - [2025-08-25T12:43:21.349+0000] {dag.py:4180} INFO - Setting next_dagrun for example_sla_dag to 2025-08-25 12:40:00+00:00, run_after=2025-08-25 12:42:00+00:00
[2025-08-25T12:43:21.378+0000] {processor.py:208} INFO - Processing /home/airflow/.local/lib/python3.12/site-packages/airflow/example_dags/example_sla_dag.py took 0.118 seconds
[2025-08-25T12:43:51.887+0000] {processor.py:186} INFO - Started process (PID=1147) to work on /home/airflow/.local/lib/python3.12/site-packages/airflow/example_dags/example_sla_dag.py
[2025-08-25T12:43:51.889+0000] {processor.py:914} INFO - Processing file /home/airflow/.local/lib/python3.12/site-packages/airflow/example_dags/example_sla_dag.py for tasks to queue
[2025-08-25T12:43:51.892+0000] {logging_mixin.py:190} INFO - [2025-08-25T12:43:51.891+0000] {dagbag.py:588} INFO - Filling up the DagBag from /home/airflow/.local/lib/python3.12/site-packages/airflow/example_dags/example_sla_dag.py
[2025-08-25T12:43:51.906+0000] {processor.py:925} INFO - DAG(s) 'example_sla_dag' retrieved from /home/airflow/.local/lib/python3.12/site-packages/airflow/example_dags/example_sla_dag.py
[2025-08-25T12:43:51.933+0000] {logging_mixin.py:190} INFO - [2025-08-25T12:43:51.933+0000] {dag.py:3239} INFO - Sync 1 DAGs
[2025-08-25T12:43:51.964+0000] {logging_mixin.py:190} INFO - [2025-08-25T12:43:51.964+0000] {dag.py:4180} INFO - Setting next_dagrun for example_sla_dag to 2025-08-25 12:40:00+00:00, run_after=2025-08-25 12:42:00+00:00
[2025-08-25T12:43:51.990+0000] {processor.py:208} INFO - Processing /home/airflow/.local/lib/python3.12/site-packages/airflow/example_dags/example_sla_dag.py took 0.112 seconds
[2025-08-25T12:44:22.270+0000] {processor.py:186} INFO - Started process (PID=1211) to work on /home/airflow/.local/lib/python3.12/site-packages/airflow/example_dags/example_sla_dag.py
[2025-08-25T12:44:22.271+0000] {processor.py:914} INFO - Processing file /home/airflow/.local/lib/python3.12/site-packages/airflow/example_dags/example_sla_dag.py for tasks to queue
[2025-08-25T12:44:22.274+0000] {logging_mixin.py:190} INFO - [2025-08-25T12:44:22.273+0000] {dagbag.py:588} INFO - Filling up the DagBag from /home/airflow/.local/lib/python3.12/site-packages/airflow/example_dags/example_sla_dag.py
[2025-08-25T12:44:22.286+0000] {processor.py:925} INFO - DAG(s) 'example_sla_dag' retrieved from /home/airflow/.local/lib/python3.12/site-packages/airflow/example_dags/example_sla_dag.py
[2025-08-25T12:44:22.311+0000] {logging_mixin.py:190} INFO - [2025-08-25T12:44:22.310+0000] {dag.py:3239} INFO - Sync 1 DAGs
[2025-08-25T12:44:22.338+0000] {logging_mixin.py:190} INFO - [2025-08-25T12:44:22.338+0000] {dag.py:4180} INFO - Setting next_dagrun for example_sla_dag to 2025-08-25 12:42:00+00:00, run_after=2025-08-25 12:44:00+00:00
[2025-08-25T12:44:22.362+0000] {processor.py:208} INFO - Processing /home/airflow/.local/lib/python3.12/site-packages/airflow/example_dags/example_sla_dag.py took 0.099 seconds
[2025-08-25T12:44:53.007+0000] {processor.py:186} INFO - Started process (PID=1275) to work on /home/airflow/.local/lib/python3.12/site-packages/airflow/example_dags/example_sla_dag.py
[2025-08-25T12:44:53.008+0000] {processor.py:914} INFO - Processing file /home/airflow/.local/lib/python3.12/site-packages/airflow/example_dags/example_sla_dag.py for tasks to queue
[2025-08-25T12:44:53.012+0000] {logging_mixin.py:190} INFO - [2025-08-25T12:44:53.012+0000] {dagbag.py:588} INFO - Filling up the DagBag from /home/airflow/.local/lib/python3.12/site-packages/airflow/example_dags/example_sla_dag.py
[2025-08-25T12:44:53.032+0000] {processor.py:925} INFO - DAG(s) 'example_sla_dag' retrieved from /home/airflow/.local/lib/python3.12/site-packages/airflow/example_dags/example_sla_dag.py
[2025-08-25T12:44:53.066+0000] {logging_mixin.py:190} INFO - [2025-08-25T12:44:53.065+0000] {dag.py:3239} INFO - Sync 1 DAGs
[2025-08-25T12:44:53.107+0000] {logging_mixin.py:190} INFO - [2025-08-25T12:44:53.106+0000] {dag.py:4180} INFO - Setting next_dagrun for example_sla_dag to 2025-08-25 12:42:00+00:00, run_after=2025-08-25 12:44:00+00:00
[2025-08-25T12:44:53.139+0000] {processor.py:208} INFO - Processing /home/airflow/.local/lib/python3.12/site-packages/airflow/example_dags/example_sla_dag.py took 0.143 seconds
[2025-08-25T12:45:23.324+0000] {processor.py:186} INFO - Started process (PID=1339) to work on /home/airflow/.local/lib/python3.12/site-packages/airflow/example_dags/example_sla_dag.py
[2025-08-25T12:45:23.325+0000] {processor.py:914} INFO - Processing file /home/airflow/.local/lib/python3.12/site-packages/airflow/example_dags/example_sla_dag.py for tasks to queue
[2025-08-25T12:45:23.327+0000] {logging_mixin.py:190} INFO - [2025-08-25T12:45:23.327+0000] {dagbag.py:588} INFO - Filling up the DagBag from /home/airflow/.local/lib/python3.12/site-packages/airflow/example_dags/example_sla_dag.py
[2025-08-25T12:45:23.337+0000] {processor.py:925} INFO - DAG(s) 'example_sla_dag' retrieved from /home/airflow/.local/lib/python3.12/site-packages/airflow/example_dags/example_sla_dag.py
[2025-08-25T12:45:23.368+0000] {logging_mixin.py:190} INFO - [2025-08-25T12:45:23.368+0000] {dag.py:3239} INFO - Sync 1 DAGs
[2025-08-25T12:45:23.414+0000] {logging_mixin.py:190} INFO - [2025-08-25T12:45:23.414+0000] {dag.py:4180} INFO - Setting next_dagrun for example_sla_dag to 2025-08-25 12:42:00+00:00, run_after=2025-08-25 12:44:00+00:00
[2025-08-25T12:45:23.440+0000] {processor.py:208} INFO - Processing /home/airflow/.local/lib/python3.12/site-packages/airflow/example_dags/example_sla_dag.py took 0.123 seconds
[2025-08-25T12:45:53.576+0000] {processor.py:186} INFO - Started process (PID=1403) to work on /home/airflow/.local/lib/python3.12/site-packages/airflow/example_dags/example_sla_dag.py
[2025-08-25T12:45:53.577+0000] {processor.py:914} INFO - Processing file /home/airflow/.local/lib/python3.12/site-packages/airflow/example_dags/example_sla_dag.py for tasks to queue
[2025-08-25T12:45:53.579+0000] {logging_mixin.py:190} INFO - [2025-08-25T12:45:53.579+0000] {dagbag.py:588} INFO - Filling up the DagBag from /home/airflow/.local/lib/python3.12/site-packages/airflow/example_dags/example_sla_dag.py
[2025-08-25T12:45:53.590+0000] {processor.py:925} INFO - DAG(s) 'example_sla_dag' retrieved from /home/airflow/.local/lib/python3.12/site-packages/airflow/example_dags/example_sla_dag.py
[2025-08-25T12:45:53.619+0000] {logging_mixin.py:190} INFO - [2025-08-25T12:45:53.619+0000] {dag.py:3239} INFO - Sync 1 DAGs
[2025-08-25T12:45:53.654+0000] {logging_mixin.py:190} INFO - [2025-08-25T12:45:53.653+0000] {dag.py:4180} INFO - Setting next_dagrun for example_sla_dag to 2025-08-25 12:42:00+00:00, run_after=2025-08-25 12:44:00+00:00
[2025-08-25T12:45:53.679+0000] {processor.py:208} INFO - Processing /home/airflow/.local/lib/python3.12/site-packages/airflow/example_dags/example_sla_dag.py took 0.109 seconds
[2025-08-25T12:46:24.542+0000] {processor.py:186} INFO - Started process (PID=1467) to work on /home/airflow/.local/lib/python3.12/site-packages/airflow/example_dags/example_sla_dag.py
[2025-08-25T12:46:24.543+0000] {processor.py:914} INFO - Processing file /home/airflow/.local/lib/python3.12/site-packages/airflow/example_dags/example_sla_dag.py for tasks to queue
[2025-08-25T12:46:24.545+0000] {logging_mixin.py:190} INFO - [2025-08-25T12:46:24.545+0000] {dagbag.py:588} INFO - Filling up the DagBag from /home/airflow/.local/lib/python3.12/site-packages/airflow/example_dags/example_sla_dag.py
[2025-08-25T12:46:24.556+0000] {processor.py:925} INFO - DAG(s) 'example_sla_dag' retrieved from /home/airflow/.local/lib/python3.12/site-packages/airflow/example_dags/example_sla_dag.py
[2025-08-25T12:46:24.579+0000] {logging_mixin.py:190} INFO - [2025-08-25T12:46:24.579+0000] {dag.py:3239} INFO - Sync 1 DAGs
[2025-08-25T12:46:24.610+0000] {logging_mixin.py:190} INFO - [2025-08-25T12:46:24.610+0000] {dag.py:4180} INFO - Setting next_dagrun for example_sla_dag to 2025-08-25 12:44:00+00:00, run_after=2025-08-25 12:46:00+00:00
[2025-08-25T12:46:24.636+0000] {processor.py:208} INFO - Processing /home/airflow/.local/lib/python3.12/site-packages/airflow/example_dags/example_sla_dag.py took 0.101 seconds
[2025-08-25T12:46:54.957+0000] {processor.py:186} INFO - Started process (PID=1530) to work on /home/airflow/.local/lib/python3.12/site-packages/airflow/example_dags/example_sla_dag.py
[2025-08-25T12:46:54.959+0000] {processor.py:914} INFO - Processing file /home/airflow/.local/lib/python3.12/site-packages/airflow/example_dags/example_sla_dag.py for tasks to queue
[2025-08-25T12:46:54.961+0000] {logging_mixin.py:190} INFO - [2025-08-25T12:46:54.961+0000] {dagbag.py:588} INFO - Filling up the DagBag from /home/airflow/.local/lib/python3.12/site-packages/airflow/example_dags/example_sla_dag.py
[2025-08-25T12:46:54.975+0000] {processor.py:925} INFO - DAG(s) 'example_sla_dag' retrieved from /home/airflow/.local/lib/python3.12/site-packages/airflow/example_dags/example_sla_dag.py
[2025-08-25T12:46:55.005+0000] {logging_mixin.py:190} INFO - [2025-08-25T12:46:55.004+0000] {dag.py:3239} INFO - Sync 1 DAGs
[2025-08-25T12:46:55.041+0000] {logging_mixin.py:190} INFO - [2025-08-25T12:46:55.041+0000] {dag.py:4180} INFO - Setting next_dagrun for example_sla_dag to 2025-08-25 12:44:00+00:00, run_after=2025-08-25 12:46:00+00:00
[2025-08-25T12:46:55.067+0000] {processor.py:208} INFO - Processing /home/airflow/.local/lib/python3.12/site-packages/airflow/example_dags/example_sla_dag.py took 0.118 seconds
[2025-08-25T12:47:25.683+0000] {processor.py:186} INFO - Started process (PID=1595) to work on /home/airflow/.local/lib/python3.12/site-packages/airflow/example_dags/example_sla_dag.py
[2025-08-25T12:47:25.685+0000] {processor.py:914} INFO - Processing file /home/airflow/.local/lib/python3.12/site-packages/airflow/example_dags/example_sla_dag.py for tasks to queue
[2025-08-25T12:47:25.689+0000] {logging_mixin.py:190} INFO - [2025-08-25T12:47:25.688+0000] {dagbag.py:588} INFO - Filling up the DagBag from /home/airflow/.local/lib/python3.12/site-packages/airflow/example_dags/example_sla_dag.py
[2025-08-25T12:47:25.702+0000] {processor.py:925} INFO - DAG(s) 'example_sla_dag' retrieved from /home/airflow/.local/lib/python3.12/site-packages/airflow/example_dags/example_sla_dag.py
[2025-08-25T12:47:25.732+0000] {logging_mixin.py:190} INFO - [2025-08-25T12:47:25.731+0000] {dag.py:3239} INFO - Sync 1 DAGs
[2025-08-25T12:47:25.772+0000] {logging_mixin.py:190} INFO - [2025-08-25T12:47:25.771+0000] {dag.py:4180} INFO - Setting next_dagrun for example_sla_dag to 2025-08-25 12:44:00+00:00, run_after=2025-08-25 12:46:00+00:00
[2025-08-25T12:47:25.809+0000] {processor.py:208} INFO - Processing /home/airflow/.local/lib/python3.12/site-packages/airflow/example_dags/example_sla_dag.py took 0.134 seconds
[2025-08-25T12:47:56.027+0000] {processor.py:186} INFO - Started process (PID=1659) to work on /home/airflow/.local/lib/python3.12/site-packages/airflow/example_dags/example_sla_dag.py
[2025-08-25T12:47:56.029+0000] {processor.py:914} INFO - Processing file /home/airflow/.local/lib/python3.12/site-packages/airflow/example_dags/example_sla_dag.py for tasks to queue
[2025-08-25T12:47:56.032+0000] {logging_mixin.py:190} INFO - [2025-08-25T12:47:56.032+0000] {dagbag.py:588} INFO - Filling up the DagBag from /home/airflow/.local/lib/python3.12/site-packages/airflow/example_dags/example_sla_dag.py
[2025-08-25T12:47:56.047+0000] {processor.py:925} INFO - DAG(s) 'example_sla_dag' retrieved from /home/airflow/.local/lib/python3.12/site-packages/airflow/example_dags/example_sla_dag.py
[2025-08-25T12:47:56.077+0000] {logging_mixin.py:190} INFO - [2025-08-25T12:47:56.077+0000] {dag.py:3239} INFO - Sync 1 DAGs
[2025-08-25T12:47:56.114+0000] {logging_mixin.py:190} INFO - [2025-08-25T12:47:56.113+0000] {dag.py:4180} INFO - Setting next_dagrun for example_sla_dag to 2025-08-25 12:44:00+00:00, run_after=2025-08-25 12:46:00+00:00
[2025-08-25T12:47:56.139+0000] {processor.py:208} INFO - Processing /home/airflow/.local/lib/python3.12/site-packages/airflow/example_dags/example_sla_dag.py took 0.125 seconds
[2025-08-25T12:48:26.775+0000] {processor.py:186} INFO - Started process (PID=1723) to work on /home/airflow/.local/lib/python3.12/site-packages/airflow/example_dags/example_sla_dag.py
[2025-08-25T12:48:26.776+0000] {processor.py:914} INFO - Processing file /home/airflow/.local/lib/python3.12/site-packages/airflow/example_dags/example_sla_dag.py for tasks to queue
[2025-08-25T12:48:26.779+0000] {logging_mixin.py:190} INFO - [2025-08-25T12:48:26.778+0000] {dagbag.py:588} INFO - Filling up the DagBag from /home/airflow/.local/lib/python3.12/site-packages/airflow/example_dags/example_sla_dag.py
[2025-08-25T12:48:26.791+0000] {processor.py:925} INFO - DAG(s) 'example_sla_dag' retrieved from /home/airflow/.local/lib/python3.12/site-packages/airflow/example_dags/example_sla_dag.py
[2025-08-25T12:48:26.823+0000] {logging_mixin.py:190} INFO - [2025-08-25T12:48:26.822+0000] {dag.py:3239} INFO - Sync 1 DAGs
[2025-08-25T12:48:26.861+0000] {logging_mixin.py:190} INFO - [2025-08-25T12:48:26.861+0000] {dag.py:4180} INFO - Setting next_dagrun for example_sla_dag to 2025-08-25 12:46:00+00:00, run_after=2025-08-25 12:48:00+00:00
[2025-08-25T12:48:26.886+0000] {processor.py:208} INFO - Processing /home/airflow/.local/lib/python3.12/site-packages/airflow/example_dags/example_sla_dag.py took 0.118 seconds
[2025-08-25T12:48:57.528+0000] {processor.py:186} INFO - Started process (PID=1787) to work on /home/airflow/.local/lib/python3.12/site-packages/airflow/example_dags/example_sla_dag.py
[2025-08-25T12:48:57.529+0000] {processor.py:914} INFO - Processing file /home/airflow/.local/lib/python3.12/site-packages/airflow/example_dags/example_sla_dag.py for tasks to queue
[2025-08-25T12:48:57.533+0000] {logging_mixin.py:190} INFO - [2025-08-25T12:48:57.532+0000] {dagbag.py:588} INFO - Filling up the DagBag from /home/airflow/.local/lib/python3.12/site-packages/airflow/example_dags/example_sla_dag.py
[2025-08-25T12:48:57.549+0000] {processor.py:925} INFO - DAG(s) 'example_sla_dag' retrieved from /home/airflow/.local/lib/python3.12/site-packages/airflow/example_dags/example_sla_dag.py
[2025-08-25T12:48:57.585+0000] {logging_mixin.py:190} INFO - [2025-08-25T12:48:57.585+0000] {dag.py:3239} INFO - Sync 1 DAGs
[2025-08-25T12:48:57.640+0000] {logging_mixin.py:190} INFO - [2025-08-25T12:48:57.639+0000] {dag.py:4180} INFO - Setting next_dagrun for example_sla_dag to 2025-08-25 12:46:00+00:00, run_after=2025-08-25 12:48:00+00:00
[2025-08-25T12:48:57.673+0000] {processor.py:208} INFO - Processing /home/airflow/.local/lib/python3.12/site-packages/airflow/example_dags/example_sla_dag.py took 0.157 seconds
[2025-08-25T12:49:28.430+0000] {processor.py:186} INFO - Started process (PID=1851) to work on /home/airflow/.local/lib/python3.12/site-packages/airflow/example_dags/example_sla_dag.py
[2025-08-25T12:49:28.433+0000] {processor.py:914} INFO - Processing file /home/airflow/.local/lib/python3.12/site-packages/airflow/example_dags/example_sla_dag.py for tasks to queue
[2025-08-25T12:49:28.437+0000] {logging_mixin.py:190} INFO - [2025-08-25T12:49:28.436+0000] {dagbag.py:588} INFO - Filling up the DagBag from /home/airflow/.local/lib/python3.12/site-packages/airflow/example_dags/example_sla_dag.py
[2025-08-25T12:49:28.455+0000] {processor.py:925} INFO - DAG(s) 'example_sla_dag' retrieved from /home/airflow/.local/lib/python3.12/site-packages/airflow/example_dags/example_sla_dag.py
[2025-08-25T12:49:28.489+0000] {logging_mixin.py:190} INFO - [2025-08-25T12:49:28.489+0000] {dag.py:3239} INFO - Sync 1 DAGs
[2025-08-25T12:49:28.527+0000] {logging_mixin.py:190} INFO - [2025-08-25T12:49:28.526+0000] {dag.py:4180} INFO - Setting next_dagrun for example_sla_dag to 2025-08-25 12:46:00+00:00, run_after=2025-08-25 12:48:00+00:00
[2025-08-25T12:49:28.552+0000] {processor.py:208} INFO - Processing /home/airflow/.local/lib/python3.12/site-packages/airflow/example_dags/example_sla_dag.py took 0.133 seconds
[2025-08-25T12:49:59.562+0000] {processor.py:186} INFO - Started process (PID=1921) to work on /home/airflow/.local/lib/python3.12/site-packages/airflow/example_dags/example_sla_dag.py
[2025-08-25T12:49:59.563+0000] {processor.py:914} INFO - Processing file /home/airflow/.local/lib/python3.12/site-packages/airflow/example_dags/example_sla_dag.py for tasks to queue
[2025-08-25T12:49:59.566+0000] {logging_mixin.py:190} INFO - [2025-08-25T12:49:59.565+0000] {dagbag.py:588} INFO - Filling up the DagBag from /home/airflow/.local/lib/python3.12/site-packages/airflow/example_dags/example_sla_dag.py
[2025-08-25T12:49:59.578+0000] {processor.py:925} INFO - DAG(s) 'example_sla_dag' retrieved from /home/airflow/.local/lib/python3.12/site-packages/airflow/example_dags/example_sla_dag.py
[2025-08-25T12:49:59.607+0000] {logging_mixin.py:190} INFO - [2025-08-25T12:49:59.607+0000] {dag.py:3239} INFO - Sync 1 DAGs
[2025-08-25T12:49:59.650+0000] {logging_mixin.py:190} INFO - [2025-08-25T12:49:59.649+0000] {dag.py:4180} INFO - Setting next_dagrun for example_sla_dag to 2025-08-25 12:46:00+00:00, run_after=2025-08-25 12:48:00+00:00
[2025-08-25T12:49:59.679+0000] {processor.py:208} INFO - Processing /home/airflow/.local/lib/python3.12/site-packages/airflow/example_dags/example_sla_dag.py took 0.123 seconds
[2025-08-25T12:50:29.981+0000] {processor.py:186} INFO - Started process (PID=1985) to work on /home/airflow/.local/lib/python3.12/site-packages/airflow/example_dags/example_sla_dag.py
[2025-08-25T12:50:29.982+0000] {processor.py:914} INFO - Processing file /home/airflow/.local/lib/python3.12/site-packages/airflow/example_dags/example_sla_dag.py for tasks to queue
[2025-08-25T12:50:29.985+0000] {logging_mixin.py:190} INFO - [2025-08-25T12:50:29.985+0000] {dagbag.py:588} INFO - Filling up the DagBag from /home/airflow/.local/lib/python3.12/site-packages/airflow/example_dags/example_sla_dag.py
[2025-08-25T12:50:29.999+0000] {processor.py:925} INFO - DAG(s) 'example_sla_dag' retrieved from /home/airflow/.local/lib/python3.12/site-packages/airflow/example_dags/example_sla_dag.py
[2025-08-25T12:50:30.030+0000] {logging_mixin.py:190} INFO - [2025-08-25T12:50:30.029+0000] {dag.py:3239} INFO - Sync 1 DAGs
[2025-08-25T12:50:30.066+0000] {logging_mixin.py:190} INFO - [2025-08-25T12:50:30.065+0000] {dag.py:4180} INFO - Setting next_dagrun for example_sla_dag to 2025-08-25 12:48:00+00:00, run_after=2025-08-25 12:50:00+00:00
[2025-08-25T12:50:30.096+0000] {processor.py:208} INFO - Processing /home/airflow/.local/lib/python3.12/site-packages/airflow/example_dags/example_sla_dag.py took 0.126 seconds
[2025-08-25T12:51:00.990+0000] {processor.py:186} INFO - Started process (PID=2049) to work on /home/airflow/.local/lib/python3.12/site-packages/airflow/example_dags/example_sla_dag.py
[2025-08-25T12:51:00.991+0000] {processor.py:914} INFO - Processing file /home/airflow/.local/lib/python3.12/site-packages/airflow/example_dags/example_sla_dag.py for tasks to queue
[2025-08-25T12:51:00.994+0000] {logging_mixin.py:190} INFO - [2025-08-25T12:51:00.994+0000] {dagbag.py:588} INFO - Filling up the DagBag from /home/airflow/.local/lib/python3.12/site-packages/airflow/example_dags/example_sla_dag.py
[2025-08-25T12:51:01.006+0000] {processor.py:925} INFO - DAG(s) 'example_sla_dag' retrieved from /home/airflow/.local/lib/python3.12/site-packages/airflow/example_dags/example_sla_dag.py
[2025-08-25T12:51:01.046+0000] {logging_mixin.py:190} INFO - [2025-08-25T12:51:01.046+0000] {dag.py:3239} INFO - Sync 1 DAGs
[2025-08-25T12:51:01.088+0000] {logging_mixin.py:190} INFO - [2025-08-25T12:51:01.088+0000] {dag.py:4180} INFO - Setting next_dagrun for example_sla_dag to 2025-08-25 12:48:00+00:00, run_after=2025-08-25 12:50:00+00:00
[2025-08-25T12:51:01.124+0000] {processor.py:208} INFO - Processing /home/airflow/.local/lib/python3.12/site-packages/airflow/example_dags/example_sla_dag.py took 0.141 seconds
[2025-08-25T12:51:31.836+0000] {processor.py:186} INFO - Started process (PID=2113) to work on /home/airflow/.local/lib/python3.12/site-packages/airflow/example_dags/example_sla_dag.py
[2025-08-25T12:51:31.838+0000] {processor.py:914} INFO - Processing file /home/airflow/.local/lib/python3.12/site-packages/airflow/example_dags/example_sla_dag.py for tasks to queue
[2025-08-25T12:51:31.841+0000] {logging_mixin.py:190} INFO - [2025-08-25T12:51:31.841+0000] {dagbag.py:588} INFO - Filling up the DagBag from /home/airflow/.local/lib/python3.12/site-packages/airflow/example_dags/example_sla_dag.py
[2025-08-25T12:51:31.855+0000] {processor.py:925} INFO - DAG(s) 'example_sla_dag' retrieved from /home/airflow/.local/lib/python3.12/site-packages/airflow/example_dags/example_sla_dag.py
[2025-08-25T12:51:31.884+0000] {logging_mixin.py:190} INFO - [2025-08-25T12:51:31.884+0000] {dag.py:3239} INFO - Sync 1 DAGs
[2025-08-25T12:51:31.923+0000] {logging_mixin.py:190} INFO - [2025-08-25T12:51:31.922+0000] {dag.py:4180} INFO - Setting next_dagrun for example_sla_dag to 2025-08-25 12:48:00+00:00, run_after=2025-08-25 12:50:00+00:00
[2025-08-25T12:51:31.950+0000] {processor.py:208} INFO - Processing /home/airflow/.local/lib/python3.12/site-packages/airflow/example_dags/example_sla_dag.py took 0.121 seconds
[2025-08-25T12:52:02.749+0000] {processor.py:186} INFO - Started process (PID=2177) to work on /home/airflow/.local/lib/python3.12/site-packages/airflow/example_dags/example_sla_dag.py
[2025-08-25T12:52:02.750+0000] {processor.py:914} INFO - Processing file /home/airflow/.local/lib/python3.12/site-packages/airflow/example_dags/example_sla_dag.py for tasks to queue
[2025-08-25T12:52:02.753+0000] {logging_mixin.py:190} INFO - [2025-08-25T12:52:02.753+0000] {dagbag.py:588} INFO - Filling up the DagBag from /home/airflow/.local/lib/python3.12/site-packages/airflow/example_dags/example_sla_dag.py
[2025-08-25T12:52:02.766+0000] {processor.py:925} INFO - DAG(s) 'example_sla_dag' retrieved from /home/airflow/.local/lib/python3.12/site-packages/airflow/example_dags/example_sla_dag.py
[2025-08-25T12:52:02.794+0000] {logging_mixin.py:190} INFO - [2025-08-25T12:52:02.794+0000] {dag.py:3239} INFO - Sync 1 DAGs
[2025-08-25T12:52:02.832+0000] {logging_mixin.py:190} INFO - [2025-08-25T12:52:02.831+0000] {dag.py:4180} INFO - Setting next_dagrun for example_sla_dag to 2025-08-25 12:50:00+00:00, run_after=2025-08-25 12:52:00+00:00
[2025-08-25T12:52:02.858+0000] {processor.py:208} INFO - Processing /home/airflow/.local/lib/python3.12/site-packages/airflow/example_dags/example_sla_dag.py took 0.116 seconds
[2025-08-25T12:52:33.886+0000] {processor.py:186} INFO - Started process (PID=2241) to work on /home/airflow/.local/lib/python3.12/site-packages/airflow/example_dags/example_sla_dag.py
[2025-08-25T12:52:33.888+0000] {processor.py:914} INFO - Processing file /home/airflow/.local/lib/python3.12/site-packages/airflow/example_dags/example_sla_dag.py for tasks to queue
[2025-08-25T12:52:33.890+0000] {logging_mixin.py:190} INFO - [2025-08-25T12:52:33.890+0000] {dagbag.py:588} INFO - Filling up the DagBag from /home/airflow/.local/lib/python3.12/site-packages/airflow/example_dags/example_sla_dag.py
[2025-08-25T12:52:33.902+0000] {processor.py:925} INFO - DAG(s) 'example_sla_dag' retrieved from /home/airflow/.local/lib/python3.12/site-packages/airflow/example_dags/example_sla_dag.py
[2025-08-25T12:52:33.931+0000] {logging_mixin.py:190} INFO - [2025-08-25T12:52:33.930+0000] {dag.py:3239} INFO - Sync 1 DAGs
[2025-08-25T12:52:33.960+0000] {logging_mixin.py:190} INFO - [2025-08-25T12:52:33.960+0000] {dag.py:4180} INFO - Setting next_dagrun for example_sla_dag to 2025-08-25 12:50:00+00:00, run_after=2025-08-25 12:52:00+00:00
[2025-08-25T12:52:33.986+0000] {processor.py:208} INFO - Processing /home/airflow/.local/lib/python3.12/site-packages/airflow/example_dags/example_sla_dag.py took 0.110 seconds
[2025-08-25T12:53:04.952+0000] {processor.py:186} INFO - Started process (PID=2305) to work on /home/airflow/.local/lib/python3.12/site-packages/airflow/example_dags/example_sla_dag.py
[2025-08-25T12:53:04.954+0000] {processor.py:914} INFO - Processing file /home/airflow/.local/lib/python3.12/site-packages/airflow/example_dags/example_sla_dag.py for tasks to queue
[2025-08-25T12:53:04.957+0000] {logging_mixin.py:190} INFO - [2025-08-25T12:53:04.956+0000] {dagbag.py:588} INFO - Filling up the DagBag from /home/airflow/.local/lib/python3.12/site-packages/airflow/example_dags/example_sla_dag.py
[2025-08-25T12:53:04.971+0000] {processor.py:925} INFO - DAG(s) 'example_sla_dag' retrieved from /home/airflow/.local/lib/python3.12/site-packages/airflow/example_dags/example_sla_dag.py
[2025-08-25T12:53:05.005+0000] {logging_mixin.py:190} INFO - [2025-08-25T12:53:05.004+0000] {dag.py:3239} INFO - Sync 1 DAGs
[2025-08-25T12:53:05.047+0000] {logging_mixin.py:190} INFO - [2025-08-25T12:53:05.047+0000] {dag.py:4180} INFO - Setting next_dagrun for example_sla_dag to 2025-08-25 12:50:00+00:00, run_after=2025-08-25 12:52:00+00:00
[2025-08-25T12:53:05.079+0000] {processor.py:208} INFO - Processing /home/airflow/.local/lib/python3.12/site-packages/airflow/example_dags/example_sla_dag.py took 0.137 seconds
[2025-08-25T12:53:36.082+0000] {processor.py:186} INFO - Started process (PID=2369) to work on /home/airflow/.local/lib/python3.12/site-packages/airflow/example_dags/example_sla_dag.py
[2025-08-25T12:53:36.084+0000] {processor.py:914} INFO - Processing file /home/airflow/.local/lib/python3.12/site-packages/airflow/example_dags/example_sla_dag.py for tasks to queue
[2025-08-25T12:53:36.087+0000] {logging_mixin.py:190} INFO - [2025-08-25T12:53:36.086+0000] {dagbag.py:588} INFO - Filling up the DagBag from /home/airflow/.local/lib/python3.12/site-packages/airflow/example_dags/example_sla_dag.py
[2025-08-25T12:53:36.099+0000] {processor.py:925} INFO - DAG(s) 'example_sla_dag' retrieved from /home/airflow/.local/lib/python3.12/site-packages/airflow/example_dags/example_sla_dag.py
[2025-08-25T12:53:36.129+0000] {logging_mixin.py:190} INFO - [2025-08-25T12:53:36.128+0000] {dag.py:3239} INFO - Sync 1 DAGs
[2025-08-25T12:53:36.164+0000] {logging_mixin.py:190} INFO - [2025-08-25T12:53:36.163+0000] {dag.py:4180} INFO - Setting next_dagrun for example_sla_dag to 2025-08-25 12:50:00+00:00, run_after=2025-08-25 12:52:00+00:00
[2025-08-25T12:53:36.192+0000] {processor.py:208} INFO - Processing /home/airflow/.local/lib/python3.12/site-packages/airflow/example_dags/example_sla_dag.py took 0.117 seconds
[2025-08-25T12:54:06.714+0000] {processor.py:186} INFO - Started process (PID=2433) to work on /home/airflow/.local/lib/python3.12/site-packages/airflow/example_dags/example_sla_dag.py
[2025-08-25T12:54:06.716+0000] {processor.py:914} INFO - Processing file /home/airflow/.local/lib/python3.12/site-packages/airflow/example_dags/example_sla_dag.py for tasks to queue
[2025-08-25T12:54:06.720+0000] {logging_mixin.py:190} INFO - [2025-08-25T12:54:06.719+0000] {dagbag.py:588} INFO - Filling up the DagBag from /home/airflow/.local/lib/python3.12/site-packages/airflow/example_dags/example_sla_dag.py
[2025-08-25T12:54:06.739+0000] {processor.py:925} INFO - DAG(s) 'example_sla_dag' retrieved from /home/airflow/.local/lib/python3.12/site-packages/airflow/example_dags/example_sla_dag.py
[2025-08-25T12:54:06.779+0000] {logging_mixin.py:190} INFO - [2025-08-25T12:54:06.778+0000] {dag.py:3239} INFO - Sync 1 DAGs
[2025-08-25T12:54:06.826+0000] {logging_mixin.py:190} INFO - [2025-08-25T12:54:06.825+0000] {dag.py:4180} INFO - Setting next_dagrun for example_sla_dag to 2025-08-25 12:52:00+00:00, run_after=2025-08-25 12:54:00+00:00
[2025-08-25T12:54:06.851+0000] {processor.py:208} INFO - Processing /home/airflow/.local/lib/python3.12/site-packages/airflow/example_dags/example_sla_dag.py took 0.148 seconds
[2025-08-25T12:54:37.845+0000] {processor.py:186} INFO - Started process (PID=2497) to work on /home/airflow/.local/lib/python3.12/site-packages/airflow/example_dags/example_sla_dag.py
[2025-08-25T12:54:37.847+0000] {processor.py:914} INFO - Processing file /home/airflow/.local/lib/python3.12/site-packages/airflow/example_dags/example_sla_dag.py for tasks to queue
[2025-08-25T12:54:37.849+0000] {logging_mixin.py:190} INFO - [2025-08-25T12:54:37.849+0000] {dagbag.py:588} INFO - Filling up the DagBag from /home/airflow/.local/lib/python3.12/site-packages/airflow/example_dags/example_sla_dag.py
[2025-08-25T12:54:37.862+0000] {processor.py:925} INFO - DAG(s) 'example_sla_dag' retrieved from /home/airflow/.local/lib/python3.12/site-packages/airflow/example_dags/example_sla_dag.py
[2025-08-25T12:54:37.889+0000] {logging_mixin.py:190} INFO - [2025-08-25T12:54:37.889+0000] {dag.py:3239} INFO - Sync 1 DAGs
[2025-08-25T12:54:37.929+0000] {logging_mixin.py:190} INFO - [2025-08-25T12:54:37.928+0000] {dag.py:4180} INFO - Setting next_dagrun for example_sla_dag to 2025-08-25 12:52:00+00:00, run_after=2025-08-25 12:54:00+00:00
[2025-08-25T12:54:37.956+0000] {processor.py:208} INFO - Processing /home/airflow/.local/lib/python3.12/site-packages/airflow/example_dags/example_sla_dag.py took 0.119 seconds
[2025-08-25T12:55:08.569+0000] {processor.py:186} INFO - Started process (PID=2561) to work on /home/airflow/.local/lib/python3.12/site-packages/airflow/example_dags/example_sla_dag.py
[2025-08-25T12:55:08.570+0000] {processor.py:914} INFO - Processing file /home/airflow/.local/lib/python3.12/site-packages/airflow/example_dags/example_sla_dag.py for tasks to queue
[2025-08-25T12:55:08.573+0000] {logging_mixin.py:190} INFO - [2025-08-25T12:55:08.572+0000] {dagbag.py:588} INFO - Filling up the DagBag from /home/airflow/.local/lib/python3.12/site-packages/airflow/example_dags/example_sla_dag.py
[2025-08-25T12:55:08.586+0000] {processor.py:925} INFO - DAG(s) 'example_sla_dag' retrieved from /home/airflow/.local/lib/python3.12/site-packages/airflow/example_dags/example_sla_dag.py
[2025-08-25T12:55:08.615+0000] {logging_mixin.py:190} INFO - [2025-08-25T12:55:08.614+0000] {dag.py:3239} INFO - Sync 1 DAGs
[2025-08-25T12:55:08.647+0000] {logging_mixin.py:190} INFO - [2025-08-25T12:55:08.646+0000] {dag.py:4180} INFO - Setting next_dagrun for example_sla_dag to 2025-08-25 12:52:00+00:00, run_after=2025-08-25 12:54:00+00:00
[2025-08-25T12:55:08.673+0000] {processor.py:208} INFO - Processing /home/airflow/.local/lib/python3.12/site-packages/airflow/example_dags/example_sla_dag.py took 0.113 seconds
[2025-08-25T12:55:38.736+0000] {processor.py:186} INFO - Started process (PID=2624) to work on /home/airflow/.local/lib/python3.12/site-packages/airflow/example_dags/example_sla_dag.py
[2025-08-25T12:55:38.737+0000] {processor.py:914} INFO - Processing file /home/airflow/.local/lib/python3.12/site-packages/airflow/example_dags/example_sla_dag.py for tasks to queue
[2025-08-25T12:55:38.739+0000] {logging_mixin.py:190} INFO - [2025-08-25T12:55:38.739+0000] {dagbag.py:588} INFO - Filling up the DagBag from /home/airflow/.local/lib/python3.12/site-packages/airflow/example_dags/example_sla_dag.py
[2025-08-25T12:55:38.752+0000] {processor.py:925} INFO - DAG(s) 'example_sla_dag' retrieved from /home/airflow/.local/lib/python3.12/site-packages/airflow/example_dags/example_sla_dag.py
[2025-08-25T12:55:38.784+0000] {logging_mixin.py:190} INFO - [2025-08-25T12:55:38.784+0000] {dag.py:3239} INFO - Sync 1 DAGs
[2025-08-25T12:55:38.820+0000] {logging_mixin.py:190} INFO - [2025-08-25T12:55:38.820+0000] {dag.py:4180} INFO - Setting next_dagrun for example_sla_dag to 2025-08-25 12:52:00+00:00, run_after=2025-08-25 12:54:00+00:00
[2025-08-25T12:55:38.843+0000] {processor.py:208} INFO - Processing /home/airflow/.local/lib/python3.12/site-packages/airflow/example_dags/example_sla_dag.py took 0.115 seconds
[2025-08-25T12:56:10.382+0000] {processor.py:186} INFO - Started process (PID=2689) to work on /home/airflow/.local/lib/python3.12/site-packages/airflow/example_dags/example_sla_dag.py
[2025-08-25T12:56:10.385+0000] {processor.py:914} INFO - Processing file /home/airflow/.local/lib/python3.12/site-packages/airflow/example_dags/example_sla_dag.py for tasks to queue
[2025-08-25T12:56:10.389+0000] {logging_mixin.py:190} INFO - [2025-08-25T12:56:10.388+0000] {dagbag.py:588} INFO - Filling up the DagBag from /home/airflow/.local/lib/python3.12/site-packages/airflow/example_dags/example_sla_dag.py
[2025-08-25T12:56:10.408+0000] {processor.py:925} INFO - DAG(s) 'example_sla_dag' retrieved from /home/airflow/.local/lib/python3.12/site-packages/airflow/example_dags/example_sla_dag.py
[2025-08-25T12:56:10.443+0000] {logging_mixin.py:190} INFO - [2025-08-25T12:56:10.443+0000] {dag.py:3239} INFO - Sync 1 DAGs
[2025-08-25T12:56:10.488+0000] {logging_mixin.py:190} INFO - [2025-08-25T12:56:10.488+0000] {dag.py:4180} INFO - Setting next_dagrun for example_sla_dag to 2025-08-25 12:54:00+00:00, run_after=2025-08-25 12:56:00+00:00
[2025-08-25T12:56:10.518+0000] {processor.py:208} INFO - Processing /home/airflow/.local/lib/python3.12/site-packages/airflow/example_dags/example_sla_dag.py took 0.149 seconds
[2025-08-25T12:56:41.342+0000] {processor.py:186} INFO - Started process (PID=2753) to work on /home/airflow/.local/lib/python3.12/site-packages/airflow/example_dags/example_sla_dag.py
[2025-08-25T12:56:41.343+0000] {processor.py:914} INFO - Processing file /home/airflow/.local/lib/python3.12/site-packages/airflow/example_dags/example_sla_dag.py for tasks to queue
[2025-08-25T12:56:41.345+0000] {logging_mixin.py:190} INFO - [2025-08-25T12:56:41.345+0000] {dagbag.py:588} INFO - Filling up the DagBag from /home/airflow/.local/lib/python3.12/site-packages/airflow/example_dags/example_sla_dag.py
[2025-08-25T12:56:41.355+0000] {processor.py:925} INFO - DAG(s) 'example_sla_dag' retrieved from /home/airflow/.local/lib/python3.12/site-packages/airflow/example_dags/example_sla_dag.py
[2025-08-25T12:56:41.385+0000] {logging_mixin.py:190} INFO - [2025-08-25T12:56:41.384+0000] {dag.py:3239} INFO - Sync 1 DAGs
[2025-08-25T12:56:41.435+0000] {logging_mixin.py:190} INFO - [2025-08-25T12:56:41.434+0000] {dag.py:4180} INFO - Setting next_dagrun for example_sla_dag to 2025-08-25 12:54:00+00:00, run_after=2025-08-25 12:56:00+00:00
[2025-08-25T12:56:41.465+0000] {processor.py:208} INFO - Processing /home/airflow/.local/lib/python3.12/site-packages/airflow/example_dags/example_sla_dag.py took 0.130 seconds
