[2025-08-25T12:35:39.772+0000] {processor.py:186} INFO - Started process (PID=117) to work on /home/airflow/.local/lib/python3.12/site-packages/airflow/example_dags/example_inlet_event_extra.py
[2025-08-25T12:35:39.773+0000] {processor.py:914} INFO - Processing file /home/airflow/.local/lib/python3.12/site-packages/airflow/example_dags/example_inlet_event_extra.py for tasks to queue
[2025-08-25T12:35:39.775+0000] {logging_mixin.py:190} INFO - [2025-08-25T12:35:39.775+0000] {dagbag.py:588} INFO - Filling up the DagBag from /home/airflow/.local/lib/python3.12/site-packages/airflow/example_dags/example_inlet_event_extra.py
[2025-08-25T12:35:39.930+0000] {processor.py:925} INFO - DAG(s) 'read_dataset_event_from_classic', 'read_dataset_event' retrieved from /home/airflow/.local/lib/python3.12/site-packages/airflow/example_dags/example_inlet_event_extra.py
[2025-08-25T12:35:40.048+0000] {logging_mixin.py:190} INFO - [2025-08-25T12:35:40.047+0000] {override.py:1900} INFO - Created Permission View: can read on DAG:read_dataset_event_from_classic
[2025-08-25T12:35:40.061+0000] {logging_mixin.py:190} INFO - [2025-08-25T12:35:40.061+0000] {override.py:1900} INFO - Created Permission View: can delete on DAG:read_dataset_event_from_classic
[2025-08-25T12:35:40.071+0000] {logging_mixin.py:190} INFO - [2025-08-25T12:35:40.070+0000] {override.py:1900} INFO - Created Permission View: can edit on DAG:read_dataset_event_from_classic
[2025-08-25T12:35:40.081+0000] {logging_mixin.py:190} INFO - [2025-08-25T12:35:40.080+0000] {override.py:1900} INFO - Created Permission View: can read on DAG Run:read_dataset_event_from_classic
[2025-08-25T12:35:40.089+0000] {logging_mixin.py:190} INFO - [2025-08-25T12:35:40.088+0000] {override.py:1900} INFO - Created Permission View: menu access on DAG Run:read_dataset_event_from_classic
[2025-08-25T12:35:40.097+0000] {logging_mixin.py:190} INFO - [2025-08-25T12:35:40.097+0000] {override.py:1900} INFO - Created Permission View: can delete on DAG Run:read_dataset_event_from_classic
[2025-08-25T12:35:40.106+0000] {logging_mixin.py:190} INFO - [2025-08-25T12:35:40.105+0000] {override.py:1900} INFO - Created Permission View: can create on DAG Run:read_dataset_event_from_classic
[2025-08-25T12:35:40.120+0000] {logging_mixin.py:190} INFO - [2025-08-25T12:35:40.120+0000] {override.py:1900} INFO - Created Permission View: can read on DAG:read_dataset_event
[2025-08-25T12:35:40.129+0000] {logging_mixin.py:190} INFO - [2025-08-25T12:35:40.129+0000] {override.py:1900} INFO - Created Permission View: can delete on DAG:read_dataset_event
[2025-08-25T12:35:40.137+0000] {logging_mixin.py:190} INFO - [2025-08-25T12:35:40.137+0000] {override.py:1900} INFO - Created Permission View: can edit on DAG:read_dataset_event
[2025-08-25T12:35:40.146+0000] {logging_mixin.py:190} INFO - [2025-08-25T12:35:40.146+0000] {override.py:1900} INFO - Created Permission View: can read on DAG Run:read_dataset_event
[2025-08-25T12:35:40.155+0000] {logging_mixin.py:190} INFO - [2025-08-25T12:35:40.155+0000] {override.py:1900} INFO - Created Permission View: menu access on DAG Run:read_dataset_event
[2025-08-25T12:35:40.165+0000] {logging_mixin.py:190} INFO - [2025-08-25T12:35:40.164+0000] {override.py:1900} INFO - Created Permission View: can delete on DAG Run:read_dataset_event
[2025-08-25T12:35:40.174+0000] {logging_mixin.py:190} INFO - [2025-08-25T12:35:40.173+0000] {override.py:1900} INFO - Created Permission View: can create on DAG Run:read_dataset_event
[2025-08-25T12:35:40.174+0000] {logging_mixin.py:190} INFO - [2025-08-25T12:35:40.174+0000] {dag.py:3239} INFO - Sync 2 DAGs
[2025-08-25T12:35:40.195+0000] {logging_mixin.py:190} INFO - [2025-08-25T12:35:40.195+0000] {dag.py:3262} INFO - Creating ORM DAG for read_dataset_event
[2025-08-25T12:35:40.196+0000] {logging_mixin.py:190} INFO - [2025-08-25T12:35:40.196+0000] {dag.py:3262} INFO - Creating ORM DAG for read_dataset_event_from_classic
[2025-08-25T12:35:40.209+0000] {logging_mixin.py:190} INFO - [2025-08-25T12:35:40.209+0000] {dag.py:4180} INFO - Setting next_dagrun for read_dataset_event to 2025-08-24 00:00:00+00:00, run_after=2025-08-25 00:00:00+00:00
[2025-08-25T12:35:40.212+0000] {logging_mixin.py:190} INFO - [2025-08-25T12:35:40.212+0000] {dag.py:4180} INFO - Setting next_dagrun for read_dataset_event_from_classic to 2025-08-24 00:00:00+00:00, run_after=2025-08-25 00:00:00+00:00
[2025-08-25T12:35:40.235+0000] {processor.py:208} INFO - Processing /home/airflow/.local/lib/python3.12/site-packages/airflow/example_dags/example_inlet_event_extra.py took 0.469 seconds
[2025-08-25T12:36:11.132+0000] {processor.py:186} INFO - Started process (PID=181) to work on /home/airflow/.local/lib/python3.12/site-packages/airflow/example_dags/example_inlet_event_extra.py
[2025-08-25T12:36:11.135+0000] {processor.py:914} INFO - Processing file /home/airflow/.local/lib/python3.12/site-packages/airflow/example_dags/example_inlet_event_extra.py for tasks to queue
[2025-08-25T12:36:11.138+0000] {logging_mixin.py:190} INFO - [2025-08-25T12:36:11.137+0000] {dagbag.py:588} INFO - Filling up the DagBag from /home/airflow/.local/lib/python3.12/site-packages/airflow/example_dags/example_inlet_event_extra.py
[2025-08-25T12:36:11.383+0000] {processor.py:925} INFO - DAG(s) 'read_dataset_event', 'read_dataset_event_from_classic' retrieved from /home/airflow/.local/lib/python3.12/site-packages/airflow/example_dags/example_inlet_event_extra.py
[2025-08-25T12:36:11.416+0000] {logging_mixin.py:190} INFO - [2025-08-25T12:36:11.416+0000] {dag.py:3239} INFO - Sync 2 DAGs
[2025-08-25T12:36:11.457+0000] {logging_mixin.py:190} INFO - [2025-08-25T12:36:11.456+0000] {dag.py:4180} INFO - Setting next_dagrun for read_dataset_event to 2025-08-24 00:00:00+00:00, run_after=2025-08-25 00:00:00+00:00
[2025-08-25T12:36:11.464+0000] {logging_mixin.py:190} INFO - [2025-08-25T12:36:11.463+0000] {dag.py:4180} INFO - Setting next_dagrun for read_dataset_event_from_classic to 2025-08-24 00:00:00+00:00, run_after=2025-08-25 00:00:00+00:00
[2025-08-25T12:36:11.489+0000] {processor.py:208} INFO - Processing /home/airflow/.local/lib/python3.12/site-packages/airflow/example_dags/example_inlet_event_extra.py took 0.365 seconds
[2025-08-25T12:36:41.918+0000] {processor.py:186} INFO - Started process (PID=245) to work on /home/airflow/.local/lib/python3.12/site-packages/airflow/example_dags/example_inlet_event_extra.py
[2025-08-25T12:36:41.921+0000] {processor.py:914} INFO - Processing file /home/airflow/.local/lib/python3.12/site-packages/airflow/example_dags/example_inlet_event_extra.py for tasks to queue
[2025-08-25T12:36:41.926+0000] {logging_mixin.py:190} INFO - [2025-08-25T12:36:41.925+0000] {dagbag.py:588} INFO - Filling up the DagBag from /home/airflow/.local/lib/python3.12/site-packages/airflow/example_dags/example_inlet_event_extra.py
[2025-08-25T12:36:42.244+0000] {processor.py:925} INFO - DAG(s) 'read_dataset_event', 'read_dataset_event_from_classic' retrieved from /home/airflow/.local/lib/python3.12/site-packages/airflow/example_dags/example_inlet_event_extra.py
[2025-08-25T12:36:42.283+0000] {logging_mixin.py:190} INFO - [2025-08-25T12:36:42.282+0000] {dag.py:3239} INFO - Sync 2 DAGs
[2025-08-25T12:36:42.319+0000] {logging_mixin.py:190} INFO - [2025-08-25T12:36:42.319+0000] {dag.py:4180} INFO - Setting next_dagrun for read_dataset_event to 2025-08-24 00:00:00+00:00, run_after=2025-08-25 00:00:00+00:00
[2025-08-25T12:36:42.327+0000] {logging_mixin.py:190} INFO - [2025-08-25T12:36:42.327+0000] {dag.py:4180} INFO - Setting next_dagrun for read_dataset_event_from_classic to 2025-08-24 00:00:00+00:00, run_after=2025-08-25 00:00:00+00:00
[2025-08-25T12:36:42.351+0000] {processor.py:208} INFO - Processing /home/airflow/.local/lib/python3.12/site-packages/airflow/example_dags/example_inlet_event_extra.py took 0.444 seconds
[2025-08-25T12:37:12.917+0000] {processor.py:186} INFO - Started process (PID=309) to work on /home/airflow/.local/lib/python3.12/site-packages/airflow/example_dags/example_inlet_event_extra.py
[2025-08-25T12:37:12.919+0000] {processor.py:914} INFO - Processing file /home/airflow/.local/lib/python3.12/site-packages/airflow/example_dags/example_inlet_event_extra.py for tasks to queue
[2025-08-25T12:37:12.923+0000] {logging_mixin.py:190} INFO - [2025-08-25T12:37:12.922+0000] {dagbag.py:588} INFO - Filling up the DagBag from /home/airflow/.local/lib/python3.12/site-packages/airflow/example_dags/example_inlet_event_extra.py
[2025-08-25T12:37:13.203+0000] {processor.py:925} INFO - DAG(s) 'read_dataset_event_from_classic', 'read_dataset_event' retrieved from /home/airflow/.local/lib/python3.12/site-packages/airflow/example_dags/example_inlet_event_extra.py
[2025-08-25T12:37:13.235+0000] {logging_mixin.py:190} INFO - [2025-08-25T12:37:13.234+0000] {dag.py:3239} INFO - Sync 2 DAGs
[2025-08-25T12:37:13.277+0000] {logging_mixin.py:190} INFO - [2025-08-25T12:37:13.277+0000] {dag.py:4180} INFO - Setting next_dagrun for read_dataset_event to 2025-08-24 00:00:00+00:00, run_after=2025-08-25 00:00:00+00:00
[2025-08-25T12:37:13.286+0000] {logging_mixin.py:190} INFO - [2025-08-25T12:37:13.286+0000] {dag.py:4180} INFO - Setting next_dagrun for read_dataset_event_from_classic to 2025-08-24 00:00:00+00:00, run_after=2025-08-25 00:00:00+00:00
[2025-08-25T12:37:13.312+0000] {processor.py:208} INFO - Processing /home/airflow/.local/lib/python3.12/site-packages/airflow/example_dags/example_inlet_event_extra.py took 0.403 seconds
[2025-08-25T12:37:43.938+0000] {processor.py:186} INFO - Started process (PID=373) to work on /home/airflow/.local/lib/python3.12/site-packages/airflow/example_dags/example_inlet_event_extra.py
[2025-08-25T12:37:43.940+0000] {processor.py:914} INFO - Processing file /home/airflow/.local/lib/python3.12/site-packages/airflow/example_dags/example_inlet_event_extra.py for tasks to queue
[2025-08-25T12:37:43.943+0000] {logging_mixin.py:190} INFO - [2025-08-25T12:37:43.942+0000] {dagbag.py:588} INFO - Filling up the DagBag from /home/airflow/.local/lib/python3.12/site-packages/airflow/example_dags/example_inlet_event_extra.py
[2025-08-25T12:37:44.101+0000] {processor.py:925} INFO - DAG(s) 'read_dataset_event', 'read_dataset_event_from_classic' retrieved from /home/airflow/.local/lib/python3.12/site-packages/airflow/example_dags/example_inlet_event_extra.py
[2025-08-25T12:37:44.131+0000] {logging_mixin.py:190} INFO - [2025-08-25T12:37:44.130+0000] {dag.py:3239} INFO - Sync 2 DAGs
[2025-08-25T12:37:44.170+0000] {logging_mixin.py:190} INFO - [2025-08-25T12:37:44.170+0000] {dag.py:4180} INFO - Setting next_dagrun for read_dataset_event to 2025-08-24 00:00:00+00:00, run_after=2025-08-25 00:00:00+00:00
[2025-08-25T12:37:44.178+0000] {logging_mixin.py:190} INFO - [2025-08-25T12:37:44.178+0000] {dag.py:4180} INFO - Setting next_dagrun for read_dataset_event_from_classic to 2025-08-24 00:00:00+00:00, run_after=2025-08-25 00:00:00+00:00
[2025-08-25T12:37:44.204+0000] {processor.py:208} INFO - Processing /home/airflow/.local/lib/python3.12/site-packages/airflow/example_dags/example_inlet_event_extra.py took 0.273 seconds
[2025-08-25T12:38:14.771+0000] {processor.py:186} INFO - Started process (PID=437) to work on /home/airflow/.local/lib/python3.12/site-packages/airflow/example_dags/example_inlet_event_extra.py
[2025-08-25T12:38:14.772+0000] {processor.py:914} INFO - Processing file /home/airflow/.local/lib/python3.12/site-packages/airflow/example_dags/example_inlet_event_extra.py for tasks to queue
[2025-08-25T12:38:14.776+0000] {logging_mixin.py:190} INFO - [2025-08-25T12:38:14.775+0000] {dagbag.py:588} INFO - Filling up the DagBag from /home/airflow/.local/lib/python3.12/site-packages/airflow/example_dags/example_inlet_event_extra.py
[2025-08-25T12:38:14.997+0000] {processor.py:925} INFO - DAG(s) 'read_dataset_event_from_classic', 'read_dataset_event' retrieved from /home/airflow/.local/lib/python3.12/site-packages/airflow/example_dags/example_inlet_event_extra.py
[2025-08-25T12:38:15.027+0000] {logging_mixin.py:190} INFO - [2025-08-25T12:38:15.027+0000] {dag.py:3239} INFO - Sync 2 DAGs
[2025-08-25T12:38:15.062+0000] {logging_mixin.py:190} INFO - [2025-08-25T12:38:15.061+0000] {dag.py:4180} INFO - Setting next_dagrun for read_dataset_event to 2025-08-24 00:00:00+00:00, run_after=2025-08-25 00:00:00+00:00
[2025-08-25T12:38:15.069+0000] {logging_mixin.py:190} INFO - [2025-08-25T12:38:15.068+0000] {dag.py:4180} INFO - Setting next_dagrun for read_dataset_event_from_classic to 2025-08-24 00:00:00+00:00, run_after=2025-08-25 00:00:00+00:00
[2025-08-25T12:38:15.095+0000] {processor.py:208} INFO - Processing /home/airflow/.local/lib/python3.12/site-packages/airflow/example_dags/example_inlet_event_extra.py took 0.332 seconds
[2025-08-25T12:38:45.303+0000] {processor.py:186} INFO - Started process (PID=503) to work on /home/airflow/.local/lib/python3.12/site-packages/airflow/example_dags/example_inlet_event_extra.py
[2025-08-25T12:38:45.304+0000] {processor.py:914} INFO - Processing file /home/airflow/.local/lib/python3.12/site-packages/airflow/example_dags/example_inlet_event_extra.py for tasks to queue
[2025-08-25T12:38:45.307+0000] {logging_mixin.py:190} INFO - [2025-08-25T12:38:45.306+0000] {dagbag.py:588} INFO - Filling up the DagBag from /home/airflow/.local/lib/python3.12/site-packages/airflow/example_dags/example_inlet_event_extra.py
[2025-08-25T12:38:45.467+0000] {processor.py:925} INFO - DAG(s) 'read_dataset_event', 'read_dataset_event_from_classic' retrieved from /home/airflow/.local/lib/python3.12/site-packages/airflow/example_dags/example_inlet_event_extra.py
[2025-08-25T12:38:45.498+0000] {logging_mixin.py:190} INFO - [2025-08-25T12:38:45.498+0000] {dag.py:3239} INFO - Sync 2 DAGs
[2025-08-25T12:38:45.530+0000] {logging_mixin.py:190} INFO - [2025-08-25T12:38:45.529+0000] {dag.py:4180} INFO - Setting next_dagrun for read_dataset_event to 2025-08-24 00:00:00+00:00, run_after=2025-08-25 00:00:00+00:00
[2025-08-25T12:38:45.536+0000] {logging_mixin.py:190} INFO - [2025-08-25T12:38:45.536+0000] {dag.py:4180} INFO - Setting next_dagrun for read_dataset_event_from_classic to 2025-08-24 00:00:00+00:00, run_after=2025-08-25 00:00:00+00:00
[2025-08-25T12:38:45.553+0000] {processor.py:208} INFO - Processing /home/airflow/.local/lib/python3.12/site-packages/airflow/example_dags/example_inlet_event_extra.py took 0.258 seconds
[2025-08-25T12:39:15.698+0000] {processor.py:186} INFO - Started process (PID=565) to work on /home/airflow/.local/lib/python3.12/site-packages/airflow/example_dags/example_inlet_event_extra.py
[2025-08-25T12:39:15.700+0000] {processor.py:914} INFO - Processing file /home/airflow/.local/lib/python3.12/site-packages/airflow/example_dags/example_inlet_event_extra.py for tasks to queue
[2025-08-25T12:39:15.703+0000] {logging_mixin.py:190} INFO - [2025-08-25T12:39:15.703+0000] {dagbag.py:588} INFO - Filling up the DagBag from /home/airflow/.local/lib/python3.12/site-packages/airflow/example_dags/example_inlet_event_extra.py
[2025-08-25T12:39:15.872+0000] {processor.py:925} INFO - DAG(s) 'read_dataset_event', 'read_dataset_event_from_classic' retrieved from /home/airflow/.local/lib/python3.12/site-packages/airflow/example_dags/example_inlet_event_extra.py
[2025-08-25T12:39:15.902+0000] {logging_mixin.py:190} INFO - [2025-08-25T12:39:15.902+0000] {dag.py:3239} INFO - Sync 2 DAGs
[2025-08-25T12:39:15.931+0000] {logging_mixin.py:190} INFO - [2025-08-25T12:39:15.931+0000] {dag.py:4180} INFO - Setting next_dagrun for read_dataset_event to 2025-08-24 00:00:00+00:00, run_after=2025-08-25 00:00:00+00:00
[2025-08-25T12:39:15.937+0000] {logging_mixin.py:190} INFO - [2025-08-25T12:39:15.937+0000] {dag.py:4180} INFO - Setting next_dagrun for read_dataset_event_from_classic to 2025-08-24 00:00:00+00:00, run_after=2025-08-25 00:00:00+00:00
[2025-08-25T12:39:15.956+0000] {processor.py:208} INFO - Processing /home/airflow/.local/lib/python3.12/site-packages/airflow/example_dags/example_inlet_event_extra.py took 0.267 seconds
[2025-08-25T12:39:46.049+0000] {processor.py:186} INFO - Started process (PID=629) to work on /home/airflow/.local/lib/python3.12/site-packages/airflow/example_dags/example_inlet_event_extra.py
[2025-08-25T12:39:46.051+0000] {processor.py:914} INFO - Processing file /home/airflow/.local/lib/python3.12/site-packages/airflow/example_dags/example_inlet_event_extra.py for tasks to queue
[2025-08-25T12:39:46.054+0000] {logging_mixin.py:190} INFO - [2025-08-25T12:39:46.054+0000] {dagbag.py:588} INFO - Filling up the DagBag from /home/airflow/.local/lib/python3.12/site-packages/airflow/example_dags/example_inlet_event_extra.py
[2025-08-25T12:39:46.211+0000] {processor.py:925} INFO - DAG(s) 'read_dataset_event_from_classic', 'read_dataset_event' retrieved from /home/airflow/.local/lib/python3.12/site-packages/airflow/example_dags/example_inlet_event_extra.py
[2025-08-25T12:39:46.242+0000] {logging_mixin.py:190} INFO - [2025-08-25T12:39:46.242+0000] {dag.py:3239} INFO - Sync 2 DAGs
[2025-08-25T12:39:46.277+0000] {logging_mixin.py:190} INFO - [2025-08-25T12:39:46.276+0000] {dag.py:4180} INFO - Setting next_dagrun for read_dataset_event to 2025-08-24 00:00:00+00:00, run_after=2025-08-25 00:00:00+00:00
[2025-08-25T12:39:46.286+0000] {logging_mixin.py:190} INFO - [2025-08-25T12:39:46.286+0000] {dag.py:4180} INFO - Setting next_dagrun for read_dataset_event_from_classic to 2025-08-24 00:00:00+00:00, run_after=2025-08-25 00:00:00+00:00
[2025-08-25T12:39:46.309+0000] {processor.py:208} INFO - Processing /home/airflow/.local/lib/python3.12/site-packages/airflow/example_dags/example_inlet_event_extra.py took 0.269 seconds
[2025-08-25T12:40:16.503+0000] {processor.py:186} INFO - Started process (PID=693) to work on /home/airflow/.local/lib/python3.12/site-packages/airflow/example_dags/example_inlet_event_extra.py
[2025-08-25T12:40:16.506+0000] {processor.py:914} INFO - Processing file /home/airflow/.local/lib/python3.12/site-packages/airflow/example_dags/example_inlet_event_extra.py for tasks to queue
[2025-08-25T12:40:16.509+0000] {logging_mixin.py:190} INFO - [2025-08-25T12:40:16.508+0000] {dagbag.py:588} INFO - Filling up the DagBag from /home/airflow/.local/lib/python3.12/site-packages/airflow/example_dags/example_inlet_event_extra.py
[2025-08-25T12:40:16.686+0000] {processor.py:925} INFO - DAG(s) 'read_dataset_event_from_classic', 'read_dataset_event' retrieved from /home/airflow/.local/lib/python3.12/site-packages/airflow/example_dags/example_inlet_event_extra.py
[2025-08-25T12:40:16.720+0000] {logging_mixin.py:190} INFO - [2025-08-25T12:40:16.719+0000] {dag.py:3239} INFO - Sync 2 DAGs
[2025-08-25T12:40:16.762+0000] {logging_mixin.py:190} INFO - [2025-08-25T12:40:16.762+0000] {dag.py:4180} INFO - Setting next_dagrun for read_dataset_event to 2025-08-24 00:00:00+00:00, run_after=2025-08-25 00:00:00+00:00
[2025-08-25T12:40:16.769+0000] {logging_mixin.py:190} INFO - [2025-08-25T12:40:16.769+0000] {dag.py:4180} INFO - Setting next_dagrun for read_dataset_event_from_classic to 2025-08-24 00:00:00+00:00, run_after=2025-08-25 00:00:00+00:00
[2025-08-25T12:40:16.794+0000] {processor.py:208} INFO - Processing /home/airflow/.local/lib/python3.12/site-packages/airflow/example_dags/example_inlet_event_extra.py took 0.300 seconds
[2025-08-25T12:40:47.353+0000] {processor.py:186} INFO - Started process (PID=760) to work on /home/airflow/.local/lib/python3.12/site-packages/airflow/example_dags/example_inlet_event_extra.py
[2025-08-25T12:40:47.354+0000] {processor.py:914} INFO - Processing file /home/airflow/.local/lib/python3.12/site-packages/airflow/example_dags/example_inlet_event_extra.py for tasks to queue
[2025-08-25T12:40:47.357+0000] {logging_mixin.py:190} INFO - [2025-08-25T12:40:47.356+0000] {dagbag.py:588} INFO - Filling up the DagBag from /home/airflow/.local/lib/python3.12/site-packages/airflow/example_dags/example_inlet_event_extra.py
[2025-08-25T12:40:47.553+0000] {processor.py:925} INFO - DAG(s) 'read_dataset_event', 'read_dataset_event_from_classic' retrieved from /home/airflow/.local/lib/python3.12/site-packages/airflow/example_dags/example_inlet_event_extra.py
[2025-08-25T12:40:47.585+0000] {logging_mixin.py:190} INFO - [2025-08-25T12:40:47.585+0000] {dag.py:3239} INFO - Sync 2 DAGs
[2025-08-25T12:40:47.615+0000] {logging_mixin.py:190} INFO - [2025-08-25T12:40:47.615+0000] {dag.py:4180} INFO - Setting next_dagrun for read_dataset_event to 2025-08-24 00:00:00+00:00, run_after=2025-08-25 00:00:00+00:00
[2025-08-25T12:40:47.621+0000] {logging_mixin.py:190} INFO - [2025-08-25T12:40:47.621+0000] {dag.py:4180} INFO - Setting next_dagrun for read_dataset_event_from_classic to 2025-08-24 00:00:00+00:00, run_after=2025-08-25 00:00:00+00:00
[2025-08-25T12:40:47.642+0000] {processor.py:208} INFO - Processing /home/airflow/.local/lib/python3.12/site-packages/airflow/example_dags/example_inlet_event_extra.py took 0.298 seconds
[2025-08-25T12:41:17.898+0000] {processor.py:186} INFO - Started process (PID=824) to work on /home/airflow/.local/lib/python3.12/site-packages/airflow/example_dags/example_inlet_event_extra.py
[2025-08-25T12:41:17.900+0000] {processor.py:914} INFO - Processing file /home/airflow/.local/lib/python3.12/site-packages/airflow/example_dags/example_inlet_event_extra.py for tasks to queue
[2025-08-25T12:41:17.903+0000] {logging_mixin.py:190} INFO - [2025-08-25T12:41:17.903+0000] {dagbag.py:588} INFO - Filling up the DagBag from /home/airflow/.local/lib/python3.12/site-packages/airflow/example_dags/example_inlet_event_extra.py
[2025-08-25T12:41:18.083+0000] {processor.py:925} INFO - DAG(s) 'read_dataset_event_from_classic', 'read_dataset_event' retrieved from /home/airflow/.local/lib/python3.12/site-packages/airflow/example_dags/example_inlet_event_extra.py
[2025-08-25T12:41:18.111+0000] {logging_mixin.py:190} INFO - [2025-08-25T12:41:18.110+0000] {dag.py:3239} INFO - Sync 2 DAGs
[2025-08-25T12:41:18.149+0000] {logging_mixin.py:190} INFO - [2025-08-25T12:41:18.149+0000] {dag.py:4180} INFO - Setting next_dagrun for read_dataset_event to 2025-08-24 00:00:00+00:00, run_after=2025-08-25 00:00:00+00:00
[2025-08-25T12:41:18.159+0000] {logging_mixin.py:190} INFO - [2025-08-25T12:41:18.159+0000] {dag.py:4180} INFO - Setting next_dagrun for read_dataset_event_from_classic to 2025-08-24 00:00:00+00:00, run_after=2025-08-25 00:00:00+00:00
[2025-08-25T12:41:18.182+0000] {processor.py:208} INFO - Processing /home/airflow/.local/lib/python3.12/site-packages/airflow/example_dags/example_inlet_event_extra.py took 0.294 seconds
[2025-08-25T12:41:48.630+0000] {processor.py:186} INFO - Started process (PID=888) to work on /home/airflow/.local/lib/python3.12/site-packages/airflow/example_dags/example_inlet_event_extra.py
[2025-08-25T12:41:48.632+0000] {processor.py:914} INFO - Processing file /home/airflow/.local/lib/python3.12/site-packages/airflow/example_dags/example_inlet_event_extra.py for tasks to queue
[2025-08-25T12:41:48.635+0000] {logging_mixin.py:190} INFO - [2025-08-25T12:41:48.635+0000] {dagbag.py:588} INFO - Filling up the DagBag from /home/airflow/.local/lib/python3.12/site-packages/airflow/example_dags/example_inlet_event_extra.py
[2025-08-25T12:41:48.796+0000] {processor.py:925} INFO - DAG(s) 'read_dataset_event_from_classic', 'read_dataset_event' retrieved from /home/airflow/.local/lib/python3.12/site-packages/airflow/example_dags/example_inlet_event_extra.py
[2025-08-25T12:41:48.828+0000] {logging_mixin.py:190} INFO - [2025-08-25T12:41:48.828+0000] {dag.py:3239} INFO - Sync 2 DAGs
[2025-08-25T12:41:48.857+0000] {logging_mixin.py:190} INFO - [2025-08-25T12:41:48.856+0000] {dag.py:4180} INFO - Setting next_dagrun for read_dataset_event to 2025-08-24 00:00:00+00:00, run_after=2025-08-25 00:00:00+00:00
[2025-08-25T12:41:48.862+0000] {logging_mixin.py:190} INFO - [2025-08-25T12:41:48.862+0000] {dag.py:4180} INFO - Setting next_dagrun for read_dataset_event_from_classic to 2025-08-24 00:00:00+00:00, run_after=2025-08-25 00:00:00+00:00
[2025-08-25T12:41:48.887+0000] {processor.py:208} INFO - Processing /home/airflow/.local/lib/python3.12/site-packages/airflow/example_dags/example_inlet_event_extra.py took 0.266 seconds
[2025-08-25T12:42:19.460+0000] {processor.py:186} INFO - Started process (PID=952) to work on /home/airflow/.local/lib/python3.12/site-packages/airflow/example_dags/example_inlet_event_extra.py
[2025-08-25T12:42:19.462+0000] {processor.py:914} INFO - Processing file /home/airflow/.local/lib/python3.12/site-packages/airflow/example_dags/example_inlet_event_extra.py for tasks to queue
[2025-08-25T12:42:19.466+0000] {logging_mixin.py:190} INFO - [2025-08-25T12:42:19.465+0000] {dagbag.py:588} INFO - Filling up the DagBag from /home/airflow/.local/lib/python3.12/site-packages/airflow/example_dags/example_inlet_event_extra.py
[2025-08-25T12:42:19.640+0000] {processor.py:925} INFO - DAG(s) 'read_dataset_event_from_classic', 'read_dataset_event' retrieved from /home/airflow/.local/lib/python3.12/site-packages/airflow/example_dags/example_inlet_event_extra.py
[2025-08-25T12:42:19.672+0000] {logging_mixin.py:190} INFO - [2025-08-25T12:42:19.672+0000] {dag.py:3239} INFO - Sync 2 DAGs
[2025-08-25T12:42:19.707+0000] {logging_mixin.py:190} INFO - [2025-08-25T12:42:19.707+0000] {dag.py:4180} INFO - Setting next_dagrun for read_dataset_event to 2025-08-24 00:00:00+00:00, run_after=2025-08-25 00:00:00+00:00
[2025-08-25T12:42:19.716+0000] {logging_mixin.py:190} INFO - [2025-08-25T12:42:19.715+0000] {dag.py:4180} INFO - Setting next_dagrun for read_dataset_event_from_classic to 2025-08-24 00:00:00+00:00, run_after=2025-08-25 00:00:00+00:00
[2025-08-25T12:42:19.742+0000] {processor.py:208} INFO - Processing /home/airflow/.local/lib/python3.12/site-packages/airflow/example_dags/example_inlet_event_extra.py took 0.294 seconds
[2025-08-25T12:42:50.246+0000] {processor.py:186} INFO - Started process (PID=1016) to work on /home/airflow/.local/lib/python3.12/site-packages/airflow/example_dags/example_inlet_event_extra.py
[2025-08-25T12:42:50.247+0000] {processor.py:914} INFO - Processing file /home/airflow/.local/lib/python3.12/site-packages/airflow/example_dags/example_inlet_event_extra.py for tasks to queue
[2025-08-25T12:42:50.249+0000] {logging_mixin.py:190} INFO - [2025-08-25T12:42:50.249+0000] {dagbag.py:588} INFO - Filling up the DagBag from /home/airflow/.local/lib/python3.12/site-packages/airflow/example_dags/example_inlet_event_extra.py
[2025-08-25T12:42:50.416+0000] {processor.py:925} INFO - DAG(s) 'read_dataset_event', 'read_dataset_event_from_classic' retrieved from /home/airflow/.local/lib/python3.12/site-packages/airflow/example_dags/example_inlet_event_extra.py
[2025-08-25T12:42:50.447+0000] {logging_mixin.py:190} INFO - [2025-08-25T12:42:50.447+0000] {dag.py:3239} INFO - Sync 2 DAGs
[2025-08-25T12:42:50.480+0000] {logging_mixin.py:190} INFO - [2025-08-25T12:42:50.480+0000] {dag.py:4180} INFO - Setting next_dagrun for read_dataset_event to 2025-08-24 00:00:00+00:00, run_after=2025-08-25 00:00:00+00:00
[2025-08-25T12:42:50.487+0000] {logging_mixin.py:190} INFO - [2025-08-25T12:42:50.487+0000] {dag.py:4180} INFO - Setting next_dagrun for read_dataset_event_from_classic to 2025-08-24 00:00:00+00:00, run_after=2025-08-25 00:00:00+00:00
[2025-08-25T12:42:50.512+0000] {processor.py:208} INFO - Processing /home/airflow/.local/lib/python3.12/site-packages/airflow/example_dags/example_inlet_event_extra.py took 0.275 seconds
[2025-08-25T12:43:20.886+0000] {processor.py:186} INFO - Started process (PID=1080) to work on /home/airflow/.local/lib/python3.12/site-packages/airflow/example_dags/example_inlet_event_extra.py
[2025-08-25T12:43:20.888+0000] {processor.py:914} INFO - Processing file /home/airflow/.local/lib/python3.12/site-packages/airflow/example_dags/example_inlet_event_extra.py for tasks to queue
[2025-08-25T12:43:20.892+0000] {logging_mixin.py:190} INFO - [2025-08-25T12:43:20.891+0000] {dagbag.py:588} INFO - Filling up the DagBag from /home/airflow/.local/lib/python3.12/site-packages/airflow/example_dags/example_inlet_event_extra.py
[2025-08-25T12:43:21.174+0000] {processor.py:925} INFO - DAG(s) 'read_dataset_event_from_classic', 'read_dataset_event' retrieved from /home/airflow/.local/lib/python3.12/site-packages/airflow/example_dags/example_inlet_event_extra.py
[2025-08-25T12:43:21.207+0000] {logging_mixin.py:190} INFO - [2025-08-25T12:43:21.207+0000] {dag.py:3239} INFO - Sync 2 DAGs
[2025-08-25T12:43:21.247+0000] {logging_mixin.py:190} INFO - [2025-08-25T12:43:21.247+0000] {dag.py:4180} INFO - Setting next_dagrun for read_dataset_event to 2025-08-24 00:00:00+00:00, run_after=2025-08-25 00:00:00+00:00
[2025-08-25T12:43:21.256+0000] {logging_mixin.py:190} INFO - [2025-08-25T12:43:21.256+0000] {dag.py:4180} INFO - Setting next_dagrun for read_dataset_event_from_classic to 2025-08-24 00:00:00+00:00, run_after=2025-08-25 00:00:00+00:00
[2025-08-25T12:43:21.280+0000] {processor.py:208} INFO - Processing /home/airflow/.local/lib/python3.12/site-packages/airflow/example_dags/example_inlet_event_extra.py took 0.404 seconds
[2025-08-25T12:43:51.549+0000] {processor.py:186} INFO - Started process (PID=1144) to work on /home/airflow/.local/lib/python3.12/site-packages/airflow/example_dags/example_inlet_event_extra.py
[2025-08-25T12:43:51.551+0000] {processor.py:914} INFO - Processing file /home/airflow/.local/lib/python3.12/site-packages/airflow/example_dags/example_inlet_event_extra.py for tasks to queue
[2025-08-25T12:43:51.555+0000] {logging_mixin.py:190} INFO - [2025-08-25T12:43:51.554+0000] {dagbag.py:588} INFO - Filling up the DagBag from /home/airflow/.local/lib/python3.12/site-packages/airflow/example_dags/example_inlet_event_extra.py
[2025-08-25T12:43:51.723+0000] {processor.py:925} INFO - DAG(s) 'read_dataset_event', 'read_dataset_event_from_classic' retrieved from /home/airflow/.local/lib/python3.12/site-packages/airflow/example_dags/example_inlet_event_extra.py
[2025-08-25T12:43:51.756+0000] {logging_mixin.py:190} INFO - [2025-08-25T12:43:51.756+0000] {dag.py:3239} INFO - Sync 2 DAGs
[2025-08-25T12:43:51.791+0000] {logging_mixin.py:190} INFO - [2025-08-25T12:43:51.791+0000] {dag.py:4180} INFO - Setting next_dagrun for read_dataset_event to 2025-08-24 00:00:00+00:00, run_after=2025-08-25 00:00:00+00:00
[2025-08-25T12:43:51.799+0000] {logging_mixin.py:190} INFO - [2025-08-25T12:43:51.798+0000] {dag.py:4180} INFO - Setting next_dagrun for read_dataset_event_from_classic to 2025-08-24 00:00:00+00:00, run_after=2025-08-25 00:00:00+00:00
[2025-08-25T12:43:51.825+0000] {processor.py:208} INFO - Processing /home/airflow/.local/lib/python3.12/site-packages/airflow/example_dags/example_inlet_event_extra.py took 0.285 seconds
[2025-08-25T12:44:21.958+0000] {processor.py:186} INFO - Started process (PID=1208) to work on /home/airflow/.local/lib/python3.12/site-packages/airflow/example_dags/example_inlet_event_extra.py
[2025-08-25T12:44:21.959+0000] {processor.py:914} INFO - Processing file /home/airflow/.local/lib/python3.12/site-packages/airflow/example_dags/example_inlet_event_extra.py for tasks to queue
[2025-08-25T12:44:21.963+0000] {logging_mixin.py:190} INFO - [2025-08-25T12:44:21.962+0000] {dagbag.py:588} INFO - Filling up the DagBag from /home/airflow/.local/lib/python3.12/site-packages/airflow/example_dags/example_inlet_event_extra.py
[2025-08-25T12:44:22.124+0000] {processor.py:925} INFO - DAG(s) 'read_dataset_event_from_classic', 'read_dataset_event' retrieved from /home/airflow/.local/lib/python3.12/site-packages/airflow/example_dags/example_inlet_event_extra.py
[2025-08-25T12:44:22.154+0000] {logging_mixin.py:190} INFO - [2025-08-25T12:44:22.154+0000] {dag.py:3239} INFO - Sync 2 DAGs
[2025-08-25T12:44:22.193+0000] {logging_mixin.py:190} INFO - [2025-08-25T12:44:22.192+0000] {dag.py:4180} INFO - Setting next_dagrun for read_dataset_event to 2025-08-24 00:00:00+00:00, run_after=2025-08-25 00:00:00+00:00
[2025-08-25T12:44:22.200+0000] {logging_mixin.py:190} INFO - [2025-08-25T12:44:22.200+0000] {dag.py:4180} INFO - Setting next_dagrun for read_dataset_event_from_classic to 2025-08-24 00:00:00+00:00, run_after=2025-08-25 00:00:00+00:00
[2025-08-25T12:44:22.223+0000] {processor.py:208} INFO - Processing /home/airflow/.local/lib/python3.12/site-packages/airflow/example_dags/example_inlet_event_extra.py took 0.273 seconds
[2025-08-25T12:44:52.631+0000] {processor.py:186} INFO - Started process (PID=1272) to work on /home/airflow/.local/lib/python3.12/site-packages/airflow/example_dags/example_inlet_event_extra.py
[2025-08-25T12:44:52.633+0000] {processor.py:914} INFO - Processing file /home/airflow/.local/lib/python3.12/site-packages/airflow/example_dags/example_inlet_event_extra.py for tasks to queue
[2025-08-25T12:44:52.636+0000] {logging_mixin.py:190} INFO - [2025-08-25T12:44:52.635+0000] {dagbag.py:588} INFO - Filling up the DagBag from /home/airflow/.local/lib/python3.12/site-packages/airflow/example_dags/example_inlet_event_extra.py
[2025-08-25T12:44:52.867+0000] {processor.py:925} INFO - DAG(s) 'read_dataset_event_from_classic', 'read_dataset_event' retrieved from /home/airflow/.local/lib/python3.12/site-packages/airflow/example_dags/example_inlet_event_extra.py
[2025-08-25T12:44:52.890+0000] {logging_mixin.py:190} INFO - [2025-08-25T12:44:52.890+0000] {dag.py:3239} INFO - Sync 2 DAGs
[2025-08-25T12:44:52.922+0000] {logging_mixin.py:190} INFO - [2025-08-25T12:44:52.922+0000] {dag.py:4180} INFO - Setting next_dagrun for read_dataset_event to 2025-08-24 00:00:00+00:00, run_after=2025-08-25 00:00:00+00:00
[2025-08-25T12:44:52.930+0000] {logging_mixin.py:190} INFO - [2025-08-25T12:44:52.930+0000] {dag.py:4180} INFO - Setting next_dagrun for read_dataset_event_from_classic to 2025-08-24 00:00:00+00:00, run_after=2025-08-25 00:00:00+00:00
[2025-08-25T12:44:52.956+0000] {processor.py:208} INFO - Processing /home/airflow/.local/lib/python3.12/site-packages/airflow/example_dags/example_inlet_event_extra.py took 0.333 seconds
[2025-08-25T12:45:23.016+0000] {processor.py:186} INFO - Started process (PID=1336) to work on /home/airflow/.local/lib/python3.12/site-packages/airflow/example_dags/example_inlet_event_extra.py
[2025-08-25T12:45:23.018+0000] {processor.py:914} INFO - Processing file /home/airflow/.local/lib/python3.12/site-packages/airflow/example_dags/example_inlet_event_extra.py for tasks to queue
[2025-08-25T12:45:23.022+0000] {logging_mixin.py:190} INFO - [2025-08-25T12:45:23.022+0000] {dagbag.py:588} INFO - Filling up the DagBag from /home/airflow/.local/lib/python3.12/site-packages/airflow/example_dags/example_inlet_event_extra.py
[2025-08-25T12:45:23.174+0000] {processor.py:925} INFO - DAG(s) 'read_dataset_event_from_classic', 'read_dataset_event' retrieved from /home/airflow/.local/lib/python3.12/site-packages/airflow/example_dags/example_inlet_event_extra.py
[2025-08-25T12:45:23.206+0000] {logging_mixin.py:190} INFO - [2025-08-25T12:45:23.205+0000] {dag.py:3239} INFO - Sync 2 DAGs
[2025-08-25T12:45:23.246+0000] {logging_mixin.py:190} INFO - [2025-08-25T12:45:23.246+0000] {dag.py:4180} INFO - Setting next_dagrun for read_dataset_event to 2025-08-24 00:00:00+00:00, run_after=2025-08-25 00:00:00+00:00
[2025-08-25T12:45:23.255+0000] {logging_mixin.py:190} INFO - [2025-08-25T12:45:23.254+0000] {dag.py:4180} INFO - Setting next_dagrun for read_dataset_event_from_classic to 2025-08-24 00:00:00+00:00, run_after=2025-08-25 00:00:00+00:00
[2025-08-25T12:45:23.278+0000] {processor.py:208} INFO - Processing /home/airflow/.local/lib/python3.12/site-packages/airflow/example_dags/example_inlet_event_extra.py took 0.271 seconds
[2025-08-25T12:45:53.434+0000] {processor.py:186} INFO - Started process (PID=1401) to work on /home/airflow/.local/lib/python3.12/site-packages/airflow/example_dags/example_inlet_event_extra.py
[2025-08-25T12:45:53.435+0000] {processor.py:914} INFO - Processing file /home/airflow/.local/lib/python3.12/site-packages/airflow/example_dags/example_inlet_event_extra.py for tasks to queue
[2025-08-25T12:45:53.437+0000] {logging_mixin.py:190} INFO - [2025-08-25T12:45:53.436+0000] {dagbag.py:588} INFO - Filling up the DagBag from /home/airflow/.local/lib/python3.12/site-packages/airflow/example_dags/example_inlet_event_extra.py
[2025-08-25T12:45:53.598+0000] {processor.py:925} INFO - DAG(s) 'read_dataset_event_from_classic', 'read_dataset_event' retrieved from /home/airflow/.local/lib/python3.12/site-packages/airflow/example_dags/example_inlet_event_extra.py
[2025-08-25T12:45:53.623+0000] {logging_mixin.py:190} INFO - [2025-08-25T12:45:53.623+0000] {dag.py:3239} INFO - Sync 2 DAGs
[2025-08-25T12:45:53.653+0000] {logging_mixin.py:190} INFO - [2025-08-25T12:45:53.653+0000] {dag.py:4180} INFO - Setting next_dagrun for read_dataset_event to 2025-08-24 00:00:00+00:00, run_after=2025-08-25 00:00:00+00:00
[2025-08-25T12:45:53.664+0000] {logging_mixin.py:190} INFO - [2025-08-25T12:45:53.663+0000] {dag.py:4180} INFO - Setting next_dagrun for read_dataset_event_from_classic to 2025-08-24 00:00:00+00:00, run_after=2025-08-25 00:00:00+00:00
[2025-08-25T12:45:53.688+0000] {processor.py:208} INFO - Processing /home/airflow/.local/lib/python3.12/site-packages/airflow/example_dags/example_inlet_event_extra.py took 0.261 seconds
[2025-08-25T12:46:24.532+0000] {processor.py:186} INFO - Started process (PID=1466) to work on /home/airflow/.local/lib/python3.12/site-packages/airflow/example_dags/example_inlet_event_extra.py
[2025-08-25T12:46:24.533+0000] {processor.py:914} INFO - Processing file /home/airflow/.local/lib/python3.12/site-packages/airflow/example_dags/example_inlet_event_extra.py for tasks to queue
[2025-08-25T12:46:24.535+0000] {logging_mixin.py:190} INFO - [2025-08-25T12:46:24.535+0000] {dagbag.py:588} INFO - Filling up the DagBag from /home/airflow/.local/lib/python3.12/site-packages/airflow/example_dags/example_inlet_event_extra.py
[2025-08-25T12:46:24.689+0000] {processor.py:925} INFO - DAG(s) 'read_dataset_event_from_classic', 'read_dataset_event' retrieved from /home/airflow/.local/lib/python3.12/site-packages/airflow/example_dags/example_inlet_event_extra.py
[2025-08-25T12:46:24.715+0000] {logging_mixin.py:190} INFO - [2025-08-25T12:46:24.715+0000] {dag.py:3239} INFO - Sync 2 DAGs
[2025-08-25T12:46:24.745+0000] {logging_mixin.py:190} INFO - [2025-08-25T12:46:24.744+0000] {dag.py:4180} INFO - Setting next_dagrun for read_dataset_event to 2025-08-24 00:00:00+00:00, run_after=2025-08-25 00:00:00+00:00
[2025-08-25T12:46:24.751+0000] {logging_mixin.py:190} INFO - [2025-08-25T12:46:24.751+0000] {dag.py:4180} INFO - Setting next_dagrun for read_dataset_event_from_classic to 2025-08-24 00:00:00+00:00, run_after=2025-08-25 00:00:00+00:00
[2025-08-25T12:46:24.772+0000] {processor.py:208} INFO - Processing /home/airflow/.local/lib/python3.12/site-packages/airflow/example_dags/example_inlet_event_extra.py took 0.249 seconds
[2025-08-25T12:46:55.008+0000] {processor.py:186} INFO - Started process (PID=1531) to work on /home/airflow/.local/lib/python3.12/site-packages/airflow/example_dags/example_inlet_event_extra.py
[2025-08-25T12:46:55.009+0000] {processor.py:914} INFO - Processing file /home/airflow/.local/lib/python3.12/site-packages/airflow/example_dags/example_inlet_event_extra.py for tasks to queue
[2025-08-25T12:46:55.011+0000] {logging_mixin.py:190} INFO - [2025-08-25T12:46:55.011+0000] {dagbag.py:588} INFO - Filling up the DagBag from /home/airflow/.local/lib/python3.12/site-packages/airflow/example_dags/example_inlet_event_extra.py
[2025-08-25T12:46:55.169+0000] {processor.py:925} INFO - DAG(s) 'read_dataset_event', 'read_dataset_event_from_classic' retrieved from /home/airflow/.local/lib/python3.12/site-packages/airflow/example_dags/example_inlet_event_extra.py
[2025-08-25T12:46:55.197+0000] {logging_mixin.py:190} INFO - [2025-08-25T12:46:55.197+0000] {dag.py:3239} INFO - Sync 2 DAGs
[2025-08-25T12:46:55.227+0000] {logging_mixin.py:190} INFO - [2025-08-25T12:46:55.227+0000] {dag.py:4180} INFO - Setting next_dagrun for read_dataset_event to 2025-08-24 00:00:00+00:00, run_after=2025-08-25 00:00:00+00:00
[2025-08-25T12:46:55.234+0000] {logging_mixin.py:190} INFO - [2025-08-25T12:46:55.234+0000] {dag.py:4180} INFO - Setting next_dagrun for read_dataset_event_from_classic to 2025-08-24 00:00:00+00:00, run_after=2025-08-25 00:00:00+00:00
[2025-08-25T12:46:55.257+0000] {processor.py:208} INFO - Processing /home/airflow/.local/lib/python3.12/site-packages/airflow/example_dags/example_inlet_event_extra.py took 0.258 seconds
[2025-08-25T12:47:25.341+0000] {processor.py:186} INFO - Started process (PID=1592) to work on /home/airflow/.local/lib/python3.12/site-packages/airflow/example_dags/example_inlet_event_extra.py
[2025-08-25T12:47:25.343+0000] {processor.py:914} INFO - Processing file /home/airflow/.local/lib/python3.12/site-packages/airflow/example_dags/example_inlet_event_extra.py for tasks to queue
[2025-08-25T12:47:25.345+0000] {logging_mixin.py:190} INFO - [2025-08-25T12:47:25.345+0000] {dagbag.py:588} INFO - Filling up the DagBag from /home/airflow/.local/lib/python3.12/site-packages/airflow/example_dags/example_inlet_event_extra.py
[2025-08-25T12:47:25.526+0000] {processor.py:925} INFO - DAG(s) 'read_dataset_event_from_classic', 'read_dataset_event' retrieved from /home/airflow/.local/lib/python3.12/site-packages/airflow/example_dags/example_inlet_event_extra.py
[2025-08-25T12:47:25.557+0000] {logging_mixin.py:190} INFO - [2025-08-25T12:47:25.557+0000] {dag.py:3239} INFO - Sync 2 DAGs
[2025-08-25T12:47:25.599+0000] {logging_mixin.py:190} INFO - [2025-08-25T12:47:25.599+0000] {dag.py:4180} INFO - Setting next_dagrun for read_dataset_event to 2025-08-24 00:00:00+00:00, run_after=2025-08-25 00:00:00+00:00
[2025-08-25T12:47:25.609+0000] {logging_mixin.py:190} INFO - [2025-08-25T12:47:25.608+0000] {dag.py:4180} INFO - Setting next_dagrun for read_dataset_event_from_classic to 2025-08-24 00:00:00+00:00, run_after=2025-08-25 00:00:00+00:00
[2025-08-25T12:47:25.632+0000] {processor.py:208} INFO - Processing /home/airflow/.local/lib/python3.12/site-packages/airflow/example_dags/example_inlet_event_extra.py took 0.299 seconds
[2025-08-25T12:47:55.720+0000] {processor.py:186} INFO - Started process (PID=1656) to work on /home/airflow/.local/lib/python3.12/site-packages/airflow/example_dags/example_inlet_event_extra.py
[2025-08-25T12:47:55.721+0000] {processor.py:914} INFO - Processing file /home/airflow/.local/lib/python3.12/site-packages/airflow/example_dags/example_inlet_event_extra.py for tasks to queue
[2025-08-25T12:47:55.723+0000] {logging_mixin.py:190} INFO - [2025-08-25T12:47:55.723+0000] {dagbag.py:588} INFO - Filling up the DagBag from /home/airflow/.local/lib/python3.12/site-packages/airflow/example_dags/example_inlet_event_extra.py
[2025-08-25T12:47:55.876+0000] {processor.py:925} INFO - DAG(s) 'read_dataset_event', 'read_dataset_event_from_classic' retrieved from /home/airflow/.local/lib/python3.12/site-packages/airflow/example_dags/example_inlet_event_extra.py
[2025-08-25T12:47:55.906+0000] {logging_mixin.py:190} INFO - [2025-08-25T12:47:55.906+0000] {dag.py:3239} INFO - Sync 2 DAGs
[2025-08-25T12:47:55.940+0000] {logging_mixin.py:190} INFO - [2025-08-25T12:47:55.940+0000] {dag.py:4180} INFO - Setting next_dagrun for read_dataset_event to 2025-08-24 00:00:00+00:00, run_after=2025-08-25 00:00:00+00:00
[2025-08-25T12:47:55.948+0000] {logging_mixin.py:190} INFO - [2025-08-25T12:47:55.948+0000] {dag.py:4180} INFO - Setting next_dagrun for read_dataset_event_from_classic to 2025-08-24 00:00:00+00:00, run_after=2025-08-25 00:00:00+00:00
[2025-08-25T12:47:55.970+0000] {processor.py:208} INFO - Processing /home/airflow/.local/lib/python3.12/site-packages/airflow/example_dags/example_inlet_event_extra.py took 0.258 seconds
[2025-08-25T12:48:26.449+0000] {processor.py:186} INFO - Started process (PID=1720) to work on /home/airflow/.local/lib/python3.12/site-packages/airflow/example_dags/example_inlet_event_extra.py
[2025-08-25T12:48:26.450+0000] {processor.py:914} INFO - Processing file /home/airflow/.local/lib/python3.12/site-packages/airflow/example_dags/example_inlet_event_extra.py for tasks to queue
[2025-08-25T12:48:26.452+0000] {logging_mixin.py:190} INFO - [2025-08-25T12:48:26.452+0000] {dagbag.py:588} INFO - Filling up the DagBag from /home/airflow/.local/lib/python3.12/site-packages/airflow/example_dags/example_inlet_event_extra.py
[2025-08-25T12:48:26.634+0000] {processor.py:925} INFO - DAG(s) 'read_dataset_event', 'read_dataset_event_from_classic' retrieved from /home/airflow/.local/lib/python3.12/site-packages/airflow/example_dags/example_inlet_event_extra.py
[2025-08-25T12:48:26.662+0000] {logging_mixin.py:190} INFO - [2025-08-25T12:48:26.662+0000] {dag.py:3239} INFO - Sync 2 DAGs
[2025-08-25T12:48:26.695+0000] {logging_mixin.py:190} INFO - [2025-08-25T12:48:26.694+0000] {dag.py:4180} INFO - Setting next_dagrun for read_dataset_event to 2025-08-24 00:00:00+00:00, run_after=2025-08-25 00:00:00+00:00
[2025-08-25T12:48:26.703+0000] {logging_mixin.py:190} INFO - [2025-08-25T12:48:26.703+0000] {dag.py:4180} INFO - Setting next_dagrun for read_dataset_event_from_classic to 2025-08-24 00:00:00+00:00, run_after=2025-08-25 00:00:00+00:00
[2025-08-25T12:48:26.726+0000] {processor.py:208} INFO - Processing /home/airflow/.local/lib/python3.12/site-packages/airflow/example_dags/example_inlet_event_extra.py took 0.285 seconds
[2025-08-25T12:48:57.146+0000] {processor.py:186} INFO - Started process (PID=1784) to work on /home/airflow/.local/lib/python3.12/site-packages/airflow/example_dags/example_inlet_event_extra.py
[2025-08-25T12:48:57.147+0000] {processor.py:914} INFO - Processing file /home/airflow/.local/lib/python3.12/site-packages/airflow/example_dags/example_inlet_event_extra.py for tasks to queue
[2025-08-25T12:48:57.150+0000] {logging_mixin.py:190} INFO - [2025-08-25T12:48:57.150+0000] {dagbag.py:588} INFO - Filling up the DagBag from /home/airflow/.local/lib/python3.12/site-packages/airflow/example_dags/example_inlet_event_extra.py
[2025-08-25T12:48:57.320+0000] {processor.py:925} INFO - DAG(s) 'read_dataset_event_from_classic', 'read_dataset_event' retrieved from /home/airflow/.local/lib/python3.12/site-packages/airflow/example_dags/example_inlet_event_extra.py
[2025-08-25T12:48:57.350+0000] {logging_mixin.py:190} INFO - [2025-08-25T12:48:57.350+0000] {dag.py:3239} INFO - Sync 2 DAGs
[2025-08-25T12:48:57.393+0000] {logging_mixin.py:190} INFO - [2025-08-25T12:48:57.392+0000] {dag.py:4180} INFO - Setting next_dagrun for read_dataset_event to 2025-08-24 00:00:00+00:00, run_after=2025-08-25 00:00:00+00:00
[2025-08-25T12:48:57.402+0000] {logging_mixin.py:190} INFO - [2025-08-25T12:48:57.401+0000] {dag.py:4180} INFO - Setting next_dagrun for read_dataset_event_from_classic to 2025-08-24 00:00:00+00:00, run_after=2025-08-25 00:00:00+00:00
[2025-08-25T12:48:57.678+0000] {processor.py:208} INFO - Processing /home/airflow/.local/lib/python3.12/site-packages/airflow/example_dags/example_inlet_event_extra.py took 0.541 seconds
[2025-08-25T12:49:28.022+0000] {processor.py:186} INFO - Started process (PID=1848) to work on /home/airflow/.local/lib/python3.12/site-packages/airflow/example_dags/example_inlet_event_extra.py
[2025-08-25T12:49:28.025+0000] {processor.py:914} INFO - Processing file /home/airflow/.local/lib/python3.12/site-packages/airflow/example_dags/example_inlet_event_extra.py for tasks to queue
[2025-08-25T12:49:28.030+0000] {logging_mixin.py:190} INFO - [2025-08-25T12:49:28.029+0000] {dagbag.py:588} INFO - Filling up the DagBag from /home/airflow/.local/lib/python3.12/site-packages/airflow/example_dags/example_inlet_event_extra.py
[2025-08-25T12:49:28.243+0000] {processor.py:925} INFO - DAG(s) 'read_dataset_event_from_classic', 'read_dataset_event' retrieved from /home/airflow/.local/lib/python3.12/site-packages/airflow/example_dags/example_inlet_event_extra.py
[2025-08-25T12:49:28.287+0000] {logging_mixin.py:190} INFO - [2025-08-25T12:49:28.286+0000] {dag.py:3239} INFO - Sync 2 DAGs
[2025-08-25T12:49:28.325+0000] {logging_mixin.py:190} INFO - [2025-08-25T12:49:28.325+0000] {dag.py:4180} INFO - Setting next_dagrun for read_dataset_event to 2025-08-24 00:00:00+00:00, run_after=2025-08-25 00:00:00+00:00
[2025-08-25T12:49:28.332+0000] {logging_mixin.py:190} INFO - [2025-08-25T12:49:28.331+0000] {dag.py:4180} INFO - Setting next_dagrun for read_dataset_event_from_classic to 2025-08-24 00:00:00+00:00, run_after=2025-08-25 00:00:00+00:00
[2025-08-25T12:49:28.353+0000] {processor.py:208} INFO - Processing /home/airflow/.local/lib/python3.12/site-packages/airflow/example_dags/example_inlet_event_extra.py took 0.343 seconds
[2025-08-25T12:49:59.069+0000] {processor.py:186} INFO - Started process (PID=1918) to work on /home/airflow/.local/lib/python3.12/site-packages/airflow/example_dags/example_inlet_event_extra.py
[2025-08-25T12:49:59.070+0000] {processor.py:914} INFO - Processing file /home/airflow/.local/lib/python3.12/site-packages/airflow/example_dags/example_inlet_event_extra.py for tasks to queue
[2025-08-25T12:49:59.073+0000] {logging_mixin.py:190} INFO - [2025-08-25T12:49:59.072+0000] {dagbag.py:588} INFO - Filling up the DagBag from /home/airflow/.local/lib/python3.12/site-packages/airflow/example_dags/example_inlet_event_extra.py
[2025-08-25T12:49:59.442+0000] {processor.py:925} INFO - DAG(s) 'read_dataset_event', 'read_dataset_event_from_classic' retrieved from /home/airflow/.local/lib/python3.12/site-packages/airflow/example_dags/example_inlet_event_extra.py
[2025-08-25T12:49:59.480+0000] {logging_mixin.py:190} INFO - [2025-08-25T12:49:59.480+0000] {dag.py:3239} INFO - Sync 2 DAGs
[2025-08-25T12:49:59.513+0000] {logging_mixin.py:190} INFO - [2025-08-25T12:49:59.513+0000] {dag.py:4180} INFO - Setting next_dagrun for read_dataset_event to 2025-08-24 00:00:00+00:00, run_after=2025-08-25 00:00:00+00:00
[2025-08-25T12:49:59.525+0000] {logging_mixin.py:190} INFO - [2025-08-25T12:49:59.524+0000] {dag.py:4180} INFO - Setting next_dagrun for read_dataset_event_from_classic to 2025-08-24 00:00:00+00:00, run_after=2025-08-25 00:00:00+00:00
[2025-08-25T12:49:59.560+0000] {processor.py:208} INFO - Processing /home/airflow/.local/lib/python3.12/site-packages/airflow/example_dags/example_inlet_event_extra.py took 0.503 seconds
[2025-08-25T12:50:29.652+0000] {processor.py:186} INFO - Started process (PID=1982) to work on /home/airflow/.local/lib/python3.12/site-packages/airflow/example_dags/example_inlet_event_extra.py
[2025-08-25T12:50:29.654+0000] {processor.py:914} INFO - Processing file /home/airflow/.local/lib/python3.12/site-packages/airflow/example_dags/example_inlet_event_extra.py for tasks to queue
[2025-08-25T12:50:29.656+0000] {logging_mixin.py:190} INFO - [2025-08-25T12:50:29.656+0000] {dagbag.py:588} INFO - Filling up the DagBag from /home/airflow/.local/lib/python3.12/site-packages/airflow/example_dags/example_inlet_event_extra.py
[2025-08-25T12:50:29.820+0000] {processor.py:925} INFO - DAG(s) 'read_dataset_event', 'read_dataset_event_from_classic' retrieved from /home/airflow/.local/lib/python3.12/site-packages/airflow/example_dags/example_inlet_event_extra.py
[2025-08-25T12:50:29.852+0000] {logging_mixin.py:190} INFO - [2025-08-25T12:50:29.852+0000] {dag.py:3239} INFO - Sync 2 DAGs
[2025-08-25T12:50:29.888+0000] {logging_mixin.py:190} INFO - [2025-08-25T12:50:29.888+0000] {dag.py:4180} INFO - Setting next_dagrun for read_dataset_event to 2025-08-24 00:00:00+00:00, run_after=2025-08-25 00:00:00+00:00
[2025-08-25T12:50:29.897+0000] {logging_mixin.py:190} INFO - [2025-08-25T12:50:29.896+0000] {dag.py:4180} INFO - Setting next_dagrun for read_dataset_event_from_classic to 2025-08-24 00:00:00+00:00, run_after=2025-08-25 00:00:00+00:00
[2025-08-25T12:50:29.924+0000] {processor.py:208} INFO - Processing /home/airflow/.local/lib/python3.12/site-packages/airflow/example_dags/example_inlet_event_extra.py took 0.280 seconds
[2025-08-25T12:51:00.499+0000] {processor.py:186} INFO - Started process (PID=2046) to work on /home/airflow/.local/lib/python3.12/site-packages/airflow/example_dags/example_inlet_event_extra.py
[2025-08-25T12:51:00.500+0000] {processor.py:914} INFO - Processing file /home/airflow/.local/lib/python3.12/site-packages/airflow/example_dags/example_inlet_event_extra.py for tasks to queue
[2025-08-25T12:51:00.503+0000] {logging_mixin.py:190} INFO - [2025-08-25T12:51:00.503+0000] {dagbag.py:588} INFO - Filling up the DagBag from /home/airflow/.local/lib/python3.12/site-packages/airflow/example_dags/example_inlet_event_extra.py
[2025-08-25T12:51:00.695+0000] {processor.py:925} INFO - DAG(s) 'read_dataset_event', 'read_dataset_event_from_classic' retrieved from /home/airflow/.local/lib/python3.12/site-packages/airflow/example_dags/example_inlet_event_extra.py
[2025-08-25T12:51:01.057+0000] {logging_mixin.py:190} INFO - [2025-08-25T12:51:01.057+0000] {dag.py:3239} INFO - Sync 2 DAGs
[2025-08-25T12:51:01.105+0000] {logging_mixin.py:190} INFO - [2025-08-25T12:51:01.105+0000] {dag.py:4180} INFO - Setting next_dagrun for read_dataset_event to 2025-08-24 00:00:00+00:00, run_after=2025-08-25 00:00:00+00:00
[2025-08-25T12:51:01.114+0000] {logging_mixin.py:190} INFO - [2025-08-25T12:51:01.114+0000] {dag.py:4180} INFO - Setting next_dagrun for read_dataset_event_from_classic to 2025-08-24 00:00:00+00:00, run_after=2025-08-25 00:00:00+00:00
[2025-08-25T12:51:01.144+0000] {processor.py:208} INFO - Processing /home/airflow/.local/lib/python3.12/site-packages/airflow/example_dags/example_inlet_event_extra.py took 0.656 seconds
[2025-08-25T12:51:31.416+0000] {processor.py:186} INFO - Started process (PID=2110) to work on /home/airflow/.local/lib/python3.12/site-packages/airflow/example_dags/example_inlet_event_extra.py
[2025-08-25T12:51:31.417+0000] {processor.py:914} INFO - Processing file /home/airflow/.local/lib/python3.12/site-packages/airflow/example_dags/example_inlet_event_extra.py for tasks to queue
[2025-08-25T12:51:31.420+0000] {logging_mixin.py:190} INFO - [2025-08-25T12:51:31.419+0000] {dagbag.py:588} INFO - Filling up the DagBag from /home/airflow/.local/lib/python3.12/site-packages/airflow/example_dags/example_inlet_event_extra.py
[2025-08-25T12:51:31.570+0000] {processor.py:925} INFO - DAG(s) 'read_dataset_event_from_classic', 'read_dataset_event' retrieved from /home/airflow/.local/lib/python3.12/site-packages/airflow/example_dags/example_inlet_event_extra.py
[2025-08-25T12:51:31.598+0000] {logging_mixin.py:190} INFO - [2025-08-25T12:51:31.597+0000] {dag.py:3239} INFO - Sync 2 DAGs
[2025-08-25T12:51:31.856+0000] {logging_mixin.py:190} INFO - [2025-08-25T12:51:31.856+0000] {dag.py:4180} INFO - Setting next_dagrun for read_dataset_event to 2025-08-24 00:00:00+00:00, run_after=2025-08-25 00:00:00+00:00
[2025-08-25T12:51:31.863+0000] {logging_mixin.py:190} INFO - [2025-08-25T12:51:31.863+0000] {dag.py:4180} INFO - Setting next_dagrun for read_dataset_event_from_classic to 2025-08-24 00:00:00+00:00, run_after=2025-08-25 00:00:00+00:00
[2025-08-25T12:51:31.886+0000] {processor.py:208} INFO - Processing /home/airflow/.local/lib/python3.12/site-packages/airflow/example_dags/example_inlet_event_extra.py took 0.477 seconds
[2025-08-25T12:52:02.283+0000] {processor.py:186} INFO - Started process (PID=2176) to work on /home/airflow/.local/lib/python3.12/site-packages/airflow/example_dags/example_inlet_event_extra.py
[2025-08-25T12:52:02.284+0000] {processor.py:914} INFO - Processing file /home/airflow/.local/lib/python3.12/site-packages/airflow/example_dags/example_inlet_event_extra.py for tasks to queue
[2025-08-25T12:52:02.286+0000] {logging_mixin.py:190} INFO - [2025-08-25T12:52:02.286+0000] {dagbag.py:588} INFO - Filling up the DagBag from /home/airflow/.local/lib/python3.12/site-packages/airflow/example_dags/example_inlet_event_extra.py
[2025-08-25T12:52:02.433+0000] {processor.py:925} INFO - DAG(s) 'read_dataset_event', 'read_dataset_event_from_classic' retrieved from /home/airflow/.local/lib/python3.12/site-packages/airflow/example_dags/example_inlet_event_extra.py
[2025-08-25T12:52:02.461+0000] {logging_mixin.py:190} INFO - [2025-08-25T12:52:02.461+0000] {dag.py:3239} INFO - Sync 2 DAGs
[2025-08-25T12:52:02.490+0000] {logging_mixin.py:190} INFO - [2025-08-25T12:52:02.490+0000] {dag.py:4180} INFO - Setting next_dagrun for read_dataset_event to 2025-08-24 00:00:00+00:00, run_after=2025-08-25 00:00:00+00:00
[2025-08-25T12:52:02.680+0000] {logging_mixin.py:190} INFO - [2025-08-25T12:52:02.680+0000] {dag.py:4180} INFO - Setting next_dagrun for read_dataset_event_from_classic to 2025-08-24 00:00:00+00:00, run_after=2025-08-25 00:00:00+00:00
[2025-08-25T12:52:02.702+0000] {processor.py:208} INFO - Processing /home/airflow/.local/lib/python3.12/site-packages/airflow/example_dags/example_inlet_event_extra.py took 0.427 seconds
[2025-08-25T12:52:33.813+0000] {processor.py:186} INFO - Started process (PID=2240) to work on /home/airflow/.local/lib/python3.12/site-packages/airflow/example_dags/example_inlet_event_extra.py
[2025-08-25T12:52:33.814+0000] {processor.py:914} INFO - Processing file /home/airflow/.local/lib/python3.12/site-packages/airflow/example_dags/example_inlet_event_extra.py for tasks to queue
[2025-08-25T12:52:33.817+0000] {logging_mixin.py:190} INFO - [2025-08-25T12:52:33.817+0000] {dagbag.py:588} INFO - Filling up the DagBag from /home/airflow/.local/lib/python3.12/site-packages/airflow/example_dags/example_inlet_event_extra.py
[2025-08-25T12:52:34.023+0000] {processor.py:925} INFO - DAG(s) 'read_dataset_event', 'read_dataset_event_from_classic' retrieved from /home/airflow/.local/lib/python3.12/site-packages/airflow/example_dags/example_inlet_event_extra.py
[2025-08-25T12:52:34.064+0000] {logging_mixin.py:190} INFO - [2025-08-25T12:52:34.063+0000] {dag.py:3239} INFO - Sync 2 DAGs
[2025-08-25T12:52:34.109+0000] {logging_mixin.py:190} INFO - [2025-08-25T12:52:34.108+0000] {dag.py:4180} INFO - Setting next_dagrun for read_dataset_event to 2025-08-24 00:00:00+00:00, run_after=2025-08-25 00:00:00+00:00
[2025-08-25T12:52:34.119+0000] {logging_mixin.py:190} INFO - [2025-08-25T12:52:34.118+0000] {dag.py:4180} INFO - Setting next_dagrun for read_dataset_event_from_classic to 2025-08-24 00:00:00+00:00, run_after=2025-08-25 00:00:00+00:00
[2025-08-25T12:52:34.150+0000] {processor.py:208} INFO - Processing /home/airflow/.local/lib/python3.12/site-packages/airflow/example_dags/example_inlet_event_extra.py took 0.345 seconds
[2025-08-25T12:53:04.878+0000] {processor.py:186} INFO - Started process (PID=2304) to work on /home/airflow/.local/lib/python3.12/site-packages/airflow/example_dags/example_inlet_event_extra.py
[2025-08-25T12:53:04.880+0000] {processor.py:914} INFO - Processing file /home/airflow/.local/lib/python3.12/site-packages/airflow/example_dags/example_inlet_event_extra.py for tasks to queue
[2025-08-25T12:53:04.884+0000] {logging_mixin.py:190} INFO - [2025-08-25T12:53:04.883+0000] {dagbag.py:588} INFO - Filling up the DagBag from /home/airflow/.local/lib/python3.12/site-packages/airflow/example_dags/example_inlet_event_extra.py
[2025-08-25T12:53:05.337+0000] {processor.py:925} INFO - DAG(s) 'read_dataset_event_from_classic', 'read_dataset_event' retrieved from /home/airflow/.local/lib/python3.12/site-packages/airflow/example_dags/example_inlet_event_extra.py
[2025-08-25T12:53:05.380+0000] {logging_mixin.py:190} INFO - [2025-08-25T12:53:05.379+0000] {dag.py:3239} INFO - Sync 2 DAGs
[2025-08-25T12:53:05.433+0000] {logging_mixin.py:190} INFO - [2025-08-25T12:53:05.433+0000] {dag.py:4180} INFO - Setting next_dagrun for read_dataset_event to 2025-08-24 00:00:00+00:00, run_after=2025-08-25 00:00:00+00:00
[2025-08-25T12:53:05.446+0000] {logging_mixin.py:190} INFO - [2025-08-25T12:53:05.445+0000] {dag.py:4180} INFO - Setting next_dagrun for read_dataset_event_from_classic to 2025-08-24 00:00:00+00:00, run_after=2025-08-25 00:00:00+00:00
[2025-08-25T12:53:05.479+0000] {processor.py:208} INFO - Processing /home/airflow/.local/lib/python3.12/site-packages/airflow/example_dags/example_inlet_event_extra.py took 0.613 seconds
[2025-08-25T12:53:35.593+0000] {processor.py:186} INFO - Started process (PID=2368) to work on /home/airflow/.local/lib/python3.12/site-packages/airflow/example_dags/example_inlet_event_extra.py
[2025-08-25T12:53:35.594+0000] {processor.py:914} INFO - Processing file /home/airflow/.local/lib/python3.12/site-packages/airflow/example_dags/example_inlet_event_extra.py for tasks to queue
[2025-08-25T12:53:35.596+0000] {logging_mixin.py:190} INFO - [2025-08-25T12:53:35.596+0000] {dagbag.py:588} INFO - Filling up the DagBag from /home/airflow/.local/lib/python3.12/site-packages/airflow/example_dags/example_inlet_event_extra.py
[2025-08-25T12:53:35.948+0000] {processor.py:925} INFO - DAG(s) 'read_dataset_event_from_classic', 'read_dataset_event' retrieved from /home/airflow/.local/lib/python3.12/site-packages/airflow/example_dags/example_inlet_event_extra.py
[2025-08-25T12:53:35.978+0000] {logging_mixin.py:190} INFO - [2025-08-25T12:53:35.978+0000] {dag.py:3239} INFO - Sync 2 DAGs
[2025-08-25T12:53:36.005+0000] {logging_mixin.py:190} INFO - [2025-08-25T12:53:36.004+0000] {dag.py:4180} INFO - Setting next_dagrun for read_dataset_event to 2025-08-24 00:00:00+00:00, run_after=2025-08-25 00:00:00+00:00
[2025-08-25T12:53:36.010+0000] {logging_mixin.py:190} INFO - [2025-08-25T12:53:36.010+0000] {dag.py:4180} INFO - Setting next_dagrun for read_dataset_event_from_classic to 2025-08-24 00:00:00+00:00, run_after=2025-08-25 00:00:00+00:00
[2025-08-25T12:53:36.032+0000] {processor.py:208} INFO - Processing /home/airflow/.local/lib/python3.12/site-packages/airflow/example_dags/example_inlet_event_extra.py took 0.447 seconds
[2025-08-25T12:54:06.700+0000] {processor.py:186} INFO - Started process (PID=2432) to work on /home/airflow/.local/lib/python3.12/site-packages/airflow/example_dags/example_inlet_event_extra.py
[2025-08-25T12:54:06.702+0000] {processor.py:914} INFO - Processing file /home/airflow/.local/lib/python3.12/site-packages/airflow/example_dags/example_inlet_event_extra.py for tasks to queue
[2025-08-25T12:54:06.707+0000] {logging_mixin.py:190} INFO - [2025-08-25T12:54:06.706+0000] {dagbag.py:588} INFO - Filling up the DagBag from /home/airflow/.local/lib/python3.12/site-packages/airflow/example_dags/example_inlet_event_extra.py
[2025-08-25T12:54:06.905+0000] {processor.py:925} INFO - DAG(s) 'read_dataset_event_from_classic', 'read_dataset_event' retrieved from /home/airflow/.local/lib/python3.12/site-packages/airflow/example_dags/example_inlet_event_extra.py
[2025-08-25T12:54:07.148+0000] {logging_mixin.py:190} INFO - [2025-08-25T12:54:07.148+0000] {dag.py:3239} INFO - Sync 2 DAGs
[2025-08-25T12:54:07.181+0000] {logging_mixin.py:190} INFO - [2025-08-25T12:54:07.181+0000] {dag.py:4180} INFO - Setting next_dagrun for read_dataset_event to 2025-08-24 00:00:00+00:00, run_after=2025-08-25 00:00:00+00:00
[2025-08-25T12:54:07.188+0000] {logging_mixin.py:190} INFO - [2025-08-25T12:54:07.188+0000] {dag.py:4180} INFO - Setting next_dagrun for read_dataset_event_from_classic to 2025-08-24 00:00:00+00:00, run_after=2025-08-25 00:00:00+00:00
[2025-08-25T12:54:07.213+0000] {processor.py:208} INFO - Processing /home/airflow/.local/lib/python3.12/site-packages/airflow/example_dags/example_inlet_event_extra.py took 0.528 seconds
[2025-08-25T12:54:37.296+0000] {processor.py:186} INFO - Started process (PID=2496) to work on /home/airflow/.local/lib/python3.12/site-packages/airflow/example_dags/example_inlet_event_extra.py
[2025-08-25T12:54:37.298+0000] {processor.py:914} INFO - Processing file /home/airflow/.local/lib/python3.12/site-packages/airflow/example_dags/example_inlet_event_extra.py for tasks to queue
[2025-08-25T12:54:37.301+0000] {logging_mixin.py:190} INFO - [2025-08-25T12:54:37.300+0000] {dagbag.py:588} INFO - Filling up the DagBag from /home/airflow/.local/lib/python3.12/site-packages/airflow/example_dags/example_inlet_event_extra.py
[2025-08-25T12:54:37.703+0000] {processor.py:925} INFO - DAG(s) 'read_dataset_event_from_classic', 'read_dataset_event' retrieved from /home/airflow/.local/lib/python3.12/site-packages/airflow/example_dags/example_inlet_event_extra.py
[2025-08-25T12:54:37.735+0000] {logging_mixin.py:190} INFO - [2025-08-25T12:54:37.735+0000] {dag.py:3239} INFO - Sync 2 DAGs
[2025-08-25T12:54:37.765+0000] {logging_mixin.py:190} INFO - [2025-08-25T12:54:37.764+0000] {dag.py:4180} INFO - Setting next_dagrun for read_dataset_event to 2025-08-24 00:00:00+00:00, run_after=2025-08-25 00:00:00+00:00
[2025-08-25T12:54:37.773+0000] {logging_mixin.py:190} INFO - [2025-08-25T12:54:37.772+0000] {dag.py:4180} INFO - Setting next_dagrun for read_dataset_event_from_classic to 2025-08-24 00:00:00+00:00, run_after=2025-08-25 00:00:00+00:00
[2025-08-25T12:54:37.796+0000] {processor.py:208} INFO - Processing /home/airflow/.local/lib/python3.12/site-packages/airflow/example_dags/example_inlet_event_extra.py took 0.508 seconds
[2025-08-25T12:55:08.055+0000] {processor.py:186} INFO - Started process (PID=2560) to work on /home/airflow/.local/lib/python3.12/site-packages/airflow/example_dags/example_inlet_event_extra.py
[2025-08-25T12:55:08.057+0000] {processor.py:914} INFO - Processing file /home/airflow/.local/lib/python3.12/site-packages/airflow/example_dags/example_inlet_event_extra.py for tasks to queue
[2025-08-25T12:55:08.059+0000] {logging_mixin.py:190} INFO - [2025-08-25T12:55:08.059+0000] {dagbag.py:588} INFO - Filling up the DagBag from /home/airflow/.local/lib/python3.12/site-packages/airflow/example_dags/example_inlet_event_extra.py
[2025-08-25T12:55:08.414+0000] {processor.py:925} INFO - DAG(s) 'read_dataset_event_from_classic', 'read_dataset_event' retrieved from /home/airflow/.local/lib/python3.12/site-packages/airflow/example_dags/example_inlet_event_extra.py
[2025-08-25T12:55:08.450+0000] {logging_mixin.py:190} INFO - [2025-08-25T12:55:08.449+0000] {dag.py:3239} INFO - Sync 2 DAGs
[2025-08-25T12:55:08.481+0000] {logging_mixin.py:190} INFO - [2025-08-25T12:55:08.481+0000] {dag.py:4180} INFO - Setting next_dagrun for read_dataset_event to 2025-08-24 00:00:00+00:00, run_after=2025-08-25 00:00:00+00:00
[2025-08-25T12:55:08.490+0000] {logging_mixin.py:190} INFO - [2025-08-25T12:55:08.490+0000] {dag.py:4180} INFO - Setting next_dagrun for read_dataset_event_from_classic to 2025-08-24 00:00:00+00:00, run_after=2025-08-25 00:00:00+00:00
[2025-08-25T12:55:08.514+0000] {processor.py:208} INFO - Processing /home/airflow/.local/lib/python3.12/site-packages/airflow/example_dags/example_inlet_event_extra.py took 0.466 seconds
[2025-08-25T12:55:38.724+0000] {processor.py:186} INFO - Started process (PID=2623) to work on /home/airflow/.local/lib/python3.12/site-packages/airflow/example_dags/example_inlet_event_extra.py
[2025-08-25T12:55:38.726+0000] {processor.py:914} INFO - Processing file /home/airflow/.local/lib/python3.12/site-packages/airflow/example_dags/example_inlet_event_extra.py for tasks to queue
[2025-08-25T12:55:38.729+0000] {logging_mixin.py:190} INFO - [2025-08-25T12:55:38.728+0000] {dagbag.py:588} INFO - Filling up the DagBag from /home/airflow/.local/lib/python3.12/site-packages/airflow/example_dags/example_inlet_event_extra.py
[2025-08-25T12:55:39.105+0000] {processor.py:925} INFO - DAG(s) 'read_dataset_event_from_classic', 'read_dataset_event' retrieved from /home/airflow/.local/lib/python3.12/site-packages/airflow/example_dags/example_inlet_event_extra.py
[2025-08-25T12:55:39.134+0000] {logging_mixin.py:190} INFO - [2025-08-25T12:55:39.133+0000] {dag.py:3239} INFO - Sync 2 DAGs
[2025-08-25T12:55:39.167+0000] {logging_mixin.py:190} INFO - [2025-08-25T12:55:39.167+0000] {dag.py:4180} INFO - Setting next_dagrun for read_dataset_event to 2025-08-24 00:00:00+00:00, run_after=2025-08-25 00:00:00+00:00
[2025-08-25T12:55:39.176+0000] {logging_mixin.py:190} INFO - [2025-08-25T12:55:39.175+0000] {dag.py:4180} INFO - Setting next_dagrun for read_dataset_event_from_classic to 2025-08-24 00:00:00+00:00, run_after=2025-08-25 00:00:00+00:00
[2025-08-25T12:55:39.205+0000] {processor.py:208} INFO - Processing /home/airflow/.local/lib/python3.12/site-packages/airflow/example_dags/example_inlet_event_extra.py took 0.488 seconds
[2025-08-25T12:56:09.696+0000] {processor.py:186} INFO - Started process (PID=2688) to work on /home/airflow/.local/lib/python3.12/site-packages/airflow/example_dags/example_inlet_event_extra.py
[2025-08-25T12:56:09.697+0000] {processor.py:914} INFO - Processing file /home/airflow/.local/lib/python3.12/site-packages/airflow/example_dags/example_inlet_event_extra.py for tasks to queue
[2025-08-25T12:56:09.701+0000] {logging_mixin.py:190} INFO - [2025-08-25T12:56:09.700+0000] {dagbag.py:588} INFO - Filling up the DagBag from /home/airflow/.local/lib/python3.12/site-packages/airflow/example_dags/example_inlet_event_extra.py
[2025-08-25T12:56:10.166+0000] {processor.py:925} INFO - DAG(s) 'read_dataset_event', 'read_dataset_event_from_classic' retrieved from /home/airflow/.local/lib/python3.12/site-packages/airflow/example_dags/example_inlet_event_extra.py
[2025-08-25T12:56:10.204+0000] {logging_mixin.py:190} INFO - [2025-08-25T12:56:10.204+0000] {dag.py:3239} INFO - Sync 2 DAGs
[2025-08-25T12:56:10.254+0000] {logging_mixin.py:190} INFO - [2025-08-25T12:56:10.253+0000] {dag.py:4180} INFO - Setting next_dagrun for read_dataset_event to 2025-08-24 00:00:00+00:00, run_after=2025-08-25 00:00:00+00:00
[2025-08-25T12:56:10.265+0000] {logging_mixin.py:190} INFO - [2025-08-25T12:56:10.264+0000] {dag.py:4180} INFO - Setting next_dagrun for read_dataset_event_from_classic to 2025-08-24 00:00:00+00:00, run_after=2025-08-25 00:00:00+00:00
[2025-08-25T12:56:10.299+0000] {processor.py:208} INFO - Processing /home/airflow/.local/lib/python3.12/site-packages/airflow/example_dags/example_inlet_event_extra.py took 0.613 seconds
[2025-08-25T12:56:40.844+0000] {processor.py:186} INFO - Started process (PID=2752) to work on /home/airflow/.local/lib/python3.12/site-packages/airflow/example_dags/example_inlet_event_extra.py
[2025-08-25T12:56:40.844+0000] {processor.py:914} INFO - Processing file /home/airflow/.local/lib/python3.12/site-packages/airflow/example_dags/example_inlet_event_extra.py for tasks to queue
[2025-08-25T12:56:40.847+0000] {logging_mixin.py:190} INFO - [2025-08-25T12:56:40.847+0000] {dagbag.py:588} INFO - Filling up the DagBag from /home/airflow/.local/lib/python3.12/site-packages/airflow/example_dags/example_inlet_event_extra.py
[2025-08-25T12:56:41.199+0000] {processor.py:925} INFO - DAG(s) 'read_dataset_event', 'read_dataset_event_from_classic' retrieved from /home/airflow/.local/lib/python3.12/site-packages/airflow/example_dags/example_inlet_event_extra.py
[2025-08-25T12:56:41.230+0000] {logging_mixin.py:190} INFO - [2025-08-25T12:56:41.230+0000] {dag.py:3239} INFO - Sync 2 DAGs
[2025-08-25T12:56:41.267+0000] {logging_mixin.py:190} INFO - [2025-08-25T12:56:41.266+0000] {dag.py:4180} INFO - Setting next_dagrun for read_dataset_event to 2025-08-24 00:00:00+00:00, run_after=2025-08-25 00:00:00+00:00
[2025-08-25T12:56:41.274+0000] {logging_mixin.py:190} INFO - [2025-08-25T12:56:41.273+0000] {dag.py:4180} INFO - Setting next_dagrun for read_dataset_event_from_classic to 2025-08-24 00:00:00+00:00, run_after=2025-08-25 00:00:00+00:00
[2025-08-25T12:56:41.296+0000] {processor.py:208} INFO - Processing /home/airflow/.local/lib/python3.12/site-packages/airflow/example_dags/example_inlet_event_extra.py took 0.459 seconds
