[2025-08-25T12:35:39.953+0000] {processor.py:186} INFO - Started process (PID=118) to work on /home/airflow/.local/lib/python3.12/site-packages/airflow/example_dags/example_branch_datetime_operator.py
[2025-08-25T12:35:39.954+0000] {processor.py:914} INFO - Processing file /home/airflow/.local/lib/python3.12/site-packages/airflow/example_dags/example_branch_datetime_operator.py for tasks to queue
[2025-08-25T12:35:39.957+0000] {logging_mixin.py:190} INFO - [2025-08-25T12:35:39.956+0000] {dagbag.py:588} INFO - Filling up the DagBag from /home/airflow/.local/lib/python3.12/site-packages/airflow/example_dags/example_branch_datetime_operator.py
[2025-08-25T12:35:39.973+0000] {processor.py:925} INFO - DAG(s) 'example_branch_datetime_operator', 'example_branch_datetime_operator_2', 'example_branch_datetime_operator_3' retrieved from /home/airflow/.local/lib/python3.12/site-packages/airflow/example_dags/example_branch_datetime_operator.py
[2025-08-25T12:35:40.082+0000] {logging_mixin.py:190} INFO - [2025-08-25T12:35:40.081+0000] {override.py:1900} INFO - Created Permission View: can read on DAG:example_branch_datetime_operator
[2025-08-25T12:35:40.095+0000] {logging_mixin.py:190} INFO - [2025-08-25T12:35:40.095+0000] {override.py:1900} INFO - Created Permission View: can delete on DAG:example_branch_datetime_operator
[2025-08-25T12:35:40.104+0000] {logging_mixin.py:190} INFO - [2025-08-25T12:35:40.104+0000] {override.py:1900} INFO - Created Permission View: can edit on DAG:example_branch_datetime_operator
[2025-08-25T12:35:40.114+0000] {logging_mixin.py:190} INFO - [2025-08-25T12:35:40.113+0000] {override.py:1900} INFO - Created Permission View: can read on DAG Run:example_branch_datetime_operator
[2025-08-25T12:35:40.123+0000] {logging_mixin.py:190} INFO - [2025-08-25T12:35:40.122+0000] {override.py:1900} INFO - Created Permission View: menu access on DAG Run:example_branch_datetime_operator
[2025-08-25T12:35:40.131+0000] {logging_mixin.py:190} INFO - [2025-08-25T12:35:40.131+0000] {override.py:1900} INFO - Created Permission View: can delete on DAG Run:example_branch_datetime_operator
[2025-08-25T12:35:40.140+0000] {logging_mixin.py:190} INFO - [2025-08-25T12:35:40.140+0000] {override.py:1900} INFO - Created Permission View: can create on DAG Run:example_branch_datetime_operator
[2025-08-25T12:35:40.157+0000] {logging_mixin.py:190} INFO - [2025-08-25T12:35:40.157+0000] {override.py:1900} INFO - Created Permission View: can read on DAG:example_branch_datetime_operator_2
[2025-08-25T12:35:40.166+0000] {logging_mixin.py:190} INFO - [2025-08-25T12:35:40.166+0000] {override.py:1900} INFO - Created Permission View: can delete on DAG:example_branch_datetime_operator_2
[2025-08-25T12:35:40.178+0000] {logging_mixin.py:190} INFO - [2025-08-25T12:35:40.177+0000] {override.py:1900} INFO - Created Permission View: can edit on DAG:example_branch_datetime_operator_2
[2025-08-25T12:35:40.187+0000] {logging_mixin.py:190} INFO - [2025-08-25T12:35:40.187+0000] {override.py:1900} INFO - Created Permission View: can read on DAG Run:example_branch_datetime_operator_2
[2025-08-25T12:35:40.196+0000] {logging_mixin.py:190} INFO - [2025-08-25T12:35:40.196+0000] {override.py:1900} INFO - Created Permission View: menu access on DAG Run:example_branch_datetime_operator_2
[2025-08-25T12:35:40.205+0000] {logging_mixin.py:190} INFO - [2025-08-25T12:35:40.205+0000] {override.py:1900} INFO - Created Permission View: can delete on DAG Run:example_branch_datetime_operator_2
[2025-08-25T12:35:40.215+0000] {logging_mixin.py:190} INFO - [2025-08-25T12:35:40.214+0000] {override.py:1900} INFO - Created Permission View: can create on DAG Run:example_branch_datetime_operator_2
[2025-08-25T12:35:40.233+0000] {logging_mixin.py:190} INFO - [2025-08-25T12:35:40.232+0000] {override.py:1900} INFO - Created Permission View: can read on DAG:example_branch_datetime_operator_3
[2025-08-25T12:35:40.242+0000] {logging_mixin.py:190} INFO - [2025-08-25T12:35:40.241+0000] {override.py:1900} INFO - Created Permission View: can delete on DAG:example_branch_datetime_operator_3
[2025-08-25T12:35:40.251+0000] {logging_mixin.py:190} INFO - [2025-08-25T12:35:40.251+0000] {override.py:1900} INFO - Created Permission View: can edit on DAG:example_branch_datetime_operator_3
[2025-08-25T12:35:40.261+0000] {logging_mixin.py:190} INFO - [2025-08-25T12:35:40.261+0000] {override.py:1900} INFO - Created Permission View: can read on DAG Run:example_branch_datetime_operator_3
[2025-08-25T12:35:40.270+0000] {logging_mixin.py:190} INFO - [2025-08-25T12:35:40.269+0000] {override.py:1900} INFO - Created Permission View: menu access on DAG Run:example_branch_datetime_operator_3
[2025-08-25T12:35:40.279+0000] {logging_mixin.py:190} INFO - [2025-08-25T12:35:40.279+0000] {override.py:1900} INFO - Created Permission View: can delete on DAG Run:example_branch_datetime_operator_3
[2025-08-25T12:35:40.289+0000] {logging_mixin.py:190} INFO - [2025-08-25T12:35:40.288+0000] {override.py:1900} INFO - Created Permission View: can create on DAG Run:example_branch_datetime_operator_3
[2025-08-25T12:35:40.289+0000] {logging_mixin.py:190} INFO - [2025-08-25T12:35:40.289+0000] {dag.py:3239} INFO - Sync 3 DAGs
[2025-08-25T12:35:40.309+0000] {logging_mixin.py:190} INFO - [2025-08-25T12:35:40.308+0000] {dag.py:3262} INFO - Creating ORM DAG for example_branch_datetime_operator
[2025-08-25T12:35:40.310+0000] {logging_mixin.py:190} INFO - [2025-08-25T12:35:40.309+0000] {dag.py:3262} INFO - Creating ORM DAG for example_branch_datetime_operator_3
[2025-08-25T12:35:40.310+0000] {logging_mixin.py:190} INFO - [2025-08-25T12:35:40.310+0000] {dag.py:3262} INFO - Creating ORM DAG for example_branch_datetime_operator_2
[2025-08-25T12:35:40.326+0000] {logging_mixin.py:190} INFO - [2025-08-25T12:35:40.326+0000] {dag.py:4180} INFO - Setting next_dagrun for example_branch_datetime_operator to 2025-08-24 00:00:00+00:00, run_after=2025-08-25 00:00:00+00:00
[2025-08-25T12:35:40.329+0000] {logging_mixin.py:190} INFO - [2025-08-25T12:35:40.328+0000] {dag.py:4180} INFO - Setting next_dagrun for example_branch_datetime_operator_2 to 2025-08-24 00:00:00+00:00, run_after=2025-08-25 00:00:00+00:00
[2025-08-25T12:35:40.330+0000] {logging_mixin.py:190} INFO - [2025-08-25T12:35:40.330+0000] {dag.py:4180} INFO - Setting next_dagrun for example_branch_datetime_operator_3 to 2025-08-24 00:00:00+00:00, run_after=2025-08-25 00:00:00+00:00
[2025-08-25T12:35:40.356+0000] {processor.py:208} INFO - Processing /home/airflow/.local/lib/python3.12/site-packages/airflow/example_dags/example_branch_datetime_operator.py took 0.411 seconds
[2025-08-25T12:36:11.140+0000] {processor.py:186} INFO - Started process (PID=182) to work on /home/airflow/.local/lib/python3.12/site-packages/airflow/example_dags/example_branch_datetime_operator.py
[2025-08-25T12:36:11.141+0000] {processor.py:914} INFO - Processing file /home/airflow/.local/lib/python3.12/site-packages/airflow/example_dags/example_branch_datetime_operator.py for tasks to queue
[2025-08-25T12:36:11.144+0000] {logging_mixin.py:190} INFO - [2025-08-25T12:36:11.143+0000] {dagbag.py:588} INFO - Filling up the DagBag from /home/airflow/.local/lib/python3.12/site-packages/airflow/example_dags/example_branch_datetime_operator.py
[2025-08-25T12:36:11.155+0000] {processor.py:925} INFO - DAG(s) 'example_branch_datetime_operator_2', 'example_branch_datetime_operator_3', 'example_branch_datetime_operator' retrieved from /home/airflow/.local/lib/python3.12/site-packages/airflow/example_dags/example_branch_datetime_operator.py
[2025-08-25T12:36:11.192+0000] {logging_mixin.py:190} INFO - [2025-08-25T12:36:11.192+0000] {dag.py:3239} INFO - Sync 3 DAGs
[2025-08-25T12:36:11.230+0000] {logging_mixin.py:190} INFO - [2025-08-25T12:36:11.230+0000] {dag.py:4180} INFO - Setting next_dagrun for example_branch_datetime_operator to 2025-08-24 00:00:00+00:00, run_after=2025-08-25 00:00:00+00:00
[2025-08-25T12:36:11.238+0000] {logging_mixin.py:190} INFO - [2025-08-25T12:36:11.237+0000] {dag.py:4180} INFO - Setting next_dagrun for example_branch_datetime_operator_2 to 2025-08-24 00:00:00+00:00, run_after=2025-08-25 00:00:00+00:00
[2025-08-25T12:36:11.242+0000] {logging_mixin.py:190} INFO - [2025-08-25T12:36:11.242+0000] {dag.py:4180} INFO - Setting next_dagrun for example_branch_datetime_operator_3 to 2025-08-24 00:00:00+00:00, run_after=2025-08-25 00:00:00+00:00
[2025-08-25T12:36:11.268+0000] {processor.py:208} INFO - Processing /home/airflow/.local/lib/python3.12/site-packages/airflow/example_dags/example_branch_datetime_operator.py took 0.133 seconds
[2025-08-25T12:36:41.946+0000] {processor.py:186} INFO - Started process (PID=246) to work on /home/airflow/.local/lib/python3.12/site-packages/airflow/example_dags/example_branch_datetime_operator.py
[2025-08-25T12:36:41.948+0000] {processor.py:914} INFO - Processing file /home/airflow/.local/lib/python3.12/site-packages/airflow/example_dags/example_branch_datetime_operator.py for tasks to queue
[2025-08-25T12:36:41.954+0000] {logging_mixin.py:190} INFO - [2025-08-25T12:36:41.953+0000] {dagbag.py:588} INFO - Filling up the DagBag from /home/airflow/.local/lib/python3.12/site-packages/airflow/example_dags/example_branch_datetime_operator.py
[2025-08-25T12:36:41.973+0000] {processor.py:925} INFO - DAG(s) 'example_branch_datetime_operator', 'example_branch_datetime_operator_2', 'example_branch_datetime_operator_3' retrieved from /home/airflow/.local/lib/python3.12/site-packages/airflow/example_dags/example_branch_datetime_operator.py
[2025-08-25T12:36:42.046+0000] {logging_mixin.py:190} INFO - [2025-08-25T12:36:42.045+0000] {dag.py:3239} INFO - Sync 3 DAGs
[2025-08-25T12:36:42.097+0000] {logging_mixin.py:190} INFO - [2025-08-25T12:36:42.097+0000] {dag.py:4180} INFO - Setting next_dagrun for example_branch_datetime_operator to 2025-08-24 00:00:00+00:00, run_after=2025-08-25 00:00:00+00:00
[2025-08-25T12:36:42.104+0000] {logging_mixin.py:190} INFO - [2025-08-25T12:36:42.103+0000] {dag.py:4180} INFO - Setting next_dagrun for example_branch_datetime_operator_2 to 2025-08-24 00:00:00+00:00, run_after=2025-08-25 00:00:00+00:00
[2025-08-25T12:36:42.106+0000] {logging_mixin.py:190} INFO - [2025-08-25T12:36:42.106+0000] {dag.py:4180} INFO - Setting next_dagrun for example_branch_datetime_operator_3 to 2025-08-24 00:00:00+00:00, run_after=2025-08-25 00:00:00+00:00
[2025-08-25T12:36:42.127+0000] {processor.py:208} INFO - Processing /home/airflow/.local/lib/python3.12/site-packages/airflow/example_dags/example_branch_datetime_operator.py took 0.199 seconds
[2025-08-25T12:37:12.934+0000] {processor.py:186} INFO - Started process (PID=310) to work on /home/airflow/.local/lib/python3.12/site-packages/airflow/example_dags/example_branch_datetime_operator.py
[2025-08-25T12:37:12.936+0000] {processor.py:914} INFO - Processing file /home/airflow/.local/lib/python3.12/site-packages/airflow/example_dags/example_branch_datetime_operator.py for tasks to queue
[2025-08-25T12:37:12.939+0000] {logging_mixin.py:190} INFO - [2025-08-25T12:37:12.938+0000] {dagbag.py:588} INFO - Filling up the DagBag from /home/airflow/.local/lib/python3.12/site-packages/airflow/example_dags/example_branch_datetime_operator.py
[2025-08-25T12:37:12.959+0000] {processor.py:925} INFO - DAG(s) 'example_branch_datetime_operator_3', 'example_branch_datetime_operator', 'example_branch_datetime_operator_2' retrieved from /home/airflow/.local/lib/python3.12/site-packages/airflow/example_dags/example_branch_datetime_operator.py
[2025-08-25T12:37:13.005+0000] {logging_mixin.py:190} INFO - [2025-08-25T12:37:13.004+0000] {dag.py:3239} INFO - Sync 3 DAGs
[2025-08-25T12:37:13.049+0000] {logging_mixin.py:190} INFO - [2025-08-25T12:37:13.049+0000] {dag.py:4180} INFO - Setting next_dagrun for example_branch_datetime_operator to 2025-08-24 00:00:00+00:00, run_after=2025-08-25 00:00:00+00:00
[2025-08-25T12:37:13.059+0000] {logging_mixin.py:190} INFO - [2025-08-25T12:37:13.059+0000] {dag.py:4180} INFO - Setting next_dagrun for example_branch_datetime_operator_2 to 2025-08-24 00:00:00+00:00, run_after=2025-08-25 00:00:00+00:00
[2025-08-25T12:37:13.065+0000] {logging_mixin.py:190} INFO - [2025-08-25T12:37:13.064+0000] {dag.py:4180} INFO - Setting next_dagrun for example_branch_datetime_operator_3 to 2025-08-24 00:00:00+00:00, run_after=2025-08-25 00:00:00+00:00
[2025-08-25T12:37:13.093+0000] {processor.py:208} INFO - Processing /home/airflow/.local/lib/python3.12/site-packages/airflow/example_dags/example_branch_datetime_operator.py took 0.168 seconds
[2025-08-25T12:37:43.953+0000] {processor.py:186} INFO - Started process (PID=374) to work on /home/airflow/.local/lib/python3.12/site-packages/airflow/example_dags/example_branch_datetime_operator.py
[2025-08-25T12:37:43.954+0000] {processor.py:914} INFO - Processing file /home/airflow/.local/lib/python3.12/site-packages/airflow/example_dags/example_branch_datetime_operator.py for tasks to queue
[2025-08-25T12:37:43.957+0000] {logging_mixin.py:190} INFO - [2025-08-25T12:37:43.957+0000] {dagbag.py:588} INFO - Filling up the DagBag from /home/airflow/.local/lib/python3.12/site-packages/airflow/example_dags/example_branch_datetime_operator.py
[2025-08-25T12:37:43.976+0000] {processor.py:925} INFO - DAG(s) 'example_branch_datetime_operator_3', 'example_branch_datetime_operator', 'example_branch_datetime_operator_2' retrieved from /home/airflow/.local/lib/python3.12/site-packages/airflow/example_dags/example_branch_datetime_operator.py
[2025-08-25T12:37:44.014+0000] {logging_mixin.py:190} INFO - [2025-08-25T12:37:44.014+0000] {dag.py:3239} INFO - Sync 3 DAGs
[2025-08-25T12:37:44.045+0000] {logging_mixin.py:190} INFO - [2025-08-25T12:37:44.045+0000] {dag.py:4180} INFO - Setting next_dagrun for example_branch_datetime_operator to 2025-08-24 00:00:00+00:00, run_after=2025-08-25 00:00:00+00:00
[2025-08-25T12:37:44.052+0000] {logging_mixin.py:190} INFO - [2025-08-25T12:37:44.052+0000] {dag.py:4180} INFO - Setting next_dagrun for example_branch_datetime_operator_2 to 2025-08-24 00:00:00+00:00, run_after=2025-08-25 00:00:00+00:00
[2025-08-25T12:37:44.055+0000] {logging_mixin.py:190} INFO - [2025-08-25T12:37:44.055+0000] {dag.py:4180} INFO - Setting next_dagrun for example_branch_datetime_operator_3 to 2025-08-24 00:00:00+00:00, run_after=2025-08-25 00:00:00+00:00
[2025-08-25T12:37:44.079+0000] {processor.py:208} INFO - Processing /home/airflow/.local/lib/python3.12/site-packages/airflow/example_dags/example_branch_datetime_operator.py took 0.135 seconds
[2025-08-25T12:38:14.779+0000] {processor.py:186} INFO - Started process (PID=438) to work on /home/airflow/.local/lib/python3.12/site-packages/airflow/example_dags/example_branch_datetime_operator.py
[2025-08-25T12:38:14.780+0000] {processor.py:914} INFO - Processing file /home/airflow/.local/lib/python3.12/site-packages/airflow/example_dags/example_branch_datetime_operator.py for tasks to queue
[2025-08-25T12:38:14.782+0000] {logging_mixin.py:190} INFO - [2025-08-25T12:38:14.781+0000] {dagbag.py:588} INFO - Filling up the DagBag from /home/airflow/.local/lib/python3.12/site-packages/airflow/example_dags/example_branch_datetime_operator.py
[2025-08-25T12:38:14.794+0000] {processor.py:925} INFO - DAG(s) 'example_branch_datetime_operator', 'example_branch_datetime_operator_2', 'example_branch_datetime_operator_3' retrieved from /home/airflow/.local/lib/python3.12/site-packages/airflow/example_dags/example_branch_datetime_operator.py
[2025-08-25T12:38:14.834+0000] {logging_mixin.py:190} INFO - [2025-08-25T12:38:14.834+0000] {dag.py:3239} INFO - Sync 3 DAGs
[2025-08-25T12:38:14.870+0000] {logging_mixin.py:190} INFO - [2025-08-25T12:38:14.869+0000] {dag.py:4180} INFO - Setting next_dagrun for example_branch_datetime_operator to 2025-08-24 00:00:00+00:00, run_after=2025-08-25 00:00:00+00:00
[2025-08-25T12:38:14.876+0000] {logging_mixin.py:190} INFO - [2025-08-25T12:38:14.876+0000] {dag.py:4180} INFO - Setting next_dagrun for example_branch_datetime_operator_2 to 2025-08-24 00:00:00+00:00, run_after=2025-08-25 00:00:00+00:00
[2025-08-25T12:38:14.880+0000] {logging_mixin.py:190} INFO - [2025-08-25T12:38:14.880+0000] {dag.py:4180} INFO - Setting next_dagrun for example_branch_datetime_operator_3 to 2025-08-24 00:00:00+00:00, run_after=2025-08-25 00:00:00+00:00
[2025-08-25T12:38:14.904+0000] {processor.py:208} INFO - Processing /home/airflow/.local/lib/python3.12/site-packages/airflow/example_dags/example_branch_datetime_operator.py took 0.131 seconds
[2025-08-25T12:38:45.139+0000] {processor.py:186} INFO - Started process (PID=501) to work on /home/airflow/.local/lib/python3.12/site-packages/airflow/example_dags/example_branch_datetime_operator.py
[2025-08-25T12:38:45.140+0000] {processor.py:914} INFO - Processing file /home/airflow/.local/lib/python3.12/site-packages/airflow/example_dags/example_branch_datetime_operator.py for tasks to queue
[2025-08-25T12:38:45.143+0000] {logging_mixin.py:190} INFO - [2025-08-25T12:38:45.143+0000] {dagbag.py:588} INFO - Filling up the DagBag from /home/airflow/.local/lib/python3.12/site-packages/airflow/example_dags/example_branch_datetime_operator.py
[2025-08-25T12:38:45.158+0000] {processor.py:925} INFO - DAG(s) 'example_branch_datetime_operator_3', 'example_branch_datetime_operator', 'example_branch_datetime_operator_2' retrieved from /home/airflow/.local/lib/python3.12/site-packages/airflow/example_dags/example_branch_datetime_operator.py
[2025-08-25T12:38:45.204+0000] {logging_mixin.py:190} INFO - [2025-08-25T12:38:45.204+0000] {dag.py:3239} INFO - Sync 3 DAGs
[2025-08-25T12:38:45.239+0000] {logging_mixin.py:190} INFO - [2025-08-25T12:38:45.238+0000] {dag.py:4180} INFO - Setting next_dagrun for example_branch_datetime_operator to 2025-08-24 00:00:00+00:00, run_after=2025-08-25 00:00:00+00:00
[2025-08-25T12:38:45.245+0000] {logging_mixin.py:190} INFO - [2025-08-25T12:38:45.245+0000] {dag.py:4180} INFO - Setting next_dagrun for example_branch_datetime_operator_2 to 2025-08-24 00:00:00+00:00, run_after=2025-08-25 00:00:00+00:00
[2025-08-25T12:38:45.248+0000] {logging_mixin.py:190} INFO - [2025-08-25T12:38:45.248+0000] {dag.py:4180} INFO - Setting next_dagrun for example_branch_datetime_operator_3 to 2025-08-24 00:00:00+00:00, run_after=2025-08-25 00:00:00+00:00
[2025-08-25T12:38:45.272+0000] {processor.py:208} INFO - Processing /home/airflow/.local/lib/python3.12/site-packages/airflow/example_dags/example_branch_datetime_operator.py took 0.142 seconds
[2025-08-25T12:39:15.709+0000] {processor.py:186} INFO - Started process (PID=566) to work on /home/airflow/.local/lib/python3.12/site-packages/airflow/example_dags/example_branch_datetime_operator.py
[2025-08-25T12:39:15.710+0000] {processor.py:914} INFO - Processing file /home/airflow/.local/lib/python3.12/site-packages/airflow/example_dags/example_branch_datetime_operator.py for tasks to queue
[2025-08-25T12:39:15.713+0000] {logging_mixin.py:190} INFO - [2025-08-25T12:39:15.712+0000] {dagbag.py:588} INFO - Filling up the DagBag from /home/airflow/.local/lib/python3.12/site-packages/airflow/example_dags/example_branch_datetime_operator.py
[2025-08-25T12:39:15.728+0000] {processor.py:925} INFO - DAG(s) 'example_branch_datetime_operator_3', 'example_branch_datetime_operator_2', 'example_branch_datetime_operator' retrieved from /home/airflow/.local/lib/python3.12/site-packages/airflow/example_dags/example_branch_datetime_operator.py
[2025-08-25T12:39:15.770+0000] {logging_mixin.py:190} INFO - [2025-08-25T12:39:15.770+0000] {dag.py:3239} INFO - Sync 3 DAGs
[2025-08-25T12:39:15.805+0000] {logging_mixin.py:190} INFO - [2025-08-25T12:39:15.804+0000] {dag.py:4180} INFO - Setting next_dagrun for example_branch_datetime_operator to 2025-08-24 00:00:00+00:00, run_after=2025-08-25 00:00:00+00:00
[2025-08-25T12:39:15.811+0000] {logging_mixin.py:190} INFO - [2025-08-25T12:39:15.811+0000] {dag.py:4180} INFO - Setting next_dagrun for example_branch_datetime_operator_2 to 2025-08-24 00:00:00+00:00, run_after=2025-08-25 00:00:00+00:00
[2025-08-25T12:39:15.815+0000] {logging_mixin.py:190} INFO - [2025-08-25T12:39:15.815+0000] {dag.py:4180} INFO - Setting next_dagrun for example_branch_datetime_operator_3 to 2025-08-24 00:00:00+00:00, run_after=2025-08-25 00:00:00+00:00
[2025-08-25T12:39:15.838+0000] {processor.py:208} INFO - Processing /home/airflow/.local/lib/python3.12/site-packages/airflow/example_dags/example_branch_datetime_operator.py took 0.137 seconds
[2025-08-25T12:39:46.058+0000] {processor.py:186} INFO - Started process (PID=630) to work on /home/airflow/.local/lib/python3.12/site-packages/airflow/example_dags/example_branch_datetime_operator.py
[2025-08-25T12:39:46.059+0000] {processor.py:914} INFO - Processing file /home/airflow/.local/lib/python3.12/site-packages/airflow/example_dags/example_branch_datetime_operator.py for tasks to queue
[2025-08-25T12:39:46.061+0000] {logging_mixin.py:190} INFO - [2025-08-25T12:39:46.060+0000] {dagbag.py:588} INFO - Filling up the DagBag from /home/airflow/.local/lib/python3.12/site-packages/airflow/example_dags/example_branch_datetime_operator.py
[2025-08-25T12:39:46.072+0000] {processor.py:925} INFO - DAG(s) 'example_branch_datetime_operator_2', 'example_branch_datetime_operator', 'example_branch_datetime_operator_3' retrieved from /home/airflow/.local/lib/python3.12/site-packages/airflow/example_dags/example_branch_datetime_operator.py
[2025-08-25T12:39:46.112+0000] {logging_mixin.py:190} INFO - [2025-08-25T12:39:46.112+0000] {dag.py:3239} INFO - Sync 3 DAGs
[2025-08-25T12:39:46.156+0000] {logging_mixin.py:190} INFO - [2025-08-25T12:39:46.156+0000] {dag.py:4180} INFO - Setting next_dagrun for example_branch_datetime_operator to 2025-08-24 00:00:00+00:00, run_after=2025-08-25 00:00:00+00:00
[2025-08-25T12:39:46.167+0000] {logging_mixin.py:190} INFO - [2025-08-25T12:39:46.166+0000] {dag.py:4180} INFO - Setting next_dagrun for example_branch_datetime_operator_2 to 2025-08-24 00:00:00+00:00, run_after=2025-08-25 00:00:00+00:00
[2025-08-25T12:39:46.171+0000] {logging_mixin.py:190} INFO - [2025-08-25T12:39:46.171+0000] {dag.py:4180} INFO - Setting next_dagrun for example_branch_datetime_operator_3 to 2025-08-24 00:00:00+00:00, run_after=2025-08-25 00:00:00+00:00
[2025-08-25T12:39:46.195+0000] {processor.py:208} INFO - Processing /home/airflow/.local/lib/python3.12/site-packages/airflow/example_dags/example_branch_datetime_operator.py took 0.143 seconds
[2025-08-25T12:40:16.518+0000] {processor.py:186} INFO - Started process (PID=694) to work on /home/airflow/.local/lib/python3.12/site-packages/airflow/example_dags/example_branch_datetime_operator.py
[2025-08-25T12:40:16.520+0000] {processor.py:914} INFO - Processing file /home/airflow/.local/lib/python3.12/site-packages/airflow/example_dags/example_branch_datetime_operator.py for tasks to queue
[2025-08-25T12:40:16.523+0000] {logging_mixin.py:190} INFO - [2025-08-25T12:40:16.522+0000] {dagbag.py:588} INFO - Filling up the DagBag from /home/airflow/.local/lib/python3.12/site-packages/airflow/example_dags/example_branch_datetime_operator.py
[2025-08-25T12:40:16.539+0000] {processor.py:925} INFO - DAG(s) 'example_branch_datetime_operator_2', 'example_branch_datetime_operator_3', 'example_branch_datetime_operator' retrieved from /home/airflow/.local/lib/python3.12/site-packages/airflow/example_dags/example_branch_datetime_operator.py
[2025-08-25T12:40:16.582+0000] {logging_mixin.py:190} INFO - [2025-08-25T12:40:16.582+0000] {dag.py:3239} INFO - Sync 3 DAGs
[2025-08-25T12:40:16.616+0000] {logging_mixin.py:190} INFO - [2025-08-25T12:40:16.616+0000] {dag.py:4180} INFO - Setting next_dagrun for example_branch_datetime_operator to 2025-08-24 00:00:00+00:00, run_after=2025-08-25 00:00:00+00:00
[2025-08-25T12:40:16.623+0000] {logging_mixin.py:190} INFO - [2025-08-25T12:40:16.623+0000] {dag.py:4180} INFO - Setting next_dagrun for example_branch_datetime_operator_2 to 2025-08-24 00:00:00+00:00, run_after=2025-08-25 00:00:00+00:00
[2025-08-25T12:40:16.627+0000] {logging_mixin.py:190} INFO - [2025-08-25T12:40:16.627+0000] {dag.py:4180} INFO - Setting next_dagrun for example_branch_datetime_operator_3 to 2025-08-24 00:00:00+00:00, run_after=2025-08-25 00:00:00+00:00
[2025-08-25T12:40:16.654+0000] {processor.py:208} INFO - Processing /home/airflow/.local/lib/python3.12/site-packages/airflow/example_dags/example_branch_datetime_operator.py took 0.147 seconds
[2025-08-25T12:40:47.365+0000] {processor.py:186} INFO - Started process (PID=761) to work on /home/airflow/.local/lib/python3.12/site-packages/airflow/example_dags/example_branch_datetime_operator.py
[2025-08-25T12:40:47.366+0000] {processor.py:914} INFO - Processing file /home/airflow/.local/lib/python3.12/site-packages/airflow/example_dags/example_branch_datetime_operator.py for tasks to queue
[2025-08-25T12:40:47.369+0000] {logging_mixin.py:190} INFO - [2025-08-25T12:40:47.368+0000] {dagbag.py:588} INFO - Filling up the DagBag from /home/airflow/.local/lib/python3.12/site-packages/airflow/example_dags/example_branch_datetime_operator.py
[2025-08-25T12:40:47.385+0000] {processor.py:925} INFO - DAG(s) 'example_branch_datetime_operator', 'example_branch_datetime_operator_3', 'example_branch_datetime_operator_2' retrieved from /home/airflow/.local/lib/python3.12/site-packages/airflow/example_dags/example_branch_datetime_operator.py
[2025-08-25T12:40:47.434+0000] {logging_mixin.py:190} INFO - [2025-08-25T12:40:47.433+0000] {dag.py:3239} INFO - Sync 3 DAGs
[2025-08-25T12:40:47.468+0000] {logging_mixin.py:190} INFO - [2025-08-25T12:40:47.468+0000] {dag.py:4180} INFO - Setting next_dagrun for example_branch_datetime_operator to 2025-08-24 00:00:00+00:00, run_after=2025-08-25 00:00:00+00:00
[2025-08-25T12:40:47.475+0000] {logging_mixin.py:190} INFO - [2025-08-25T12:40:47.475+0000] {dag.py:4180} INFO - Setting next_dagrun for example_branch_datetime_operator_2 to 2025-08-24 00:00:00+00:00, run_after=2025-08-25 00:00:00+00:00
[2025-08-25T12:40:47.478+0000] {logging_mixin.py:190} INFO - [2025-08-25T12:40:47.478+0000] {dag.py:4180} INFO - Setting next_dagrun for example_branch_datetime_operator_3 to 2025-08-24 00:00:00+00:00, run_after=2025-08-25 00:00:00+00:00
[2025-08-25T12:40:47.499+0000] {processor.py:208} INFO - Processing /home/airflow/.local/lib/python3.12/site-packages/airflow/example_dags/example_branch_datetime_operator.py took 0.142 seconds
[2025-08-25T12:41:17.910+0000] {processor.py:186} INFO - Started process (PID=825) to work on /home/airflow/.local/lib/python3.12/site-packages/airflow/example_dags/example_branch_datetime_operator.py
[2025-08-25T12:41:17.911+0000] {processor.py:914} INFO - Processing file /home/airflow/.local/lib/python3.12/site-packages/airflow/example_dags/example_branch_datetime_operator.py for tasks to queue
[2025-08-25T12:41:17.914+0000] {logging_mixin.py:190} INFO - [2025-08-25T12:41:17.914+0000] {dagbag.py:588} INFO - Filling up the DagBag from /home/airflow/.local/lib/python3.12/site-packages/airflow/example_dags/example_branch_datetime_operator.py
[2025-08-25T12:41:17.930+0000] {processor.py:925} INFO - DAG(s) 'example_branch_datetime_operator_3', 'example_branch_datetime_operator_2', 'example_branch_datetime_operator' retrieved from /home/airflow/.local/lib/python3.12/site-packages/airflow/example_dags/example_branch_datetime_operator.py
[2025-08-25T12:41:17.963+0000] {logging_mixin.py:190} INFO - [2025-08-25T12:41:17.962+0000] {dag.py:3239} INFO - Sync 3 DAGs
[2025-08-25T12:41:18.000+0000] {logging_mixin.py:190} INFO - [2025-08-25T12:41:18.000+0000] {dag.py:4180} INFO - Setting next_dagrun for example_branch_datetime_operator to 2025-08-24 00:00:00+00:00, run_after=2025-08-25 00:00:00+00:00
[2025-08-25T12:41:18.007+0000] {logging_mixin.py:190} INFO - [2025-08-25T12:41:18.007+0000] {dag.py:4180} INFO - Setting next_dagrun for example_branch_datetime_operator_2 to 2025-08-24 00:00:00+00:00, run_after=2025-08-25 00:00:00+00:00
[2025-08-25T12:41:18.011+0000] {logging_mixin.py:190} INFO - [2025-08-25T12:41:18.011+0000] {dag.py:4180} INFO - Setting next_dagrun for example_branch_datetime_operator_3 to 2025-08-24 00:00:00+00:00, run_after=2025-08-25 00:00:00+00:00
[2025-08-25T12:41:18.034+0000] {processor.py:208} INFO - Processing /home/airflow/.local/lib/python3.12/site-packages/airflow/example_dags/example_branch_datetime_operator.py took 0.132 seconds
[2025-08-25T12:41:48.641+0000] {processor.py:186} INFO - Started process (PID=889) to work on /home/airflow/.local/lib/python3.12/site-packages/airflow/example_dags/example_branch_datetime_operator.py
[2025-08-25T12:41:48.642+0000] {processor.py:914} INFO - Processing file /home/airflow/.local/lib/python3.12/site-packages/airflow/example_dags/example_branch_datetime_operator.py for tasks to queue
[2025-08-25T12:41:48.644+0000] {logging_mixin.py:190} INFO - [2025-08-25T12:41:48.644+0000] {dagbag.py:588} INFO - Filling up the DagBag from /home/airflow/.local/lib/python3.12/site-packages/airflow/example_dags/example_branch_datetime_operator.py
[2025-08-25T12:41:48.659+0000] {processor.py:925} INFO - DAG(s) 'example_branch_datetime_operator_2', 'example_branch_datetime_operator', 'example_branch_datetime_operator_3' retrieved from /home/airflow/.local/lib/python3.12/site-packages/airflow/example_dags/example_branch_datetime_operator.py
[2025-08-25T12:41:48.698+0000] {logging_mixin.py:190} INFO - [2025-08-25T12:41:48.698+0000] {dag.py:3239} INFO - Sync 3 DAGs
[2025-08-25T12:41:48.734+0000] {logging_mixin.py:190} INFO - [2025-08-25T12:41:48.733+0000] {dag.py:4180} INFO - Setting next_dagrun for example_branch_datetime_operator to 2025-08-24 00:00:00+00:00, run_after=2025-08-25 00:00:00+00:00
[2025-08-25T12:41:48.741+0000] {logging_mixin.py:190} INFO - [2025-08-25T12:41:48.741+0000] {dag.py:4180} INFO - Setting next_dagrun for example_branch_datetime_operator_2 to 2025-08-24 00:00:00+00:00, run_after=2025-08-25 00:00:00+00:00
[2025-08-25T12:41:48.745+0000] {logging_mixin.py:190} INFO - [2025-08-25T12:41:48.745+0000] {dag.py:4180} INFO - Setting next_dagrun for example_branch_datetime_operator_3 to 2025-08-24 00:00:00+00:00, run_after=2025-08-25 00:00:00+00:00
[2025-08-25T12:41:48.769+0000] {processor.py:208} INFO - Processing /home/airflow/.local/lib/python3.12/site-packages/airflow/example_dags/example_branch_datetime_operator.py took 0.136 seconds
[2025-08-25T12:42:19.470+0000] {processor.py:186} INFO - Started process (PID=953) to work on /home/airflow/.local/lib/python3.12/site-packages/airflow/example_dags/example_branch_datetime_operator.py
[2025-08-25T12:42:19.471+0000] {processor.py:914} INFO - Processing file /home/airflow/.local/lib/python3.12/site-packages/airflow/example_dags/example_branch_datetime_operator.py for tasks to queue
[2025-08-25T12:42:19.474+0000] {logging_mixin.py:190} INFO - [2025-08-25T12:42:19.473+0000] {dagbag.py:588} INFO - Filling up the DagBag from /home/airflow/.local/lib/python3.12/site-packages/airflow/example_dags/example_branch_datetime_operator.py
[2025-08-25T12:42:19.486+0000] {processor.py:925} INFO - DAG(s) 'example_branch_datetime_operator_2', 'example_branch_datetime_operator_3', 'example_branch_datetime_operator' retrieved from /home/airflow/.local/lib/python3.12/site-packages/airflow/example_dags/example_branch_datetime_operator.py
[2025-08-25T12:42:19.532+0000] {logging_mixin.py:190} INFO - [2025-08-25T12:42:19.531+0000] {dag.py:3239} INFO - Sync 3 DAGs
[2025-08-25T12:42:19.564+0000] {logging_mixin.py:190} INFO - [2025-08-25T12:42:19.563+0000] {dag.py:4180} INFO - Setting next_dagrun for example_branch_datetime_operator to 2025-08-24 00:00:00+00:00, run_after=2025-08-25 00:00:00+00:00
[2025-08-25T12:42:19.571+0000] {logging_mixin.py:190} INFO - [2025-08-25T12:42:19.570+0000] {dag.py:4180} INFO - Setting next_dagrun for example_branch_datetime_operator_2 to 2025-08-24 00:00:00+00:00, run_after=2025-08-25 00:00:00+00:00
[2025-08-25T12:42:19.574+0000] {logging_mixin.py:190} INFO - [2025-08-25T12:42:19.574+0000] {dag.py:4180} INFO - Setting next_dagrun for example_branch_datetime_operator_3 to 2025-08-24 00:00:00+00:00, run_after=2025-08-25 00:00:00+00:00
[2025-08-25T12:42:19.590+0000] {processor.py:208} INFO - Processing /home/airflow/.local/lib/python3.12/site-packages/airflow/example_dags/example_branch_datetime_operator.py took 0.126 seconds
[2025-08-25T12:42:50.260+0000] {processor.py:186} INFO - Started process (PID=1017) to work on /home/airflow/.local/lib/python3.12/site-packages/airflow/example_dags/example_branch_datetime_operator.py
[2025-08-25T12:42:50.261+0000] {processor.py:914} INFO - Processing file /home/airflow/.local/lib/python3.12/site-packages/airflow/example_dags/example_branch_datetime_operator.py for tasks to queue
[2025-08-25T12:42:50.264+0000] {logging_mixin.py:190} INFO - [2025-08-25T12:42:50.264+0000] {dagbag.py:588} INFO - Filling up the DagBag from /home/airflow/.local/lib/python3.12/site-packages/airflow/example_dags/example_branch_datetime_operator.py
[2025-08-25T12:42:50.280+0000] {processor.py:925} INFO - DAG(s) 'example_branch_datetime_operator_3', 'example_branch_datetime_operator', 'example_branch_datetime_operator_2' retrieved from /home/airflow/.local/lib/python3.12/site-packages/airflow/example_dags/example_branch_datetime_operator.py
[2025-08-25T12:42:50.323+0000] {logging_mixin.py:190} INFO - [2025-08-25T12:42:50.322+0000] {dag.py:3239} INFO - Sync 3 DAGs
[2025-08-25T12:42:50.358+0000] {logging_mixin.py:190} INFO - [2025-08-25T12:42:50.358+0000] {dag.py:4180} INFO - Setting next_dagrun for example_branch_datetime_operator to 2025-08-24 00:00:00+00:00, run_after=2025-08-25 00:00:00+00:00
[2025-08-25T12:42:50.365+0000] {logging_mixin.py:190} INFO - [2025-08-25T12:42:50.365+0000] {dag.py:4180} INFO - Setting next_dagrun for example_branch_datetime_operator_2 to 2025-08-24 00:00:00+00:00, run_after=2025-08-25 00:00:00+00:00
[2025-08-25T12:42:50.369+0000] {logging_mixin.py:190} INFO - [2025-08-25T12:42:50.368+0000] {dag.py:4180} INFO - Setting next_dagrun for example_branch_datetime_operator_3 to 2025-08-24 00:00:00+00:00, run_after=2025-08-25 00:00:00+00:00
[2025-08-25T12:42:50.392+0000] {processor.py:208} INFO - Processing /home/airflow/.local/lib/python3.12/site-packages/airflow/example_dags/example_branch_datetime_operator.py took 0.142 seconds
[2025-08-25T12:43:20.901+0000] {processor.py:186} INFO - Started process (PID=1081) to work on /home/airflow/.local/lib/python3.12/site-packages/airflow/example_dags/example_branch_datetime_operator.py
[2025-08-25T12:43:20.902+0000] {processor.py:914} INFO - Processing file /home/airflow/.local/lib/python3.12/site-packages/airflow/example_dags/example_branch_datetime_operator.py for tasks to queue
[2025-08-25T12:43:20.906+0000] {logging_mixin.py:190} INFO - [2025-08-25T12:43:20.906+0000] {dagbag.py:588} INFO - Filling up the DagBag from /home/airflow/.local/lib/python3.12/site-packages/airflow/example_dags/example_branch_datetime_operator.py
[2025-08-25T12:43:20.925+0000] {processor.py:925} INFO - DAG(s) 'example_branch_datetime_operator_3', 'example_branch_datetime_operator_2', 'example_branch_datetime_operator' retrieved from /home/airflow/.local/lib/python3.12/site-packages/airflow/example_dags/example_branch_datetime_operator.py
[2025-08-25T12:43:20.970+0000] {logging_mixin.py:190} INFO - [2025-08-25T12:43:20.970+0000] {dag.py:3239} INFO - Sync 3 DAGs
[2025-08-25T12:43:21.016+0000] {logging_mixin.py:190} INFO - [2025-08-25T12:43:21.015+0000] {dag.py:4180} INFO - Setting next_dagrun for example_branch_datetime_operator to 2025-08-24 00:00:00+00:00, run_after=2025-08-25 00:00:00+00:00
[2025-08-25T12:43:21.027+0000] {logging_mixin.py:190} INFO - [2025-08-25T12:43:21.027+0000] {dag.py:4180} INFO - Setting next_dagrun for example_branch_datetime_operator_2 to 2025-08-24 00:00:00+00:00, run_after=2025-08-25 00:00:00+00:00
[2025-08-25T12:43:21.032+0000] {logging_mixin.py:190} INFO - [2025-08-25T12:43:21.032+0000] {dag.py:4180} INFO - Setting next_dagrun for example_branch_datetime_operator_3 to 2025-08-24 00:00:00+00:00, run_after=2025-08-25 00:00:00+00:00
[2025-08-25T12:43:21.061+0000] {processor.py:208} INFO - Processing /home/airflow/.local/lib/python3.12/site-packages/airflow/example_dags/example_branch_datetime_operator.py took 0.172 seconds
[2025-08-25T12:43:51.560+0000] {processor.py:186} INFO - Started process (PID=1145) to work on /home/airflow/.local/lib/python3.12/site-packages/airflow/example_dags/example_branch_datetime_operator.py
[2025-08-25T12:43:51.561+0000] {processor.py:914} INFO - Processing file /home/airflow/.local/lib/python3.12/site-packages/airflow/example_dags/example_branch_datetime_operator.py for tasks to queue
[2025-08-25T12:43:51.564+0000] {logging_mixin.py:190} INFO - [2025-08-25T12:43:51.563+0000] {dagbag.py:588} INFO - Filling up the DagBag from /home/airflow/.local/lib/python3.12/site-packages/airflow/example_dags/example_branch_datetime_operator.py
[2025-08-25T12:43:51.578+0000] {processor.py:925} INFO - DAG(s) 'example_branch_datetime_operator_3', 'example_branch_datetime_operator_2', 'example_branch_datetime_operator' retrieved from /home/airflow/.local/lib/python3.12/site-packages/airflow/example_dags/example_branch_datetime_operator.py
[2025-08-25T12:43:51.622+0000] {logging_mixin.py:190} INFO - [2025-08-25T12:43:51.621+0000] {dag.py:3239} INFO - Sync 3 DAGs
[2025-08-25T12:43:51.656+0000] {logging_mixin.py:190} INFO - [2025-08-25T12:43:51.655+0000] {dag.py:4180} INFO - Setting next_dagrun for example_branch_datetime_operator to 2025-08-24 00:00:00+00:00, run_after=2025-08-25 00:00:00+00:00
[2025-08-25T12:43:51.662+0000] {logging_mixin.py:190} INFO - [2025-08-25T12:43:51.662+0000] {dag.py:4180} INFO - Setting next_dagrun for example_branch_datetime_operator_2 to 2025-08-24 00:00:00+00:00, run_after=2025-08-25 00:00:00+00:00
[2025-08-25T12:43:51.666+0000] {logging_mixin.py:190} INFO - [2025-08-25T12:43:51.666+0000] {dag.py:4180} INFO - Setting next_dagrun for example_branch_datetime_operator_3 to 2025-08-24 00:00:00+00:00, run_after=2025-08-25 00:00:00+00:00
[2025-08-25T12:43:51.692+0000] {processor.py:208} INFO - Processing /home/airflow/.local/lib/python3.12/site-packages/airflow/example_dags/example_branch_datetime_operator.py took 0.139 seconds
[2025-08-25T12:44:21.974+0000] {processor.py:186} INFO - Started process (PID=1209) to work on /home/airflow/.local/lib/python3.12/site-packages/airflow/example_dags/example_branch_datetime_operator.py
[2025-08-25T12:44:21.975+0000] {processor.py:914} INFO - Processing file /home/airflow/.local/lib/python3.12/site-packages/airflow/example_dags/example_branch_datetime_operator.py for tasks to queue
[2025-08-25T12:44:21.978+0000] {logging_mixin.py:190} INFO - [2025-08-25T12:44:21.978+0000] {dagbag.py:588} INFO - Filling up the DagBag from /home/airflow/.local/lib/python3.12/site-packages/airflow/example_dags/example_branch_datetime_operator.py
[2025-08-25T12:44:21.996+0000] {processor.py:925} INFO - DAG(s) 'example_branch_datetime_operator_2', 'example_branch_datetime_operator_3', 'example_branch_datetime_operator' retrieved from /home/airflow/.local/lib/python3.12/site-packages/airflow/example_dags/example_branch_datetime_operator.py
[2025-08-25T12:44:22.036+0000] {logging_mixin.py:190} INFO - [2025-08-25T12:44:22.035+0000] {dag.py:3239} INFO - Sync 3 DAGs
[2025-08-25T12:44:22.069+0000] {logging_mixin.py:190} INFO - [2025-08-25T12:44:22.068+0000] {dag.py:4180} INFO - Setting next_dagrun for example_branch_datetime_operator to 2025-08-24 00:00:00+00:00, run_after=2025-08-25 00:00:00+00:00
[2025-08-25T12:44:22.077+0000] {logging_mixin.py:190} INFO - [2025-08-25T12:44:22.077+0000] {dag.py:4180} INFO - Setting next_dagrun for example_branch_datetime_operator_2 to 2025-08-24 00:00:00+00:00, run_after=2025-08-25 00:00:00+00:00
[2025-08-25T12:44:22.081+0000] {logging_mixin.py:190} INFO - [2025-08-25T12:44:22.080+0000] {dag.py:4180} INFO - Setting next_dagrun for example_branch_datetime_operator_3 to 2025-08-24 00:00:00+00:00, run_after=2025-08-25 00:00:00+00:00
[2025-08-25T12:44:22.105+0000] {processor.py:208} INFO - Processing /home/airflow/.local/lib/python3.12/site-packages/airflow/example_dags/example_branch_datetime_operator.py took 0.141 seconds
[2025-08-25T12:44:52.659+0000] {processor.py:186} INFO - Started process (PID=1273) to work on /home/airflow/.local/lib/python3.12/site-packages/airflow/example_dags/example_branch_datetime_operator.py
[2025-08-25T12:44:52.661+0000] {processor.py:914} INFO - Processing file /home/airflow/.local/lib/python3.12/site-packages/airflow/example_dags/example_branch_datetime_operator.py for tasks to queue
[2025-08-25T12:44:52.665+0000] {logging_mixin.py:190} INFO - [2025-08-25T12:44:52.665+0000] {dagbag.py:588} INFO - Filling up the DagBag from /home/airflow/.local/lib/python3.12/site-packages/airflow/example_dags/example_branch_datetime_operator.py
[2025-08-25T12:44:52.691+0000] {processor.py:925} INFO - DAG(s) 'example_branch_datetime_operator', 'example_branch_datetime_operator_3', 'example_branch_datetime_operator_2' retrieved from /home/airflow/.local/lib/python3.12/site-packages/airflow/example_dags/example_branch_datetime_operator.py
[2025-08-25T12:44:52.743+0000] {logging_mixin.py:190} INFO - [2025-08-25T12:44:52.743+0000] {dag.py:3239} INFO - Sync 3 DAGs
[2025-08-25T12:44:52.782+0000] {logging_mixin.py:190} INFO - [2025-08-25T12:44:52.781+0000] {dag.py:4180} INFO - Setting next_dagrun for example_branch_datetime_operator to 2025-08-24 00:00:00+00:00, run_after=2025-08-25 00:00:00+00:00
[2025-08-25T12:44:52.797+0000] {logging_mixin.py:190} INFO - [2025-08-25T12:44:52.796+0000] {dag.py:4180} INFO - Setting next_dagrun for example_branch_datetime_operator_2 to 2025-08-24 00:00:00+00:00, run_after=2025-08-25 00:00:00+00:00
[2025-08-25T12:44:52.804+0000] {logging_mixin.py:190} INFO - [2025-08-25T12:44:52.804+0000] {dag.py:4180} INFO - Setting next_dagrun for example_branch_datetime_operator_3 to 2025-08-24 00:00:00+00:00, run_after=2025-08-25 00:00:00+00:00
[2025-08-25T12:44:52.848+0000] {processor.py:208} INFO - Processing /home/airflow/.local/lib/python3.12/site-packages/airflow/example_dags/example_branch_datetime_operator.py took 0.202 seconds
[2025-08-25T12:45:23.029+0000] {processor.py:186} INFO - Started process (PID=1337) to work on /home/airflow/.local/lib/python3.12/site-packages/airflow/example_dags/example_branch_datetime_operator.py
[2025-08-25T12:45:23.031+0000] {processor.py:914} INFO - Processing file /home/airflow/.local/lib/python3.12/site-packages/airflow/example_dags/example_branch_datetime_operator.py for tasks to queue
[2025-08-25T12:45:23.034+0000] {logging_mixin.py:190} INFO - [2025-08-25T12:45:23.033+0000] {dagbag.py:588} INFO - Filling up the DagBag from /home/airflow/.local/lib/python3.12/site-packages/airflow/example_dags/example_branch_datetime_operator.py
[2025-08-25T12:45:23.055+0000] {processor.py:925} INFO - DAG(s) 'example_branch_datetime_operator', 'example_branch_datetime_operator_2', 'example_branch_datetime_operator_3' retrieved from /home/airflow/.local/lib/python3.12/site-packages/airflow/example_dags/example_branch_datetime_operator.py
[2025-08-25T12:45:23.098+0000] {logging_mixin.py:190} INFO - [2025-08-25T12:45:23.097+0000] {dag.py:3239} INFO - Sync 3 DAGs
[2025-08-25T12:45:23.138+0000] {logging_mixin.py:190} INFO - [2025-08-25T12:45:23.137+0000] {dag.py:4180} INFO - Setting next_dagrun for example_branch_datetime_operator to 2025-08-24 00:00:00+00:00, run_after=2025-08-25 00:00:00+00:00
[2025-08-25T12:45:23.146+0000] {logging_mixin.py:190} INFO - [2025-08-25T12:45:23.146+0000] {dag.py:4180} INFO - Setting next_dagrun for example_branch_datetime_operator_2 to 2025-08-24 00:00:00+00:00, run_after=2025-08-25 00:00:00+00:00
[2025-08-25T12:45:23.151+0000] {logging_mixin.py:190} INFO - [2025-08-25T12:45:23.150+0000] {dag.py:4180} INFO - Setting next_dagrun for example_branch_datetime_operator_3 to 2025-08-24 00:00:00+00:00, run_after=2025-08-25 00:00:00+00:00
[2025-08-25T12:45:23.176+0000] {processor.py:208} INFO - Processing /home/airflow/.local/lib/python3.12/site-packages/airflow/example_dags/example_branch_datetime_operator.py took 0.157 seconds
[2025-08-25T12:45:53.303+0000] {processor.py:186} INFO - Started process (PID=1400) to work on /home/airflow/.local/lib/python3.12/site-packages/airflow/example_dags/example_branch_datetime_operator.py
[2025-08-25T12:45:53.304+0000] {processor.py:914} INFO - Processing file /home/airflow/.local/lib/python3.12/site-packages/airflow/example_dags/example_branch_datetime_operator.py for tasks to queue
[2025-08-25T12:45:53.307+0000] {logging_mixin.py:190} INFO - [2025-08-25T12:45:53.307+0000] {dagbag.py:588} INFO - Filling up the DagBag from /home/airflow/.local/lib/python3.12/site-packages/airflow/example_dags/example_branch_datetime_operator.py
[2025-08-25T12:45:53.322+0000] {processor.py:925} INFO - DAG(s) 'example_branch_datetime_operator', 'example_branch_datetime_operator_3', 'example_branch_datetime_operator_2' retrieved from /home/airflow/.local/lib/python3.12/site-packages/airflow/example_dags/example_branch_datetime_operator.py
[2025-08-25T12:45:53.350+0000] {logging_mixin.py:190} INFO - [2025-08-25T12:45:53.350+0000] {dag.py:3239} INFO - Sync 3 DAGs
[2025-08-25T12:45:53.374+0000] {logging_mixin.py:190} INFO - [2025-08-25T12:45:53.374+0000] {dag.py:4180} INFO - Setting next_dagrun for example_branch_datetime_operator to 2025-08-24 00:00:00+00:00, run_after=2025-08-25 00:00:00+00:00
[2025-08-25T12:45:53.379+0000] {logging_mixin.py:190} INFO - [2025-08-25T12:45:53.379+0000] {dag.py:4180} INFO - Setting next_dagrun for example_branch_datetime_operator_2 to 2025-08-24 00:00:00+00:00, run_after=2025-08-25 00:00:00+00:00
[2025-08-25T12:45:53.381+0000] {logging_mixin.py:190} INFO - [2025-08-25T12:45:53.381+0000] {dag.py:4180} INFO - Setting next_dagrun for example_branch_datetime_operator_3 to 2025-08-24 00:00:00+00:00, run_after=2025-08-25 00:00:00+00:00
[2025-08-25T12:45:53.396+0000] {processor.py:208} INFO - Processing /home/airflow/.local/lib/python3.12/site-packages/airflow/example_dags/example_branch_datetime_operator.py took 0.101 seconds
[2025-08-25T12:46:24.370+0000] {processor.py:186} INFO - Started process (PID=1464) to work on /home/airflow/.local/lib/python3.12/site-packages/airflow/example_dags/example_branch_datetime_operator.py
[2025-08-25T12:46:24.371+0000] {processor.py:914} INFO - Processing file /home/airflow/.local/lib/python3.12/site-packages/airflow/example_dags/example_branch_datetime_operator.py for tasks to queue
[2025-08-25T12:46:24.373+0000] {logging_mixin.py:190} INFO - [2025-08-25T12:46:24.373+0000] {dagbag.py:588} INFO - Filling up the DagBag from /home/airflow/.local/lib/python3.12/site-packages/airflow/example_dags/example_branch_datetime_operator.py
[2025-08-25T12:46:24.388+0000] {processor.py:925} INFO - DAG(s) 'example_branch_datetime_operator_3', 'example_branch_datetime_operator', 'example_branch_datetime_operator_2' retrieved from /home/airflow/.local/lib/python3.12/site-packages/airflow/example_dags/example_branch_datetime_operator.py
[2025-08-25T12:46:24.428+0000] {logging_mixin.py:190} INFO - [2025-08-25T12:46:24.427+0000] {dag.py:3239} INFO - Sync 3 DAGs
[2025-08-25T12:46:24.458+0000] {logging_mixin.py:190} INFO - [2025-08-25T12:46:24.458+0000] {dag.py:4180} INFO - Setting next_dagrun for example_branch_datetime_operator to 2025-08-24 00:00:00+00:00, run_after=2025-08-25 00:00:00+00:00
[2025-08-25T12:46:24.464+0000] {logging_mixin.py:190} INFO - [2025-08-25T12:46:24.464+0000] {dag.py:4180} INFO - Setting next_dagrun for example_branch_datetime_operator_2 to 2025-08-24 00:00:00+00:00, run_after=2025-08-25 00:00:00+00:00
[2025-08-25T12:46:24.468+0000] {logging_mixin.py:190} INFO - [2025-08-25T12:46:24.468+0000] {dag.py:4180} INFO - Setting next_dagrun for example_branch_datetime_operator_3 to 2025-08-24 00:00:00+00:00, run_after=2025-08-25 00:00:00+00:00
[2025-08-25T12:46:24.490+0000] {processor.py:208} INFO - Processing /home/airflow/.local/lib/python3.12/site-packages/airflow/example_dags/example_branch_datetime_operator.py took 0.127 seconds
[2025-08-25T12:46:54.795+0000] {processor.py:186} INFO - Started process (PID=1528) to work on /home/airflow/.local/lib/python3.12/site-packages/airflow/example_dags/example_branch_datetime_operator.py
[2025-08-25T12:46:54.796+0000] {processor.py:914} INFO - Processing file /home/airflow/.local/lib/python3.12/site-packages/airflow/example_dags/example_branch_datetime_operator.py for tasks to queue
[2025-08-25T12:46:54.799+0000] {logging_mixin.py:190} INFO - [2025-08-25T12:46:54.798+0000] {dagbag.py:588} INFO - Filling up the DagBag from /home/airflow/.local/lib/python3.12/site-packages/airflow/example_dags/example_branch_datetime_operator.py
[2025-08-25T12:46:54.814+0000] {processor.py:925} INFO - DAG(s) 'example_branch_datetime_operator_3', 'example_branch_datetime_operator', 'example_branch_datetime_operator_2' retrieved from /home/airflow/.local/lib/python3.12/site-packages/airflow/example_dags/example_branch_datetime_operator.py
[2025-08-25T12:46:54.854+0000] {logging_mixin.py:190} INFO - [2025-08-25T12:46:54.853+0000] {dag.py:3239} INFO - Sync 3 DAGs
[2025-08-25T12:46:54.885+0000] {logging_mixin.py:190} INFO - [2025-08-25T12:46:54.885+0000] {dag.py:4180} INFO - Setting next_dagrun for example_branch_datetime_operator to 2025-08-24 00:00:00+00:00, run_after=2025-08-25 00:00:00+00:00
[2025-08-25T12:46:54.892+0000] {logging_mixin.py:190} INFO - [2025-08-25T12:46:54.891+0000] {dag.py:4180} INFO - Setting next_dagrun for example_branch_datetime_operator_2 to 2025-08-24 00:00:00+00:00, run_after=2025-08-25 00:00:00+00:00
[2025-08-25T12:46:54.894+0000] {logging_mixin.py:190} INFO - [2025-08-25T12:46:54.894+0000] {dag.py:4180} INFO - Setting next_dagrun for example_branch_datetime_operator_3 to 2025-08-24 00:00:00+00:00, run_after=2025-08-25 00:00:00+00:00
[2025-08-25T12:46:54.909+0000] {processor.py:208} INFO - Processing /home/airflow/.local/lib/python3.12/site-packages/airflow/example_dags/example_branch_datetime_operator.py took 0.122 seconds
[2025-08-25T12:47:25.419+0000] {processor.py:186} INFO - Started process (PID=1593) to work on /home/airflow/.local/lib/python3.12/site-packages/airflow/example_dags/example_branch_datetime_operator.py
[2025-08-25T12:47:25.421+0000] {processor.py:914} INFO - Processing file /home/airflow/.local/lib/python3.12/site-packages/airflow/example_dags/example_branch_datetime_operator.py for tasks to queue
[2025-08-25T12:47:25.423+0000] {logging_mixin.py:190} INFO - [2025-08-25T12:47:25.423+0000] {dagbag.py:588} INFO - Filling up the DagBag from /home/airflow/.local/lib/python3.12/site-packages/airflow/example_dags/example_branch_datetime_operator.py
[2025-08-25T12:47:25.437+0000] {processor.py:925} INFO - DAG(s) 'example_branch_datetime_operator_3', 'example_branch_datetime_operator_2', 'example_branch_datetime_operator' retrieved from /home/airflow/.local/lib/python3.12/site-packages/airflow/example_dags/example_branch_datetime_operator.py
[2025-08-25T12:47:25.473+0000] {logging_mixin.py:190} INFO - [2025-08-25T12:47:25.472+0000] {dag.py:3239} INFO - Sync 3 DAGs
[2025-08-25T12:47:25.503+0000] {logging_mixin.py:190} INFO - [2025-08-25T12:47:25.503+0000] {dag.py:4180} INFO - Setting next_dagrun for example_branch_datetime_operator to 2025-08-24 00:00:00+00:00, run_after=2025-08-25 00:00:00+00:00
[2025-08-25T12:47:25.510+0000] {logging_mixin.py:190} INFO - [2025-08-25T12:47:25.509+0000] {dag.py:4180} INFO - Setting next_dagrun for example_branch_datetime_operator_2 to 2025-08-24 00:00:00+00:00, run_after=2025-08-25 00:00:00+00:00
[2025-08-25T12:47:25.513+0000] {logging_mixin.py:190} INFO - [2025-08-25T12:47:25.513+0000] {dag.py:4180} INFO - Setting next_dagrun for example_branch_datetime_operator_3 to 2025-08-24 00:00:00+00:00, run_after=2025-08-25 00:00:00+00:00
[2025-08-25T12:47:25.538+0000] {processor.py:208} INFO - Processing /home/airflow/.local/lib/python3.12/site-packages/airflow/example_dags/example_branch_datetime_operator.py took 0.128 seconds
[2025-08-25T12:47:55.817+0000] {processor.py:186} INFO - Started process (PID=1657) to work on /home/airflow/.local/lib/python3.12/site-packages/airflow/example_dags/example_branch_datetime_operator.py
[2025-08-25T12:47:55.818+0000] {processor.py:914} INFO - Processing file /home/airflow/.local/lib/python3.12/site-packages/airflow/example_dags/example_branch_datetime_operator.py for tasks to queue
[2025-08-25T12:47:55.821+0000] {logging_mixin.py:190} INFO - [2025-08-25T12:47:55.820+0000] {dagbag.py:588} INFO - Filling up the DagBag from /home/airflow/.local/lib/python3.12/site-packages/airflow/example_dags/example_branch_datetime_operator.py
[2025-08-25T12:47:55.833+0000] {processor.py:925} INFO - DAG(s) 'example_branch_datetime_operator_3', 'example_branch_datetime_operator_2', 'example_branch_datetime_operator' retrieved from /home/airflow/.local/lib/python3.12/site-packages/airflow/example_dags/example_branch_datetime_operator.py
[2025-08-25T12:47:55.873+0000] {logging_mixin.py:190} INFO - [2025-08-25T12:47:55.872+0000] {dag.py:3239} INFO - Sync 3 DAGs
[2025-08-25T12:47:55.900+0000] {logging_mixin.py:190} INFO - [2025-08-25T12:47:55.899+0000] {dag.py:4180} INFO - Setting next_dagrun for example_branch_datetime_operator to 2025-08-24 00:00:00+00:00, run_after=2025-08-25 00:00:00+00:00
[2025-08-25T12:47:55.906+0000] {logging_mixin.py:190} INFO - [2025-08-25T12:47:55.906+0000] {dag.py:4180} INFO - Setting next_dagrun for example_branch_datetime_operator_2 to 2025-08-24 00:00:00+00:00, run_after=2025-08-25 00:00:00+00:00
[2025-08-25T12:47:55.910+0000] {logging_mixin.py:190} INFO - [2025-08-25T12:47:55.909+0000] {dag.py:4180} INFO - Setting next_dagrun for example_branch_datetime_operator_3 to 2025-08-24 00:00:00+00:00, run_after=2025-08-25 00:00:00+00:00
[2025-08-25T12:47:55.934+0000] {processor.py:208} INFO - Processing /home/airflow/.local/lib/python3.12/site-packages/airflow/example_dags/example_branch_datetime_operator.py took 0.128 seconds
[2025-08-25T12:48:26.508+0000] {processor.py:186} INFO - Started process (PID=1721) to work on /home/airflow/.local/lib/python3.12/site-packages/airflow/example_dags/example_branch_datetime_operator.py
[2025-08-25T12:48:26.509+0000] {processor.py:914} INFO - Processing file /home/airflow/.local/lib/python3.12/site-packages/airflow/example_dags/example_branch_datetime_operator.py for tasks to queue
[2025-08-25T12:48:26.512+0000] {logging_mixin.py:190} INFO - [2025-08-25T12:48:26.511+0000] {dagbag.py:588} INFO - Filling up the DagBag from /home/airflow/.local/lib/python3.12/site-packages/airflow/example_dags/example_branch_datetime_operator.py
[2025-08-25T12:48:26.525+0000] {processor.py:925} INFO - DAG(s) 'example_branch_datetime_operator', 'example_branch_datetime_operator_2', 'example_branch_datetime_operator_3' retrieved from /home/airflow/.local/lib/python3.12/site-packages/airflow/example_dags/example_branch_datetime_operator.py
[2025-08-25T12:48:26.566+0000] {logging_mixin.py:190} INFO - [2025-08-25T12:48:26.565+0000] {dag.py:3239} INFO - Sync 3 DAGs
[2025-08-25T12:48:26.600+0000] {logging_mixin.py:190} INFO - [2025-08-25T12:48:26.599+0000] {dag.py:4180} INFO - Setting next_dagrun for example_branch_datetime_operator to 2025-08-24 00:00:00+00:00, run_after=2025-08-25 00:00:00+00:00
[2025-08-25T12:48:26.608+0000] {logging_mixin.py:190} INFO - [2025-08-25T12:48:26.608+0000] {dag.py:4180} INFO - Setting next_dagrun for example_branch_datetime_operator_2 to 2025-08-24 00:00:00+00:00, run_after=2025-08-25 00:00:00+00:00
[2025-08-25T12:48:26.612+0000] {logging_mixin.py:190} INFO - [2025-08-25T12:48:26.611+0000] {dag.py:4180} INFO - Setting next_dagrun for example_branch_datetime_operator_3 to 2025-08-24 00:00:00+00:00, run_after=2025-08-25 00:00:00+00:00
[2025-08-25T12:48:26.633+0000] {processor.py:208} INFO - Processing /home/airflow/.local/lib/python3.12/site-packages/airflow/example_dags/example_branch_datetime_operator.py took 0.137 seconds
[2025-08-25T12:48:57.190+0000] {processor.py:186} INFO - Started process (PID=1785) to work on /home/airflow/.local/lib/python3.12/site-packages/airflow/example_dags/example_branch_datetime_operator.py
[2025-08-25T12:48:57.191+0000] {processor.py:914} INFO - Processing file /home/airflow/.local/lib/python3.12/site-packages/airflow/example_dags/example_branch_datetime_operator.py for tasks to queue
[2025-08-25T12:48:57.194+0000] {logging_mixin.py:190} INFO - [2025-08-25T12:48:57.193+0000] {dagbag.py:588} INFO - Filling up the DagBag from /home/airflow/.local/lib/python3.12/site-packages/airflow/example_dags/example_branch_datetime_operator.py
[2025-08-25T12:48:57.209+0000] {processor.py:925} INFO - DAG(s) 'example_branch_datetime_operator_2', 'example_branch_datetime_operator_3', 'example_branch_datetime_operator' retrieved from /home/airflow/.local/lib/python3.12/site-packages/airflow/example_dags/example_branch_datetime_operator.py
[2025-08-25T12:48:57.249+0000] {logging_mixin.py:190} INFO - [2025-08-25T12:48:57.249+0000] {dag.py:3239} INFO - Sync 3 DAGs
[2025-08-25T12:48:57.281+0000] {logging_mixin.py:190} INFO - [2025-08-25T12:48:57.281+0000] {dag.py:4180} INFO - Setting next_dagrun for example_branch_datetime_operator to 2025-08-24 00:00:00+00:00, run_after=2025-08-25 00:00:00+00:00
[2025-08-25T12:48:57.287+0000] {logging_mixin.py:190} INFO - [2025-08-25T12:48:57.287+0000] {dag.py:4180} INFO - Setting next_dagrun for example_branch_datetime_operator_2 to 2025-08-24 00:00:00+00:00, run_after=2025-08-25 00:00:00+00:00
[2025-08-25T12:48:57.291+0000] {logging_mixin.py:190} INFO - [2025-08-25T12:48:57.291+0000] {dag.py:4180} INFO - Setting next_dagrun for example_branch_datetime_operator_3 to 2025-08-24 00:00:00+00:00, run_after=2025-08-25 00:00:00+00:00
[2025-08-25T12:48:57.314+0000] {processor.py:208} INFO - Processing /home/airflow/.local/lib/python3.12/site-packages/airflow/example_dags/example_branch_datetime_operator.py took 0.136 seconds
[2025-08-25T12:49:28.129+0000] {processor.py:186} INFO - Started process (PID=1849) to work on /home/airflow/.local/lib/python3.12/site-packages/airflow/example_dags/example_branch_datetime_operator.py
[2025-08-25T12:49:28.131+0000] {processor.py:914} INFO - Processing file /home/airflow/.local/lib/python3.12/site-packages/airflow/example_dags/example_branch_datetime_operator.py for tasks to queue
[2025-08-25T12:49:28.135+0000] {logging_mixin.py:190} INFO - [2025-08-25T12:49:28.135+0000] {dagbag.py:588} INFO - Filling up the DagBag from /home/airflow/.local/lib/python3.12/site-packages/airflow/example_dags/example_branch_datetime_operator.py
[2025-08-25T12:49:28.159+0000] {processor.py:925} INFO - DAG(s) 'example_branch_datetime_operator_3', 'example_branch_datetime_operator_2', 'example_branch_datetime_operator' retrieved from /home/airflow/.local/lib/python3.12/site-packages/airflow/example_dags/example_branch_datetime_operator.py
[2025-08-25T12:49:28.212+0000] {logging_mixin.py:190} INFO - [2025-08-25T12:49:28.212+0000] {dag.py:3239} INFO - Sync 3 DAGs
[2025-08-25T12:49:28.264+0000] {logging_mixin.py:190} INFO - [2025-08-25T12:49:28.264+0000] {dag.py:4180} INFO - Setting next_dagrun for example_branch_datetime_operator to 2025-08-24 00:00:00+00:00, run_after=2025-08-25 00:00:00+00:00
[2025-08-25T12:49:28.274+0000] {logging_mixin.py:190} INFO - [2025-08-25T12:49:28.273+0000] {dag.py:4180} INFO - Setting next_dagrun for example_branch_datetime_operator_2 to 2025-08-24 00:00:00+00:00, run_after=2025-08-25 00:00:00+00:00
[2025-08-25T12:49:28.278+0000] {logging_mixin.py:190} INFO - [2025-08-25T12:49:28.277+0000] {dag.py:4180} INFO - Setting next_dagrun for example_branch_datetime_operator_3 to 2025-08-24 00:00:00+00:00, run_after=2025-08-25 00:00:00+00:00
[2025-08-25T12:49:28.304+0000] {processor.py:208} INFO - Processing /home/airflow/.local/lib/python3.12/site-packages/airflow/example_dags/example_branch_datetime_operator.py took 0.187 seconds
[2025-08-25T12:49:59.117+0000] {processor.py:186} INFO - Started process (PID=1919) to work on /home/airflow/.local/lib/python3.12/site-packages/airflow/example_dags/example_branch_datetime_operator.py
[2025-08-25T12:49:59.118+0000] {processor.py:914} INFO - Processing file /home/airflow/.local/lib/python3.12/site-packages/airflow/example_dags/example_branch_datetime_operator.py for tasks to queue
[2025-08-25T12:49:59.123+0000] {logging_mixin.py:190} INFO - [2025-08-25T12:49:59.122+0000] {dagbag.py:588} INFO - Filling up the DagBag from /home/airflow/.local/lib/python3.12/site-packages/airflow/example_dags/example_branch_datetime_operator.py
[2025-08-25T12:49:59.148+0000] {processor.py:925} INFO - DAG(s) 'example_branch_datetime_operator_3', 'example_branch_datetime_operator', 'example_branch_datetime_operator_2' retrieved from /home/airflow/.local/lib/python3.12/site-packages/airflow/example_dags/example_branch_datetime_operator.py
[2025-08-25T12:49:59.215+0000] {logging_mixin.py:190} INFO - [2025-08-25T12:49:59.214+0000] {dag.py:3239} INFO - Sync 3 DAGs
[2025-08-25T12:49:59.285+0000] {logging_mixin.py:190} INFO - [2025-08-25T12:49:59.284+0000] {dag.py:4180} INFO - Setting next_dagrun for example_branch_datetime_operator to 2025-08-24 00:00:00+00:00, run_after=2025-08-25 00:00:00+00:00
[2025-08-25T12:49:59.302+0000] {logging_mixin.py:190} INFO - [2025-08-25T12:49:59.302+0000] {dag.py:4180} INFO - Setting next_dagrun for example_branch_datetime_operator_2 to 2025-08-24 00:00:00+00:00, run_after=2025-08-25 00:00:00+00:00
[2025-08-25T12:49:59.308+0000] {logging_mixin.py:190} INFO - [2025-08-25T12:49:59.308+0000] {dag.py:4180} INFO - Setting next_dagrun for example_branch_datetime_operator_3 to 2025-08-24 00:00:00+00:00, run_after=2025-08-25 00:00:00+00:00
[2025-08-25T12:49:59.349+0000] {processor.py:208} INFO - Processing /home/airflow/.local/lib/python3.12/site-packages/airflow/example_dags/example_branch_datetime_operator.py took 0.242 seconds
[2025-08-25T12:50:29.742+0000] {processor.py:186} INFO - Started process (PID=1983) to work on /home/airflow/.local/lib/python3.12/site-packages/airflow/example_dags/example_branch_datetime_operator.py
[2025-08-25T12:50:29.743+0000] {processor.py:914} INFO - Processing file /home/airflow/.local/lib/python3.12/site-packages/airflow/example_dags/example_branch_datetime_operator.py for tasks to queue
[2025-08-25T12:50:29.746+0000] {logging_mixin.py:190} INFO - [2025-08-25T12:50:29.745+0000] {dagbag.py:588} INFO - Filling up the DagBag from /home/airflow/.local/lib/python3.12/site-packages/airflow/example_dags/example_branch_datetime_operator.py
[2025-08-25T12:50:29.769+0000] {processor.py:925} INFO - DAG(s) 'example_branch_datetime_operator_3', 'example_branch_datetime_operator', 'example_branch_datetime_operator_2' retrieved from /home/airflow/.local/lib/python3.12/site-packages/airflow/example_dags/example_branch_datetime_operator.py
[2025-08-25T12:50:29.818+0000] {logging_mixin.py:190} INFO - [2025-08-25T12:50:29.818+0000] {dag.py:3239} INFO - Sync 3 DAGs
[2025-08-25T12:50:29.850+0000] {logging_mixin.py:190} INFO - [2025-08-25T12:50:29.850+0000] {dag.py:4180} INFO - Setting next_dagrun for example_branch_datetime_operator to 2025-08-24 00:00:00+00:00, run_after=2025-08-25 00:00:00+00:00
[2025-08-25T12:50:29.858+0000] {logging_mixin.py:190} INFO - [2025-08-25T12:50:29.858+0000] {dag.py:4180} INFO - Setting next_dagrun for example_branch_datetime_operator_2 to 2025-08-24 00:00:00+00:00, run_after=2025-08-25 00:00:00+00:00
[2025-08-25T12:50:29.862+0000] {logging_mixin.py:190} INFO - [2025-08-25T12:50:29.862+0000] {dag.py:4180} INFO - Setting next_dagrun for example_branch_datetime_operator_3 to 2025-08-24 00:00:00+00:00, run_after=2025-08-25 00:00:00+00:00
[2025-08-25T12:50:29.891+0000] {processor.py:208} INFO - Processing /home/airflow/.local/lib/python3.12/site-packages/airflow/example_dags/example_branch_datetime_operator.py took 0.155 seconds
[2025-08-25T12:51:00.558+0000] {processor.py:186} INFO - Started process (PID=2047) to work on /home/airflow/.local/lib/python3.12/site-packages/airflow/example_dags/example_branch_datetime_operator.py
[2025-08-25T12:51:00.559+0000] {processor.py:914} INFO - Processing file /home/airflow/.local/lib/python3.12/site-packages/airflow/example_dags/example_branch_datetime_operator.py for tasks to queue
[2025-08-25T12:51:00.561+0000] {logging_mixin.py:190} INFO - [2025-08-25T12:51:00.560+0000] {dagbag.py:588} INFO - Filling up the DagBag from /home/airflow/.local/lib/python3.12/site-packages/airflow/example_dags/example_branch_datetime_operator.py
[2025-08-25T12:51:00.573+0000] {processor.py:925} INFO - DAG(s) 'example_branch_datetime_operator_2', 'example_branch_datetime_operator', 'example_branch_datetime_operator_3' retrieved from /home/airflow/.local/lib/python3.12/site-packages/airflow/example_dags/example_branch_datetime_operator.py
[2025-08-25T12:51:00.612+0000] {logging_mixin.py:190} INFO - [2025-08-25T12:51:00.611+0000] {dag.py:3239} INFO - Sync 3 DAGs
[2025-08-25T12:51:00.657+0000] {logging_mixin.py:190} INFO - [2025-08-25T12:51:00.657+0000] {dag.py:4180} INFO - Setting next_dagrun for example_branch_datetime_operator to 2025-08-24 00:00:00+00:00, run_after=2025-08-25 00:00:00+00:00
[2025-08-25T12:51:00.668+0000] {logging_mixin.py:190} INFO - [2025-08-25T12:51:00.667+0000] {dag.py:4180} INFO - Setting next_dagrun for example_branch_datetime_operator_2 to 2025-08-24 00:00:00+00:00, run_after=2025-08-25 00:00:00+00:00
[2025-08-25T12:51:00.673+0000] {logging_mixin.py:190} INFO - [2025-08-25T12:51:00.672+0000] {dag.py:4180} INFO - Setting next_dagrun for example_branch_datetime_operator_3 to 2025-08-24 00:00:00+00:00, run_after=2025-08-25 00:00:00+00:00
[2025-08-25T12:51:00.698+0000] {processor.py:208} INFO - Processing /home/airflow/.local/lib/python3.12/site-packages/airflow/example_dags/example_branch_datetime_operator.py took 0.146 seconds
[2025-08-25T12:51:31.503+0000] {processor.py:186} INFO - Started process (PID=2111) to work on /home/airflow/.local/lib/python3.12/site-packages/airflow/example_dags/example_branch_datetime_operator.py
[2025-08-25T12:51:31.503+0000] {processor.py:914} INFO - Processing file /home/airflow/.local/lib/python3.12/site-packages/airflow/example_dags/example_branch_datetime_operator.py for tasks to queue
[2025-08-25T12:51:31.505+0000] {logging_mixin.py:190} INFO - [2025-08-25T12:51:31.505+0000] {dagbag.py:588} INFO - Filling up the DagBag from /home/airflow/.local/lib/python3.12/site-packages/airflow/example_dags/example_branch_datetime_operator.py
[2025-08-25T12:51:31.517+0000] {processor.py:925} INFO - DAG(s) 'example_branch_datetime_operator', 'example_branch_datetime_operator_3', 'example_branch_datetime_operator_2' retrieved from /home/airflow/.local/lib/python3.12/site-packages/airflow/example_dags/example_branch_datetime_operator.py
[2025-08-25T12:51:31.554+0000] {logging_mixin.py:190} INFO - [2025-08-25T12:51:31.553+0000] {dag.py:3239} INFO - Sync 3 DAGs
[2025-08-25T12:51:31.584+0000] {logging_mixin.py:190} INFO - [2025-08-25T12:51:31.584+0000] {dag.py:4180} INFO - Setting next_dagrun for example_branch_datetime_operator to 2025-08-24 00:00:00+00:00, run_after=2025-08-25 00:00:00+00:00
[2025-08-25T12:51:31.591+0000] {logging_mixin.py:190} INFO - [2025-08-25T12:51:31.590+0000] {dag.py:4180} INFO - Setting next_dagrun for example_branch_datetime_operator_2 to 2025-08-24 00:00:00+00:00, run_after=2025-08-25 00:00:00+00:00
[2025-08-25T12:51:31.595+0000] {logging_mixin.py:190} INFO - [2025-08-25T12:51:31.594+0000] {dag.py:4180} INFO - Setting next_dagrun for example_branch_datetime_operator_3 to 2025-08-24 00:00:00+00:00, run_after=2025-08-25 00:00:00+00:00
[2025-08-25T12:51:31.621+0000] {processor.py:208} INFO - Processing /home/airflow/.local/lib/python3.12/site-packages/airflow/example_dags/example_branch_datetime_operator.py took 0.125 seconds
[2025-08-25T12:52:02.105+0000] {processor.py:186} INFO - Started process (PID=2174) to work on /home/airflow/.local/lib/python3.12/site-packages/airflow/example_dags/example_branch_datetime_operator.py
[2025-08-25T12:52:02.106+0000] {processor.py:914} INFO - Processing file /home/airflow/.local/lib/python3.12/site-packages/airflow/example_dags/example_branch_datetime_operator.py for tasks to queue
[2025-08-25T12:52:02.109+0000] {logging_mixin.py:190} INFO - [2025-08-25T12:52:02.108+0000] {dagbag.py:588} INFO - Filling up the DagBag from /home/airflow/.local/lib/python3.12/site-packages/airflow/example_dags/example_branch_datetime_operator.py
[2025-08-25T12:52:02.126+0000] {processor.py:925} INFO - DAG(s) 'example_branch_datetime_operator_2', 'example_branch_datetime_operator_3', 'example_branch_datetime_operator' retrieved from /home/airflow/.local/lib/python3.12/site-packages/airflow/example_dags/example_branch_datetime_operator.py
[2025-08-25T12:52:02.171+0000] {logging_mixin.py:190} INFO - [2025-08-25T12:52:02.170+0000] {dag.py:3239} INFO - Sync 3 DAGs
[2025-08-25T12:52:02.204+0000] {logging_mixin.py:190} INFO - [2025-08-25T12:52:02.204+0000] {dag.py:4180} INFO - Setting next_dagrun for example_branch_datetime_operator to 2025-08-24 00:00:00+00:00, run_after=2025-08-25 00:00:00+00:00
[2025-08-25T12:52:02.212+0000] {logging_mixin.py:190} INFO - [2025-08-25T12:52:02.212+0000] {dag.py:4180} INFO - Setting next_dagrun for example_branch_datetime_operator_2 to 2025-08-24 00:00:00+00:00, run_after=2025-08-25 00:00:00+00:00
[2025-08-25T12:52:02.216+0000] {logging_mixin.py:190} INFO - [2025-08-25T12:52:02.215+0000] {dag.py:4180} INFO - Setting next_dagrun for example_branch_datetime_operator_3 to 2025-08-24 00:00:00+00:00, run_after=2025-08-25 00:00:00+00:00
[2025-08-25T12:52:02.241+0000] {processor.py:208} INFO - Processing /home/airflow/.local/lib/python3.12/site-packages/airflow/example_dags/example_branch_datetime_operator.py took 0.144 seconds
[2025-08-25T12:52:33.567+0000] {processor.py:186} INFO - Started process (PID=2238) to work on /home/airflow/.local/lib/python3.12/site-packages/airflow/example_dags/example_branch_datetime_operator.py
[2025-08-25T12:52:33.569+0000] {processor.py:914} INFO - Processing file /home/airflow/.local/lib/python3.12/site-packages/airflow/example_dags/example_branch_datetime_operator.py for tasks to queue
[2025-08-25T12:52:33.576+0000] {logging_mixin.py:190} INFO - [2025-08-25T12:52:33.575+0000] {dagbag.py:588} INFO - Filling up the DagBag from /home/airflow/.local/lib/python3.12/site-packages/airflow/example_dags/example_branch_datetime_operator.py
[2025-08-25T12:52:33.601+0000] {processor.py:925} INFO - DAG(s) 'example_branch_datetime_operator_2', 'example_branch_datetime_operator_3', 'example_branch_datetime_operator' retrieved from /home/airflow/.local/lib/python3.12/site-packages/airflow/example_dags/example_branch_datetime_operator.py
[2025-08-25T12:52:33.658+0000] {logging_mixin.py:190} INFO - [2025-08-25T12:52:33.657+0000] {dag.py:3239} INFO - Sync 3 DAGs
[2025-08-25T12:52:33.711+0000] {logging_mixin.py:190} INFO - [2025-08-25T12:52:33.710+0000] {dag.py:4180} INFO - Setting next_dagrun for example_branch_datetime_operator to 2025-08-24 00:00:00+00:00, run_after=2025-08-25 00:00:00+00:00
[2025-08-25T12:52:33.721+0000] {logging_mixin.py:190} INFO - [2025-08-25T12:52:33.721+0000] {dag.py:4180} INFO - Setting next_dagrun for example_branch_datetime_operator_2 to 2025-08-24 00:00:00+00:00, run_after=2025-08-25 00:00:00+00:00
[2025-08-25T12:52:33.726+0000] {logging_mixin.py:190} INFO - [2025-08-25T12:52:33.726+0000] {dag.py:4180} INFO - Setting next_dagrun for example_branch_datetime_operator_3 to 2025-08-24 00:00:00+00:00, run_after=2025-08-25 00:00:00+00:00
[2025-08-25T12:52:33.760+0000] {processor.py:208} INFO - Processing /home/airflow/.local/lib/python3.12/site-packages/airflow/example_dags/example_branch_datetime_operator.py took 0.208 seconds
[2025-08-25T12:53:04.628+0000] {processor.py:186} INFO - Started process (PID=2302) to work on /home/airflow/.local/lib/python3.12/site-packages/airflow/example_dags/example_branch_datetime_operator.py
[2025-08-25T12:53:04.629+0000] {processor.py:914} INFO - Processing file /home/airflow/.local/lib/python3.12/site-packages/airflow/example_dags/example_branch_datetime_operator.py for tasks to queue
[2025-08-25T12:53:04.632+0000] {logging_mixin.py:190} INFO - [2025-08-25T12:53:04.632+0000] {dagbag.py:588} INFO - Filling up the DagBag from /home/airflow/.local/lib/python3.12/site-packages/airflow/example_dags/example_branch_datetime_operator.py
[2025-08-25T12:53:04.653+0000] {processor.py:925} INFO - DAG(s) 'example_branch_datetime_operator_3', 'example_branch_datetime_operator_2', 'example_branch_datetime_operator' retrieved from /home/airflow/.local/lib/python3.12/site-packages/airflow/example_dags/example_branch_datetime_operator.py
[2025-08-25T12:53:04.709+0000] {logging_mixin.py:190} INFO - [2025-08-25T12:53:04.708+0000] {dag.py:3239} INFO - Sync 3 DAGs
[2025-08-25T12:53:04.770+0000] {logging_mixin.py:190} INFO - [2025-08-25T12:53:04.769+0000] {dag.py:4180} INFO - Setting next_dagrun for example_branch_datetime_operator to 2025-08-24 00:00:00+00:00, run_after=2025-08-25 00:00:00+00:00
[2025-08-25T12:53:04.779+0000] {logging_mixin.py:190} INFO - [2025-08-25T12:53:04.779+0000] {dag.py:4180} INFO - Setting next_dagrun for example_branch_datetime_operator_2 to 2025-08-24 00:00:00+00:00, run_after=2025-08-25 00:00:00+00:00
[2025-08-25T12:53:04.784+0000] {logging_mixin.py:190} INFO - [2025-08-25T12:53:04.784+0000] {dag.py:4180} INFO - Setting next_dagrun for example_branch_datetime_operator_3 to 2025-08-24 00:00:00+00:00, run_after=2025-08-25 00:00:00+00:00
[2025-08-25T12:53:04.816+0000] {processor.py:208} INFO - Processing /home/airflow/.local/lib/python3.12/site-packages/airflow/example_dags/example_branch_datetime_operator.py took 0.198 seconds
[2025-08-25T12:53:35.276+0000] {processor.py:186} INFO - Started process (PID=2366) to work on /home/airflow/.local/lib/python3.12/site-packages/airflow/example_dags/example_branch_datetime_operator.py
[2025-08-25T12:53:35.277+0000] {processor.py:914} INFO - Processing file /home/airflow/.local/lib/python3.12/site-packages/airflow/example_dags/example_branch_datetime_operator.py for tasks to queue
[2025-08-25T12:53:35.280+0000] {logging_mixin.py:190} INFO - [2025-08-25T12:53:35.279+0000] {dagbag.py:588} INFO - Filling up the DagBag from /home/airflow/.local/lib/python3.12/site-packages/airflow/example_dags/example_branch_datetime_operator.py
[2025-08-25T12:53:35.293+0000] {processor.py:925} INFO - DAG(s) 'example_branch_datetime_operator_3', 'example_branch_datetime_operator', 'example_branch_datetime_operator_2' retrieved from /home/airflow/.local/lib/python3.12/site-packages/airflow/example_dags/example_branch_datetime_operator.py
[2025-08-25T12:53:35.339+0000] {logging_mixin.py:190} INFO - [2025-08-25T12:53:35.339+0000] {dag.py:3239} INFO - Sync 3 DAGs
[2025-08-25T12:53:35.370+0000] {logging_mixin.py:190} INFO - [2025-08-25T12:53:35.370+0000] {dag.py:4180} INFO - Setting next_dagrun for example_branch_datetime_operator to 2025-08-24 00:00:00+00:00, run_after=2025-08-25 00:00:00+00:00
[2025-08-25T12:53:35.375+0000] {logging_mixin.py:190} INFO - [2025-08-25T12:53:35.375+0000] {dag.py:4180} INFO - Setting next_dagrun for example_branch_datetime_operator_2 to 2025-08-24 00:00:00+00:00, run_after=2025-08-25 00:00:00+00:00
[2025-08-25T12:53:35.378+0000] {logging_mixin.py:190} INFO - [2025-08-25T12:53:35.378+0000] {dag.py:4180} INFO - Setting next_dagrun for example_branch_datetime_operator_3 to 2025-08-24 00:00:00+00:00, run_after=2025-08-25 00:00:00+00:00
[2025-08-25T12:53:35.402+0000] {processor.py:208} INFO - Processing /home/airflow/.local/lib/python3.12/site-packages/airflow/example_dags/example_branch_datetime_operator.py took 0.132 seconds
[2025-08-25T12:54:05.730+0000] {processor.py:186} INFO - Started process (PID=2429) to work on /home/airflow/.local/lib/python3.12/site-packages/airflow/example_dags/example_branch_datetime_operator.py
[2025-08-25T12:54:05.731+0000] {processor.py:914} INFO - Processing file /home/airflow/.local/lib/python3.12/site-packages/airflow/example_dags/example_branch_datetime_operator.py for tasks to queue
[2025-08-25T12:54:05.734+0000] {logging_mixin.py:190} INFO - [2025-08-25T12:54:05.733+0000] {dagbag.py:588} INFO - Filling up the DagBag from /home/airflow/.local/lib/python3.12/site-packages/airflow/example_dags/example_branch_datetime_operator.py
[2025-08-25T12:54:05.751+0000] {processor.py:925} INFO - DAG(s) 'example_branch_datetime_operator_3', 'example_branch_datetime_operator_2', 'example_branch_datetime_operator' retrieved from /home/airflow/.local/lib/python3.12/site-packages/airflow/example_dags/example_branch_datetime_operator.py
[2025-08-25T12:54:05.795+0000] {logging_mixin.py:190} INFO - [2025-08-25T12:54:05.795+0000] {dag.py:3239} INFO - Sync 3 DAGs
[2025-08-25T12:54:05.832+0000] {logging_mixin.py:190} INFO - [2025-08-25T12:54:05.831+0000] {dag.py:4180} INFO - Setting next_dagrun for example_branch_datetime_operator to 2025-08-24 00:00:00+00:00, run_after=2025-08-25 00:00:00+00:00
[2025-08-25T12:54:05.840+0000] {logging_mixin.py:190} INFO - [2025-08-25T12:54:05.840+0000] {dag.py:4180} INFO - Setting next_dagrun for example_branch_datetime_operator_2 to 2025-08-24 00:00:00+00:00, run_after=2025-08-25 00:00:00+00:00
[2025-08-25T12:54:05.844+0000] {logging_mixin.py:190} INFO - [2025-08-25T12:54:05.844+0000] {dag.py:4180} INFO - Setting next_dagrun for example_branch_datetime_operator_3 to 2025-08-24 00:00:00+00:00, run_after=2025-08-25 00:00:00+00:00
[2025-08-25T12:54:05.868+0000] {processor.py:208} INFO - Processing /home/airflow/.local/lib/python3.12/site-packages/airflow/example_dags/example_branch_datetime_operator.py took 0.147 seconds
[2025-08-25T12:54:36.034+0000] {processor.py:186} INFO - Started process (PID=2493) to work on /home/airflow/.local/lib/python3.12/site-packages/airflow/example_dags/example_branch_datetime_operator.py
[2025-08-25T12:54:36.036+0000] {processor.py:914} INFO - Processing file /home/airflow/.local/lib/python3.12/site-packages/airflow/example_dags/example_branch_datetime_operator.py for tasks to queue
[2025-08-25T12:54:36.038+0000] {logging_mixin.py:190} INFO - [2025-08-25T12:54:36.038+0000] {dagbag.py:588} INFO - Filling up the DagBag from /home/airflow/.local/lib/python3.12/site-packages/airflow/example_dags/example_branch_datetime_operator.py
[2025-08-25T12:54:36.050+0000] {processor.py:925} INFO - DAG(s) 'example_branch_datetime_operator', 'example_branch_datetime_operator_2', 'example_branch_datetime_operator_3' retrieved from /home/airflow/.local/lib/python3.12/site-packages/airflow/example_dags/example_branch_datetime_operator.py
[2025-08-25T12:54:36.093+0000] {logging_mixin.py:190} INFO - [2025-08-25T12:54:36.093+0000] {dag.py:3239} INFO - Sync 3 DAGs
[2025-08-25T12:54:36.128+0000] {logging_mixin.py:190} INFO - [2025-08-25T12:54:36.128+0000] {dag.py:4180} INFO - Setting next_dagrun for example_branch_datetime_operator to 2025-08-24 00:00:00+00:00, run_after=2025-08-25 00:00:00+00:00
[2025-08-25T12:54:36.136+0000] {logging_mixin.py:190} INFO - [2025-08-25T12:54:36.135+0000] {dag.py:4180} INFO - Setting next_dagrun for example_branch_datetime_operator_2 to 2025-08-24 00:00:00+00:00, run_after=2025-08-25 00:00:00+00:00
[2025-08-25T12:54:36.139+0000] {logging_mixin.py:190} INFO - [2025-08-25T12:54:36.139+0000] {dag.py:4180} INFO - Setting next_dagrun for example_branch_datetime_operator_3 to 2025-08-24 00:00:00+00:00, run_after=2025-08-25 00:00:00+00:00
[2025-08-25T12:54:36.165+0000] {processor.py:208} INFO - Processing /home/airflow/.local/lib/python3.12/site-packages/airflow/example_dags/example_branch_datetime_operator.py took 0.137 seconds
[2025-08-25T12:55:06.853+0000] {processor.py:186} INFO - Started process (PID=2557) to work on /home/airflow/.local/lib/python3.12/site-packages/airflow/example_dags/example_branch_datetime_operator.py
[2025-08-25T12:55:06.854+0000] {processor.py:914} INFO - Processing file /home/airflow/.local/lib/python3.12/site-packages/airflow/example_dags/example_branch_datetime_operator.py for tasks to queue
[2025-08-25T12:55:06.857+0000] {logging_mixin.py:190} INFO - [2025-08-25T12:55:06.857+0000] {dagbag.py:588} INFO - Filling up the DagBag from /home/airflow/.local/lib/python3.12/site-packages/airflow/example_dags/example_branch_datetime_operator.py
[2025-08-25T12:55:06.872+0000] {processor.py:925} INFO - DAG(s) 'example_branch_datetime_operator', 'example_branch_datetime_operator_2', 'example_branch_datetime_operator_3' retrieved from /home/airflow/.local/lib/python3.12/site-packages/airflow/example_dags/example_branch_datetime_operator.py
[2025-08-25T12:55:06.910+0000] {logging_mixin.py:190} INFO - [2025-08-25T12:55:06.910+0000] {dag.py:3239} INFO - Sync 3 DAGs
[2025-08-25T12:55:06.944+0000] {logging_mixin.py:190} INFO - [2025-08-25T12:55:06.944+0000] {dag.py:4180} INFO - Setting next_dagrun for example_branch_datetime_operator to 2025-08-24 00:00:00+00:00, run_after=2025-08-25 00:00:00+00:00
[2025-08-25T12:55:06.952+0000] {logging_mixin.py:190} INFO - [2025-08-25T12:55:06.952+0000] {dag.py:4180} INFO - Setting next_dagrun for example_branch_datetime_operator_2 to 2025-08-24 00:00:00+00:00, run_after=2025-08-25 00:00:00+00:00
[2025-08-25T12:55:06.956+0000] {logging_mixin.py:190} INFO - [2025-08-25T12:55:06.956+0000] {dag.py:4180} INFO - Setting next_dagrun for example_branch_datetime_operator_3 to 2025-08-24 00:00:00+00:00, run_after=2025-08-25 00:00:00+00:00
[2025-08-25T12:55:06.979+0000] {processor.py:208} INFO - Processing /home/airflow/.local/lib/python3.12/site-packages/airflow/example_dags/example_branch_datetime_operator.py took 0.134 seconds
[2025-08-25T12:55:37.151+0000] {processor.py:186} INFO - Started process (PID=2621) to work on /home/airflow/.local/lib/python3.12/site-packages/airflow/example_dags/example_branch_datetime_operator.py
[2025-08-25T12:55:37.153+0000] {processor.py:914} INFO - Processing file /home/airflow/.local/lib/python3.12/site-packages/airflow/example_dags/example_branch_datetime_operator.py for tasks to queue
[2025-08-25T12:55:37.157+0000] {logging_mixin.py:190} INFO - [2025-08-25T12:55:37.156+0000] {dagbag.py:588} INFO - Filling up the DagBag from /home/airflow/.local/lib/python3.12/site-packages/airflow/example_dags/example_branch_datetime_operator.py
[2025-08-25T12:55:37.171+0000] {processor.py:925} INFO - DAG(s) 'example_branch_datetime_operator_3', 'example_branch_datetime_operator_2', 'example_branch_datetime_operator' retrieved from /home/airflow/.local/lib/python3.12/site-packages/airflow/example_dags/example_branch_datetime_operator.py
[2025-08-25T12:55:37.220+0000] {logging_mixin.py:190} INFO - [2025-08-25T12:55:37.220+0000] {dag.py:3239} INFO - Sync 3 DAGs
[2025-08-25T12:55:37.262+0000] {logging_mixin.py:190} INFO - [2025-08-25T12:55:37.262+0000] {dag.py:4180} INFO - Setting next_dagrun for example_branch_datetime_operator to 2025-08-24 00:00:00+00:00, run_after=2025-08-25 00:00:00+00:00
[2025-08-25T12:55:37.270+0000] {logging_mixin.py:190} INFO - [2025-08-25T12:55:37.269+0000] {dag.py:4180} INFO - Setting next_dagrun for example_branch_datetime_operator_2 to 2025-08-24 00:00:00+00:00, run_after=2025-08-25 00:00:00+00:00
[2025-08-25T12:55:37.273+0000] {logging_mixin.py:190} INFO - [2025-08-25T12:55:37.273+0000] {dag.py:4180} INFO - Setting next_dagrun for example_branch_datetime_operator_3 to 2025-08-24 00:00:00+00:00, run_after=2025-08-25 00:00:00+00:00
[2025-08-25T12:55:37.292+0000] {processor.py:208} INFO - Processing /home/airflow/.local/lib/python3.12/site-packages/airflow/example_dags/example_branch_datetime_operator.py took 0.155 seconds
[2025-08-25T12:56:08.489+0000] {processor.py:186} INFO - Started process (PID=2685) to work on /home/airflow/.local/lib/python3.12/site-packages/airflow/example_dags/example_branch_datetime_operator.py
[2025-08-25T12:56:08.490+0000] {processor.py:914} INFO - Processing file /home/airflow/.local/lib/python3.12/site-packages/airflow/example_dags/example_branch_datetime_operator.py for tasks to queue
[2025-08-25T12:56:08.492+0000] {logging_mixin.py:190} INFO - [2025-08-25T12:56:08.491+0000] {dagbag.py:588} INFO - Filling up the DagBag from /home/airflow/.local/lib/python3.12/site-packages/airflow/example_dags/example_branch_datetime_operator.py
[2025-08-25T12:56:08.504+0000] {processor.py:925} INFO - DAG(s) 'example_branch_datetime_operator_2', 'example_branch_datetime_operator_3', 'example_branch_datetime_operator' retrieved from /home/airflow/.local/lib/python3.12/site-packages/airflow/example_dags/example_branch_datetime_operator.py
[2025-08-25T12:56:08.543+0000] {logging_mixin.py:190} INFO - [2025-08-25T12:56:08.543+0000] {dag.py:3239} INFO - Sync 3 DAGs
[2025-08-25T12:56:08.585+0000] {logging_mixin.py:190} INFO - [2025-08-25T12:56:08.585+0000] {dag.py:4180} INFO - Setting next_dagrun for example_branch_datetime_operator to 2025-08-24 00:00:00+00:00, run_after=2025-08-25 00:00:00+00:00
[2025-08-25T12:56:08.593+0000] {logging_mixin.py:190} INFO - [2025-08-25T12:56:08.592+0000] {dag.py:4180} INFO - Setting next_dagrun for example_branch_datetime_operator_2 to 2025-08-24 00:00:00+00:00, run_after=2025-08-25 00:00:00+00:00
[2025-08-25T12:56:08.597+0000] {logging_mixin.py:190} INFO - [2025-08-25T12:56:08.597+0000] {dag.py:4180} INFO - Setting next_dagrun for example_branch_datetime_operator_3 to 2025-08-24 00:00:00+00:00, run_after=2025-08-25 00:00:00+00:00
[2025-08-25T12:56:08.623+0000] {processor.py:208} INFO - Processing /home/airflow/.local/lib/python3.12/site-packages/airflow/example_dags/example_branch_datetime_operator.py took 0.140 seconds
[2025-08-25T12:56:39.666+0000] {processor.py:186} INFO - Started process (PID=2749) to work on /home/airflow/.local/lib/python3.12/site-packages/airflow/example_dags/example_branch_datetime_operator.py
[2025-08-25T12:56:39.668+0000] {processor.py:914} INFO - Processing file /home/airflow/.local/lib/python3.12/site-packages/airflow/example_dags/example_branch_datetime_operator.py for tasks to queue
[2025-08-25T12:56:39.670+0000] {logging_mixin.py:190} INFO - [2025-08-25T12:56:39.670+0000] {dagbag.py:588} INFO - Filling up the DagBag from /home/airflow/.local/lib/python3.12/site-packages/airflow/example_dags/example_branch_datetime_operator.py
[2025-08-25T12:56:39.684+0000] {processor.py:925} INFO - DAG(s) 'example_branch_datetime_operator_2', 'example_branch_datetime_operator_3', 'example_branch_datetime_operator' retrieved from /home/airflow/.local/lib/python3.12/site-packages/airflow/example_dags/example_branch_datetime_operator.py
[2025-08-25T12:56:39.718+0000] {logging_mixin.py:190} INFO - [2025-08-25T12:56:39.717+0000] {dag.py:3239} INFO - Sync 3 DAGs
[2025-08-25T12:56:39.746+0000] {logging_mixin.py:190} INFO - [2025-08-25T12:56:39.745+0000] {dag.py:4180} INFO - Setting next_dagrun for example_branch_datetime_operator to 2025-08-24 00:00:00+00:00, run_after=2025-08-25 00:00:00+00:00
[2025-08-25T12:56:39.752+0000] {logging_mixin.py:190} INFO - [2025-08-25T12:56:39.751+0000] {dag.py:4180} INFO - Setting next_dagrun for example_branch_datetime_operator_2 to 2025-08-24 00:00:00+00:00, run_after=2025-08-25 00:00:00+00:00
[2025-08-25T12:56:39.755+0000] {logging_mixin.py:190} INFO - [2025-08-25T12:56:39.754+0000] {dag.py:4180} INFO - Setting next_dagrun for example_branch_datetime_operator_3 to 2025-08-24 00:00:00+00:00, run_after=2025-08-25 00:00:00+00:00
[2025-08-25T12:56:39.774+0000] {processor.py:208} INFO - Processing /home/airflow/.local/lib/python3.12/site-packages/airflow/example_dags/example_branch_datetime_operator.py took 0.115 seconds
