[2025-08-25T12:35:33.029+0000] {processor.py:186} INFO - Started process (PID=83) to work on /home/airflow/.local/lib/python3.12/site-packages/airflow/example_dags/example_nested_branch_dag.py
[2025-08-25T12:35:33.030+0000] {processor.py:914} INFO - Processing file /home/airflow/.local/lib/python3.12/site-packages/airflow/example_dags/example_nested_branch_dag.py for tasks to queue
[2025-08-25T12:35:33.034+0000] {logging_mixin.py:190} INFO - [2025-08-25T12:35:33.033+0000] {dagbag.py:588} INFO - Filling up the DagBag from /home/airflow/.local/lib/python3.12/site-packages/airflow/example_dags/example_nested_branch_dag.py
[2025-08-25T12:35:33.055+0000] {processor.py:925} INFO - DAG(s) 'example_nested_branch_dag' retrieved from /home/airflow/.local/lib/python3.12/site-packages/airflow/example_dags/example_nested_branch_dag.py
[2025-08-25T12:35:33.199+0000] {logging_mixin.py:190} INFO - [2025-08-25T12:35:33.198+0000] {override.py:1900} INFO - Created Permission View: can read on DAG:example_nested_branch_dag
[2025-08-25T12:35:33.216+0000] {logging_mixin.py:190} INFO - [2025-08-25T12:35:33.215+0000] {override.py:1900} INFO - Created Permission View: can delete on DAG:example_nested_branch_dag
[2025-08-25T12:35:33.225+0000] {logging_mixin.py:190} INFO - [2025-08-25T12:35:33.225+0000] {override.py:1900} INFO - Created Permission View: can edit on DAG:example_nested_branch_dag
[2025-08-25T12:35:33.235+0000] {logging_mixin.py:190} INFO - [2025-08-25T12:35:33.234+0000] {override.py:1900} INFO - Created Permission View: can read on DAG Run:example_nested_branch_dag
[2025-08-25T12:35:33.245+0000] {logging_mixin.py:190} INFO - [2025-08-25T12:35:33.244+0000] {override.py:1900} INFO - Created Permission View: menu access on DAG Run:example_nested_branch_dag
[2025-08-25T12:35:33.254+0000] {logging_mixin.py:190} INFO - [2025-08-25T12:35:33.254+0000] {override.py:1900} INFO - Created Permission View: can delete on DAG Run:example_nested_branch_dag
[2025-08-25T12:35:33.264+0000] {logging_mixin.py:190} INFO - [2025-08-25T12:35:33.264+0000] {override.py:1900} INFO - Created Permission View: can create on DAG Run:example_nested_branch_dag
[2025-08-25T12:35:33.265+0000] {logging_mixin.py:190} INFO - [2025-08-25T12:35:33.265+0000] {dag.py:3239} INFO - Sync 1 DAGs
[2025-08-25T12:35:33.286+0000] {logging_mixin.py:190} INFO - [2025-08-25T12:35:33.285+0000] {dag.py:3262} INFO - Creating ORM DAG for example_nested_branch_dag
[2025-08-25T12:35:33.301+0000] {logging_mixin.py:190} INFO - [2025-08-25T12:35:33.301+0000] {dag.py:4180} INFO - Setting next_dagrun for example_nested_branch_dag to 2025-08-24 00:00:00+00:00, run_after=2025-08-25 00:00:00+00:00
[2025-08-25T12:35:33.323+0000] {processor.py:208} INFO - Processing /home/airflow/.local/lib/python3.12/site-packages/airflow/example_dags/example_nested_branch_dag.py took 0.304 seconds
[2025-08-25T12:36:03.418+0000] {processor.py:186} INFO - Started process (PID=147) to work on /home/airflow/.local/lib/python3.12/site-packages/airflow/example_dags/example_nested_branch_dag.py
[2025-08-25T12:36:03.420+0000] {processor.py:914} INFO - Processing file /home/airflow/.local/lib/python3.12/site-packages/airflow/example_dags/example_nested_branch_dag.py for tasks to queue
[2025-08-25T12:36:03.423+0000] {logging_mixin.py:190} INFO - [2025-08-25T12:36:03.423+0000] {dagbag.py:588} INFO - Filling up the DagBag from /home/airflow/.local/lib/python3.12/site-packages/airflow/example_dags/example_nested_branch_dag.py
[2025-08-25T12:36:03.444+0000] {processor.py:925} INFO - DAG(s) 'example_nested_branch_dag' retrieved from /home/airflow/.local/lib/python3.12/site-packages/airflow/example_dags/example_nested_branch_dag.py
[2025-08-25T12:36:03.478+0000] {logging_mixin.py:190} INFO - [2025-08-25T12:36:03.477+0000] {dag.py:3239} INFO - Sync 1 DAGs
[2025-08-25T12:36:03.517+0000] {logging_mixin.py:190} INFO - [2025-08-25T12:36:03.517+0000] {dag.py:4180} INFO - Setting next_dagrun for example_nested_branch_dag to 2025-08-24 00:00:00+00:00, run_after=2025-08-25 00:00:00+00:00
[2025-08-25T12:36:03.545+0000] {processor.py:208} INFO - Processing /home/airflow/.local/lib/python3.12/site-packages/airflow/example_dags/example_nested_branch_dag.py took 0.137 seconds
[2025-08-25T12:36:34.026+0000] {processor.py:186} INFO - Started process (PID=211) to work on /home/airflow/.local/lib/python3.12/site-packages/airflow/example_dags/example_nested_branch_dag.py
[2025-08-25T12:36:34.028+0000] {processor.py:914} INFO - Processing file /home/airflow/.local/lib/python3.12/site-packages/airflow/example_dags/example_nested_branch_dag.py for tasks to queue
[2025-08-25T12:36:34.030+0000] {logging_mixin.py:190} INFO - [2025-08-25T12:36:34.030+0000] {dagbag.py:588} INFO - Filling up the DagBag from /home/airflow/.local/lib/python3.12/site-packages/airflow/example_dags/example_nested_branch_dag.py
[2025-08-25T12:36:34.044+0000] {processor.py:925} INFO - DAG(s) 'example_nested_branch_dag' retrieved from /home/airflow/.local/lib/python3.12/site-packages/airflow/example_dags/example_nested_branch_dag.py
[2025-08-25T12:36:34.074+0000] {logging_mixin.py:190} INFO - [2025-08-25T12:36:34.074+0000] {dag.py:3239} INFO - Sync 1 DAGs
[2025-08-25T12:36:34.106+0000] {logging_mixin.py:190} INFO - [2025-08-25T12:36:34.105+0000] {dag.py:4180} INFO - Setting next_dagrun for example_nested_branch_dag to 2025-08-24 00:00:00+00:00, run_after=2025-08-25 00:00:00+00:00
[2025-08-25T12:36:34.130+0000] {processor.py:208} INFO - Processing /home/airflow/.local/lib/python3.12/site-packages/airflow/example_dags/example_nested_branch_dag.py took 0.112 seconds
[2025-08-25T12:37:04.898+0000] {processor.py:186} INFO - Started process (PID=275) to work on /home/airflow/.local/lib/python3.12/site-packages/airflow/example_dags/example_nested_branch_dag.py
[2025-08-25T12:37:04.899+0000] {processor.py:914} INFO - Processing file /home/airflow/.local/lib/python3.12/site-packages/airflow/example_dags/example_nested_branch_dag.py for tasks to queue
[2025-08-25T12:37:04.902+0000] {logging_mixin.py:190} INFO - [2025-08-25T12:37:04.901+0000] {dagbag.py:588} INFO - Filling up the DagBag from /home/airflow/.local/lib/python3.12/site-packages/airflow/example_dags/example_nested_branch_dag.py
[2025-08-25T12:37:04.915+0000] {processor.py:925} INFO - DAG(s) 'example_nested_branch_dag' retrieved from /home/airflow/.local/lib/python3.12/site-packages/airflow/example_dags/example_nested_branch_dag.py
[2025-08-25T12:37:04.944+0000] {logging_mixin.py:190} INFO - [2025-08-25T12:37:04.944+0000] {dag.py:3239} INFO - Sync 1 DAGs
[2025-08-25T12:37:04.975+0000] {logging_mixin.py:190} INFO - [2025-08-25T12:37:04.974+0000] {dag.py:4180} INFO - Setting next_dagrun for example_nested_branch_dag to 2025-08-24 00:00:00+00:00, run_after=2025-08-25 00:00:00+00:00
[2025-08-25T12:37:04.998+0000] {processor.py:208} INFO - Processing /home/airflow/.local/lib/python3.12/site-packages/airflow/example_dags/example_nested_branch_dag.py took 0.108 seconds
[2025-08-25T12:37:35.834+0000] {processor.py:186} INFO - Started process (PID=339) to work on /home/airflow/.local/lib/python3.12/site-packages/airflow/example_dags/example_nested_branch_dag.py
[2025-08-25T12:37:35.835+0000] {processor.py:914} INFO - Processing file /home/airflow/.local/lib/python3.12/site-packages/airflow/example_dags/example_nested_branch_dag.py for tasks to queue
[2025-08-25T12:37:35.838+0000] {logging_mixin.py:190} INFO - [2025-08-25T12:37:35.838+0000] {dagbag.py:588} INFO - Filling up the DagBag from /home/airflow/.local/lib/python3.12/site-packages/airflow/example_dags/example_nested_branch_dag.py
[2025-08-25T12:37:35.854+0000] {processor.py:925} INFO - DAG(s) 'example_nested_branch_dag' retrieved from /home/airflow/.local/lib/python3.12/site-packages/airflow/example_dags/example_nested_branch_dag.py
[2025-08-25T12:37:35.883+0000] {logging_mixin.py:190} INFO - [2025-08-25T12:37:35.883+0000] {dag.py:3239} INFO - Sync 1 DAGs
[2025-08-25T12:37:35.917+0000] {logging_mixin.py:190} INFO - [2025-08-25T12:37:35.917+0000] {dag.py:4180} INFO - Setting next_dagrun for example_nested_branch_dag to 2025-08-24 00:00:00+00:00, run_after=2025-08-25 00:00:00+00:00
[2025-08-25T12:37:35.941+0000] {processor.py:208} INFO - Processing /home/airflow/.local/lib/python3.12/site-packages/airflow/example_dags/example_nested_branch_dag.py took 0.115 seconds
[2025-08-25T12:38:06.259+0000] {processor.py:186} INFO - Started process (PID=403) to work on /home/airflow/.local/lib/python3.12/site-packages/airflow/example_dags/example_nested_branch_dag.py
[2025-08-25T12:38:06.260+0000] {processor.py:914} INFO - Processing file /home/airflow/.local/lib/python3.12/site-packages/airflow/example_dags/example_nested_branch_dag.py for tasks to queue
[2025-08-25T12:38:06.264+0000] {logging_mixin.py:190} INFO - [2025-08-25T12:38:06.263+0000] {dagbag.py:588} INFO - Filling up the DagBag from /home/airflow/.local/lib/python3.12/site-packages/airflow/example_dags/example_nested_branch_dag.py
[2025-08-25T12:38:06.280+0000] {processor.py:925} INFO - DAG(s) 'example_nested_branch_dag' retrieved from /home/airflow/.local/lib/python3.12/site-packages/airflow/example_dags/example_nested_branch_dag.py
[2025-08-25T12:38:06.314+0000] {logging_mixin.py:190} INFO - [2025-08-25T12:38:06.313+0000] {dag.py:3239} INFO - Sync 1 DAGs
[2025-08-25T12:38:06.348+0000] {logging_mixin.py:190} INFO - [2025-08-25T12:38:06.347+0000] {dag.py:4180} INFO - Setting next_dagrun for example_nested_branch_dag to 2025-08-24 00:00:00+00:00, run_after=2025-08-25 00:00:00+00:00
[2025-08-25T12:38:06.384+0000] {processor.py:208} INFO - Processing /home/airflow/.local/lib/python3.12/site-packages/airflow/example_dags/example_nested_branch_dag.py took 0.137 seconds
[2025-08-25T12:38:36.781+0000] {processor.py:186} INFO - Started process (PID=467) to work on /home/airflow/.local/lib/python3.12/site-packages/airflow/example_dags/example_nested_branch_dag.py
[2025-08-25T12:38:36.782+0000] {processor.py:914} INFO - Processing file /home/airflow/.local/lib/python3.12/site-packages/airflow/example_dags/example_nested_branch_dag.py for tasks to queue
[2025-08-25T12:38:36.784+0000] {logging_mixin.py:190} INFO - [2025-08-25T12:38:36.783+0000] {dagbag.py:588} INFO - Filling up the DagBag from /home/airflow/.local/lib/python3.12/site-packages/airflow/example_dags/example_nested_branch_dag.py
[2025-08-25T12:38:36.795+0000] {processor.py:925} INFO - DAG(s) 'example_nested_branch_dag' retrieved from /home/airflow/.local/lib/python3.12/site-packages/airflow/example_dags/example_nested_branch_dag.py
[2025-08-25T12:38:36.828+0000] {logging_mixin.py:190} INFO - [2025-08-25T12:38:36.828+0000] {dag.py:3239} INFO - Sync 1 DAGs
[2025-08-25T12:38:36.871+0000] {logging_mixin.py:190} INFO - [2025-08-25T12:38:36.870+0000] {dag.py:4180} INFO - Setting next_dagrun for example_nested_branch_dag to 2025-08-24 00:00:00+00:00, run_after=2025-08-25 00:00:00+00:00
[2025-08-25T12:38:36.895+0000] {processor.py:208} INFO - Processing /home/airflow/.local/lib/python3.12/site-packages/airflow/example_dags/example_nested_branch_dag.py took 0.120 seconds
[2025-08-25T12:39:07.253+0000] {processor.py:186} INFO - Started process (PID=531) to work on /home/airflow/.local/lib/python3.12/site-packages/airflow/example_dags/example_nested_branch_dag.py
[2025-08-25T12:39:07.254+0000] {processor.py:914} INFO - Processing file /home/airflow/.local/lib/python3.12/site-packages/airflow/example_dags/example_nested_branch_dag.py for tasks to queue
[2025-08-25T12:39:07.257+0000] {logging_mixin.py:190} INFO - [2025-08-25T12:39:07.256+0000] {dagbag.py:588} INFO - Filling up the DagBag from /home/airflow/.local/lib/python3.12/site-packages/airflow/example_dags/example_nested_branch_dag.py
[2025-08-25T12:39:07.271+0000] {processor.py:925} INFO - DAG(s) 'example_nested_branch_dag' retrieved from /home/airflow/.local/lib/python3.12/site-packages/airflow/example_dags/example_nested_branch_dag.py
[2025-08-25T12:39:07.300+0000] {logging_mixin.py:190} INFO - [2025-08-25T12:39:07.300+0000] {dag.py:3239} INFO - Sync 1 DAGs
[2025-08-25T12:39:07.335+0000] {logging_mixin.py:190} INFO - [2025-08-25T12:39:07.335+0000] {dag.py:4180} INFO - Setting next_dagrun for example_nested_branch_dag to 2025-08-24 00:00:00+00:00, run_after=2025-08-25 00:00:00+00:00
[2025-08-25T12:39:07.365+0000] {processor.py:208} INFO - Processing /home/airflow/.local/lib/python3.12/site-packages/airflow/example_dags/example_nested_branch_dag.py took 0.119 seconds
[2025-08-25T12:39:37.763+0000] {processor.py:186} INFO - Started process (PID=595) to work on /home/airflow/.local/lib/python3.12/site-packages/airflow/example_dags/example_nested_branch_dag.py
[2025-08-25T12:39:37.764+0000] {processor.py:914} INFO - Processing file /home/airflow/.local/lib/python3.12/site-packages/airflow/example_dags/example_nested_branch_dag.py for tasks to queue
[2025-08-25T12:39:37.766+0000] {logging_mixin.py:190} INFO - [2025-08-25T12:39:37.766+0000] {dagbag.py:588} INFO - Filling up the DagBag from /home/airflow/.local/lib/python3.12/site-packages/airflow/example_dags/example_nested_branch_dag.py
[2025-08-25T12:39:37.781+0000] {processor.py:925} INFO - DAG(s) 'example_nested_branch_dag' retrieved from /home/airflow/.local/lib/python3.12/site-packages/airflow/example_dags/example_nested_branch_dag.py
[2025-08-25T12:39:37.812+0000] {logging_mixin.py:190} INFO - [2025-08-25T12:39:37.812+0000] {dag.py:3239} INFO - Sync 1 DAGs
[2025-08-25T12:39:37.841+0000] {logging_mixin.py:190} INFO - [2025-08-25T12:39:37.840+0000] {dag.py:4180} INFO - Setting next_dagrun for example_nested_branch_dag to 2025-08-24 00:00:00+00:00, run_after=2025-08-25 00:00:00+00:00
[2025-08-25T12:39:37.864+0000] {processor.py:208} INFO - Processing /home/airflow/.local/lib/python3.12/site-packages/airflow/example_dags/example_nested_branch_dag.py took 0.109 seconds
[2025-08-25T12:40:08.103+0000] {processor.py:186} INFO - Started process (PID=659) to work on /home/airflow/.local/lib/python3.12/site-packages/airflow/example_dags/example_nested_branch_dag.py
[2025-08-25T12:40:08.105+0000] {processor.py:914} INFO - Processing file /home/airflow/.local/lib/python3.12/site-packages/airflow/example_dags/example_nested_branch_dag.py for tasks to queue
[2025-08-25T12:40:08.108+0000] {logging_mixin.py:190} INFO - [2025-08-25T12:40:08.107+0000] {dagbag.py:588} INFO - Filling up the DagBag from /home/airflow/.local/lib/python3.12/site-packages/airflow/example_dags/example_nested_branch_dag.py
[2025-08-25T12:40:08.131+0000] {processor.py:925} INFO - DAG(s) 'example_nested_branch_dag' retrieved from /home/airflow/.local/lib/python3.12/site-packages/airflow/example_dags/example_nested_branch_dag.py
[2025-08-25T12:40:08.169+0000] {logging_mixin.py:190} INFO - [2025-08-25T12:40:08.168+0000] {dag.py:3239} INFO - Sync 1 DAGs
[2025-08-25T12:40:08.214+0000] {logging_mixin.py:190} INFO - [2025-08-25T12:40:08.214+0000] {dag.py:4180} INFO - Setting next_dagrun for example_nested_branch_dag to 2025-08-24 00:00:00+00:00, run_after=2025-08-25 00:00:00+00:00
[2025-08-25T12:40:08.249+0000] {processor.py:208} INFO - Processing /home/airflow/.local/lib/python3.12/site-packages/airflow/example_dags/example_nested_branch_dag.py took 0.155 seconds
[2025-08-25T12:40:38.646+0000] {processor.py:186} INFO - Started process (PID=723) to work on /home/airflow/.local/lib/python3.12/site-packages/airflow/example_dags/example_nested_branch_dag.py
[2025-08-25T12:40:38.647+0000] {processor.py:914} INFO - Processing file /home/airflow/.local/lib/python3.12/site-packages/airflow/example_dags/example_nested_branch_dag.py for tasks to queue
[2025-08-25T12:40:38.651+0000] {logging_mixin.py:190} INFO - [2025-08-25T12:40:38.650+0000] {dagbag.py:588} INFO - Filling up the DagBag from /home/airflow/.local/lib/python3.12/site-packages/airflow/example_dags/example_nested_branch_dag.py
[2025-08-25T12:40:38.667+0000] {processor.py:925} INFO - DAG(s) 'example_nested_branch_dag' retrieved from /home/airflow/.local/lib/python3.12/site-packages/airflow/example_dags/example_nested_branch_dag.py
[2025-08-25T12:40:38.704+0000] {logging_mixin.py:190} INFO - [2025-08-25T12:40:38.704+0000] {dag.py:3239} INFO - Sync 1 DAGs
[2025-08-25T12:40:38.745+0000] {logging_mixin.py:190} INFO - [2025-08-25T12:40:38.744+0000] {dag.py:4180} INFO - Setting next_dagrun for example_nested_branch_dag to 2025-08-24 00:00:00+00:00, run_after=2025-08-25 00:00:00+00:00
[2025-08-25T12:40:38.775+0000] {processor.py:208} INFO - Processing /home/airflow/.local/lib/python3.12/site-packages/airflow/example_dags/example_nested_branch_dag.py took 0.140 seconds
[2025-08-25T12:41:09.847+0000] {processor.py:186} INFO - Started process (PID=790) to work on /home/airflow/.local/lib/python3.12/site-packages/airflow/example_dags/example_nested_branch_dag.py
[2025-08-25T12:41:09.849+0000] {processor.py:914} INFO - Processing file /home/airflow/.local/lib/python3.12/site-packages/airflow/example_dags/example_nested_branch_dag.py for tasks to queue
[2025-08-25T12:41:09.852+0000] {logging_mixin.py:190} INFO - [2025-08-25T12:41:09.852+0000] {dagbag.py:588} INFO - Filling up the DagBag from /home/airflow/.local/lib/python3.12/site-packages/airflow/example_dags/example_nested_branch_dag.py
[2025-08-25T12:41:09.877+0000] {processor.py:925} INFO - DAG(s) 'example_nested_branch_dag' retrieved from /home/airflow/.local/lib/python3.12/site-packages/airflow/example_dags/example_nested_branch_dag.py
[2025-08-25T12:41:09.926+0000] {logging_mixin.py:190} INFO - [2025-08-25T12:41:09.926+0000] {dag.py:3239} INFO - Sync 1 DAGs
[2025-08-25T12:41:09.963+0000] {logging_mixin.py:190} INFO - [2025-08-25T12:41:09.962+0000] {dag.py:4180} INFO - Setting next_dagrun for example_nested_branch_dag to 2025-08-24 00:00:00+00:00, run_after=2025-08-25 00:00:00+00:00
[2025-08-25T12:41:09.990+0000] {processor.py:208} INFO - Processing /home/airflow/.local/lib/python3.12/site-packages/airflow/example_dags/example_nested_branch_dag.py took 0.157 seconds
[2025-08-25T12:41:40.198+0000] {processor.py:186} INFO - Started process (PID=854) to work on /home/airflow/.local/lib/python3.12/site-packages/airflow/example_dags/example_nested_branch_dag.py
[2025-08-25T12:41:40.199+0000] {processor.py:914} INFO - Processing file /home/airflow/.local/lib/python3.12/site-packages/airflow/example_dags/example_nested_branch_dag.py for tasks to queue
[2025-08-25T12:41:40.201+0000] {logging_mixin.py:190} INFO - [2025-08-25T12:41:40.201+0000] {dagbag.py:588} INFO - Filling up the DagBag from /home/airflow/.local/lib/python3.12/site-packages/airflow/example_dags/example_nested_branch_dag.py
[2025-08-25T12:41:40.219+0000] {processor.py:925} INFO - DAG(s) 'example_nested_branch_dag' retrieved from /home/airflow/.local/lib/python3.12/site-packages/airflow/example_dags/example_nested_branch_dag.py
[2025-08-25T12:41:40.244+0000] {logging_mixin.py:190} INFO - [2025-08-25T12:41:40.244+0000] {dag.py:3239} INFO - Sync 1 DAGs
[2025-08-25T12:41:40.275+0000] {logging_mixin.py:190} INFO - [2025-08-25T12:41:40.274+0000] {dag.py:4180} INFO - Setting next_dagrun for example_nested_branch_dag to 2025-08-24 00:00:00+00:00, run_after=2025-08-25 00:00:00+00:00
[2025-08-25T12:41:40.302+0000] {processor.py:208} INFO - Processing /home/airflow/.local/lib/python3.12/site-packages/airflow/example_dags/example_nested_branch_dag.py took 0.111 seconds
[2025-08-25T12:42:10.902+0000] {processor.py:186} INFO - Started process (PID=918) to work on /home/airflow/.local/lib/python3.12/site-packages/airflow/example_dags/example_nested_branch_dag.py
[2025-08-25T12:42:10.904+0000] {processor.py:914} INFO - Processing file /home/airflow/.local/lib/python3.12/site-packages/airflow/example_dags/example_nested_branch_dag.py for tasks to queue
[2025-08-25T12:42:10.909+0000] {logging_mixin.py:190} INFO - [2025-08-25T12:42:10.908+0000] {dagbag.py:588} INFO - Filling up the DagBag from /home/airflow/.local/lib/python3.12/site-packages/airflow/example_dags/example_nested_branch_dag.py
[2025-08-25T12:42:10.935+0000] {processor.py:925} INFO - DAG(s) 'example_nested_branch_dag' retrieved from /home/airflow/.local/lib/python3.12/site-packages/airflow/example_dags/example_nested_branch_dag.py
[2025-08-25T12:42:10.984+0000] {logging_mixin.py:190} INFO - [2025-08-25T12:42:10.984+0000] {dag.py:3239} INFO - Sync 1 DAGs
[2025-08-25T12:42:11.035+0000] {logging_mixin.py:190} INFO - [2025-08-25T12:42:11.034+0000] {dag.py:4180} INFO - Setting next_dagrun for example_nested_branch_dag to 2025-08-24 00:00:00+00:00, run_after=2025-08-25 00:00:00+00:00
[2025-08-25T12:42:11.076+0000] {processor.py:208} INFO - Processing /home/airflow/.local/lib/python3.12/site-packages/airflow/example_dags/example_nested_branch_dag.py took 0.187 seconds
[2025-08-25T12:42:41.592+0000] {processor.py:186} INFO - Started process (PID=982) to work on /home/airflow/.local/lib/python3.12/site-packages/airflow/example_dags/example_nested_branch_dag.py
[2025-08-25T12:42:41.596+0000] {processor.py:914} INFO - Processing file /home/airflow/.local/lib/python3.12/site-packages/airflow/example_dags/example_nested_branch_dag.py for tasks to queue
[2025-08-25T12:42:41.601+0000] {logging_mixin.py:190} INFO - [2025-08-25T12:42:41.600+0000] {dagbag.py:588} INFO - Filling up the DagBag from /home/airflow/.local/lib/python3.12/site-packages/airflow/example_dags/example_nested_branch_dag.py
[2025-08-25T12:42:41.630+0000] {processor.py:925} INFO - DAG(s) 'example_nested_branch_dag' retrieved from /home/airflow/.local/lib/python3.12/site-packages/airflow/example_dags/example_nested_branch_dag.py
[2025-08-25T12:42:41.685+0000] {logging_mixin.py:190} INFO - [2025-08-25T12:42:41.684+0000] {dag.py:3239} INFO - Sync 1 DAGs
[2025-08-25T12:42:41.748+0000] {logging_mixin.py:190} INFO - [2025-08-25T12:42:41.747+0000] {dag.py:4180} INFO - Setting next_dagrun for example_nested_branch_dag to 2025-08-24 00:00:00+00:00, run_after=2025-08-25 00:00:00+00:00
[2025-08-25T12:42:41.792+0000] {processor.py:208} INFO - Processing /home/airflow/.local/lib/python3.12/site-packages/airflow/example_dags/example_nested_branch_dag.py took 0.213 seconds
[2025-08-25T12:43:12.212+0000] {processor.py:186} INFO - Started process (PID=1046) to work on /home/airflow/.local/lib/python3.12/site-packages/airflow/example_dags/example_nested_branch_dag.py
[2025-08-25T12:43:12.213+0000] {processor.py:914} INFO - Processing file /home/airflow/.local/lib/python3.12/site-packages/airflow/example_dags/example_nested_branch_dag.py for tasks to queue
[2025-08-25T12:43:12.216+0000] {logging_mixin.py:190} INFO - [2025-08-25T12:43:12.216+0000] {dagbag.py:588} INFO - Filling up the DagBag from /home/airflow/.local/lib/python3.12/site-packages/airflow/example_dags/example_nested_branch_dag.py
[2025-08-25T12:43:12.235+0000] {processor.py:925} INFO - DAG(s) 'example_nested_branch_dag' retrieved from /home/airflow/.local/lib/python3.12/site-packages/airflow/example_dags/example_nested_branch_dag.py
[2025-08-25T12:43:12.272+0000] {logging_mixin.py:190} INFO - [2025-08-25T12:43:12.272+0000] {dag.py:3239} INFO - Sync 1 DAGs
[2025-08-25T12:43:12.309+0000] {logging_mixin.py:190} INFO - [2025-08-25T12:43:12.308+0000] {dag.py:4180} INFO - Setting next_dagrun for example_nested_branch_dag to 2025-08-24 00:00:00+00:00, run_after=2025-08-25 00:00:00+00:00
[2025-08-25T12:43:12.335+0000] {processor.py:208} INFO - Processing /home/airflow/.local/lib/python3.12/site-packages/airflow/example_dags/example_nested_branch_dag.py took 0.132 seconds
[2025-08-25T12:43:43.470+0000] {processor.py:186} INFO - Started process (PID=1110) to work on /home/airflow/.local/lib/python3.12/site-packages/airflow/example_dags/example_nested_branch_dag.py
[2025-08-25T12:43:43.472+0000] {processor.py:914} INFO - Processing file /home/airflow/.local/lib/python3.12/site-packages/airflow/example_dags/example_nested_branch_dag.py for tasks to queue
[2025-08-25T12:43:43.475+0000] {logging_mixin.py:190} INFO - [2025-08-25T12:43:43.475+0000] {dagbag.py:588} INFO - Filling up the DagBag from /home/airflow/.local/lib/python3.12/site-packages/airflow/example_dags/example_nested_branch_dag.py
[2025-08-25T12:43:43.493+0000] {processor.py:925} INFO - DAG(s) 'example_nested_branch_dag' retrieved from /home/airflow/.local/lib/python3.12/site-packages/airflow/example_dags/example_nested_branch_dag.py
[2025-08-25T12:43:43.545+0000] {logging_mixin.py:190} INFO - [2025-08-25T12:43:43.545+0000] {dag.py:3239} INFO - Sync 1 DAGs
[2025-08-25T12:43:43.603+0000] {logging_mixin.py:190} INFO - [2025-08-25T12:43:43.603+0000] {dag.py:4180} INFO - Setting next_dagrun for example_nested_branch_dag to 2025-08-24 00:00:00+00:00, run_after=2025-08-25 00:00:00+00:00
[2025-08-25T12:43:43.642+0000] {processor.py:208} INFO - Processing /home/airflow/.local/lib/python3.12/site-packages/airflow/example_dags/example_nested_branch_dag.py took 0.182 seconds
[2025-08-25T12:44:13.778+0000] {processor.py:186} INFO - Started process (PID=1174) to work on /home/airflow/.local/lib/python3.12/site-packages/airflow/example_dags/example_nested_branch_dag.py
[2025-08-25T12:44:13.780+0000] {processor.py:914} INFO - Processing file /home/airflow/.local/lib/python3.12/site-packages/airflow/example_dags/example_nested_branch_dag.py for tasks to queue
[2025-08-25T12:44:13.784+0000] {logging_mixin.py:190} INFO - [2025-08-25T12:44:13.783+0000] {dagbag.py:588} INFO - Filling up the DagBag from /home/airflow/.local/lib/python3.12/site-packages/airflow/example_dags/example_nested_branch_dag.py
[2025-08-25T12:44:13.799+0000] {processor.py:925} INFO - DAG(s) 'example_nested_branch_dag' retrieved from /home/airflow/.local/lib/python3.12/site-packages/airflow/example_dags/example_nested_branch_dag.py
[2025-08-25T12:44:13.831+0000] {logging_mixin.py:190} INFO - [2025-08-25T12:44:13.831+0000] {dag.py:3239} INFO - Sync 1 DAGs
[2025-08-25T12:44:13.865+0000] {logging_mixin.py:190} INFO - [2025-08-25T12:44:13.864+0000] {dag.py:4180} INFO - Setting next_dagrun for example_nested_branch_dag to 2025-08-24 00:00:00+00:00, run_after=2025-08-25 00:00:00+00:00
[2025-08-25T12:44:13.893+0000] {processor.py:208} INFO - Processing /home/airflow/.local/lib/python3.12/site-packages/airflow/example_dags/example_nested_branch_dag.py took 0.127 seconds
[2025-08-25T12:44:43.943+0000] {processor.py:186} INFO - Started process (PID=1238) to work on /home/airflow/.local/lib/python3.12/site-packages/airflow/example_dags/example_nested_branch_dag.py
[2025-08-25T12:44:43.944+0000] {processor.py:914} INFO - Processing file /home/airflow/.local/lib/python3.12/site-packages/airflow/example_dags/example_nested_branch_dag.py for tasks to queue
[2025-08-25T12:44:43.946+0000] {logging_mixin.py:190} INFO - [2025-08-25T12:44:43.946+0000] {dagbag.py:588} INFO - Filling up the DagBag from /home/airflow/.local/lib/python3.12/site-packages/airflow/example_dags/example_nested_branch_dag.py
[2025-08-25T12:44:43.959+0000] {processor.py:925} INFO - DAG(s) 'example_nested_branch_dag' retrieved from /home/airflow/.local/lib/python3.12/site-packages/airflow/example_dags/example_nested_branch_dag.py
[2025-08-25T12:44:43.987+0000] {logging_mixin.py:190} INFO - [2025-08-25T12:44:43.986+0000] {dag.py:3239} INFO - Sync 1 DAGs
[2025-08-25T12:44:44.015+0000] {logging_mixin.py:190} INFO - [2025-08-25T12:44:44.015+0000] {dag.py:4180} INFO - Setting next_dagrun for example_nested_branch_dag to 2025-08-24 00:00:00+00:00, run_after=2025-08-25 00:00:00+00:00
[2025-08-25T12:44:44.037+0000] {processor.py:208} INFO - Processing /home/airflow/.local/lib/python3.12/site-packages/airflow/example_dags/example_nested_branch_dag.py took 0.101 seconds
[2025-08-25T12:45:14.580+0000] {processor.py:186} INFO - Started process (PID=1302) to work on /home/airflow/.local/lib/python3.12/site-packages/airflow/example_dags/example_nested_branch_dag.py
[2025-08-25T12:45:14.581+0000] {processor.py:914} INFO - Processing file /home/airflow/.local/lib/python3.12/site-packages/airflow/example_dags/example_nested_branch_dag.py for tasks to queue
[2025-08-25T12:45:14.584+0000] {logging_mixin.py:190} INFO - [2025-08-25T12:45:14.584+0000] {dagbag.py:588} INFO - Filling up the DagBag from /home/airflow/.local/lib/python3.12/site-packages/airflow/example_dags/example_nested_branch_dag.py
[2025-08-25T12:45:14.599+0000] {processor.py:925} INFO - DAG(s) 'example_nested_branch_dag' retrieved from /home/airflow/.local/lib/python3.12/site-packages/airflow/example_dags/example_nested_branch_dag.py
[2025-08-25T12:45:14.628+0000] {logging_mixin.py:190} INFO - [2025-08-25T12:45:14.628+0000] {dag.py:3239} INFO - Sync 1 DAGs
[2025-08-25T12:45:14.658+0000] {logging_mixin.py:190} INFO - [2025-08-25T12:45:14.657+0000] {dag.py:4180} INFO - Setting next_dagrun for example_nested_branch_dag to 2025-08-24 00:00:00+00:00, run_after=2025-08-25 00:00:00+00:00
[2025-08-25T12:45:14.677+0000] {processor.py:208} INFO - Processing /home/airflow/.local/lib/python3.12/site-packages/airflow/example_dags/example_nested_branch_dag.py took 0.106 seconds
[2025-08-25T12:45:45.276+0000] {processor.py:186} INFO - Started process (PID=1366) to work on /home/airflow/.local/lib/python3.12/site-packages/airflow/example_dags/example_nested_branch_dag.py
[2025-08-25T12:45:45.278+0000] {processor.py:914} INFO - Processing file /home/airflow/.local/lib/python3.12/site-packages/airflow/example_dags/example_nested_branch_dag.py for tasks to queue
[2025-08-25T12:45:45.281+0000] {logging_mixin.py:190} INFO - [2025-08-25T12:45:45.281+0000] {dagbag.py:588} INFO - Filling up the DagBag from /home/airflow/.local/lib/python3.12/site-packages/airflow/example_dags/example_nested_branch_dag.py
[2025-08-25T12:45:45.298+0000] {processor.py:925} INFO - DAG(s) 'example_nested_branch_dag' retrieved from /home/airflow/.local/lib/python3.12/site-packages/airflow/example_dags/example_nested_branch_dag.py
[2025-08-25T12:45:45.338+0000] {logging_mixin.py:190} INFO - [2025-08-25T12:45:45.337+0000] {dag.py:3239} INFO - Sync 1 DAGs
[2025-08-25T12:45:45.382+0000] {logging_mixin.py:190} INFO - [2025-08-25T12:45:45.382+0000] {dag.py:4180} INFO - Setting next_dagrun for example_nested_branch_dag to 2025-08-24 00:00:00+00:00, run_after=2025-08-25 00:00:00+00:00
[2025-08-25T12:45:45.427+0000] {processor.py:208} INFO - Processing /home/airflow/.local/lib/python3.12/site-packages/airflow/example_dags/example_nested_branch_dag.py took 0.161 seconds
[2025-08-25T12:46:15.524+0000] {processor.py:186} INFO - Started process (PID=1430) to work on /home/airflow/.local/lib/python3.12/site-packages/airflow/example_dags/example_nested_branch_dag.py
[2025-08-25T12:46:15.525+0000] {processor.py:914} INFO - Processing file /home/airflow/.local/lib/python3.12/site-packages/airflow/example_dags/example_nested_branch_dag.py for tasks to queue
[2025-08-25T12:46:15.529+0000] {logging_mixin.py:190} INFO - [2025-08-25T12:46:15.528+0000] {dagbag.py:588} INFO - Filling up the DagBag from /home/airflow/.local/lib/python3.12/site-packages/airflow/example_dags/example_nested_branch_dag.py
[2025-08-25T12:46:15.550+0000] {processor.py:925} INFO - DAG(s) 'example_nested_branch_dag' retrieved from /home/airflow/.local/lib/python3.12/site-packages/airflow/example_dags/example_nested_branch_dag.py
[2025-08-25T12:46:15.586+0000] {logging_mixin.py:190} INFO - [2025-08-25T12:46:15.586+0000] {dag.py:3239} INFO - Sync 1 DAGs
[2025-08-25T12:46:15.640+0000] {logging_mixin.py:190} INFO - [2025-08-25T12:46:15.640+0000] {dag.py:4180} INFO - Setting next_dagrun for example_nested_branch_dag to 2025-08-24 00:00:00+00:00, run_after=2025-08-25 00:00:00+00:00
[2025-08-25T12:46:15.671+0000] {processor.py:208} INFO - Processing /home/airflow/.local/lib/python3.12/site-packages/airflow/example_dags/example_nested_branch_dag.py took 0.156 seconds
[2025-08-25T12:46:46.323+0000] {processor.py:186} INFO - Started process (PID=1494) to work on /home/airflow/.local/lib/python3.12/site-packages/airflow/example_dags/example_nested_branch_dag.py
[2025-08-25T12:46:46.324+0000] {processor.py:914} INFO - Processing file /home/airflow/.local/lib/python3.12/site-packages/airflow/example_dags/example_nested_branch_dag.py for tasks to queue
[2025-08-25T12:46:46.327+0000] {logging_mixin.py:190} INFO - [2025-08-25T12:46:46.327+0000] {dagbag.py:588} INFO - Filling up the DagBag from /home/airflow/.local/lib/python3.12/site-packages/airflow/example_dags/example_nested_branch_dag.py
[2025-08-25T12:46:46.346+0000] {processor.py:925} INFO - DAG(s) 'example_nested_branch_dag' retrieved from /home/airflow/.local/lib/python3.12/site-packages/airflow/example_dags/example_nested_branch_dag.py
[2025-08-25T12:46:46.379+0000] {logging_mixin.py:190} INFO - [2025-08-25T12:46:46.379+0000] {dag.py:3239} INFO - Sync 1 DAGs
[2025-08-25T12:46:46.410+0000] {logging_mixin.py:190} INFO - [2025-08-25T12:46:46.410+0000] {dag.py:4180} INFO - Setting next_dagrun for example_nested_branch_dag to 2025-08-24 00:00:00+00:00, run_after=2025-08-25 00:00:00+00:00
[2025-08-25T12:46:46.435+0000] {processor.py:208} INFO - Processing /home/airflow/.local/lib/python3.12/site-packages/airflow/example_dags/example_nested_branch_dag.py took 0.122 seconds
[2025-08-25T12:47:16.772+0000] {processor.py:186} INFO - Started process (PID=1558) to work on /home/airflow/.local/lib/python3.12/site-packages/airflow/example_dags/example_nested_branch_dag.py
[2025-08-25T12:47:16.773+0000] {processor.py:914} INFO - Processing file /home/airflow/.local/lib/python3.12/site-packages/airflow/example_dags/example_nested_branch_dag.py for tasks to queue
[2025-08-25T12:47:16.776+0000] {logging_mixin.py:190} INFO - [2025-08-25T12:47:16.776+0000] {dagbag.py:588} INFO - Filling up the DagBag from /home/airflow/.local/lib/python3.12/site-packages/airflow/example_dags/example_nested_branch_dag.py
[2025-08-25T12:47:16.788+0000] {processor.py:925} INFO - DAG(s) 'example_nested_branch_dag' retrieved from /home/airflow/.local/lib/python3.12/site-packages/airflow/example_dags/example_nested_branch_dag.py
[2025-08-25T12:47:16.816+0000] {logging_mixin.py:190} INFO - [2025-08-25T12:47:16.816+0000] {dag.py:3239} INFO - Sync 1 DAGs
[2025-08-25T12:47:16.844+0000] {logging_mixin.py:190} INFO - [2025-08-25T12:47:16.844+0000] {dag.py:4180} INFO - Setting next_dagrun for example_nested_branch_dag to 2025-08-24 00:00:00+00:00, run_after=2025-08-25 00:00:00+00:00
[2025-08-25T12:47:16.870+0000] {processor.py:208} INFO - Processing /home/airflow/.local/lib/python3.12/site-packages/airflow/example_dags/example_nested_branch_dag.py took 0.105 seconds
[2025-08-25T12:47:47.282+0000] {processor.py:186} INFO - Started process (PID=1622) to work on /home/airflow/.local/lib/python3.12/site-packages/airflow/example_dags/example_nested_branch_dag.py
[2025-08-25T12:47:47.284+0000] {processor.py:914} INFO - Processing file /home/airflow/.local/lib/python3.12/site-packages/airflow/example_dags/example_nested_branch_dag.py for tasks to queue
[2025-08-25T12:47:47.288+0000] {logging_mixin.py:190} INFO - [2025-08-25T12:47:47.287+0000] {dagbag.py:588} INFO - Filling up the DagBag from /home/airflow/.local/lib/python3.12/site-packages/airflow/example_dags/example_nested_branch_dag.py
[2025-08-25T12:47:47.305+0000] {processor.py:925} INFO - DAG(s) 'example_nested_branch_dag' retrieved from /home/airflow/.local/lib/python3.12/site-packages/airflow/example_dags/example_nested_branch_dag.py
[2025-08-25T12:47:47.337+0000] {logging_mixin.py:190} INFO - [2025-08-25T12:47:47.336+0000] {dag.py:3239} INFO - Sync 1 DAGs
[2025-08-25T12:47:47.370+0000] {logging_mixin.py:190} INFO - [2025-08-25T12:47:47.369+0000] {dag.py:4180} INFO - Setting next_dagrun for example_nested_branch_dag to 2025-08-24 00:00:00+00:00, run_after=2025-08-25 00:00:00+00:00
[2025-08-25T12:47:47.396+0000] {processor.py:208} INFO - Processing /home/airflow/.local/lib/python3.12/site-packages/airflow/example_dags/example_nested_branch_dag.py took 0.123 seconds
[2025-08-25T12:48:17.853+0000] {processor.py:186} INFO - Started process (PID=1686) to work on /home/airflow/.local/lib/python3.12/site-packages/airflow/example_dags/example_nested_branch_dag.py
[2025-08-25T12:48:17.854+0000] {processor.py:914} INFO - Processing file /home/airflow/.local/lib/python3.12/site-packages/airflow/example_dags/example_nested_branch_dag.py for tasks to queue
[2025-08-25T12:48:17.857+0000] {logging_mixin.py:190} INFO - [2025-08-25T12:48:17.857+0000] {dagbag.py:588} INFO - Filling up the DagBag from /home/airflow/.local/lib/python3.12/site-packages/airflow/example_dags/example_nested_branch_dag.py
[2025-08-25T12:48:17.871+0000] {processor.py:925} INFO - DAG(s) 'example_nested_branch_dag' retrieved from /home/airflow/.local/lib/python3.12/site-packages/airflow/example_dags/example_nested_branch_dag.py
[2025-08-25T12:48:17.899+0000] {logging_mixin.py:190} INFO - [2025-08-25T12:48:17.898+0000] {dag.py:3239} INFO - Sync 1 DAGs
[2025-08-25T12:48:17.929+0000] {logging_mixin.py:190} INFO - [2025-08-25T12:48:17.928+0000] {dag.py:4180} INFO - Setting next_dagrun for example_nested_branch_dag to 2025-08-24 00:00:00+00:00, run_after=2025-08-25 00:00:00+00:00
[2025-08-25T12:48:17.954+0000] {processor.py:208} INFO - Processing /home/airflow/.local/lib/python3.12/site-packages/airflow/example_dags/example_nested_branch_dag.py took 0.108 seconds
[2025-08-25T12:48:48.349+0000] {processor.py:186} INFO - Started process (PID=1750) to work on /home/airflow/.local/lib/python3.12/site-packages/airflow/example_dags/example_nested_branch_dag.py
[2025-08-25T12:48:48.350+0000] {processor.py:914} INFO - Processing file /home/airflow/.local/lib/python3.12/site-packages/airflow/example_dags/example_nested_branch_dag.py for tasks to queue
[2025-08-25T12:48:48.353+0000] {logging_mixin.py:190} INFO - [2025-08-25T12:48:48.353+0000] {dagbag.py:588} INFO - Filling up the DagBag from /home/airflow/.local/lib/python3.12/site-packages/airflow/example_dags/example_nested_branch_dag.py
[2025-08-25T12:48:48.367+0000] {processor.py:925} INFO - DAG(s) 'example_nested_branch_dag' retrieved from /home/airflow/.local/lib/python3.12/site-packages/airflow/example_dags/example_nested_branch_dag.py
[2025-08-25T12:48:48.395+0000] {logging_mixin.py:190} INFO - [2025-08-25T12:48:48.395+0000] {dag.py:3239} INFO - Sync 1 DAGs
[2025-08-25T12:48:48.430+0000] {logging_mixin.py:190} INFO - [2025-08-25T12:48:48.430+0000] {dag.py:4180} INFO - Setting next_dagrun for example_nested_branch_dag to 2025-08-24 00:00:00+00:00, run_after=2025-08-25 00:00:00+00:00
[2025-08-25T12:48:48.456+0000] {processor.py:208} INFO - Processing /home/airflow/.local/lib/python3.12/site-packages/airflow/example_dags/example_nested_branch_dag.py took 0.116 seconds
[2025-08-25T12:49:18.870+0000] {processor.py:186} INFO - Started process (PID=1814) to work on /home/airflow/.local/lib/python3.12/site-packages/airflow/example_dags/example_nested_branch_dag.py
[2025-08-25T12:49:18.871+0000] {processor.py:914} INFO - Processing file /home/airflow/.local/lib/python3.12/site-packages/airflow/example_dags/example_nested_branch_dag.py for tasks to queue
[2025-08-25T12:49:18.873+0000] {logging_mixin.py:190} INFO - [2025-08-25T12:49:18.873+0000] {dagbag.py:588} INFO - Filling up the DagBag from /home/airflow/.local/lib/python3.12/site-packages/airflow/example_dags/example_nested_branch_dag.py
[2025-08-25T12:49:18.885+0000] {processor.py:925} INFO - DAG(s) 'example_nested_branch_dag' retrieved from /home/airflow/.local/lib/python3.12/site-packages/airflow/example_dags/example_nested_branch_dag.py
[2025-08-25T12:49:18.934+0000] {logging_mixin.py:190} INFO - [2025-08-25T12:49:18.933+0000] {dag.py:3239} INFO - Sync 1 DAGs
[2025-08-25T12:49:18.967+0000] {logging_mixin.py:190} INFO - [2025-08-25T12:49:18.967+0000] {dag.py:4180} INFO - Setting next_dagrun for example_nested_branch_dag to 2025-08-24 00:00:00+00:00, run_after=2025-08-25 00:00:00+00:00
[2025-08-25T12:49:18.988+0000] {processor.py:208} INFO - Processing /home/airflow/.local/lib/python3.12/site-packages/airflow/example_dags/example_nested_branch_dag.py took 0.124 seconds
[2025-08-25T12:49:49.534+0000] {processor.py:186} INFO - Started process (PID=1878) to work on /home/airflow/.local/lib/python3.12/site-packages/airflow/example_dags/example_nested_branch_dag.py
[2025-08-25T12:49:49.535+0000] {processor.py:914} INFO - Processing file /home/airflow/.local/lib/python3.12/site-packages/airflow/example_dags/example_nested_branch_dag.py for tasks to queue
[2025-08-25T12:49:49.538+0000] {logging_mixin.py:190} INFO - [2025-08-25T12:49:49.538+0000] {dagbag.py:588} INFO - Filling up the DagBag from /home/airflow/.local/lib/python3.12/site-packages/airflow/example_dags/example_nested_branch_dag.py
[2025-08-25T12:49:49.552+0000] {processor.py:925} INFO - DAG(s) 'example_nested_branch_dag' retrieved from /home/airflow/.local/lib/python3.12/site-packages/airflow/example_dags/example_nested_branch_dag.py
[2025-08-25T12:49:49.581+0000] {logging_mixin.py:190} INFO - [2025-08-25T12:49:49.581+0000] {dag.py:3239} INFO - Sync 1 DAGs
[2025-08-25T12:49:49.611+0000] {logging_mixin.py:190} INFO - [2025-08-25T12:49:49.610+0000] {dag.py:4180} INFO - Setting next_dagrun for example_nested_branch_dag to 2025-08-24 00:00:00+00:00, run_after=2025-08-25 00:00:00+00:00
[2025-08-25T12:49:49.634+0000] {processor.py:208} INFO - Processing /home/airflow/.local/lib/python3.12/site-packages/airflow/example_dags/example_nested_branch_dag.py took 0.107 seconds
[2025-08-25T12:50:20.508+0000] {processor.py:186} INFO - Started process (PID=1942) to work on /home/airflow/.local/lib/python3.12/site-packages/airflow/example_dags/example_nested_branch_dag.py
[2025-08-25T12:50:20.509+0000] {processor.py:914} INFO - Processing file /home/airflow/.local/lib/python3.12/site-packages/airflow/example_dags/example_nested_branch_dag.py for tasks to queue
[2025-08-25T12:50:20.512+0000] {logging_mixin.py:190} INFO - [2025-08-25T12:50:20.511+0000] {dagbag.py:588} INFO - Filling up the DagBag from /home/airflow/.local/lib/python3.12/site-packages/airflow/example_dags/example_nested_branch_dag.py
[2025-08-25T12:50:20.525+0000] {processor.py:925} INFO - DAG(s) 'example_nested_branch_dag' retrieved from /home/airflow/.local/lib/python3.12/site-packages/airflow/example_dags/example_nested_branch_dag.py
[2025-08-25T12:50:20.559+0000] {logging_mixin.py:190} INFO - [2025-08-25T12:50:20.558+0000] {dag.py:3239} INFO - Sync 1 DAGs
[2025-08-25T12:50:20.594+0000] {logging_mixin.py:190} INFO - [2025-08-25T12:50:20.593+0000] {dag.py:4180} INFO - Setting next_dagrun for example_nested_branch_dag to 2025-08-24 00:00:00+00:00, run_after=2025-08-25 00:00:00+00:00
[2025-08-25T12:50:20.624+0000] {processor.py:208} INFO - Processing /home/airflow/.local/lib/python3.12/site-packages/airflow/example_dags/example_nested_branch_dag.py took 0.128 seconds
[2025-08-25T12:50:50.968+0000] {processor.py:186} INFO - Started process (PID=2006) to work on /home/airflow/.local/lib/python3.12/site-packages/airflow/example_dags/example_nested_branch_dag.py
[2025-08-25T12:50:50.969+0000] {processor.py:914} INFO - Processing file /home/airflow/.local/lib/python3.12/site-packages/airflow/example_dags/example_nested_branch_dag.py for tasks to queue
[2025-08-25T12:50:50.972+0000] {logging_mixin.py:190} INFO - [2025-08-25T12:50:50.972+0000] {dagbag.py:588} INFO - Filling up the DagBag from /home/airflow/.local/lib/python3.12/site-packages/airflow/example_dags/example_nested_branch_dag.py
[2025-08-25T12:50:50.985+0000] {processor.py:925} INFO - DAG(s) 'example_nested_branch_dag' retrieved from /home/airflow/.local/lib/python3.12/site-packages/airflow/example_dags/example_nested_branch_dag.py
[2025-08-25T12:50:51.014+0000] {logging_mixin.py:190} INFO - [2025-08-25T12:50:51.014+0000] {dag.py:3239} INFO - Sync 1 DAGs
[2025-08-25T12:50:51.041+0000] {logging_mixin.py:190} INFO - [2025-08-25T12:50:51.041+0000] {dag.py:4180} INFO - Setting next_dagrun for example_nested_branch_dag to 2025-08-24 00:00:00+00:00, run_after=2025-08-25 00:00:00+00:00
[2025-08-25T12:50:51.064+0000] {processor.py:208} INFO - Processing /home/airflow/.local/lib/python3.12/site-packages/airflow/example_dags/example_nested_branch_dag.py took 0.104 seconds
[2025-08-25T12:51:22.171+0000] {processor.py:186} INFO - Started process (PID=2070) to work on /home/airflow/.local/lib/python3.12/site-packages/airflow/example_dags/example_nested_branch_dag.py
[2025-08-25T12:51:22.172+0000] {processor.py:914} INFO - Processing file /home/airflow/.local/lib/python3.12/site-packages/airflow/example_dags/example_nested_branch_dag.py for tasks to queue
[2025-08-25T12:51:22.176+0000] {logging_mixin.py:190} INFO - [2025-08-25T12:51:22.175+0000] {dagbag.py:588} INFO - Filling up the DagBag from /home/airflow/.local/lib/python3.12/site-packages/airflow/example_dags/example_nested_branch_dag.py
[2025-08-25T12:51:22.198+0000] {processor.py:925} INFO - DAG(s) 'example_nested_branch_dag' retrieved from /home/airflow/.local/lib/python3.12/site-packages/airflow/example_dags/example_nested_branch_dag.py
[2025-08-25T12:51:22.254+0000] {logging_mixin.py:190} INFO - [2025-08-25T12:51:22.253+0000] {dag.py:3239} INFO - Sync 1 DAGs
[2025-08-25T12:51:22.312+0000] {logging_mixin.py:190} INFO - [2025-08-25T12:51:22.311+0000] {dag.py:4180} INFO - Setting next_dagrun for example_nested_branch_dag to 2025-08-24 00:00:00+00:00, run_after=2025-08-25 00:00:00+00:00
[2025-08-25T12:51:22.354+0000] {processor.py:208} INFO - Processing /home/airflow/.local/lib/python3.12/site-packages/airflow/example_dags/example_nested_branch_dag.py took 0.197 seconds
[2025-08-25T12:51:53.050+0000] {processor.py:186} INFO - Started process (PID=2134) to work on /home/airflow/.local/lib/python3.12/site-packages/airflow/example_dags/example_nested_branch_dag.py
[2025-08-25T12:51:53.052+0000] {processor.py:914} INFO - Processing file /home/airflow/.local/lib/python3.12/site-packages/airflow/example_dags/example_nested_branch_dag.py for tasks to queue
[2025-08-25T12:51:53.056+0000] {logging_mixin.py:190} INFO - [2025-08-25T12:51:53.055+0000] {dagbag.py:588} INFO - Filling up the DagBag from /home/airflow/.local/lib/python3.12/site-packages/airflow/example_dags/example_nested_branch_dag.py
[2025-08-25T12:51:53.077+0000] {processor.py:925} INFO - DAG(s) 'example_nested_branch_dag' retrieved from /home/airflow/.local/lib/python3.12/site-packages/airflow/example_dags/example_nested_branch_dag.py
[2025-08-25T12:51:53.127+0000] {logging_mixin.py:190} INFO - [2025-08-25T12:51:53.126+0000] {dag.py:3239} INFO - Sync 1 DAGs
[2025-08-25T12:51:53.166+0000] {logging_mixin.py:190} INFO - [2025-08-25T12:51:53.165+0000] {dag.py:4180} INFO - Setting next_dagrun for example_nested_branch_dag to 2025-08-24 00:00:00+00:00, run_after=2025-08-25 00:00:00+00:00
[2025-08-25T12:51:53.195+0000] {processor.py:208} INFO - Processing /home/airflow/.local/lib/python3.12/site-packages/airflow/example_dags/example_nested_branch_dag.py took 0.157 seconds
[2025-08-25T12:52:23.839+0000] {processor.py:186} INFO - Started process (PID=2198) to work on /home/airflow/.local/lib/python3.12/site-packages/airflow/example_dags/example_nested_branch_dag.py
[2025-08-25T12:52:23.841+0000] {processor.py:914} INFO - Processing file /home/airflow/.local/lib/python3.12/site-packages/airflow/example_dags/example_nested_branch_dag.py for tasks to queue
[2025-08-25T12:52:23.844+0000] {logging_mixin.py:190} INFO - [2025-08-25T12:52:23.844+0000] {dagbag.py:588} INFO - Filling up the DagBag from /home/airflow/.local/lib/python3.12/site-packages/airflow/example_dags/example_nested_branch_dag.py
[2025-08-25T12:52:23.859+0000] {processor.py:925} INFO - DAG(s) 'example_nested_branch_dag' retrieved from /home/airflow/.local/lib/python3.12/site-packages/airflow/example_dags/example_nested_branch_dag.py
[2025-08-25T12:52:23.898+0000] {logging_mixin.py:190} INFO - [2025-08-25T12:52:23.897+0000] {dag.py:3239} INFO - Sync 1 DAGs
[2025-08-25T12:52:23.938+0000] {logging_mixin.py:190} INFO - [2025-08-25T12:52:23.938+0000] {dag.py:4180} INFO - Setting next_dagrun for example_nested_branch_dag to 2025-08-24 00:00:00+00:00, run_after=2025-08-25 00:00:00+00:00
[2025-08-25T12:52:23.970+0000] {processor.py:208} INFO - Processing /home/airflow/.local/lib/python3.12/site-packages/airflow/example_dags/example_nested_branch_dag.py took 0.140 seconds
[2025-08-25T12:52:54.294+0000] {processor.py:186} INFO - Started process (PID=2262) to work on /home/airflow/.local/lib/python3.12/site-packages/airflow/example_dags/example_nested_branch_dag.py
[2025-08-25T12:52:54.295+0000] {processor.py:914} INFO - Processing file /home/airflow/.local/lib/python3.12/site-packages/airflow/example_dags/example_nested_branch_dag.py for tasks to queue
[2025-08-25T12:52:54.299+0000] {logging_mixin.py:190} INFO - [2025-08-25T12:52:54.299+0000] {dagbag.py:588} INFO - Filling up the DagBag from /home/airflow/.local/lib/python3.12/site-packages/airflow/example_dags/example_nested_branch_dag.py
[2025-08-25T12:52:54.316+0000] {processor.py:925} INFO - DAG(s) 'example_nested_branch_dag' retrieved from /home/airflow/.local/lib/python3.12/site-packages/airflow/example_dags/example_nested_branch_dag.py
[2025-08-25T12:52:54.352+0000] {logging_mixin.py:190} INFO - [2025-08-25T12:52:54.352+0000] {dag.py:3239} INFO - Sync 1 DAGs
[2025-08-25T12:52:54.395+0000] {logging_mixin.py:190} INFO - [2025-08-25T12:52:54.394+0000] {dag.py:4180} INFO - Setting next_dagrun for example_nested_branch_dag to 2025-08-24 00:00:00+00:00, run_after=2025-08-25 00:00:00+00:00
[2025-08-25T12:52:54.420+0000] {processor.py:208} INFO - Processing /home/airflow/.local/lib/python3.12/site-packages/airflow/example_dags/example_nested_branch_dag.py took 0.138 seconds
[2025-08-25T12:53:25.176+0000] {processor.py:186} INFO - Started process (PID=2326) to work on /home/airflow/.local/lib/python3.12/site-packages/airflow/example_dags/example_nested_branch_dag.py
[2025-08-25T12:53:25.178+0000] {processor.py:914} INFO - Processing file /home/airflow/.local/lib/python3.12/site-packages/airflow/example_dags/example_nested_branch_dag.py for tasks to queue
[2025-08-25T12:53:25.182+0000] {logging_mixin.py:190} INFO - [2025-08-25T12:53:25.181+0000] {dagbag.py:588} INFO - Filling up the DagBag from /home/airflow/.local/lib/python3.12/site-packages/airflow/example_dags/example_nested_branch_dag.py
[2025-08-25T12:53:25.202+0000] {processor.py:925} INFO - DAG(s) 'example_nested_branch_dag' retrieved from /home/airflow/.local/lib/python3.12/site-packages/airflow/example_dags/example_nested_branch_dag.py
[2025-08-25T12:53:25.233+0000] {logging_mixin.py:190} INFO - [2025-08-25T12:53:25.233+0000] {dag.py:3239} INFO - Sync 1 DAGs
[2025-08-25T12:53:25.268+0000] {logging_mixin.py:190} INFO - [2025-08-25T12:53:25.267+0000] {dag.py:4180} INFO - Setting next_dagrun for example_nested_branch_dag to 2025-08-24 00:00:00+00:00, run_after=2025-08-25 00:00:00+00:00
[2025-08-25T12:53:25.295+0000] {processor.py:208} INFO - Processing /home/airflow/.local/lib/python3.12/site-packages/airflow/example_dags/example_nested_branch_dag.py took 0.131 seconds
[2025-08-25T12:53:55.701+0000] {processor.py:186} INFO - Started process (PID=2390) to work on /home/airflow/.local/lib/python3.12/site-packages/airflow/example_dags/example_nested_branch_dag.py
[2025-08-25T12:53:55.704+0000] {processor.py:914} INFO - Processing file /home/airflow/.local/lib/python3.12/site-packages/airflow/example_dags/example_nested_branch_dag.py for tasks to queue
[2025-08-25T12:53:55.707+0000] {logging_mixin.py:190} INFO - [2025-08-25T12:53:55.707+0000] {dagbag.py:588} INFO - Filling up the DagBag from /home/airflow/.local/lib/python3.12/site-packages/airflow/example_dags/example_nested_branch_dag.py
[2025-08-25T12:53:55.728+0000] {processor.py:925} INFO - DAG(s) 'example_nested_branch_dag' retrieved from /home/airflow/.local/lib/python3.12/site-packages/airflow/example_dags/example_nested_branch_dag.py
[2025-08-25T12:53:55.763+0000] {logging_mixin.py:190} INFO - [2025-08-25T12:53:55.762+0000] {dag.py:3239} INFO - Sync 1 DAGs
[2025-08-25T12:53:55.805+0000] {logging_mixin.py:190} INFO - [2025-08-25T12:53:55.805+0000] {dag.py:4180} INFO - Setting next_dagrun for example_nested_branch_dag to 2025-08-24 00:00:00+00:00, run_after=2025-08-25 00:00:00+00:00
[2025-08-25T12:53:55.834+0000] {processor.py:208} INFO - Processing /home/airflow/.local/lib/python3.12/site-packages/airflow/example_dags/example_nested_branch_dag.py took 0.143 seconds
[2025-08-25T12:54:26.593+0000] {processor.py:186} INFO - Started process (PID=2454) to work on /home/airflow/.local/lib/python3.12/site-packages/airflow/example_dags/example_nested_branch_dag.py
[2025-08-25T12:54:26.594+0000] {processor.py:914} INFO - Processing file /home/airflow/.local/lib/python3.12/site-packages/airflow/example_dags/example_nested_branch_dag.py for tasks to queue
[2025-08-25T12:54:26.597+0000] {logging_mixin.py:190} INFO - [2025-08-25T12:54:26.596+0000] {dagbag.py:588} INFO - Filling up the DagBag from /home/airflow/.local/lib/python3.12/site-packages/airflow/example_dags/example_nested_branch_dag.py
[2025-08-25T12:54:26.611+0000] {processor.py:925} INFO - DAG(s) 'example_nested_branch_dag' retrieved from /home/airflow/.local/lib/python3.12/site-packages/airflow/example_dags/example_nested_branch_dag.py
[2025-08-25T12:54:26.647+0000] {logging_mixin.py:190} INFO - [2025-08-25T12:54:26.646+0000] {dag.py:3239} INFO - Sync 1 DAGs
[2025-08-25T12:54:26.683+0000] {logging_mixin.py:190} INFO - [2025-08-25T12:54:26.682+0000] {dag.py:4180} INFO - Setting next_dagrun for example_nested_branch_dag to 2025-08-24 00:00:00+00:00, run_after=2025-08-25 00:00:00+00:00
[2025-08-25T12:54:26.712+0000] {processor.py:208} INFO - Processing /home/airflow/.local/lib/python3.12/site-packages/airflow/example_dags/example_nested_branch_dag.py took 0.127 seconds
[2025-08-25T12:54:57.662+0000] {processor.py:186} INFO - Started process (PID=2518) to work on /home/airflow/.local/lib/python3.12/site-packages/airflow/example_dags/example_nested_branch_dag.py
[2025-08-25T12:54:57.663+0000] {processor.py:914} INFO - Processing file /home/airflow/.local/lib/python3.12/site-packages/airflow/example_dags/example_nested_branch_dag.py for tasks to queue
[2025-08-25T12:54:57.667+0000] {logging_mixin.py:190} INFO - [2025-08-25T12:54:57.666+0000] {dagbag.py:588} INFO - Filling up the DagBag from /home/airflow/.local/lib/python3.12/site-packages/airflow/example_dags/example_nested_branch_dag.py
[2025-08-25T12:54:57.686+0000] {processor.py:925} INFO - DAG(s) 'example_nested_branch_dag' retrieved from /home/airflow/.local/lib/python3.12/site-packages/airflow/example_dags/example_nested_branch_dag.py
[2025-08-25T12:54:57.726+0000] {logging_mixin.py:190} INFO - [2025-08-25T12:54:57.726+0000] {dag.py:3239} INFO - Sync 1 DAGs
[2025-08-25T12:54:57.769+0000] {logging_mixin.py:190} INFO - [2025-08-25T12:54:57.768+0000] {dag.py:4180} INFO - Setting next_dagrun for example_nested_branch_dag to 2025-08-24 00:00:00+00:00, run_after=2025-08-25 00:00:00+00:00
[2025-08-25T12:54:57.798+0000] {processor.py:208} INFO - Processing /home/airflow/.local/lib/python3.12/site-packages/airflow/example_dags/example_nested_branch_dag.py took 0.145 seconds
[2025-08-25T12:55:28.393+0000] {processor.py:186} INFO - Started process (PID=2582) to work on /home/airflow/.local/lib/python3.12/site-packages/airflow/example_dags/example_nested_branch_dag.py
[2025-08-25T12:55:28.395+0000] {processor.py:914} INFO - Processing file /home/airflow/.local/lib/python3.12/site-packages/airflow/example_dags/example_nested_branch_dag.py for tasks to queue
[2025-08-25T12:55:28.398+0000] {logging_mixin.py:190} INFO - [2025-08-25T12:55:28.397+0000] {dagbag.py:588} INFO - Filling up the DagBag from /home/airflow/.local/lib/python3.12/site-packages/airflow/example_dags/example_nested_branch_dag.py
[2025-08-25T12:55:28.416+0000] {processor.py:925} INFO - DAG(s) 'example_nested_branch_dag' retrieved from /home/airflow/.local/lib/python3.12/site-packages/airflow/example_dags/example_nested_branch_dag.py
[2025-08-25T12:55:28.449+0000] {logging_mixin.py:190} INFO - [2025-08-25T12:55:28.449+0000] {dag.py:3239} INFO - Sync 1 DAGs
[2025-08-25T12:55:28.489+0000] {logging_mixin.py:190} INFO - [2025-08-25T12:55:28.488+0000] {dag.py:4180} INFO - Setting next_dagrun for example_nested_branch_dag to 2025-08-24 00:00:00+00:00, run_after=2025-08-25 00:00:00+00:00
[2025-08-25T12:55:28.515+0000] {processor.py:208} INFO - Processing /home/airflow/.local/lib/python3.12/site-packages/airflow/example_dags/example_nested_branch_dag.py took 0.131 seconds
[2025-08-25T12:55:58.933+0000] {processor.py:186} INFO - Started process (PID=2646) to work on /home/airflow/.local/lib/python3.12/site-packages/airflow/example_dags/example_nested_branch_dag.py
[2025-08-25T12:55:58.934+0000] {processor.py:914} INFO - Processing file /home/airflow/.local/lib/python3.12/site-packages/airflow/example_dags/example_nested_branch_dag.py for tasks to queue
[2025-08-25T12:55:58.938+0000] {logging_mixin.py:190} INFO - [2025-08-25T12:55:58.937+0000] {dagbag.py:588} INFO - Filling up the DagBag from /home/airflow/.local/lib/python3.12/site-packages/airflow/example_dags/example_nested_branch_dag.py
[2025-08-25T12:55:58.953+0000] {processor.py:925} INFO - DAG(s) 'example_nested_branch_dag' retrieved from /home/airflow/.local/lib/python3.12/site-packages/airflow/example_dags/example_nested_branch_dag.py
[2025-08-25T12:55:58.981+0000] {logging_mixin.py:190} INFO - [2025-08-25T12:55:58.981+0000] {dag.py:3239} INFO - Sync 1 DAGs
[2025-08-25T12:55:59.014+0000] {logging_mixin.py:190} INFO - [2025-08-25T12:55:59.013+0000] {dag.py:4180} INFO - Setting next_dagrun for example_nested_branch_dag to 2025-08-24 00:00:00+00:00, run_after=2025-08-25 00:00:00+00:00
[2025-08-25T12:55:59.042+0000] {processor.py:208} INFO - Processing /home/airflow/.local/lib/python3.12/site-packages/airflow/example_dags/example_nested_branch_dag.py took 0.118 seconds
[2025-08-25T12:56:29.957+0000] {processor.py:186} INFO - Started process (PID=2716) to work on /home/airflow/.local/lib/python3.12/site-packages/airflow/example_dags/example_nested_branch_dag.py
[2025-08-25T12:56:29.957+0000] {processor.py:914} INFO - Processing file /home/airflow/.local/lib/python3.12/site-packages/airflow/example_dags/example_nested_branch_dag.py for tasks to queue
[2025-08-25T12:56:29.960+0000] {logging_mixin.py:190} INFO - [2025-08-25T12:56:29.959+0000] {dagbag.py:588} INFO - Filling up the DagBag from /home/airflow/.local/lib/python3.12/site-packages/airflow/example_dags/example_nested_branch_dag.py
[2025-08-25T12:56:29.971+0000] {processor.py:925} INFO - DAG(s) 'example_nested_branch_dag' retrieved from /home/airflow/.local/lib/python3.12/site-packages/airflow/example_dags/example_nested_branch_dag.py
[2025-08-25T12:56:29.999+0000] {logging_mixin.py:190} INFO - [2025-08-25T12:56:29.998+0000] {dag.py:3239} INFO - Sync 1 DAGs
[2025-08-25T12:56:30.027+0000] {logging_mixin.py:190} INFO - [2025-08-25T12:56:30.026+0000] {dag.py:4180} INFO - Setting next_dagrun for example_nested_branch_dag to 2025-08-24 00:00:00+00:00, run_after=2025-08-25 00:00:00+00:00
[2025-08-25T12:56:30.054+0000] {processor.py:208} INFO - Processing /home/airflow/.local/lib/python3.12/site-packages/airflow/example_dags/example_nested_branch_dag.py took 0.104 seconds
[2025-08-25T12:57:00.957+0000] {processor.py:186} INFO - Started process (PID=2780) to work on /home/airflow/.local/lib/python3.12/site-packages/airflow/example_dags/example_nested_branch_dag.py
[2025-08-25T12:57:00.958+0000] {processor.py:914} INFO - Processing file /home/airflow/.local/lib/python3.12/site-packages/airflow/example_dags/example_nested_branch_dag.py for tasks to queue
[2025-08-25T12:57:00.961+0000] {logging_mixin.py:190} INFO - [2025-08-25T12:57:00.960+0000] {dagbag.py:588} INFO - Filling up the DagBag from /home/airflow/.local/lib/python3.12/site-packages/airflow/example_dags/example_nested_branch_dag.py
[2025-08-25T12:57:00.972+0000] {processor.py:925} INFO - DAG(s) 'example_nested_branch_dag' retrieved from /home/airflow/.local/lib/python3.12/site-packages/airflow/example_dags/example_nested_branch_dag.py
[2025-08-25T12:57:01.009+0000] {logging_mixin.py:190} INFO - [2025-08-25T12:57:01.008+0000] {dag.py:3239} INFO - Sync 1 DAGs
[2025-08-25T12:57:01.047+0000] {logging_mixin.py:190} INFO - [2025-08-25T12:57:01.046+0000] {dag.py:4180} INFO - Setting next_dagrun for example_nested_branch_dag to 2025-08-24 00:00:00+00:00, run_after=2025-08-25 00:00:00+00:00
[2025-08-25T12:57:01.081+0000] {processor.py:208} INFO - Processing /home/airflow/.local/lib/python3.12/site-packages/airflow/example_dags/example_nested_branch_dag.py took 0.130 seconds
