[2025-08-25T12:35:33.255+0000] {processor.py:186} INFO - Started process (PID=84) to work on /home/airflow/.local/lib/python3.12/site-packages/airflow/example_dags/example_dag_decorator.py
[2025-08-25T12:35:33.256+0000] {processor.py:914} INFO - Processing file /home/airflow/.local/lib/python3.12/site-packages/airflow/example_dags/example_dag_decorator.py for tasks to queue
[2025-08-25T12:35:33.259+0000] {logging_mixin.py:190} INFO - [2025-08-25T12:35:33.259+0000] {dagbag.py:588} INFO - Filling up the DagBag from /home/airflow/.local/lib/python3.12/site-packages/airflow/example_dags/example_dag_decorator.py
[2025-08-25T12:35:33.274+0000] {processor.py:925} INFO - DAG(s) 'example_dag_decorator' retrieved from /home/airflow/.local/lib/python3.12/site-packages/airflow/example_dags/example_dag_decorator.py
[2025-08-25T12:35:33.446+0000] {logging_mixin.py:190} INFO - [2025-08-25T12:35:33.445+0000] {override.py:1900} INFO - Created Permission View: can read on DAG:example_dag_decorator
[2025-08-25T12:35:33.464+0000] {logging_mixin.py:190} INFO - [2025-08-25T12:35:33.463+0000] {override.py:1900} INFO - Created Permission View: can delete on DAG:example_dag_decorator
[2025-08-25T12:35:33.475+0000] {logging_mixin.py:190} INFO - [2025-08-25T12:35:33.474+0000] {override.py:1900} INFO - Created Permission View: can edit on DAG:example_dag_decorator
[2025-08-25T12:35:33.487+0000] {logging_mixin.py:190} INFO - [2025-08-25T12:35:33.486+0000] {override.py:1900} INFO - Created Permission View: can read on DAG Run:example_dag_decorator
[2025-08-25T12:35:33.498+0000] {logging_mixin.py:190} INFO - [2025-08-25T12:35:33.497+0000] {override.py:1900} INFO - Created Permission View: menu access on DAG Run:example_dag_decorator
[2025-08-25T12:35:33.510+0000] {logging_mixin.py:190} INFO - [2025-08-25T12:35:33.509+0000] {override.py:1900} INFO - Created Permission View: can delete on DAG Run:example_dag_decorator
[2025-08-25T12:35:33.522+0000] {logging_mixin.py:190} INFO - [2025-08-25T12:35:33.522+0000] {override.py:1900} INFO - Created Permission View: can create on DAG Run:example_dag_decorator
[2025-08-25T12:35:33.523+0000] {logging_mixin.py:190} INFO - [2025-08-25T12:35:33.523+0000] {dag.py:3239} INFO - Sync 1 DAGs
[2025-08-25T12:35:33.549+0000] {logging_mixin.py:190} INFO - [2025-08-25T12:35:33.548+0000] {dag.py:3262} INFO - Creating ORM DAG for example_dag_decorator
[2025-08-25T12:35:33.550+0000] {logging_mixin.py:190} INFO - [2025-08-25T12:35:33.550+0000] {dag.py:4180} INFO - Setting next_dagrun for example_dag_decorator to None, run_after=None
[2025-08-25T12:35:33.582+0000] {processor.py:208} INFO - Processing /home/airflow/.local/lib/python3.12/site-packages/airflow/example_dags/example_dag_decorator.py took 0.336 seconds
[2025-08-25T12:36:04.561+0000] {processor.py:186} INFO - Started process (PID=148) to work on /home/airflow/.local/lib/python3.12/site-packages/airflow/example_dags/example_dag_decorator.py
[2025-08-25T12:36:04.563+0000] {processor.py:914} INFO - Processing file /home/airflow/.local/lib/python3.12/site-packages/airflow/example_dags/example_dag_decorator.py for tasks to queue
[2025-08-25T12:36:04.567+0000] {logging_mixin.py:190} INFO - [2025-08-25T12:36:04.566+0000] {dagbag.py:588} INFO - Filling up the DagBag from /home/airflow/.local/lib/python3.12/site-packages/airflow/example_dags/example_dag_decorator.py
[2025-08-25T12:36:04.587+0000] {processor.py:925} INFO - DAG(s) 'example_dag_decorator' retrieved from /home/airflow/.local/lib/python3.12/site-packages/airflow/example_dags/example_dag_decorator.py
[2025-08-25T12:36:04.625+0000] {logging_mixin.py:190} INFO - [2025-08-25T12:36:04.625+0000] {dag.py:3239} INFO - Sync 1 DAGs
[2025-08-25T12:36:04.649+0000] {logging_mixin.py:190} INFO - [2025-08-25T12:36:04.648+0000] {dag.py:4180} INFO - Setting next_dagrun for example_dag_decorator to None, run_after=None
[2025-08-25T12:36:04.676+0000] {processor.py:208} INFO - Processing /home/airflow/.local/lib/python3.12/site-packages/airflow/example_dags/example_dag_decorator.py took 0.124 seconds
[2025-08-25T12:36:35.108+0000] {processor.py:186} INFO - Started process (PID=212) to work on /home/airflow/.local/lib/python3.12/site-packages/airflow/example_dags/example_dag_decorator.py
[2025-08-25T12:36:35.109+0000] {processor.py:914} INFO - Processing file /home/airflow/.local/lib/python3.12/site-packages/airflow/example_dags/example_dag_decorator.py for tasks to queue
[2025-08-25T12:36:35.113+0000] {logging_mixin.py:190} INFO - [2025-08-25T12:36:35.112+0000] {dagbag.py:588} INFO - Filling up the DagBag from /home/airflow/.local/lib/python3.12/site-packages/airflow/example_dags/example_dag_decorator.py
[2025-08-25T12:36:35.134+0000] {processor.py:925} INFO - DAG(s) 'example_dag_decorator' retrieved from /home/airflow/.local/lib/python3.12/site-packages/airflow/example_dags/example_dag_decorator.py
[2025-08-25T12:36:35.287+0000] {logging_mixin.py:190} INFO - [2025-08-25T12:36:35.287+0000] {dag.py:3239} INFO - Sync 1 DAGs
[2025-08-25T12:36:35.303+0000] {logging_mixin.py:190} INFO - [2025-08-25T12:36:35.302+0000] {dag.py:4180} INFO - Setting next_dagrun for example_dag_decorator to None, run_after=None
[2025-08-25T12:36:35.330+0000] {processor.py:208} INFO - Processing /home/airflow/.local/lib/python3.12/site-packages/airflow/example_dags/example_dag_decorator.py took 0.231 seconds
[2025-08-25T12:37:05.997+0000] {processor.py:186} INFO - Started process (PID=276) to work on /home/airflow/.local/lib/python3.12/site-packages/airflow/example_dags/example_dag_decorator.py
[2025-08-25T12:37:06.000+0000] {processor.py:914} INFO - Processing file /home/airflow/.local/lib/python3.12/site-packages/airflow/example_dags/example_dag_decorator.py for tasks to queue
[2025-08-25T12:37:06.005+0000] {logging_mixin.py:190} INFO - [2025-08-25T12:37:06.003+0000] {dagbag.py:588} INFO - Filling up the DagBag from /home/airflow/.local/lib/python3.12/site-packages/airflow/example_dags/example_dag_decorator.py
[2025-08-25T12:37:06.020+0000] {processor.py:925} INFO - DAG(s) 'example_dag_decorator' retrieved from /home/airflow/.local/lib/python3.12/site-packages/airflow/example_dags/example_dag_decorator.py
[2025-08-25T12:37:06.179+0000] {logging_mixin.py:190} INFO - [2025-08-25T12:37:06.179+0000] {dag.py:3239} INFO - Sync 1 DAGs
[2025-08-25T12:37:06.197+0000] {logging_mixin.py:190} INFO - [2025-08-25T12:37:06.196+0000] {dag.py:4180} INFO - Setting next_dagrun for example_dag_decorator to None, run_after=None
[2025-08-25T12:37:06.225+0000] {processor.py:208} INFO - Processing /home/airflow/.local/lib/python3.12/site-packages/airflow/example_dags/example_dag_decorator.py took 0.238 seconds
[2025-08-25T12:37:36.953+0000] {processor.py:186} INFO - Started process (PID=340) to work on /home/airflow/.local/lib/python3.12/site-packages/airflow/example_dags/example_dag_decorator.py
[2025-08-25T12:37:36.955+0000] {processor.py:914} INFO - Processing file /home/airflow/.local/lib/python3.12/site-packages/airflow/example_dags/example_dag_decorator.py for tasks to queue
[2025-08-25T12:37:36.958+0000] {logging_mixin.py:190} INFO - [2025-08-25T12:37:36.957+0000] {dagbag.py:588} INFO - Filling up the DagBag from /home/airflow/.local/lib/python3.12/site-packages/airflow/example_dags/example_dag_decorator.py
[2025-08-25T12:37:36.975+0000] {processor.py:925} INFO - DAG(s) 'example_dag_decorator' retrieved from /home/airflow/.local/lib/python3.12/site-packages/airflow/example_dags/example_dag_decorator.py
[2025-08-25T12:37:37.121+0000] {logging_mixin.py:190} INFO - [2025-08-25T12:37:37.120+0000] {dag.py:3239} INFO - Sync 1 DAGs
[2025-08-25T12:37:37.137+0000] {logging_mixin.py:190} INFO - [2025-08-25T12:37:37.137+0000] {dag.py:4180} INFO - Setting next_dagrun for example_dag_decorator to None, run_after=None
[2025-08-25T12:37:37.163+0000] {processor.py:208} INFO - Processing /home/airflow/.local/lib/python3.12/site-packages/airflow/example_dags/example_dag_decorator.py took 0.221 seconds
[2025-08-25T12:38:07.292+0000] {processor.py:186} INFO - Started process (PID=404) to work on /home/airflow/.local/lib/python3.12/site-packages/airflow/example_dags/example_dag_decorator.py
[2025-08-25T12:38:07.294+0000] {processor.py:914} INFO - Processing file /home/airflow/.local/lib/python3.12/site-packages/airflow/example_dags/example_dag_decorator.py for tasks to queue
[2025-08-25T12:38:07.298+0000] {logging_mixin.py:190} INFO - [2025-08-25T12:38:07.297+0000] {dagbag.py:588} INFO - Filling up the DagBag from /home/airflow/.local/lib/python3.12/site-packages/airflow/example_dags/example_dag_decorator.py
[2025-08-25T12:38:07.317+0000] {processor.py:925} INFO - DAG(s) 'example_dag_decorator' retrieved from /home/airflow/.local/lib/python3.12/site-packages/airflow/example_dags/example_dag_decorator.py
[2025-08-25T12:38:07.462+0000] {logging_mixin.py:190} INFO - [2025-08-25T12:38:07.461+0000] {dag.py:3239} INFO - Sync 1 DAGs
[2025-08-25T12:38:07.479+0000] {logging_mixin.py:190} INFO - [2025-08-25T12:38:07.479+0000] {dag.py:4180} INFO - Setting next_dagrun for example_dag_decorator to None, run_after=None
[2025-08-25T12:38:07.503+0000] {processor.py:208} INFO - Processing /home/airflow/.local/lib/python3.12/site-packages/airflow/example_dags/example_dag_decorator.py took 0.220 seconds
[2025-08-25T12:38:37.890+0000] {processor.py:186} INFO - Started process (PID=468) to work on /home/airflow/.local/lib/python3.12/site-packages/airflow/example_dags/example_dag_decorator.py
[2025-08-25T12:38:37.893+0000] {processor.py:914} INFO - Processing file /home/airflow/.local/lib/python3.12/site-packages/airflow/example_dags/example_dag_decorator.py for tasks to queue
[2025-08-25T12:38:37.896+0000] {logging_mixin.py:190} INFO - [2025-08-25T12:38:37.896+0000] {dagbag.py:588} INFO - Filling up the DagBag from /home/airflow/.local/lib/python3.12/site-packages/airflow/example_dags/example_dag_decorator.py
[2025-08-25T12:38:37.916+0000] {processor.py:925} INFO - DAG(s) 'example_dag_decorator' retrieved from /home/airflow/.local/lib/python3.12/site-packages/airflow/example_dags/example_dag_decorator.py
[2025-08-25T12:38:38.094+0000] {logging_mixin.py:190} INFO - [2025-08-25T12:38:38.093+0000] {dag.py:3239} INFO - Sync 1 DAGs
[2025-08-25T12:38:38.112+0000] {logging_mixin.py:190} INFO - [2025-08-25T12:38:38.112+0000] {dag.py:4180} INFO - Setting next_dagrun for example_dag_decorator to None, run_after=None
[2025-08-25T12:38:38.146+0000] {processor.py:208} INFO - Processing /home/airflow/.local/lib/python3.12/site-packages/airflow/example_dags/example_dag_decorator.py took 0.266 seconds
[2025-08-25T12:39:08.353+0000] {processor.py:186} INFO - Started process (PID=532) to work on /home/airflow/.local/lib/python3.12/site-packages/airflow/example_dags/example_dag_decorator.py
[2025-08-25T12:39:08.354+0000] {processor.py:914} INFO - Processing file /home/airflow/.local/lib/python3.12/site-packages/airflow/example_dags/example_dag_decorator.py for tasks to queue
[2025-08-25T12:39:08.357+0000] {logging_mixin.py:190} INFO - [2025-08-25T12:39:08.357+0000] {dagbag.py:588} INFO - Filling up the DagBag from /home/airflow/.local/lib/python3.12/site-packages/airflow/example_dags/example_dag_decorator.py
[2025-08-25T12:39:08.372+0000] {processor.py:925} INFO - DAG(s) 'example_dag_decorator' retrieved from /home/airflow/.local/lib/python3.12/site-packages/airflow/example_dags/example_dag_decorator.py
[2025-08-25T12:39:08.523+0000] {logging_mixin.py:190} INFO - [2025-08-25T12:39:08.522+0000] {dag.py:3239} INFO - Sync 1 DAGs
[2025-08-25T12:39:08.540+0000] {logging_mixin.py:190} INFO - [2025-08-25T12:39:08.539+0000] {dag.py:4180} INFO - Setting next_dagrun for example_dag_decorator to None, run_after=None
[2025-08-25T12:39:08.574+0000] {processor.py:208} INFO - Processing /home/airflow/.local/lib/python3.12/site-packages/airflow/example_dags/example_dag_decorator.py took 0.228 seconds
[2025-08-25T12:39:38.844+0000] {processor.py:186} INFO - Started process (PID=596) to work on /home/airflow/.local/lib/python3.12/site-packages/airflow/example_dags/example_dag_decorator.py
[2025-08-25T12:39:38.846+0000] {processor.py:914} INFO - Processing file /home/airflow/.local/lib/python3.12/site-packages/airflow/example_dags/example_dag_decorator.py for tasks to queue
[2025-08-25T12:39:38.849+0000] {logging_mixin.py:190} INFO - [2025-08-25T12:39:38.848+0000] {dagbag.py:588} INFO - Filling up the DagBag from /home/airflow/.local/lib/python3.12/site-packages/airflow/example_dags/example_dag_decorator.py
[2025-08-25T12:39:38.863+0000] {processor.py:925} INFO - DAG(s) 'example_dag_decorator' retrieved from /home/airflow/.local/lib/python3.12/site-packages/airflow/example_dags/example_dag_decorator.py
[2025-08-25T12:39:39.000+0000] {logging_mixin.py:190} INFO - [2025-08-25T12:39:39.000+0000] {dag.py:3239} INFO - Sync 1 DAGs
[2025-08-25T12:39:39.018+0000] {logging_mixin.py:190} INFO - [2025-08-25T12:39:39.018+0000] {dag.py:4180} INFO - Setting next_dagrun for example_dag_decorator to None, run_after=None
[2025-08-25T12:39:39.044+0000] {processor.py:208} INFO - Processing /home/airflow/.local/lib/python3.12/site-packages/airflow/example_dags/example_dag_decorator.py took 0.207 seconds
[2025-08-25T12:40:09.171+0000] {processor.py:186} INFO - Started process (PID=660) to work on /home/airflow/.local/lib/python3.12/site-packages/airflow/example_dags/example_dag_decorator.py
[2025-08-25T12:40:09.173+0000] {processor.py:914} INFO - Processing file /home/airflow/.local/lib/python3.12/site-packages/airflow/example_dags/example_dag_decorator.py for tasks to queue
[2025-08-25T12:40:09.177+0000] {logging_mixin.py:190} INFO - [2025-08-25T12:40:09.176+0000] {dagbag.py:588} INFO - Filling up the DagBag from /home/airflow/.local/lib/python3.12/site-packages/airflow/example_dags/example_dag_decorator.py
[2025-08-25T12:40:09.193+0000] {processor.py:925} INFO - DAG(s) 'example_dag_decorator' retrieved from /home/airflow/.local/lib/python3.12/site-packages/airflow/example_dags/example_dag_decorator.py
[2025-08-25T12:40:09.328+0000] {logging_mixin.py:190} INFO - [2025-08-25T12:40:09.327+0000] {dag.py:3239} INFO - Sync 1 DAGs
[2025-08-25T12:40:09.340+0000] {logging_mixin.py:190} INFO - [2025-08-25T12:40:09.340+0000] {dag.py:4180} INFO - Setting next_dagrun for example_dag_decorator to None, run_after=None
[2025-08-25T12:40:09.361+0000] {processor.py:208} INFO - Processing /home/airflow/.local/lib/python3.12/site-packages/airflow/example_dags/example_dag_decorator.py took 0.198 seconds
[2025-08-25T12:40:39.775+0000] {processor.py:186} INFO - Started process (PID=725) to work on /home/airflow/.local/lib/python3.12/site-packages/airflow/example_dags/example_dag_decorator.py
[2025-08-25T12:40:39.776+0000] {processor.py:914} INFO - Processing file /home/airflow/.local/lib/python3.12/site-packages/airflow/example_dags/example_dag_decorator.py for tasks to queue
[2025-08-25T12:40:39.779+0000] {logging_mixin.py:190} INFO - [2025-08-25T12:40:39.779+0000] {dagbag.py:588} INFO - Filling up the DagBag from /home/airflow/.local/lib/python3.12/site-packages/airflow/example_dags/example_dag_decorator.py
[2025-08-25T12:40:39.793+0000] {processor.py:925} INFO - DAG(s) 'example_dag_decorator' retrieved from /home/airflow/.local/lib/python3.12/site-packages/airflow/example_dags/example_dag_decorator.py
[2025-08-25T12:40:39.933+0000] {logging_mixin.py:190} INFO - [2025-08-25T12:40:39.933+0000] {dag.py:3239} INFO - Sync 1 DAGs
[2025-08-25T12:40:39.950+0000] {logging_mixin.py:190} INFO - [2025-08-25T12:40:39.949+0000] {dag.py:4180} INFO - Setting next_dagrun for example_dag_decorator to None, run_after=None
[2025-08-25T12:40:39.976+0000] {processor.py:208} INFO - Processing /home/airflow/.local/lib/python3.12/site-packages/airflow/example_dags/example_dag_decorator.py took 0.210 seconds
[2025-08-25T12:41:10.051+0000] {processor.py:186} INFO - Started process (PID=791) to work on /home/airflow/.local/lib/python3.12/site-packages/airflow/example_dags/example_dag_decorator.py
[2025-08-25T12:41:10.053+0000] {processor.py:914} INFO - Processing file /home/airflow/.local/lib/python3.12/site-packages/airflow/example_dags/example_dag_decorator.py for tasks to queue
[2025-08-25T12:41:10.058+0000] {logging_mixin.py:190} INFO - [2025-08-25T12:41:10.058+0000] {dagbag.py:588} INFO - Filling up the DagBag from /home/airflow/.local/lib/python3.12/site-packages/airflow/example_dags/example_dag_decorator.py
[2025-08-25T12:41:10.078+0000] {processor.py:925} INFO - DAG(s) 'example_dag_decorator' retrieved from /home/airflow/.local/lib/python3.12/site-packages/airflow/example_dags/example_dag_decorator.py
[2025-08-25T12:41:10.252+0000] {logging_mixin.py:190} INFO - [2025-08-25T12:41:10.252+0000] {dag.py:3239} INFO - Sync 1 DAGs
[2025-08-25T12:41:10.266+0000] {logging_mixin.py:190} INFO - [2025-08-25T12:41:10.266+0000] {dag.py:4180} INFO - Setting next_dagrun for example_dag_decorator to None, run_after=None
[2025-08-25T12:41:10.288+0000] {processor.py:208} INFO - Processing /home/airflow/.local/lib/python3.12/site-packages/airflow/example_dags/example_dag_decorator.py took 0.249 seconds
[2025-08-25T12:41:40.346+0000] {processor.py:186} INFO - Started process (PID=855) to work on /home/airflow/.local/lib/python3.12/site-packages/airflow/example_dags/example_dag_decorator.py
[2025-08-25T12:41:40.347+0000] {processor.py:914} INFO - Processing file /home/airflow/.local/lib/python3.12/site-packages/airflow/example_dags/example_dag_decorator.py for tasks to queue
[2025-08-25T12:41:40.350+0000] {logging_mixin.py:190} INFO - [2025-08-25T12:41:40.350+0000] {dagbag.py:588} INFO - Filling up the DagBag from /home/airflow/.local/lib/python3.12/site-packages/airflow/example_dags/example_dag_decorator.py
[2025-08-25T12:41:40.365+0000] {processor.py:925} INFO - DAG(s) 'example_dag_decorator' retrieved from /home/airflow/.local/lib/python3.12/site-packages/airflow/example_dags/example_dag_decorator.py
[2025-08-25T12:41:40.498+0000] {logging_mixin.py:190} INFO - [2025-08-25T12:41:40.498+0000] {dag.py:3239} INFO - Sync 1 DAGs
[2025-08-25T12:41:40.518+0000] {logging_mixin.py:190} INFO - [2025-08-25T12:41:40.517+0000] {dag.py:4180} INFO - Setting next_dagrun for example_dag_decorator to None, run_after=None
[2025-08-25T12:41:40.545+0000] {processor.py:208} INFO - Processing /home/airflow/.local/lib/python3.12/site-packages/airflow/example_dags/example_dag_decorator.py took 0.207 seconds
[2025-08-25T12:42:11.039+0000] {processor.py:186} INFO - Started process (PID=919) to work on /home/airflow/.local/lib/python3.12/site-packages/airflow/example_dags/example_dag_decorator.py
[2025-08-25T12:42:11.041+0000] {processor.py:914} INFO - Processing file /home/airflow/.local/lib/python3.12/site-packages/airflow/example_dags/example_dag_decorator.py for tasks to queue
[2025-08-25T12:42:11.045+0000] {logging_mixin.py:190} INFO - [2025-08-25T12:42:11.044+0000] {dagbag.py:588} INFO - Filling up the DagBag from /home/airflow/.local/lib/python3.12/site-packages/airflow/example_dags/example_dag_decorator.py
[2025-08-25T12:42:11.063+0000] {processor.py:925} INFO - DAG(s) 'example_dag_decorator' retrieved from /home/airflow/.local/lib/python3.12/site-packages/airflow/example_dags/example_dag_decorator.py
[2025-08-25T12:42:11.287+0000] {logging_mixin.py:190} INFO - [2025-08-25T12:42:11.286+0000] {dag.py:3239} INFO - Sync 1 DAGs
[2025-08-25T12:42:11.313+0000] {logging_mixin.py:190} INFO - [2025-08-25T12:42:11.313+0000] {dag.py:4180} INFO - Setting next_dagrun for example_dag_decorator to None, run_after=None
[2025-08-25T12:42:11.361+0000] {processor.py:208} INFO - Processing /home/airflow/.local/lib/python3.12/site-packages/airflow/example_dags/example_dag_decorator.py took 0.331 seconds
[2025-08-25T12:42:41.875+0000] {processor.py:186} INFO - Started process (PID=984) to work on /home/airflow/.local/lib/python3.12/site-packages/airflow/example_dags/example_dag_decorator.py
[2025-08-25T12:42:41.877+0000] {processor.py:914} INFO - Processing file /home/airflow/.local/lib/python3.12/site-packages/airflow/example_dags/example_dag_decorator.py for tasks to queue
[2025-08-25T12:42:41.882+0000] {logging_mixin.py:190} INFO - [2025-08-25T12:42:41.881+0000] {dagbag.py:588} INFO - Filling up the DagBag from /home/airflow/.local/lib/python3.12/site-packages/airflow/example_dags/example_dag_decorator.py
[2025-08-25T12:42:41.914+0000] {processor.py:925} INFO - DAG(s) 'example_dag_decorator' retrieved from /home/airflow/.local/lib/python3.12/site-packages/airflow/example_dags/example_dag_decorator.py
[2025-08-25T12:42:42.077+0000] {logging_mixin.py:190} INFO - [2025-08-25T12:42:42.077+0000] {dag.py:3239} INFO - Sync 1 DAGs
[2025-08-25T12:42:42.093+0000] {logging_mixin.py:190} INFO - [2025-08-25T12:42:42.093+0000] {dag.py:4180} INFO - Setting next_dagrun for example_dag_decorator to None, run_after=None
[2025-08-25T12:42:42.123+0000] {processor.py:208} INFO - Processing /home/airflow/.local/lib/python3.12/site-packages/airflow/example_dags/example_dag_decorator.py took 0.264 seconds
[2025-08-25T12:43:12.282+0000] {processor.py:186} INFO - Started process (PID=1047) to work on /home/airflow/.local/lib/python3.12/site-packages/airflow/example_dags/example_dag_decorator.py
[2025-08-25T12:43:12.284+0000] {processor.py:914} INFO - Processing file /home/airflow/.local/lib/python3.12/site-packages/airflow/example_dags/example_dag_decorator.py for tasks to queue
[2025-08-25T12:43:12.286+0000] {logging_mixin.py:190} INFO - [2025-08-25T12:43:12.286+0000] {dagbag.py:588} INFO - Filling up the DagBag from /home/airflow/.local/lib/python3.12/site-packages/airflow/example_dags/example_dag_decorator.py
[2025-08-25T12:43:12.301+0000] {processor.py:925} INFO - DAG(s) 'example_dag_decorator' retrieved from /home/airflow/.local/lib/python3.12/site-packages/airflow/example_dags/example_dag_decorator.py
[2025-08-25T12:43:12.432+0000] {logging_mixin.py:190} INFO - [2025-08-25T12:43:12.431+0000] {dag.py:3239} INFO - Sync 1 DAGs
[2025-08-25T12:43:12.443+0000] {logging_mixin.py:190} INFO - [2025-08-25T12:43:12.443+0000] {dag.py:4180} INFO - Setting next_dagrun for example_dag_decorator to None, run_after=None
[2025-08-25T12:43:12.463+0000] {processor.py:208} INFO - Processing /home/airflow/.local/lib/python3.12/site-packages/airflow/example_dags/example_dag_decorator.py took 0.190 seconds
[2025-08-25T12:43:43.482+0000] {processor.py:186} INFO - Started process (PID=1111) to work on /home/airflow/.local/lib/python3.12/site-packages/airflow/example_dags/example_dag_decorator.py
[2025-08-25T12:43:43.483+0000] {processor.py:914} INFO - Processing file /home/airflow/.local/lib/python3.12/site-packages/airflow/example_dags/example_dag_decorator.py for tasks to queue
[2025-08-25T12:43:43.487+0000] {logging_mixin.py:190} INFO - [2025-08-25T12:43:43.486+0000] {dagbag.py:588} INFO - Filling up the DagBag from /home/airflow/.local/lib/python3.12/site-packages/airflow/example_dags/example_dag_decorator.py
[2025-08-25T12:43:43.507+0000] {processor.py:925} INFO - DAG(s) 'example_dag_decorator' retrieved from /home/airflow/.local/lib/python3.12/site-packages/airflow/example_dags/example_dag_decorator.py
[2025-08-25T12:43:43.768+0000] {logging_mixin.py:190} INFO - [2025-08-25T12:43:43.767+0000] {dag.py:3239} INFO - Sync 1 DAGs
[2025-08-25T12:43:43.784+0000] {logging_mixin.py:190} INFO - [2025-08-25T12:43:43.784+0000] {dag.py:4180} INFO - Setting next_dagrun for example_dag_decorator to None, run_after=None
[2025-08-25T12:43:43.815+0000] {processor.py:208} INFO - Processing /home/airflow/.local/lib/python3.12/site-packages/airflow/example_dags/example_dag_decorator.py took 0.341 seconds
[2025-08-25T12:44:13.933+0000] {processor.py:186} INFO - Started process (PID=1175) to work on /home/airflow/.local/lib/python3.12/site-packages/airflow/example_dags/example_dag_decorator.py
[2025-08-25T12:44:13.934+0000] {processor.py:914} INFO - Processing file /home/airflow/.local/lib/python3.12/site-packages/airflow/example_dags/example_dag_decorator.py for tasks to queue
[2025-08-25T12:44:13.936+0000] {logging_mixin.py:190} INFO - [2025-08-25T12:44:13.936+0000] {dagbag.py:588} INFO - Filling up the DagBag from /home/airflow/.local/lib/python3.12/site-packages/airflow/example_dags/example_dag_decorator.py
[2025-08-25T12:44:13.948+0000] {processor.py:925} INFO - DAG(s) 'example_dag_decorator' retrieved from /home/airflow/.local/lib/python3.12/site-packages/airflow/example_dags/example_dag_decorator.py
[2025-08-25T12:44:14.126+0000] {logging_mixin.py:190} INFO - [2025-08-25T12:44:14.126+0000] {dag.py:3239} INFO - Sync 1 DAGs
[2025-08-25T12:44:14.154+0000] {logging_mixin.py:190} INFO - [2025-08-25T12:44:14.154+0000] {dag.py:4180} INFO - Setting next_dagrun for example_dag_decorator to None, run_after=None
[2025-08-25T12:44:14.197+0000] {processor.py:208} INFO - Processing /home/airflow/.local/lib/python3.12/site-packages/airflow/example_dags/example_dag_decorator.py took 0.274 seconds
[2025-08-25T12:44:44.968+0000] {processor.py:186} INFO - Started process (PID=1239) to work on /home/airflow/.local/lib/python3.12/site-packages/airflow/example_dags/example_dag_decorator.py
[2025-08-25T12:44:44.969+0000] {processor.py:914} INFO - Processing file /home/airflow/.local/lib/python3.12/site-packages/airflow/example_dags/example_dag_decorator.py for tasks to queue
[2025-08-25T12:44:44.973+0000] {logging_mixin.py:190} INFO - [2025-08-25T12:44:44.973+0000] {dagbag.py:588} INFO - Filling up the DagBag from /home/airflow/.local/lib/python3.12/site-packages/airflow/example_dags/example_dag_decorator.py
[2025-08-25T12:44:44.988+0000] {processor.py:925} INFO - DAG(s) 'example_dag_decorator' retrieved from /home/airflow/.local/lib/python3.12/site-packages/airflow/example_dags/example_dag_decorator.py
[2025-08-25T12:44:45.140+0000] {logging_mixin.py:190} INFO - [2025-08-25T12:44:45.140+0000] {dag.py:3239} INFO - Sync 1 DAGs
[2025-08-25T12:44:45.158+0000] {logging_mixin.py:190} INFO - [2025-08-25T12:44:45.158+0000] {dag.py:4180} INFO - Setting next_dagrun for example_dag_decorator to None, run_after=None
[2025-08-25T12:44:45.183+0000] {processor.py:208} INFO - Processing /home/airflow/.local/lib/python3.12/site-packages/airflow/example_dags/example_dag_decorator.py took 0.225 seconds
[2025-08-25T12:45:15.671+0000] {processor.py:186} INFO - Started process (PID=1303) to work on /home/airflow/.local/lib/python3.12/site-packages/airflow/example_dags/example_dag_decorator.py
[2025-08-25T12:45:15.672+0000] {processor.py:914} INFO - Processing file /home/airflow/.local/lib/python3.12/site-packages/airflow/example_dags/example_dag_decorator.py for tasks to queue
[2025-08-25T12:45:15.675+0000] {logging_mixin.py:190} INFO - [2025-08-25T12:45:15.674+0000] {dagbag.py:588} INFO - Filling up the DagBag from /home/airflow/.local/lib/python3.12/site-packages/airflow/example_dags/example_dag_decorator.py
[2025-08-25T12:45:15.691+0000] {processor.py:925} INFO - DAG(s) 'example_dag_decorator' retrieved from /home/airflow/.local/lib/python3.12/site-packages/airflow/example_dags/example_dag_decorator.py
[2025-08-25T12:45:15.841+0000] {logging_mixin.py:190} INFO - [2025-08-25T12:45:15.840+0000] {dag.py:3239} INFO - Sync 1 DAGs
[2025-08-25T12:45:15.855+0000] {logging_mixin.py:190} INFO - [2025-08-25T12:45:15.854+0000] {dag.py:4180} INFO - Setting next_dagrun for example_dag_decorator to None, run_after=None
[2025-08-25T12:45:15.883+0000] {processor.py:208} INFO - Processing /home/airflow/.local/lib/python3.12/site-packages/airflow/example_dags/example_dag_decorator.py took 0.220 seconds
[2025-08-25T12:45:46.484+0000] {processor.py:186} INFO - Started process (PID=1367) to work on /home/airflow/.local/lib/python3.12/site-packages/airflow/example_dags/example_dag_decorator.py
[2025-08-25T12:45:46.488+0000] {processor.py:914} INFO - Processing file /home/airflow/.local/lib/python3.12/site-packages/airflow/example_dags/example_dag_decorator.py for tasks to queue
[2025-08-25T12:45:46.493+0000] {logging_mixin.py:190} INFO - [2025-08-25T12:45:46.492+0000] {dagbag.py:588} INFO - Filling up the DagBag from /home/airflow/.local/lib/python3.12/site-packages/airflow/example_dags/example_dag_decorator.py
[2025-08-25T12:45:46.518+0000] {processor.py:925} INFO - DAG(s) 'example_dag_decorator' retrieved from /home/airflow/.local/lib/python3.12/site-packages/airflow/example_dags/example_dag_decorator.py
[2025-08-25T12:45:46.729+0000] {logging_mixin.py:190} INFO - [2025-08-25T12:45:46.729+0000] {dag.py:3239} INFO - Sync 1 DAGs
[2025-08-25T12:45:46.754+0000] {logging_mixin.py:190} INFO - [2025-08-25T12:45:46.753+0000] {dag.py:4180} INFO - Setting next_dagrun for example_dag_decorator to None, run_after=None
[2025-08-25T12:45:46.794+0000] {processor.py:208} INFO - Processing /home/airflow/.local/lib/python3.12/site-packages/airflow/example_dags/example_dag_decorator.py took 0.324 seconds
[2025-08-25T12:46:16.853+0000] {processor.py:186} INFO - Started process (PID=1432) to work on /home/airflow/.local/lib/python3.12/site-packages/airflow/example_dags/example_dag_decorator.py
[2025-08-25T12:46:16.854+0000] {processor.py:914} INFO - Processing file /home/airflow/.local/lib/python3.12/site-packages/airflow/example_dags/example_dag_decorator.py for tasks to queue
[2025-08-25T12:46:16.857+0000] {logging_mixin.py:190} INFO - [2025-08-25T12:46:16.856+0000] {dagbag.py:588} INFO - Filling up the DagBag from /home/airflow/.local/lib/python3.12/site-packages/airflow/example_dags/example_dag_decorator.py
[2025-08-25T12:46:16.870+0000] {processor.py:925} INFO - DAG(s) 'example_dag_decorator' retrieved from /home/airflow/.local/lib/python3.12/site-packages/airflow/example_dags/example_dag_decorator.py
[2025-08-25T12:46:17.001+0000] {logging_mixin.py:190} INFO - [2025-08-25T12:46:17.001+0000] {dag.py:3239} INFO - Sync 1 DAGs
[2025-08-25T12:46:17.013+0000] {logging_mixin.py:190} INFO - [2025-08-25T12:46:17.013+0000] {dag.py:4180} INFO - Setting next_dagrun for example_dag_decorator to None, run_after=None
[2025-08-25T12:46:17.037+0000] {processor.py:208} INFO - Processing /home/airflow/.local/lib/python3.12/site-packages/airflow/example_dags/example_dag_decorator.py took 0.193 seconds
[2025-08-25T12:46:47.455+0000] {processor.py:186} INFO - Started process (PID=1495) to work on /home/airflow/.local/lib/python3.12/site-packages/airflow/example_dags/example_dag_decorator.py
[2025-08-25T12:46:47.456+0000] {processor.py:914} INFO - Processing file /home/airflow/.local/lib/python3.12/site-packages/airflow/example_dags/example_dag_decorator.py for tasks to queue
[2025-08-25T12:46:47.460+0000] {logging_mixin.py:190} INFO - [2025-08-25T12:46:47.459+0000] {dagbag.py:588} INFO - Filling up the DagBag from /home/airflow/.local/lib/python3.12/site-packages/airflow/example_dags/example_dag_decorator.py
[2025-08-25T12:46:47.484+0000] {processor.py:925} INFO - DAG(s) 'example_dag_decorator' retrieved from /home/airflow/.local/lib/python3.12/site-packages/airflow/example_dags/example_dag_decorator.py
[2025-08-25T12:46:47.660+0000] {logging_mixin.py:190} INFO - [2025-08-25T12:46:47.660+0000] {dag.py:3239} INFO - Sync 1 DAGs
[2025-08-25T12:46:47.680+0000] {logging_mixin.py:190} INFO - [2025-08-25T12:46:47.680+0000] {dag.py:4180} INFO - Setting next_dagrun for example_dag_decorator to None, run_after=None
[2025-08-25T12:46:47.708+0000] {processor.py:208} INFO - Processing /home/airflow/.local/lib/python3.12/site-packages/airflow/example_dags/example_dag_decorator.py took 0.262 seconds
[2025-08-25T12:47:17.796+0000] {processor.py:186} INFO - Started process (PID=1559) to work on /home/airflow/.local/lib/python3.12/site-packages/airflow/example_dags/example_dag_decorator.py
[2025-08-25T12:47:17.798+0000] {processor.py:914} INFO - Processing file /home/airflow/.local/lib/python3.12/site-packages/airflow/example_dags/example_dag_decorator.py for tasks to queue
[2025-08-25T12:47:17.801+0000] {logging_mixin.py:190} INFO - [2025-08-25T12:47:17.801+0000] {dagbag.py:588} INFO - Filling up the DagBag from /home/airflow/.local/lib/python3.12/site-packages/airflow/example_dags/example_dag_decorator.py
[2025-08-25T12:47:17.815+0000] {processor.py:925} INFO - DAG(s) 'example_dag_decorator' retrieved from /home/airflow/.local/lib/python3.12/site-packages/airflow/example_dags/example_dag_decorator.py
[2025-08-25T12:47:17.958+0000] {logging_mixin.py:190} INFO - [2025-08-25T12:47:17.957+0000] {dag.py:3239} INFO - Sync 1 DAGs
[2025-08-25T12:47:17.972+0000] {logging_mixin.py:190} INFO - [2025-08-25T12:47:17.972+0000] {dag.py:4180} INFO - Setting next_dagrun for example_dag_decorator to None, run_after=None
[2025-08-25T12:47:17.999+0000] {processor.py:208} INFO - Processing /home/airflow/.local/lib/python3.12/site-packages/airflow/example_dags/example_dag_decorator.py took 0.211 seconds
[2025-08-25T12:47:48.372+0000] {processor.py:186} INFO - Started process (PID=1623) to work on /home/airflow/.local/lib/python3.12/site-packages/airflow/example_dags/example_dag_decorator.py
[2025-08-25T12:47:48.374+0000] {processor.py:914} INFO - Processing file /home/airflow/.local/lib/python3.12/site-packages/airflow/example_dags/example_dag_decorator.py for tasks to queue
[2025-08-25T12:47:48.377+0000] {logging_mixin.py:190} INFO - [2025-08-25T12:47:48.376+0000] {dagbag.py:588} INFO - Filling up the DagBag from /home/airflow/.local/lib/python3.12/site-packages/airflow/example_dags/example_dag_decorator.py
[2025-08-25T12:47:48.389+0000] {processor.py:925} INFO - DAG(s) 'example_dag_decorator' retrieved from /home/airflow/.local/lib/python3.12/site-packages/airflow/example_dags/example_dag_decorator.py
[2025-08-25T12:47:48.546+0000] {logging_mixin.py:190} INFO - [2025-08-25T12:47:48.545+0000] {dag.py:3239} INFO - Sync 1 DAGs
[2025-08-25T12:47:48.569+0000] {logging_mixin.py:190} INFO - [2025-08-25T12:47:48.569+0000] {dag.py:4180} INFO - Setting next_dagrun for example_dag_decorator to None, run_after=None
[2025-08-25T12:47:48.597+0000] {processor.py:208} INFO - Processing /home/airflow/.local/lib/python3.12/site-packages/airflow/example_dags/example_dag_decorator.py took 0.234 seconds
[2025-08-25T12:48:18.875+0000] {processor.py:186} INFO - Started process (PID=1687) to work on /home/airflow/.local/lib/python3.12/site-packages/airflow/example_dags/example_dag_decorator.py
[2025-08-25T12:48:18.877+0000] {processor.py:914} INFO - Processing file /home/airflow/.local/lib/python3.12/site-packages/airflow/example_dags/example_dag_decorator.py for tasks to queue
[2025-08-25T12:48:18.881+0000] {logging_mixin.py:190} INFO - [2025-08-25T12:48:18.880+0000] {dagbag.py:588} INFO - Filling up the DagBag from /home/airflow/.local/lib/python3.12/site-packages/airflow/example_dags/example_dag_decorator.py
[2025-08-25T12:48:18.895+0000] {processor.py:925} INFO - DAG(s) 'example_dag_decorator' retrieved from /home/airflow/.local/lib/python3.12/site-packages/airflow/example_dags/example_dag_decorator.py
[2025-08-25T12:48:19.046+0000] {logging_mixin.py:190} INFO - [2025-08-25T12:48:19.046+0000] {dag.py:3239} INFO - Sync 1 DAGs
[2025-08-25T12:48:19.062+0000] {logging_mixin.py:190} INFO - [2025-08-25T12:48:19.061+0000] {dag.py:4180} INFO - Setting next_dagrun for example_dag_decorator to None, run_after=None
[2025-08-25T12:48:19.112+0000] {processor.py:208} INFO - Processing /home/airflow/.local/lib/python3.12/site-packages/airflow/example_dags/example_dag_decorator.py took 0.247 seconds
[2025-08-25T12:48:49.380+0000] {processor.py:186} INFO - Started process (PID=1751) to work on /home/airflow/.local/lib/python3.12/site-packages/airflow/example_dags/example_dag_decorator.py
[2025-08-25T12:48:49.382+0000] {processor.py:914} INFO - Processing file /home/airflow/.local/lib/python3.12/site-packages/airflow/example_dags/example_dag_decorator.py for tasks to queue
[2025-08-25T12:48:49.385+0000] {logging_mixin.py:190} INFO - [2025-08-25T12:48:49.384+0000] {dagbag.py:588} INFO - Filling up the DagBag from /home/airflow/.local/lib/python3.12/site-packages/airflow/example_dags/example_dag_decorator.py
[2025-08-25T12:48:49.399+0000] {processor.py:925} INFO - DAG(s) 'example_dag_decorator' retrieved from /home/airflow/.local/lib/python3.12/site-packages/airflow/example_dags/example_dag_decorator.py
[2025-08-25T12:48:49.554+0000] {logging_mixin.py:190} INFO - [2025-08-25T12:48:49.554+0000] {dag.py:3239} INFO - Sync 1 DAGs
[2025-08-25T12:48:49.578+0000] {logging_mixin.py:190} INFO - [2025-08-25T12:48:49.577+0000] {dag.py:4180} INFO - Setting next_dagrun for example_dag_decorator to None, run_after=None
[2025-08-25T12:48:49.615+0000] {processor.py:208} INFO - Processing /home/airflow/.local/lib/python3.12/site-packages/airflow/example_dags/example_dag_decorator.py took 0.242 seconds
[2025-08-25T12:49:19.909+0000] {processor.py:186} INFO - Started process (PID=1815) to work on /home/airflow/.local/lib/python3.12/site-packages/airflow/example_dags/example_dag_decorator.py
[2025-08-25T12:49:19.911+0000] {processor.py:914} INFO - Processing file /home/airflow/.local/lib/python3.12/site-packages/airflow/example_dags/example_dag_decorator.py for tasks to queue
[2025-08-25T12:49:19.917+0000] {logging_mixin.py:190} INFO - [2025-08-25T12:49:19.916+0000] {dagbag.py:588} INFO - Filling up the DagBag from /home/airflow/.local/lib/python3.12/site-packages/airflow/example_dags/example_dag_decorator.py
[2025-08-25T12:49:19.949+0000] {processor.py:925} INFO - DAG(s) 'example_dag_decorator' retrieved from /home/airflow/.local/lib/python3.12/site-packages/airflow/example_dags/example_dag_decorator.py
[2025-08-25T12:49:20.125+0000] {logging_mixin.py:190} INFO - [2025-08-25T12:49:20.124+0000] {dag.py:3239} INFO - Sync 1 DAGs
[2025-08-25T12:49:20.153+0000] {logging_mixin.py:190} INFO - [2025-08-25T12:49:20.152+0000] {dag.py:4180} INFO - Setting next_dagrun for example_dag_decorator to None, run_after=None
[2025-08-25T12:49:20.192+0000] {processor.py:208} INFO - Processing /home/airflow/.local/lib/python3.12/site-packages/airflow/example_dags/example_dag_decorator.py took 0.297 seconds
[2025-08-25T12:49:50.663+0000] {processor.py:186} INFO - Started process (PID=1879) to work on /home/airflow/.local/lib/python3.12/site-packages/airflow/example_dags/example_dag_decorator.py
[2025-08-25T12:49:50.666+0000] {processor.py:914} INFO - Processing file /home/airflow/.local/lib/python3.12/site-packages/airflow/example_dags/example_dag_decorator.py for tasks to queue
[2025-08-25T12:49:50.670+0000] {logging_mixin.py:190} INFO - [2025-08-25T12:49:50.669+0000] {dagbag.py:588} INFO - Filling up the DagBag from /home/airflow/.local/lib/python3.12/site-packages/airflow/example_dags/example_dag_decorator.py
[2025-08-25T12:49:50.693+0000] {processor.py:925} INFO - DAG(s) 'example_dag_decorator' retrieved from /home/airflow/.local/lib/python3.12/site-packages/airflow/example_dags/example_dag_decorator.py
[2025-08-25T12:49:50.931+0000] {logging_mixin.py:190} INFO - [2025-08-25T12:49:50.930+0000] {dag.py:3239} INFO - Sync 1 DAGs
[2025-08-25T12:49:50.955+0000] {logging_mixin.py:190} INFO - [2025-08-25T12:49:50.954+0000] {dag.py:4180} INFO - Setting next_dagrun for example_dag_decorator to None, run_after=None
[2025-08-25T12:49:50.991+0000] {processor.py:208} INFO - Processing /home/airflow/.local/lib/python3.12/site-packages/airflow/example_dags/example_dag_decorator.py took 0.338 seconds
[2025-08-25T12:50:21.568+0000] {processor.py:186} INFO - Started process (PID=1943) to work on /home/airflow/.local/lib/python3.12/site-packages/airflow/example_dags/example_dag_decorator.py
[2025-08-25T12:50:21.569+0000] {processor.py:914} INFO - Processing file /home/airflow/.local/lib/python3.12/site-packages/airflow/example_dags/example_dag_decorator.py for tasks to queue
[2025-08-25T12:50:21.572+0000] {logging_mixin.py:190} INFO - [2025-08-25T12:50:21.571+0000] {dagbag.py:588} INFO - Filling up the DagBag from /home/airflow/.local/lib/python3.12/site-packages/airflow/example_dags/example_dag_decorator.py
[2025-08-25T12:50:21.587+0000] {processor.py:925} INFO - DAG(s) 'example_dag_decorator' retrieved from /home/airflow/.local/lib/python3.12/site-packages/airflow/example_dags/example_dag_decorator.py
[2025-08-25T12:50:21.743+0000] {logging_mixin.py:190} INFO - [2025-08-25T12:50:21.742+0000] {dag.py:3239} INFO - Sync 1 DAGs
[2025-08-25T12:50:21.758+0000] {logging_mixin.py:190} INFO - [2025-08-25T12:50:21.758+0000] {dag.py:4180} INFO - Setting next_dagrun for example_dag_decorator to None, run_after=None
[2025-08-25T12:50:21.787+0000] {processor.py:208} INFO - Processing /home/airflow/.local/lib/python3.12/site-packages/airflow/example_dags/example_dag_decorator.py took 0.228 seconds
[2025-08-25T12:50:52.035+0000] {processor.py:186} INFO - Started process (PID=2007) to work on /home/airflow/.local/lib/python3.12/site-packages/airflow/example_dags/example_dag_decorator.py
[2025-08-25T12:50:52.037+0000] {processor.py:914} INFO - Processing file /home/airflow/.local/lib/python3.12/site-packages/airflow/example_dags/example_dag_decorator.py for tasks to queue
[2025-08-25T12:50:52.040+0000] {logging_mixin.py:190} INFO - [2025-08-25T12:50:52.039+0000] {dagbag.py:588} INFO - Filling up the DagBag from /home/airflow/.local/lib/python3.12/site-packages/airflow/example_dags/example_dag_decorator.py
[2025-08-25T12:50:52.055+0000] {processor.py:925} INFO - DAG(s) 'example_dag_decorator' retrieved from /home/airflow/.local/lib/python3.12/site-packages/airflow/example_dags/example_dag_decorator.py
[2025-08-25T12:50:52.181+0000] {logging_mixin.py:190} INFO - [2025-08-25T12:50:52.181+0000] {dag.py:3239} INFO - Sync 1 DAGs
[2025-08-25T12:50:52.193+0000] {logging_mixin.py:190} INFO - [2025-08-25T12:50:52.193+0000] {dag.py:4180} INFO - Setting next_dagrun for example_dag_decorator to None, run_after=None
[2025-08-25T12:50:52.214+0000] {processor.py:208} INFO - Processing /home/airflow/.local/lib/python3.12/site-packages/airflow/example_dags/example_dag_decorator.py took 0.188 seconds
[2025-08-25T12:51:22.269+0000] {processor.py:186} INFO - Started process (PID=2071) to work on /home/airflow/.local/lib/python3.12/site-packages/airflow/example_dags/example_dag_decorator.py
[2025-08-25T12:51:22.271+0000] {processor.py:914} INFO - Processing file /home/airflow/.local/lib/python3.12/site-packages/airflow/example_dags/example_dag_decorator.py for tasks to queue
[2025-08-25T12:51:22.275+0000] {logging_mixin.py:190} INFO - [2025-08-25T12:51:22.275+0000] {dagbag.py:588} INFO - Filling up the DagBag from /home/airflow/.local/lib/python3.12/site-packages/airflow/example_dags/example_dag_decorator.py
[2025-08-25T12:51:22.299+0000] {processor.py:925} INFO - DAG(s) 'example_dag_decorator' retrieved from /home/airflow/.local/lib/python3.12/site-packages/airflow/example_dags/example_dag_decorator.py
[2025-08-25T12:51:22.557+0000] {logging_mixin.py:190} INFO - [2025-08-25T12:51:22.557+0000] {dag.py:3239} INFO - Sync 1 DAGs
[2025-08-25T12:51:22.572+0000] {logging_mixin.py:190} INFO - [2025-08-25T12:51:22.572+0000] {dag.py:4180} INFO - Setting next_dagrun for example_dag_decorator to None, run_after=None
[2025-08-25T12:51:22.596+0000] {processor.py:208} INFO - Processing /home/airflow/.local/lib/python3.12/site-packages/airflow/example_dags/example_dag_decorator.py took 0.338 seconds
[2025-08-25T12:51:53.244+0000] {processor.py:186} INFO - Started process (PID=2135) to work on /home/airflow/.local/lib/python3.12/site-packages/airflow/example_dags/example_dag_decorator.py
[2025-08-25T12:51:53.246+0000] {processor.py:914} INFO - Processing file /home/airflow/.local/lib/python3.12/site-packages/airflow/example_dags/example_dag_decorator.py for tasks to queue
[2025-08-25T12:51:53.249+0000] {logging_mixin.py:190} INFO - [2025-08-25T12:51:53.249+0000] {dagbag.py:588} INFO - Filling up the DagBag from /home/airflow/.local/lib/python3.12/site-packages/airflow/example_dags/example_dag_decorator.py
[2025-08-25T12:51:53.270+0000] {processor.py:925} INFO - DAG(s) 'example_dag_decorator' retrieved from /home/airflow/.local/lib/python3.12/site-packages/airflow/example_dags/example_dag_decorator.py
[2025-08-25T12:51:53.419+0000] {logging_mixin.py:190} INFO - [2025-08-25T12:51:53.418+0000] {dag.py:3239} INFO - Sync 1 DAGs
[2025-08-25T12:51:53.431+0000] {logging_mixin.py:190} INFO - [2025-08-25T12:51:53.431+0000] {dag.py:4180} INFO - Setting next_dagrun for example_dag_decorator to None, run_after=None
[2025-08-25T12:51:53.461+0000] {processor.py:208} INFO - Processing /home/airflow/.local/lib/python3.12/site-packages/airflow/example_dags/example_dag_decorator.py took 0.226 seconds
[2025-08-25T12:52:24.036+0000] {processor.py:186} INFO - Started process (PID=2199) to work on /home/airflow/.local/lib/python3.12/site-packages/airflow/example_dags/example_dag_decorator.py
[2025-08-25T12:52:24.038+0000] {processor.py:914} INFO - Processing file /home/airflow/.local/lib/python3.12/site-packages/airflow/example_dags/example_dag_decorator.py for tasks to queue
[2025-08-25T12:52:24.043+0000] {logging_mixin.py:190} INFO - [2025-08-25T12:52:24.042+0000] {dagbag.py:588} INFO - Filling up the DagBag from /home/airflow/.local/lib/python3.12/site-packages/airflow/example_dags/example_dag_decorator.py
[2025-08-25T12:52:24.065+0000] {processor.py:925} INFO - DAG(s) 'example_dag_decorator' retrieved from /home/airflow/.local/lib/python3.12/site-packages/airflow/example_dags/example_dag_decorator.py
[2025-08-25T12:52:24.228+0000] {logging_mixin.py:190} INFO - [2025-08-25T12:52:24.227+0000] {dag.py:3239} INFO - Sync 1 DAGs
[2025-08-25T12:52:24.241+0000] {logging_mixin.py:190} INFO - [2025-08-25T12:52:24.240+0000] {dag.py:4180} INFO - Setting next_dagrun for example_dag_decorator to None, run_after=None
[2025-08-25T12:52:24.261+0000] {processor.py:208} INFO - Processing /home/airflow/.local/lib/python3.12/site-packages/airflow/example_dags/example_dag_decorator.py took 0.236 seconds
[2025-08-25T12:52:54.472+0000] {processor.py:186} INFO - Started process (PID=2264) to work on /home/airflow/.local/lib/python3.12/site-packages/airflow/example_dags/example_dag_decorator.py
[2025-08-25T12:52:54.474+0000] {processor.py:914} INFO - Processing file /home/airflow/.local/lib/python3.12/site-packages/airflow/example_dags/example_dag_decorator.py for tasks to queue
[2025-08-25T12:52:54.477+0000] {logging_mixin.py:190} INFO - [2025-08-25T12:52:54.477+0000] {dagbag.py:588} INFO - Filling up the DagBag from /home/airflow/.local/lib/python3.12/site-packages/airflow/example_dags/example_dag_decorator.py
[2025-08-25T12:52:54.497+0000] {processor.py:925} INFO - DAG(s) 'example_dag_decorator' retrieved from /home/airflow/.local/lib/python3.12/site-packages/airflow/example_dags/example_dag_decorator.py
[2025-08-25T12:52:54.638+0000] {logging_mixin.py:190} INFO - [2025-08-25T12:52:54.638+0000] {dag.py:3239} INFO - Sync 1 DAGs
[2025-08-25T12:52:54.654+0000] {logging_mixin.py:190} INFO - [2025-08-25T12:52:54.654+0000] {dag.py:4180} INFO - Setting next_dagrun for example_dag_decorator to None, run_after=None
[2025-08-25T12:52:54.682+0000] {processor.py:208} INFO - Processing /home/airflow/.local/lib/python3.12/site-packages/airflow/example_dags/example_dag_decorator.py took 0.219 seconds
[2025-08-25T12:53:25.259+0000] {processor.py:186} INFO - Started process (PID=2327) to work on /home/airflow/.local/lib/python3.12/site-packages/airflow/example_dags/example_dag_decorator.py
[2025-08-25T12:53:25.262+0000] {processor.py:914} INFO - Processing file /home/airflow/.local/lib/python3.12/site-packages/airflow/example_dags/example_dag_decorator.py for tasks to queue
[2025-08-25T12:53:25.265+0000] {logging_mixin.py:190} INFO - [2025-08-25T12:53:25.265+0000] {dagbag.py:588} INFO - Filling up the DagBag from /home/airflow/.local/lib/python3.12/site-packages/airflow/example_dags/example_dag_decorator.py
[2025-08-25T12:53:25.279+0000] {processor.py:925} INFO - DAG(s) 'example_dag_decorator' retrieved from /home/airflow/.local/lib/python3.12/site-packages/airflow/example_dags/example_dag_decorator.py
[2025-08-25T12:53:25.435+0000] {logging_mixin.py:190} INFO - [2025-08-25T12:53:25.434+0000] {dag.py:3239} INFO - Sync 1 DAGs
[2025-08-25T12:53:25.456+0000] {logging_mixin.py:190} INFO - [2025-08-25T12:53:25.456+0000] {dag.py:4180} INFO - Setting next_dagrun for example_dag_decorator to None, run_after=None
[2025-08-25T12:53:25.493+0000] {processor.py:208} INFO - Processing /home/airflow/.local/lib/python3.12/site-packages/airflow/example_dags/example_dag_decorator.py took 0.243 seconds
[2025-08-25T12:53:55.886+0000] {processor.py:186} INFO - Started process (PID=2391) to work on /home/airflow/.local/lib/python3.12/site-packages/airflow/example_dags/example_dag_decorator.py
[2025-08-25T12:53:55.887+0000] {processor.py:914} INFO - Processing file /home/airflow/.local/lib/python3.12/site-packages/airflow/example_dags/example_dag_decorator.py for tasks to queue
[2025-08-25T12:53:55.889+0000] {logging_mixin.py:190} INFO - [2025-08-25T12:53:55.889+0000] {dagbag.py:588} INFO - Filling up the DagBag from /home/airflow/.local/lib/python3.12/site-packages/airflow/example_dags/example_dag_decorator.py
[2025-08-25T12:53:55.900+0000] {processor.py:925} INFO - DAG(s) 'example_dag_decorator' retrieved from /home/airflow/.local/lib/python3.12/site-packages/airflow/example_dags/example_dag_decorator.py
[2025-08-25T12:53:56.062+0000] {logging_mixin.py:190} INFO - [2025-08-25T12:53:56.062+0000] {dag.py:3239} INFO - Sync 1 DAGs
[2025-08-25T12:53:56.083+0000] {logging_mixin.py:190} INFO - [2025-08-25T12:53:56.083+0000] {dag.py:4180} INFO - Setting next_dagrun for example_dag_decorator to None, run_after=None
[2025-08-25T12:53:56.114+0000] {processor.py:208} INFO - Processing /home/airflow/.local/lib/python3.12/site-packages/airflow/example_dags/example_dag_decorator.py took 0.233 seconds
[2025-08-25T12:54:26.681+0000] {processor.py:186} INFO - Started process (PID=2455) to work on /home/airflow/.local/lib/python3.12/site-packages/airflow/example_dags/example_dag_decorator.py
[2025-08-25T12:54:26.682+0000] {processor.py:914} INFO - Processing file /home/airflow/.local/lib/python3.12/site-packages/airflow/example_dags/example_dag_decorator.py for tasks to queue
[2025-08-25T12:54:26.685+0000] {logging_mixin.py:190} INFO - [2025-08-25T12:54:26.685+0000] {dagbag.py:588} INFO - Filling up the DagBag from /home/airflow/.local/lib/python3.12/site-packages/airflow/example_dags/example_dag_decorator.py
[2025-08-25T12:54:26.699+0000] {processor.py:925} INFO - DAG(s) 'example_dag_decorator' retrieved from /home/airflow/.local/lib/python3.12/site-packages/airflow/example_dags/example_dag_decorator.py
[2025-08-25T12:54:26.837+0000] {logging_mixin.py:190} INFO - [2025-08-25T12:54:26.837+0000] {dag.py:3239} INFO - Sync 1 DAGs
[2025-08-25T12:54:26.852+0000] {logging_mixin.py:190} INFO - [2025-08-25T12:54:26.851+0000] {dag.py:4180} INFO - Setting next_dagrun for example_dag_decorator to None, run_after=None
[2025-08-25T12:54:27.121+0000] {processor.py:208} INFO - Processing /home/airflow/.local/lib/python3.12/site-packages/airflow/example_dags/example_dag_decorator.py took 0.447 seconds
[2025-08-25T12:54:57.726+0000] {processor.py:186} INFO - Started process (PID=2519) to work on /home/airflow/.local/lib/python3.12/site-packages/airflow/example_dags/example_dag_decorator.py
[2025-08-25T12:54:57.728+0000] {processor.py:914} INFO - Processing file /home/airflow/.local/lib/python3.12/site-packages/airflow/example_dags/example_dag_decorator.py for tasks to queue
[2025-08-25T12:54:57.731+0000] {logging_mixin.py:190} INFO - [2025-08-25T12:54:57.731+0000] {dagbag.py:588} INFO - Filling up the DagBag from /home/airflow/.local/lib/python3.12/site-packages/airflow/example_dags/example_dag_decorator.py
[2025-08-25T12:54:57.750+0000] {processor.py:925} INFO - DAG(s) 'example_dag_decorator' retrieved from /home/airflow/.local/lib/python3.12/site-packages/airflow/example_dags/example_dag_decorator.py
[2025-08-25T12:54:57.917+0000] {logging_mixin.py:190} INFO - [2025-08-25T12:54:57.916+0000] {dag.py:3239} INFO - Sync 1 DAGs
[2025-08-25T12:54:57.934+0000] {logging_mixin.py:190} INFO - [2025-08-25T12:54:57.933+0000] {dag.py:4180} INFO - Setting next_dagrun for example_dag_decorator to None, run_after=None
[2025-08-25T12:54:57.961+0000] {processor.py:208} INFO - Processing /home/airflow/.local/lib/python3.12/site-packages/airflow/example_dags/example_dag_decorator.py took 0.246 seconds
[2025-08-25T12:55:28.435+0000] {processor.py:186} INFO - Started process (PID=2583) to work on /home/airflow/.local/lib/python3.12/site-packages/airflow/example_dags/example_dag_decorator.py
[2025-08-25T12:55:28.436+0000] {processor.py:914} INFO - Processing file /home/airflow/.local/lib/python3.12/site-packages/airflow/example_dags/example_dag_decorator.py for tasks to queue
[2025-08-25T12:55:28.438+0000] {logging_mixin.py:190} INFO - [2025-08-25T12:55:28.438+0000] {dagbag.py:588} INFO - Filling up the DagBag from /home/airflow/.local/lib/python3.12/site-packages/airflow/example_dags/example_dag_decorator.py
[2025-08-25T12:55:28.449+0000] {processor.py:925} INFO - DAG(s) 'example_dag_decorator' retrieved from /home/airflow/.local/lib/python3.12/site-packages/airflow/example_dags/example_dag_decorator.py
[2025-08-25T12:55:28.599+0000] {logging_mixin.py:190} INFO - [2025-08-25T12:55:28.598+0000] {dag.py:3239} INFO - Sync 1 DAGs
[2025-08-25T12:55:28.613+0000] {logging_mixin.py:190} INFO - [2025-08-25T12:55:28.613+0000] {dag.py:4180} INFO - Setting next_dagrun for example_dag_decorator to None, run_after=None
[2025-08-25T12:55:28.641+0000] {processor.py:208} INFO - Processing /home/airflow/.local/lib/python3.12/site-packages/airflow/example_dags/example_dag_decorator.py took 0.214 seconds
[2025-08-25T12:55:59.081+0000] {processor.py:186} INFO - Started process (PID=2647) to work on /home/airflow/.local/lib/python3.12/site-packages/airflow/example_dags/example_dag_decorator.py
[2025-08-25T12:55:59.082+0000] {processor.py:914} INFO - Processing file /home/airflow/.local/lib/python3.12/site-packages/airflow/example_dags/example_dag_decorator.py for tasks to queue
[2025-08-25T12:55:59.085+0000] {logging_mixin.py:190} INFO - [2025-08-25T12:55:59.084+0000] {dagbag.py:588} INFO - Filling up the DagBag from /home/airflow/.local/lib/python3.12/site-packages/airflow/example_dags/example_dag_decorator.py
[2025-08-25T12:55:59.099+0000] {processor.py:925} INFO - DAG(s) 'example_dag_decorator' retrieved from /home/airflow/.local/lib/python3.12/site-packages/airflow/example_dags/example_dag_decorator.py
[2025-08-25T12:55:59.229+0000] {logging_mixin.py:190} INFO - [2025-08-25T12:55:59.229+0000] {dag.py:3239} INFO - Sync 1 DAGs
[2025-08-25T12:55:59.245+0000] {logging_mixin.py:190} INFO - [2025-08-25T12:55:59.245+0000] {dag.py:4180} INFO - Setting next_dagrun for example_dag_decorator to None, run_after=None
[2025-08-25T12:55:59.271+0000] {processor.py:208} INFO - Processing /home/airflow/.local/lib/python3.12/site-packages/airflow/example_dags/example_dag_decorator.py took 0.199 seconds
[2025-08-25T12:56:30.103+0000] {processor.py:186} INFO - Started process (PID=2717) to work on /home/airflow/.local/lib/python3.12/site-packages/airflow/example_dags/example_dag_decorator.py
[2025-08-25T12:56:30.104+0000] {processor.py:914} INFO - Processing file /home/airflow/.local/lib/python3.12/site-packages/airflow/example_dags/example_dag_decorator.py for tasks to queue
[2025-08-25T12:56:30.107+0000] {logging_mixin.py:190} INFO - [2025-08-25T12:56:30.106+0000] {dagbag.py:588} INFO - Filling up the DagBag from /home/airflow/.local/lib/python3.12/site-packages/airflow/example_dags/example_dag_decorator.py
[2025-08-25T12:56:30.118+0000] {processor.py:925} INFO - DAG(s) 'example_dag_decorator' retrieved from /home/airflow/.local/lib/python3.12/site-packages/airflow/example_dags/example_dag_decorator.py
[2025-08-25T12:56:30.497+0000] {logging_mixin.py:190} INFO - [2025-08-25T12:56:30.497+0000] {dag.py:3239} INFO - Sync 1 DAGs
[2025-08-25T12:56:30.514+0000] {logging_mixin.py:190} INFO - [2025-08-25T12:56:30.514+0000] {dag.py:4180} INFO - Setting next_dagrun for example_dag_decorator to None, run_after=None
[2025-08-25T12:56:30.537+0000] {processor.py:208} INFO - Processing /home/airflow/.local/lib/python3.12/site-packages/airflow/example_dags/example_dag_decorator.py took 0.441 seconds
[2025-08-25T12:57:01.146+0000] {processor.py:186} INFO - Started process (PID=2781) to work on /home/airflow/.local/lib/python3.12/site-packages/airflow/example_dags/example_dag_decorator.py
[2025-08-25T12:57:01.148+0000] {processor.py:914} INFO - Processing file /home/airflow/.local/lib/python3.12/site-packages/airflow/example_dags/example_dag_decorator.py for tasks to queue
[2025-08-25T12:57:01.151+0000] {logging_mixin.py:190} INFO - [2025-08-25T12:57:01.150+0000] {dagbag.py:588} INFO - Filling up the DagBag from /home/airflow/.local/lib/python3.12/site-packages/airflow/example_dags/example_dag_decorator.py
[2025-08-25T12:57:01.165+0000] {processor.py:925} INFO - DAG(s) 'example_dag_decorator' retrieved from /home/airflow/.local/lib/python3.12/site-packages/airflow/example_dags/example_dag_decorator.py
[2025-08-25T12:57:01.571+0000] {logging_mixin.py:190} INFO - [2025-08-25T12:57:01.570+0000] {dag.py:3239} INFO - Sync 1 DAGs
[2025-08-25T12:57:01.590+0000] {logging_mixin.py:190} INFO - [2025-08-25T12:57:01.589+0000] {dag.py:4180} INFO - Setting next_dagrun for example_dag_decorator to None, run_after=None
[2025-08-25T12:57:01.618+0000] {processor.py:208} INFO - Processing /home/airflow/.local/lib/python3.12/site-packages/airflow/example_dags/example_dag_decorator.py took 0.482 seconds
