[2025-08-25T12:35:33.372+0000] {processor.py:186} INFO - Started process (PID=85) to work on /home/airflow/.local/lib/python3.12/site-packages/airflow/example_dags/example_display_name.py
[2025-08-25T12:35:33.373+0000] {processor.py:914} INFO - Processing file /home/airflow/.local/lib/python3.12/site-packages/airflow/example_dags/example_display_name.py for tasks to queue
[2025-08-25T12:35:33.375+0000] {logging_mixin.py:190} INFO - [2025-08-25T12:35:33.375+0000] {dagbag.py:588} INFO - Filling up the DagBag from /home/airflow/.local/lib/python3.12/site-packages/airflow/example_dags/example_display_name.py
[2025-08-25T12:35:33.384+0000] {processor.py:925} INFO - DAG(s) 'example_display_name' retrieved from /home/airflow/.local/lib/python3.12/site-packages/airflow/example_dags/example_display_name.py
[2025-08-25T12:35:33.509+0000] {logging_mixin.py:190} INFO - [2025-08-25T12:35:33.508+0000] {override.py:1900} INFO - Created Permission View: can read on DAG:example_display_name
[2025-08-25T12:35:33.528+0000] {logging_mixin.py:190} INFO - [2025-08-25T12:35:33.528+0000] {override.py:1900} INFO - Created Permission View: can delete on DAG:example_display_name
[2025-08-25T12:35:33.537+0000] {logging_mixin.py:190} INFO - [2025-08-25T12:35:33.536+0000] {override.py:1900} INFO - Created Permission View: can edit on DAG:example_display_name
[2025-08-25T12:35:33.550+0000] {logging_mixin.py:190} INFO - [2025-08-25T12:35:33.549+0000] {override.py:1900} INFO - Created Permission View: can read on DAG Run:example_display_name
[2025-08-25T12:35:33.563+0000] {logging_mixin.py:190} INFO - [2025-08-25T12:35:33.562+0000] {override.py:1900} INFO - Created Permission View: menu access on DAG Run:example_display_name
[2025-08-25T12:35:33.576+0000] {logging_mixin.py:190} INFO - [2025-08-25T12:35:33.575+0000] {override.py:1900} INFO - Created Permission View: can delete on DAG Run:example_display_name
[2025-08-25T12:35:33.588+0000] {logging_mixin.py:190} INFO - [2025-08-25T12:35:33.588+0000] {override.py:1900} INFO - Created Permission View: can create on DAG Run:example_display_name
[2025-08-25T12:35:33.589+0000] {logging_mixin.py:190} INFO - [2025-08-25T12:35:33.589+0000] {dag.py:3239} INFO - Sync 1 DAGs
[2025-08-25T12:35:33.617+0000] {logging_mixin.py:190} INFO - [2025-08-25T12:35:33.617+0000] {dag.py:3262} INFO - Creating ORM DAG for example_display_name
[2025-08-25T12:35:33.619+0000] {logging_mixin.py:190} INFO - [2025-08-25T12:35:33.619+0000] {dag.py:4180} INFO - Setting next_dagrun for example_display_name to None, run_after=None
[2025-08-25T12:35:33.654+0000] {processor.py:208} INFO - Processing /home/airflow/.local/lib/python3.12/site-packages/airflow/example_dags/example_display_name.py took 0.291 seconds
[2025-08-25T12:36:04.577+0000] {processor.py:186} INFO - Started process (PID=149) to work on /home/airflow/.local/lib/python3.12/site-packages/airflow/example_dags/example_display_name.py
[2025-08-25T12:36:04.578+0000] {processor.py:914} INFO - Processing file /home/airflow/.local/lib/python3.12/site-packages/airflow/example_dags/example_display_name.py for tasks to queue
[2025-08-25T12:36:04.582+0000] {logging_mixin.py:190} INFO - [2025-08-25T12:36:04.582+0000] {dagbag.py:588} INFO - Filling up the DagBag from /home/airflow/.local/lib/python3.12/site-packages/airflow/example_dags/example_display_name.py
[2025-08-25T12:36:04.594+0000] {processor.py:925} INFO - DAG(s) 'example_display_name' retrieved from /home/airflow/.local/lib/python3.12/site-packages/airflow/example_dags/example_display_name.py
[2025-08-25T12:36:04.623+0000] {logging_mixin.py:190} INFO - [2025-08-25T12:36:04.623+0000] {dag.py:3239} INFO - Sync 1 DAGs
[2025-08-25T12:36:04.648+0000] {logging_mixin.py:190} INFO - [2025-08-25T12:36:04.647+0000] {dag.py:4180} INFO - Setting next_dagrun for example_display_name to None, run_after=None
[2025-08-25T12:36:04.676+0000] {processor.py:208} INFO - Processing /home/airflow/.local/lib/python3.12/site-packages/airflow/example_dags/example_display_name.py took 0.109 seconds
[2025-08-25T12:36:35.121+0000] {processor.py:186} INFO - Started process (PID=213) to work on /home/airflow/.local/lib/python3.12/site-packages/airflow/example_dags/example_display_name.py
[2025-08-25T12:36:35.122+0000] {processor.py:914} INFO - Processing file /home/airflow/.local/lib/python3.12/site-packages/airflow/example_dags/example_display_name.py for tasks to queue
[2025-08-25T12:36:35.125+0000] {logging_mixin.py:190} INFO - [2025-08-25T12:36:35.125+0000] {dagbag.py:588} INFO - Filling up the DagBag from /home/airflow/.local/lib/python3.12/site-packages/airflow/example_dags/example_display_name.py
[2025-08-25T12:36:35.134+0000] {processor.py:925} INFO - DAG(s) 'example_display_name' retrieved from /home/airflow/.local/lib/python3.12/site-packages/airflow/example_dags/example_display_name.py
[2025-08-25T12:36:35.169+0000] {logging_mixin.py:190} INFO - [2025-08-25T12:36:35.169+0000] {dag.py:3239} INFO - Sync 1 DAGs
[2025-08-25T12:36:35.190+0000] {logging_mixin.py:190} INFO - [2025-08-25T12:36:35.190+0000] {dag.py:4180} INFO - Setting next_dagrun for example_display_name to None, run_after=None
[2025-08-25T12:36:35.215+0000] {processor.py:208} INFO - Processing /home/airflow/.local/lib/python3.12/site-packages/airflow/example_dags/example_display_name.py took 0.105 seconds
[2025-08-25T12:37:06.009+0000] {processor.py:186} INFO - Started process (PID=277) to work on /home/airflow/.local/lib/python3.12/site-packages/airflow/example_dags/example_display_name.py
[2025-08-25T12:37:06.010+0000] {processor.py:914} INFO - Processing file /home/airflow/.local/lib/python3.12/site-packages/airflow/example_dags/example_display_name.py for tasks to queue
[2025-08-25T12:37:06.014+0000] {logging_mixin.py:190} INFO - [2025-08-25T12:37:06.013+0000] {dagbag.py:588} INFO - Filling up the DagBag from /home/airflow/.local/lib/python3.12/site-packages/airflow/example_dags/example_display_name.py
[2025-08-25T12:37:06.023+0000] {processor.py:925} INFO - DAG(s) 'example_display_name' retrieved from /home/airflow/.local/lib/python3.12/site-packages/airflow/example_dags/example_display_name.py
[2025-08-25T12:37:06.050+0000] {logging_mixin.py:190} INFO - [2025-08-25T12:37:06.050+0000] {dag.py:3239} INFO - Sync 1 DAGs
[2025-08-25T12:37:06.067+0000] {logging_mixin.py:190} INFO - [2025-08-25T12:37:06.067+0000] {dag.py:4180} INFO - Setting next_dagrun for example_display_name to None, run_after=None
[2025-08-25T12:37:06.095+0000] {processor.py:208} INFO - Processing /home/airflow/.local/lib/python3.12/site-packages/airflow/example_dags/example_display_name.py took 0.094 seconds
[2025-08-25T12:37:36.961+0000] {processor.py:186} INFO - Started process (PID=341) to work on /home/airflow/.local/lib/python3.12/site-packages/airflow/example_dags/example_display_name.py
[2025-08-25T12:37:36.963+0000] {processor.py:914} INFO - Processing file /home/airflow/.local/lib/python3.12/site-packages/airflow/example_dags/example_display_name.py for tasks to queue
[2025-08-25T12:37:36.967+0000] {logging_mixin.py:190} INFO - [2025-08-25T12:37:36.967+0000] {dagbag.py:588} INFO - Filling up the DagBag from /home/airflow/.local/lib/python3.12/site-packages/airflow/example_dags/example_display_name.py
[2025-08-25T12:37:36.981+0000] {processor.py:925} INFO - DAG(s) 'example_display_name' retrieved from /home/airflow/.local/lib/python3.12/site-packages/airflow/example_dags/example_display_name.py
[2025-08-25T12:37:37.011+0000] {logging_mixin.py:190} INFO - [2025-08-25T12:37:37.010+0000] {dag.py:3239} INFO - Sync 1 DAGs
[2025-08-25T12:37:37.031+0000] {logging_mixin.py:190} INFO - [2025-08-25T12:37:37.031+0000] {dag.py:4180} INFO - Setting next_dagrun for example_display_name to None, run_after=None
[2025-08-25T12:37:37.058+0000] {processor.py:208} INFO - Processing /home/airflow/.local/lib/python3.12/site-packages/airflow/example_dags/example_display_name.py took 0.104 seconds
[2025-08-25T12:38:07.304+0000] {processor.py:186} INFO - Started process (PID=405) to work on /home/airflow/.local/lib/python3.12/site-packages/airflow/example_dags/example_display_name.py
[2025-08-25T12:38:07.305+0000] {processor.py:914} INFO - Processing file /home/airflow/.local/lib/python3.12/site-packages/airflow/example_dags/example_display_name.py for tasks to queue
[2025-08-25T12:38:07.309+0000] {logging_mixin.py:190} INFO - [2025-08-25T12:38:07.308+0000] {dagbag.py:588} INFO - Filling up the DagBag from /home/airflow/.local/lib/python3.12/site-packages/airflow/example_dags/example_display_name.py
[2025-08-25T12:38:07.321+0000] {processor.py:925} INFO - DAG(s) 'example_display_name' retrieved from /home/airflow/.local/lib/python3.12/site-packages/airflow/example_dags/example_display_name.py
[2025-08-25T12:38:07.349+0000] {logging_mixin.py:190} INFO - [2025-08-25T12:38:07.349+0000] {dag.py:3239} INFO - Sync 1 DAGs
[2025-08-25T12:38:07.372+0000] {logging_mixin.py:190} INFO - [2025-08-25T12:38:07.372+0000] {dag.py:4180} INFO - Setting next_dagrun for example_display_name to None, run_after=None
[2025-08-25T12:38:07.401+0000] {processor.py:208} INFO - Processing /home/airflow/.local/lib/python3.12/site-packages/airflow/example_dags/example_display_name.py took 0.106 seconds
[2025-08-25T12:38:37.902+0000] {processor.py:186} INFO - Started process (PID=469) to work on /home/airflow/.local/lib/python3.12/site-packages/airflow/example_dags/example_display_name.py
[2025-08-25T12:38:37.903+0000] {processor.py:914} INFO - Processing file /home/airflow/.local/lib/python3.12/site-packages/airflow/example_dags/example_display_name.py for tasks to queue
[2025-08-25T12:38:37.905+0000] {logging_mixin.py:190} INFO - [2025-08-25T12:38:37.904+0000] {dagbag.py:588} INFO - Filling up the DagBag from /home/airflow/.local/lib/python3.12/site-packages/airflow/example_dags/example_display_name.py
[2025-08-25T12:38:37.917+0000] {processor.py:925} INFO - DAG(s) 'example_display_name' retrieved from /home/airflow/.local/lib/python3.12/site-packages/airflow/example_dags/example_display_name.py
[2025-08-25T12:38:37.951+0000] {logging_mixin.py:190} INFO - [2025-08-25T12:38:37.951+0000] {dag.py:3239} INFO - Sync 1 DAGs
[2025-08-25T12:38:37.973+0000] {logging_mixin.py:190} INFO - [2025-08-25T12:38:37.972+0000] {dag.py:4180} INFO - Setting next_dagrun for example_display_name to None, run_after=None
[2025-08-25T12:38:38.013+0000] {processor.py:208} INFO - Processing /home/airflow/.local/lib/python3.12/site-packages/airflow/example_dags/example_display_name.py took 0.118 seconds
[2025-08-25T12:39:08.364+0000] {processor.py:186} INFO - Started process (PID=533) to work on /home/airflow/.local/lib/python3.12/site-packages/airflow/example_dags/example_display_name.py
[2025-08-25T12:39:08.365+0000] {processor.py:914} INFO - Processing file /home/airflow/.local/lib/python3.12/site-packages/airflow/example_dags/example_display_name.py for tasks to queue
[2025-08-25T12:39:08.368+0000] {logging_mixin.py:190} INFO - [2025-08-25T12:39:08.367+0000] {dagbag.py:588} INFO - Filling up the DagBag from /home/airflow/.local/lib/python3.12/site-packages/airflow/example_dags/example_display_name.py
[2025-08-25T12:39:08.377+0000] {processor.py:925} INFO - DAG(s) 'example_display_name' retrieved from /home/airflow/.local/lib/python3.12/site-packages/airflow/example_dags/example_display_name.py
[2025-08-25T12:39:08.400+0000] {logging_mixin.py:190} INFO - [2025-08-25T12:39:08.399+0000] {dag.py:3239} INFO - Sync 1 DAGs
[2025-08-25T12:39:08.416+0000] {logging_mixin.py:190} INFO - [2025-08-25T12:39:08.416+0000] {dag.py:4180} INFO - Setting next_dagrun for example_display_name to None, run_after=None
[2025-08-25T12:39:08.439+0000] {processor.py:208} INFO - Processing /home/airflow/.local/lib/python3.12/site-packages/airflow/example_dags/example_display_name.py took 0.082 seconds
[2025-08-25T12:39:38.856+0000] {processor.py:186} INFO - Started process (PID=597) to work on /home/airflow/.local/lib/python3.12/site-packages/airflow/example_dags/example_display_name.py
[2025-08-25T12:39:38.857+0000] {processor.py:914} INFO - Processing file /home/airflow/.local/lib/python3.12/site-packages/airflow/example_dags/example_display_name.py for tasks to queue
[2025-08-25T12:39:38.859+0000] {logging_mixin.py:190} INFO - [2025-08-25T12:39:38.859+0000] {dagbag.py:588} INFO - Filling up the DagBag from /home/airflow/.local/lib/python3.12/site-packages/airflow/example_dags/example_display_name.py
[2025-08-25T12:39:38.868+0000] {processor.py:925} INFO - DAG(s) 'example_display_name' retrieved from /home/airflow/.local/lib/python3.12/site-packages/airflow/example_dags/example_display_name.py
[2025-08-25T12:39:38.895+0000] {logging_mixin.py:190} INFO - [2025-08-25T12:39:38.895+0000] {dag.py:3239} INFO - Sync 1 DAGs
[2025-08-25T12:39:38.915+0000] {logging_mixin.py:190} INFO - [2025-08-25T12:39:38.915+0000] {dag.py:4180} INFO - Setting next_dagrun for example_display_name to None, run_after=None
[2025-08-25T12:39:38.941+0000] {processor.py:208} INFO - Processing /home/airflow/.local/lib/python3.12/site-packages/airflow/example_dags/example_display_name.py took 0.093 seconds
[2025-08-25T12:40:09.186+0000] {processor.py:186} INFO - Started process (PID=661) to work on /home/airflow/.local/lib/python3.12/site-packages/airflow/example_dags/example_display_name.py
[2025-08-25T12:40:09.187+0000] {processor.py:914} INFO - Processing file /home/airflow/.local/lib/python3.12/site-packages/airflow/example_dags/example_display_name.py for tasks to queue
[2025-08-25T12:40:09.190+0000] {logging_mixin.py:190} INFO - [2025-08-25T12:40:09.190+0000] {dagbag.py:588} INFO - Filling up the DagBag from /home/airflow/.local/lib/python3.12/site-packages/airflow/example_dags/example_display_name.py
[2025-08-25T12:40:09.201+0000] {processor.py:925} INFO - DAG(s) 'example_display_name' retrieved from /home/airflow/.local/lib/python3.12/site-packages/airflow/example_dags/example_display_name.py
[2025-08-25T12:40:09.233+0000] {logging_mixin.py:190} INFO - [2025-08-25T12:40:09.232+0000] {dag.py:3239} INFO - Sync 1 DAGs
[2025-08-25T12:40:09.254+0000] {logging_mixin.py:190} INFO - [2025-08-25T12:40:09.253+0000] {dag.py:4180} INFO - Setting next_dagrun for example_display_name to None, run_after=None
[2025-08-25T12:40:09.280+0000] {processor.py:208} INFO - Processing /home/airflow/.local/lib/python3.12/site-packages/airflow/example_dags/example_display_name.py took 0.105 seconds
[2025-08-25T12:40:40.022+0000] {processor.py:186} INFO - Started process (PID=726) to work on /home/airflow/.local/lib/python3.12/site-packages/airflow/example_dags/example_display_name.py
[2025-08-25T12:40:40.023+0000] {processor.py:914} INFO - Processing file /home/airflow/.local/lib/python3.12/site-packages/airflow/example_dags/example_display_name.py for tasks to queue
[2025-08-25T12:40:40.026+0000] {logging_mixin.py:190} INFO - [2025-08-25T12:40:40.026+0000] {dagbag.py:588} INFO - Filling up the DagBag from /home/airflow/.local/lib/python3.12/site-packages/airflow/example_dags/example_display_name.py
[2025-08-25T12:40:40.035+0000] {processor.py:925} INFO - DAG(s) 'example_display_name' retrieved from /home/airflow/.local/lib/python3.12/site-packages/airflow/example_dags/example_display_name.py
[2025-08-25T12:40:40.069+0000] {logging_mixin.py:190} INFO - [2025-08-25T12:40:40.069+0000] {dag.py:3239} INFO - Sync 1 DAGs
[2025-08-25T12:40:40.093+0000] {logging_mixin.py:190} INFO - [2025-08-25T12:40:40.092+0000] {dag.py:4180} INFO - Setting next_dagrun for example_display_name to None, run_after=None
[2025-08-25T12:40:40.122+0000] {processor.py:208} INFO - Processing /home/airflow/.local/lib/python3.12/site-packages/airflow/example_dags/example_display_name.py took 0.107 seconds
[2025-08-25T12:41:10.348+0000] {processor.py:186} INFO - Started process (PID=792) to work on /home/airflow/.local/lib/python3.12/site-packages/airflow/example_dags/example_display_name.py
[2025-08-25T12:41:10.350+0000] {processor.py:914} INFO - Processing file /home/airflow/.local/lib/python3.12/site-packages/airflow/example_dags/example_display_name.py for tasks to queue
[2025-08-25T12:41:10.353+0000] {logging_mixin.py:190} INFO - [2025-08-25T12:41:10.353+0000] {dagbag.py:588} INFO - Filling up the DagBag from /home/airflow/.local/lib/python3.12/site-packages/airflow/example_dags/example_display_name.py
[2025-08-25T12:41:10.367+0000] {processor.py:925} INFO - DAG(s) 'example_display_name' retrieved from /home/airflow/.local/lib/python3.12/site-packages/airflow/example_dags/example_display_name.py
[2025-08-25T12:41:10.405+0000] {logging_mixin.py:190} INFO - [2025-08-25T12:41:10.404+0000] {dag.py:3239} INFO - Sync 1 DAGs
[2025-08-25T12:41:10.430+0000] {logging_mixin.py:190} INFO - [2025-08-25T12:41:10.430+0000] {dag.py:4180} INFO - Setting next_dagrun for example_display_name to None, run_after=None
[2025-08-25T12:41:10.464+0000] {processor.py:208} INFO - Processing /home/airflow/.local/lib/python3.12/site-packages/airflow/example_dags/example_display_name.py took 0.126 seconds
[2025-08-25T12:41:40.589+0000] {processor.py:186} INFO - Started process (PID=856) to work on /home/airflow/.local/lib/python3.12/site-packages/airflow/example_dags/example_display_name.py
[2025-08-25T12:41:40.591+0000] {processor.py:914} INFO - Processing file /home/airflow/.local/lib/python3.12/site-packages/airflow/example_dags/example_display_name.py for tasks to queue
[2025-08-25T12:41:40.594+0000] {logging_mixin.py:190} INFO - [2025-08-25T12:41:40.594+0000] {dagbag.py:588} INFO - Filling up the DagBag from /home/airflow/.local/lib/python3.12/site-packages/airflow/example_dags/example_display_name.py
[2025-08-25T12:41:40.606+0000] {processor.py:925} INFO - DAG(s) 'example_display_name' retrieved from /home/airflow/.local/lib/python3.12/site-packages/airflow/example_dags/example_display_name.py
[2025-08-25T12:41:40.636+0000] {logging_mixin.py:190} INFO - [2025-08-25T12:41:40.636+0000] {dag.py:3239} INFO - Sync 1 DAGs
[2025-08-25T12:41:40.653+0000] {logging_mixin.py:190} INFO - [2025-08-25T12:41:40.653+0000] {dag.py:4180} INFO - Setting next_dagrun for example_display_name to None, run_after=None
[2025-08-25T12:41:40.682+0000] {processor.py:208} INFO - Processing /home/airflow/.local/lib/python3.12/site-packages/airflow/example_dags/example_display_name.py took 0.102 seconds
[2025-08-25T12:42:11.136+0000] {processor.py:186} INFO - Started process (PID=920) to work on /home/airflow/.local/lib/python3.12/site-packages/airflow/example_dags/example_display_name.py
[2025-08-25T12:42:11.138+0000] {processor.py:914} INFO - Processing file /home/airflow/.local/lib/python3.12/site-packages/airflow/example_dags/example_display_name.py for tasks to queue
[2025-08-25T12:42:11.144+0000] {logging_mixin.py:190} INFO - [2025-08-25T12:42:11.143+0000] {dagbag.py:588} INFO - Filling up the DagBag from /home/airflow/.local/lib/python3.12/site-packages/airflow/example_dags/example_display_name.py
[2025-08-25T12:42:11.156+0000] {processor.py:925} INFO - DAG(s) 'example_display_name' retrieved from /home/airflow/.local/lib/python3.12/site-packages/airflow/example_dags/example_display_name.py
[2025-08-25T12:42:11.192+0000] {logging_mixin.py:190} INFO - [2025-08-25T12:42:11.191+0000] {dag.py:3239} INFO - Sync 1 DAGs
[2025-08-25T12:42:11.214+0000] {logging_mixin.py:190} INFO - [2025-08-25T12:42:11.213+0000] {dag.py:4180} INFO - Setting next_dagrun for example_display_name to None, run_after=None
[2025-08-25T12:42:11.255+0000] {processor.py:208} INFO - Processing /home/airflow/.local/lib/python3.12/site-packages/airflow/example_dags/example_display_name.py took 0.128 seconds
[2025-08-25T12:42:41.727+0000] {processor.py:186} INFO - Started process (PID=983) to work on /home/airflow/.local/lib/python3.12/site-packages/airflow/example_dags/example_display_name.py
[2025-08-25T12:42:41.730+0000] {processor.py:914} INFO - Processing file /home/airflow/.local/lib/python3.12/site-packages/airflow/example_dags/example_display_name.py for tasks to queue
[2025-08-25T12:42:41.735+0000] {logging_mixin.py:190} INFO - [2025-08-25T12:42:41.734+0000] {dagbag.py:588} INFO - Filling up the DagBag from /home/airflow/.local/lib/python3.12/site-packages/airflow/example_dags/example_display_name.py
[2025-08-25T12:42:41.754+0000] {processor.py:925} INFO - DAG(s) 'example_display_name' retrieved from /home/airflow/.local/lib/python3.12/site-packages/airflow/example_dags/example_display_name.py
[2025-08-25T12:42:41.798+0000] {logging_mixin.py:190} INFO - [2025-08-25T12:42:41.797+0000] {dag.py:3239} INFO - Sync 1 DAGs
[2025-08-25T12:42:41.829+0000] {logging_mixin.py:190} INFO - [2025-08-25T12:42:41.828+0000] {dag.py:4180} INFO - Setting next_dagrun for example_display_name to None, run_after=None
[2025-08-25T12:42:41.870+0000] {processor.py:208} INFO - Processing /home/airflow/.local/lib/python3.12/site-packages/airflow/example_dags/example_display_name.py took 0.158 seconds
[2025-08-25T12:43:12.379+0000] {processor.py:186} INFO - Started process (PID=1048) to work on /home/airflow/.local/lib/python3.12/site-packages/airflow/example_dags/example_display_name.py
[2025-08-25T12:43:12.380+0000] {processor.py:914} INFO - Processing file /home/airflow/.local/lib/python3.12/site-packages/airflow/example_dags/example_display_name.py for tasks to queue
[2025-08-25T12:43:12.382+0000] {logging_mixin.py:190} INFO - [2025-08-25T12:43:12.382+0000] {dagbag.py:588} INFO - Filling up the DagBag from /home/airflow/.local/lib/python3.12/site-packages/airflow/example_dags/example_display_name.py
[2025-08-25T12:43:12.389+0000] {processor.py:925} INFO - DAG(s) 'example_display_name' retrieved from /home/airflow/.local/lib/python3.12/site-packages/airflow/example_dags/example_display_name.py
[2025-08-25T12:43:12.417+0000] {logging_mixin.py:190} INFO - [2025-08-25T12:43:12.417+0000] {dag.py:3239} INFO - Sync 1 DAGs
[2025-08-25T12:43:12.433+0000] {logging_mixin.py:190} INFO - [2025-08-25T12:43:12.432+0000] {dag.py:4180} INFO - Setting next_dagrun for example_display_name to None, run_after=None
[2025-08-25T12:43:12.458+0000] {processor.py:208} INFO - Processing /home/airflow/.local/lib/python3.12/site-packages/airflow/example_dags/example_display_name.py took 0.086 seconds
[2025-08-25T12:43:43.686+0000] {processor.py:186} INFO - Started process (PID=1112) to work on /home/airflow/.local/lib/python3.12/site-packages/airflow/example_dags/example_display_name.py
[2025-08-25T12:43:43.688+0000] {processor.py:914} INFO - Processing file /home/airflow/.local/lib/python3.12/site-packages/airflow/example_dags/example_display_name.py for tasks to queue
[2025-08-25T12:43:43.690+0000] {logging_mixin.py:190} INFO - [2025-08-25T12:43:43.690+0000] {dagbag.py:588} INFO - Filling up the DagBag from /home/airflow/.local/lib/python3.12/site-packages/airflow/example_dags/example_display_name.py
[2025-08-25T12:43:43.700+0000] {processor.py:925} INFO - DAG(s) 'example_display_name' retrieved from /home/airflow/.local/lib/python3.12/site-packages/airflow/example_dags/example_display_name.py
[2025-08-25T12:43:43.726+0000] {logging_mixin.py:190} INFO - [2025-08-25T12:43:43.726+0000] {dag.py:3239} INFO - Sync 1 DAGs
[2025-08-25T12:43:43.742+0000] {logging_mixin.py:190} INFO - [2025-08-25T12:43:43.742+0000] {dag.py:4180} INFO - Setting next_dagrun for example_display_name to None, run_after=None
[2025-08-25T12:43:43.764+0000] {processor.py:208} INFO - Processing /home/airflow/.local/lib/python3.12/site-packages/airflow/example_dags/example_display_name.py took 0.085 seconds
[2025-08-25T12:44:13.945+0000] {processor.py:186} INFO - Started process (PID=1176) to work on /home/airflow/.local/lib/python3.12/site-packages/airflow/example_dags/example_display_name.py
[2025-08-25T12:44:13.946+0000] {processor.py:914} INFO - Processing file /home/airflow/.local/lib/python3.12/site-packages/airflow/example_dags/example_display_name.py for tasks to queue
[2025-08-25T12:44:13.950+0000] {logging_mixin.py:190} INFO - [2025-08-25T12:44:13.949+0000] {dagbag.py:588} INFO - Filling up the DagBag from /home/airflow/.local/lib/python3.12/site-packages/airflow/example_dags/example_display_name.py
[2025-08-25T12:44:13.963+0000] {processor.py:925} INFO - DAG(s) 'example_display_name' retrieved from /home/airflow/.local/lib/python3.12/site-packages/airflow/example_dags/example_display_name.py
[2025-08-25T12:44:13.997+0000] {logging_mixin.py:190} INFO - [2025-08-25T12:44:13.996+0000] {dag.py:3239} INFO - Sync 1 DAGs
[2025-08-25T12:44:14.028+0000] {logging_mixin.py:190} INFO - [2025-08-25T12:44:14.028+0000] {dag.py:4180} INFO - Setting next_dagrun for example_display_name to None, run_after=None
[2025-08-25T12:44:14.070+0000] {processor.py:208} INFO - Processing /home/airflow/.local/lib/python3.12/site-packages/airflow/example_dags/example_display_name.py took 0.134 seconds
[2025-08-25T12:44:44.978+0000] {processor.py:186} INFO - Started process (PID=1240) to work on /home/airflow/.local/lib/python3.12/site-packages/airflow/example_dags/example_display_name.py
[2025-08-25T12:44:44.979+0000] {processor.py:914} INFO - Processing file /home/airflow/.local/lib/python3.12/site-packages/airflow/example_dags/example_display_name.py for tasks to queue
[2025-08-25T12:44:44.982+0000] {logging_mixin.py:190} INFO - [2025-08-25T12:44:44.981+0000] {dagbag.py:588} INFO - Filling up the DagBag from /home/airflow/.local/lib/python3.12/site-packages/airflow/example_dags/example_display_name.py
[2025-08-25T12:44:44.991+0000] {processor.py:925} INFO - DAG(s) 'example_display_name' retrieved from /home/airflow/.local/lib/python3.12/site-packages/airflow/example_dags/example_display_name.py
[2025-08-25T12:44:45.021+0000] {logging_mixin.py:190} INFO - [2025-08-25T12:44:45.020+0000] {dag.py:3239} INFO - Sync 1 DAGs
[2025-08-25T12:44:45.038+0000] {logging_mixin.py:190} INFO - [2025-08-25T12:44:45.038+0000] {dag.py:4180} INFO - Setting next_dagrun for example_display_name to None, run_after=None
[2025-08-25T12:44:45.068+0000] {processor.py:208} INFO - Processing /home/airflow/.local/lib/python3.12/site-packages/airflow/example_dags/example_display_name.py took 0.098 seconds
[2025-08-25T12:45:15.684+0000] {processor.py:186} INFO - Started process (PID=1304) to work on /home/airflow/.local/lib/python3.12/site-packages/airflow/example_dags/example_display_name.py
[2025-08-25T12:45:15.685+0000] {processor.py:914} INFO - Processing file /home/airflow/.local/lib/python3.12/site-packages/airflow/example_dags/example_display_name.py for tasks to queue
[2025-08-25T12:45:15.687+0000] {logging_mixin.py:190} INFO - [2025-08-25T12:45:15.687+0000] {dagbag.py:588} INFO - Filling up the DagBag from /home/airflow/.local/lib/python3.12/site-packages/airflow/example_dags/example_display_name.py
[2025-08-25T12:45:15.697+0000] {processor.py:925} INFO - DAG(s) 'example_display_name' retrieved from /home/airflow/.local/lib/python3.12/site-packages/airflow/example_dags/example_display_name.py
[2025-08-25T12:45:15.727+0000] {logging_mixin.py:190} INFO - [2025-08-25T12:45:15.727+0000] {dag.py:3239} INFO - Sync 1 DAGs
[2025-08-25T12:45:15.746+0000] {logging_mixin.py:190} INFO - [2025-08-25T12:45:15.745+0000] {dag.py:4180} INFO - Setting next_dagrun for example_display_name to None, run_after=None
[2025-08-25T12:45:15.773+0000] {processor.py:208} INFO - Processing /home/airflow/.local/lib/python3.12/site-packages/airflow/example_dags/example_display_name.py took 0.097 seconds
[2025-08-25T12:45:46.513+0000] {processor.py:186} INFO - Started process (PID=1368) to work on /home/airflow/.local/lib/python3.12/site-packages/airflow/example_dags/example_display_name.py
[2025-08-25T12:45:46.515+0000] {processor.py:914} INFO - Processing file /home/airflow/.local/lib/python3.12/site-packages/airflow/example_dags/example_display_name.py for tasks to queue
[2025-08-25T12:45:46.521+0000] {logging_mixin.py:190} INFO - [2025-08-25T12:45:46.519+0000] {dagbag.py:588} INFO - Filling up the DagBag from /home/airflow/.local/lib/python3.12/site-packages/airflow/example_dags/example_display_name.py
[2025-08-25T12:45:46.537+0000] {processor.py:925} INFO - DAG(s) 'example_display_name' retrieved from /home/airflow/.local/lib/python3.12/site-packages/airflow/example_dags/example_display_name.py
[2025-08-25T12:45:46.577+0000] {logging_mixin.py:190} INFO - [2025-08-25T12:45:46.576+0000] {dag.py:3239} INFO - Sync 1 DAGs
[2025-08-25T12:45:46.605+0000] {logging_mixin.py:190} INFO - [2025-08-25T12:45:46.604+0000] {dag.py:4180} INFO - Setting next_dagrun for example_display_name to None, run_after=None
[2025-08-25T12:45:46.642+0000] {processor.py:208} INFO - Processing /home/airflow/.local/lib/python3.12/site-packages/airflow/example_dags/example_display_name.py took 0.143 seconds
[2025-08-25T12:46:16.727+0000] {processor.py:186} INFO - Started process (PID=1431) to work on /home/airflow/.local/lib/python3.12/site-packages/airflow/example_dags/example_display_name.py
[2025-08-25T12:46:16.729+0000] {processor.py:914} INFO - Processing file /home/airflow/.local/lib/python3.12/site-packages/airflow/example_dags/example_display_name.py for tasks to queue
[2025-08-25T12:46:16.732+0000] {logging_mixin.py:190} INFO - [2025-08-25T12:46:16.731+0000] {dagbag.py:588} INFO - Filling up the DagBag from /home/airflow/.local/lib/python3.12/site-packages/airflow/example_dags/example_display_name.py
[2025-08-25T12:46:16.741+0000] {processor.py:925} INFO - DAG(s) 'example_display_name' retrieved from /home/airflow/.local/lib/python3.12/site-packages/airflow/example_dags/example_display_name.py
[2025-08-25T12:46:16.767+0000] {logging_mixin.py:190} INFO - [2025-08-25T12:46:16.767+0000] {dag.py:3239} INFO - Sync 1 DAGs
[2025-08-25T12:46:16.784+0000] {logging_mixin.py:190} INFO - [2025-08-25T12:46:16.783+0000] {dag.py:4180} INFO - Setting next_dagrun for example_display_name to None, run_after=None
[2025-08-25T12:46:16.807+0000] {processor.py:208} INFO - Processing /home/airflow/.local/lib/python3.12/site-packages/airflow/example_dags/example_display_name.py took 0.087 seconds
[2025-08-25T12:46:47.470+0000] {processor.py:186} INFO - Started process (PID=1496) to work on /home/airflow/.local/lib/python3.12/site-packages/airflow/example_dags/example_display_name.py
[2025-08-25T12:46:47.471+0000] {processor.py:914} INFO - Processing file /home/airflow/.local/lib/python3.12/site-packages/airflow/example_dags/example_display_name.py for tasks to queue
[2025-08-25T12:46:47.476+0000] {logging_mixin.py:190} INFO - [2025-08-25T12:46:47.476+0000] {dagbag.py:588} INFO - Filling up the DagBag from /home/airflow/.local/lib/python3.12/site-packages/airflow/example_dags/example_display_name.py
[2025-08-25T12:46:47.493+0000] {processor.py:925} INFO - DAG(s) 'example_display_name' retrieved from /home/airflow/.local/lib/python3.12/site-packages/airflow/example_dags/example_display_name.py
[2025-08-25T12:46:47.526+0000] {logging_mixin.py:190} INFO - [2025-08-25T12:46:47.526+0000] {dag.py:3239} INFO - Sync 1 DAGs
[2025-08-25T12:46:47.551+0000] {logging_mixin.py:190} INFO - [2025-08-25T12:46:47.550+0000] {dag.py:4180} INFO - Setting next_dagrun for example_display_name to None, run_after=None
[2025-08-25T12:46:47.582+0000] {processor.py:208} INFO - Processing /home/airflow/.local/lib/python3.12/site-packages/airflow/example_dags/example_display_name.py took 0.123 seconds
[2025-08-25T12:47:17.807+0000] {processor.py:186} INFO - Started process (PID=1560) to work on /home/airflow/.local/lib/python3.12/site-packages/airflow/example_dags/example_display_name.py
[2025-08-25T12:47:17.808+0000] {processor.py:914} INFO - Processing file /home/airflow/.local/lib/python3.12/site-packages/airflow/example_dags/example_display_name.py for tasks to queue
[2025-08-25T12:47:17.810+0000] {logging_mixin.py:190} INFO - [2025-08-25T12:47:17.810+0000] {dagbag.py:588} INFO - Filling up the DagBag from /home/airflow/.local/lib/python3.12/site-packages/airflow/example_dags/example_display_name.py
[2025-08-25T12:47:17.819+0000] {processor.py:925} INFO - DAG(s) 'example_display_name' retrieved from /home/airflow/.local/lib/python3.12/site-packages/airflow/example_dags/example_display_name.py
[2025-08-25T12:47:17.846+0000] {logging_mixin.py:190} INFO - [2025-08-25T12:47:17.846+0000] {dag.py:3239} INFO - Sync 1 DAGs
[2025-08-25T12:47:17.864+0000] {logging_mixin.py:190} INFO - [2025-08-25T12:47:17.864+0000] {dag.py:4180} INFO - Setting next_dagrun for example_display_name to None, run_after=None
[2025-08-25T12:47:17.890+0000] {processor.py:208} INFO - Processing /home/airflow/.local/lib/python3.12/site-packages/airflow/example_dags/example_display_name.py took 0.091 seconds
[2025-08-25T12:47:48.385+0000] {processor.py:186} INFO - Started process (PID=1624) to work on /home/airflow/.local/lib/python3.12/site-packages/airflow/example_dags/example_display_name.py
[2025-08-25T12:47:48.386+0000] {processor.py:914} INFO - Processing file /home/airflow/.local/lib/python3.12/site-packages/airflow/example_dags/example_display_name.py for tasks to queue
[2025-08-25T12:47:48.390+0000] {logging_mixin.py:190} INFO - [2025-08-25T12:47:48.389+0000] {dagbag.py:588} INFO - Filling up the DagBag from /home/airflow/.local/lib/python3.12/site-packages/airflow/example_dags/example_display_name.py
[2025-08-25T12:47:48.404+0000] {processor.py:925} INFO - DAG(s) 'example_display_name' retrieved from /home/airflow/.local/lib/python3.12/site-packages/airflow/example_dags/example_display_name.py
[2025-08-25T12:47:48.438+0000] {logging_mixin.py:190} INFO - [2025-08-25T12:47:48.437+0000] {dag.py:3239} INFO - Sync 1 DAGs
[2025-08-25T12:47:48.463+0000] {logging_mixin.py:190} INFO - [2025-08-25T12:47:48.462+0000] {dag.py:4180} INFO - Setting next_dagrun for example_display_name to None, run_after=None
[2025-08-25T12:47:48.491+0000] {processor.py:208} INFO - Processing /home/airflow/.local/lib/python3.12/site-packages/airflow/example_dags/example_display_name.py took 0.117 seconds
[2025-08-25T12:48:18.886+0000] {processor.py:186} INFO - Started process (PID=1688) to work on /home/airflow/.local/lib/python3.12/site-packages/airflow/example_dags/example_display_name.py
[2025-08-25T12:48:18.887+0000] {processor.py:914} INFO - Processing file /home/airflow/.local/lib/python3.12/site-packages/airflow/example_dags/example_display_name.py for tasks to queue
[2025-08-25T12:48:18.890+0000] {logging_mixin.py:190} INFO - [2025-08-25T12:48:18.889+0000] {dagbag.py:588} INFO - Filling up the DagBag from /home/airflow/.local/lib/python3.12/site-packages/airflow/example_dags/example_display_name.py
[2025-08-25T12:48:18.899+0000] {processor.py:925} INFO - DAG(s) 'example_display_name' retrieved from /home/airflow/.local/lib/python3.12/site-packages/airflow/example_dags/example_display_name.py
[2025-08-25T12:48:18.927+0000] {logging_mixin.py:190} INFO - [2025-08-25T12:48:18.927+0000] {dag.py:3239} INFO - Sync 1 DAGs
[2025-08-25T12:48:18.946+0000] {logging_mixin.py:190} INFO - [2025-08-25T12:48:18.945+0000] {dag.py:4180} INFO - Setting next_dagrun for example_display_name to None, run_after=None
[2025-08-25T12:48:18.974+0000] {processor.py:208} INFO - Processing /home/airflow/.local/lib/python3.12/site-packages/airflow/example_dags/example_display_name.py took 0.096 seconds
[2025-08-25T12:48:49.391+0000] {processor.py:186} INFO - Started process (PID=1752) to work on /home/airflow/.local/lib/python3.12/site-packages/airflow/example_dags/example_display_name.py
[2025-08-25T12:48:49.392+0000] {processor.py:914} INFO - Processing file /home/airflow/.local/lib/python3.12/site-packages/airflow/example_dags/example_display_name.py for tasks to queue
[2025-08-25T12:48:49.395+0000] {logging_mixin.py:190} INFO - [2025-08-25T12:48:49.395+0000] {dagbag.py:588} INFO - Filling up the DagBag from /home/airflow/.local/lib/python3.12/site-packages/airflow/example_dags/example_display_name.py
[2025-08-25T12:48:49.405+0000] {processor.py:925} INFO - DAG(s) 'example_display_name' retrieved from /home/airflow/.local/lib/python3.12/site-packages/airflow/example_dags/example_display_name.py
[2025-08-25T12:48:49.432+0000] {logging_mixin.py:190} INFO - [2025-08-25T12:48:49.432+0000] {dag.py:3239} INFO - Sync 1 DAGs
[2025-08-25T12:48:49.451+0000] {logging_mixin.py:190} INFO - [2025-08-25T12:48:49.450+0000] {dag.py:4180} INFO - Setting next_dagrun for example_display_name to None, run_after=None
[2025-08-25T12:48:49.478+0000] {processor.py:208} INFO - Processing /home/airflow/.local/lib/python3.12/site-packages/airflow/example_dags/example_display_name.py took 0.094 seconds
[2025-08-25T12:49:19.935+0000] {processor.py:186} INFO - Started process (PID=1816) to work on /home/airflow/.local/lib/python3.12/site-packages/airflow/example_dags/example_display_name.py
[2025-08-25T12:49:19.936+0000] {processor.py:914} INFO - Processing file /home/airflow/.local/lib/python3.12/site-packages/airflow/example_dags/example_display_name.py for tasks to queue
[2025-08-25T12:49:19.942+0000] {logging_mixin.py:190} INFO - [2025-08-25T12:49:19.941+0000] {dagbag.py:588} INFO - Filling up the DagBag from /home/airflow/.local/lib/python3.12/site-packages/airflow/example_dags/example_display_name.py
[2025-08-25T12:49:19.958+0000] {processor.py:925} INFO - DAG(s) 'example_display_name' retrieved from /home/airflow/.local/lib/python3.12/site-packages/airflow/example_dags/example_display_name.py
[2025-08-25T12:49:19.995+0000] {logging_mixin.py:190} INFO - [2025-08-25T12:49:19.995+0000] {dag.py:3239} INFO - Sync 1 DAGs
[2025-08-25T12:49:20.023+0000] {logging_mixin.py:190} INFO - [2025-08-25T12:49:20.022+0000] {dag.py:4180} INFO - Setting next_dagrun for example_display_name to None, run_after=None
[2025-08-25T12:49:20.059+0000] {processor.py:208} INFO - Processing /home/airflow/.local/lib/python3.12/site-packages/airflow/example_dags/example_display_name.py took 0.138 seconds
[2025-08-25T12:49:50.670+0000] {processor.py:186} INFO - Started process (PID=1880) to work on /home/airflow/.local/lib/python3.12/site-packages/airflow/example_dags/example_display_name.py
[2025-08-25T12:49:50.671+0000] {processor.py:914} INFO - Processing file /home/airflow/.local/lib/python3.12/site-packages/airflow/example_dags/example_display_name.py for tasks to queue
[2025-08-25T12:49:50.673+0000] {logging_mixin.py:190} INFO - [2025-08-25T12:49:50.672+0000] {dagbag.py:588} INFO - Filling up the DagBag from /home/airflow/.local/lib/python3.12/site-packages/airflow/example_dags/example_display_name.py
[2025-08-25T12:49:50.681+0000] {processor.py:925} INFO - DAG(s) 'example_display_name' retrieved from /home/airflow/.local/lib/python3.12/site-packages/airflow/example_dags/example_display_name.py
[2025-08-25T12:49:50.714+0000] {logging_mixin.py:190} INFO - [2025-08-25T12:49:50.714+0000] {dag.py:3239} INFO - Sync 1 DAGs
[2025-08-25T12:49:50.735+0000] {logging_mixin.py:190} INFO - [2025-08-25T12:49:50.735+0000] {dag.py:4180} INFO - Setting next_dagrun for example_display_name to None, run_after=None
[2025-08-25T12:49:50.766+0000] {processor.py:208} INFO - Processing /home/airflow/.local/lib/python3.12/site-packages/airflow/example_dags/example_display_name.py took 0.103 seconds
[2025-08-25T12:50:21.579+0000] {processor.py:186} INFO - Started process (PID=1944) to work on /home/airflow/.local/lib/python3.12/site-packages/airflow/example_dags/example_display_name.py
[2025-08-25T12:50:21.580+0000] {processor.py:914} INFO - Processing file /home/airflow/.local/lib/python3.12/site-packages/airflow/example_dags/example_display_name.py for tasks to queue
[2025-08-25T12:50:21.583+0000] {logging_mixin.py:190} INFO - [2025-08-25T12:50:21.583+0000] {dagbag.py:588} INFO - Filling up the DagBag from /home/airflow/.local/lib/python3.12/site-packages/airflow/example_dags/example_display_name.py
[2025-08-25T12:50:21.594+0000] {processor.py:925} INFO - DAG(s) 'example_display_name' retrieved from /home/airflow/.local/lib/python3.12/site-packages/airflow/example_dags/example_display_name.py
[2025-08-25T12:50:21.620+0000] {logging_mixin.py:190} INFO - [2025-08-25T12:50:21.619+0000] {dag.py:3239} INFO - Sync 1 DAGs
[2025-08-25T12:50:21.639+0000] {logging_mixin.py:190} INFO - [2025-08-25T12:50:21.639+0000] {dag.py:4180} INFO - Setting next_dagrun for example_display_name to None, run_after=None
[2025-08-25T12:50:21.667+0000] {processor.py:208} INFO - Processing /home/airflow/.local/lib/python3.12/site-packages/airflow/example_dags/example_display_name.py took 0.095 seconds
[2025-08-25T12:50:52.045+0000] {processor.py:186} INFO - Started process (PID=2008) to work on /home/airflow/.local/lib/python3.12/site-packages/airflow/example_dags/example_display_name.py
[2025-08-25T12:50:52.046+0000] {processor.py:914} INFO - Processing file /home/airflow/.local/lib/python3.12/site-packages/airflow/example_dags/example_display_name.py for tasks to queue
[2025-08-25T12:50:52.049+0000] {logging_mixin.py:190} INFO - [2025-08-25T12:50:52.049+0000] {dagbag.py:588} INFO - Filling up the DagBag from /home/airflow/.local/lib/python3.12/site-packages/airflow/example_dags/example_display_name.py
[2025-08-25T12:50:52.058+0000] {processor.py:925} INFO - DAG(s) 'example_display_name' retrieved from /home/airflow/.local/lib/python3.12/site-packages/airflow/example_dags/example_display_name.py
[2025-08-25T12:50:52.085+0000] {logging_mixin.py:190} INFO - [2025-08-25T12:50:52.084+0000] {dag.py:3239} INFO - Sync 1 DAGs
[2025-08-25T12:50:52.106+0000] {logging_mixin.py:190} INFO - [2025-08-25T12:50:52.106+0000] {dag.py:4180} INFO - Setting next_dagrun for example_display_name to None, run_after=None
[2025-08-25T12:50:52.131+0000] {processor.py:208} INFO - Processing /home/airflow/.local/lib/python3.12/site-packages/airflow/example_dags/example_display_name.py took 0.094 seconds
[2025-08-25T12:51:22.420+0000] {processor.py:186} INFO - Started process (PID=2072) to work on /home/airflow/.local/lib/python3.12/site-packages/airflow/example_dags/example_display_name.py
[2025-08-25T12:51:22.422+0000] {processor.py:914} INFO - Processing file /home/airflow/.local/lib/python3.12/site-packages/airflow/example_dags/example_display_name.py for tasks to queue
[2025-08-25T12:51:22.426+0000] {logging_mixin.py:190} INFO - [2025-08-25T12:51:22.425+0000] {dagbag.py:588} INFO - Filling up the DagBag from /home/airflow/.local/lib/python3.12/site-packages/airflow/example_dags/example_display_name.py
[2025-08-25T12:51:22.440+0000] {processor.py:925} INFO - DAG(s) 'example_display_name' retrieved from /home/airflow/.local/lib/python3.12/site-packages/airflow/example_dags/example_display_name.py
[2025-08-25T12:51:22.485+0000] {logging_mixin.py:190} INFO - [2025-08-25T12:51:22.484+0000] {dag.py:3239} INFO - Sync 1 DAGs
[2025-08-25T12:51:22.515+0000] {logging_mixin.py:190} INFO - [2025-08-25T12:51:22.515+0000] {dag.py:4180} INFO - Setting next_dagrun for example_display_name to None, run_after=None
[2025-08-25T12:51:22.559+0000] {processor.py:208} INFO - Processing /home/airflow/.local/lib/python3.12/site-packages/airflow/example_dags/example_display_name.py took 0.151 seconds
[2025-08-25T12:51:53.266+0000] {processor.py:186} INFO - Started process (PID=2136) to work on /home/airflow/.local/lib/python3.12/site-packages/airflow/example_dags/example_display_name.py
[2025-08-25T12:51:53.268+0000] {processor.py:914} INFO - Processing file /home/airflow/.local/lib/python3.12/site-packages/airflow/example_dags/example_display_name.py for tasks to queue
[2025-08-25T12:51:53.273+0000] {logging_mixin.py:190} INFO - [2025-08-25T12:51:53.272+0000] {dagbag.py:588} INFO - Filling up the DagBag from /home/airflow/.local/lib/python3.12/site-packages/airflow/example_dags/example_display_name.py
[2025-08-25T12:51:53.290+0000] {processor.py:925} INFO - DAG(s) 'example_display_name' retrieved from /home/airflow/.local/lib/python3.12/site-packages/airflow/example_dags/example_display_name.py
[2025-08-25T12:51:53.323+0000] {logging_mixin.py:190} INFO - [2025-08-25T12:51:53.323+0000] {dag.py:3239} INFO - Sync 1 DAGs
[2025-08-25T12:51:53.347+0000] {logging_mixin.py:190} INFO - [2025-08-25T12:51:53.346+0000] {dag.py:4180} INFO - Setting next_dagrun for example_display_name to None, run_after=None
[2025-08-25T12:51:53.384+0000] {processor.py:208} INFO - Processing /home/airflow/.local/lib/python3.12/site-packages/airflow/example_dags/example_display_name.py took 0.129 seconds
[2025-08-25T12:52:24.060+0000] {processor.py:186} INFO - Started process (PID=2200) to work on /home/airflow/.local/lib/python3.12/site-packages/airflow/example_dags/example_display_name.py
[2025-08-25T12:52:24.062+0000] {processor.py:914} INFO - Processing file /home/airflow/.local/lib/python3.12/site-packages/airflow/example_dags/example_display_name.py for tasks to queue
[2025-08-25T12:52:24.065+0000] {logging_mixin.py:190} INFO - [2025-08-25T12:52:24.065+0000] {dagbag.py:588} INFO - Filling up the DagBag from /home/airflow/.local/lib/python3.12/site-packages/airflow/example_dags/example_display_name.py
[2025-08-25T12:52:24.076+0000] {processor.py:925} INFO - DAG(s) 'example_display_name' retrieved from /home/airflow/.local/lib/python3.12/site-packages/airflow/example_dags/example_display_name.py
[2025-08-25T12:52:24.111+0000] {logging_mixin.py:190} INFO - [2025-08-25T12:52:24.110+0000] {dag.py:3239} INFO - Sync 1 DAGs
[2025-08-25T12:52:24.139+0000] {logging_mixin.py:190} INFO - [2025-08-25T12:52:24.139+0000] {dag.py:4180} INFO - Setting next_dagrun for example_display_name to None, run_after=None
[2025-08-25T12:52:24.187+0000] {processor.py:208} INFO - Processing /home/airflow/.local/lib/python3.12/site-packages/airflow/example_dags/example_display_name.py took 0.142 seconds
[2025-08-25T12:52:54.372+0000] {processor.py:186} INFO - Started process (PID=2263) to work on /home/airflow/.local/lib/python3.12/site-packages/airflow/example_dags/example_display_name.py
[2025-08-25T12:52:54.374+0000] {processor.py:914} INFO - Processing file /home/airflow/.local/lib/python3.12/site-packages/airflow/example_dags/example_display_name.py for tasks to queue
[2025-08-25T12:52:54.378+0000] {logging_mixin.py:190} INFO - [2025-08-25T12:52:54.377+0000] {dagbag.py:588} INFO - Filling up the DagBag from /home/airflow/.local/lib/python3.12/site-packages/airflow/example_dags/example_display_name.py
[2025-08-25T12:52:54.391+0000] {processor.py:925} INFO - DAG(s) 'example_display_name' retrieved from /home/airflow/.local/lib/python3.12/site-packages/airflow/example_dags/example_display_name.py
[2025-08-25T12:52:54.422+0000] {logging_mixin.py:190} INFO - [2025-08-25T12:52:54.422+0000] {dag.py:3239} INFO - Sync 1 DAGs
[2025-08-25T12:52:54.449+0000] {logging_mixin.py:190} INFO - [2025-08-25T12:52:54.448+0000] {dag.py:4180} INFO - Setting next_dagrun for example_display_name to None, run_after=None
[2025-08-25T12:52:54.480+0000] {processor.py:208} INFO - Processing /home/airflow/.local/lib/python3.12/site-packages/airflow/example_dags/example_display_name.py took 0.118 seconds
[2025-08-25T12:53:25.343+0000] {processor.py:186} INFO - Started process (PID=2328) to work on /home/airflow/.local/lib/python3.12/site-packages/airflow/example_dags/example_display_name.py
[2025-08-25T12:53:25.345+0000] {processor.py:914} INFO - Processing file /home/airflow/.local/lib/python3.12/site-packages/airflow/example_dags/example_display_name.py for tasks to queue
[2025-08-25T12:53:25.348+0000] {logging_mixin.py:190} INFO - [2025-08-25T12:53:25.347+0000] {dagbag.py:588} INFO - Filling up the DagBag from /home/airflow/.local/lib/python3.12/site-packages/airflow/example_dags/example_display_name.py
[2025-08-25T12:53:25.357+0000] {processor.py:925} INFO - DAG(s) 'example_display_name' retrieved from /home/airflow/.local/lib/python3.12/site-packages/airflow/example_dags/example_display_name.py
[2025-08-25T12:53:25.386+0000] {logging_mixin.py:190} INFO - [2025-08-25T12:53:25.386+0000] {dag.py:3239} INFO - Sync 1 DAGs
[2025-08-25T12:53:25.408+0000] {logging_mixin.py:190} INFO - [2025-08-25T12:53:25.407+0000] {dag.py:4180} INFO - Setting next_dagrun for example_display_name to None, run_after=None
[2025-08-25T12:53:25.437+0000] {processor.py:208} INFO - Processing /home/airflow/.local/lib/python3.12/site-packages/airflow/example_dags/example_display_name.py took 0.102 seconds
[2025-08-25T12:53:55.918+0000] {processor.py:186} INFO - Started process (PID=2392) to work on /home/airflow/.local/lib/python3.12/site-packages/airflow/example_dags/example_display_name.py
[2025-08-25T12:53:55.919+0000] {processor.py:914} INFO - Processing file /home/airflow/.local/lib/python3.12/site-packages/airflow/example_dags/example_display_name.py for tasks to queue
[2025-08-25T12:53:55.923+0000] {logging_mixin.py:190} INFO - [2025-08-25T12:53:55.922+0000] {dagbag.py:588} INFO - Filling up the DagBag from /home/airflow/.local/lib/python3.12/site-packages/airflow/example_dags/example_display_name.py
[2025-08-25T12:53:55.936+0000] {processor.py:925} INFO - DAG(s) 'example_display_name' retrieved from /home/airflow/.local/lib/python3.12/site-packages/airflow/example_dags/example_display_name.py
[2025-08-25T12:53:55.970+0000] {logging_mixin.py:190} INFO - [2025-08-25T12:53:55.970+0000] {dag.py:3239} INFO - Sync 1 DAGs
[2025-08-25T12:53:55.993+0000] {logging_mixin.py:190} INFO - [2025-08-25T12:53:55.993+0000] {dag.py:4180} INFO - Setting next_dagrun for example_display_name to None, run_after=None
[2025-08-25T12:53:56.023+0000] {processor.py:208} INFO - Processing /home/airflow/.local/lib/python3.12/site-packages/airflow/example_dags/example_display_name.py took 0.114 seconds
[2025-08-25T12:54:26.755+0000] {processor.py:186} INFO - Started process (PID=2456) to work on /home/airflow/.local/lib/python3.12/site-packages/airflow/example_dags/example_display_name.py
[2025-08-25T12:54:26.756+0000] {processor.py:914} INFO - Processing file /home/airflow/.local/lib/python3.12/site-packages/airflow/example_dags/example_display_name.py for tasks to queue
[2025-08-25T12:54:26.758+0000] {logging_mixin.py:190} INFO - [2025-08-25T12:54:26.758+0000] {dagbag.py:588} INFO - Filling up the DagBag from /home/airflow/.local/lib/python3.12/site-packages/airflow/example_dags/example_display_name.py
[2025-08-25T12:54:26.766+0000] {processor.py:925} INFO - DAG(s) 'example_display_name' retrieved from /home/airflow/.local/lib/python3.12/site-packages/airflow/example_dags/example_display_name.py
[2025-08-25T12:54:26.789+0000] {logging_mixin.py:190} INFO - [2025-08-25T12:54:26.789+0000] {dag.py:3239} INFO - Sync 1 DAGs
[2025-08-25T12:54:26.806+0000] {logging_mixin.py:190} INFO - [2025-08-25T12:54:26.806+0000] {dag.py:4180} INFO - Setting next_dagrun for example_display_name to None, run_after=None
[2025-08-25T12:54:26.830+0000] {processor.py:208} INFO - Processing /home/airflow/.local/lib/python3.12/site-packages/airflow/example_dags/example_display_name.py took 0.083 seconds
[2025-08-25T12:54:57.856+0000] {processor.py:186} INFO - Started process (PID=2520) to work on /home/airflow/.local/lib/python3.12/site-packages/airflow/example_dags/example_display_name.py
[2025-08-25T12:54:57.857+0000] {processor.py:914} INFO - Processing file /home/airflow/.local/lib/python3.12/site-packages/airflow/example_dags/example_display_name.py for tasks to queue
[2025-08-25T12:54:57.860+0000] {logging_mixin.py:190} INFO - [2025-08-25T12:54:57.859+0000] {dagbag.py:588} INFO - Filling up the DagBag from /home/airflow/.local/lib/python3.12/site-packages/airflow/example_dags/example_display_name.py
[2025-08-25T12:54:57.868+0000] {processor.py:925} INFO - DAG(s) 'example_display_name' retrieved from /home/airflow/.local/lib/python3.12/site-packages/airflow/example_dags/example_display_name.py
[2025-08-25T12:54:57.896+0000] {logging_mixin.py:190} INFO - [2025-08-25T12:54:57.895+0000] {dag.py:3239} INFO - Sync 1 DAGs
[2025-08-25T12:54:57.917+0000] {logging_mixin.py:190} INFO - [2025-08-25T12:54:57.917+0000] {dag.py:4180} INFO - Setting next_dagrun for example_display_name to None, run_after=None
[2025-08-25T12:54:57.945+0000] {processor.py:208} INFO - Processing /home/airflow/.local/lib/python3.12/site-packages/airflow/example_dags/example_display_name.py took 0.096 seconds
[2025-08-25T12:55:28.569+0000] {processor.py:186} INFO - Started process (PID=2584) to work on /home/airflow/.local/lib/python3.12/site-packages/airflow/example_dags/example_display_name.py
[2025-08-25T12:55:28.572+0000] {processor.py:914} INFO - Processing file /home/airflow/.local/lib/python3.12/site-packages/airflow/example_dags/example_display_name.py for tasks to queue
[2025-08-25T12:55:28.576+0000] {logging_mixin.py:190} INFO - [2025-08-25T12:55:28.575+0000] {dagbag.py:588} INFO - Filling up the DagBag from /home/airflow/.local/lib/python3.12/site-packages/airflow/example_dags/example_display_name.py
[2025-08-25T12:55:28.589+0000] {processor.py:925} INFO - DAG(s) 'example_display_name' retrieved from /home/airflow/.local/lib/python3.12/site-packages/airflow/example_dags/example_display_name.py
[2025-08-25T12:55:28.621+0000] {logging_mixin.py:190} INFO - [2025-08-25T12:55:28.621+0000] {dag.py:3239} INFO - Sync 1 DAGs
[2025-08-25T12:55:28.638+0000] {logging_mixin.py:190} INFO - [2025-08-25T12:55:28.638+0000] {dag.py:4180} INFO - Setting next_dagrun for example_display_name to None, run_after=None
[2025-08-25T12:55:28.661+0000] {processor.py:208} INFO - Processing /home/airflow/.local/lib/python3.12/site-packages/airflow/example_dags/example_display_name.py took 0.101 seconds
[2025-08-25T12:55:59.312+0000] {processor.py:186} INFO - Started process (PID=2648) to work on /home/airflow/.local/lib/python3.12/site-packages/airflow/example_dags/example_display_name.py
[2025-08-25T12:55:59.314+0000] {processor.py:914} INFO - Processing file /home/airflow/.local/lib/python3.12/site-packages/airflow/example_dags/example_display_name.py for tasks to queue
[2025-08-25T12:55:59.317+0000] {logging_mixin.py:190} INFO - [2025-08-25T12:55:59.317+0000] {dagbag.py:588} INFO - Filling up the DagBag from /home/airflow/.local/lib/python3.12/site-packages/airflow/example_dags/example_display_name.py
[2025-08-25T12:55:59.329+0000] {processor.py:925} INFO - DAG(s) 'example_display_name' retrieved from /home/airflow/.local/lib/python3.12/site-packages/airflow/example_dags/example_display_name.py
[2025-08-25T12:55:59.357+0000] {logging_mixin.py:190} INFO - [2025-08-25T12:55:59.357+0000] {dag.py:3239} INFO - Sync 1 DAGs
[2025-08-25T12:55:59.374+0000] {logging_mixin.py:190} INFO - [2025-08-25T12:55:59.374+0000] {dag.py:4180} INFO - Setting next_dagrun for example_display_name to None, run_after=None
[2025-08-25T12:55:59.395+0000] {processor.py:208} INFO - Processing /home/airflow/.local/lib/python3.12/site-packages/airflow/example_dags/example_display_name.py took 0.091 seconds
[2025-08-25T12:56:30.382+0000] {processor.py:186} INFO - Started process (PID=2718) to work on /home/airflow/.local/lib/python3.12/site-packages/airflow/example_dags/example_display_name.py
[2025-08-25T12:56:30.384+0000] {processor.py:914} INFO - Processing file /home/airflow/.local/lib/python3.12/site-packages/airflow/example_dags/example_display_name.py for tasks to queue
[2025-08-25T12:56:30.388+0000] {logging_mixin.py:190} INFO - [2025-08-25T12:56:30.387+0000] {dagbag.py:588} INFO - Filling up the DagBag from /home/airflow/.local/lib/python3.12/site-packages/airflow/example_dags/example_display_name.py
[2025-08-25T12:56:30.399+0000] {processor.py:925} INFO - DAG(s) 'example_display_name' retrieved from /home/airflow/.local/lib/python3.12/site-packages/airflow/example_dags/example_display_name.py
[2025-08-25T12:56:30.432+0000] {logging_mixin.py:190} INFO - [2025-08-25T12:56:30.431+0000] {dag.py:3239} INFO - Sync 1 DAGs
[2025-08-25T12:56:30.454+0000] {logging_mixin.py:190} INFO - [2025-08-25T12:56:30.454+0000] {dag.py:4180} INFO - Setting next_dagrun for example_display_name to None, run_after=None
[2025-08-25T12:56:30.488+0000] {processor.py:208} INFO - Processing /home/airflow/.local/lib/python3.12/site-packages/airflow/example_dags/example_display_name.py took 0.118 seconds
[2025-08-25T12:57:01.384+0000] {processor.py:186} INFO - Started process (PID=2782) to work on /home/airflow/.local/lib/python3.12/site-packages/airflow/example_dags/example_display_name.py
[2025-08-25T12:57:01.386+0000] {processor.py:914} INFO - Processing file /home/airflow/.local/lib/python3.12/site-packages/airflow/example_dags/example_display_name.py for tasks to queue
[2025-08-25T12:57:01.389+0000] {logging_mixin.py:190} INFO - [2025-08-25T12:57:01.389+0000] {dagbag.py:588} INFO - Filling up the DagBag from /home/airflow/.local/lib/python3.12/site-packages/airflow/example_dags/example_display_name.py
[2025-08-25T12:57:01.398+0000] {processor.py:925} INFO - DAG(s) 'example_display_name' retrieved from /home/airflow/.local/lib/python3.12/site-packages/airflow/example_dags/example_display_name.py
[2025-08-25T12:57:01.428+0000] {logging_mixin.py:190} INFO - [2025-08-25T12:57:01.428+0000] {dag.py:3239} INFO - Sync 1 DAGs
[2025-08-25T12:57:01.452+0000] {logging_mixin.py:190} INFO - [2025-08-25T12:57:01.451+0000] {dag.py:4180} INFO - Setting next_dagrun for example_display_name to None, run_after=None
[2025-08-25T12:57:01.487+0000] {processor.py:208} INFO - Processing /home/airflow/.local/lib/python3.12/site-packages/airflow/example_dags/example_display_name.py took 0.112 seconds
