[2025-08-25T12:35:37.019+0000] {processor.py:186} INFO - Started process (PID=104) to work on /home/airflow/.local/lib/python3.12/site-packages/airflow/example_dags/example_latest_only_with_trigger.py
[2025-08-25T12:35:37.020+0000] {processor.py:914} INFO - Processing file /home/airflow/.local/lib/python3.12/site-packages/airflow/example_dags/example_latest_only_with_trigger.py for tasks to queue
[2025-08-25T12:35:37.023+0000] {logging_mixin.py:190} INFO - [2025-08-25T12:35:37.022+0000] {dagbag.py:588} INFO - Filling up the DagBag from /home/airflow/.local/lib/python3.12/site-packages/airflow/example_dags/example_latest_only_with_trigger.py
[2025-08-25T12:35:37.030+0000] {processor.py:925} INFO - DAG(s) 'latest_only_with_trigger' retrieved from /home/airflow/.local/lib/python3.12/site-packages/airflow/example_dags/example_latest_only_with_trigger.py
[2025-08-25T12:35:37.156+0000] {logging_mixin.py:190} INFO - [2025-08-25T12:35:37.155+0000] {override.py:1900} INFO - Created Permission View: can read on DAG:latest_only_with_trigger
[2025-08-25T12:35:37.170+0000] {logging_mixin.py:190} INFO - [2025-08-25T12:35:37.170+0000] {override.py:1900} INFO - Created Permission View: can delete on DAG:latest_only_with_trigger
[2025-08-25T12:35:37.180+0000] {logging_mixin.py:190} INFO - [2025-08-25T12:35:37.179+0000] {override.py:1900} INFO - Created Permission View: can edit on DAG:latest_only_with_trigger
[2025-08-25T12:35:37.190+0000] {logging_mixin.py:190} INFO - [2025-08-25T12:35:37.189+0000] {override.py:1900} INFO - Created Permission View: can read on DAG Run:latest_only_with_trigger
[2025-08-25T12:35:37.199+0000] {logging_mixin.py:190} INFO - [2025-08-25T12:35:37.199+0000] {override.py:1900} INFO - Created Permission View: menu access on DAG Run:latest_only_with_trigger
[2025-08-25T12:35:37.209+0000] {logging_mixin.py:190} INFO - [2025-08-25T12:35:37.208+0000] {override.py:1900} INFO - Created Permission View: can delete on DAG Run:latest_only_with_trigger
[2025-08-25T12:35:37.218+0000] {logging_mixin.py:190} INFO - [2025-08-25T12:35:37.218+0000] {override.py:1900} INFO - Created Permission View: can create on DAG Run:latest_only_with_trigger
[2025-08-25T12:35:37.219+0000] {logging_mixin.py:190} INFO - [2025-08-25T12:35:37.218+0000] {dag.py:3239} INFO - Sync 1 DAGs
[2025-08-25T12:35:37.238+0000] {logging_mixin.py:190} INFO - [2025-08-25T12:35:37.238+0000] {dag.py:3262} INFO - Creating ORM DAG for latest_only_with_trigger
[2025-08-25T12:35:37.251+0000] {logging_mixin.py:190} INFO - [2025-08-25T12:35:37.251+0000] {dag.py:4180} INFO - Setting next_dagrun for latest_only_with_trigger to 2025-08-25 08:00:00+00:00, run_after=2025-08-25 12:00:00+00:00
[2025-08-25T12:35:37.273+0000] {processor.py:208} INFO - Processing /home/airflow/.local/lib/python3.12/site-packages/airflow/example_dags/example_latest_only_with_trigger.py took 0.260 seconds
[2025-08-25T12:36:07.614+0000] {processor.py:186} INFO - Started process (PID=168) to work on /home/airflow/.local/lib/python3.12/site-packages/airflow/example_dags/example_latest_only_with_trigger.py
[2025-08-25T12:36:07.615+0000] {processor.py:914} INFO - Processing file /home/airflow/.local/lib/python3.12/site-packages/airflow/example_dags/example_latest_only_with_trigger.py for tasks to queue
[2025-08-25T12:36:07.618+0000] {logging_mixin.py:190} INFO - [2025-08-25T12:36:07.617+0000] {dagbag.py:588} INFO - Filling up the DagBag from /home/airflow/.local/lib/python3.12/site-packages/airflow/example_dags/example_latest_only_with_trigger.py
[2025-08-25T12:36:07.625+0000] {processor.py:925} INFO - DAG(s) 'latest_only_with_trigger' retrieved from /home/airflow/.local/lib/python3.12/site-packages/airflow/example_dags/example_latest_only_with_trigger.py
[2025-08-25T12:36:07.653+0000] {logging_mixin.py:190} INFO - [2025-08-25T12:36:07.653+0000] {dag.py:3239} INFO - Sync 1 DAGs
[2025-08-25T12:36:07.688+0000] {logging_mixin.py:190} INFO - [2025-08-25T12:36:07.687+0000] {dag.py:4180} INFO - Setting next_dagrun for latest_only_with_trigger to 2025-08-25 08:00:00+00:00, run_after=2025-08-25 12:00:00+00:00
[2025-08-25T12:36:07.713+0000] {processor.py:208} INFO - Processing /home/airflow/.local/lib/python3.12/site-packages/airflow/example_dags/example_latest_only_with_trigger.py took 0.105 seconds
[2025-08-25T12:36:38.038+0000] {processor.py:186} INFO - Started process (PID=232) to work on /home/airflow/.local/lib/python3.12/site-packages/airflow/example_dags/example_latest_only_with_trigger.py
[2025-08-25T12:36:38.039+0000] {processor.py:914} INFO - Processing file /home/airflow/.local/lib/python3.12/site-packages/airflow/example_dags/example_latest_only_with_trigger.py for tasks to queue
[2025-08-25T12:36:38.042+0000] {logging_mixin.py:190} INFO - [2025-08-25T12:36:38.042+0000] {dagbag.py:588} INFO - Filling up the DagBag from /home/airflow/.local/lib/python3.12/site-packages/airflow/example_dags/example_latest_only_with_trigger.py
[2025-08-25T12:36:38.053+0000] {processor.py:925} INFO - DAG(s) 'latest_only_with_trigger' retrieved from /home/airflow/.local/lib/python3.12/site-packages/airflow/example_dags/example_latest_only_with_trigger.py
[2025-08-25T12:36:38.084+0000] {logging_mixin.py:190} INFO - [2025-08-25T12:36:38.083+0000] {dag.py:3239} INFO - Sync 1 DAGs
[2025-08-25T12:36:38.124+0000] {logging_mixin.py:190} INFO - [2025-08-25T12:36:38.124+0000] {dag.py:4180} INFO - Setting next_dagrun for latest_only_with_trigger to 2025-08-25 08:00:00+00:00, run_after=2025-08-25 12:00:00+00:00
[2025-08-25T12:36:38.155+0000] {processor.py:208} INFO - Processing /home/airflow/.local/lib/python3.12/site-packages/airflow/example_dags/example_latest_only_with_trigger.py took 0.127 seconds
[2025-08-25T12:37:08.542+0000] {processor.py:186} INFO - Started process (PID=296) to work on /home/airflow/.local/lib/python3.12/site-packages/airflow/example_dags/example_latest_only_with_trigger.py
[2025-08-25T12:37:08.543+0000] {processor.py:914} INFO - Processing file /home/airflow/.local/lib/python3.12/site-packages/airflow/example_dags/example_latest_only_with_trigger.py for tasks to queue
[2025-08-25T12:37:08.546+0000] {logging_mixin.py:190} INFO - [2025-08-25T12:37:08.546+0000] {dagbag.py:588} INFO - Filling up the DagBag from /home/airflow/.local/lib/python3.12/site-packages/airflow/example_dags/example_latest_only_with_trigger.py
[2025-08-25T12:37:08.555+0000] {processor.py:925} INFO - DAG(s) 'latest_only_with_trigger' retrieved from /home/airflow/.local/lib/python3.12/site-packages/airflow/example_dags/example_latest_only_with_trigger.py
[2025-08-25T12:37:08.585+0000] {logging_mixin.py:190} INFO - [2025-08-25T12:37:08.584+0000] {dag.py:3239} INFO - Sync 1 DAGs
[2025-08-25T12:37:08.614+0000] {logging_mixin.py:190} INFO - [2025-08-25T12:37:08.614+0000] {dag.py:4180} INFO - Setting next_dagrun for latest_only_with_trigger to 2025-08-25 08:00:00+00:00, run_after=2025-08-25 12:00:00+00:00
[2025-08-25T12:37:08.640+0000] {processor.py:208} INFO - Processing /home/airflow/.local/lib/python3.12/site-packages/airflow/example_dags/example_latest_only_with_trigger.py took 0.106 seconds
[2025-08-25T12:37:39.555+0000] {processor.py:186} INFO - Started process (PID=360) to work on /home/airflow/.local/lib/python3.12/site-packages/airflow/example_dags/example_latest_only_with_trigger.py
[2025-08-25T12:37:39.556+0000] {processor.py:914} INFO - Processing file /home/airflow/.local/lib/python3.12/site-packages/airflow/example_dags/example_latest_only_with_trigger.py for tasks to queue
[2025-08-25T12:37:39.558+0000] {logging_mixin.py:190} INFO - [2025-08-25T12:37:39.558+0000] {dagbag.py:588} INFO - Filling up the DagBag from /home/airflow/.local/lib/python3.12/site-packages/airflow/example_dags/example_latest_only_with_trigger.py
[2025-08-25T12:37:39.567+0000] {processor.py:925} INFO - DAG(s) 'latest_only_with_trigger' retrieved from /home/airflow/.local/lib/python3.12/site-packages/airflow/example_dags/example_latest_only_with_trigger.py
[2025-08-25T12:37:39.598+0000] {logging_mixin.py:190} INFO - [2025-08-25T12:37:39.597+0000] {dag.py:3239} INFO - Sync 1 DAGs
[2025-08-25T12:37:39.632+0000] {logging_mixin.py:190} INFO - [2025-08-25T12:37:39.631+0000] {dag.py:4180} INFO - Setting next_dagrun for latest_only_with_trigger to 2025-08-25 08:00:00+00:00, run_after=2025-08-25 12:00:00+00:00
[2025-08-25T12:37:39.659+0000] {processor.py:208} INFO - Processing /home/airflow/.local/lib/python3.12/site-packages/airflow/example_dags/example_latest_only_with_trigger.py took 0.113 seconds
[2025-08-25T12:38:10.185+0000] {processor.py:186} INFO - Started process (PID=424) to work on /home/airflow/.local/lib/python3.12/site-packages/airflow/example_dags/example_latest_only_with_trigger.py
[2025-08-25T12:38:10.186+0000] {processor.py:914} INFO - Processing file /home/airflow/.local/lib/python3.12/site-packages/airflow/example_dags/example_latest_only_with_trigger.py for tasks to queue
[2025-08-25T12:38:10.189+0000] {logging_mixin.py:190} INFO - [2025-08-25T12:38:10.188+0000] {dagbag.py:588} INFO - Filling up the DagBag from /home/airflow/.local/lib/python3.12/site-packages/airflow/example_dags/example_latest_only_with_trigger.py
[2025-08-25T12:38:10.197+0000] {processor.py:925} INFO - DAG(s) 'latest_only_with_trigger' retrieved from /home/airflow/.local/lib/python3.12/site-packages/airflow/example_dags/example_latest_only_with_trigger.py
[2025-08-25T12:38:10.230+0000] {logging_mixin.py:190} INFO - [2025-08-25T12:38:10.230+0000] {dag.py:3239} INFO - Sync 1 DAGs
[2025-08-25T12:38:10.273+0000] {logging_mixin.py:190} INFO - [2025-08-25T12:38:10.272+0000] {dag.py:4180} INFO - Setting next_dagrun for latest_only_with_trigger to 2025-08-25 08:00:00+00:00, run_after=2025-08-25 12:00:00+00:00
[2025-08-25T12:38:10.305+0000] {processor.py:208} INFO - Processing /home/airflow/.local/lib/python3.12/site-packages/airflow/example_dags/example_latest_only_with_trigger.py took 0.126 seconds
[2025-08-25T12:38:40.802+0000] {processor.py:186} INFO - Started process (PID=488) to work on /home/airflow/.local/lib/python3.12/site-packages/airflow/example_dags/example_latest_only_with_trigger.py
[2025-08-25T12:38:40.803+0000] {processor.py:914} INFO - Processing file /home/airflow/.local/lib/python3.12/site-packages/airflow/example_dags/example_latest_only_with_trigger.py for tasks to queue
[2025-08-25T12:38:40.805+0000] {logging_mixin.py:190} INFO - [2025-08-25T12:38:40.805+0000] {dagbag.py:588} INFO - Filling up the DagBag from /home/airflow/.local/lib/python3.12/site-packages/airflow/example_dags/example_latest_only_with_trigger.py
[2025-08-25T12:38:40.815+0000] {processor.py:925} INFO - DAG(s) 'latest_only_with_trigger' retrieved from /home/airflow/.local/lib/python3.12/site-packages/airflow/example_dags/example_latest_only_with_trigger.py
[2025-08-25T12:38:40.844+0000] {logging_mixin.py:190} INFO - [2025-08-25T12:38:40.844+0000] {dag.py:3239} INFO - Sync 1 DAGs
[2025-08-25T12:38:40.882+0000] {logging_mixin.py:190} INFO - [2025-08-25T12:38:40.882+0000] {dag.py:4180} INFO - Setting next_dagrun for latest_only_with_trigger to 2025-08-25 08:00:00+00:00, run_after=2025-08-25 12:00:00+00:00
[2025-08-25T12:38:40.912+0000] {processor.py:208} INFO - Processing /home/airflow/.local/lib/python3.12/site-packages/airflow/example_dags/example_latest_only_with_trigger.py took 0.118 seconds
[2025-08-25T12:39:11.296+0000] {processor.py:186} INFO - Started process (PID=552) to work on /home/airflow/.local/lib/python3.12/site-packages/airflow/example_dags/example_latest_only_with_trigger.py
[2025-08-25T12:39:11.297+0000] {processor.py:914} INFO - Processing file /home/airflow/.local/lib/python3.12/site-packages/airflow/example_dags/example_latest_only_with_trigger.py for tasks to queue
[2025-08-25T12:39:11.299+0000] {logging_mixin.py:190} INFO - [2025-08-25T12:39:11.299+0000] {dagbag.py:588} INFO - Filling up the DagBag from /home/airflow/.local/lib/python3.12/site-packages/airflow/example_dags/example_latest_only_with_trigger.py
[2025-08-25T12:39:11.306+0000] {processor.py:925} INFO - DAG(s) 'latest_only_with_trigger' retrieved from /home/airflow/.local/lib/python3.12/site-packages/airflow/example_dags/example_latest_only_with_trigger.py
[2025-08-25T12:39:11.331+0000] {logging_mixin.py:190} INFO - [2025-08-25T12:39:11.331+0000] {dag.py:3239} INFO - Sync 1 DAGs
[2025-08-25T12:39:11.358+0000] {logging_mixin.py:190} INFO - [2025-08-25T12:39:11.358+0000] {dag.py:4180} INFO - Setting next_dagrun for latest_only_with_trigger to 2025-08-25 08:00:00+00:00, run_after=2025-08-25 12:00:00+00:00
[2025-08-25T12:39:11.383+0000] {processor.py:208} INFO - Processing /home/airflow/.local/lib/python3.12/site-packages/airflow/example_dags/example_latest_only_with_trigger.py took 0.093 seconds
[2025-08-25T12:39:41.575+0000] {processor.py:186} INFO - Started process (PID=616) to work on /home/airflow/.local/lib/python3.12/site-packages/airflow/example_dags/example_latest_only_with_trigger.py
[2025-08-25T12:39:41.576+0000] {processor.py:914} INFO - Processing file /home/airflow/.local/lib/python3.12/site-packages/airflow/example_dags/example_latest_only_with_trigger.py for tasks to queue
[2025-08-25T12:39:41.578+0000] {logging_mixin.py:190} INFO - [2025-08-25T12:39:41.578+0000] {dagbag.py:588} INFO - Filling up the DagBag from /home/airflow/.local/lib/python3.12/site-packages/airflow/example_dags/example_latest_only_with_trigger.py
[2025-08-25T12:39:41.587+0000] {processor.py:925} INFO - DAG(s) 'latest_only_with_trigger' retrieved from /home/airflow/.local/lib/python3.12/site-packages/airflow/example_dags/example_latest_only_with_trigger.py
[2025-08-25T12:39:41.613+0000] {logging_mixin.py:190} INFO - [2025-08-25T12:39:41.613+0000] {dag.py:3239} INFO - Sync 1 DAGs
[2025-08-25T12:39:41.639+0000] {logging_mixin.py:190} INFO - [2025-08-25T12:39:41.639+0000] {dag.py:4180} INFO - Setting next_dagrun for latest_only_with_trigger to 2025-08-25 08:00:00+00:00, run_after=2025-08-25 12:00:00+00:00
[2025-08-25T12:39:41.661+0000] {processor.py:208} INFO - Processing /home/airflow/.local/lib/python3.12/site-packages/airflow/example_dags/example_latest_only_with_trigger.py took 0.095 seconds
[2025-08-25T12:40:11.814+0000] {processor.py:186} INFO - Started process (PID=680) to work on /home/airflow/.local/lib/python3.12/site-packages/airflow/example_dags/example_latest_only_with_trigger.py
[2025-08-25T12:40:11.815+0000] {processor.py:914} INFO - Processing file /home/airflow/.local/lib/python3.12/site-packages/airflow/example_dags/example_latest_only_with_trigger.py for tasks to queue
[2025-08-25T12:40:11.819+0000] {logging_mixin.py:190} INFO - [2025-08-25T12:40:11.818+0000] {dagbag.py:588} INFO - Filling up the DagBag from /home/airflow/.local/lib/python3.12/site-packages/airflow/example_dags/example_latest_only_with_trigger.py
[2025-08-25T12:40:11.827+0000] {processor.py:925} INFO - DAG(s) 'latest_only_with_trigger' retrieved from /home/airflow/.local/lib/python3.12/site-packages/airflow/example_dags/example_latest_only_with_trigger.py
[2025-08-25T12:40:11.854+0000] {logging_mixin.py:190} INFO - [2025-08-25T12:40:11.854+0000] {dag.py:3239} INFO - Sync 1 DAGs
[2025-08-25T12:40:11.880+0000] {logging_mixin.py:190} INFO - [2025-08-25T12:40:11.880+0000] {dag.py:4180} INFO - Setting next_dagrun for latest_only_with_trigger to 2025-08-25 08:00:00+00:00, run_after=2025-08-25 12:00:00+00:00
[2025-08-25T12:40:11.904+0000] {processor.py:208} INFO - Processing /home/airflow/.local/lib/python3.12/site-packages/airflow/example_dags/example_latest_only_with_trigger.py took 0.098 seconds
[2025-08-25T12:40:42.728+0000] {processor.py:186} INFO - Started process (PID=745) to work on /home/airflow/.local/lib/python3.12/site-packages/airflow/example_dags/example_latest_only_with_trigger.py
[2025-08-25T12:40:42.730+0000] {processor.py:914} INFO - Processing file /home/airflow/.local/lib/python3.12/site-packages/airflow/example_dags/example_latest_only_with_trigger.py for tasks to queue
[2025-08-25T12:40:42.733+0000] {logging_mixin.py:190} INFO - [2025-08-25T12:40:42.733+0000] {dagbag.py:588} INFO - Filling up the DagBag from /home/airflow/.local/lib/python3.12/site-packages/airflow/example_dags/example_latest_only_with_trigger.py
[2025-08-25T12:40:42.744+0000] {processor.py:925} INFO - DAG(s) 'latest_only_with_trigger' retrieved from /home/airflow/.local/lib/python3.12/site-packages/airflow/example_dags/example_latest_only_with_trigger.py
[2025-08-25T12:40:42.781+0000] {logging_mixin.py:190} INFO - [2025-08-25T12:40:42.780+0000] {dag.py:3239} INFO - Sync 1 DAGs
[2025-08-25T12:40:42.813+0000] {logging_mixin.py:190} INFO - [2025-08-25T12:40:42.812+0000] {dag.py:4180} INFO - Setting next_dagrun for latest_only_with_trigger to 2025-08-25 08:00:00+00:00, run_after=2025-08-25 12:00:00+00:00
[2025-08-25T12:40:42.843+0000] {processor.py:208} INFO - Processing /home/airflow/.local/lib/python3.12/site-packages/airflow/example_dags/example_latest_only_with_trigger.py took 0.125 seconds
[2025-08-25T12:41:13.224+0000] {processor.py:186} INFO - Started process (PID=811) to work on /home/airflow/.local/lib/python3.12/site-packages/airflow/example_dags/example_latest_only_with_trigger.py
[2025-08-25T12:41:13.225+0000] {processor.py:914} INFO - Processing file /home/airflow/.local/lib/python3.12/site-packages/airflow/example_dags/example_latest_only_with_trigger.py for tasks to queue
[2025-08-25T12:41:13.228+0000] {logging_mixin.py:190} INFO - [2025-08-25T12:41:13.227+0000] {dagbag.py:588} INFO - Filling up the DagBag from /home/airflow/.local/lib/python3.12/site-packages/airflow/example_dags/example_latest_only_with_trigger.py
[2025-08-25T12:41:13.236+0000] {processor.py:925} INFO - DAG(s) 'latest_only_with_trigger' retrieved from /home/airflow/.local/lib/python3.12/site-packages/airflow/example_dags/example_latest_only_with_trigger.py
[2025-08-25T12:41:13.264+0000] {logging_mixin.py:190} INFO - [2025-08-25T12:41:13.263+0000] {dag.py:3239} INFO - Sync 1 DAGs
[2025-08-25T12:41:13.293+0000] {logging_mixin.py:190} INFO - [2025-08-25T12:41:13.292+0000] {dag.py:4180} INFO - Setting next_dagrun for latest_only_with_trigger to 2025-08-25 08:00:00+00:00, run_after=2025-08-25 12:00:00+00:00
[2025-08-25T12:41:13.319+0000] {processor.py:208} INFO - Processing /home/airflow/.local/lib/python3.12/site-packages/airflow/example_dags/example_latest_only_with_trigger.py took 0.103 seconds
[2025-08-25T12:41:44.238+0000] {processor.py:186} INFO - Started process (PID=875) to work on /home/airflow/.local/lib/python3.12/site-packages/airflow/example_dags/example_latest_only_with_trigger.py
[2025-08-25T12:41:44.239+0000] {processor.py:914} INFO - Processing file /home/airflow/.local/lib/python3.12/site-packages/airflow/example_dags/example_latest_only_with_trigger.py for tasks to queue
[2025-08-25T12:41:44.242+0000] {logging_mixin.py:190} INFO - [2025-08-25T12:41:44.242+0000] {dagbag.py:588} INFO - Filling up the DagBag from /home/airflow/.local/lib/python3.12/site-packages/airflow/example_dags/example_latest_only_with_trigger.py
[2025-08-25T12:41:44.251+0000] {processor.py:925} INFO - DAG(s) 'latest_only_with_trigger' retrieved from /home/airflow/.local/lib/python3.12/site-packages/airflow/example_dags/example_latest_only_with_trigger.py
[2025-08-25T12:41:44.282+0000] {logging_mixin.py:190} INFO - [2025-08-25T12:41:44.281+0000] {dag.py:3239} INFO - Sync 1 DAGs
[2025-08-25T12:41:44.315+0000] {logging_mixin.py:190} INFO - [2025-08-25T12:41:44.314+0000] {dag.py:4180} INFO - Setting next_dagrun for latest_only_with_trigger to 2025-08-25 08:00:00+00:00, run_after=2025-08-25 12:00:00+00:00
[2025-08-25T12:41:44.348+0000] {processor.py:208} INFO - Processing /home/airflow/.local/lib/python3.12/site-packages/airflow/example_dags/example_latest_only_with_trigger.py took 0.118 seconds
[2025-08-25T12:42:15.133+0000] {processor.py:186} INFO - Started process (PID=939) to work on /home/airflow/.local/lib/python3.12/site-packages/airflow/example_dags/example_latest_only_with_trigger.py
[2025-08-25T12:42:15.134+0000] {processor.py:914} INFO - Processing file /home/airflow/.local/lib/python3.12/site-packages/airflow/example_dags/example_latest_only_with_trigger.py for tasks to queue
[2025-08-25T12:42:15.137+0000] {logging_mixin.py:190} INFO - [2025-08-25T12:42:15.136+0000] {dagbag.py:588} INFO - Filling up the DagBag from /home/airflow/.local/lib/python3.12/site-packages/airflow/example_dags/example_latest_only_with_trigger.py
[2025-08-25T12:42:15.145+0000] {processor.py:925} INFO - DAG(s) 'latest_only_with_trigger' retrieved from /home/airflow/.local/lib/python3.12/site-packages/airflow/example_dags/example_latest_only_with_trigger.py
[2025-08-25T12:42:15.171+0000] {logging_mixin.py:190} INFO - [2025-08-25T12:42:15.171+0000] {dag.py:3239} INFO - Sync 1 DAGs
[2025-08-25T12:42:15.197+0000] {logging_mixin.py:190} INFO - [2025-08-25T12:42:15.197+0000] {dag.py:4180} INFO - Setting next_dagrun for latest_only_with_trigger to 2025-08-25 08:00:00+00:00, run_after=2025-08-25 12:00:00+00:00
[2025-08-25T12:42:15.222+0000] {processor.py:208} INFO - Processing /home/airflow/.local/lib/python3.12/site-packages/airflow/example_dags/example_latest_only_with_trigger.py took 0.097 seconds
[2025-08-25T12:42:45.705+0000] {processor.py:186} INFO - Started process (PID=1003) to work on /home/airflow/.local/lib/python3.12/site-packages/airflow/example_dags/example_latest_only_with_trigger.py
[2025-08-25T12:42:45.706+0000] {processor.py:914} INFO - Processing file /home/airflow/.local/lib/python3.12/site-packages/airflow/example_dags/example_latest_only_with_trigger.py for tasks to queue
[2025-08-25T12:42:45.709+0000] {logging_mixin.py:190} INFO - [2025-08-25T12:42:45.708+0000] {dagbag.py:588} INFO - Filling up the DagBag from /home/airflow/.local/lib/python3.12/site-packages/airflow/example_dags/example_latest_only_with_trigger.py
[2025-08-25T12:42:45.717+0000] {processor.py:925} INFO - DAG(s) 'latest_only_with_trigger' retrieved from /home/airflow/.local/lib/python3.12/site-packages/airflow/example_dags/example_latest_only_with_trigger.py
[2025-08-25T12:42:45.754+0000] {logging_mixin.py:190} INFO - [2025-08-25T12:42:45.753+0000] {dag.py:3239} INFO - Sync 1 DAGs
[2025-08-25T12:42:45.808+0000] {logging_mixin.py:190} INFO - [2025-08-25T12:42:45.807+0000] {dag.py:4180} INFO - Setting next_dagrun for latest_only_with_trigger to 2025-08-25 08:00:00+00:00, run_after=2025-08-25 12:00:00+00:00
[2025-08-25T12:42:45.841+0000] {processor.py:208} INFO - Processing /home/airflow/.local/lib/python3.12/site-packages/airflow/example_dags/example_latest_only_with_trigger.py took 0.142 seconds
[2025-08-25T12:43:16.016+0000] {processor.py:186} INFO - Started process (PID=1067) to work on /home/airflow/.local/lib/python3.12/site-packages/airflow/example_dags/example_latest_only_with_trigger.py
[2025-08-25T12:43:16.018+0000] {processor.py:914} INFO - Processing file /home/airflow/.local/lib/python3.12/site-packages/airflow/example_dags/example_latest_only_with_trigger.py for tasks to queue
[2025-08-25T12:43:16.020+0000] {logging_mixin.py:190} INFO - [2025-08-25T12:43:16.020+0000] {dagbag.py:588} INFO - Filling up the DagBag from /home/airflow/.local/lib/python3.12/site-packages/airflow/example_dags/example_latest_only_with_trigger.py
[2025-08-25T12:43:16.029+0000] {processor.py:925} INFO - DAG(s) 'latest_only_with_trigger' retrieved from /home/airflow/.local/lib/python3.12/site-packages/airflow/example_dags/example_latest_only_with_trigger.py
[2025-08-25T12:43:16.060+0000] {logging_mixin.py:190} INFO - [2025-08-25T12:43:16.060+0000] {dag.py:3239} INFO - Sync 1 DAGs
[2025-08-25T12:43:16.102+0000] {logging_mixin.py:190} INFO - [2025-08-25T12:43:16.101+0000] {dag.py:4180} INFO - Setting next_dagrun for latest_only_with_trigger to 2025-08-25 08:00:00+00:00, run_after=2025-08-25 12:00:00+00:00
[2025-08-25T12:43:16.143+0000] {processor.py:208} INFO - Processing /home/airflow/.local/lib/python3.12/site-packages/airflow/example_dags/example_latest_only_with_trigger.py took 0.136 seconds
[2025-08-25T12:43:46.590+0000] {processor.py:186} INFO - Started process (PID=1131) to work on /home/airflow/.local/lib/python3.12/site-packages/airflow/example_dags/example_latest_only_with_trigger.py
[2025-08-25T12:43:46.592+0000] {processor.py:914} INFO - Processing file /home/airflow/.local/lib/python3.12/site-packages/airflow/example_dags/example_latest_only_with_trigger.py for tasks to queue
[2025-08-25T12:43:46.597+0000] {logging_mixin.py:190} INFO - [2025-08-25T12:43:46.596+0000] {dagbag.py:588} INFO - Filling up the DagBag from /home/airflow/.local/lib/python3.12/site-packages/airflow/example_dags/example_latest_only_with_trigger.py
[2025-08-25T12:43:46.616+0000] {processor.py:925} INFO - DAG(s) 'latest_only_with_trigger' retrieved from /home/airflow/.local/lib/python3.12/site-packages/airflow/example_dags/example_latest_only_with_trigger.py
[2025-08-25T12:43:46.655+0000] {logging_mixin.py:190} INFO - [2025-08-25T12:43:46.654+0000] {dag.py:3239} INFO - Sync 1 DAGs
[2025-08-25T12:43:46.700+0000] {logging_mixin.py:190} INFO - [2025-08-25T12:43:46.700+0000] {dag.py:4180} INFO - Setting next_dagrun for latest_only_with_trigger to 2025-08-25 08:00:00+00:00, run_after=2025-08-25 12:00:00+00:00
[2025-08-25T12:43:46.741+0000] {processor.py:208} INFO - Processing /home/airflow/.local/lib/python3.12/site-packages/airflow/example_dags/example_latest_only_with_trigger.py took 0.169 seconds
[2025-08-25T12:44:17.137+0000] {processor.py:186} INFO - Started process (PID=1195) to work on /home/airflow/.local/lib/python3.12/site-packages/airflow/example_dags/example_latest_only_with_trigger.py
[2025-08-25T12:44:17.138+0000] {processor.py:914} INFO - Processing file /home/airflow/.local/lib/python3.12/site-packages/airflow/example_dags/example_latest_only_with_trigger.py for tasks to queue
[2025-08-25T12:44:17.142+0000] {logging_mixin.py:190} INFO - [2025-08-25T12:44:17.142+0000] {dagbag.py:588} INFO - Filling up the DagBag from /home/airflow/.local/lib/python3.12/site-packages/airflow/example_dags/example_latest_only_with_trigger.py
[2025-08-25T12:44:17.155+0000] {processor.py:925} INFO - DAG(s) 'latest_only_with_trigger' retrieved from /home/airflow/.local/lib/python3.12/site-packages/airflow/example_dags/example_latest_only_with_trigger.py
[2025-08-25T12:44:17.203+0000] {logging_mixin.py:190} INFO - [2025-08-25T12:44:17.202+0000] {dag.py:3239} INFO - Sync 1 DAGs
[2025-08-25T12:44:17.257+0000] {logging_mixin.py:190} INFO - [2025-08-25T12:44:17.257+0000] {dag.py:4180} INFO - Setting next_dagrun for latest_only_with_trigger to 2025-08-25 08:00:00+00:00, run_after=2025-08-25 12:00:00+00:00
[2025-08-25T12:44:17.299+0000] {processor.py:208} INFO - Processing /home/airflow/.local/lib/python3.12/site-packages/airflow/example_dags/example_latest_only_with_trigger.py took 0.175 seconds
[2025-08-25T12:44:47.975+0000] {processor.py:186} INFO - Started process (PID=1259) to work on /home/airflow/.local/lib/python3.12/site-packages/airflow/example_dags/example_latest_only_with_trigger.py
[2025-08-25T12:44:47.977+0000] {processor.py:914} INFO - Processing file /home/airflow/.local/lib/python3.12/site-packages/airflow/example_dags/example_latest_only_with_trigger.py for tasks to queue
[2025-08-25T12:44:47.980+0000] {logging_mixin.py:190} INFO - [2025-08-25T12:44:47.980+0000] {dagbag.py:588} INFO - Filling up the DagBag from /home/airflow/.local/lib/python3.12/site-packages/airflow/example_dags/example_latest_only_with_trigger.py
[2025-08-25T12:44:47.993+0000] {processor.py:925} INFO - DAG(s) 'latest_only_with_trigger' retrieved from /home/airflow/.local/lib/python3.12/site-packages/airflow/example_dags/example_latest_only_with_trigger.py
[2025-08-25T12:44:48.022+0000] {logging_mixin.py:190} INFO - [2025-08-25T12:44:48.021+0000] {dag.py:3239} INFO - Sync 1 DAGs
[2025-08-25T12:44:48.061+0000] {logging_mixin.py:190} INFO - [2025-08-25T12:44:48.061+0000] {dag.py:4180} INFO - Setting next_dagrun for latest_only_with_trigger to 2025-08-25 08:00:00+00:00, run_after=2025-08-25 12:00:00+00:00
[2025-08-25T12:44:48.090+0000] {processor.py:208} INFO - Processing /home/airflow/.local/lib/python3.12/site-packages/airflow/example_dags/example_latest_only_with_trigger.py took 0.125 seconds
[2025-08-25T12:45:18.541+0000] {processor.py:186} INFO - Started process (PID=1323) to work on /home/airflow/.local/lib/python3.12/site-packages/airflow/example_dags/example_latest_only_with_trigger.py
[2025-08-25T12:45:18.542+0000] {processor.py:914} INFO - Processing file /home/airflow/.local/lib/python3.12/site-packages/airflow/example_dags/example_latest_only_with_trigger.py for tasks to queue
[2025-08-25T12:45:18.546+0000] {logging_mixin.py:190} INFO - [2025-08-25T12:45:18.545+0000] {dagbag.py:588} INFO - Filling up the DagBag from /home/airflow/.local/lib/python3.12/site-packages/airflow/example_dags/example_latest_only_with_trigger.py
[2025-08-25T12:45:18.556+0000] {processor.py:925} INFO - DAG(s) 'latest_only_with_trigger' retrieved from /home/airflow/.local/lib/python3.12/site-packages/airflow/example_dags/example_latest_only_with_trigger.py
[2025-08-25T12:45:18.584+0000] {logging_mixin.py:190} INFO - [2025-08-25T12:45:18.584+0000] {dag.py:3239} INFO - Sync 1 DAGs
[2025-08-25T12:45:18.612+0000] {logging_mixin.py:190} INFO - [2025-08-25T12:45:18.612+0000] {dag.py:4180} INFO - Setting next_dagrun for latest_only_with_trigger to 2025-08-25 08:00:00+00:00, run_after=2025-08-25 12:00:00+00:00
[2025-08-25T12:45:18.637+0000] {processor.py:208} INFO - Processing /home/airflow/.local/lib/python3.12/site-packages/airflow/example_dags/example_latest_only_with_trigger.py took 0.106 seconds
[2025-08-25T12:45:49.605+0000] {processor.py:186} INFO - Started process (PID=1387) to work on /home/airflow/.local/lib/python3.12/site-packages/airflow/example_dags/example_latest_only_with_trigger.py
[2025-08-25T12:45:49.606+0000] {processor.py:914} INFO - Processing file /home/airflow/.local/lib/python3.12/site-packages/airflow/example_dags/example_latest_only_with_trigger.py for tasks to queue
[2025-08-25T12:45:49.610+0000] {logging_mixin.py:190} INFO - [2025-08-25T12:45:49.609+0000] {dagbag.py:588} INFO - Filling up the DagBag from /home/airflow/.local/lib/python3.12/site-packages/airflow/example_dags/example_latest_only_with_trigger.py
[2025-08-25T12:45:49.622+0000] {processor.py:925} INFO - DAG(s) 'latest_only_with_trigger' retrieved from /home/airflow/.local/lib/python3.12/site-packages/airflow/example_dags/example_latest_only_with_trigger.py
[2025-08-25T12:45:49.664+0000] {logging_mixin.py:190} INFO - [2025-08-25T12:45:49.663+0000] {dag.py:3239} INFO - Sync 1 DAGs
[2025-08-25T12:45:49.717+0000] {logging_mixin.py:190} INFO - [2025-08-25T12:45:49.716+0000] {dag.py:4180} INFO - Setting next_dagrun for latest_only_with_trigger to 2025-08-25 08:00:00+00:00, run_after=2025-08-25 12:00:00+00:00
[2025-08-25T12:45:49.767+0000] {processor.py:208} INFO - Processing /home/airflow/.local/lib/python3.12/site-packages/airflow/example_dags/example_latest_only_with_trigger.py took 0.172 seconds
[2025-08-25T12:46:19.854+0000] {processor.py:186} INFO - Started process (PID=1451) to work on /home/airflow/.local/lib/python3.12/site-packages/airflow/example_dags/example_latest_only_with_trigger.py
[2025-08-25T12:46:19.855+0000] {processor.py:914} INFO - Processing file /home/airflow/.local/lib/python3.12/site-packages/airflow/example_dags/example_latest_only_with_trigger.py for tasks to queue
[2025-08-25T12:46:19.858+0000] {logging_mixin.py:190} INFO - [2025-08-25T12:46:19.857+0000] {dagbag.py:588} INFO - Filling up the DagBag from /home/airflow/.local/lib/python3.12/site-packages/airflow/example_dags/example_latest_only_with_trigger.py
[2025-08-25T12:46:19.867+0000] {processor.py:925} INFO - DAG(s) 'latest_only_with_trigger' retrieved from /home/airflow/.local/lib/python3.12/site-packages/airflow/example_dags/example_latest_only_with_trigger.py
[2025-08-25T12:46:19.896+0000] {logging_mixin.py:190} INFO - [2025-08-25T12:46:19.895+0000] {dag.py:3239} INFO - Sync 1 DAGs
[2025-08-25T12:46:19.925+0000] {logging_mixin.py:190} INFO - [2025-08-25T12:46:19.924+0000] {dag.py:4180} INFO - Setting next_dagrun for latest_only_with_trigger to 2025-08-25 08:00:00+00:00, run_after=2025-08-25 12:00:00+00:00
[2025-08-25T12:46:19.950+0000] {processor.py:208} INFO - Processing /home/airflow/.local/lib/python3.12/site-packages/airflow/example_dags/example_latest_only_with_trigger.py took 0.104 seconds
[2025-08-25T12:46:50.393+0000] {processor.py:186} INFO - Started process (PID=1515) to work on /home/airflow/.local/lib/python3.12/site-packages/airflow/example_dags/example_latest_only_with_trigger.py
[2025-08-25T12:46:50.394+0000] {processor.py:914} INFO - Processing file /home/airflow/.local/lib/python3.12/site-packages/airflow/example_dags/example_latest_only_with_trigger.py for tasks to queue
[2025-08-25T12:46:50.398+0000] {logging_mixin.py:190} INFO - [2025-08-25T12:46:50.397+0000] {dagbag.py:588} INFO - Filling up the DagBag from /home/airflow/.local/lib/python3.12/site-packages/airflow/example_dags/example_latest_only_with_trigger.py
[2025-08-25T12:46:50.409+0000] {processor.py:925} INFO - DAG(s) 'latest_only_with_trigger' retrieved from /home/airflow/.local/lib/python3.12/site-packages/airflow/example_dags/example_latest_only_with_trigger.py
[2025-08-25T12:46:50.441+0000] {logging_mixin.py:190} INFO - [2025-08-25T12:46:50.441+0000] {dag.py:3239} INFO - Sync 1 DAGs
[2025-08-25T12:46:50.473+0000] {logging_mixin.py:190} INFO - [2025-08-25T12:46:50.473+0000] {dag.py:4180} INFO - Setting next_dagrun for latest_only_with_trigger to 2025-08-25 08:00:00+00:00, run_after=2025-08-25 12:00:00+00:00
[2025-08-25T12:46:50.516+0000] {processor.py:208} INFO - Processing /home/airflow/.local/lib/python3.12/site-packages/airflow/example_dags/example_latest_only_with_trigger.py took 0.134 seconds
[2025-08-25T12:47:20.740+0000] {processor.py:186} INFO - Started process (PID=1579) to work on /home/airflow/.local/lib/python3.12/site-packages/airflow/example_dags/example_latest_only_with_trigger.py
[2025-08-25T12:47:20.742+0000] {processor.py:914} INFO - Processing file /home/airflow/.local/lib/python3.12/site-packages/airflow/example_dags/example_latest_only_with_trigger.py for tasks to queue
[2025-08-25T12:47:20.747+0000] {logging_mixin.py:190} INFO - [2025-08-25T12:47:20.746+0000] {dagbag.py:588} INFO - Filling up the DagBag from /home/airflow/.local/lib/python3.12/site-packages/airflow/example_dags/example_latest_only_with_trigger.py
[2025-08-25T12:47:20.765+0000] {processor.py:925} INFO - DAG(s) 'latest_only_with_trigger' retrieved from /home/airflow/.local/lib/python3.12/site-packages/airflow/example_dags/example_latest_only_with_trigger.py
[2025-08-25T12:47:20.801+0000] {logging_mixin.py:190} INFO - [2025-08-25T12:47:20.801+0000] {dag.py:3239} INFO - Sync 1 DAGs
[2025-08-25T12:47:20.836+0000] {logging_mixin.py:190} INFO - [2025-08-25T12:47:20.835+0000] {dag.py:4180} INFO - Setting next_dagrun for latest_only_with_trigger to 2025-08-25 08:00:00+00:00, run_after=2025-08-25 12:00:00+00:00
[2025-08-25T12:47:20.860+0000] {processor.py:208} INFO - Processing /home/airflow/.local/lib/python3.12/site-packages/airflow/example_dags/example_latest_only_with_trigger.py took 0.134 seconds
[2025-08-25T12:47:51.275+0000] {processor.py:186} INFO - Started process (PID=1643) to work on /home/airflow/.local/lib/python3.12/site-packages/airflow/example_dags/example_latest_only_with_trigger.py
[2025-08-25T12:47:51.276+0000] {processor.py:914} INFO - Processing file /home/airflow/.local/lib/python3.12/site-packages/airflow/example_dags/example_latest_only_with_trigger.py for tasks to queue
[2025-08-25T12:47:51.279+0000] {logging_mixin.py:190} INFO - [2025-08-25T12:47:51.279+0000] {dagbag.py:588} INFO - Filling up the DagBag from /home/airflow/.local/lib/python3.12/site-packages/airflow/example_dags/example_latest_only_with_trigger.py
[2025-08-25T12:47:51.288+0000] {processor.py:925} INFO - DAG(s) 'latest_only_with_trigger' retrieved from /home/airflow/.local/lib/python3.12/site-packages/airflow/example_dags/example_latest_only_with_trigger.py
[2025-08-25T12:47:51.315+0000] {logging_mixin.py:190} INFO - [2025-08-25T12:47:51.315+0000] {dag.py:3239} INFO - Sync 1 DAGs
[2025-08-25T12:47:51.343+0000] {logging_mixin.py:190} INFO - [2025-08-25T12:47:51.342+0000] {dag.py:4180} INFO - Setting next_dagrun for latest_only_with_trigger to 2025-08-25 08:00:00+00:00, run_after=2025-08-25 12:00:00+00:00
[2025-08-25T12:47:51.374+0000] {processor.py:208} INFO - Processing /home/airflow/.local/lib/python3.12/site-packages/airflow/example_dags/example_latest_only_with_trigger.py took 0.107 seconds
[2025-08-25T12:48:21.801+0000] {processor.py:186} INFO - Started process (PID=1707) to work on /home/airflow/.local/lib/python3.12/site-packages/airflow/example_dags/example_latest_only_with_trigger.py
[2025-08-25T12:48:21.802+0000] {processor.py:914} INFO - Processing file /home/airflow/.local/lib/python3.12/site-packages/airflow/example_dags/example_latest_only_with_trigger.py for tasks to queue
[2025-08-25T12:48:21.804+0000] {logging_mixin.py:190} INFO - [2025-08-25T12:48:21.804+0000] {dagbag.py:588} INFO - Filling up the DagBag from /home/airflow/.local/lib/python3.12/site-packages/airflow/example_dags/example_latest_only_with_trigger.py
[2025-08-25T12:48:21.811+0000] {processor.py:925} INFO - DAG(s) 'latest_only_with_trigger' retrieved from /home/airflow/.local/lib/python3.12/site-packages/airflow/example_dags/example_latest_only_with_trigger.py
[2025-08-25T12:48:21.843+0000] {logging_mixin.py:190} INFO - [2025-08-25T12:48:21.842+0000] {dag.py:3239} INFO - Sync 1 DAGs
[2025-08-25T12:48:21.880+0000] {logging_mixin.py:190} INFO - [2025-08-25T12:48:21.880+0000] {dag.py:4180} INFO - Setting next_dagrun for latest_only_with_trigger to 2025-08-25 08:00:00+00:00, run_after=2025-08-25 12:00:00+00:00
[2025-08-25T12:48:21.906+0000] {processor.py:208} INFO - Processing /home/airflow/.local/lib/python3.12/site-packages/airflow/example_dags/example_latest_only_with_trigger.py took 0.111 seconds
[2025-08-25T12:48:52.286+0000] {processor.py:186} INFO - Started process (PID=1771) to work on /home/airflow/.local/lib/python3.12/site-packages/airflow/example_dags/example_latest_only_with_trigger.py
[2025-08-25T12:48:52.287+0000] {processor.py:914} INFO - Processing file /home/airflow/.local/lib/python3.12/site-packages/airflow/example_dags/example_latest_only_with_trigger.py for tasks to queue
[2025-08-25T12:48:52.290+0000] {logging_mixin.py:190} INFO - [2025-08-25T12:48:52.289+0000] {dagbag.py:588} INFO - Filling up the DagBag from /home/airflow/.local/lib/python3.12/site-packages/airflow/example_dags/example_latest_only_with_trigger.py
[2025-08-25T12:48:52.298+0000] {processor.py:925} INFO - DAG(s) 'latest_only_with_trigger' retrieved from /home/airflow/.local/lib/python3.12/site-packages/airflow/example_dags/example_latest_only_with_trigger.py
[2025-08-25T12:48:52.326+0000] {logging_mixin.py:190} INFO - [2025-08-25T12:48:52.325+0000] {dag.py:3239} INFO - Sync 1 DAGs
[2025-08-25T12:48:52.371+0000] {logging_mixin.py:190} INFO - [2025-08-25T12:48:52.370+0000] {dag.py:4180} INFO - Setting next_dagrun for latest_only_with_trigger to 2025-08-25 08:00:00+00:00, run_after=2025-08-25 12:00:00+00:00
[2025-08-25T12:48:52.398+0000] {processor.py:208} INFO - Processing /home/airflow/.local/lib/python3.12/site-packages/airflow/example_dags/example_latest_only_with_trigger.py took 0.118 seconds
[2025-08-25T12:49:22.943+0000] {processor.py:186} INFO - Started process (PID=1835) to work on /home/airflow/.local/lib/python3.12/site-packages/airflow/example_dags/example_latest_only_with_trigger.py
[2025-08-25T12:49:22.944+0000] {processor.py:914} INFO - Processing file /home/airflow/.local/lib/python3.12/site-packages/airflow/example_dags/example_latest_only_with_trigger.py for tasks to queue
[2025-08-25T12:49:22.946+0000] {logging_mixin.py:190} INFO - [2025-08-25T12:49:22.946+0000] {dagbag.py:588} INFO - Filling up the DagBag from /home/airflow/.local/lib/python3.12/site-packages/airflow/example_dags/example_latest_only_with_trigger.py
[2025-08-25T12:49:22.954+0000] {processor.py:925} INFO - DAG(s) 'latest_only_with_trigger' retrieved from /home/airflow/.local/lib/python3.12/site-packages/airflow/example_dags/example_latest_only_with_trigger.py
[2025-08-25T12:49:22.983+0000] {logging_mixin.py:190} INFO - [2025-08-25T12:49:22.982+0000] {dag.py:3239} INFO - Sync 1 DAGs
[2025-08-25T12:49:23.008+0000] {logging_mixin.py:190} INFO - [2025-08-25T12:49:23.007+0000] {dag.py:4180} INFO - Setting next_dagrun for latest_only_with_trigger to 2025-08-25 08:00:00+00:00, run_after=2025-08-25 12:00:00+00:00
[2025-08-25T12:49:23.032+0000] {processor.py:208} INFO - Processing /home/airflow/.local/lib/python3.12/site-packages/airflow/example_dags/example_latest_only_with_trigger.py took 0.095 seconds
[2025-08-25T12:49:53.518+0000] {processor.py:186} INFO - Started process (PID=1899) to work on /home/airflow/.local/lib/python3.12/site-packages/airflow/example_dags/example_latest_only_with_trigger.py
[2025-08-25T12:49:53.519+0000] {processor.py:914} INFO - Processing file /home/airflow/.local/lib/python3.12/site-packages/airflow/example_dags/example_latest_only_with_trigger.py for tasks to queue
[2025-08-25T12:49:53.522+0000] {logging_mixin.py:190} INFO - [2025-08-25T12:49:53.522+0000] {dagbag.py:588} INFO - Filling up the DagBag from /home/airflow/.local/lib/python3.12/site-packages/airflow/example_dags/example_latest_only_with_trigger.py
[2025-08-25T12:49:53.532+0000] {processor.py:925} INFO - DAG(s) 'latest_only_with_trigger' retrieved from /home/airflow/.local/lib/python3.12/site-packages/airflow/example_dags/example_latest_only_with_trigger.py
[2025-08-25T12:49:53.567+0000] {logging_mixin.py:190} INFO - [2025-08-25T12:49:53.566+0000] {dag.py:3239} INFO - Sync 1 DAGs
[2025-08-25T12:49:53.599+0000] {logging_mixin.py:190} INFO - [2025-08-25T12:49:53.598+0000] {dag.py:4180} INFO - Setting next_dagrun for latest_only_with_trigger to 2025-08-25 08:00:00+00:00, run_after=2025-08-25 12:00:00+00:00
[2025-08-25T12:49:53.633+0000] {processor.py:208} INFO - Processing /home/airflow/.local/lib/python3.12/site-packages/airflow/example_dags/example_latest_only_with_trigger.py took 0.125 seconds
[2025-08-25T12:50:23.915+0000] {processor.py:186} INFO - Started process (PID=1963) to work on /home/airflow/.local/lib/python3.12/site-packages/airflow/example_dags/example_latest_only_with_trigger.py
[2025-08-25T12:50:23.918+0000] {processor.py:914} INFO - Processing file /home/airflow/.local/lib/python3.12/site-packages/airflow/example_dags/example_latest_only_with_trigger.py for tasks to queue
[2025-08-25T12:50:23.924+0000] {logging_mixin.py:190} INFO - [2025-08-25T12:50:23.923+0000] {dagbag.py:588} INFO - Filling up the DagBag from /home/airflow/.local/lib/python3.12/site-packages/airflow/example_dags/example_latest_only_with_trigger.py
[2025-08-25T12:50:23.938+0000] {processor.py:925} INFO - DAG(s) 'latest_only_with_trigger' retrieved from /home/airflow/.local/lib/python3.12/site-packages/airflow/example_dags/example_latest_only_with_trigger.py
[2025-08-25T12:50:23.979+0000] {logging_mixin.py:190} INFO - [2025-08-25T12:50:23.978+0000] {dag.py:3239} INFO - Sync 1 DAGs
[2025-08-25T12:50:24.021+0000] {logging_mixin.py:190} INFO - [2025-08-25T12:50:24.020+0000] {dag.py:4180} INFO - Setting next_dagrun for latest_only_with_trigger to 2025-08-25 08:00:00+00:00, run_after=2025-08-25 12:00:00+00:00
[2025-08-25T12:50:24.052+0000] {processor.py:208} INFO - Processing /home/airflow/.local/lib/python3.12/site-packages/airflow/example_dags/example_latest_only_with_trigger.py took 0.150 seconds
[2025-08-25T12:50:55.038+0000] {processor.py:186} INFO - Started process (PID=2027) to work on /home/airflow/.local/lib/python3.12/site-packages/airflow/example_dags/example_latest_only_with_trigger.py
[2025-08-25T12:50:55.039+0000] {processor.py:914} INFO - Processing file /home/airflow/.local/lib/python3.12/site-packages/airflow/example_dags/example_latest_only_with_trigger.py for tasks to queue
[2025-08-25T12:50:55.042+0000] {logging_mixin.py:190} INFO - [2025-08-25T12:50:55.041+0000] {dagbag.py:588} INFO - Filling up the DagBag from /home/airflow/.local/lib/python3.12/site-packages/airflow/example_dags/example_latest_only_with_trigger.py
[2025-08-25T12:50:55.050+0000] {processor.py:925} INFO - DAG(s) 'latest_only_with_trigger' retrieved from /home/airflow/.local/lib/python3.12/site-packages/airflow/example_dags/example_latest_only_with_trigger.py
[2025-08-25T12:50:55.076+0000] {logging_mixin.py:190} INFO - [2025-08-25T12:50:55.076+0000] {dag.py:3239} INFO - Sync 1 DAGs
[2025-08-25T12:50:55.106+0000] {logging_mixin.py:190} INFO - [2025-08-25T12:50:55.106+0000] {dag.py:4180} INFO - Setting next_dagrun for latest_only_with_trigger to 2025-08-25 08:00:00+00:00, run_after=2025-08-25 12:00:00+00:00
[2025-08-25T12:50:55.130+0000] {processor.py:208} INFO - Processing /home/airflow/.local/lib/python3.12/site-packages/airflow/example_dags/example_latest_only_with_trigger.py took 0.099 seconds
[2025-08-25T12:51:25.393+0000] {processor.py:186} INFO - Started process (PID=2091) to work on /home/airflow/.local/lib/python3.12/site-packages/airflow/example_dags/example_latest_only_with_trigger.py
[2025-08-25T12:51:25.395+0000] {processor.py:914} INFO - Processing file /home/airflow/.local/lib/python3.12/site-packages/airflow/example_dags/example_latest_only_with_trigger.py for tasks to queue
[2025-08-25T12:51:25.397+0000] {logging_mixin.py:190} INFO - [2025-08-25T12:51:25.397+0000] {dagbag.py:588} INFO - Filling up the DagBag from /home/airflow/.local/lib/python3.12/site-packages/airflow/example_dags/example_latest_only_with_trigger.py
[2025-08-25T12:51:25.406+0000] {processor.py:925} INFO - DAG(s) 'latest_only_with_trigger' retrieved from /home/airflow/.local/lib/python3.12/site-packages/airflow/example_dags/example_latest_only_with_trigger.py
[2025-08-25T12:51:25.435+0000] {logging_mixin.py:190} INFO - [2025-08-25T12:51:25.434+0000] {dag.py:3239} INFO - Sync 1 DAGs
[2025-08-25T12:51:25.465+0000] {logging_mixin.py:190} INFO - [2025-08-25T12:51:25.464+0000] {dag.py:4180} INFO - Setting next_dagrun for latest_only_with_trigger to 2025-08-25 08:00:00+00:00, run_after=2025-08-25 12:00:00+00:00
[2025-08-25T12:51:25.491+0000] {processor.py:208} INFO - Processing /home/airflow/.local/lib/python3.12/site-packages/airflow/example_dags/example_latest_only_with_trigger.py took 0.107 seconds
[2025-08-25T12:51:56.224+0000] {processor.py:186} INFO - Started process (PID=2155) to work on /home/airflow/.local/lib/python3.12/site-packages/airflow/example_dags/example_latest_only_with_trigger.py
[2025-08-25T12:51:56.226+0000] {processor.py:914} INFO - Processing file /home/airflow/.local/lib/python3.12/site-packages/airflow/example_dags/example_latest_only_with_trigger.py for tasks to queue
[2025-08-25T12:51:56.229+0000] {logging_mixin.py:190} INFO - [2025-08-25T12:51:56.228+0000] {dagbag.py:588} INFO - Filling up the DagBag from /home/airflow/.local/lib/python3.12/site-packages/airflow/example_dags/example_latest_only_with_trigger.py
[2025-08-25T12:51:56.239+0000] {processor.py:925} INFO - DAG(s) 'latest_only_with_trigger' retrieved from /home/airflow/.local/lib/python3.12/site-packages/airflow/example_dags/example_latest_only_with_trigger.py
[2025-08-25T12:51:56.269+0000] {logging_mixin.py:190} INFO - [2025-08-25T12:51:56.269+0000] {dag.py:3239} INFO - Sync 1 DAGs
[2025-08-25T12:51:56.298+0000] {logging_mixin.py:190} INFO - [2025-08-25T12:51:56.298+0000] {dag.py:4180} INFO - Setting next_dagrun for latest_only_with_trigger to 2025-08-25 08:00:00+00:00, run_after=2025-08-25 12:00:00+00:00
[2025-08-25T12:51:56.325+0000] {processor.py:208} INFO - Processing /home/airflow/.local/lib/python3.12/site-packages/airflow/example_dags/example_latest_only_with_trigger.py took 0.111 seconds
[2025-08-25T12:52:26.839+0000] {processor.py:186} INFO - Started process (PID=2219) to work on /home/airflow/.local/lib/python3.12/site-packages/airflow/example_dags/example_latest_only_with_trigger.py
[2025-08-25T12:52:26.840+0000] {processor.py:914} INFO - Processing file /home/airflow/.local/lib/python3.12/site-packages/airflow/example_dags/example_latest_only_with_trigger.py for tasks to queue
[2025-08-25T12:52:26.842+0000] {logging_mixin.py:190} INFO - [2025-08-25T12:52:26.842+0000] {dagbag.py:588} INFO - Filling up the DagBag from /home/airflow/.local/lib/python3.12/site-packages/airflow/example_dags/example_latest_only_with_trigger.py
[2025-08-25T12:52:26.851+0000] {processor.py:925} INFO - DAG(s) 'latest_only_with_trigger' retrieved from /home/airflow/.local/lib/python3.12/site-packages/airflow/example_dags/example_latest_only_with_trigger.py
[2025-08-25T12:52:26.879+0000] {logging_mixin.py:190} INFO - [2025-08-25T12:52:26.879+0000] {dag.py:3239} INFO - Sync 1 DAGs
[2025-08-25T12:52:26.910+0000] {logging_mixin.py:190} INFO - [2025-08-25T12:52:26.910+0000] {dag.py:4180} INFO - Setting next_dagrun for latest_only_with_trigger to 2025-08-25 08:00:00+00:00, run_after=2025-08-25 12:00:00+00:00
[2025-08-25T12:52:26.935+0000] {processor.py:208} INFO - Processing /home/airflow/.local/lib/python3.12/site-packages/airflow/example_dags/example_latest_only_with_trigger.py took 0.103 seconds
[2025-08-25T12:52:57.194+0000] {processor.py:186} INFO - Started process (PID=2283) to work on /home/airflow/.local/lib/python3.12/site-packages/airflow/example_dags/example_latest_only_with_trigger.py
[2025-08-25T12:52:57.195+0000] {processor.py:914} INFO - Processing file /home/airflow/.local/lib/python3.12/site-packages/airflow/example_dags/example_latest_only_with_trigger.py for tasks to queue
[2025-08-25T12:52:57.197+0000] {logging_mixin.py:190} INFO - [2025-08-25T12:52:57.197+0000] {dagbag.py:588} INFO - Filling up the DagBag from /home/airflow/.local/lib/python3.12/site-packages/airflow/example_dags/example_latest_only_with_trigger.py
[2025-08-25T12:52:57.205+0000] {processor.py:925} INFO - DAG(s) 'latest_only_with_trigger' retrieved from /home/airflow/.local/lib/python3.12/site-packages/airflow/example_dags/example_latest_only_with_trigger.py
[2025-08-25T12:52:57.231+0000] {logging_mixin.py:190} INFO - [2025-08-25T12:52:57.231+0000] {dag.py:3239} INFO - Sync 1 DAGs
[2025-08-25T12:52:57.263+0000] {logging_mixin.py:190} INFO - [2025-08-25T12:52:57.263+0000] {dag.py:4180} INFO - Setting next_dagrun for latest_only_with_trigger to 2025-08-25 08:00:00+00:00, run_after=2025-08-25 12:00:00+00:00
[2025-08-25T12:52:57.288+0000] {processor.py:208} INFO - Processing /home/airflow/.local/lib/python3.12/site-packages/airflow/example_dags/example_latest_only_with_trigger.py took 0.102 seconds
[2025-08-25T12:53:28.179+0000] {processor.py:186} INFO - Started process (PID=2347) to work on /home/airflow/.local/lib/python3.12/site-packages/airflow/example_dags/example_latest_only_with_trigger.py
[2025-08-25T12:53:28.181+0000] {processor.py:914} INFO - Processing file /home/airflow/.local/lib/python3.12/site-packages/airflow/example_dags/example_latest_only_with_trigger.py for tasks to queue
[2025-08-25T12:53:28.184+0000] {logging_mixin.py:190} INFO - [2025-08-25T12:53:28.183+0000] {dagbag.py:588} INFO - Filling up the DagBag from /home/airflow/.local/lib/python3.12/site-packages/airflow/example_dags/example_latest_only_with_trigger.py
[2025-08-25T12:53:28.194+0000] {processor.py:925} INFO - DAG(s) 'latest_only_with_trigger' retrieved from /home/airflow/.local/lib/python3.12/site-packages/airflow/example_dags/example_latest_only_with_trigger.py
[2025-08-25T12:53:28.234+0000] {logging_mixin.py:190} INFO - [2025-08-25T12:53:28.233+0000] {dag.py:3239} INFO - Sync 1 DAGs
[2025-08-25T12:53:28.269+0000] {logging_mixin.py:190} INFO - [2025-08-25T12:53:28.268+0000] {dag.py:4180} INFO - Setting next_dagrun for latest_only_with_trigger to 2025-08-25 08:00:00+00:00, run_after=2025-08-25 12:00:00+00:00
[2025-08-25T12:53:28.295+0000] {processor.py:208} INFO - Processing /home/airflow/.local/lib/python3.12/site-packages/airflow/example_dags/example_latest_only_with_trigger.py took 0.125 seconds
[2025-08-25T12:53:58.696+0000] {processor.py:186} INFO - Started process (PID=2411) to work on /home/airflow/.local/lib/python3.12/site-packages/airflow/example_dags/example_latest_only_with_trigger.py
[2025-08-25T12:53:58.697+0000] {processor.py:914} INFO - Processing file /home/airflow/.local/lib/python3.12/site-packages/airflow/example_dags/example_latest_only_with_trigger.py for tasks to queue
[2025-08-25T12:53:58.701+0000] {logging_mixin.py:190} INFO - [2025-08-25T12:53:58.701+0000] {dagbag.py:588} INFO - Filling up the DagBag from /home/airflow/.local/lib/python3.12/site-packages/airflow/example_dags/example_latest_only_with_trigger.py
[2025-08-25T12:53:58.715+0000] {processor.py:925} INFO - DAG(s) 'latest_only_with_trigger' retrieved from /home/airflow/.local/lib/python3.12/site-packages/airflow/example_dags/example_latest_only_with_trigger.py
[2025-08-25T12:53:58.746+0000] {logging_mixin.py:190} INFO - [2025-08-25T12:53:58.746+0000] {dag.py:3239} INFO - Sync 1 DAGs
[2025-08-25T12:53:58.773+0000] {logging_mixin.py:190} INFO - [2025-08-25T12:53:58.772+0000] {dag.py:4180} INFO - Setting next_dagrun for latest_only_with_trigger to 2025-08-25 08:00:00+00:00, run_after=2025-08-25 12:00:00+00:00
[2025-08-25T12:53:58.796+0000] {processor.py:208} INFO - Processing /home/airflow/.local/lib/python3.12/site-packages/airflow/example_dags/example_latest_only_with_trigger.py took 0.111 seconds
[2025-08-25T12:54:29.485+0000] {processor.py:186} INFO - Started process (PID=2481) to work on /home/airflow/.local/lib/python3.12/site-packages/airflow/example_dags/example_latest_only_with_trigger.py
[2025-08-25T12:54:29.486+0000] {processor.py:914} INFO - Processing file /home/airflow/.local/lib/python3.12/site-packages/airflow/example_dags/example_latest_only_with_trigger.py for tasks to queue
[2025-08-25T12:54:29.488+0000] {logging_mixin.py:190} INFO - [2025-08-25T12:54:29.488+0000] {dagbag.py:588} INFO - Filling up the DagBag from /home/airflow/.local/lib/python3.12/site-packages/airflow/example_dags/example_latest_only_with_trigger.py
[2025-08-25T12:54:29.495+0000] {processor.py:925} INFO - DAG(s) 'latest_only_with_trigger' retrieved from /home/airflow/.local/lib/python3.12/site-packages/airflow/example_dags/example_latest_only_with_trigger.py
[2025-08-25T12:54:29.524+0000] {logging_mixin.py:190} INFO - [2025-08-25T12:54:29.523+0000] {dag.py:3239} INFO - Sync 1 DAGs
[2025-08-25T12:54:29.561+0000] {logging_mixin.py:190} INFO - [2025-08-25T12:54:29.560+0000] {dag.py:4180} INFO - Setting next_dagrun for latest_only_with_trigger to 2025-08-25 08:00:00+00:00, run_after=2025-08-25 12:00:00+00:00
[2025-08-25T12:54:29.589+0000] {processor.py:208} INFO - Processing /home/airflow/.local/lib/python3.12/site-packages/airflow/example_dags/example_latest_only_with_trigger.py took 0.111 seconds
[2025-08-25T12:55:00.907+0000] {processor.py:186} INFO - Started process (PID=2545) to work on /home/airflow/.local/lib/python3.12/site-packages/airflow/example_dags/example_latest_only_with_trigger.py
[2025-08-25T12:55:00.908+0000] {processor.py:914} INFO - Processing file /home/airflow/.local/lib/python3.12/site-packages/airflow/example_dags/example_latest_only_with_trigger.py for tasks to queue
[2025-08-25T12:55:00.910+0000] {logging_mixin.py:190} INFO - [2025-08-25T12:55:00.910+0000] {dagbag.py:588} INFO - Filling up the DagBag from /home/airflow/.local/lib/python3.12/site-packages/airflow/example_dags/example_latest_only_with_trigger.py
[2025-08-25T12:55:00.917+0000] {processor.py:925} INFO - DAG(s) 'latest_only_with_trigger' retrieved from /home/airflow/.local/lib/python3.12/site-packages/airflow/example_dags/example_latest_only_with_trigger.py
[2025-08-25T12:55:00.951+0000] {logging_mixin.py:190} INFO - [2025-08-25T12:55:00.950+0000] {dag.py:3239} INFO - Sync 1 DAGs
[2025-08-25T12:55:00.991+0000] {logging_mixin.py:190} INFO - [2025-08-25T12:55:00.990+0000] {dag.py:4180} INFO - Setting next_dagrun for latest_only_with_trigger to 2025-08-25 08:00:00+00:00, run_after=2025-08-25 12:00:00+00:00
[2025-08-25T12:55:01.024+0000] {processor.py:208} INFO - Processing /home/airflow/.local/lib/python3.12/site-packages/airflow/example_dags/example_latest_only_with_trigger.py took 0.125 seconds
[2025-08-25T12:55:31.528+0000] {processor.py:186} INFO - Started process (PID=2609) to work on /home/airflow/.local/lib/python3.12/site-packages/airflow/example_dags/example_latest_only_with_trigger.py
[2025-08-25T12:55:31.529+0000] {processor.py:914} INFO - Processing file /home/airflow/.local/lib/python3.12/site-packages/airflow/example_dags/example_latest_only_with_trigger.py for tasks to queue
[2025-08-25T12:55:31.532+0000] {logging_mixin.py:190} INFO - [2025-08-25T12:55:31.532+0000] {dagbag.py:588} INFO - Filling up the DagBag from /home/airflow/.local/lib/python3.12/site-packages/airflow/example_dags/example_latest_only_with_trigger.py
[2025-08-25T12:55:31.541+0000] {processor.py:925} INFO - DAG(s) 'latest_only_with_trigger' retrieved from /home/airflow/.local/lib/python3.12/site-packages/airflow/example_dags/example_latest_only_with_trigger.py
[2025-08-25T12:55:31.568+0000] {logging_mixin.py:190} INFO - [2025-08-25T12:55:31.568+0000] {dag.py:3239} INFO - Sync 1 DAGs
[2025-08-25T12:55:31.596+0000] {logging_mixin.py:190} INFO - [2025-08-25T12:55:31.596+0000] {dag.py:4180} INFO - Setting next_dagrun for latest_only_with_trigger to 2025-08-25 08:00:00+00:00, run_after=2025-08-25 12:00:00+00:00
[2025-08-25T12:55:31.621+0000] {processor.py:208} INFO - Processing /home/airflow/.local/lib/python3.12/site-packages/airflow/example_dags/example_latest_only_with_trigger.py took 0.101 seconds
[2025-08-25T12:56:01.980+0000] {processor.py:186} INFO - Started process (PID=2673) to work on /home/airflow/.local/lib/python3.12/site-packages/airflow/example_dags/example_latest_only_with_trigger.py
[2025-08-25T12:56:01.981+0000] {processor.py:914} INFO - Processing file /home/airflow/.local/lib/python3.12/site-packages/airflow/example_dags/example_latest_only_with_trigger.py for tasks to queue
[2025-08-25T12:56:01.983+0000] {logging_mixin.py:190} INFO - [2025-08-25T12:56:01.982+0000] {dagbag.py:588} INFO - Filling up the DagBag from /home/airflow/.local/lib/python3.12/site-packages/airflow/example_dags/example_latest_only_with_trigger.py
[2025-08-25T12:56:01.990+0000] {processor.py:925} INFO - DAG(s) 'latest_only_with_trigger' retrieved from /home/airflow/.local/lib/python3.12/site-packages/airflow/example_dags/example_latest_only_with_trigger.py
[2025-08-25T12:56:02.021+0000] {logging_mixin.py:190} INFO - [2025-08-25T12:56:02.021+0000] {dag.py:3239} INFO - Sync 1 DAGs
[2025-08-25T12:56:02.053+0000] {logging_mixin.py:190} INFO - [2025-08-25T12:56:02.053+0000] {dag.py:4180} INFO - Setting next_dagrun for latest_only_with_trigger to 2025-08-25 08:00:00+00:00, run_after=2025-08-25 12:00:00+00:00
[2025-08-25T12:56:02.079+0000] {processor.py:208} INFO - Processing /home/airflow/.local/lib/python3.12/site-packages/airflow/example_dags/example_latest_only_with_trigger.py took 0.105 seconds
[2025-08-25T12:56:32.237+0000] {processor.py:186} INFO - Started process (PID=2737) to work on /home/airflow/.local/lib/python3.12/site-packages/airflow/example_dags/example_latest_only_with_trigger.py
[2025-08-25T12:56:32.238+0000] {processor.py:914} INFO - Processing file /home/airflow/.local/lib/python3.12/site-packages/airflow/example_dags/example_latest_only_with_trigger.py for tasks to queue
[2025-08-25T12:56:32.241+0000] {logging_mixin.py:190} INFO - [2025-08-25T12:56:32.240+0000] {dagbag.py:588} INFO - Filling up the DagBag from /home/airflow/.local/lib/python3.12/site-packages/airflow/example_dags/example_latest_only_with_trigger.py
[2025-08-25T12:56:32.249+0000] {processor.py:925} INFO - DAG(s) 'latest_only_with_trigger' retrieved from /home/airflow/.local/lib/python3.12/site-packages/airflow/example_dags/example_latest_only_with_trigger.py
[2025-08-25T12:56:32.275+0000] {logging_mixin.py:190} INFO - [2025-08-25T12:56:32.275+0000] {dag.py:3239} INFO - Sync 1 DAGs
[2025-08-25T12:56:32.302+0000] {logging_mixin.py:190} INFO - [2025-08-25T12:56:32.301+0000] {dag.py:4180} INFO - Setting next_dagrun for latest_only_with_trigger to 2025-08-25 08:00:00+00:00, run_after=2025-08-25 12:00:00+00:00
[2025-08-25T12:56:32.325+0000] {processor.py:208} INFO - Processing /home/airflow/.local/lib/python3.12/site-packages/airflow/example_dags/example_latest_only_with_trigger.py took 0.095 seconds
[2025-08-25T12:57:03.115+0000] {processor.py:186} INFO - Started process (PID=2801) to work on /home/airflow/.local/lib/python3.12/site-packages/airflow/example_dags/example_latest_only_with_trigger.py
[2025-08-25T12:57:03.116+0000] {processor.py:914} INFO - Processing file /home/airflow/.local/lib/python3.12/site-packages/airflow/example_dags/example_latest_only_with_trigger.py for tasks to queue
[2025-08-25T12:57:03.118+0000] {logging_mixin.py:190} INFO - [2025-08-25T12:57:03.118+0000] {dagbag.py:588} INFO - Filling up the DagBag from /home/airflow/.local/lib/python3.12/site-packages/airflow/example_dags/example_latest_only_with_trigger.py
[2025-08-25T12:57:03.126+0000] {processor.py:925} INFO - DAG(s) 'latest_only_with_trigger' retrieved from /home/airflow/.local/lib/python3.12/site-packages/airflow/example_dags/example_latest_only_with_trigger.py
[2025-08-25T12:57:03.153+0000] {logging_mixin.py:190} INFO - [2025-08-25T12:57:03.152+0000] {dag.py:3239} INFO - Sync 1 DAGs
[2025-08-25T12:57:03.181+0000] {logging_mixin.py:190} INFO - [2025-08-25T12:57:03.180+0000] {dag.py:4180} INFO - Setting next_dagrun for latest_only_with_trigger to 2025-08-25 08:00:00+00:00, run_after=2025-08-25 12:00:00+00:00
[2025-08-25T12:57:03.206+0000] {processor.py:208} INFO - Processing /home/airflow/.local/lib/python3.12/site-packages/airflow/example_dags/example_latest_only_with_trigger.py took 0.098 seconds
