[2025-08-25T12:35:32.921+0000] {processor.py:186} INFO - Started process (PID=82) to work on /home/airflow/.local/lib/python3.12/site-packages/airflow/example_dags/tutorial_dag.py
[2025-08-25T12:35:32.922+0000] {processor.py:914} INFO - Processing file /home/airflow/.local/lib/python3.12/site-packages/airflow/example_dags/tutorial_dag.py for tasks to queue
[2025-08-25T12:35:32.924+0000] {logging_mixin.py:190} INFO - [2025-08-25T12:35:32.924+0000] {dagbag.py:588} INFO - Filling up the DagBag from /home/airflow/.local/lib/python3.12/site-packages/airflow/example_dags/tutorial_dag.py
[2025-08-25T12:35:32.934+0000] {processor.py:925} INFO - DAG(s) 'tutorial_dag' retrieved from /home/airflow/.local/lib/python3.12/site-packages/airflow/example_dags/tutorial_dag.py
[2025-08-25T12:35:33.073+0000] {logging_mixin.py:190} INFO - [2025-08-25T12:35:33.072+0000] {override.py:1900} INFO - Created Permission View: can read on DAG:tutorial_dag
[2025-08-25T12:35:33.089+0000] {logging_mixin.py:190} INFO - [2025-08-25T12:35:33.089+0000] {override.py:1900} INFO - Created Permission View: can delete on DAG:tutorial_dag
[2025-08-25T12:35:33.103+0000] {logging_mixin.py:190} INFO - [2025-08-25T12:35:33.102+0000] {override.py:1900} INFO - Created Permission View: can edit on DAG:tutorial_dag
[2025-08-25T12:35:33.116+0000] {logging_mixin.py:190} INFO - [2025-08-25T12:35:33.115+0000] {override.py:1900} INFO - Created Permission View: can read on DAG Run:tutorial_dag
[2025-08-25T12:35:33.128+0000] {logging_mixin.py:190} INFO - [2025-08-25T12:35:33.127+0000] {override.py:1900} INFO - Created Permission View: menu access on DAG Run:tutorial_dag
[2025-08-25T12:35:33.138+0000] {logging_mixin.py:190} INFO - [2025-08-25T12:35:33.137+0000] {override.py:1900} INFO - Created Permission View: can delete on DAG Run:tutorial_dag
[2025-08-25T12:35:33.148+0000] {logging_mixin.py:190} INFO - [2025-08-25T12:35:33.148+0000] {override.py:1900} INFO - Created Permission View: can create on DAG Run:tutorial_dag
[2025-08-25T12:35:33.149+0000] {logging_mixin.py:190} INFO - [2025-08-25T12:35:33.149+0000] {dag.py:3239} INFO - Sync 1 DAGs
[2025-08-25T12:35:33.171+0000] {logging_mixin.py:190} INFO - [2025-08-25T12:35:33.171+0000] {dag.py:3262} INFO - Creating ORM DAG for tutorial_dag
[2025-08-25T12:35:33.172+0000] {logging_mixin.py:190} INFO - [2025-08-25T12:35:33.172+0000] {dag.py:4180} INFO - Setting next_dagrun for tutorial_dag to None, run_after=None
[2025-08-25T12:35:33.199+0000] {processor.py:208} INFO - Processing /home/airflow/.local/lib/python3.12/site-packages/airflow/example_dags/tutorial_dag.py took 0.285 seconds
[2025-08-25T12:36:03.404+0000] {processor.py:186} INFO - Started process (PID=146) to work on /home/airflow/.local/lib/python3.12/site-packages/airflow/example_dags/tutorial_dag.py
[2025-08-25T12:36:03.406+0000] {processor.py:914} INFO - Processing file /home/airflow/.local/lib/python3.12/site-packages/airflow/example_dags/tutorial_dag.py for tasks to queue
[2025-08-25T12:36:03.410+0000] {logging_mixin.py:190} INFO - [2025-08-25T12:36:03.410+0000] {dagbag.py:588} INFO - Filling up the DagBag from /home/airflow/.local/lib/python3.12/site-packages/airflow/example_dags/tutorial_dag.py
[2025-08-25T12:36:03.423+0000] {processor.py:925} INFO - DAG(s) 'tutorial_dag' retrieved from /home/airflow/.local/lib/python3.12/site-packages/airflow/example_dags/tutorial_dag.py
[2025-08-25T12:36:03.455+0000] {logging_mixin.py:190} INFO - [2025-08-25T12:36:03.455+0000] {dag.py:3239} INFO - Sync 1 DAGs
[2025-08-25T12:36:03.476+0000] {logging_mixin.py:190} INFO - [2025-08-25T12:36:03.476+0000] {dag.py:4180} INFO - Setting next_dagrun for tutorial_dag to None, run_after=None
[2025-08-25T12:36:03.503+0000] {processor.py:208} INFO - Processing /home/airflow/.local/lib/python3.12/site-packages/airflow/example_dags/tutorial_dag.py took 0.109 seconds
[2025-08-25T12:36:33.963+0000] {processor.py:186} INFO - Started process (PID=210) to work on /home/airflow/.local/lib/python3.12/site-packages/airflow/example_dags/tutorial_dag.py
[2025-08-25T12:36:33.964+0000] {processor.py:914} INFO - Processing file /home/airflow/.local/lib/python3.12/site-packages/airflow/example_dags/tutorial_dag.py for tasks to queue
[2025-08-25T12:36:33.966+0000] {logging_mixin.py:190} INFO - [2025-08-25T12:36:33.966+0000] {dagbag.py:588} INFO - Filling up the DagBag from /home/airflow/.local/lib/python3.12/site-packages/airflow/example_dags/tutorial_dag.py
[2025-08-25T12:36:33.975+0000] {processor.py:925} INFO - DAG(s) 'tutorial_dag' retrieved from /home/airflow/.local/lib/python3.12/site-packages/airflow/example_dags/tutorial_dag.py
[2025-08-25T12:36:34.004+0000] {logging_mixin.py:190} INFO - [2025-08-25T12:36:34.003+0000] {dag.py:3239} INFO - Sync 1 DAGs
[2025-08-25T12:36:34.024+0000] {logging_mixin.py:190} INFO - [2025-08-25T12:36:34.023+0000] {dag.py:4180} INFO - Setting next_dagrun for tutorial_dag to None, run_after=None
[2025-08-25T12:36:34.051+0000] {processor.py:208} INFO - Processing /home/airflow/.local/lib/python3.12/site-packages/airflow/example_dags/tutorial_dag.py took 0.097 seconds
[2025-08-25T12:37:04.849+0000] {processor.py:186} INFO - Started process (PID=274) to work on /home/airflow/.local/lib/python3.12/site-packages/airflow/example_dags/tutorial_dag.py
[2025-08-25T12:37:04.850+0000] {processor.py:914} INFO - Processing file /home/airflow/.local/lib/python3.12/site-packages/airflow/example_dags/tutorial_dag.py for tasks to queue
[2025-08-25T12:37:04.853+0000] {logging_mixin.py:190} INFO - [2025-08-25T12:37:04.853+0000] {dagbag.py:588} INFO - Filling up the DagBag from /home/airflow/.local/lib/python3.12/site-packages/airflow/example_dags/tutorial_dag.py
[2025-08-25T12:37:04.864+0000] {processor.py:925} INFO - DAG(s) 'tutorial_dag' retrieved from /home/airflow/.local/lib/python3.12/site-packages/airflow/example_dags/tutorial_dag.py
[2025-08-25T12:37:04.893+0000] {logging_mixin.py:190} INFO - [2025-08-25T12:37:04.892+0000] {dag.py:3239} INFO - Sync 1 DAGs
[2025-08-25T12:37:04.912+0000] {logging_mixin.py:190} INFO - [2025-08-25T12:37:04.911+0000] {dag.py:4180} INFO - Setting next_dagrun for tutorial_dag to None, run_after=None
[2025-08-25T12:37:04.938+0000] {processor.py:208} INFO - Processing /home/airflow/.local/lib/python3.12/site-packages/airflow/example_dags/tutorial_dag.py took 0.096 seconds
[2025-08-25T12:37:35.795+0000] {processor.py:186} INFO - Started process (PID=338) to work on /home/airflow/.local/lib/python3.12/site-packages/airflow/example_dags/tutorial_dag.py
[2025-08-25T12:37:35.796+0000] {processor.py:914} INFO - Processing file /home/airflow/.local/lib/python3.12/site-packages/airflow/example_dags/tutorial_dag.py for tasks to queue
[2025-08-25T12:37:35.799+0000] {logging_mixin.py:190} INFO - [2025-08-25T12:37:35.799+0000] {dagbag.py:588} INFO - Filling up the DagBag from /home/airflow/.local/lib/python3.12/site-packages/airflow/example_dags/tutorial_dag.py
[2025-08-25T12:37:35.809+0000] {processor.py:925} INFO - DAG(s) 'tutorial_dag' retrieved from /home/airflow/.local/lib/python3.12/site-packages/airflow/example_dags/tutorial_dag.py
[2025-08-25T12:37:35.839+0000] {logging_mixin.py:190} INFO - [2025-08-25T12:37:35.839+0000] {dag.py:3239} INFO - Sync 1 DAGs
[2025-08-25T12:37:35.863+0000] {logging_mixin.py:190} INFO - [2025-08-25T12:37:35.862+0000] {dag.py:4180} INFO - Setting next_dagrun for tutorial_dag to None, run_after=None
[2025-08-25T12:37:35.890+0000] {processor.py:208} INFO - Processing /home/airflow/.local/lib/python3.12/site-packages/airflow/example_dags/tutorial_dag.py took 0.103 seconds
[2025-08-25T12:38:06.122+0000] {processor.py:186} INFO - Started process (PID=402) to work on /home/airflow/.local/lib/python3.12/site-packages/airflow/example_dags/tutorial_dag.py
[2025-08-25T12:38:06.124+0000] {processor.py:914} INFO - Processing file /home/airflow/.local/lib/python3.12/site-packages/airflow/example_dags/tutorial_dag.py for tasks to queue
[2025-08-25T12:38:06.128+0000] {logging_mixin.py:190} INFO - [2025-08-25T12:38:06.128+0000] {dagbag.py:588} INFO - Filling up the DagBag from /home/airflow/.local/lib/python3.12/site-packages/airflow/example_dags/tutorial_dag.py
[2025-08-25T12:38:06.141+0000] {processor.py:925} INFO - DAG(s) 'tutorial_dag' retrieved from /home/airflow/.local/lib/python3.12/site-packages/airflow/example_dags/tutorial_dag.py
[2025-08-25T12:38:06.175+0000] {logging_mixin.py:190} INFO - [2025-08-25T12:38:06.174+0000] {dag.py:3239} INFO - Sync 1 DAGs
[2025-08-25T12:38:06.197+0000] {logging_mixin.py:190} INFO - [2025-08-25T12:38:06.197+0000] {dag.py:4180} INFO - Setting next_dagrun for tutorial_dag to None, run_after=None
[2025-08-25T12:38:06.231+0000] {processor.py:208} INFO - Processing /home/airflow/.local/lib/python3.12/site-packages/airflow/example_dags/tutorial_dag.py took 0.122 seconds
[2025-08-25T12:38:36.732+0000] {processor.py:186} INFO - Started process (PID=466) to work on /home/airflow/.local/lib/python3.12/site-packages/airflow/example_dags/tutorial_dag.py
[2025-08-25T12:38:36.733+0000] {processor.py:914} INFO - Processing file /home/airflow/.local/lib/python3.12/site-packages/airflow/example_dags/tutorial_dag.py for tasks to queue
[2025-08-25T12:38:36.736+0000] {logging_mixin.py:190} INFO - [2025-08-25T12:38:36.735+0000] {dagbag.py:588} INFO - Filling up the DagBag from /home/airflow/.local/lib/python3.12/site-packages/airflow/example_dags/tutorial_dag.py
[2025-08-25T12:38:36.744+0000] {processor.py:925} INFO - DAG(s) 'tutorial_dag' retrieved from /home/airflow/.local/lib/python3.12/site-packages/airflow/example_dags/tutorial_dag.py
[2025-08-25T12:38:36.775+0000] {logging_mixin.py:190} INFO - [2025-08-25T12:38:36.775+0000] {dag.py:3239} INFO - Sync 1 DAGs
[2025-08-25T12:38:36.802+0000] {logging_mixin.py:190} INFO - [2025-08-25T12:38:36.801+0000] {dag.py:4180} INFO - Setting next_dagrun for tutorial_dag to None, run_after=None
[2025-08-25T12:38:36.831+0000] {processor.py:208} INFO - Processing /home/airflow/.local/lib/python3.12/site-packages/airflow/example_dags/tutorial_dag.py took 0.107 seconds
[2025-08-25T12:39:07.206+0000] {processor.py:186} INFO - Started process (PID=530) to work on /home/airflow/.local/lib/python3.12/site-packages/airflow/example_dags/tutorial_dag.py
[2025-08-25T12:39:07.207+0000] {processor.py:914} INFO - Processing file /home/airflow/.local/lib/python3.12/site-packages/airflow/example_dags/tutorial_dag.py for tasks to queue
[2025-08-25T12:39:07.210+0000] {logging_mixin.py:190} INFO - [2025-08-25T12:39:07.210+0000] {dagbag.py:588} INFO - Filling up the DagBag from /home/airflow/.local/lib/python3.12/site-packages/airflow/example_dags/tutorial_dag.py
[2025-08-25T12:39:07.219+0000] {processor.py:925} INFO - DAG(s) 'tutorial_dag' retrieved from /home/airflow/.local/lib/python3.12/site-packages/airflow/example_dags/tutorial_dag.py
[2025-08-25T12:39:07.249+0000] {logging_mixin.py:190} INFO - [2025-08-25T12:39:07.249+0000] {dag.py:3239} INFO - Sync 1 DAGs
[2025-08-25T12:39:07.269+0000] {logging_mixin.py:190} INFO - [2025-08-25T12:39:07.268+0000] {dag.py:4180} INFO - Setting next_dagrun for tutorial_dag to None, run_after=None
[2025-08-25T12:39:07.295+0000] {processor.py:208} INFO - Processing /home/airflow/.local/lib/python3.12/site-packages/airflow/example_dags/tutorial_dag.py took 0.097 seconds
[2025-08-25T12:39:37.692+0000] {processor.py:186} INFO - Started process (PID=594) to work on /home/airflow/.local/lib/python3.12/site-packages/airflow/example_dags/tutorial_dag.py
[2025-08-25T12:39:37.694+0000] {processor.py:914} INFO - Processing file /home/airflow/.local/lib/python3.12/site-packages/airflow/example_dags/tutorial_dag.py for tasks to queue
[2025-08-25T12:39:37.697+0000] {logging_mixin.py:190} INFO - [2025-08-25T12:39:37.697+0000] {dagbag.py:588} INFO - Filling up the DagBag from /home/airflow/.local/lib/python3.12/site-packages/airflow/example_dags/tutorial_dag.py
[2025-08-25T12:39:37.707+0000] {processor.py:925} INFO - DAG(s) 'tutorial_dag' retrieved from /home/airflow/.local/lib/python3.12/site-packages/airflow/example_dags/tutorial_dag.py
[2025-08-25T12:39:37.738+0000] {logging_mixin.py:190} INFO - [2025-08-25T12:39:37.738+0000] {dag.py:3239} INFO - Sync 1 DAGs
[2025-08-25T12:39:37.760+0000] {logging_mixin.py:190} INFO - [2025-08-25T12:39:37.760+0000] {dag.py:4180} INFO - Setting next_dagrun for tutorial_dag to None, run_after=None
[2025-08-25T12:39:37.788+0000] {processor.py:208} INFO - Processing /home/airflow/.local/lib/python3.12/site-packages/airflow/example_dags/tutorial_dag.py took 0.107 seconds
[2025-08-25T12:40:07.940+0000] {processor.py:186} INFO - Started process (PID=658) to work on /home/airflow/.local/lib/python3.12/site-packages/airflow/example_dags/tutorial_dag.py
[2025-08-25T12:40:07.942+0000] {processor.py:914} INFO - Processing file /home/airflow/.local/lib/python3.12/site-packages/airflow/example_dags/tutorial_dag.py for tasks to queue
[2025-08-25T12:40:07.944+0000] {logging_mixin.py:190} INFO - [2025-08-25T12:40:07.944+0000] {dagbag.py:588} INFO - Filling up the DagBag from /home/airflow/.local/lib/python3.12/site-packages/airflow/example_dags/tutorial_dag.py
[2025-08-25T12:40:07.952+0000] {processor.py:925} INFO - DAG(s) 'tutorial_dag' retrieved from /home/airflow/.local/lib/python3.12/site-packages/airflow/example_dags/tutorial_dag.py
[2025-08-25T12:40:07.992+0000] {logging_mixin.py:190} INFO - [2025-08-25T12:40:07.992+0000] {dag.py:3239} INFO - Sync 1 DAGs
[2025-08-25T12:40:08.015+0000] {logging_mixin.py:190} INFO - [2025-08-25T12:40:08.014+0000] {dag.py:4180} INFO - Setting next_dagrun for tutorial_dag to None, run_after=None
[2025-08-25T12:40:08.044+0000] {processor.py:208} INFO - Processing /home/airflow/.local/lib/python3.12/site-packages/airflow/example_dags/tutorial_dag.py took 0.110 seconds
[2025-08-25T12:40:38.588+0000] {processor.py:186} INFO - Started process (PID=722) to work on /home/airflow/.local/lib/python3.12/site-packages/airflow/example_dags/tutorial_dag.py
[2025-08-25T12:40:38.590+0000] {processor.py:914} INFO - Processing file /home/airflow/.local/lib/python3.12/site-packages/airflow/example_dags/tutorial_dag.py for tasks to queue
[2025-08-25T12:40:38.595+0000] {logging_mixin.py:190} INFO - [2025-08-25T12:40:38.594+0000] {dagbag.py:588} INFO - Filling up the DagBag from /home/airflow/.local/lib/python3.12/site-packages/airflow/example_dags/tutorial_dag.py
[2025-08-25T12:40:38.611+0000] {processor.py:925} INFO - DAG(s) 'tutorial_dag' retrieved from /home/airflow/.local/lib/python3.12/site-packages/airflow/example_dags/tutorial_dag.py
[2025-08-25T12:40:38.651+0000] {logging_mixin.py:190} INFO - [2025-08-25T12:40:38.650+0000] {dag.py:3239} INFO - Sync 1 DAGs
[2025-08-25T12:40:38.672+0000] {logging_mixin.py:190} INFO - [2025-08-25T12:40:38.672+0000] {dag.py:4180} INFO - Setting next_dagrun for tutorial_dag to None, run_after=None
[2025-08-25T12:40:38.705+0000] {processor.py:208} INFO - Processing /home/airflow/.local/lib/python3.12/site-packages/airflow/example_dags/tutorial_dag.py took 0.131 seconds
[2025-08-25T12:41:09.703+0000] {processor.py:186} INFO - Started process (PID=789) to work on /home/airflow/.local/lib/python3.12/site-packages/airflow/example_dags/tutorial_dag.py
[2025-08-25T12:41:09.705+0000] {processor.py:914} INFO - Processing file /home/airflow/.local/lib/python3.12/site-packages/airflow/example_dags/tutorial_dag.py for tasks to queue
[2025-08-25T12:41:09.711+0000] {logging_mixin.py:190} INFO - [2025-08-25T12:41:09.710+0000] {dagbag.py:588} INFO - Filling up the DagBag from /home/airflow/.local/lib/python3.12/site-packages/airflow/example_dags/tutorial_dag.py
[2025-08-25T12:41:09.723+0000] {processor.py:925} INFO - DAG(s) 'tutorial_dag' retrieved from /home/airflow/.local/lib/python3.12/site-packages/airflow/example_dags/tutorial_dag.py
[2025-08-25T12:41:09.764+0000] {logging_mixin.py:190} INFO - [2025-08-25T12:41:09.763+0000] {dag.py:3239} INFO - Sync 1 DAGs
[2025-08-25T12:41:09.788+0000] {logging_mixin.py:190} INFO - [2025-08-25T12:41:09.787+0000] {dag.py:4180} INFO - Setting next_dagrun for tutorial_dag to None, run_after=None
[2025-08-25T12:41:09.828+0000] {processor.py:208} INFO - Processing /home/airflow/.local/lib/python3.12/site-packages/airflow/example_dags/tutorial_dag.py took 0.139 seconds
[2025-08-25T12:41:40.092+0000] {processor.py:186} INFO - Started process (PID=853) to work on /home/airflow/.local/lib/python3.12/site-packages/airflow/example_dags/tutorial_dag.py
[2025-08-25T12:41:40.093+0000] {processor.py:914} INFO - Processing file /home/airflow/.local/lib/python3.12/site-packages/airflow/example_dags/tutorial_dag.py for tasks to queue
[2025-08-25T12:41:40.095+0000] {logging_mixin.py:190} INFO - [2025-08-25T12:41:40.095+0000] {dagbag.py:588} INFO - Filling up the DagBag from /home/airflow/.local/lib/python3.12/site-packages/airflow/example_dags/tutorial_dag.py
[2025-08-25T12:41:40.102+0000] {processor.py:925} INFO - DAG(s) 'tutorial_dag' retrieved from /home/airflow/.local/lib/python3.12/site-packages/airflow/example_dags/tutorial_dag.py
[2025-08-25T12:41:40.123+0000] {logging_mixin.py:190} INFO - [2025-08-25T12:41:40.122+0000] {dag.py:3239} INFO - Sync 1 DAGs
[2025-08-25T12:41:40.137+0000] {logging_mixin.py:190} INFO - [2025-08-25T12:41:40.137+0000] {dag.py:4180} INFO - Setting next_dagrun for tutorial_dag to None, run_after=None
[2025-08-25T12:41:40.161+0000] {processor.py:208} INFO - Processing /home/airflow/.local/lib/python3.12/site-packages/airflow/example_dags/tutorial_dag.py took 0.075 seconds
[2025-08-25T12:42:10.822+0000] {processor.py:186} INFO - Started process (PID=917) to work on /home/airflow/.local/lib/python3.12/site-packages/airflow/example_dags/tutorial_dag.py
[2025-08-25T12:42:10.824+0000] {processor.py:914} INFO - Processing file /home/airflow/.local/lib/python3.12/site-packages/airflow/example_dags/tutorial_dag.py for tasks to queue
[2025-08-25T12:42:10.829+0000] {logging_mixin.py:190} INFO - [2025-08-25T12:42:10.828+0000] {dagbag.py:588} INFO - Filling up the DagBag from /home/airflow/.local/lib/python3.12/site-packages/airflow/example_dags/tutorial_dag.py
[2025-08-25T12:42:10.842+0000] {processor.py:925} INFO - DAG(s) 'tutorial_dag' retrieved from /home/airflow/.local/lib/python3.12/site-packages/airflow/example_dags/tutorial_dag.py
[2025-08-25T12:42:10.891+0000] {logging_mixin.py:190} INFO - [2025-08-25T12:42:10.890+0000] {dag.py:3239} INFO - Sync 1 DAGs
[2025-08-25T12:42:10.921+0000] {logging_mixin.py:190} INFO - [2025-08-25T12:42:10.921+0000] {dag.py:4180} INFO - Setting next_dagrun for tutorial_dag to None, run_after=None
[2025-08-25T12:42:10.967+0000] {processor.py:208} INFO - Processing /home/airflow/.local/lib/python3.12/site-packages/airflow/example_dags/tutorial_dag.py took 0.157 seconds
[2025-08-25T12:42:41.511+0000] {processor.py:186} INFO - Started process (PID=981) to work on /home/airflow/.local/lib/python3.12/site-packages/airflow/example_dags/tutorial_dag.py
[2025-08-25T12:42:41.512+0000] {processor.py:914} INFO - Processing file /home/airflow/.local/lib/python3.12/site-packages/airflow/example_dags/tutorial_dag.py for tasks to queue
[2025-08-25T12:42:41.515+0000] {logging_mixin.py:190} INFO - [2025-08-25T12:42:41.514+0000] {dagbag.py:588} INFO - Filling up the DagBag from /home/airflow/.local/lib/python3.12/site-packages/airflow/example_dags/tutorial_dag.py
[2025-08-25T12:42:41.525+0000] {processor.py:925} INFO - DAG(s) 'tutorial_dag' retrieved from /home/airflow/.local/lib/python3.12/site-packages/airflow/example_dags/tutorial_dag.py
[2025-08-25T12:42:41.563+0000] {logging_mixin.py:190} INFO - [2025-08-25T12:42:41.563+0000] {dag.py:3239} INFO - Sync 1 DAGs
[2025-08-25T12:42:41.601+0000] {logging_mixin.py:190} INFO - [2025-08-25T12:42:41.600+0000] {dag.py:4180} INFO - Setting next_dagrun for tutorial_dag to None, run_after=None
[2025-08-25T12:42:41.645+0000] {processor.py:208} INFO - Processing /home/airflow/.local/lib/python3.12/site-packages/airflow/example_dags/tutorial_dag.py took 0.143 seconds
[2025-08-25T12:43:12.112+0000] {processor.py:186} INFO - Started process (PID=1045) to work on /home/airflow/.local/lib/python3.12/site-packages/airflow/example_dags/tutorial_dag.py
[2025-08-25T12:43:12.114+0000] {processor.py:914} INFO - Processing file /home/airflow/.local/lib/python3.12/site-packages/airflow/example_dags/tutorial_dag.py for tasks to queue
[2025-08-25T12:43:12.117+0000] {logging_mixin.py:190} INFO - [2025-08-25T12:43:12.117+0000] {dagbag.py:588} INFO - Filling up the DagBag from /home/airflow/.local/lib/python3.12/site-packages/airflow/example_dags/tutorial_dag.py
[2025-08-25T12:43:12.128+0000] {processor.py:925} INFO - DAG(s) 'tutorial_dag' retrieved from /home/airflow/.local/lib/python3.12/site-packages/airflow/example_dags/tutorial_dag.py
[2025-08-25T12:43:12.174+0000] {logging_mixin.py:190} INFO - [2025-08-25T12:43:12.174+0000] {dag.py:3239} INFO - Sync 1 DAGs
[2025-08-25T12:43:12.197+0000] {logging_mixin.py:190} INFO - [2025-08-25T12:43:12.196+0000] {dag.py:4180} INFO - Setting next_dagrun for tutorial_dag to None, run_after=None
[2025-08-25T12:43:12.228+0000] {processor.py:208} INFO - Processing /home/airflow/.local/lib/python3.12/site-packages/airflow/example_dags/tutorial_dag.py took 0.124 seconds
[2025-08-25T12:43:43.324+0000] {processor.py:186} INFO - Started process (PID=1109) to work on /home/airflow/.local/lib/python3.12/site-packages/airflow/example_dags/tutorial_dag.py
[2025-08-25T12:43:43.326+0000] {processor.py:914} INFO - Processing file /home/airflow/.local/lib/python3.12/site-packages/airflow/example_dags/tutorial_dag.py for tasks to queue
[2025-08-25T12:43:43.331+0000] {logging_mixin.py:190} INFO - [2025-08-25T12:43:43.330+0000] {dagbag.py:588} INFO - Filling up the DagBag from /home/airflow/.local/lib/python3.12/site-packages/airflow/example_dags/tutorial_dag.py
[2025-08-25T12:43:43.345+0000] {processor.py:925} INFO - DAG(s) 'tutorial_dag' retrieved from /home/airflow/.local/lib/python3.12/site-packages/airflow/example_dags/tutorial_dag.py
[2025-08-25T12:43:43.377+0000] {logging_mixin.py:190} INFO - [2025-08-25T12:43:43.376+0000] {dag.py:3239} INFO - Sync 1 DAGs
[2025-08-25T12:43:43.398+0000] {logging_mixin.py:190} INFO - [2025-08-25T12:43:43.398+0000] {dag.py:4180} INFO - Setting next_dagrun for tutorial_dag to None, run_after=None
[2025-08-25T12:43:43.421+0000] {processor.py:208} INFO - Processing /home/airflow/.local/lib/python3.12/site-packages/airflow/example_dags/tutorial_dag.py took 0.110 seconds
[2025-08-25T12:44:13.630+0000] {processor.py:186} INFO - Started process (PID=1173) to work on /home/airflow/.local/lib/python3.12/site-packages/airflow/example_dags/tutorial_dag.py
[2025-08-25T12:44:13.632+0000] {processor.py:914} INFO - Processing file /home/airflow/.local/lib/python3.12/site-packages/airflow/example_dags/tutorial_dag.py for tasks to queue
[2025-08-25T12:44:13.636+0000] {logging_mixin.py:190} INFO - [2025-08-25T12:44:13.635+0000] {dagbag.py:588} INFO - Filling up the DagBag from /home/airflow/.local/lib/python3.12/site-packages/airflow/example_dags/tutorial_dag.py
[2025-08-25T12:44:13.650+0000] {processor.py:925} INFO - DAG(s) 'tutorial_dag' retrieved from /home/airflow/.local/lib/python3.12/site-packages/airflow/example_dags/tutorial_dag.py
[2025-08-25T12:44:13.677+0000] {logging_mixin.py:190} INFO - [2025-08-25T12:44:13.677+0000] {dag.py:3239} INFO - Sync 1 DAGs
[2025-08-25T12:44:13.696+0000] {logging_mixin.py:190} INFO - [2025-08-25T12:44:13.696+0000] {dag.py:4180} INFO - Setting next_dagrun for tutorial_dag to None, run_after=None
[2025-08-25T12:44:13.728+0000] {processor.py:208} INFO - Processing /home/airflow/.local/lib/python3.12/site-packages/airflow/example_dags/tutorial_dag.py took 0.108 seconds
[2025-08-25T12:44:43.818+0000] {processor.py:186} INFO - Started process (PID=1237) to work on /home/airflow/.local/lib/python3.12/site-packages/airflow/example_dags/tutorial_dag.py
[2025-08-25T12:44:43.819+0000] {processor.py:914} INFO - Processing file /home/airflow/.local/lib/python3.12/site-packages/airflow/example_dags/tutorial_dag.py for tasks to queue
[2025-08-25T12:44:43.822+0000] {logging_mixin.py:190} INFO - [2025-08-25T12:44:43.822+0000] {dagbag.py:588} INFO - Filling up the DagBag from /home/airflow/.local/lib/python3.12/site-packages/airflow/example_dags/tutorial_dag.py
[2025-08-25T12:44:43.833+0000] {processor.py:925} INFO - DAG(s) 'tutorial_dag' retrieved from /home/airflow/.local/lib/python3.12/site-packages/airflow/example_dags/tutorial_dag.py
[2025-08-25T12:44:43.862+0000] {logging_mixin.py:190} INFO - [2025-08-25T12:44:43.861+0000] {dag.py:3239} INFO - Sync 1 DAGs
[2025-08-25T12:44:43.880+0000] {logging_mixin.py:190} INFO - [2025-08-25T12:44:43.880+0000] {dag.py:4180} INFO - Setting next_dagrun for tutorial_dag to None, run_after=None
[2025-08-25T12:44:43.906+0000] {processor.py:208} INFO - Processing /home/airflow/.local/lib/python3.12/site-packages/airflow/example_dags/tutorial_dag.py took 0.096 seconds
[2025-08-25T12:45:14.522+0000] {processor.py:186} INFO - Started process (PID=1301) to work on /home/airflow/.local/lib/python3.12/site-packages/airflow/example_dags/tutorial_dag.py
[2025-08-25T12:45:14.523+0000] {processor.py:914} INFO - Processing file /home/airflow/.local/lib/python3.12/site-packages/airflow/example_dags/tutorial_dag.py for tasks to queue
[2025-08-25T12:45:14.526+0000] {logging_mixin.py:190} INFO - [2025-08-25T12:45:14.526+0000] {dagbag.py:588} INFO - Filling up the DagBag from /home/airflow/.local/lib/python3.12/site-packages/airflow/example_dags/tutorial_dag.py
[2025-08-25T12:45:14.534+0000] {processor.py:925} INFO - DAG(s) 'tutorial_dag' retrieved from /home/airflow/.local/lib/python3.12/site-packages/airflow/example_dags/tutorial_dag.py
[2025-08-25T12:45:14.563+0000] {logging_mixin.py:190} INFO - [2025-08-25T12:45:14.563+0000] {dag.py:3239} INFO - Sync 1 DAGs
[2025-08-25T12:45:14.585+0000] {logging_mixin.py:190} INFO - [2025-08-25T12:45:14.584+0000] {dag.py:4180} INFO - Setting next_dagrun for tutorial_dag to None, run_after=None
[2025-08-25T12:45:14.613+0000] {processor.py:208} INFO - Processing /home/airflow/.local/lib/python3.12/site-packages/airflow/example_dags/tutorial_dag.py took 0.098 seconds
[2025-08-25T12:45:45.266+0000] {processor.py:186} INFO - Started process (PID=1365) to work on /home/airflow/.local/lib/python3.12/site-packages/airflow/example_dags/tutorial_dag.py
[2025-08-25T12:45:45.269+0000] {processor.py:914} INFO - Processing file /home/airflow/.local/lib/python3.12/site-packages/airflow/example_dags/tutorial_dag.py for tasks to queue
[2025-08-25T12:45:45.274+0000] {logging_mixin.py:190} INFO - [2025-08-25T12:45:45.273+0000] {dagbag.py:588} INFO - Filling up the DagBag from /home/airflow/.local/lib/python3.12/site-packages/airflow/example_dags/tutorial_dag.py
[2025-08-25T12:45:45.289+0000] {processor.py:925} INFO - DAG(s) 'tutorial_dag' retrieved from /home/airflow/.local/lib/python3.12/site-packages/airflow/example_dags/tutorial_dag.py
[2025-08-25T12:45:45.323+0000] {logging_mixin.py:190} INFO - [2025-08-25T12:45:45.323+0000] {dag.py:3239} INFO - Sync 1 DAGs
[2025-08-25T12:45:45.356+0000] {logging_mixin.py:190} INFO - [2025-08-25T12:45:45.355+0000] {dag.py:4180} INFO - Setting next_dagrun for tutorial_dag to None, run_after=None
[2025-08-25T12:45:45.396+0000] {processor.py:208} INFO - Processing /home/airflow/.local/lib/python3.12/site-packages/airflow/example_dags/tutorial_dag.py took 0.142 seconds
[2025-08-25T12:46:15.513+0000] {processor.py:186} INFO - Started process (PID=1429) to work on /home/airflow/.local/lib/python3.12/site-packages/airflow/example_dags/tutorial_dag.py
[2025-08-25T12:46:15.514+0000] {processor.py:914} INFO - Processing file /home/airflow/.local/lib/python3.12/site-packages/airflow/example_dags/tutorial_dag.py for tasks to queue
[2025-08-25T12:46:15.517+0000] {logging_mixin.py:190} INFO - [2025-08-25T12:46:15.517+0000] {dagbag.py:588} INFO - Filling up the DagBag from /home/airflow/.local/lib/python3.12/site-packages/airflow/example_dags/tutorial_dag.py
[2025-08-25T12:46:15.527+0000] {processor.py:925} INFO - DAG(s) 'tutorial_dag' retrieved from /home/airflow/.local/lib/python3.12/site-packages/airflow/example_dags/tutorial_dag.py
[2025-08-25T12:46:15.560+0000] {logging_mixin.py:190} INFO - [2025-08-25T12:46:15.559+0000] {dag.py:3239} INFO - Sync 1 DAGs
[2025-08-25T12:46:15.583+0000] {logging_mixin.py:190} INFO - [2025-08-25T12:46:15.583+0000] {dag.py:4180} INFO - Setting next_dagrun for tutorial_dag to None, run_after=None
[2025-08-25T12:46:15.621+0000] {processor.py:208} INFO - Processing /home/airflow/.local/lib/python3.12/site-packages/airflow/example_dags/tutorial_dag.py took 0.118 seconds
[2025-08-25T12:46:46.310+0000] {processor.py:186} INFO - Started process (PID=1493) to work on /home/airflow/.local/lib/python3.12/site-packages/airflow/example_dags/tutorial_dag.py
[2025-08-25T12:46:46.311+0000] {processor.py:914} INFO - Processing file /home/airflow/.local/lib/python3.12/site-packages/airflow/example_dags/tutorial_dag.py for tasks to queue
[2025-08-25T12:46:46.314+0000] {logging_mixin.py:190} INFO - [2025-08-25T12:46:46.314+0000] {dagbag.py:588} INFO - Filling up the DagBag from /home/airflow/.local/lib/python3.12/site-packages/airflow/example_dags/tutorial_dag.py
[2025-08-25T12:46:46.324+0000] {processor.py:925} INFO - DAG(s) 'tutorial_dag' retrieved from /home/airflow/.local/lib/python3.12/site-packages/airflow/example_dags/tutorial_dag.py
[2025-08-25T12:46:46.355+0000] {logging_mixin.py:190} INFO - [2025-08-25T12:46:46.354+0000] {dag.py:3239} INFO - Sync 1 DAGs
[2025-08-25T12:46:46.375+0000] {logging_mixin.py:190} INFO - [2025-08-25T12:46:46.374+0000] {dag.py:4180} INFO - Setting next_dagrun for tutorial_dag to None, run_after=None
[2025-08-25T12:46:46.401+0000] {processor.py:208} INFO - Processing /home/airflow/.local/lib/python3.12/site-packages/airflow/example_dags/tutorial_dag.py took 0.101 seconds
[2025-08-25T12:47:16.666+0000] {processor.py:186} INFO - Started process (PID=1557) to work on /home/airflow/.local/lib/python3.12/site-packages/airflow/example_dags/tutorial_dag.py
[2025-08-25T12:47:16.667+0000] {processor.py:914} INFO - Processing file /home/airflow/.local/lib/python3.12/site-packages/airflow/example_dags/tutorial_dag.py for tasks to queue
[2025-08-25T12:47:16.670+0000] {logging_mixin.py:190} INFO - [2025-08-25T12:47:16.669+0000] {dagbag.py:588} INFO - Filling up the DagBag from /home/airflow/.local/lib/python3.12/site-packages/airflow/example_dags/tutorial_dag.py
[2025-08-25T12:47:16.679+0000] {processor.py:925} INFO - DAG(s) 'tutorial_dag' retrieved from /home/airflow/.local/lib/python3.12/site-packages/airflow/example_dags/tutorial_dag.py
[2025-08-25T12:47:16.700+0000] {logging_mixin.py:190} INFO - [2025-08-25T12:47:16.700+0000] {dag.py:3239} INFO - Sync 1 DAGs
[2025-08-25T12:47:16.714+0000] {logging_mixin.py:190} INFO - [2025-08-25T12:47:16.713+0000] {dag.py:4180} INFO - Setting next_dagrun for tutorial_dag to None, run_after=None
[2025-08-25T12:47:16.733+0000] {processor.py:208} INFO - Processing /home/airflow/.local/lib/python3.12/site-packages/airflow/example_dags/tutorial_dag.py took 0.076 seconds
[2025-08-25T12:47:47.213+0000] {processor.py:186} INFO - Started process (PID=1621) to work on /home/airflow/.local/lib/python3.12/site-packages/airflow/example_dags/tutorial_dag.py
[2025-08-25T12:47:47.215+0000] {processor.py:914} INFO - Processing file /home/airflow/.local/lib/python3.12/site-packages/airflow/example_dags/tutorial_dag.py for tasks to queue
[2025-08-25T12:47:47.218+0000] {logging_mixin.py:190} INFO - [2025-08-25T12:47:47.218+0000] {dagbag.py:588} INFO - Filling up the DagBag from /home/airflow/.local/lib/python3.12/site-packages/airflow/example_dags/tutorial_dag.py
[2025-08-25T12:47:47.230+0000] {processor.py:925} INFO - DAG(s) 'tutorial_dag' retrieved from /home/airflow/.local/lib/python3.12/site-packages/airflow/example_dags/tutorial_dag.py
[2025-08-25T12:47:47.260+0000] {logging_mixin.py:190} INFO - [2025-08-25T12:47:47.260+0000] {dag.py:3239} INFO - Sync 1 DAGs
[2025-08-25T12:47:47.278+0000] {logging_mixin.py:190} INFO - [2025-08-25T12:47:47.277+0000] {dag.py:4180} INFO - Setting next_dagrun for tutorial_dag to None, run_after=None
[2025-08-25T12:47:47.313+0000] {processor.py:208} INFO - Processing /home/airflow/.local/lib/python3.12/site-packages/airflow/example_dags/tutorial_dag.py took 0.110 seconds
[2025-08-25T12:48:17.732+0000] {processor.py:186} INFO - Started process (PID=1685) to work on /home/airflow/.local/lib/python3.12/site-packages/airflow/example_dags/tutorial_dag.py
[2025-08-25T12:48:17.733+0000] {processor.py:914} INFO - Processing file /home/airflow/.local/lib/python3.12/site-packages/airflow/example_dags/tutorial_dag.py for tasks to queue
[2025-08-25T12:48:17.735+0000] {logging_mixin.py:190} INFO - [2025-08-25T12:48:17.735+0000] {dagbag.py:588} INFO - Filling up the DagBag from /home/airflow/.local/lib/python3.12/site-packages/airflow/example_dags/tutorial_dag.py
[2025-08-25T12:48:17.743+0000] {processor.py:925} INFO - DAG(s) 'tutorial_dag' retrieved from /home/airflow/.local/lib/python3.12/site-packages/airflow/example_dags/tutorial_dag.py
[2025-08-25T12:48:17.769+0000] {logging_mixin.py:190} INFO - [2025-08-25T12:48:17.769+0000] {dag.py:3239} INFO - Sync 1 DAGs
[2025-08-25T12:48:17.788+0000] {logging_mixin.py:190} INFO - [2025-08-25T12:48:17.788+0000] {dag.py:4180} INFO - Setting next_dagrun for tutorial_dag to None, run_after=None
[2025-08-25T12:48:17.809+0000] {processor.py:208} INFO - Processing /home/airflow/.local/lib/python3.12/site-packages/airflow/example_dags/tutorial_dag.py took 0.085 seconds
[2025-08-25T12:48:48.228+0000] {processor.py:186} INFO - Started process (PID=1749) to work on /home/airflow/.local/lib/python3.12/site-packages/airflow/example_dags/tutorial_dag.py
[2025-08-25T12:48:48.231+0000] {processor.py:914} INFO - Processing file /home/airflow/.local/lib/python3.12/site-packages/airflow/example_dags/tutorial_dag.py for tasks to queue
[2025-08-25T12:48:48.235+0000] {logging_mixin.py:190} INFO - [2025-08-25T12:48:48.234+0000] {dagbag.py:588} INFO - Filling up the DagBag from /home/airflow/.local/lib/python3.12/site-packages/airflow/example_dags/tutorial_dag.py
[2025-08-25T12:48:48.246+0000] {processor.py:925} INFO - DAG(s) 'tutorial_dag' retrieved from /home/airflow/.local/lib/python3.12/site-packages/airflow/example_dags/tutorial_dag.py
[2025-08-25T12:48:48.277+0000] {logging_mixin.py:190} INFO - [2025-08-25T12:48:48.277+0000] {dag.py:3239} INFO - Sync 1 DAGs
[2025-08-25T12:48:48.296+0000] {logging_mixin.py:190} INFO - [2025-08-25T12:48:48.295+0000] {dag.py:4180} INFO - Setting next_dagrun for tutorial_dag to None, run_after=None
[2025-08-25T12:48:48.326+0000] {processor.py:208} INFO - Processing /home/airflow/.local/lib/python3.12/site-packages/airflow/example_dags/tutorial_dag.py took 0.110 seconds
[2025-08-25T12:49:18.696+0000] {processor.py:186} INFO - Started process (PID=1813) to work on /home/airflow/.local/lib/python3.12/site-packages/airflow/example_dags/tutorial_dag.py
[2025-08-25T12:49:18.698+0000] {processor.py:914} INFO - Processing file /home/airflow/.local/lib/python3.12/site-packages/airflow/example_dags/tutorial_dag.py for tasks to queue
[2025-08-25T12:49:18.703+0000] {logging_mixin.py:190} INFO - [2025-08-25T12:49:18.702+0000] {dagbag.py:588} INFO - Filling up the DagBag from /home/airflow/.local/lib/python3.12/site-packages/airflow/example_dags/tutorial_dag.py
[2025-08-25T12:49:18.719+0000] {processor.py:925} INFO - DAG(s) 'tutorial_dag' retrieved from /home/airflow/.local/lib/python3.12/site-packages/airflow/example_dags/tutorial_dag.py
[2025-08-25T12:49:18.766+0000] {logging_mixin.py:190} INFO - [2025-08-25T12:49:18.766+0000] {dag.py:3239} INFO - Sync 1 DAGs
[2025-08-25T12:49:18.786+0000] {logging_mixin.py:190} INFO - [2025-08-25T12:49:18.786+0000] {dag.py:4180} INFO - Setting next_dagrun for tutorial_dag to None, run_after=None
[2025-08-25T12:49:18.823+0000] {processor.py:208} INFO - Processing /home/airflow/.local/lib/python3.12/site-packages/airflow/example_dags/tutorial_dag.py took 0.139 seconds
[2025-08-25T12:49:49.512+0000] {processor.py:186} INFO - Started process (PID=1877) to work on /home/airflow/.local/lib/python3.12/site-packages/airflow/example_dags/tutorial_dag.py
[2025-08-25T12:49:49.513+0000] {processor.py:914} INFO - Processing file /home/airflow/.local/lib/python3.12/site-packages/airflow/example_dags/tutorial_dag.py for tasks to queue
[2025-08-25T12:49:49.515+0000] {logging_mixin.py:190} INFO - [2025-08-25T12:49:49.515+0000] {dagbag.py:588} INFO - Filling up the DagBag from /home/airflow/.local/lib/python3.12/site-packages/airflow/example_dags/tutorial_dag.py
[2025-08-25T12:49:49.525+0000] {processor.py:925} INFO - DAG(s) 'tutorial_dag' retrieved from /home/airflow/.local/lib/python3.12/site-packages/airflow/example_dags/tutorial_dag.py
[2025-08-25T12:49:49.553+0000] {logging_mixin.py:190} INFO - [2025-08-25T12:49:49.552+0000] {dag.py:3239} INFO - Sync 1 DAGs
[2025-08-25T12:49:49.572+0000] {logging_mixin.py:190} INFO - [2025-08-25T12:49:49.572+0000] {dag.py:4180} INFO - Setting next_dagrun for tutorial_dag to None, run_after=None
[2025-08-25T12:49:49.601+0000] {processor.py:208} INFO - Processing /home/airflow/.local/lib/python3.12/site-packages/airflow/example_dags/tutorial_dag.py took 0.097 seconds
[2025-08-25T12:50:20.384+0000] {processor.py:186} INFO - Started process (PID=1941) to work on /home/airflow/.local/lib/python3.12/site-packages/airflow/example_dags/tutorial_dag.py
[2025-08-25T12:50:20.387+0000] {processor.py:914} INFO - Processing file /home/airflow/.local/lib/python3.12/site-packages/airflow/example_dags/tutorial_dag.py for tasks to queue
[2025-08-25T12:50:20.390+0000] {logging_mixin.py:190} INFO - [2025-08-25T12:50:20.390+0000] {dagbag.py:588} INFO - Filling up the DagBag from /home/airflow/.local/lib/python3.12/site-packages/airflow/example_dags/tutorial_dag.py
[2025-08-25T12:50:20.403+0000] {processor.py:925} INFO - DAG(s) 'tutorial_dag' retrieved from /home/airflow/.local/lib/python3.12/site-packages/airflow/example_dags/tutorial_dag.py
[2025-08-25T12:50:20.436+0000] {logging_mixin.py:190} INFO - [2025-08-25T12:50:20.436+0000] {dag.py:3239} INFO - Sync 1 DAGs
[2025-08-25T12:50:20.466+0000] {logging_mixin.py:190} INFO - [2025-08-25T12:50:20.465+0000] {dag.py:4180} INFO - Setting next_dagrun for tutorial_dag to None, run_after=None
[2025-08-25T12:50:20.503+0000] {processor.py:208} INFO - Processing /home/airflow/.local/lib/python3.12/site-packages/airflow/example_dags/tutorial_dag.py took 0.128 seconds
[2025-08-25T12:50:50.896+0000] {processor.py:186} INFO - Started process (PID=2005) to work on /home/airflow/.local/lib/python3.12/site-packages/airflow/example_dags/tutorial_dag.py
[2025-08-25T12:50:50.898+0000] {processor.py:914} INFO - Processing file /home/airflow/.local/lib/python3.12/site-packages/airflow/example_dags/tutorial_dag.py for tasks to queue
[2025-08-25T12:50:50.901+0000] {logging_mixin.py:190} INFO - [2025-08-25T12:50:50.900+0000] {dagbag.py:588} INFO - Filling up the DagBag from /home/airflow/.local/lib/python3.12/site-packages/airflow/example_dags/tutorial_dag.py
[2025-08-25T12:50:50.909+0000] {processor.py:925} INFO - DAG(s) 'tutorial_dag' retrieved from /home/airflow/.local/lib/python3.12/site-packages/airflow/example_dags/tutorial_dag.py
[2025-08-25T12:50:50.933+0000] {logging_mixin.py:190} INFO - [2025-08-25T12:50:50.932+0000] {dag.py:3239} INFO - Sync 1 DAGs
[2025-08-25T12:50:50.951+0000] {logging_mixin.py:190} INFO - [2025-08-25T12:50:50.951+0000] {dag.py:4180} INFO - Setting next_dagrun for tutorial_dag to None, run_after=None
[2025-08-25T12:50:50.977+0000] {processor.py:208} INFO - Processing /home/airflow/.local/lib/python3.12/site-packages/airflow/example_dags/tutorial_dag.py took 0.088 seconds
[2025-08-25T12:51:22.055+0000] {processor.py:186} INFO - Started process (PID=2069) to work on /home/airflow/.local/lib/python3.12/site-packages/airflow/example_dags/tutorial_dag.py
[2025-08-25T12:51:22.057+0000] {processor.py:914} INFO - Processing file /home/airflow/.local/lib/python3.12/site-packages/airflow/example_dags/tutorial_dag.py for tasks to queue
[2025-08-25T12:51:22.060+0000] {logging_mixin.py:190} INFO - [2025-08-25T12:51:22.060+0000] {dagbag.py:588} INFO - Filling up the DagBag from /home/airflow/.local/lib/python3.12/site-packages/airflow/example_dags/tutorial_dag.py
[2025-08-25T12:51:22.075+0000] {processor.py:925} INFO - DAG(s) 'tutorial_dag' retrieved from /home/airflow/.local/lib/python3.12/site-packages/airflow/example_dags/tutorial_dag.py
[2025-08-25T12:51:22.117+0000] {logging_mixin.py:190} INFO - [2025-08-25T12:51:22.116+0000] {dag.py:3239} INFO - Sync 1 DAGs
[2025-08-25T12:51:22.143+0000] {logging_mixin.py:190} INFO - [2025-08-25T12:51:22.143+0000] {dag.py:4180} INFO - Setting next_dagrun for tutorial_dag to None, run_after=None
[2025-08-25T12:51:22.190+0000] {processor.py:208} INFO - Processing /home/airflow/.local/lib/python3.12/site-packages/airflow/example_dags/tutorial_dag.py took 0.149 seconds
[2025-08-25T12:51:52.870+0000] {processor.py:186} INFO - Started process (PID=2133) to work on /home/airflow/.local/lib/python3.12/site-packages/airflow/example_dags/tutorial_dag.py
[2025-08-25T12:51:52.872+0000] {processor.py:914} INFO - Processing file /home/airflow/.local/lib/python3.12/site-packages/airflow/example_dags/tutorial_dag.py for tasks to queue
[2025-08-25T12:51:52.876+0000] {logging_mixin.py:190} INFO - [2025-08-25T12:51:52.875+0000] {dagbag.py:588} INFO - Filling up the DagBag from /home/airflow/.local/lib/python3.12/site-packages/airflow/example_dags/tutorial_dag.py
[2025-08-25T12:51:52.890+0000] {processor.py:925} INFO - DAG(s) 'tutorial_dag' retrieved from /home/airflow/.local/lib/python3.12/site-packages/airflow/example_dags/tutorial_dag.py
[2025-08-25T12:51:52.933+0000] {logging_mixin.py:190} INFO - [2025-08-25T12:51:52.933+0000] {dag.py:3239} INFO - Sync 1 DAGs
[2025-08-25T12:51:52.966+0000] {logging_mixin.py:190} INFO - [2025-08-25T12:51:52.965+0000] {dag.py:4180} INFO - Setting next_dagrun for tutorial_dag to None, run_after=None
[2025-08-25T12:51:53.005+0000] {processor.py:208} INFO - Processing /home/airflow/.local/lib/python3.12/site-packages/airflow/example_dags/tutorial_dag.py took 0.146 seconds
[2025-08-25T12:52:23.710+0000] {processor.py:186} INFO - Started process (PID=2197) to work on /home/airflow/.local/lib/python3.12/site-packages/airflow/example_dags/tutorial_dag.py
[2025-08-25T12:52:23.711+0000] {processor.py:914} INFO - Processing file /home/airflow/.local/lib/python3.12/site-packages/airflow/example_dags/tutorial_dag.py for tasks to queue
[2025-08-25T12:52:23.714+0000] {logging_mixin.py:190} INFO - [2025-08-25T12:52:23.713+0000] {dagbag.py:588} INFO - Filling up the DagBag from /home/airflow/.local/lib/python3.12/site-packages/airflow/example_dags/tutorial_dag.py
[2025-08-25T12:52:23.722+0000] {processor.py:925} INFO - DAG(s) 'tutorial_dag' retrieved from /home/airflow/.local/lib/python3.12/site-packages/airflow/example_dags/tutorial_dag.py
[2025-08-25T12:52:23.749+0000] {logging_mixin.py:190} INFO - [2025-08-25T12:52:23.749+0000] {dag.py:3239} INFO - Sync 1 DAGs
[2025-08-25T12:52:23.766+0000] {logging_mixin.py:190} INFO - [2025-08-25T12:52:23.765+0000] {dag.py:4180} INFO - Setting next_dagrun for tutorial_dag to None, run_after=None
[2025-08-25T12:52:23.789+0000] {processor.py:208} INFO - Processing /home/airflow/.local/lib/python3.12/site-packages/airflow/example_dags/tutorial_dag.py took 0.086 seconds
[2025-08-25T12:52:54.211+0000] {processor.py:186} INFO - Started process (PID=2261) to work on /home/airflow/.local/lib/python3.12/site-packages/airflow/example_dags/tutorial_dag.py
[2025-08-25T12:52:54.213+0000] {processor.py:914} INFO - Processing file /home/airflow/.local/lib/python3.12/site-packages/airflow/example_dags/tutorial_dag.py for tasks to queue
[2025-08-25T12:52:54.217+0000] {logging_mixin.py:190} INFO - [2025-08-25T12:52:54.216+0000] {dagbag.py:588} INFO - Filling up the DagBag from /home/airflow/.local/lib/python3.12/site-packages/airflow/example_dags/tutorial_dag.py
[2025-08-25T12:52:54.229+0000] {processor.py:925} INFO - DAG(s) 'tutorial_dag' retrieved from /home/airflow/.local/lib/python3.12/site-packages/airflow/example_dags/tutorial_dag.py
[2025-08-25T12:52:54.264+0000] {logging_mixin.py:190} INFO - [2025-08-25T12:52:54.263+0000] {dag.py:3239} INFO - Sync 1 DAGs
[2025-08-25T12:52:54.286+0000] {logging_mixin.py:190} INFO - [2025-08-25T12:52:54.286+0000] {dag.py:4180} INFO - Setting next_dagrun for tutorial_dag to None, run_after=None
[2025-08-25T12:52:54.312+0000] {processor.py:208} INFO - Processing /home/airflow/.local/lib/python3.12/site-packages/airflow/example_dags/tutorial_dag.py took 0.113 seconds
[2025-08-25T12:53:25.103+0000] {processor.py:186} INFO - Started process (PID=2325) to work on /home/airflow/.local/lib/python3.12/site-packages/airflow/example_dags/tutorial_dag.py
[2025-08-25T12:53:25.105+0000] {processor.py:914} INFO - Processing file /home/airflow/.local/lib/python3.12/site-packages/airflow/example_dags/tutorial_dag.py for tasks to queue
[2025-08-25T12:53:25.108+0000] {logging_mixin.py:190} INFO - [2025-08-25T12:53:25.108+0000] {dagbag.py:588} INFO - Filling up the DagBag from /home/airflow/.local/lib/python3.12/site-packages/airflow/example_dags/tutorial_dag.py
[2025-08-25T12:53:25.117+0000] {processor.py:925} INFO - DAG(s) 'tutorial_dag' retrieved from /home/airflow/.local/lib/python3.12/site-packages/airflow/example_dags/tutorial_dag.py
[2025-08-25T12:53:25.151+0000] {logging_mixin.py:190} INFO - [2025-08-25T12:53:25.150+0000] {dag.py:3239} INFO - Sync 1 DAGs
[2025-08-25T12:53:25.174+0000] {logging_mixin.py:190} INFO - [2025-08-25T12:53:25.174+0000] {dag.py:4180} INFO - Setting next_dagrun for tutorial_dag to None, run_after=None
[2025-08-25T12:53:25.204+0000] {processor.py:208} INFO - Processing /home/airflow/.local/lib/python3.12/site-packages/airflow/example_dags/tutorial_dag.py took 0.111 seconds
[2025-08-25T12:53:55.539+0000] {processor.py:186} INFO - Started process (PID=2389) to work on /home/airflow/.local/lib/python3.12/site-packages/airflow/example_dags/tutorial_dag.py
[2025-08-25T12:53:55.541+0000] {processor.py:914} INFO - Processing file /home/airflow/.local/lib/python3.12/site-packages/airflow/example_dags/tutorial_dag.py for tasks to queue
[2025-08-25T12:53:55.545+0000] {logging_mixin.py:190} INFO - [2025-08-25T12:53:55.544+0000] {dagbag.py:588} INFO - Filling up the DagBag from /home/airflow/.local/lib/python3.12/site-packages/airflow/example_dags/tutorial_dag.py
[2025-08-25T12:53:55.556+0000] {processor.py:925} INFO - DAG(s) 'tutorial_dag' retrieved from /home/airflow/.local/lib/python3.12/site-packages/airflow/example_dags/tutorial_dag.py
[2025-08-25T12:53:55.587+0000] {logging_mixin.py:190} INFO - [2025-08-25T12:53:55.586+0000] {dag.py:3239} INFO - Sync 1 DAGs
[2025-08-25T12:53:55.612+0000] {logging_mixin.py:190} INFO - [2025-08-25T12:53:55.612+0000] {dag.py:4180} INFO - Setting next_dagrun for tutorial_dag to None, run_after=None
[2025-08-25T12:53:55.644+0000] {processor.py:208} INFO - Processing /home/airflow/.local/lib/python3.12/site-packages/airflow/example_dags/tutorial_dag.py took 0.115 seconds
[2025-08-25T12:54:26.534+0000] {processor.py:186} INFO - Started process (PID=2453) to work on /home/airflow/.local/lib/python3.12/site-packages/airflow/example_dags/tutorial_dag.py
[2025-08-25T12:54:26.536+0000] {processor.py:914} INFO - Processing file /home/airflow/.local/lib/python3.12/site-packages/airflow/example_dags/tutorial_dag.py for tasks to queue
[2025-08-25T12:54:26.540+0000] {logging_mixin.py:190} INFO - [2025-08-25T12:54:26.539+0000] {dagbag.py:588} INFO - Filling up the DagBag from /home/airflow/.local/lib/python3.12/site-packages/airflow/example_dags/tutorial_dag.py
[2025-08-25T12:54:26.550+0000] {processor.py:925} INFO - DAG(s) 'tutorial_dag' retrieved from /home/airflow/.local/lib/python3.12/site-packages/airflow/example_dags/tutorial_dag.py
[2025-08-25T12:54:26.580+0000] {logging_mixin.py:190} INFO - [2025-08-25T12:54:26.580+0000] {dag.py:3239} INFO - Sync 1 DAGs
[2025-08-25T12:54:26.600+0000] {logging_mixin.py:190} INFO - [2025-08-25T12:54:26.599+0000] {dag.py:4180} INFO - Setting next_dagrun for tutorial_dag to None, run_after=None
[2025-08-25T12:54:26.628+0000] {processor.py:208} INFO - Processing /home/airflow/.local/lib/python3.12/site-packages/airflow/example_dags/tutorial_dag.py took 0.104 seconds
[2025-08-25T12:54:57.550+0000] {processor.py:186} INFO - Started process (PID=2517) to work on /home/airflow/.local/lib/python3.12/site-packages/airflow/example_dags/tutorial_dag.py
[2025-08-25T12:54:57.553+0000] {processor.py:914} INFO - Processing file /home/airflow/.local/lib/python3.12/site-packages/airflow/example_dags/tutorial_dag.py for tasks to queue
[2025-08-25T12:54:57.556+0000] {logging_mixin.py:190} INFO - [2025-08-25T12:54:57.555+0000] {dagbag.py:588} INFO - Filling up the DagBag from /home/airflow/.local/lib/python3.12/site-packages/airflow/example_dags/tutorial_dag.py
[2025-08-25T12:54:57.563+0000] {processor.py:925} INFO - DAG(s) 'tutorial_dag' retrieved from /home/airflow/.local/lib/python3.12/site-packages/airflow/example_dags/tutorial_dag.py
[2025-08-25T12:54:57.604+0000] {logging_mixin.py:190} INFO - [2025-08-25T12:54:57.603+0000] {dag.py:3239} INFO - Sync 1 DAGs
[2025-08-25T12:54:57.626+0000] {logging_mixin.py:190} INFO - [2025-08-25T12:54:57.626+0000] {dag.py:4180} INFO - Setting next_dagrun for tutorial_dag to None, run_after=None
[2025-08-25T12:54:57.662+0000] {processor.py:208} INFO - Processing /home/airflow/.local/lib/python3.12/site-packages/airflow/example_dags/tutorial_dag.py took 0.125 seconds
[2025-08-25T12:55:28.296+0000] {processor.py:186} INFO - Started process (PID=2581) to work on /home/airflow/.local/lib/python3.12/site-packages/airflow/example_dags/tutorial_dag.py
[2025-08-25T12:55:28.297+0000] {processor.py:914} INFO - Processing file /home/airflow/.local/lib/python3.12/site-packages/airflow/example_dags/tutorial_dag.py for tasks to queue
[2025-08-25T12:55:28.300+0000] {logging_mixin.py:190} INFO - [2025-08-25T12:55:28.299+0000] {dagbag.py:588} INFO - Filling up the DagBag from /home/airflow/.local/lib/python3.12/site-packages/airflow/example_dags/tutorial_dag.py
[2025-08-25T12:55:28.306+0000] {processor.py:925} INFO - DAG(s) 'tutorial_dag' retrieved from /home/airflow/.local/lib/python3.12/site-packages/airflow/example_dags/tutorial_dag.py
[2025-08-25T12:55:28.336+0000] {logging_mixin.py:190} INFO - [2025-08-25T12:55:28.335+0000] {dag.py:3239} INFO - Sync 1 DAGs
[2025-08-25T12:55:28.359+0000] {logging_mixin.py:190} INFO - [2025-08-25T12:55:28.359+0000] {dag.py:4180} INFO - Setting next_dagrun for tutorial_dag to None, run_after=None
[2025-08-25T12:55:28.385+0000] {processor.py:208} INFO - Processing /home/airflow/.local/lib/python3.12/site-packages/airflow/example_dags/tutorial_dag.py took 0.096 seconds
[2025-08-25T12:55:58.790+0000] {processor.py:186} INFO - Started process (PID=2645) to work on /home/airflow/.local/lib/python3.12/site-packages/airflow/example_dags/tutorial_dag.py
[2025-08-25T12:55:58.791+0000] {processor.py:914} INFO - Processing file /home/airflow/.local/lib/python3.12/site-packages/airflow/example_dags/tutorial_dag.py for tasks to queue
[2025-08-25T12:55:58.794+0000] {logging_mixin.py:190} INFO - [2025-08-25T12:55:58.793+0000] {dagbag.py:588} INFO - Filling up the DagBag from /home/airflow/.local/lib/python3.12/site-packages/airflow/example_dags/tutorial_dag.py
[2025-08-25T12:55:58.802+0000] {processor.py:925} INFO - DAG(s) 'tutorial_dag' retrieved from /home/airflow/.local/lib/python3.12/site-packages/airflow/example_dags/tutorial_dag.py
[2025-08-25T12:55:58.835+0000] {logging_mixin.py:190} INFO - [2025-08-25T12:55:58.834+0000] {dag.py:3239} INFO - Sync 1 DAGs
[2025-08-25T12:55:58.855+0000] {logging_mixin.py:190} INFO - [2025-08-25T12:55:58.855+0000] {dag.py:4180} INFO - Setting next_dagrun for tutorial_dag to None, run_after=None
[2025-08-25T12:55:58.889+0000] {processor.py:208} INFO - Processing /home/airflow/.local/lib/python3.12/site-packages/airflow/example_dags/tutorial_dag.py took 0.105 seconds
[2025-08-25T12:56:29.832+0000] {processor.py:186} INFO - Started process (PID=2715) to work on /home/airflow/.local/lib/python3.12/site-packages/airflow/example_dags/tutorial_dag.py
[2025-08-25T12:56:29.833+0000] {processor.py:914} INFO - Processing file /home/airflow/.local/lib/python3.12/site-packages/airflow/example_dags/tutorial_dag.py for tasks to queue
[2025-08-25T12:56:29.836+0000] {logging_mixin.py:190} INFO - [2025-08-25T12:56:29.835+0000] {dagbag.py:588} INFO - Filling up the DagBag from /home/airflow/.local/lib/python3.12/site-packages/airflow/example_dags/tutorial_dag.py
[2025-08-25T12:56:29.844+0000] {processor.py:925} INFO - DAG(s) 'tutorial_dag' retrieved from /home/airflow/.local/lib/python3.12/site-packages/airflow/example_dags/tutorial_dag.py
[2025-08-25T12:56:29.870+0000] {logging_mixin.py:190} INFO - [2025-08-25T12:56:29.870+0000] {dag.py:3239} INFO - Sync 1 DAGs
[2025-08-25T12:56:29.893+0000] {logging_mixin.py:190} INFO - [2025-08-25T12:56:29.893+0000] {dag.py:4180} INFO - Setting next_dagrun for tutorial_dag to None, run_after=None
[2025-08-25T12:56:29.919+0000] {processor.py:208} INFO - Processing /home/airflow/.local/lib/python3.12/site-packages/airflow/example_dags/tutorial_dag.py took 0.094 seconds
[2025-08-25T12:57:00.826+0000] {processor.py:186} INFO - Started process (PID=2779) to work on /home/airflow/.local/lib/python3.12/site-packages/airflow/example_dags/tutorial_dag.py
[2025-08-25T12:57:00.827+0000] {processor.py:914} INFO - Processing file /home/airflow/.local/lib/python3.12/site-packages/airflow/example_dags/tutorial_dag.py for tasks to queue
[2025-08-25T12:57:00.829+0000] {logging_mixin.py:190} INFO - [2025-08-25T12:57:00.829+0000] {dagbag.py:588} INFO - Filling up the DagBag from /home/airflow/.local/lib/python3.12/site-packages/airflow/example_dags/tutorial_dag.py
[2025-08-25T12:57:00.838+0000] {processor.py:925} INFO - DAG(s) 'tutorial_dag' retrieved from /home/airflow/.local/lib/python3.12/site-packages/airflow/example_dags/tutorial_dag.py
[2025-08-25T12:57:00.866+0000] {logging_mixin.py:190} INFO - [2025-08-25T12:57:00.866+0000] {dag.py:3239} INFO - Sync 1 DAGs
[2025-08-25T12:57:00.883+0000] {logging_mixin.py:190} INFO - [2025-08-25T12:57:00.882+0000] {dag.py:4180} INFO - Setting next_dagrun for tutorial_dag to None, run_after=None
[2025-08-25T12:57:00.910+0000] {processor.py:208} INFO - Processing /home/airflow/.local/lib/python3.12/site-packages/airflow/example_dags/tutorial_dag.py took 0.093 seconds
