[2025-08-25T12:35:31.699+0000] {processor.py:186} INFO - Started process (PID=78) to work on /home/airflow/.local/lib/python3.12/site-packages/airflow/example_dags/tutorial.py
[2025-08-25T12:35:31.701+0000] {processor.py:914} INFO - Processing file /home/airflow/.local/lib/python3.12/site-packages/airflow/example_dags/tutorial.py for tasks to queue
[2025-08-25T12:35:31.705+0000] {logging_mixin.py:190} INFO - [2025-08-25T12:35:31.704+0000] {dagbag.py:588} INFO - Filling up the DagBag from /home/airflow/.local/lib/python3.12/site-packages/airflow/example_dags/tutorial.py
[2025-08-25T12:35:31.719+0000] {processor.py:925} INFO - DAG(s) 'tutorial' retrieved from /home/airflow/.local/lib/python3.12/site-packages/airflow/example_dags/tutorial.py
[2025-08-25T12:35:31.893+0000] {logging_mixin.py:190} INFO - [2025-08-25T12:35:31.892+0000] {override.py:1900} INFO - Created Permission View: can read on DAG:tutorial
[2025-08-25T12:35:31.911+0000] {logging_mixin.py:190} INFO - [2025-08-25T12:35:31.910+0000] {override.py:1900} INFO - Created Permission View: can delete on DAG:tutorial
[2025-08-25T12:35:31.922+0000] {logging_mixin.py:190} INFO - [2025-08-25T12:35:31.922+0000] {override.py:1900} INFO - Created Permission View: can edit on DAG:tutorial
[2025-08-25T12:35:31.935+0000] {logging_mixin.py:190} INFO - [2025-08-25T12:35:31.934+0000] {override.py:1900} INFO - Created Permission View: can read on DAG Run:tutorial
[2025-08-25T12:35:31.946+0000] {logging_mixin.py:190} INFO - [2025-08-25T12:35:31.945+0000] {override.py:1900} INFO - Created Permission View: menu access on DAG Run:tutorial
[2025-08-25T12:35:31.957+0000] {logging_mixin.py:190} INFO - [2025-08-25T12:35:31.957+0000] {override.py:1900} INFO - Created Permission View: can delete on DAG Run:tutorial
[2025-08-25T12:35:31.970+0000] {logging_mixin.py:190} INFO - [2025-08-25T12:35:31.969+0000] {override.py:1900} INFO - Created Permission View: can create on DAG Run:tutorial
[2025-08-25T12:35:31.970+0000] {logging_mixin.py:190} INFO - [2025-08-25T12:35:31.970+0000] {dag.py:3239} INFO - Sync 1 DAGs
[2025-08-25T12:35:31.994+0000] {logging_mixin.py:190} INFO - [2025-08-25T12:35:31.994+0000] {dag.py:3262} INFO - Creating ORM DAG for tutorial
[2025-08-25T12:35:32.016+0000] {logging_mixin.py:190} INFO - [2025-08-25T12:35:32.015+0000] {dag.py:4180} INFO - Setting next_dagrun for tutorial to 2025-08-24 00:00:00+00:00, run_after=2025-08-25 00:00:00+00:00
[2025-08-25T12:35:32.052+0000] {processor.py:208} INFO - Processing /home/airflow/.local/lib/python3.12/site-packages/airflow/example_dags/tutorial.py took 0.364 seconds
[2025-08-25T12:36:02.815+0000] {processor.py:186} INFO - Started process (PID=142) to work on /home/airflow/.local/lib/python3.12/site-packages/airflow/example_dags/tutorial.py
[2025-08-25T12:36:02.816+0000] {processor.py:914} INFO - Processing file /home/airflow/.local/lib/python3.12/site-packages/airflow/example_dags/tutorial.py for tasks to queue
[2025-08-25T12:36:02.820+0000] {logging_mixin.py:190} INFO - [2025-08-25T12:36:02.819+0000] {dagbag.py:588} INFO - Filling up the DagBag from /home/airflow/.local/lib/python3.12/site-packages/airflow/example_dags/tutorial.py
[2025-08-25T12:36:02.835+0000] {processor.py:925} INFO - DAG(s) 'tutorial' retrieved from /home/airflow/.local/lib/python3.12/site-packages/airflow/example_dags/tutorial.py
[2025-08-25T12:36:02.868+0000] {logging_mixin.py:190} INFO - [2025-08-25T12:36:02.868+0000] {dag.py:3239} INFO - Sync 1 DAGs
[2025-08-25T12:36:02.906+0000] {logging_mixin.py:190} INFO - [2025-08-25T12:36:02.906+0000] {dag.py:4180} INFO - Setting next_dagrun for tutorial to 2025-08-24 00:00:00+00:00, run_after=2025-08-25 00:00:00+00:00
[2025-08-25T12:36:02.933+0000] {processor.py:208} INFO - Processing /home/airflow/.local/lib/python3.12/site-packages/airflow/example_dags/tutorial.py took 0.128 seconds
[2025-08-25T12:36:33.539+0000] {processor.py:186} INFO - Started process (PID=206) to work on /home/airflow/.local/lib/python3.12/site-packages/airflow/example_dags/tutorial.py
[2025-08-25T12:36:33.540+0000] {processor.py:914} INFO - Processing file /home/airflow/.local/lib/python3.12/site-packages/airflow/example_dags/tutorial.py for tasks to queue
[2025-08-25T12:36:33.543+0000] {logging_mixin.py:190} INFO - [2025-08-25T12:36:33.542+0000] {dagbag.py:588} INFO - Filling up the DagBag from /home/airflow/.local/lib/python3.12/site-packages/airflow/example_dags/tutorial.py
[2025-08-25T12:36:33.553+0000] {processor.py:925} INFO - DAG(s) 'tutorial' retrieved from /home/airflow/.local/lib/python3.12/site-packages/airflow/example_dags/tutorial.py
[2025-08-25T12:36:33.585+0000] {logging_mixin.py:190} INFO - [2025-08-25T12:36:33.585+0000] {dag.py:3239} INFO - Sync 1 DAGs
[2025-08-25T12:36:33.612+0000] {logging_mixin.py:190} INFO - [2025-08-25T12:36:33.612+0000] {dag.py:4180} INFO - Setting next_dagrun for tutorial to 2025-08-24 00:00:00+00:00, run_after=2025-08-25 00:00:00+00:00
[2025-08-25T12:36:33.633+0000] {processor.py:208} INFO - Processing /home/airflow/.local/lib/python3.12/site-packages/airflow/example_dags/tutorial.py took 0.102 seconds
[2025-08-25T12:37:04.411+0000] {processor.py:186} INFO - Started process (PID=270) to work on /home/airflow/.local/lib/python3.12/site-packages/airflow/example_dags/tutorial.py
[2025-08-25T12:37:04.412+0000] {processor.py:914} INFO - Processing file /home/airflow/.local/lib/python3.12/site-packages/airflow/example_dags/tutorial.py for tasks to queue
[2025-08-25T12:37:04.415+0000] {logging_mixin.py:190} INFO - [2025-08-25T12:37:04.414+0000] {dagbag.py:588} INFO - Filling up the DagBag from /home/airflow/.local/lib/python3.12/site-packages/airflow/example_dags/tutorial.py
[2025-08-25T12:37:04.424+0000] {processor.py:925} INFO - DAG(s) 'tutorial' retrieved from /home/airflow/.local/lib/python3.12/site-packages/airflow/example_dags/tutorial.py
[2025-08-25T12:37:04.454+0000] {logging_mixin.py:190} INFO - [2025-08-25T12:37:04.453+0000] {dag.py:3239} INFO - Sync 1 DAGs
[2025-08-25T12:37:04.495+0000] {logging_mixin.py:190} INFO - [2025-08-25T12:37:04.494+0000] {dag.py:4180} INFO - Setting next_dagrun for tutorial to 2025-08-24 00:00:00+00:00, run_after=2025-08-25 00:00:00+00:00
[2025-08-25T12:37:04.522+0000] {processor.py:208} INFO - Processing /home/airflow/.local/lib/python3.12/site-packages/airflow/example_dags/tutorial.py took 0.118 seconds
[2025-08-25T12:37:35.343+0000] {processor.py:186} INFO - Started process (PID=334) to work on /home/airflow/.local/lib/python3.12/site-packages/airflow/example_dags/tutorial.py
[2025-08-25T12:37:35.344+0000] {processor.py:914} INFO - Processing file /home/airflow/.local/lib/python3.12/site-packages/airflow/example_dags/tutorial.py for tasks to queue
[2025-08-25T12:37:35.346+0000] {logging_mixin.py:190} INFO - [2025-08-25T12:37:35.346+0000] {dagbag.py:588} INFO - Filling up the DagBag from /home/airflow/.local/lib/python3.12/site-packages/airflow/example_dags/tutorial.py
[2025-08-25T12:37:35.356+0000] {processor.py:925} INFO - DAG(s) 'tutorial' retrieved from /home/airflow/.local/lib/python3.12/site-packages/airflow/example_dags/tutorial.py
[2025-08-25T12:37:35.385+0000] {logging_mixin.py:190} INFO - [2025-08-25T12:37:35.385+0000] {dag.py:3239} INFO - Sync 1 DAGs
[2025-08-25T12:37:35.419+0000] {logging_mixin.py:190} INFO - [2025-08-25T12:37:35.418+0000] {dag.py:4180} INFO - Setting next_dagrun for tutorial to 2025-08-24 00:00:00+00:00, run_after=2025-08-25 00:00:00+00:00
[2025-08-25T12:37:35.445+0000] {processor.py:208} INFO - Processing /home/airflow/.local/lib/python3.12/site-packages/airflow/example_dags/tutorial.py took 0.112 seconds
[2025-08-25T12:38:05.545+0000] {processor.py:186} INFO - Started process (PID=397) to work on /home/airflow/.local/lib/python3.12/site-packages/airflow/example_dags/tutorial.py
[2025-08-25T12:38:05.547+0000] {processor.py:914} INFO - Processing file /home/airflow/.local/lib/python3.12/site-packages/airflow/example_dags/tutorial.py for tasks to queue
[2025-08-25T12:38:05.550+0000] {logging_mixin.py:190} INFO - [2025-08-25T12:38:05.550+0000] {dagbag.py:588} INFO - Filling up the DagBag from /home/airflow/.local/lib/python3.12/site-packages/airflow/example_dags/tutorial.py
[2025-08-25T12:38:05.560+0000] {processor.py:925} INFO - DAG(s) 'tutorial' retrieved from /home/airflow/.local/lib/python3.12/site-packages/airflow/example_dags/tutorial.py
[2025-08-25T12:38:05.599+0000] {logging_mixin.py:190} INFO - [2025-08-25T12:38:05.598+0000] {dag.py:3239} INFO - Sync 1 DAGs
[2025-08-25T12:38:05.640+0000] {logging_mixin.py:190} INFO - [2025-08-25T12:38:05.639+0000] {dag.py:4180} INFO - Setting next_dagrun for tutorial to 2025-08-24 00:00:00+00:00, run_after=2025-08-25 00:00:00+00:00
[2025-08-25T12:38:05.676+0000] {processor.py:208} INFO - Processing /home/airflow/.local/lib/python3.12/site-packages/airflow/example_dags/tutorial.py took 0.138 seconds
[2025-08-25T12:38:36.134+0000] {processor.py:186} INFO - Started process (PID=461) to work on /home/airflow/.local/lib/python3.12/site-packages/airflow/example_dags/tutorial.py
[2025-08-25T12:38:36.135+0000] {processor.py:914} INFO - Processing file /home/airflow/.local/lib/python3.12/site-packages/airflow/example_dags/tutorial.py for tasks to queue
[2025-08-25T12:38:36.138+0000] {logging_mixin.py:190} INFO - [2025-08-25T12:38:36.138+0000] {dagbag.py:588} INFO - Filling up the DagBag from /home/airflow/.local/lib/python3.12/site-packages/airflow/example_dags/tutorial.py
[2025-08-25T12:38:36.147+0000] {processor.py:925} INFO - DAG(s) 'tutorial' retrieved from /home/airflow/.local/lib/python3.12/site-packages/airflow/example_dags/tutorial.py
[2025-08-25T12:38:36.179+0000] {logging_mixin.py:190} INFO - [2025-08-25T12:38:36.179+0000] {dag.py:3239} INFO - Sync 1 DAGs
[2025-08-25T12:38:36.210+0000] {logging_mixin.py:190} INFO - [2025-08-25T12:38:36.210+0000] {dag.py:4180} INFO - Setting next_dagrun for tutorial to 2025-08-24 00:00:00+00:00, run_after=2025-08-25 00:00:00+00:00
[2025-08-25T12:38:36.239+0000] {processor.py:208} INFO - Processing /home/airflow/.local/lib/python3.12/site-packages/airflow/example_dags/tutorial.py took 0.111 seconds
[2025-08-25T12:39:06.647+0000] {processor.py:186} INFO - Started process (PID=525) to work on /home/airflow/.local/lib/python3.12/site-packages/airflow/example_dags/tutorial.py
[2025-08-25T12:39:06.648+0000] {processor.py:914} INFO - Processing file /home/airflow/.local/lib/python3.12/site-packages/airflow/example_dags/tutorial.py for tasks to queue
[2025-08-25T12:39:06.651+0000] {logging_mixin.py:190} INFO - [2025-08-25T12:39:06.650+0000] {dagbag.py:588} INFO - Filling up the DagBag from /home/airflow/.local/lib/python3.12/site-packages/airflow/example_dags/tutorial.py
[2025-08-25T12:39:06.661+0000] {processor.py:925} INFO - DAG(s) 'tutorial' retrieved from /home/airflow/.local/lib/python3.12/site-packages/airflow/example_dags/tutorial.py
[2025-08-25T12:39:06.685+0000] {logging_mixin.py:190} INFO - [2025-08-25T12:39:06.685+0000] {dag.py:3239} INFO - Sync 1 DAGs
[2025-08-25T12:39:06.715+0000] {logging_mixin.py:190} INFO - [2025-08-25T12:39:06.714+0000] {dag.py:4180} INFO - Setting next_dagrun for tutorial to 2025-08-24 00:00:00+00:00, run_after=2025-08-25 00:00:00+00:00
[2025-08-25T12:39:06.739+0000] {processor.py:208} INFO - Processing /home/airflow/.local/lib/python3.12/site-packages/airflow/example_dags/tutorial.py took 0.099 seconds
[2025-08-25T12:39:37.148+0000] {processor.py:186} INFO - Started process (PID=589) to work on /home/airflow/.local/lib/python3.12/site-packages/airflow/example_dags/tutorial.py
[2025-08-25T12:39:37.150+0000] {processor.py:914} INFO - Processing file /home/airflow/.local/lib/python3.12/site-packages/airflow/example_dags/tutorial.py for tasks to queue
[2025-08-25T12:39:37.152+0000] {logging_mixin.py:190} INFO - [2025-08-25T12:39:37.152+0000] {dagbag.py:588} INFO - Filling up the DagBag from /home/airflow/.local/lib/python3.12/site-packages/airflow/example_dags/tutorial.py
[2025-08-25T12:39:37.161+0000] {processor.py:925} INFO - DAG(s) 'tutorial' retrieved from /home/airflow/.local/lib/python3.12/site-packages/airflow/example_dags/tutorial.py
[2025-08-25T12:39:37.189+0000] {logging_mixin.py:190} INFO - [2025-08-25T12:39:37.189+0000] {dag.py:3239} INFO - Sync 1 DAGs
[2025-08-25T12:39:37.216+0000] {logging_mixin.py:190} INFO - [2025-08-25T12:39:37.216+0000] {dag.py:4180} INFO - Setting next_dagrun for tutorial to 2025-08-24 00:00:00+00:00, run_after=2025-08-25 00:00:00+00:00
[2025-08-25T12:39:37.239+0000] {processor.py:208} INFO - Processing /home/airflow/.local/lib/python3.12/site-packages/airflow/example_dags/tutorial.py took 0.097 seconds
[2025-08-25T12:40:07.518+0000] {processor.py:186} INFO - Started process (PID=653) to work on /home/airflow/.local/lib/python3.12/site-packages/airflow/example_dags/tutorial.py
[2025-08-25T12:40:07.519+0000] {processor.py:914} INFO - Processing file /home/airflow/.local/lib/python3.12/site-packages/airflow/example_dags/tutorial.py for tasks to queue
[2025-08-25T12:40:07.522+0000] {logging_mixin.py:190} INFO - [2025-08-25T12:40:07.522+0000] {dagbag.py:588} INFO - Filling up the DagBag from /home/airflow/.local/lib/python3.12/site-packages/airflow/example_dags/tutorial.py
[2025-08-25T12:40:07.532+0000] {processor.py:925} INFO - DAG(s) 'tutorial' retrieved from /home/airflow/.local/lib/python3.12/site-packages/airflow/example_dags/tutorial.py
[2025-08-25T12:40:07.562+0000] {logging_mixin.py:190} INFO - [2025-08-25T12:40:07.562+0000] {dag.py:3239} INFO - Sync 1 DAGs
[2025-08-25T12:40:07.593+0000] {logging_mixin.py:190} INFO - [2025-08-25T12:40:07.593+0000] {dag.py:4180} INFO - Setting next_dagrun for tutorial to 2025-08-24 00:00:00+00:00, run_after=2025-08-25 00:00:00+00:00
[2025-08-25T12:40:07.619+0000] {processor.py:208} INFO - Processing /home/airflow/.local/lib/python3.12/site-packages/airflow/example_dags/tutorial.py took 0.109 seconds
[2025-08-25T12:40:38.088+0000] {processor.py:186} INFO - Started process (PID=717) to work on /home/airflow/.local/lib/python3.12/site-packages/airflow/example_dags/tutorial.py
[2025-08-25T12:40:38.090+0000] {processor.py:914} INFO - Processing file /home/airflow/.local/lib/python3.12/site-packages/airflow/example_dags/tutorial.py for tasks to queue
[2025-08-25T12:40:38.094+0000] {logging_mixin.py:190} INFO - [2025-08-25T12:40:38.093+0000] {dagbag.py:588} INFO - Filling up the DagBag from /home/airflow/.local/lib/python3.12/site-packages/airflow/example_dags/tutorial.py
[2025-08-25T12:40:38.105+0000] {processor.py:925} INFO - DAG(s) 'tutorial' retrieved from /home/airflow/.local/lib/python3.12/site-packages/airflow/example_dags/tutorial.py
[2025-08-25T12:40:38.135+0000] {logging_mixin.py:190} INFO - [2025-08-25T12:40:38.135+0000] {dag.py:3239} INFO - Sync 1 DAGs
[2025-08-25T12:40:38.166+0000] {logging_mixin.py:190} INFO - [2025-08-25T12:40:38.166+0000] {dag.py:4180} INFO - Setting next_dagrun for tutorial to 2025-08-24 00:00:00+00:00, run_after=2025-08-25 00:00:00+00:00
[2025-08-25T12:40:38.184+0000] {processor.py:208} INFO - Processing /home/airflow/.local/lib/python3.12/site-packages/airflow/example_dags/tutorial.py took 0.104 seconds
[2025-08-25T12:41:09.250+0000] {processor.py:186} INFO - Started process (PID=785) to work on /home/airflow/.local/lib/python3.12/site-packages/airflow/example_dags/tutorial.py
[2025-08-25T12:41:09.252+0000] {processor.py:914} INFO - Processing file /home/airflow/.local/lib/python3.12/site-packages/airflow/example_dags/tutorial.py for tasks to queue
[2025-08-25T12:41:09.257+0000] {logging_mixin.py:190} INFO - [2025-08-25T12:41:09.256+0000] {dagbag.py:588} INFO - Filling up the DagBag from /home/airflow/.local/lib/python3.12/site-packages/airflow/example_dags/tutorial.py
[2025-08-25T12:41:09.271+0000] {processor.py:925} INFO - DAG(s) 'tutorial' retrieved from /home/airflow/.local/lib/python3.12/site-packages/airflow/example_dags/tutorial.py
[2025-08-25T12:41:09.311+0000] {logging_mixin.py:190} INFO - [2025-08-25T12:41:09.310+0000] {dag.py:3239} INFO - Sync 1 DAGs
[2025-08-25T12:41:09.348+0000] {logging_mixin.py:190} INFO - [2025-08-25T12:41:09.348+0000] {dag.py:4180} INFO - Setting next_dagrun for tutorial to 2025-08-24 00:00:00+00:00, run_after=2025-08-25 00:00:00+00:00
[2025-08-25T12:41:09.379+0000] {processor.py:208} INFO - Processing /home/airflow/.local/lib/python3.12/site-packages/airflow/example_dags/tutorial.py took 0.143 seconds
[2025-08-25T12:41:39.719+0000] {processor.py:186} INFO - Started process (PID=849) to work on /home/airflow/.local/lib/python3.12/site-packages/airflow/example_dags/tutorial.py
[2025-08-25T12:41:39.720+0000] {processor.py:914} INFO - Processing file /home/airflow/.local/lib/python3.12/site-packages/airflow/example_dags/tutorial.py for tasks to queue
[2025-08-25T12:41:39.722+0000] {logging_mixin.py:190} INFO - [2025-08-25T12:41:39.722+0000] {dagbag.py:588} INFO - Filling up the DagBag from /home/airflow/.local/lib/python3.12/site-packages/airflow/example_dags/tutorial.py
[2025-08-25T12:41:39.731+0000] {processor.py:925} INFO - DAG(s) 'tutorial' retrieved from /home/airflow/.local/lib/python3.12/site-packages/airflow/example_dags/tutorial.py
[2025-08-25T12:41:39.769+0000] {logging_mixin.py:190} INFO - [2025-08-25T12:41:39.768+0000] {dag.py:3239} INFO - Sync 1 DAGs
[2025-08-25T12:41:39.825+0000] {logging_mixin.py:190} INFO - [2025-08-25T12:41:39.824+0000] {dag.py:4180} INFO - Setting next_dagrun for tutorial to 2025-08-24 00:00:00+00:00, run_after=2025-08-25 00:00:00+00:00
[2025-08-25T12:41:39.861+0000] {processor.py:208} INFO - Processing /home/airflow/.local/lib/python3.12/site-packages/airflow/example_dags/tutorial.py took 0.149 seconds
[2025-08-25T12:42:10.336+0000] {processor.py:186} INFO - Started process (PID=913) to work on /home/airflow/.local/lib/python3.12/site-packages/airflow/example_dags/tutorial.py
[2025-08-25T12:42:10.338+0000] {processor.py:914} INFO - Processing file /home/airflow/.local/lib/python3.12/site-packages/airflow/example_dags/tutorial.py for tasks to queue
[2025-08-25T12:42:10.344+0000] {logging_mixin.py:190} INFO - [2025-08-25T12:42:10.343+0000] {dagbag.py:588} INFO - Filling up the DagBag from /home/airflow/.local/lib/python3.12/site-packages/airflow/example_dags/tutorial.py
[2025-08-25T12:42:10.360+0000] {processor.py:925} INFO - DAG(s) 'tutorial' retrieved from /home/airflow/.local/lib/python3.12/site-packages/airflow/example_dags/tutorial.py
[2025-08-25T12:42:10.416+0000] {logging_mixin.py:190} INFO - [2025-08-25T12:42:10.415+0000] {dag.py:3239} INFO - Sync 1 DAGs
[2025-08-25T12:42:10.488+0000] {logging_mixin.py:190} INFO - [2025-08-25T12:42:10.487+0000] {dag.py:4180} INFO - Setting next_dagrun for tutorial to 2025-08-24 00:00:00+00:00, run_after=2025-08-25 00:00:00+00:00
[2025-08-25T12:42:10.548+0000] {processor.py:208} INFO - Processing /home/airflow/.local/lib/python3.12/site-packages/airflow/example_dags/tutorial.py took 0.225 seconds
[2025-08-25T12:42:41.141+0000] {processor.py:186} INFO - Started process (PID=977) to work on /home/airflow/.local/lib/python3.12/site-packages/airflow/example_dags/tutorial.py
[2025-08-25T12:42:41.142+0000] {processor.py:914} INFO - Processing file /home/airflow/.local/lib/python3.12/site-packages/airflow/example_dags/tutorial.py for tasks to queue
[2025-08-25T12:42:41.144+0000] {logging_mixin.py:190} INFO - [2025-08-25T12:42:41.144+0000] {dagbag.py:588} INFO - Filling up the DagBag from /home/airflow/.local/lib/python3.12/site-packages/airflow/example_dags/tutorial.py
[2025-08-25T12:42:41.153+0000] {processor.py:925} INFO - DAG(s) 'tutorial' retrieved from /home/airflow/.local/lib/python3.12/site-packages/airflow/example_dags/tutorial.py
[2025-08-25T12:42:41.185+0000] {logging_mixin.py:190} INFO - [2025-08-25T12:42:41.185+0000] {dag.py:3239} INFO - Sync 1 DAGs
[2025-08-25T12:42:41.227+0000] {logging_mixin.py:190} INFO - [2025-08-25T12:42:41.226+0000] {dag.py:4180} INFO - Setting next_dagrun for tutorial to 2025-08-24 00:00:00+00:00, run_after=2025-08-25 00:00:00+00:00
[2025-08-25T12:42:41.258+0000] {processor.py:208} INFO - Processing /home/airflow/.local/lib/python3.12/site-packages/airflow/example_dags/tutorial.py took 0.123 seconds
[2025-08-25T12:43:11.713+0000] {processor.py:186} INFO - Started process (PID=1041) to work on /home/airflow/.local/lib/python3.12/site-packages/airflow/example_dags/tutorial.py
[2025-08-25T12:43:11.714+0000] {processor.py:914} INFO - Processing file /home/airflow/.local/lib/python3.12/site-packages/airflow/example_dags/tutorial.py for tasks to queue
[2025-08-25T12:43:11.718+0000] {logging_mixin.py:190} INFO - [2025-08-25T12:43:11.718+0000] {dagbag.py:588} INFO - Filling up the DagBag from /home/airflow/.local/lib/python3.12/site-packages/airflow/example_dags/tutorial.py
[2025-08-25T12:43:11.733+0000] {processor.py:925} INFO - DAG(s) 'tutorial' retrieved from /home/airflow/.local/lib/python3.12/site-packages/airflow/example_dags/tutorial.py
[2025-08-25T12:43:11.765+0000] {logging_mixin.py:190} INFO - [2025-08-25T12:43:11.765+0000] {dag.py:3239} INFO - Sync 1 DAGs
[2025-08-25T12:43:11.806+0000] {logging_mixin.py:190} INFO - [2025-08-25T12:43:11.806+0000] {dag.py:4180} INFO - Setting next_dagrun for tutorial to 2025-08-24 00:00:00+00:00, run_after=2025-08-25 00:00:00+00:00
[2025-08-25T12:43:11.836+0000] {processor.py:208} INFO - Processing /home/airflow/.local/lib/python3.12/site-packages/airflow/example_dags/tutorial.py took 0.133 seconds
[2025-08-25T12:43:42.800+0000] {processor.py:186} INFO - Started process (PID=1105) to work on /home/airflow/.local/lib/python3.12/site-packages/airflow/example_dags/tutorial.py
[2025-08-25T12:43:42.803+0000] {processor.py:914} INFO - Processing file /home/airflow/.local/lib/python3.12/site-packages/airflow/example_dags/tutorial.py for tasks to queue
[2025-08-25T12:43:42.808+0000] {logging_mixin.py:190} INFO - [2025-08-25T12:43:42.808+0000] {dagbag.py:588} INFO - Filling up the DagBag from /home/airflow/.local/lib/python3.12/site-packages/airflow/example_dags/tutorial.py
[2025-08-25T12:43:42.830+0000] {processor.py:925} INFO - DAG(s) 'tutorial' retrieved from /home/airflow/.local/lib/python3.12/site-packages/airflow/example_dags/tutorial.py
[2025-08-25T12:43:42.878+0000] {logging_mixin.py:190} INFO - [2025-08-25T12:43:42.877+0000] {dag.py:3239} INFO - Sync 1 DAGs
[2025-08-25T12:43:42.934+0000] {logging_mixin.py:190} INFO - [2025-08-25T12:43:42.933+0000] {dag.py:4180} INFO - Setting next_dagrun for tutorial to 2025-08-24 00:00:00+00:00, run_after=2025-08-25 00:00:00+00:00
[2025-08-25T12:43:42.993+0000] {processor.py:208} INFO - Processing /home/airflow/.local/lib/python3.12/site-packages/airflow/example_dags/tutorial.py took 0.208 seconds
[2025-08-25T12:44:13.293+0000] {processor.py:186} INFO - Started process (PID=1169) to work on /home/airflow/.local/lib/python3.12/site-packages/airflow/example_dags/tutorial.py
[2025-08-25T12:44:13.294+0000] {processor.py:914} INFO - Processing file /home/airflow/.local/lib/python3.12/site-packages/airflow/example_dags/tutorial.py for tasks to queue
[2025-08-25T12:44:13.297+0000] {logging_mixin.py:190} INFO - [2025-08-25T12:44:13.296+0000] {dagbag.py:588} INFO - Filling up the DagBag from /home/airflow/.local/lib/python3.12/site-packages/airflow/example_dags/tutorial.py
[2025-08-25T12:44:13.304+0000] {processor.py:925} INFO - DAG(s) 'tutorial' retrieved from /home/airflow/.local/lib/python3.12/site-packages/airflow/example_dags/tutorial.py
[2025-08-25T12:44:13.334+0000] {logging_mixin.py:190} INFO - [2025-08-25T12:44:13.333+0000] {dag.py:3239} INFO - Sync 1 DAGs
[2025-08-25T12:44:13.368+0000] {logging_mixin.py:190} INFO - [2025-08-25T12:44:13.367+0000] {dag.py:4180} INFO - Setting next_dagrun for tutorial to 2025-08-24 00:00:00+00:00, run_after=2025-08-25 00:00:00+00:00
[2025-08-25T12:44:13.396+0000] {processor.py:208} INFO - Processing /home/airflow/.local/lib/python3.12/site-packages/airflow/example_dags/tutorial.py took 0.109 seconds
[2025-08-25T12:44:43.478+0000] {processor.py:186} INFO - Started process (PID=1233) to work on /home/airflow/.local/lib/python3.12/site-packages/airflow/example_dags/tutorial.py
[2025-08-25T12:44:43.479+0000] {processor.py:914} INFO - Processing file /home/airflow/.local/lib/python3.12/site-packages/airflow/example_dags/tutorial.py for tasks to queue
[2025-08-25T12:44:43.482+0000] {logging_mixin.py:190} INFO - [2025-08-25T12:44:43.481+0000] {dagbag.py:588} INFO - Filling up the DagBag from /home/airflow/.local/lib/python3.12/site-packages/airflow/example_dags/tutorial.py
[2025-08-25T12:44:43.489+0000] {processor.py:925} INFO - DAG(s) 'tutorial' retrieved from /home/airflow/.local/lib/python3.12/site-packages/airflow/example_dags/tutorial.py
[2025-08-25T12:44:43.515+0000] {logging_mixin.py:190} INFO - [2025-08-25T12:44:43.515+0000] {dag.py:3239} INFO - Sync 1 DAGs
[2025-08-25T12:44:43.551+0000] {logging_mixin.py:190} INFO - [2025-08-25T12:44:43.551+0000] {dag.py:4180} INFO - Setting next_dagrun for tutorial to 2025-08-24 00:00:00+00:00, run_after=2025-08-25 00:00:00+00:00
[2025-08-25T12:44:43.578+0000] {processor.py:208} INFO - Processing /home/airflow/.local/lib/python3.12/site-packages/airflow/example_dags/tutorial.py took 0.106 seconds
[2025-08-25T12:45:14.200+0000] {processor.py:186} INFO - Started process (PID=1297) to work on /home/airflow/.local/lib/python3.12/site-packages/airflow/example_dags/tutorial.py
[2025-08-25T12:45:14.202+0000] {processor.py:914} INFO - Processing file /home/airflow/.local/lib/python3.12/site-packages/airflow/example_dags/tutorial.py for tasks to queue
[2025-08-25T12:45:14.205+0000] {logging_mixin.py:190} INFO - [2025-08-25T12:45:14.204+0000] {dagbag.py:588} INFO - Filling up the DagBag from /home/airflow/.local/lib/python3.12/site-packages/airflow/example_dags/tutorial.py
[2025-08-25T12:45:14.214+0000] {processor.py:925} INFO - DAG(s) 'tutorial' retrieved from /home/airflow/.local/lib/python3.12/site-packages/airflow/example_dags/tutorial.py
[2025-08-25T12:45:14.245+0000] {logging_mixin.py:190} INFO - [2025-08-25T12:45:14.245+0000] {dag.py:3239} INFO - Sync 1 DAGs
[2025-08-25T12:45:14.279+0000] {logging_mixin.py:190} INFO - [2025-08-25T12:45:14.279+0000] {dag.py:4180} INFO - Setting next_dagrun for tutorial to 2025-08-24 00:00:00+00:00, run_after=2025-08-25 00:00:00+00:00
[2025-08-25T12:45:14.314+0000] {processor.py:208} INFO - Processing /home/airflow/.local/lib/python3.12/site-packages/airflow/example_dags/tutorial.py took 0.121 seconds
[2025-08-25T12:45:44.767+0000] {processor.py:186} INFO - Started process (PID=1361) to work on /home/airflow/.local/lib/python3.12/site-packages/airflow/example_dags/tutorial.py
[2025-08-25T12:45:44.769+0000] {processor.py:914} INFO - Processing file /home/airflow/.local/lib/python3.12/site-packages/airflow/example_dags/tutorial.py for tasks to queue
[2025-08-25T12:45:44.773+0000] {logging_mixin.py:190} INFO - [2025-08-25T12:45:44.773+0000] {dagbag.py:588} INFO - Filling up the DagBag from /home/airflow/.local/lib/python3.12/site-packages/airflow/example_dags/tutorial.py
[2025-08-25T12:45:44.792+0000] {processor.py:925} INFO - DAG(s) 'tutorial' retrieved from /home/airflow/.local/lib/python3.12/site-packages/airflow/example_dags/tutorial.py
[2025-08-25T12:45:44.838+0000] {logging_mixin.py:190} INFO - [2025-08-25T12:45:44.837+0000] {dag.py:3239} INFO - Sync 1 DAGs
[2025-08-25T12:45:44.879+0000] {logging_mixin.py:190} INFO - [2025-08-25T12:45:44.879+0000] {dag.py:4180} INFO - Setting next_dagrun for tutorial to 2025-08-24 00:00:00+00:00, run_after=2025-08-25 00:00:00+00:00
[2025-08-25T12:45:44.906+0000] {processor.py:208} INFO - Processing /home/airflow/.local/lib/python3.12/site-packages/airflow/example_dags/tutorial.py took 0.153 seconds
[2025-08-25T12:46:14.974+0000] {processor.py:186} INFO - Started process (PID=1425) to work on /home/airflow/.local/lib/python3.12/site-packages/airflow/example_dags/tutorial.py
[2025-08-25T12:46:14.976+0000] {processor.py:914} INFO - Processing file /home/airflow/.local/lib/python3.12/site-packages/airflow/example_dags/tutorial.py for tasks to queue
[2025-08-25T12:46:14.980+0000] {logging_mixin.py:190} INFO - [2025-08-25T12:46:14.979+0000] {dagbag.py:588} INFO - Filling up the DagBag from /home/airflow/.local/lib/python3.12/site-packages/airflow/example_dags/tutorial.py
[2025-08-25T12:46:14.992+0000] {processor.py:925} INFO - DAG(s) 'tutorial' retrieved from /home/airflow/.local/lib/python3.12/site-packages/airflow/example_dags/tutorial.py
[2025-08-25T12:46:15.024+0000] {logging_mixin.py:190} INFO - [2025-08-25T12:46:15.024+0000] {dag.py:3239} INFO - Sync 1 DAGs
[2025-08-25T12:46:15.082+0000] {logging_mixin.py:190} INFO - [2025-08-25T12:46:15.081+0000] {dag.py:4180} INFO - Setting next_dagrun for tutorial to 2025-08-24 00:00:00+00:00, run_after=2025-08-25 00:00:00+00:00
[2025-08-25T12:46:15.127+0000] {processor.py:208} INFO - Processing /home/airflow/.local/lib/python3.12/site-packages/airflow/example_dags/tutorial.py took 0.162 seconds
[2025-08-25T12:46:45.896+0000] {processor.py:186} INFO - Started process (PID=1489) to work on /home/airflow/.local/lib/python3.12/site-packages/airflow/example_dags/tutorial.py
[2025-08-25T12:46:45.897+0000] {processor.py:914} INFO - Processing file /home/airflow/.local/lib/python3.12/site-packages/airflow/example_dags/tutorial.py for tasks to queue
[2025-08-25T12:46:45.899+0000] {logging_mixin.py:190} INFO - [2025-08-25T12:46:45.899+0000] {dagbag.py:588} INFO - Filling up the DagBag from /home/airflow/.local/lib/python3.12/site-packages/airflow/example_dags/tutorial.py
[2025-08-25T12:46:45.909+0000] {processor.py:925} INFO - DAG(s) 'tutorial' retrieved from /home/airflow/.local/lib/python3.12/site-packages/airflow/example_dags/tutorial.py
[2025-08-25T12:46:45.938+0000] {logging_mixin.py:190} INFO - [2025-08-25T12:46:45.938+0000] {dag.py:3239} INFO - Sync 1 DAGs
[2025-08-25T12:46:45.973+0000] {logging_mixin.py:190} INFO - [2025-08-25T12:46:45.972+0000] {dag.py:4180} INFO - Setting next_dagrun for tutorial to 2025-08-24 00:00:00+00:00, run_after=2025-08-25 00:00:00+00:00
[2025-08-25T12:46:45.998+0000] {processor.py:208} INFO - Processing /home/airflow/.local/lib/python3.12/site-packages/airflow/example_dags/tutorial.py took 0.109 seconds
[2025-08-25T12:47:16.353+0000] {processor.py:186} INFO - Started process (PID=1553) to work on /home/airflow/.local/lib/python3.12/site-packages/airflow/example_dags/tutorial.py
[2025-08-25T12:47:16.355+0000] {processor.py:914} INFO - Processing file /home/airflow/.local/lib/python3.12/site-packages/airflow/example_dags/tutorial.py for tasks to queue
[2025-08-25T12:47:16.357+0000] {logging_mixin.py:190} INFO - [2025-08-25T12:47:16.357+0000] {dagbag.py:588} INFO - Filling up the DagBag from /home/airflow/.local/lib/python3.12/site-packages/airflow/example_dags/tutorial.py
[2025-08-25T12:47:16.365+0000] {processor.py:925} INFO - DAG(s) 'tutorial' retrieved from /home/airflow/.local/lib/python3.12/site-packages/airflow/example_dags/tutorial.py
[2025-08-25T12:47:16.396+0000] {logging_mixin.py:190} INFO - [2025-08-25T12:47:16.396+0000] {dag.py:3239} INFO - Sync 1 DAGs
[2025-08-25T12:47:16.432+0000] {logging_mixin.py:190} INFO - [2025-08-25T12:47:16.432+0000] {dag.py:4180} INFO - Setting next_dagrun for tutorial to 2025-08-24 00:00:00+00:00, run_after=2025-08-25 00:00:00+00:00
[2025-08-25T12:47:16.458+0000] {processor.py:208} INFO - Processing /home/airflow/.local/lib/python3.12/site-packages/airflow/example_dags/tutorial.py took 0.111 seconds
[2025-08-25T12:47:46.888+0000] {processor.py:186} INFO - Started process (PID=1617) to work on /home/airflow/.local/lib/python3.12/site-packages/airflow/example_dags/tutorial.py
[2025-08-25T12:47:46.889+0000] {processor.py:914} INFO - Processing file /home/airflow/.local/lib/python3.12/site-packages/airflow/example_dags/tutorial.py for tasks to queue
[2025-08-25T12:47:46.893+0000] {logging_mixin.py:190} INFO - [2025-08-25T12:47:46.892+0000] {dagbag.py:588} INFO - Filling up the DagBag from /home/airflow/.local/lib/python3.12/site-packages/airflow/example_dags/tutorial.py
[2025-08-25T12:47:46.903+0000] {processor.py:925} INFO - DAG(s) 'tutorial' retrieved from /home/airflow/.local/lib/python3.12/site-packages/airflow/example_dags/tutorial.py
[2025-08-25T12:47:46.936+0000] {logging_mixin.py:190} INFO - [2025-08-25T12:47:46.936+0000] {dag.py:3239} INFO - Sync 1 DAGs
[2025-08-25T12:47:46.977+0000] {logging_mixin.py:190} INFO - [2025-08-25T12:47:46.977+0000] {dag.py:4180} INFO - Setting next_dagrun for tutorial to 2025-08-24 00:00:00+00:00, run_after=2025-08-25 00:00:00+00:00
[2025-08-25T12:47:47.005+0000] {processor.py:208} INFO - Processing /home/airflow/.local/lib/python3.12/site-packages/airflow/example_dags/tutorial.py took 0.127 seconds
[2025-08-25T12:48:17.335+0000] {processor.py:186} INFO - Started process (PID=1681) to work on /home/airflow/.local/lib/python3.12/site-packages/airflow/example_dags/tutorial.py
[2025-08-25T12:48:17.337+0000] {processor.py:914} INFO - Processing file /home/airflow/.local/lib/python3.12/site-packages/airflow/example_dags/tutorial.py for tasks to queue
[2025-08-25T12:48:17.340+0000] {logging_mixin.py:190} INFO - [2025-08-25T12:48:17.339+0000] {dagbag.py:588} INFO - Filling up the DagBag from /home/airflow/.local/lib/python3.12/site-packages/airflow/example_dags/tutorial.py
[2025-08-25T12:48:17.351+0000] {processor.py:925} INFO - DAG(s) 'tutorial' retrieved from /home/airflow/.local/lib/python3.12/site-packages/airflow/example_dags/tutorial.py
[2025-08-25T12:48:17.376+0000] {logging_mixin.py:190} INFO - [2025-08-25T12:48:17.376+0000] {dag.py:3239} INFO - Sync 1 DAGs
[2025-08-25T12:48:17.403+0000] {logging_mixin.py:190} INFO - [2025-08-25T12:48:17.403+0000] {dag.py:4180} INFO - Setting next_dagrun for tutorial to 2025-08-24 00:00:00+00:00, run_after=2025-08-25 00:00:00+00:00
[2025-08-25T12:48:17.424+0000] {processor.py:208} INFO - Processing /home/airflow/.local/lib/python3.12/site-packages/airflow/example_dags/tutorial.py took 0.099 seconds
[2025-08-25T12:48:47.922+0000] {processor.py:186} INFO - Started process (PID=1745) to work on /home/airflow/.local/lib/python3.12/site-packages/airflow/example_dags/tutorial.py
[2025-08-25T12:48:47.924+0000] {processor.py:914} INFO - Processing file /home/airflow/.local/lib/python3.12/site-packages/airflow/example_dags/tutorial.py for tasks to queue
[2025-08-25T12:48:47.927+0000] {logging_mixin.py:190} INFO - [2025-08-25T12:48:47.927+0000] {dagbag.py:588} INFO - Filling up the DagBag from /home/airflow/.local/lib/python3.12/site-packages/airflow/example_dags/tutorial.py
[2025-08-25T12:48:47.937+0000] {processor.py:925} INFO - DAG(s) 'tutorial' retrieved from /home/airflow/.local/lib/python3.12/site-packages/airflow/example_dags/tutorial.py
[2025-08-25T12:48:47.966+0000] {logging_mixin.py:190} INFO - [2025-08-25T12:48:47.965+0000] {dag.py:3239} INFO - Sync 1 DAGs
[2025-08-25T12:48:47.997+0000] {logging_mixin.py:190} INFO - [2025-08-25T12:48:47.997+0000] {dag.py:4180} INFO - Setting next_dagrun for tutorial to 2025-08-24 00:00:00+00:00, run_after=2025-08-25 00:00:00+00:00
[2025-08-25T12:48:48.021+0000] {processor.py:208} INFO - Processing /home/airflow/.local/lib/python3.12/site-packages/airflow/example_dags/tutorial.py took 0.106 seconds
[2025-08-25T12:49:18.180+0000] {processor.py:186} INFO - Started process (PID=1809) to work on /home/airflow/.local/lib/python3.12/site-packages/airflow/example_dags/tutorial.py
[2025-08-25T12:49:18.181+0000] {processor.py:914} INFO - Processing file /home/airflow/.local/lib/python3.12/site-packages/airflow/example_dags/tutorial.py for tasks to queue
[2025-08-25T12:49:18.186+0000] {logging_mixin.py:190} INFO - [2025-08-25T12:49:18.185+0000] {dagbag.py:588} INFO - Filling up the DagBag from /home/airflow/.local/lib/python3.12/site-packages/airflow/example_dags/tutorial.py
[2025-08-25T12:49:18.196+0000] {processor.py:925} INFO - DAG(s) 'tutorial' retrieved from /home/airflow/.local/lib/python3.12/site-packages/airflow/example_dags/tutorial.py
[2025-08-25T12:49:18.222+0000] {logging_mixin.py:190} INFO - [2025-08-25T12:49:18.221+0000] {dag.py:3239} INFO - Sync 1 DAGs
[2025-08-25T12:49:18.255+0000] {logging_mixin.py:190} INFO - [2025-08-25T12:49:18.255+0000] {dag.py:4180} INFO - Setting next_dagrun for tutorial to 2025-08-24 00:00:00+00:00, run_after=2025-08-25 00:00:00+00:00
[2025-08-25T12:49:18.287+0000] {processor.py:208} INFO - Processing /home/airflow/.local/lib/python3.12/site-packages/airflow/example_dags/tutorial.py took 0.119 seconds
[2025-08-25T12:49:49.071+0000] {processor.py:186} INFO - Started process (PID=1873) to work on /home/airflow/.local/lib/python3.12/site-packages/airflow/example_dags/tutorial.py
[2025-08-25T12:49:49.073+0000] {processor.py:914} INFO - Processing file /home/airflow/.local/lib/python3.12/site-packages/airflow/example_dags/tutorial.py for tasks to queue
[2025-08-25T12:49:49.076+0000] {logging_mixin.py:190} INFO - [2025-08-25T12:49:49.075+0000] {dagbag.py:588} INFO - Filling up the DagBag from /home/airflow/.local/lib/python3.12/site-packages/airflow/example_dags/tutorial.py
[2025-08-25T12:49:49.084+0000] {processor.py:925} INFO - DAG(s) 'tutorial' retrieved from /home/airflow/.local/lib/python3.12/site-packages/airflow/example_dags/tutorial.py
[2025-08-25T12:49:49.114+0000] {logging_mixin.py:190} INFO - [2025-08-25T12:49:49.113+0000] {dag.py:3239} INFO - Sync 1 DAGs
[2025-08-25T12:49:49.147+0000] {logging_mixin.py:190} INFO - [2025-08-25T12:49:49.146+0000] {dag.py:4180} INFO - Setting next_dagrun for tutorial to 2025-08-24 00:00:00+00:00, run_after=2025-08-25 00:00:00+00:00
[2025-08-25T12:49:49.173+0000] {processor.py:208} INFO - Processing /home/airflow/.local/lib/python3.12/site-packages/airflow/example_dags/tutorial.py took 0.112 seconds
[2025-08-25T12:50:19.956+0000] {processor.py:186} INFO - Started process (PID=1937) to work on /home/airflow/.local/lib/python3.12/site-packages/airflow/example_dags/tutorial.py
[2025-08-25T12:50:19.959+0000] {processor.py:914} INFO - Processing file /home/airflow/.local/lib/python3.12/site-packages/airflow/example_dags/tutorial.py for tasks to queue
[2025-08-25T12:50:19.965+0000] {logging_mixin.py:190} INFO - [2025-08-25T12:50:19.964+0000] {dagbag.py:588} INFO - Filling up the DagBag from /home/airflow/.local/lib/python3.12/site-packages/airflow/example_dags/tutorial.py
[2025-08-25T12:50:19.980+0000] {processor.py:925} INFO - DAG(s) 'tutorial' retrieved from /home/airflow/.local/lib/python3.12/site-packages/airflow/example_dags/tutorial.py
[2025-08-25T12:50:20.016+0000] {logging_mixin.py:190} INFO - [2025-08-25T12:50:20.015+0000] {dag.py:3239} INFO - Sync 1 DAGs
[2025-08-25T12:50:20.065+0000] {logging_mixin.py:190} INFO - [2025-08-25T12:50:20.065+0000] {dag.py:4180} INFO - Setting next_dagrun for tutorial to 2025-08-24 00:00:00+00:00, run_after=2025-08-25 00:00:00+00:00
[2025-08-25T12:50:20.102+0000] {processor.py:208} INFO - Processing /home/airflow/.local/lib/python3.12/site-packages/airflow/example_dags/tutorial.py took 0.159 seconds
[2025-08-25T12:50:50.353+0000] {processor.py:186} INFO - Started process (PID=2001) to work on /home/airflow/.local/lib/python3.12/site-packages/airflow/example_dags/tutorial.py
[2025-08-25T12:50:50.354+0000] {processor.py:914} INFO - Processing file /home/airflow/.local/lib/python3.12/site-packages/airflow/example_dags/tutorial.py for tasks to queue
[2025-08-25T12:50:50.357+0000] {logging_mixin.py:190} INFO - [2025-08-25T12:50:50.357+0000] {dagbag.py:588} INFO - Filling up the DagBag from /home/airflow/.local/lib/python3.12/site-packages/airflow/example_dags/tutorial.py
[2025-08-25T12:50:50.366+0000] {processor.py:925} INFO - DAG(s) 'tutorial' retrieved from /home/airflow/.local/lib/python3.12/site-packages/airflow/example_dags/tutorial.py
[2025-08-25T12:50:50.393+0000] {logging_mixin.py:190} INFO - [2025-08-25T12:50:50.392+0000] {dag.py:3239} INFO - Sync 1 DAGs
[2025-08-25T12:50:50.428+0000] {logging_mixin.py:190} INFO - [2025-08-25T12:50:50.428+0000] {dag.py:4180} INFO - Setting next_dagrun for tutorial to 2025-08-24 00:00:00+00:00, run_after=2025-08-25 00:00:00+00:00
[2025-08-25T12:50:50.453+0000] {processor.py:208} INFO - Processing /home/airflow/.local/lib/python3.12/site-packages/airflow/example_dags/tutorial.py took 0.108 seconds
[2025-08-25T12:51:21.583+0000] {processor.py:186} INFO - Started process (PID=2065) to work on /home/airflow/.local/lib/python3.12/site-packages/airflow/example_dags/tutorial.py
[2025-08-25T12:51:21.585+0000] {processor.py:914} INFO - Processing file /home/airflow/.local/lib/python3.12/site-packages/airflow/example_dags/tutorial.py for tasks to queue
[2025-08-25T12:51:21.592+0000] {logging_mixin.py:190} INFO - [2025-08-25T12:51:21.591+0000] {dagbag.py:588} INFO - Filling up the DagBag from /home/airflow/.local/lib/python3.12/site-packages/airflow/example_dags/tutorial.py
[2025-08-25T12:51:21.607+0000] {processor.py:925} INFO - DAG(s) 'tutorial' retrieved from /home/airflow/.local/lib/python3.12/site-packages/airflow/example_dags/tutorial.py
[2025-08-25T12:51:21.649+0000] {logging_mixin.py:190} INFO - [2025-08-25T12:51:21.648+0000] {dag.py:3239} INFO - Sync 1 DAGs
[2025-08-25T12:51:21.703+0000] {logging_mixin.py:190} INFO - [2025-08-25T12:51:21.702+0000] {dag.py:4180} INFO - Setting next_dagrun for tutorial to 2025-08-24 00:00:00+00:00, run_after=2025-08-25 00:00:00+00:00
[2025-08-25T12:51:21.747+0000] {processor.py:208} INFO - Processing /home/airflow/.local/lib/python3.12/site-packages/airflow/example_dags/tutorial.py took 0.179 seconds
[2025-08-25T12:51:52.423+0000] {processor.py:186} INFO - Started process (PID=2129) to work on /home/airflow/.local/lib/python3.12/site-packages/airflow/example_dags/tutorial.py
[2025-08-25T12:51:52.426+0000] {processor.py:914} INFO - Processing file /home/airflow/.local/lib/python3.12/site-packages/airflow/example_dags/tutorial.py for tasks to queue
[2025-08-25T12:51:52.432+0000] {logging_mixin.py:190} INFO - [2025-08-25T12:51:52.431+0000] {dagbag.py:588} INFO - Filling up the DagBag from /home/airflow/.local/lib/python3.12/site-packages/airflow/example_dags/tutorial.py
[2025-08-25T12:51:52.448+0000] {processor.py:925} INFO - DAG(s) 'tutorial' retrieved from /home/airflow/.local/lib/python3.12/site-packages/airflow/example_dags/tutorial.py
[2025-08-25T12:51:52.490+0000] {logging_mixin.py:190} INFO - [2025-08-25T12:51:52.489+0000] {dag.py:3239} INFO - Sync 1 DAGs
[2025-08-25T12:51:52.535+0000] {logging_mixin.py:190} INFO - [2025-08-25T12:51:52.535+0000] {dag.py:4180} INFO - Setting next_dagrun for tutorial to 2025-08-24 00:00:00+00:00, run_after=2025-08-25 00:00:00+00:00
[2025-08-25T12:51:52.571+0000] {processor.py:208} INFO - Processing /home/airflow/.local/lib/python3.12/site-packages/airflow/example_dags/tutorial.py took 0.162 seconds
[2025-08-25T12:52:23.133+0000] {processor.py:186} INFO - Started process (PID=2193) to work on /home/airflow/.local/lib/python3.12/site-packages/airflow/example_dags/tutorial.py
[2025-08-25T12:52:23.135+0000] {processor.py:914} INFO - Processing file /home/airflow/.local/lib/python3.12/site-packages/airflow/example_dags/tutorial.py for tasks to queue
[2025-08-25T12:52:23.141+0000] {logging_mixin.py:190} INFO - [2025-08-25T12:52:23.140+0000] {dagbag.py:588} INFO - Filling up the DagBag from /home/airflow/.local/lib/python3.12/site-packages/airflow/example_dags/tutorial.py
[2025-08-25T12:52:23.159+0000] {processor.py:925} INFO - DAG(s) 'tutorial' retrieved from /home/airflow/.local/lib/python3.12/site-packages/airflow/example_dags/tutorial.py
[2025-08-25T12:52:23.200+0000] {logging_mixin.py:190} INFO - [2025-08-25T12:52:23.200+0000] {dag.py:3239} INFO - Sync 1 DAGs
[2025-08-25T12:52:23.239+0000] {logging_mixin.py:190} INFO - [2025-08-25T12:52:23.239+0000] {dag.py:4180} INFO - Setting next_dagrun for tutorial to 2025-08-24 00:00:00+00:00, run_after=2025-08-25 00:00:00+00:00
[2025-08-25T12:52:23.289+0000] {processor.py:208} INFO - Processing /home/airflow/.local/lib/python3.12/site-packages/airflow/example_dags/tutorial.py took 0.169 seconds
[2025-08-25T12:52:53.445+0000] {processor.py:186} INFO - Started process (PID=2257) to work on /home/airflow/.local/lib/python3.12/site-packages/airflow/example_dags/tutorial.py
[2025-08-25T12:52:53.446+0000] {processor.py:914} INFO - Processing file /home/airflow/.local/lib/python3.12/site-packages/airflow/example_dags/tutorial.py for tasks to queue
[2025-08-25T12:52:53.452+0000] {logging_mixin.py:190} INFO - [2025-08-25T12:52:53.451+0000] {dagbag.py:588} INFO - Filling up the DagBag from /home/airflow/.local/lib/python3.12/site-packages/airflow/example_dags/tutorial.py
[2025-08-25T12:52:53.466+0000] {processor.py:925} INFO - DAG(s) 'tutorial' retrieved from /home/airflow/.local/lib/python3.12/site-packages/airflow/example_dags/tutorial.py
[2025-08-25T12:52:53.503+0000] {logging_mixin.py:190} INFO - [2025-08-25T12:52:53.502+0000] {dag.py:3239} INFO - Sync 1 DAGs
[2025-08-25T12:52:53.531+0000] {logging_mixin.py:190} INFO - [2025-08-25T12:52:53.531+0000] {dag.py:4180} INFO - Setting next_dagrun for tutorial to 2025-08-24 00:00:00+00:00, run_after=2025-08-25 00:00:00+00:00
[2025-08-25T12:52:53.563+0000] {processor.py:208} INFO - Processing /home/airflow/.local/lib/python3.12/site-packages/airflow/example_dags/tutorial.py took 0.132 seconds
[2025-08-25T12:53:24.466+0000] {processor.py:186} INFO - Started process (PID=2321) to work on /home/airflow/.local/lib/python3.12/site-packages/airflow/example_dags/tutorial.py
[2025-08-25T12:53:24.467+0000] {processor.py:914} INFO - Processing file /home/airflow/.local/lib/python3.12/site-packages/airflow/example_dags/tutorial.py for tasks to queue
[2025-08-25T12:53:24.471+0000] {logging_mixin.py:190} INFO - [2025-08-25T12:53:24.471+0000] {dagbag.py:588} INFO - Filling up the DagBag from /home/airflow/.local/lib/python3.12/site-packages/airflow/example_dags/tutorial.py
[2025-08-25T12:53:24.482+0000] {processor.py:925} INFO - DAG(s) 'tutorial' retrieved from /home/airflow/.local/lib/python3.12/site-packages/airflow/example_dags/tutorial.py
[2025-08-25T12:53:24.515+0000] {logging_mixin.py:190} INFO - [2025-08-25T12:53:24.515+0000] {dag.py:3239} INFO - Sync 1 DAGs
[2025-08-25T12:53:24.567+0000] {logging_mixin.py:190} INFO - [2025-08-25T12:53:24.566+0000] {dag.py:4180} INFO - Setting next_dagrun for tutorial to 2025-08-24 00:00:00+00:00, run_after=2025-08-25 00:00:00+00:00
[2025-08-25T12:53:24.604+0000] {processor.py:208} INFO - Processing /home/airflow/.local/lib/python3.12/site-packages/airflow/example_dags/tutorial.py took 0.146 seconds
[2025-08-25T12:53:55.079+0000] {processor.py:186} INFO - Started process (PID=2384) to work on /home/airflow/.local/lib/python3.12/site-packages/airflow/example_dags/tutorial.py
[2025-08-25T12:53:55.082+0000] {processor.py:914} INFO - Processing file /home/airflow/.local/lib/python3.12/site-packages/airflow/example_dags/tutorial.py for tasks to queue
[2025-08-25T12:53:55.086+0000] {logging_mixin.py:190} INFO - [2025-08-25T12:53:55.085+0000] {dagbag.py:588} INFO - Filling up the DagBag from /home/airflow/.local/lib/python3.12/site-packages/airflow/example_dags/tutorial.py
[2025-08-25T12:53:55.098+0000] {processor.py:925} INFO - DAG(s) 'tutorial' retrieved from /home/airflow/.local/lib/python3.12/site-packages/airflow/example_dags/tutorial.py
[2025-08-25T12:53:55.129+0000] {logging_mixin.py:190} INFO - [2025-08-25T12:53:55.129+0000] {dag.py:3239} INFO - Sync 1 DAGs
[2025-08-25T12:53:55.166+0000] {logging_mixin.py:190} INFO - [2025-08-25T12:53:55.166+0000] {dag.py:4180} INFO - Setting next_dagrun for tutorial to 2025-08-24 00:00:00+00:00, run_after=2025-08-25 00:00:00+00:00
[2025-08-25T12:53:55.197+0000] {processor.py:208} INFO - Processing /home/airflow/.local/lib/python3.12/site-packages/airflow/example_dags/tutorial.py took 0.126 seconds
[2025-08-25T12:54:25.994+0000] {processor.py:186} INFO - Started process (PID=2449) to work on /home/airflow/.local/lib/python3.12/site-packages/airflow/example_dags/tutorial.py
[2025-08-25T12:54:25.995+0000] {processor.py:914} INFO - Processing file /home/airflow/.local/lib/python3.12/site-packages/airflow/example_dags/tutorial.py for tasks to queue
[2025-08-25T12:54:25.998+0000] {logging_mixin.py:190} INFO - [2025-08-25T12:54:25.998+0000] {dagbag.py:588} INFO - Filling up the DagBag from /home/airflow/.local/lib/python3.12/site-packages/airflow/example_dags/tutorial.py
[2025-08-25T12:54:26.007+0000] {processor.py:925} INFO - DAG(s) 'tutorial' retrieved from /home/airflow/.local/lib/python3.12/site-packages/airflow/example_dags/tutorial.py
[2025-08-25T12:54:26.033+0000] {logging_mixin.py:190} INFO - [2025-08-25T12:54:26.033+0000] {dag.py:3239} INFO - Sync 1 DAGs
[2025-08-25T12:54:26.063+0000] {logging_mixin.py:190} INFO - [2025-08-25T12:54:26.063+0000] {dag.py:4180} INFO - Setting next_dagrun for tutorial to 2025-08-24 00:00:00+00:00, run_after=2025-08-25 00:00:00+00:00
[2025-08-25T12:54:26.092+0000] {processor.py:208} INFO - Processing /home/airflow/.local/lib/python3.12/site-packages/airflow/example_dags/tutorial.py took 0.107 seconds
[2025-08-25T12:54:56.843+0000] {processor.py:186} INFO - Started process (PID=2513) to work on /home/airflow/.local/lib/python3.12/site-packages/airflow/example_dags/tutorial.py
[2025-08-25T12:54:56.845+0000] {processor.py:914} INFO - Processing file /home/airflow/.local/lib/python3.12/site-packages/airflow/example_dags/tutorial.py for tasks to queue
[2025-08-25T12:54:56.849+0000] {logging_mixin.py:190} INFO - [2025-08-25T12:54:56.848+0000] {dagbag.py:588} INFO - Filling up the DagBag from /home/airflow/.local/lib/python3.12/site-packages/airflow/example_dags/tutorial.py
[2025-08-25T12:54:56.860+0000] {processor.py:925} INFO - DAG(s) 'tutorial' retrieved from /home/airflow/.local/lib/python3.12/site-packages/airflow/example_dags/tutorial.py
[2025-08-25T12:54:56.891+0000] {logging_mixin.py:190} INFO - [2025-08-25T12:54:56.890+0000] {dag.py:3239} INFO - Sync 1 DAGs
[2025-08-25T12:54:56.929+0000] {logging_mixin.py:190} INFO - [2025-08-25T12:54:56.929+0000] {dag.py:4180} INFO - Setting next_dagrun for tutorial to 2025-08-24 00:00:00+00:00, run_after=2025-08-25 00:00:00+00:00
[2025-08-25T12:54:56.961+0000] {processor.py:208} INFO - Processing /home/airflow/.local/lib/python3.12/site-packages/airflow/example_dags/tutorial.py took 0.126 seconds
[2025-08-25T12:55:27.746+0000] {processor.py:186} INFO - Started process (PID=2577) to work on /home/airflow/.local/lib/python3.12/site-packages/airflow/example_dags/tutorial.py
[2025-08-25T12:55:27.747+0000] {processor.py:914} INFO - Processing file /home/airflow/.local/lib/python3.12/site-packages/airflow/example_dags/tutorial.py for tasks to queue
[2025-08-25T12:55:27.750+0000] {logging_mixin.py:190} INFO - [2025-08-25T12:55:27.749+0000] {dagbag.py:588} INFO - Filling up the DagBag from /home/airflow/.local/lib/python3.12/site-packages/airflow/example_dags/tutorial.py
[2025-08-25T12:55:27.757+0000] {processor.py:925} INFO - DAG(s) 'tutorial' retrieved from /home/airflow/.local/lib/python3.12/site-packages/airflow/example_dags/tutorial.py
[2025-08-25T12:55:27.778+0000] {logging_mixin.py:190} INFO - [2025-08-25T12:55:27.778+0000] {dag.py:3239} INFO - Sync 1 DAGs
[2025-08-25T12:55:27.801+0000] {logging_mixin.py:190} INFO - [2025-08-25T12:55:27.801+0000] {dag.py:4180} INFO - Setting next_dagrun for tutorial to 2025-08-24 00:00:00+00:00, run_after=2025-08-25 00:00:00+00:00
[2025-08-25T12:55:27.824+0000] {processor.py:208} INFO - Processing /home/airflow/.local/lib/python3.12/site-packages/airflow/example_dags/tutorial.py took 0.086 seconds
[2025-08-25T12:55:58.311+0000] {processor.py:186} INFO - Started process (PID=2640) to work on /home/airflow/.local/lib/python3.12/site-packages/airflow/example_dags/tutorial.py
[2025-08-25T12:55:58.314+0000] {processor.py:914} INFO - Processing file /home/airflow/.local/lib/python3.12/site-packages/airflow/example_dags/tutorial.py for tasks to queue
[2025-08-25T12:55:58.321+0000] {logging_mixin.py:190} INFO - [2025-08-25T12:55:58.320+0000] {dagbag.py:588} INFO - Filling up the DagBag from /home/airflow/.local/lib/python3.12/site-packages/airflow/example_dags/tutorial.py
[2025-08-25T12:55:58.341+0000] {processor.py:925} INFO - DAG(s) 'tutorial' retrieved from /home/airflow/.local/lib/python3.12/site-packages/airflow/example_dags/tutorial.py
[2025-08-25T12:55:58.378+0000] {logging_mixin.py:190} INFO - [2025-08-25T12:55:58.377+0000] {dag.py:3239} INFO - Sync 1 DAGs
[2025-08-25T12:55:58.416+0000] {logging_mixin.py:190} INFO - [2025-08-25T12:55:58.416+0000] {dag.py:4180} INFO - Setting next_dagrun for tutorial to 2025-08-24 00:00:00+00:00, run_after=2025-08-25 00:00:00+00:00
[2025-08-25T12:55:58.450+0000] {processor.py:208} INFO - Processing /home/airflow/.local/lib/python3.12/site-packages/airflow/example_dags/tutorial.py took 0.152 seconds
[2025-08-25T12:56:28.532+0000] {processor.py:186} INFO - Started process (PID=2704) to work on /home/airflow/.local/lib/python3.12/site-packages/airflow/example_dags/tutorial.py
[2025-08-25T12:56:28.534+0000] {processor.py:914} INFO - Processing file /home/airflow/.local/lib/python3.12/site-packages/airflow/example_dags/tutorial.py for tasks to queue
[2025-08-25T12:56:28.537+0000] {logging_mixin.py:190} INFO - [2025-08-25T12:56:28.537+0000] {dagbag.py:588} INFO - Filling up the DagBag from /home/airflow/.local/lib/python3.12/site-packages/airflow/example_dags/tutorial.py
[2025-08-25T12:56:28.546+0000] {processor.py:925} INFO - DAG(s) 'tutorial' retrieved from /home/airflow/.local/lib/python3.12/site-packages/airflow/example_dags/tutorial.py
[2025-08-25T12:56:28.572+0000] {logging_mixin.py:190} INFO - [2025-08-25T12:56:28.572+0000] {dag.py:3239} INFO - Sync 1 DAGs
[2025-08-25T12:56:28.601+0000] {logging_mixin.py:190} INFO - [2025-08-25T12:56:28.600+0000] {dag.py:4180} INFO - Setting next_dagrun for tutorial to 2025-08-24 00:00:00+00:00, run_after=2025-08-25 00:00:00+00:00
[2025-08-25T12:56:28.624+0000] {processor.py:208} INFO - Processing /home/airflow/.local/lib/python3.12/site-packages/airflow/example_dags/tutorial.py took 0.100 seconds
[2025-08-25T12:56:59.510+0000] {processor.py:186} INFO - Started process (PID=2768) to work on /home/airflow/.local/lib/python3.12/site-packages/airflow/example_dags/tutorial.py
[2025-08-25T12:56:59.512+0000] {processor.py:914} INFO - Processing file /home/airflow/.local/lib/python3.12/site-packages/airflow/example_dags/tutorial.py for tasks to queue
[2025-08-25T12:56:59.515+0000] {logging_mixin.py:190} INFO - [2025-08-25T12:56:59.515+0000] {dagbag.py:588} INFO - Filling up the DagBag from /home/airflow/.local/lib/python3.12/site-packages/airflow/example_dags/tutorial.py
[2025-08-25T12:56:59.524+0000] {processor.py:925} INFO - DAG(s) 'tutorial' retrieved from /home/airflow/.local/lib/python3.12/site-packages/airflow/example_dags/tutorial.py
[2025-08-25T12:56:59.552+0000] {logging_mixin.py:190} INFO - [2025-08-25T12:56:59.552+0000] {dag.py:3239} INFO - Sync 1 DAGs
[2025-08-25T12:56:59.583+0000] {logging_mixin.py:190} INFO - [2025-08-25T12:56:59.582+0000] {dag.py:4180} INFO - Setting next_dagrun for tutorial to 2025-08-24 00:00:00+00:00, run_after=2025-08-25 00:00:00+00:00
[2025-08-25T12:56:59.609+0000] {processor.py:208} INFO - Processing /home/airflow/.local/lib/python3.12/site-packages/airflow/example_dags/tutorial.py took 0.108 seconds
