[2025-08-25T12:35:40.892+0000] {processor.py:186} INFO - Started process (PID=123) to work on /home/airflow/.local/lib/python3.12/site-packages/airflow/example_dags/tutorial_taskflow_api.py
[2025-08-25T12:35:40.894+0000] {processor.py:914} INFO - Processing file /home/airflow/.local/lib/python3.12/site-packages/airflow/example_dags/tutorial_taskflow_api.py for tasks to queue
[2025-08-25T12:35:40.897+0000] {logging_mixin.py:190} INFO - [2025-08-25T12:35:40.896+0000] {dagbag.py:588} INFO - Filling up the DagBag from /home/airflow/.local/lib/python3.12/site-packages/airflow/example_dags/tutorial_taskflow_api.py
[2025-08-25T12:35:40.908+0000] {processor.py:925} INFO - DAG(s) 'tutorial_taskflow_api' retrieved from /home/airflow/.local/lib/python3.12/site-packages/airflow/example_dags/tutorial_taskflow_api.py
[2025-08-25T12:35:41.036+0000] {logging_mixin.py:190} INFO - [2025-08-25T12:35:41.035+0000] {override.py:1900} INFO - Created Permission View: can read on DAG:tutorial_taskflow_api
[2025-08-25T12:35:41.052+0000] {logging_mixin.py:190} INFO - [2025-08-25T12:35:41.052+0000] {override.py:1900} INFO - Created Permission View: can delete on DAG:tutorial_taskflow_api
[2025-08-25T12:35:41.062+0000] {logging_mixin.py:190} INFO - [2025-08-25T12:35:41.062+0000] {override.py:1900} INFO - Created Permission View: can edit on DAG:tutorial_taskflow_api
[2025-08-25T12:35:41.072+0000] {logging_mixin.py:190} INFO - [2025-08-25T12:35:41.072+0000] {override.py:1900} INFO - Created Permission View: can read on DAG Run:tutorial_taskflow_api
[2025-08-25T12:35:41.083+0000] {logging_mixin.py:190} INFO - [2025-08-25T12:35:41.083+0000] {override.py:1900} INFO - Created Permission View: menu access on DAG Run:tutorial_taskflow_api
[2025-08-25T12:35:41.092+0000] {logging_mixin.py:190} INFO - [2025-08-25T12:35:41.092+0000] {override.py:1900} INFO - Created Permission View: can delete on DAG Run:tutorial_taskflow_api
[2025-08-25T12:35:41.102+0000] {logging_mixin.py:190} INFO - [2025-08-25T12:35:41.101+0000] {override.py:1900} INFO - Created Permission View: can create on DAG Run:tutorial_taskflow_api
[2025-08-25T12:35:41.102+0000] {logging_mixin.py:190} INFO - [2025-08-25T12:35:41.102+0000] {dag.py:3239} INFO - Sync 1 DAGs
[2025-08-25T12:35:41.120+0000] {logging_mixin.py:190} INFO - [2025-08-25T12:35:41.119+0000] {dag.py:3262} INFO - Creating ORM DAG for tutorial_taskflow_api
[2025-08-25T12:35:41.121+0000] {logging_mixin.py:190} INFO - [2025-08-25T12:35:41.121+0000] {dag.py:4180} INFO - Setting next_dagrun for tutorial_taskflow_api to None, run_after=None
[2025-08-25T12:35:41.144+0000] {processor.py:208} INFO - Processing /home/airflow/.local/lib/python3.12/site-packages/airflow/example_dags/tutorial_taskflow_api.py took 0.261 seconds
[2025-08-25T12:36:11.761+0000] {processor.py:186} INFO - Started process (PID=188) to work on /home/airflow/.local/lib/python3.12/site-packages/airflow/example_dags/tutorial_taskflow_api.py
[2025-08-25T12:36:11.762+0000] {processor.py:914} INFO - Processing file /home/airflow/.local/lib/python3.12/site-packages/airflow/example_dags/tutorial_taskflow_api.py for tasks to queue
[2025-08-25T12:36:11.764+0000] {logging_mixin.py:190} INFO - [2025-08-25T12:36:11.763+0000] {dagbag.py:588} INFO - Filling up the DagBag from /home/airflow/.local/lib/python3.12/site-packages/airflow/example_dags/tutorial_taskflow_api.py
[2025-08-25T12:36:11.772+0000] {processor.py:925} INFO - DAG(s) 'tutorial_taskflow_api' retrieved from /home/airflow/.local/lib/python3.12/site-packages/airflow/example_dags/tutorial_taskflow_api.py
[2025-08-25T12:36:11.800+0000] {logging_mixin.py:190} INFO - [2025-08-25T12:36:11.800+0000] {dag.py:3239} INFO - Sync 1 DAGs
[2025-08-25T12:36:11.821+0000] {logging_mixin.py:190} INFO - [2025-08-25T12:36:11.821+0000] {dag.py:4180} INFO - Setting next_dagrun for tutorial_taskflow_api to None, run_after=None
[2025-08-25T12:36:11.847+0000] {processor.py:208} INFO - Processing /home/airflow/.local/lib/python3.12/site-packages/airflow/example_dags/tutorial_taskflow_api.py took 0.092 seconds
[2025-08-25T12:36:42.554+0000] {processor.py:186} INFO - Started process (PID=251) to work on /home/airflow/.local/lib/python3.12/site-packages/airflow/example_dags/tutorial_taskflow_api.py
[2025-08-25T12:36:42.556+0000] {processor.py:914} INFO - Processing file /home/airflow/.local/lib/python3.12/site-packages/airflow/example_dags/tutorial_taskflow_api.py for tasks to queue
[2025-08-25T12:36:42.560+0000] {logging_mixin.py:190} INFO - [2025-08-25T12:36:42.559+0000] {dagbag.py:588} INFO - Filling up the DagBag from /home/airflow/.local/lib/python3.12/site-packages/airflow/example_dags/tutorial_taskflow_api.py
[2025-08-25T12:36:42.576+0000] {processor.py:925} INFO - DAG(s) 'tutorial_taskflow_api' retrieved from /home/airflow/.local/lib/python3.12/site-packages/airflow/example_dags/tutorial_taskflow_api.py
[2025-08-25T12:36:42.612+0000] {logging_mixin.py:190} INFO - [2025-08-25T12:36:42.611+0000] {dag.py:3239} INFO - Sync 1 DAGs
[2025-08-25T12:36:42.640+0000] {logging_mixin.py:190} INFO - [2025-08-25T12:36:42.640+0000] {dag.py:4180} INFO - Setting next_dagrun for tutorial_taskflow_api to None, run_after=None
[2025-08-25T12:36:42.673+0000] {processor.py:208} INFO - Processing /home/airflow/.local/lib/python3.12/site-packages/airflow/example_dags/tutorial_taskflow_api.py took 0.129 seconds
[2025-08-25T12:37:13.518+0000] {processor.py:186} INFO - Started process (PID=315) to work on /home/airflow/.local/lib/python3.12/site-packages/airflow/example_dags/tutorial_taskflow_api.py
[2025-08-25T12:37:13.520+0000] {processor.py:914} INFO - Processing file /home/airflow/.local/lib/python3.12/site-packages/airflow/example_dags/tutorial_taskflow_api.py for tasks to queue
[2025-08-25T12:37:13.524+0000] {logging_mixin.py:190} INFO - [2025-08-25T12:37:13.524+0000] {dagbag.py:588} INFO - Filling up the DagBag from /home/airflow/.local/lib/python3.12/site-packages/airflow/example_dags/tutorial_taskflow_api.py
[2025-08-25T12:37:13.535+0000] {processor.py:925} INFO - DAG(s) 'tutorial_taskflow_api' retrieved from /home/airflow/.local/lib/python3.12/site-packages/airflow/example_dags/tutorial_taskflow_api.py
[2025-08-25T12:37:13.569+0000] {logging_mixin.py:190} INFO - [2025-08-25T12:37:13.569+0000] {dag.py:3239} INFO - Sync 1 DAGs
[2025-08-25T12:37:13.589+0000] {logging_mixin.py:190} INFO - [2025-08-25T12:37:13.589+0000] {dag.py:4180} INFO - Setting next_dagrun for tutorial_taskflow_api to None, run_after=None
[2025-08-25T12:37:13.618+0000] {processor.py:208} INFO - Processing /home/airflow/.local/lib/python3.12/site-packages/airflow/example_dags/tutorial_taskflow_api.py took 0.112 seconds
[2025-08-25T12:37:44.522+0000] {processor.py:186} INFO - Started process (PID=379) to work on /home/airflow/.local/lib/python3.12/site-packages/airflow/example_dags/tutorial_taskflow_api.py
[2025-08-25T12:37:44.523+0000] {processor.py:914} INFO - Processing file /home/airflow/.local/lib/python3.12/site-packages/airflow/example_dags/tutorial_taskflow_api.py for tasks to queue
[2025-08-25T12:37:44.526+0000] {logging_mixin.py:190} INFO - [2025-08-25T12:37:44.525+0000] {dagbag.py:588} INFO - Filling up the DagBag from /home/airflow/.local/lib/python3.12/site-packages/airflow/example_dags/tutorial_taskflow_api.py
[2025-08-25T12:37:44.536+0000] {processor.py:925} INFO - DAG(s) 'tutorial_taskflow_api' retrieved from /home/airflow/.local/lib/python3.12/site-packages/airflow/example_dags/tutorial_taskflow_api.py
[2025-08-25T12:37:44.561+0000] {logging_mixin.py:190} INFO - [2025-08-25T12:37:44.561+0000] {dag.py:3239} INFO - Sync 1 DAGs
[2025-08-25T12:37:44.577+0000] {logging_mixin.py:190} INFO - [2025-08-25T12:37:44.576+0000] {dag.py:4180} INFO - Setting next_dagrun for tutorial_taskflow_api to None, run_after=None
[2025-08-25T12:37:44.598+0000] {processor.py:208} INFO - Processing /home/airflow/.local/lib/python3.12/site-packages/airflow/example_dags/tutorial_taskflow_api.py took 0.084 seconds
[2025-08-25T12:38:15.312+0000] {processor.py:186} INFO - Started process (PID=443) to work on /home/airflow/.local/lib/python3.12/site-packages/airflow/example_dags/tutorial_taskflow_api.py
[2025-08-25T12:38:15.313+0000] {processor.py:914} INFO - Processing file /home/airflow/.local/lib/python3.12/site-packages/airflow/example_dags/tutorial_taskflow_api.py for tasks to queue
[2025-08-25T12:38:15.316+0000] {logging_mixin.py:190} INFO - [2025-08-25T12:38:15.316+0000] {dagbag.py:588} INFO - Filling up the DagBag from /home/airflow/.local/lib/python3.12/site-packages/airflow/example_dags/tutorial_taskflow_api.py
[2025-08-25T12:38:15.328+0000] {processor.py:925} INFO - DAG(s) 'tutorial_taskflow_api' retrieved from /home/airflow/.local/lib/python3.12/site-packages/airflow/example_dags/tutorial_taskflow_api.py
[2025-08-25T12:38:15.357+0000] {logging_mixin.py:190} INFO - [2025-08-25T12:38:15.357+0000] {dag.py:3239} INFO - Sync 1 DAGs
[2025-08-25T12:38:15.379+0000] {logging_mixin.py:190} INFO - [2025-08-25T12:38:15.379+0000] {dag.py:4180} INFO - Setting next_dagrun for tutorial_taskflow_api to None, run_after=None
[2025-08-25T12:38:15.406+0000] {processor.py:208} INFO - Processing /home/airflow/.local/lib/python3.12/site-packages/airflow/example_dags/tutorial_taskflow_api.py took 0.104 seconds
[2025-08-25T12:38:45.880+0000] {processor.py:186} INFO - Started process (PID=507) to work on /home/airflow/.local/lib/python3.12/site-packages/airflow/example_dags/tutorial_taskflow_api.py
[2025-08-25T12:38:45.881+0000] {processor.py:914} INFO - Processing file /home/airflow/.local/lib/python3.12/site-packages/airflow/example_dags/tutorial_taskflow_api.py for tasks to queue
[2025-08-25T12:38:45.884+0000] {logging_mixin.py:190} INFO - [2025-08-25T12:38:45.884+0000] {dagbag.py:588} INFO - Filling up the DagBag from /home/airflow/.local/lib/python3.12/site-packages/airflow/example_dags/tutorial_taskflow_api.py
[2025-08-25T12:38:45.894+0000] {processor.py:925} INFO - DAG(s) 'tutorial_taskflow_api' retrieved from /home/airflow/.local/lib/python3.12/site-packages/airflow/example_dags/tutorial_taskflow_api.py
[2025-08-25T12:38:45.921+0000] {logging_mixin.py:190} INFO - [2025-08-25T12:38:45.920+0000] {dag.py:3239} INFO - Sync 1 DAGs
[2025-08-25T12:38:45.941+0000] {logging_mixin.py:190} INFO - [2025-08-25T12:38:45.941+0000] {dag.py:4180} INFO - Setting next_dagrun for tutorial_taskflow_api to None, run_after=None
[2025-08-25T12:38:45.970+0000] {processor.py:208} INFO - Processing /home/airflow/.local/lib/python3.12/site-packages/airflow/example_dags/tutorial_taskflow_api.py took 0.097 seconds
[2025-08-25T12:39:16.272+0000] {processor.py:186} INFO - Started process (PID=572) to work on /home/airflow/.local/lib/python3.12/site-packages/airflow/example_dags/tutorial_taskflow_api.py
[2025-08-25T12:39:16.273+0000] {processor.py:914} INFO - Processing file /home/airflow/.local/lib/python3.12/site-packages/airflow/example_dags/tutorial_taskflow_api.py for tasks to queue
[2025-08-25T12:39:16.276+0000] {logging_mixin.py:190} INFO - [2025-08-25T12:39:16.275+0000] {dagbag.py:588} INFO - Filling up the DagBag from /home/airflow/.local/lib/python3.12/site-packages/airflow/example_dags/tutorial_taskflow_api.py
[2025-08-25T12:39:16.286+0000] {processor.py:925} INFO - DAG(s) 'tutorial_taskflow_api' retrieved from /home/airflow/.local/lib/python3.12/site-packages/airflow/example_dags/tutorial_taskflow_api.py
[2025-08-25T12:39:16.310+0000] {logging_mixin.py:190} INFO - [2025-08-25T12:39:16.310+0000] {dag.py:3239} INFO - Sync 1 DAGs
[2025-08-25T12:39:16.325+0000] {logging_mixin.py:190} INFO - [2025-08-25T12:39:16.325+0000] {dag.py:4180} INFO - Setting next_dagrun for tutorial_taskflow_api to None, run_after=None
[2025-08-25T12:39:16.343+0000] {processor.py:208} INFO - Processing /home/airflow/.local/lib/python3.12/site-packages/airflow/example_dags/tutorial_taskflow_api.py took 0.078 seconds
[2025-08-25T12:39:46.653+0000] {processor.py:186} INFO - Started process (PID=636) to work on /home/airflow/.local/lib/python3.12/site-packages/airflow/example_dags/tutorial_taskflow_api.py
[2025-08-25T12:39:46.655+0000] {processor.py:914} INFO - Processing file /home/airflow/.local/lib/python3.12/site-packages/airflow/example_dags/tutorial_taskflow_api.py for tasks to queue
[2025-08-25T12:39:46.660+0000] {logging_mixin.py:190} INFO - [2025-08-25T12:39:46.659+0000] {dagbag.py:588} INFO - Filling up the DagBag from /home/airflow/.local/lib/python3.12/site-packages/airflow/example_dags/tutorial_taskflow_api.py
[2025-08-25T12:39:46.677+0000] {processor.py:925} INFO - DAG(s) 'tutorial_taskflow_api' retrieved from /home/airflow/.local/lib/python3.12/site-packages/airflow/example_dags/tutorial_taskflow_api.py
[2025-08-25T12:39:46.718+0000] {logging_mixin.py:190} INFO - [2025-08-25T12:39:46.718+0000] {dag.py:3239} INFO - Sync 1 DAGs
[2025-08-25T12:39:46.740+0000] {logging_mixin.py:190} INFO - [2025-08-25T12:39:46.739+0000] {dag.py:4180} INFO - Setting next_dagrun for tutorial_taskflow_api to None, run_after=None
[2025-08-25T12:39:46.775+0000] {processor.py:208} INFO - Processing /home/airflow/.local/lib/python3.12/site-packages/airflow/example_dags/tutorial_taskflow_api.py took 0.137 seconds
[2025-08-25T12:40:17.025+0000] {processor.py:186} INFO - Started process (PID=699) to work on /home/airflow/.local/lib/python3.12/site-packages/airflow/example_dags/tutorial_taskflow_api.py
[2025-08-25T12:40:17.026+0000] {processor.py:914} INFO - Processing file /home/airflow/.local/lib/python3.12/site-packages/airflow/example_dags/tutorial_taskflow_api.py for tasks to queue
[2025-08-25T12:40:17.028+0000] {logging_mixin.py:190} INFO - [2025-08-25T12:40:17.028+0000] {dagbag.py:588} INFO - Filling up the DagBag from /home/airflow/.local/lib/python3.12/site-packages/airflow/example_dags/tutorial_taskflow_api.py
[2025-08-25T12:40:17.038+0000] {processor.py:925} INFO - DAG(s) 'tutorial_taskflow_api' retrieved from /home/airflow/.local/lib/python3.12/site-packages/airflow/example_dags/tutorial_taskflow_api.py
[2025-08-25T12:40:17.069+0000] {logging_mixin.py:190} INFO - [2025-08-25T12:40:17.068+0000] {dag.py:3239} INFO - Sync 1 DAGs
[2025-08-25T12:40:17.096+0000] {logging_mixin.py:190} INFO - [2025-08-25T12:40:17.095+0000] {dag.py:4180} INFO - Setting next_dagrun for tutorial_taskflow_api to None, run_after=None
[2025-08-25T12:40:17.128+0000] {processor.py:208} INFO - Processing /home/airflow/.local/lib/python3.12/site-packages/airflow/example_dags/tutorial_taskflow_api.py took 0.112 seconds
[2025-08-25T12:40:47.858+0000] {processor.py:186} INFO - Started process (PID=766) to work on /home/airflow/.local/lib/python3.12/site-packages/airflow/example_dags/tutorial_taskflow_api.py
[2025-08-25T12:40:47.859+0000] {processor.py:914} INFO - Processing file /home/airflow/.local/lib/python3.12/site-packages/airflow/example_dags/tutorial_taskflow_api.py for tasks to queue
[2025-08-25T12:40:47.862+0000] {logging_mixin.py:190} INFO - [2025-08-25T12:40:47.862+0000] {dagbag.py:588} INFO - Filling up the DagBag from /home/airflow/.local/lib/python3.12/site-packages/airflow/example_dags/tutorial_taskflow_api.py
[2025-08-25T12:40:47.874+0000] {processor.py:925} INFO - DAG(s) 'tutorial_taskflow_api' retrieved from /home/airflow/.local/lib/python3.12/site-packages/airflow/example_dags/tutorial_taskflow_api.py
[2025-08-25T12:40:47.906+0000] {logging_mixin.py:190} INFO - [2025-08-25T12:40:47.906+0000] {dag.py:3239} INFO - Sync 1 DAGs
[2025-08-25T12:40:47.928+0000] {logging_mixin.py:190} INFO - [2025-08-25T12:40:47.928+0000] {dag.py:4180} INFO - Setting next_dagrun for tutorial_taskflow_api to None, run_after=None
[2025-08-25T12:40:47.960+0000] {processor.py:208} INFO - Processing /home/airflow/.local/lib/python3.12/site-packages/airflow/example_dags/tutorial_taskflow_api.py took 0.111 seconds
[2025-08-25T12:41:18.526+0000] {processor.py:186} INFO - Started process (PID=830) to work on /home/airflow/.local/lib/python3.12/site-packages/airflow/example_dags/tutorial_taskflow_api.py
[2025-08-25T12:41:18.527+0000] {processor.py:914} INFO - Processing file /home/airflow/.local/lib/python3.12/site-packages/airflow/example_dags/tutorial_taskflow_api.py for tasks to queue
[2025-08-25T12:41:18.530+0000] {logging_mixin.py:190} INFO - [2025-08-25T12:41:18.529+0000] {dagbag.py:588} INFO - Filling up the DagBag from /home/airflow/.local/lib/python3.12/site-packages/airflow/example_dags/tutorial_taskflow_api.py
[2025-08-25T12:41:18.540+0000] {processor.py:925} INFO - DAG(s) 'tutorial_taskflow_api' retrieved from /home/airflow/.local/lib/python3.12/site-packages/airflow/example_dags/tutorial_taskflow_api.py
[2025-08-25T12:41:18.567+0000] {logging_mixin.py:190} INFO - [2025-08-25T12:41:18.566+0000] {dag.py:3239} INFO - Sync 1 DAGs
[2025-08-25T12:41:18.584+0000] {logging_mixin.py:190} INFO - [2025-08-25T12:41:18.584+0000] {dag.py:4180} INFO - Setting next_dagrun for tutorial_taskflow_api to None, run_after=None
[2025-08-25T12:41:18.610+0000] {processor.py:208} INFO - Processing /home/airflow/.local/lib/python3.12/site-packages/airflow/example_dags/tutorial_taskflow_api.py took 0.092 seconds
[2025-08-25T12:41:49.144+0000] {processor.py:186} INFO - Started process (PID=894) to work on /home/airflow/.local/lib/python3.12/site-packages/airflow/example_dags/tutorial_taskflow_api.py
[2025-08-25T12:41:49.146+0000] {processor.py:914} INFO - Processing file /home/airflow/.local/lib/python3.12/site-packages/airflow/example_dags/tutorial_taskflow_api.py for tasks to queue
[2025-08-25T12:41:49.149+0000] {logging_mixin.py:190} INFO - [2025-08-25T12:41:49.148+0000] {dagbag.py:588} INFO - Filling up the DagBag from /home/airflow/.local/lib/python3.12/site-packages/airflow/example_dags/tutorial_taskflow_api.py
[2025-08-25T12:41:49.159+0000] {processor.py:925} INFO - DAG(s) 'tutorial_taskflow_api' retrieved from /home/airflow/.local/lib/python3.12/site-packages/airflow/example_dags/tutorial_taskflow_api.py
[2025-08-25T12:41:49.187+0000] {logging_mixin.py:190} INFO - [2025-08-25T12:41:49.186+0000] {dag.py:3239} INFO - Sync 1 DAGs
[2025-08-25T12:41:49.204+0000] {logging_mixin.py:190} INFO - [2025-08-25T12:41:49.204+0000] {dag.py:4180} INFO - Setting next_dagrun for tutorial_taskflow_api to None, run_after=None
[2025-08-25T12:41:49.230+0000] {processor.py:208} INFO - Processing /home/airflow/.local/lib/python3.12/site-packages/airflow/example_dags/tutorial_taskflow_api.py took 0.095 seconds
[2025-08-25T12:42:20.111+0000] {processor.py:186} INFO - Started process (PID=958) to work on /home/airflow/.local/lib/python3.12/site-packages/airflow/example_dags/tutorial_taskflow_api.py
[2025-08-25T12:42:20.113+0000] {processor.py:914} INFO - Processing file /home/airflow/.local/lib/python3.12/site-packages/airflow/example_dags/tutorial_taskflow_api.py for tasks to queue
[2025-08-25T12:42:20.117+0000] {logging_mixin.py:190} INFO - [2025-08-25T12:42:20.116+0000] {dagbag.py:588} INFO - Filling up the DagBag from /home/airflow/.local/lib/python3.12/site-packages/airflow/example_dags/tutorial_taskflow_api.py
[2025-08-25T12:42:20.130+0000] {processor.py:925} INFO - DAG(s) 'tutorial_taskflow_api' retrieved from /home/airflow/.local/lib/python3.12/site-packages/airflow/example_dags/tutorial_taskflow_api.py
[2025-08-25T12:42:20.164+0000] {logging_mixin.py:190} INFO - [2025-08-25T12:42:20.163+0000] {dag.py:3239} INFO - Sync 1 DAGs
[2025-08-25T12:42:20.188+0000] {logging_mixin.py:190} INFO - [2025-08-25T12:42:20.187+0000] {dag.py:4180} INFO - Setting next_dagrun for tutorial_taskflow_api to None, run_after=None
[2025-08-25T12:42:20.221+0000] {processor.py:208} INFO - Processing /home/airflow/.local/lib/python3.12/site-packages/airflow/example_dags/tutorial_taskflow_api.py took 0.120 seconds
[2025-08-25T12:42:50.814+0000] {processor.py:186} INFO - Started process (PID=1023) to work on /home/airflow/.local/lib/python3.12/site-packages/airflow/example_dags/tutorial_taskflow_api.py
[2025-08-25T12:42:50.815+0000] {processor.py:914} INFO - Processing file /home/airflow/.local/lib/python3.12/site-packages/airflow/example_dags/tutorial_taskflow_api.py for tasks to queue
[2025-08-25T12:42:50.818+0000] {logging_mixin.py:190} INFO - [2025-08-25T12:42:50.817+0000] {dagbag.py:588} INFO - Filling up the DagBag from /home/airflow/.local/lib/python3.12/site-packages/airflow/example_dags/tutorial_taskflow_api.py
[2025-08-25T12:42:50.828+0000] {processor.py:925} INFO - DAG(s) 'tutorial_taskflow_api' retrieved from /home/airflow/.local/lib/python3.12/site-packages/airflow/example_dags/tutorial_taskflow_api.py
[2025-08-25T12:42:50.861+0000] {logging_mixin.py:190} INFO - [2025-08-25T12:42:50.861+0000] {dag.py:3239} INFO - Sync 1 DAGs
[2025-08-25T12:42:50.883+0000] {logging_mixin.py:190} INFO - [2025-08-25T12:42:50.883+0000] {dag.py:4180} INFO - Setting next_dagrun for tutorial_taskflow_api to None, run_after=None
[2025-08-25T12:42:50.910+0000] {processor.py:208} INFO - Processing /home/airflow/.local/lib/python3.12/site-packages/airflow/example_dags/tutorial_taskflow_api.py took 0.104 seconds
[2025-08-25T12:43:21.559+0000] {processor.py:186} INFO - Started process (PID=1087) to work on /home/airflow/.local/lib/python3.12/site-packages/airflow/example_dags/tutorial_taskflow_api.py
[2025-08-25T12:43:21.562+0000] {processor.py:914} INFO - Processing file /home/airflow/.local/lib/python3.12/site-packages/airflow/example_dags/tutorial_taskflow_api.py for tasks to queue
[2025-08-25T12:43:21.566+0000] {logging_mixin.py:190} INFO - [2025-08-25T12:43:21.566+0000] {dagbag.py:588} INFO - Filling up the DagBag from /home/airflow/.local/lib/python3.12/site-packages/airflow/example_dags/tutorial_taskflow_api.py
[2025-08-25T12:43:21.587+0000] {processor.py:925} INFO - DAG(s) 'tutorial_taskflow_api' retrieved from /home/airflow/.local/lib/python3.12/site-packages/airflow/example_dags/tutorial_taskflow_api.py
[2025-08-25T12:43:21.636+0000] {logging_mixin.py:190} INFO - [2025-08-25T12:43:21.635+0000] {dag.py:3239} INFO - Sync 1 DAGs
[2025-08-25T12:43:21.675+0000] {logging_mixin.py:190} INFO - [2025-08-25T12:43:21.674+0000] {dag.py:4180} INFO - Setting next_dagrun for tutorial_taskflow_api to None, run_after=None
[2025-08-25T12:43:21.729+0000] {processor.py:208} INFO - Processing /home/airflow/.local/lib/python3.12/site-packages/airflow/example_dags/tutorial_taskflow_api.py took 0.184 seconds
[2025-08-25T12:43:52.196+0000] {processor.py:186} INFO - Started process (PID=1151) to work on /home/airflow/.local/lib/python3.12/site-packages/airflow/example_dags/tutorial_taskflow_api.py
[2025-08-25T12:43:52.197+0000] {processor.py:914} INFO - Processing file /home/airflow/.local/lib/python3.12/site-packages/airflow/example_dags/tutorial_taskflow_api.py for tasks to queue
[2025-08-25T12:43:52.200+0000] {logging_mixin.py:190} INFO - [2025-08-25T12:43:52.199+0000] {dagbag.py:588} INFO - Filling up the DagBag from /home/airflow/.local/lib/python3.12/site-packages/airflow/example_dags/tutorial_taskflow_api.py
[2025-08-25T12:43:52.209+0000] {processor.py:925} INFO - DAG(s) 'tutorial_taskflow_api' retrieved from /home/airflow/.local/lib/python3.12/site-packages/airflow/example_dags/tutorial_taskflow_api.py
[2025-08-25T12:43:52.240+0000] {logging_mixin.py:190} INFO - [2025-08-25T12:43:52.240+0000] {dag.py:3239} INFO - Sync 1 DAGs
[2025-08-25T12:43:52.263+0000] {logging_mixin.py:190} INFO - [2025-08-25T12:43:52.262+0000] {dag.py:4180} INFO - Setting next_dagrun for tutorial_taskflow_api to None, run_after=None
[2025-08-25T12:43:52.290+0000] {processor.py:208} INFO - Processing /home/airflow/.local/lib/python3.12/site-packages/airflow/example_dags/tutorial_taskflow_api.py took 0.104 seconds
[2025-08-25T12:44:22.580+0000] {processor.py:186} INFO - Started process (PID=1215) to work on /home/airflow/.local/lib/python3.12/site-packages/airflow/example_dags/tutorial_taskflow_api.py
[2025-08-25T12:44:22.582+0000] {processor.py:914} INFO - Processing file /home/airflow/.local/lib/python3.12/site-packages/airflow/example_dags/tutorial_taskflow_api.py for tasks to queue
[2025-08-25T12:44:22.585+0000] {logging_mixin.py:190} INFO - [2025-08-25T12:44:22.585+0000] {dagbag.py:588} INFO - Filling up the DagBag from /home/airflow/.local/lib/python3.12/site-packages/airflow/example_dags/tutorial_taskflow_api.py
[2025-08-25T12:44:22.595+0000] {processor.py:925} INFO - DAG(s) 'tutorial_taskflow_api' retrieved from /home/airflow/.local/lib/python3.12/site-packages/airflow/example_dags/tutorial_taskflow_api.py
[2025-08-25T12:44:22.622+0000] {logging_mixin.py:190} INFO - [2025-08-25T12:44:22.621+0000] {dag.py:3239} INFO - Sync 1 DAGs
[2025-08-25T12:44:22.641+0000] {logging_mixin.py:190} INFO - [2025-08-25T12:44:22.640+0000] {dag.py:4180} INFO - Setting next_dagrun for tutorial_taskflow_api to None, run_after=None
[2025-08-25T12:44:22.668+0000] {processor.py:208} INFO - Processing /home/airflow/.local/lib/python3.12/site-packages/airflow/example_dags/tutorial_taskflow_api.py took 0.097 seconds
[2025-08-25T12:44:53.277+0000] {processor.py:186} INFO - Started process (PID=1279) to work on /home/airflow/.local/lib/python3.12/site-packages/airflow/example_dags/tutorial_taskflow_api.py
[2025-08-25T12:44:53.278+0000] {processor.py:914} INFO - Processing file /home/airflow/.local/lib/python3.12/site-packages/airflow/example_dags/tutorial_taskflow_api.py for tasks to queue
[2025-08-25T12:44:53.281+0000] {logging_mixin.py:190} INFO - [2025-08-25T12:44:53.281+0000] {dagbag.py:588} INFO - Filling up the DagBag from /home/airflow/.local/lib/python3.12/site-packages/airflow/example_dags/tutorial_taskflow_api.py
[2025-08-25T12:44:53.293+0000] {processor.py:925} INFO - DAG(s) 'tutorial_taskflow_api' retrieved from /home/airflow/.local/lib/python3.12/site-packages/airflow/example_dags/tutorial_taskflow_api.py
[2025-08-25T12:44:53.333+0000] {logging_mixin.py:190} INFO - [2025-08-25T12:44:53.333+0000] {dag.py:3239} INFO - Sync 1 DAGs
[2025-08-25T12:44:53.360+0000] {logging_mixin.py:190} INFO - [2025-08-25T12:44:53.360+0000] {dag.py:4180} INFO - Setting next_dagrun for tutorial_taskflow_api to None, run_after=None
[2025-08-25T12:44:53.391+0000] {processor.py:208} INFO - Processing /home/airflow/.local/lib/python3.12/site-packages/airflow/example_dags/tutorial_taskflow_api.py took 0.126 seconds
[2025-08-25T12:45:23.518+0000] {processor.py:186} INFO - Started process (PID=1342) to work on /home/airflow/.local/lib/python3.12/site-packages/airflow/example_dags/tutorial_taskflow_api.py
[2025-08-25T12:45:23.520+0000] {processor.py:914} INFO - Processing file /home/airflow/.local/lib/python3.12/site-packages/airflow/example_dags/tutorial_taskflow_api.py for tasks to queue
[2025-08-25T12:45:23.523+0000] {logging_mixin.py:190} INFO - [2025-08-25T12:45:23.523+0000] {dagbag.py:588} INFO - Filling up the DagBag from /home/airflow/.local/lib/python3.12/site-packages/airflow/example_dags/tutorial_taskflow_api.py
[2025-08-25T12:45:23.537+0000] {processor.py:925} INFO - DAG(s) 'tutorial_taskflow_api' retrieved from /home/airflow/.local/lib/python3.12/site-packages/airflow/example_dags/tutorial_taskflow_api.py
[2025-08-25T12:45:23.566+0000] {logging_mixin.py:190} INFO - [2025-08-25T12:45:23.565+0000] {dag.py:3239} INFO - Sync 1 DAGs
[2025-08-25T12:45:23.584+0000] {logging_mixin.py:190} INFO - [2025-08-25T12:45:23.584+0000] {dag.py:4180} INFO - Setting next_dagrun for tutorial_taskflow_api to None, run_after=None
[2025-08-25T12:45:23.611+0000] {processor.py:208} INFO - Processing /home/airflow/.local/lib/python3.12/site-packages/airflow/example_dags/tutorial_taskflow_api.py took 0.102 seconds
[2025-08-25T12:45:53.879+0000] {processor.py:186} INFO - Started process (PID=1406) to work on /home/airflow/.local/lib/python3.12/site-packages/airflow/example_dags/tutorial_taskflow_api.py
[2025-08-25T12:45:53.880+0000] {processor.py:914} INFO - Processing file /home/airflow/.local/lib/python3.12/site-packages/airflow/example_dags/tutorial_taskflow_api.py for tasks to queue
[2025-08-25T12:45:53.883+0000] {logging_mixin.py:190} INFO - [2025-08-25T12:45:53.882+0000] {dagbag.py:588} INFO - Filling up the DagBag from /home/airflow/.local/lib/python3.12/site-packages/airflow/example_dags/tutorial_taskflow_api.py
[2025-08-25T12:45:53.893+0000] {processor.py:925} INFO - DAG(s) 'tutorial_taskflow_api' retrieved from /home/airflow/.local/lib/python3.12/site-packages/airflow/example_dags/tutorial_taskflow_api.py
[2025-08-25T12:45:53.920+0000] {logging_mixin.py:190} INFO - [2025-08-25T12:45:53.919+0000] {dag.py:3239} INFO - Sync 1 DAGs
[2025-08-25T12:45:53.936+0000] {logging_mixin.py:190} INFO - [2025-08-25T12:45:53.936+0000] {dag.py:4180} INFO - Setting next_dagrun for tutorial_taskflow_api to None, run_after=None
[2025-08-25T12:45:53.962+0000] {processor.py:208} INFO - Processing /home/airflow/.local/lib/python3.12/site-packages/airflow/example_dags/tutorial_taskflow_api.py took 0.090 seconds
[2025-08-25T12:46:24.957+0000] {processor.py:186} INFO - Started process (PID=1470) to work on /home/airflow/.local/lib/python3.12/site-packages/airflow/example_dags/tutorial_taskflow_api.py
[2025-08-25T12:46:24.958+0000] {processor.py:914} INFO - Processing file /home/airflow/.local/lib/python3.12/site-packages/airflow/example_dags/tutorial_taskflow_api.py for tasks to queue
[2025-08-25T12:46:24.961+0000] {logging_mixin.py:190} INFO - [2025-08-25T12:46:24.960+0000] {dagbag.py:588} INFO - Filling up the DagBag from /home/airflow/.local/lib/python3.12/site-packages/airflow/example_dags/tutorial_taskflow_api.py
[2025-08-25T12:46:24.971+0000] {processor.py:925} INFO - DAG(s) 'tutorial_taskflow_api' retrieved from /home/airflow/.local/lib/python3.12/site-packages/airflow/example_dags/tutorial_taskflow_api.py
[2025-08-25T12:46:25.000+0000] {logging_mixin.py:190} INFO - [2025-08-25T12:46:24.999+0000] {dag.py:3239} INFO - Sync 1 DAGs
[2025-08-25T12:46:25.022+0000] {logging_mixin.py:190} INFO - [2025-08-25T12:46:25.022+0000] {dag.py:4180} INFO - Setting next_dagrun for tutorial_taskflow_api to None, run_after=None
[2025-08-25T12:46:25.048+0000] {processor.py:208} INFO - Processing /home/airflow/.local/lib/python3.12/site-packages/airflow/example_dags/tutorial_taskflow_api.py took 0.098 seconds
[2025-08-25T12:46:55.317+0000] {processor.py:186} INFO - Started process (PID=1534) to work on /home/airflow/.local/lib/python3.12/site-packages/airflow/example_dags/tutorial_taskflow_api.py
[2025-08-25T12:46:55.318+0000] {processor.py:914} INFO - Processing file /home/airflow/.local/lib/python3.12/site-packages/airflow/example_dags/tutorial_taskflow_api.py for tasks to queue
[2025-08-25T12:46:55.321+0000] {logging_mixin.py:190} INFO - [2025-08-25T12:46:55.321+0000] {dagbag.py:588} INFO - Filling up the DagBag from /home/airflow/.local/lib/python3.12/site-packages/airflow/example_dags/tutorial_taskflow_api.py
[2025-08-25T12:46:55.331+0000] {processor.py:925} INFO - DAG(s) 'tutorial_taskflow_api' retrieved from /home/airflow/.local/lib/python3.12/site-packages/airflow/example_dags/tutorial_taskflow_api.py
[2025-08-25T12:46:55.359+0000] {logging_mixin.py:190} INFO - [2025-08-25T12:46:55.359+0000] {dag.py:3239} INFO - Sync 1 DAGs
[2025-08-25T12:46:55.380+0000] {logging_mixin.py:190} INFO - [2025-08-25T12:46:55.380+0000] {dag.py:4180} INFO - Setting next_dagrun for tutorial_taskflow_api to None, run_after=None
[2025-08-25T12:46:55.410+0000] {processor.py:208} INFO - Processing /home/airflow/.local/lib/python3.12/site-packages/airflow/example_dags/tutorial_taskflow_api.py took 0.102 seconds
[2025-08-25T12:47:25.899+0000] {processor.py:186} INFO - Started process (PID=1598) to work on /home/airflow/.local/lib/python3.12/site-packages/airflow/example_dags/tutorial_taskflow_api.py
[2025-08-25T12:47:25.900+0000] {processor.py:914} INFO - Processing file /home/airflow/.local/lib/python3.12/site-packages/airflow/example_dags/tutorial_taskflow_api.py for tasks to queue
[2025-08-25T12:47:25.903+0000] {logging_mixin.py:190} INFO - [2025-08-25T12:47:25.902+0000] {dagbag.py:588} INFO - Filling up the DagBag from /home/airflow/.local/lib/python3.12/site-packages/airflow/example_dags/tutorial_taskflow_api.py
[2025-08-25T12:47:25.913+0000] {processor.py:925} INFO - DAG(s) 'tutorial_taskflow_api' retrieved from /home/airflow/.local/lib/python3.12/site-packages/airflow/example_dags/tutorial_taskflow_api.py
[2025-08-25T12:47:25.944+0000] {logging_mixin.py:190} INFO - [2025-08-25T12:47:25.943+0000] {dag.py:3239} INFO - Sync 1 DAGs
[2025-08-25T12:47:25.961+0000] {logging_mixin.py:190} INFO - [2025-08-25T12:47:25.960+0000] {dag.py:4180} INFO - Setting next_dagrun for tutorial_taskflow_api to None, run_after=None
[2025-08-25T12:47:25.992+0000] {processor.py:208} INFO - Processing /home/airflow/.local/lib/python3.12/site-packages/airflow/example_dags/tutorial_taskflow_api.py took 0.101 seconds
[2025-08-25T12:47:56.288+0000] {processor.py:186} INFO - Started process (PID=1662) to work on /home/airflow/.local/lib/python3.12/site-packages/airflow/example_dags/tutorial_taskflow_api.py
[2025-08-25T12:47:56.289+0000] {processor.py:914} INFO - Processing file /home/airflow/.local/lib/python3.12/site-packages/airflow/example_dags/tutorial_taskflow_api.py for tasks to queue
[2025-08-25T12:47:56.293+0000] {logging_mixin.py:190} INFO - [2025-08-25T12:47:56.292+0000] {dagbag.py:588} INFO - Filling up the DagBag from /home/airflow/.local/lib/python3.12/site-packages/airflow/example_dags/tutorial_taskflow_api.py
[2025-08-25T12:47:56.301+0000] {processor.py:925} INFO - DAG(s) 'tutorial_taskflow_api' retrieved from /home/airflow/.local/lib/python3.12/site-packages/airflow/example_dags/tutorial_taskflow_api.py
[2025-08-25T12:47:56.329+0000] {logging_mixin.py:190} INFO - [2025-08-25T12:47:56.329+0000] {dag.py:3239} INFO - Sync 1 DAGs
[2025-08-25T12:47:56.347+0000] {logging_mixin.py:190} INFO - [2025-08-25T12:47:56.347+0000] {dag.py:4180} INFO - Setting next_dagrun for tutorial_taskflow_api to None, run_after=None
[2025-08-25T12:47:56.377+0000] {processor.py:208} INFO - Processing /home/airflow/.local/lib/python3.12/site-packages/airflow/example_dags/tutorial_taskflow_api.py took 0.098 seconds
[2025-08-25T12:48:26.980+0000] {processor.py:186} INFO - Started process (PID=1726) to work on /home/airflow/.local/lib/python3.12/site-packages/airflow/example_dags/tutorial_taskflow_api.py
[2025-08-25T12:48:26.982+0000] {processor.py:914} INFO - Processing file /home/airflow/.local/lib/python3.12/site-packages/airflow/example_dags/tutorial_taskflow_api.py for tasks to queue
[2025-08-25T12:48:26.984+0000] {logging_mixin.py:190} INFO - [2025-08-25T12:48:26.984+0000] {dagbag.py:588} INFO - Filling up the DagBag from /home/airflow/.local/lib/python3.12/site-packages/airflow/example_dags/tutorial_taskflow_api.py
[2025-08-25T12:48:26.994+0000] {processor.py:925} INFO - DAG(s) 'tutorial_taskflow_api' retrieved from /home/airflow/.local/lib/python3.12/site-packages/airflow/example_dags/tutorial_taskflow_api.py
[2025-08-25T12:48:27.022+0000] {logging_mixin.py:190} INFO - [2025-08-25T12:48:27.022+0000] {dag.py:3239} INFO - Sync 1 DAGs
[2025-08-25T12:48:27.040+0000] {logging_mixin.py:190} INFO - [2025-08-25T12:48:27.039+0000] {dag.py:4180} INFO - Setting next_dagrun for tutorial_taskflow_api to None, run_after=None
[2025-08-25T12:48:27.065+0000] {processor.py:208} INFO - Processing /home/airflow/.local/lib/python3.12/site-packages/airflow/example_dags/tutorial_taskflow_api.py took 0.093 seconds
[2025-08-25T12:48:57.875+0000] {processor.py:186} INFO - Started process (PID=1790) to work on /home/airflow/.local/lib/python3.12/site-packages/airflow/example_dags/tutorial_taskflow_api.py
[2025-08-25T12:48:57.876+0000] {processor.py:914} INFO - Processing file /home/airflow/.local/lib/python3.12/site-packages/airflow/example_dags/tutorial_taskflow_api.py for tasks to queue
[2025-08-25T12:48:57.879+0000] {logging_mixin.py:190} INFO - [2025-08-25T12:48:57.878+0000] {dagbag.py:588} INFO - Filling up the DagBag from /home/airflow/.local/lib/python3.12/site-packages/airflow/example_dags/tutorial_taskflow_api.py
[2025-08-25T12:48:57.888+0000] {processor.py:925} INFO - DAG(s) 'tutorial_taskflow_api' retrieved from /home/airflow/.local/lib/python3.12/site-packages/airflow/example_dags/tutorial_taskflow_api.py
[2025-08-25T12:48:57.915+0000] {logging_mixin.py:190} INFO - [2025-08-25T12:48:57.915+0000] {dag.py:3239} INFO - Sync 1 DAGs
[2025-08-25T12:48:57.938+0000] {logging_mixin.py:190} INFO - [2025-08-25T12:48:57.938+0000] {dag.py:4180} INFO - Setting next_dagrun for tutorial_taskflow_api to None, run_after=None
[2025-08-25T12:48:57.964+0000] {processor.py:208} INFO - Processing /home/airflow/.local/lib/python3.12/site-packages/airflow/example_dags/tutorial_taskflow_api.py took 0.096 seconds
[2025-08-25T12:49:28.982+0000] {processor.py:186} INFO - Started process (PID=1860) to work on /home/airflow/.local/lib/python3.12/site-packages/airflow/example_dags/tutorial_taskflow_api.py
[2025-08-25T12:49:28.985+0000] {processor.py:914} INFO - Processing file /home/airflow/.local/lib/python3.12/site-packages/airflow/example_dags/tutorial_taskflow_api.py for tasks to queue
[2025-08-25T12:49:28.989+0000] {logging_mixin.py:190} INFO - [2025-08-25T12:49:28.988+0000] {dagbag.py:588} INFO - Filling up the DagBag from /home/airflow/.local/lib/python3.12/site-packages/airflow/example_dags/tutorial_taskflow_api.py
[2025-08-25T12:49:29.003+0000] {processor.py:925} INFO - DAG(s) 'tutorial_taskflow_api' retrieved from /home/airflow/.local/lib/python3.12/site-packages/airflow/example_dags/tutorial_taskflow_api.py
[2025-08-25T12:49:29.036+0000] {logging_mixin.py:190} INFO - [2025-08-25T12:49:29.036+0000] {dag.py:3239} INFO - Sync 1 DAGs
[2025-08-25T12:49:29.064+0000] {logging_mixin.py:190} INFO - [2025-08-25T12:49:29.064+0000] {dag.py:4180} INFO - Setting next_dagrun for tutorial_taskflow_api to None, run_after=None
[2025-08-25T12:49:29.097+0000] {processor.py:208} INFO - Processing /home/airflow/.local/lib/python3.12/site-packages/airflow/example_dags/tutorial_taskflow_api.py took 0.127 seconds
[2025-08-25T12:49:59.820+0000] {processor.py:186} INFO - Started process (PID=1924) to work on /home/airflow/.local/lib/python3.12/site-packages/airflow/example_dags/tutorial_taskflow_api.py
[2025-08-25T12:49:59.823+0000] {processor.py:914} INFO - Processing file /home/airflow/.local/lib/python3.12/site-packages/airflow/example_dags/tutorial_taskflow_api.py for tasks to queue
[2025-08-25T12:49:59.827+0000] {logging_mixin.py:190} INFO - [2025-08-25T12:49:59.827+0000] {dagbag.py:588} INFO - Filling up the DagBag from /home/airflow/.local/lib/python3.12/site-packages/airflow/example_dags/tutorial_taskflow_api.py
[2025-08-25T12:49:59.845+0000] {processor.py:925} INFO - DAG(s) 'tutorial_taskflow_api' retrieved from /home/airflow/.local/lib/python3.12/site-packages/airflow/example_dags/tutorial_taskflow_api.py
[2025-08-25T12:49:59.885+0000] {logging_mixin.py:190} INFO - [2025-08-25T12:49:59.884+0000] {dag.py:3239} INFO - Sync 1 DAGs
[2025-08-25T12:49:59.921+0000] {logging_mixin.py:190} INFO - [2025-08-25T12:49:59.921+0000] {dag.py:4180} INFO - Setting next_dagrun for tutorial_taskflow_api to None, run_after=None
[2025-08-25T12:49:59.967+0000] {processor.py:208} INFO - Processing /home/airflow/.local/lib/python3.12/site-packages/airflow/example_dags/tutorial_taskflow_api.py took 0.161 seconds
[2025-08-25T12:50:30.319+0000] {processor.py:186} INFO - Started process (PID=1988) to work on /home/airflow/.local/lib/python3.12/site-packages/airflow/example_dags/tutorial_taskflow_api.py
[2025-08-25T12:50:30.321+0000] {processor.py:914} INFO - Processing file /home/airflow/.local/lib/python3.12/site-packages/airflow/example_dags/tutorial_taskflow_api.py for tasks to queue
[2025-08-25T12:50:30.325+0000] {logging_mixin.py:190} INFO - [2025-08-25T12:50:30.324+0000] {dagbag.py:588} INFO - Filling up the DagBag from /home/airflow/.local/lib/python3.12/site-packages/airflow/example_dags/tutorial_taskflow_api.py
[2025-08-25T12:50:30.345+0000] {processor.py:925} INFO - DAG(s) 'tutorial_taskflow_api' retrieved from /home/airflow/.local/lib/python3.12/site-packages/airflow/example_dags/tutorial_taskflow_api.py
[2025-08-25T12:50:30.391+0000] {logging_mixin.py:190} INFO - [2025-08-25T12:50:30.390+0000] {dag.py:3239} INFO - Sync 1 DAGs
[2025-08-25T12:50:30.426+0000] {logging_mixin.py:190} INFO - [2025-08-25T12:50:30.426+0000] {dag.py:4180} INFO - Setting next_dagrun for tutorial_taskflow_api to None, run_after=None
[2025-08-25T12:50:30.465+0000] {processor.py:208} INFO - Processing /home/airflow/.local/lib/python3.12/site-packages/airflow/example_dags/tutorial_taskflow_api.py took 0.156 seconds
[2025-08-25T12:51:01.346+0000] {processor.py:186} INFO - Started process (PID=2052) to work on /home/airflow/.local/lib/python3.12/site-packages/airflow/example_dags/tutorial_taskflow_api.py
[2025-08-25T12:51:01.348+0000] {processor.py:914} INFO - Processing file /home/airflow/.local/lib/python3.12/site-packages/airflow/example_dags/tutorial_taskflow_api.py for tasks to queue
[2025-08-25T12:51:01.351+0000] {logging_mixin.py:190} INFO - [2025-08-25T12:51:01.351+0000] {dagbag.py:588} INFO - Filling up the DagBag from /home/airflow/.local/lib/python3.12/site-packages/airflow/example_dags/tutorial_taskflow_api.py
[2025-08-25T12:51:01.369+0000] {processor.py:925} INFO - DAG(s) 'tutorial_taskflow_api' retrieved from /home/airflow/.local/lib/python3.12/site-packages/airflow/example_dags/tutorial_taskflow_api.py
[2025-08-25T12:51:01.411+0000] {logging_mixin.py:190} INFO - [2025-08-25T12:51:01.410+0000] {dag.py:3239} INFO - Sync 1 DAGs
[2025-08-25T12:51:01.441+0000] {logging_mixin.py:190} INFO - [2025-08-25T12:51:01.441+0000] {dag.py:4180} INFO - Setting next_dagrun for tutorial_taskflow_api to None, run_after=None
[2025-08-25T12:51:01.476+0000] {processor.py:208} INFO - Processing /home/airflow/.local/lib/python3.12/site-packages/airflow/example_dags/tutorial_taskflow_api.py took 0.138 seconds
[2025-08-25T12:51:32.094+0000] {processor.py:186} INFO - Started process (PID=2116) to work on /home/airflow/.local/lib/python3.12/site-packages/airflow/example_dags/tutorial_taskflow_api.py
[2025-08-25T12:51:32.095+0000] {processor.py:914} INFO - Processing file /home/airflow/.local/lib/python3.12/site-packages/airflow/example_dags/tutorial_taskflow_api.py for tasks to queue
[2025-08-25T12:51:32.098+0000] {logging_mixin.py:190} INFO - [2025-08-25T12:51:32.098+0000] {dagbag.py:588} INFO - Filling up the DagBag from /home/airflow/.local/lib/python3.12/site-packages/airflow/example_dags/tutorial_taskflow_api.py
[2025-08-25T12:51:32.112+0000] {processor.py:925} INFO - DAG(s) 'tutorial_taskflow_api' retrieved from /home/airflow/.local/lib/python3.12/site-packages/airflow/example_dags/tutorial_taskflow_api.py
[2025-08-25T12:51:32.146+0000] {logging_mixin.py:190} INFO - [2025-08-25T12:51:32.145+0000] {dag.py:3239} INFO - Sync 1 DAGs
[2025-08-25T12:51:32.167+0000] {logging_mixin.py:190} INFO - [2025-08-25T12:51:32.166+0000] {dag.py:4180} INFO - Setting next_dagrun for tutorial_taskflow_api to None, run_after=None
[2025-08-25T12:51:32.195+0000] {processor.py:208} INFO - Processing /home/airflow/.local/lib/python3.12/site-packages/airflow/example_dags/tutorial_taskflow_api.py took 0.109 seconds
[2025-08-25T12:52:03.043+0000] {processor.py:186} INFO - Started process (PID=2180) to work on /home/airflow/.local/lib/python3.12/site-packages/airflow/example_dags/tutorial_taskflow_api.py
[2025-08-25T12:52:03.044+0000] {processor.py:914} INFO - Processing file /home/airflow/.local/lib/python3.12/site-packages/airflow/example_dags/tutorial_taskflow_api.py for tasks to queue
[2025-08-25T12:52:03.046+0000] {logging_mixin.py:190} INFO - [2025-08-25T12:52:03.046+0000] {dagbag.py:588} INFO - Filling up the DagBag from /home/airflow/.local/lib/python3.12/site-packages/airflow/example_dags/tutorial_taskflow_api.py
[2025-08-25T12:52:03.057+0000] {processor.py:925} INFO - DAG(s) 'tutorial_taskflow_api' retrieved from /home/airflow/.local/lib/python3.12/site-packages/airflow/example_dags/tutorial_taskflow_api.py
[2025-08-25T12:52:03.085+0000] {logging_mixin.py:190} INFO - [2025-08-25T12:52:03.085+0000] {dag.py:3239} INFO - Sync 1 DAGs
[2025-08-25T12:52:03.104+0000] {logging_mixin.py:190} INFO - [2025-08-25T12:52:03.104+0000] {dag.py:4180} INFO - Setting next_dagrun for tutorial_taskflow_api to None, run_after=None
[2025-08-25T12:52:03.131+0000] {processor.py:208} INFO - Processing /home/airflow/.local/lib/python3.12/site-packages/airflow/example_dags/tutorial_taskflow_api.py took 0.096 seconds
[2025-08-25T12:52:34.223+0000] {processor.py:186} INFO - Started process (PID=2244) to work on /home/airflow/.local/lib/python3.12/site-packages/airflow/example_dags/tutorial_taskflow_api.py
[2025-08-25T12:52:34.224+0000] {processor.py:914} INFO - Processing file /home/airflow/.local/lib/python3.12/site-packages/airflow/example_dags/tutorial_taskflow_api.py for tasks to queue
[2025-08-25T12:52:34.227+0000] {logging_mixin.py:190} INFO - [2025-08-25T12:52:34.226+0000] {dagbag.py:588} INFO - Filling up the DagBag from /home/airflow/.local/lib/python3.12/site-packages/airflow/example_dags/tutorial_taskflow_api.py
[2025-08-25T12:52:34.239+0000] {processor.py:925} INFO - DAG(s) 'tutorial_taskflow_api' retrieved from /home/airflow/.local/lib/python3.12/site-packages/airflow/example_dags/tutorial_taskflow_api.py
[2025-08-25T12:52:34.267+0000] {logging_mixin.py:190} INFO - [2025-08-25T12:52:34.266+0000] {dag.py:3239} INFO - Sync 1 DAGs
[2025-08-25T12:52:34.286+0000] {logging_mixin.py:190} INFO - [2025-08-25T12:52:34.286+0000] {dag.py:4180} INFO - Setting next_dagrun for tutorial_taskflow_api to None, run_after=None
[2025-08-25T12:52:34.305+0000] {processor.py:208} INFO - Processing /home/airflow/.local/lib/python3.12/site-packages/airflow/example_dags/tutorial_taskflow_api.py took 0.090 seconds
[2025-08-25T12:53:05.549+0000] {processor.py:186} INFO - Started process (PID=2308) to work on /home/airflow/.local/lib/python3.12/site-packages/airflow/example_dags/tutorial_taskflow_api.py
[2025-08-25T12:53:05.551+0000] {processor.py:914} INFO - Processing file /home/airflow/.local/lib/python3.12/site-packages/airflow/example_dags/tutorial_taskflow_api.py for tasks to queue
[2025-08-25T12:53:05.554+0000] {logging_mixin.py:190} INFO - [2025-08-25T12:53:05.554+0000] {dagbag.py:588} INFO - Filling up the DagBag from /home/airflow/.local/lib/python3.12/site-packages/airflow/example_dags/tutorial_taskflow_api.py
[2025-08-25T12:53:05.563+0000] {processor.py:925} INFO - DAG(s) 'tutorial_taskflow_api' retrieved from /home/airflow/.local/lib/python3.12/site-packages/airflow/example_dags/tutorial_taskflow_api.py
[2025-08-25T12:53:05.590+0000] {logging_mixin.py:190} INFO - [2025-08-25T12:53:05.589+0000] {dag.py:3239} INFO - Sync 1 DAGs
[2025-08-25T12:53:05.608+0000] {logging_mixin.py:190} INFO - [2025-08-25T12:53:05.607+0000] {dag.py:4180} INFO - Setting next_dagrun for tutorial_taskflow_api to None, run_after=None
[2025-08-25T12:53:05.635+0000] {processor.py:208} INFO - Processing /home/airflow/.local/lib/python3.12/site-packages/airflow/example_dags/tutorial_taskflow_api.py took 0.095 seconds
[2025-08-25T12:53:36.375+0000] {processor.py:186} INFO - Started process (PID=2372) to work on /home/airflow/.local/lib/python3.12/site-packages/airflow/example_dags/tutorial_taskflow_api.py
[2025-08-25T12:53:36.377+0000] {processor.py:914} INFO - Processing file /home/airflow/.local/lib/python3.12/site-packages/airflow/example_dags/tutorial_taskflow_api.py for tasks to queue
[2025-08-25T12:53:36.380+0000] {logging_mixin.py:190} INFO - [2025-08-25T12:53:36.379+0000] {dagbag.py:588} INFO - Filling up the DagBag from /home/airflow/.local/lib/python3.12/site-packages/airflow/example_dags/tutorial_taskflow_api.py
[2025-08-25T12:53:36.392+0000] {processor.py:925} INFO - DAG(s) 'tutorial_taskflow_api' retrieved from /home/airflow/.local/lib/python3.12/site-packages/airflow/example_dags/tutorial_taskflow_api.py
[2025-08-25T12:53:36.422+0000] {logging_mixin.py:190} INFO - [2025-08-25T12:53:36.422+0000] {dag.py:3239} INFO - Sync 1 DAGs
[2025-08-25T12:53:36.443+0000] {logging_mixin.py:190} INFO - [2025-08-25T12:53:36.443+0000] {dag.py:4180} INFO - Setting next_dagrun for tutorial_taskflow_api to None, run_after=None
[2025-08-25T12:53:36.473+0000] {processor.py:208} INFO - Processing /home/airflow/.local/lib/python3.12/site-packages/airflow/example_dags/tutorial_taskflow_api.py took 0.107 seconds
[2025-08-25T12:54:07.222+0000] {processor.py:186} INFO - Started process (PID=2436) to work on /home/airflow/.local/lib/python3.12/site-packages/airflow/example_dags/tutorial_taskflow_api.py
[2025-08-25T12:54:07.224+0000] {processor.py:914} INFO - Processing file /home/airflow/.local/lib/python3.12/site-packages/airflow/example_dags/tutorial_taskflow_api.py for tasks to queue
[2025-08-25T12:54:07.227+0000] {logging_mixin.py:190} INFO - [2025-08-25T12:54:07.227+0000] {dagbag.py:588} INFO - Filling up the DagBag from /home/airflow/.local/lib/python3.12/site-packages/airflow/example_dags/tutorial_taskflow_api.py
[2025-08-25T12:54:07.241+0000] {processor.py:925} INFO - DAG(s) 'tutorial_taskflow_api' retrieved from /home/airflow/.local/lib/python3.12/site-packages/airflow/example_dags/tutorial_taskflow_api.py
[2025-08-25T12:54:07.271+0000] {logging_mixin.py:190} INFO - [2025-08-25T12:54:07.270+0000] {dag.py:3239} INFO - Sync 1 DAGs
[2025-08-25T12:54:07.290+0000] {logging_mixin.py:190} INFO - [2025-08-25T12:54:07.290+0000] {dag.py:4180} INFO - Setting next_dagrun for tutorial_taskflow_api to None, run_after=None
[2025-08-25T12:54:07.317+0000] {processor.py:208} INFO - Processing /home/airflow/.local/lib/python3.12/site-packages/airflow/example_dags/tutorial_taskflow_api.py took 0.106 seconds
[2025-08-25T12:54:38.071+0000] {processor.py:186} INFO - Started process (PID=2500) to work on /home/airflow/.local/lib/python3.12/site-packages/airflow/example_dags/tutorial_taskflow_api.py
[2025-08-25T12:54:38.073+0000] {processor.py:914} INFO - Processing file /home/airflow/.local/lib/python3.12/site-packages/airflow/example_dags/tutorial_taskflow_api.py for tasks to queue
[2025-08-25T12:54:38.075+0000] {logging_mixin.py:190} INFO - [2025-08-25T12:54:38.075+0000] {dagbag.py:588} INFO - Filling up the DagBag from /home/airflow/.local/lib/python3.12/site-packages/airflow/example_dags/tutorial_taskflow_api.py
[2025-08-25T12:54:38.085+0000] {processor.py:925} INFO - DAG(s) 'tutorial_taskflow_api' retrieved from /home/airflow/.local/lib/python3.12/site-packages/airflow/example_dags/tutorial_taskflow_api.py
[2025-08-25T12:54:38.117+0000] {logging_mixin.py:190} INFO - [2025-08-25T12:54:38.116+0000] {dag.py:3239} INFO - Sync 1 DAGs
[2025-08-25T12:54:38.136+0000] {logging_mixin.py:190} INFO - [2025-08-25T12:54:38.136+0000] {dag.py:4180} INFO - Setting next_dagrun for tutorial_taskflow_api to None, run_after=None
[2025-08-25T12:54:38.163+0000] {processor.py:208} INFO - Processing /home/airflow/.local/lib/python3.12/site-packages/airflow/example_dags/tutorial_taskflow_api.py took 0.101 seconds
[2025-08-25T12:55:08.881+0000] {processor.py:186} INFO - Started process (PID=2564) to work on /home/airflow/.local/lib/python3.12/site-packages/airflow/example_dags/tutorial_taskflow_api.py
[2025-08-25T12:55:08.882+0000] {processor.py:914} INFO - Processing file /home/airflow/.local/lib/python3.12/site-packages/airflow/example_dags/tutorial_taskflow_api.py for tasks to queue
[2025-08-25T12:55:08.885+0000] {logging_mixin.py:190} INFO - [2025-08-25T12:55:08.885+0000] {dagbag.py:588} INFO - Filling up the DagBag from /home/airflow/.local/lib/python3.12/site-packages/airflow/example_dags/tutorial_taskflow_api.py
[2025-08-25T12:55:08.897+0000] {processor.py:925} INFO - DAG(s) 'tutorial_taskflow_api' retrieved from /home/airflow/.local/lib/python3.12/site-packages/airflow/example_dags/tutorial_taskflow_api.py
[2025-08-25T12:55:08.938+0000] {logging_mixin.py:190} INFO - [2025-08-25T12:55:08.937+0000] {dag.py:3239} INFO - Sync 1 DAGs
[2025-08-25T12:55:08.962+0000] {logging_mixin.py:190} INFO - [2025-08-25T12:55:08.962+0000] {dag.py:4180} INFO - Setting next_dagrun for tutorial_taskflow_api to None, run_after=None
[2025-08-25T12:55:08.992+0000] {processor.py:208} INFO - Processing /home/airflow/.local/lib/python3.12/site-packages/airflow/example_dags/tutorial_taskflow_api.py took 0.118 seconds
[2025-08-25T12:55:39.505+0000] {processor.py:186} INFO - Started process (PID=2628) to work on /home/airflow/.local/lib/python3.12/site-packages/airflow/example_dags/tutorial_taskflow_api.py
[2025-08-25T12:55:39.507+0000] {processor.py:914} INFO - Processing file /home/airflow/.local/lib/python3.12/site-packages/airflow/example_dags/tutorial_taskflow_api.py for tasks to queue
[2025-08-25T12:55:39.510+0000] {logging_mixin.py:190} INFO - [2025-08-25T12:55:39.509+0000] {dagbag.py:588} INFO - Filling up the DagBag from /home/airflow/.local/lib/python3.12/site-packages/airflow/example_dags/tutorial_taskflow_api.py
[2025-08-25T12:55:39.522+0000] {processor.py:925} INFO - DAG(s) 'tutorial_taskflow_api' retrieved from /home/airflow/.local/lib/python3.12/site-packages/airflow/example_dags/tutorial_taskflow_api.py
[2025-08-25T12:55:39.555+0000] {logging_mixin.py:190} INFO - [2025-08-25T12:55:39.554+0000] {dag.py:3239} INFO - Sync 1 DAGs
[2025-08-25T12:55:39.582+0000] {logging_mixin.py:190} INFO - [2025-08-25T12:55:39.581+0000] {dag.py:4180} INFO - Setting next_dagrun for tutorial_taskflow_api to None, run_after=None
[2025-08-25T12:55:39.613+0000] {processor.py:208} INFO - Processing /home/airflow/.local/lib/python3.12/site-packages/airflow/example_dags/tutorial_taskflow_api.py took 0.119 seconds
[2025-08-25T12:56:10.727+0000] {processor.py:186} INFO - Started process (PID=2692) to work on /home/airflow/.local/lib/python3.12/site-packages/airflow/example_dags/tutorial_taskflow_api.py
[2025-08-25T12:56:10.728+0000] {processor.py:914} INFO - Processing file /home/airflow/.local/lib/python3.12/site-packages/airflow/example_dags/tutorial_taskflow_api.py for tasks to queue
[2025-08-25T12:56:10.733+0000] {logging_mixin.py:190} INFO - [2025-08-25T12:56:10.732+0000] {dagbag.py:588} INFO - Filling up the DagBag from /home/airflow/.local/lib/python3.12/site-packages/airflow/example_dags/tutorial_taskflow_api.py
[2025-08-25T12:56:10.749+0000] {processor.py:925} INFO - DAG(s) 'tutorial_taskflow_api' retrieved from /home/airflow/.local/lib/python3.12/site-packages/airflow/example_dags/tutorial_taskflow_api.py
[2025-08-25T12:56:10.781+0000] {logging_mixin.py:190} INFO - [2025-08-25T12:56:10.781+0000] {dag.py:3239} INFO - Sync 1 DAGs
[2025-08-25T12:56:10.804+0000] {logging_mixin.py:190} INFO - [2025-08-25T12:56:10.804+0000] {dag.py:4180} INFO - Setting next_dagrun for tutorial_taskflow_api to None, run_after=None
[2025-08-25T12:56:10.834+0000] {processor.py:208} INFO - Processing /home/airflow/.local/lib/python3.12/site-packages/airflow/example_dags/tutorial_taskflow_api.py took 0.117 seconds
[2025-08-25T12:56:41.747+0000] {processor.py:186} INFO - Started process (PID=2757) to work on /home/airflow/.local/lib/python3.12/site-packages/airflow/example_dags/tutorial_taskflow_api.py
[2025-08-25T12:56:41.748+0000] {processor.py:914} INFO - Processing file /home/airflow/.local/lib/python3.12/site-packages/airflow/example_dags/tutorial_taskflow_api.py for tasks to queue
[2025-08-25T12:56:41.752+0000] {logging_mixin.py:190} INFO - [2025-08-25T12:56:41.751+0000] {dagbag.py:588} INFO - Filling up the DagBag from /home/airflow/.local/lib/python3.12/site-packages/airflow/example_dags/tutorial_taskflow_api.py
[2025-08-25T12:56:41.764+0000] {processor.py:925} INFO - DAG(s) 'tutorial_taskflow_api' retrieved from /home/airflow/.local/lib/python3.12/site-packages/airflow/example_dags/tutorial_taskflow_api.py
[2025-08-25T12:56:41.793+0000] {logging_mixin.py:190} INFO - [2025-08-25T12:56:41.793+0000] {dag.py:3239} INFO - Sync 1 DAGs
[2025-08-25T12:56:41.818+0000] {logging_mixin.py:190} INFO - [2025-08-25T12:56:41.818+0000] {dag.py:4180} INFO - Setting next_dagrun for tutorial_taskflow_api to None, run_after=None
[2025-08-25T12:56:41.853+0000] {processor.py:208} INFO - Processing /home/airflow/.local/lib/python3.12/site-packages/airflow/example_dags/tutorial_taskflow_api.py took 0.115 seconds
