[2025-08-25T12:35:38.527+0000] {processor.py:186} INFO - Started process (PID=112) to work on /home/airflow/.local/lib/python3.12/site-packages/airflow/example_dags/tutorial_objectstorage.py
[2025-08-25T12:35:38.528+0000] {processor.py:914} INFO - Processing file /home/airflow/.local/lib/python3.12/site-packages/airflow/example_dags/tutorial_objectstorage.py for tasks to queue
[2025-08-25T12:35:38.531+0000] {logging_mixin.py:190} INFO - [2025-08-25T12:35:38.530+0000] {dagbag.py:588} INFO - Filling up the DagBag from /home/airflow/.local/lib/python3.12/site-packages/airflow/example_dags/tutorial_objectstorage.py
[2025-08-25T12:35:38.543+0000] {processor.py:925} INFO - DAG(s) 'tutorial_objectstorage' retrieved from /home/airflow/.local/lib/python3.12/site-packages/airflow/example_dags/tutorial_objectstorage.py
[2025-08-25T12:35:38.667+0000] {logging_mixin.py:190} INFO - [2025-08-25T12:35:38.666+0000] {override.py:1900} INFO - Created Permission View: can read on DAG:tutorial_objectstorage
[2025-08-25T12:35:38.676+0000] {logging_mixin.py:190} INFO - [2025-08-25T12:35:38.675+0000] {override.py:1900} INFO - Created Permission View: can delete on DAG:tutorial_objectstorage
[2025-08-25T12:35:38.682+0000] {logging_mixin.py:190} INFO - [2025-08-25T12:35:38.681+0000] {override.py:1900} INFO - Created Permission View: can edit on DAG:tutorial_objectstorage
[2025-08-25T12:35:38.687+0000] {logging_mixin.py:190} INFO - [2025-08-25T12:35:38.687+0000] {override.py:1900} INFO - Created Permission View: can read on DAG Run:tutorial_objectstorage
[2025-08-25T12:35:38.693+0000] {logging_mixin.py:190} INFO - [2025-08-25T12:35:38.693+0000] {override.py:1900} INFO - Created Permission View: menu access on DAG Run:tutorial_objectstorage
[2025-08-25T12:35:38.700+0000] {logging_mixin.py:190} INFO - [2025-08-25T12:35:38.699+0000] {override.py:1900} INFO - Created Permission View: can delete on DAG Run:tutorial_objectstorage
[2025-08-25T12:35:38.709+0000] {logging_mixin.py:190} INFO - [2025-08-25T12:35:38.709+0000] {override.py:1900} INFO - Created Permission View: can create on DAG Run:tutorial_objectstorage
[2025-08-25T12:35:38.710+0000] {logging_mixin.py:190} INFO - [2025-08-25T12:35:38.710+0000] {dag.py:3239} INFO - Sync 1 DAGs
[2025-08-25T12:35:38.726+0000] {logging_mixin.py:190} INFO - [2025-08-25T12:35:38.726+0000] {dag.py:3262} INFO - Creating ORM DAG for tutorial_objectstorage
[2025-08-25T12:35:38.727+0000] {logging_mixin.py:190} INFO - [2025-08-25T12:35:38.727+0000] {dag.py:4180} INFO - Setting next_dagrun for tutorial_objectstorage to None, run_after=None
[2025-08-25T12:35:38.749+0000] {processor.py:208} INFO - Processing /home/airflow/.local/lib/python3.12/site-packages/airflow/example_dags/tutorial_objectstorage.py took 0.230 seconds
[2025-08-25T12:36:09.443+0000] {processor.py:186} INFO - Started process (PID=176) to work on /home/airflow/.local/lib/python3.12/site-packages/airflow/example_dags/tutorial_objectstorage.py
[2025-08-25T12:36:09.444+0000] {processor.py:914} INFO - Processing file /home/airflow/.local/lib/python3.12/site-packages/airflow/example_dags/tutorial_objectstorage.py for tasks to queue
[2025-08-25T12:36:09.447+0000] {logging_mixin.py:190} INFO - [2025-08-25T12:36:09.446+0000] {dagbag.py:588} INFO - Filling up the DagBag from /home/airflow/.local/lib/python3.12/site-packages/airflow/example_dags/tutorial_objectstorage.py
[2025-08-25T12:36:09.457+0000] {processor.py:925} INFO - DAG(s) 'tutorial_objectstorage' retrieved from /home/airflow/.local/lib/python3.12/site-packages/airflow/example_dags/tutorial_objectstorage.py
[2025-08-25T12:36:09.492+0000] {logging_mixin.py:190} INFO - [2025-08-25T12:36:09.491+0000] {dag.py:3239} INFO - Sync 1 DAGs
[2025-08-25T12:36:09.514+0000] {logging_mixin.py:190} INFO - [2025-08-25T12:36:09.513+0000] {dag.py:4180} INFO - Setting next_dagrun for tutorial_objectstorage to None, run_after=None
[2025-08-25T12:36:09.542+0000] {processor.py:208} INFO - Processing /home/airflow/.local/lib/python3.12/site-packages/airflow/example_dags/tutorial_objectstorage.py took 0.105 seconds
[2025-08-25T12:36:39.927+0000] {processor.py:186} INFO - Started process (PID=240) to work on /home/airflow/.local/lib/python3.12/site-packages/airflow/example_dags/tutorial_objectstorage.py
[2025-08-25T12:36:39.929+0000] {processor.py:914} INFO - Processing file /home/airflow/.local/lib/python3.12/site-packages/airflow/example_dags/tutorial_objectstorage.py for tasks to queue
[2025-08-25T12:36:39.933+0000] {logging_mixin.py:190} INFO - [2025-08-25T12:36:39.932+0000] {dagbag.py:588} INFO - Filling up the DagBag from /home/airflow/.local/lib/python3.12/site-packages/airflow/example_dags/tutorial_objectstorage.py
[2025-08-25T12:36:39.950+0000] {processor.py:925} INFO - DAG(s) 'tutorial_objectstorage' retrieved from /home/airflow/.local/lib/python3.12/site-packages/airflow/example_dags/tutorial_objectstorage.py
[2025-08-25T12:36:39.994+0000] {logging_mixin.py:190} INFO - [2025-08-25T12:36:39.994+0000] {dag.py:3239} INFO - Sync 1 DAGs
[2025-08-25T12:36:40.033+0000] {logging_mixin.py:190} INFO - [2025-08-25T12:36:40.031+0000] {dag.py:4180} INFO - Setting next_dagrun for tutorial_objectstorage to None, run_after=None
[2025-08-25T12:36:40.077+0000] {processor.py:208} INFO - Processing /home/airflow/.local/lib/python3.12/site-packages/airflow/example_dags/tutorial_objectstorage.py took 0.160 seconds
[2025-08-25T12:37:10.127+0000] {processor.py:186} INFO - Started process (PID=303) to work on /home/airflow/.local/lib/python3.12/site-packages/airflow/example_dags/tutorial_objectstorage.py
[2025-08-25T12:37:10.128+0000] {processor.py:914} INFO - Processing file /home/airflow/.local/lib/python3.12/site-packages/airflow/example_dags/tutorial_objectstorage.py for tasks to queue
[2025-08-25T12:37:10.131+0000] {logging_mixin.py:190} INFO - [2025-08-25T12:37:10.130+0000] {dagbag.py:588} INFO - Filling up the DagBag from /home/airflow/.local/lib/python3.12/site-packages/airflow/example_dags/tutorial_objectstorage.py
[2025-08-25T12:37:10.143+0000] {processor.py:925} INFO - DAG(s) 'tutorial_objectstorage' retrieved from /home/airflow/.local/lib/python3.12/site-packages/airflow/example_dags/tutorial_objectstorage.py
[2025-08-25T12:37:10.173+0000] {logging_mixin.py:190} INFO - [2025-08-25T12:37:10.172+0000] {dag.py:3239} INFO - Sync 1 DAGs
[2025-08-25T12:37:10.195+0000] {logging_mixin.py:190} INFO - [2025-08-25T12:37:10.194+0000] {dag.py:4180} INFO - Setting next_dagrun for tutorial_objectstorage to None, run_after=None
[2025-08-25T12:37:10.223+0000] {processor.py:208} INFO - Processing /home/airflow/.local/lib/python3.12/site-packages/airflow/example_dags/tutorial_objectstorage.py took 0.104 seconds
[2025-08-25T12:37:40.273+0000] {processor.py:186} INFO - Started process (PID=367) to work on /home/airflow/.local/lib/python3.12/site-packages/airflow/example_dags/tutorial_objectstorage.py
[2025-08-25T12:37:40.274+0000] {processor.py:914} INFO - Processing file /home/airflow/.local/lib/python3.12/site-packages/airflow/example_dags/tutorial_objectstorage.py for tasks to queue
[2025-08-25T12:37:40.277+0000] {logging_mixin.py:190} INFO - [2025-08-25T12:37:40.276+0000] {dagbag.py:588} INFO - Filling up the DagBag from /home/airflow/.local/lib/python3.12/site-packages/airflow/example_dags/tutorial_objectstorage.py
[2025-08-25T12:37:40.288+0000] {processor.py:925} INFO - DAG(s) 'tutorial_objectstorage' retrieved from /home/airflow/.local/lib/python3.12/site-packages/airflow/example_dags/tutorial_objectstorage.py
[2025-08-25T12:37:40.314+0000] {logging_mixin.py:190} INFO - [2025-08-25T12:37:40.314+0000] {dag.py:3239} INFO - Sync 1 DAGs
[2025-08-25T12:37:40.333+0000] {logging_mixin.py:190} INFO - [2025-08-25T12:37:40.332+0000] {dag.py:4180} INFO - Setting next_dagrun for tutorial_objectstorage to None, run_after=None
[2025-08-25T12:37:40.358+0000] {processor.py:208} INFO - Processing /home/airflow/.local/lib/python3.12/site-packages/airflow/example_dags/tutorial_objectstorage.py took 0.092 seconds
[2025-08-25T12:38:11.057+0000] {processor.py:186} INFO - Started process (PID=431) to work on /home/airflow/.local/lib/python3.12/site-packages/airflow/example_dags/tutorial_objectstorage.py
[2025-08-25T12:38:11.058+0000] {processor.py:914} INFO - Processing file /home/airflow/.local/lib/python3.12/site-packages/airflow/example_dags/tutorial_objectstorage.py for tasks to queue
[2025-08-25T12:38:11.060+0000] {logging_mixin.py:190} INFO - [2025-08-25T12:38:11.060+0000] {dagbag.py:588} INFO - Filling up the DagBag from /home/airflow/.local/lib/python3.12/site-packages/airflow/example_dags/tutorial_objectstorage.py
[2025-08-25T12:38:11.069+0000] {processor.py:925} INFO - DAG(s) 'tutorial_objectstorage' retrieved from /home/airflow/.local/lib/python3.12/site-packages/airflow/example_dags/tutorial_objectstorage.py
[2025-08-25T12:38:11.100+0000] {logging_mixin.py:190} INFO - [2025-08-25T12:38:11.100+0000] {dag.py:3239} INFO - Sync 1 DAGs
[2025-08-25T12:38:11.125+0000] {logging_mixin.py:190} INFO - [2025-08-25T12:38:11.125+0000] {dag.py:4180} INFO - Setting next_dagrun for tutorial_objectstorage to None, run_after=None
[2025-08-25T12:38:11.153+0000] {processor.py:208} INFO - Processing /home/airflow/.local/lib/python3.12/site-packages/airflow/example_dags/tutorial_objectstorage.py took 0.104 seconds
[2025-08-25T12:38:41.589+0000] {processor.py:186} INFO - Started process (PID=495) to work on /home/airflow/.local/lib/python3.12/site-packages/airflow/example_dags/tutorial_objectstorage.py
[2025-08-25T12:38:41.591+0000] {processor.py:914} INFO - Processing file /home/airflow/.local/lib/python3.12/site-packages/airflow/example_dags/tutorial_objectstorage.py for tasks to queue
[2025-08-25T12:38:41.594+0000] {logging_mixin.py:190} INFO - [2025-08-25T12:38:41.594+0000] {dagbag.py:588} INFO - Filling up the DagBag from /home/airflow/.local/lib/python3.12/site-packages/airflow/example_dags/tutorial_objectstorage.py
[2025-08-25T12:38:41.608+0000] {processor.py:925} INFO - DAG(s) 'tutorial_objectstorage' retrieved from /home/airflow/.local/lib/python3.12/site-packages/airflow/example_dags/tutorial_objectstorage.py
[2025-08-25T12:38:41.636+0000] {logging_mixin.py:190} INFO - [2025-08-25T12:38:41.636+0000] {dag.py:3239} INFO - Sync 1 DAGs
[2025-08-25T12:38:41.654+0000] {logging_mixin.py:190} INFO - [2025-08-25T12:38:41.654+0000] {dag.py:4180} INFO - Setting next_dagrun for tutorial_objectstorage to None, run_after=None
[2025-08-25T12:38:41.682+0000] {processor.py:208} INFO - Processing /home/airflow/.local/lib/python3.12/site-packages/airflow/example_dags/tutorial_objectstorage.py took 0.105 seconds
[2025-08-25T12:39:12.006+0000] {processor.py:186} INFO - Started process (PID=559) to work on /home/airflow/.local/lib/python3.12/site-packages/airflow/example_dags/tutorial_objectstorage.py
[2025-08-25T12:39:12.008+0000] {processor.py:914} INFO - Processing file /home/airflow/.local/lib/python3.12/site-packages/airflow/example_dags/tutorial_objectstorage.py for tasks to queue
[2025-08-25T12:39:12.010+0000] {logging_mixin.py:190} INFO - [2025-08-25T12:39:12.010+0000] {dagbag.py:588} INFO - Filling up the DagBag from /home/airflow/.local/lib/python3.12/site-packages/airflow/example_dags/tutorial_objectstorage.py
[2025-08-25T12:39:12.019+0000] {processor.py:925} INFO - DAG(s) 'tutorial_objectstorage' retrieved from /home/airflow/.local/lib/python3.12/site-packages/airflow/example_dags/tutorial_objectstorage.py
[2025-08-25T12:39:12.047+0000] {logging_mixin.py:190} INFO - [2025-08-25T12:39:12.047+0000] {dag.py:3239} INFO - Sync 1 DAGs
[2025-08-25T12:39:12.063+0000] {logging_mixin.py:190} INFO - [2025-08-25T12:39:12.062+0000] {dag.py:4180} INFO - Setting next_dagrun for tutorial_objectstorage to None, run_after=None
[2025-08-25T12:39:12.089+0000] {processor.py:208} INFO - Processing /home/airflow/.local/lib/python3.12/site-packages/airflow/example_dags/tutorial_objectstorage.py took 0.094 seconds
[2025-08-25T12:39:42.250+0000] {processor.py:186} INFO - Started process (PID=623) to work on /home/airflow/.local/lib/python3.12/site-packages/airflow/example_dags/tutorial_objectstorage.py
[2025-08-25T12:39:42.251+0000] {processor.py:914} INFO - Processing file /home/airflow/.local/lib/python3.12/site-packages/airflow/example_dags/tutorial_objectstorage.py for tasks to queue
[2025-08-25T12:39:42.254+0000] {logging_mixin.py:190} INFO - [2025-08-25T12:39:42.253+0000] {dagbag.py:588} INFO - Filling up the DagBag from /home/airflow/.local/lib/python3.12/site-packages/airflow/example_dags/tutorial_objectstorage.py
[2025-08-25T12:39:42.264+0000] {processor.py:925} INFO - DAG(s) 'tutorial_objectstorage' retrieved from /home/airflow/.local/lib/python3.12/site-packages/airflow/example_dags/tutorial_objectstorage.py
[2025-08-25T12:39:42.293+0000] {logging_mixin.py:190} INFO - [2025-08-25T12:39:42.292+0000] {dag.py:3239} INFO - Sync 1 DAGs
[2025-08-25T12:39:42.314+0000] {logging_mixin.py:190} INFO - [2025-08-25T12:39:42.313+0000] {dag.py:4180} INFO - Setting next_dagrun for tutorial_objectstorage to None, run_after=None
[2025-08-25T12:39:42.340+0000] {processor.py:208} INFO - Processing /home/airflow/.local/lib/python3.12/site-packages/airflow/example_dags/tutorial_objectstorage.py took 0.097 seconds
[2025-08-25T12:40:12.489+0000] {processor.py:186} INFO - Started process (PID=687) to work on /home/airflow/.local/lib/python3.12/site-packages/airflow/example_dags/tutorial_objectstorage.py
[2025-08-25T12:40:12.490+0000] {processor.py:914} INFO - Processing file /home/airflow/.local/lib/python3.12/site-packages/airflow/example_dags/tutorial_objectstorage.py for tasks to queue
[2025-08-25T12:40:12.493+0000] {logging_mixin.py:190} INFO - [2025-08-25T12:40:12.492+0000] {dagbag.py:588} INFO - Filling up the DagBag from /home/airflow/.local/lib/python3.12/site-packages/airflow/example_dags/tutorial_objectstorage.py
[2025-08-25T12:40:12.503+0000] {processor.py:925} INFO - DAG(s) 'tutorial_objectstorage' retrieved from /home/airflow/.local/lib/python3.12/site-packages/airflow/example_dags/tutorial_objectstorage.py
[2025-08-25T12:40:12.531+0000] {logging_mixin.py:190} INFO - [2025-08-25T12:40:12.531+0000] {dag.py:3239} INFO - Sync 1 DAGs
[2025-08-25T12:40:12.549+0000] {logging_mixin.py:190} INFO - [2025-08-25T12:40:12.548+0000] {dag.py:4180} INFO - Setting next_dagrun for tutorial_objectstorage to None, run_after=None
[2025-08-25T12:40:12.571+0000] {processor.py:208} INFO - Processing /home/airflow/.local/lib/python3.12/site-packages/airflow/example_dags/tutorial_objectstorage.py took 0.090 seconds
[2025-08-25T12:40:43.418+0000] {processor.py:186} INFO - Started process (PID=753) to work on /home/airflow/.local/lib/python3.12/site-packages/airflow/example_dags/tutorial_objectstorage.py
[2025-08-25T12:40:43.419+0000] {processor.py:914} INFO - Processing file /home/airflow/.local/lib/python3.12/site-packages/airflow/example_dags/tutorial_objectstorage.py for tasks to queue
[2025-08-25T12:40:43.422+0000] {logging_mixin.py:190} INFO - [2025-08-25T12:40:43.422+0000] {dagbag.py:588} INFO - Filling up the DagBag from /home/airflow/.local/lib/python3.12/site-packages/airflow/example_dags/tutorial_objectstorage.py
[2025-08-25T12:40:43.434+0000] {processor.py:925} INFO - DAG(s) 'tutorial_objectstorage' retrieved from /home/airflow/.local/lib/python3.12/site-packages/airflow/example_dags/tutorial_objectstorage.py
[2025-08-25T12:40:43.460+0000] {logging_mixin.py:190} INFO - [2025-08-25T12:40:43.460+0000] {dag.py:3239} INFO - Sync 1 DAGs
[2025-08-25T12:40:43.476+0000] {logging_mixin.py:190} INFO - [2025-08-25T12:40:43.476+0000] {dag.py:4180} INFO - Setting next_dagrun for tutorial_objectstorage to None, run_after=None
[2025-08-25T12:40:43.501+0000] {processor.py:208} INFO - Processing /home/airflow/.local/lib/python3.12/site-packages/airflow/example_dags/tutorial_objectstorage.py took 0.091 seconds
[2025-08-25T12:41:14.021+0000] {processor.py:186} INFO - Started process (PID=818) to work on /home/airflow/.local/lib/python3.12/site-packages/airflow/example_dags/tutorial_objectstorage.py
[2025-08-25T12:41:14.023+0000] {processor.py:914} INFO - Processing file /home/airflow/.local/lib/python3.12/site-packages/airflow/example_dags/tutorial_objectstorage.py for tasks to queue
[2025-08-25T12:41:14.025+0000] {logging_mixin.py:190} INFO - [2025-08-25T12:41:14.025+0000] {dagbag.py:588} INFO - Filling up the DagBag from /home/airflow/.local/lib/python3.12/site-packages/airflow/example_dags/tutorial_objectstorage.py
[2025-08-25T12:41:14.035+0000] {processor.py:925} INFO - DAG(s) 'tutorial_objectstorage' retrieved from /home/airflow/.local/lib/python3.12/site-packages/airflow/example_dags/tutorial_objectstorage.py
[2025-08-25T12:41:14.071+0000] {logging_mixin.py:190} INFO - [2025-08-25T12:41:14.071+0000] {dag.py:3239} INFO - Sync 1 DAGs
[2025-08-25T12:41:14.088+0000] {logging_mixin.py:190} INFO - [2025-08-25T12:41:14.088+0000] {dag.py:4180} INFO - Setting next_dagrun for tutorial_objectstorage to None, run_after=None
[2025-08-25T12:41:14.122+0000] {processor.py:208} INFO - Processing /home/airflow/.local/lib/python3.12/site-packages/airflow/example_dags/tutorial_objectstorage.py took 0.108 seconds
[2025-08-25T12:41:44.857+0000] {processor.py:186} INFO - Started process (PID=882) to work on /home/airflow/.local/lib/python3.12/site-packages/airflow/example_dags/tutorial_objectstorage.py
[2025-08-25T12:41:44.858+0000] {processor.py:914} INFO - Processing file /home/airflow/.local/lib/python3.12/site-packages/airflow/example_dags/tutorial_objectstorage.py for tasks to queue
[2025-08-25T12:41:44.860+0000] {logging_mixin.py:190} INFO - [2025-08-25T12:41:44.860+0000] {dagbag.py:588} INFO - Filling up the DagBag from /home/airflow/.local/lib/python3.12/site-packages/airflow/example_dags/tutorial_objectstorage.py
[2025-08-25T12:41:44.871+0000] {processor.py:925} INFO - DAG(s) 'tutorial_objectstorage' retrieved from /home/airflow/.local/lib/python3.12/site-packages/airflow/example_dags/tutorial_objectstorage.py
[2025-08-25T12:41:44.898+0000] {logging_mixin.py:190} INFO - [2025-08-25T12:41:44.897+0000] {dag.py:3239} INFO - Sync 1 DAGs
[2025-08-25T12:41:44.921+0000] {logging_mixin.py:190} INFO - [2025-08-25T12:41:44.921+0000] {dag.py:4180} INFO - Setting next_dagrun for tutorial_objectstorage to None, run_after=None
[2025-08-25T12:41:44.948+0000] {processor.py:208} INFO - Processing /home/airflow/.local/lib/python3.12/site-packages/airflow/example_dags/tutorial_objectstorage.py took 0.101 seconds
[2025-08-25T12:42:15.763+0000] {processor.py:186} INFO - Started process (PID=946) to work on /home/airflow/.local/lib/python3.12/site-packages/airflow/example_dags/tutorial_objectstorage.py
[2025-08-25T12:42:15.764+0000] {processor.py:914} INFO - Processing file /home/airflow/.local/lib/python3.12/site-packages/airflow/example_dags/tutorial_objectstorage.py for tasks to queue
[2025-08-25T12:42:15.766+0000] {logging_mixin.py:190} INFO - [2025-08-25T12:42:15.766+0000] {dagbag.py:588} INFO - Filling up the DagBag from /home/airflow/.local/lib/python3.12/site-packages/airflow/example_dags/tutorial_objectstorage.py
[2025-08-25T12:42:15.776+0000] {processor.py:925} INFO - DAG(s) 'tutorial_objectstorage' retrieved from /home/airflow/.local/lib/python3.12/site-packages/airflow/example_dags/tutorial_objectstorage.py
[2025-08-25T12:42:15.800+0000] {logging_mixin.py:190} INFO - [2025-08-25T12:42:15.799+0000] {dag.py:3239} INFO - Sync 1 DAGs
[2025-08-25T12:42:15.817+0000] {logging_mixin.py:190} INFO - [2025-08-25T12:42:15.817+0000] {dag.py:4180} INFO - Setting next_dagrun for tutorial_objectstorage to None, run_after=None
[2025-08-25T12:42:15.841+0000] {processor.py:208} INFO - Processing /home/airflow/.local/lib/python3.12/site-packages/airflow/example_dags/tutorial_objectstorage.py took 0.087 seconds
[2025-08-25T12:42:46.373+0000] {processor.py:186} INFO - Started process (PID=1010) to work on /home/airflow/.local/lib/python3.12/site-packages/airflow/example_dags/tutorial_objectstorage.py
[2025-08-25T12:42:46.375+0000] {processor.py:914} INFO - Processing file /home/airflow/.local/lib/python3.12/site-packages/airflow/example_dags/tutorial_objectstorage.py for tasks to queue
[2025-08-25T12:42:46.379+0000] {logging_mixin.py:190} INFO - [2025-08-25T12:42:46.378+0000] {dagbag.py:588} INFO - Filling up the DagBag from /home/airflow/.local/lib/python3.12/site-packages/airflow/example_dags/tutorial_objectstorage.py
[2025-08-25T12:42:46.389+0000] {processor.py:925} INFO - DAG(s) 'tutorial_objectstorage' retrieved from /home/airflow/.local/lib/python3.12/site-packages/airflow/example_dags/tutorial_objectstorage.py
[2025-08-25T12:42:46.415+0000] {logging_mixin.py:190} INFO - [2025-08-25T12:42:46.415+0000] {dag.py:3239} INFO - Sync 1 DAGs
[2025-08-25T12:42:46.435+0000] {logging_mixin.py:190} INFO - [2025-08-25T12:42:46.434+0000] {dag.py:4180} INFO - Setting next_dagrun for tutorial_objectstorage to None, run_after=None
[2025-08-25T12:42:46.461+0000] {processor.py:208} INFO - Processing /home/airflow/.local/lib/python3.12/site-packages/airflow/example_dags/tutorial_objectstorage.py took 0.099 seconds
[2025-08-25T12:43:16.901+0000] {processor.py:186} INFO - Started process (PID=1074) to work on /home/airflow/.local/lib/python3.12/site-packages/airflow/example_dags/tutorial_objectstorage.py
[2025-08-25T12:43:16.903+0000] {processor.py:914} INFO - Processing file /home/airflow/.local/lib/python3.12/site-packages/airflow/example_dags/tutorial_objectstorage.py for tasks to queue
[2025-08-25T12:43:16.906+0000] {logging_mixin.py:190} INFO - [2025-08-25T12:43:16.906+0000] {dagbag.py:588} INFO - Filling up the DagBag from /home/airflow/.local/lib/python3.12/site-packages/airflow/example_dags/tutorial_objectstorage.py
[2025-08-25T12:43:16.918+0000] {processor.py:925} INFO - DAG(s) 'tutorial_objectstorage' retrieved from /home/airflow/.local/lib/python3.12/site-packages/airflow/example_dags/tutorial_objectstorage.py
[2025-08-25T12:43:16.946+0000] {logging_mixin.py:190} INFO - [2025-08-25T12:43:16.946+0000] {dag.py:3239} INFO - Sync 1 DAGs
[2025-08-25T12:43:16.964+0000] {logging_mixin.py:190} INFO - [2025-08-25T12:43:16.964+0000] {dag.py:4180} INFO - Setting next_dagrun for tutorial_objectstorage to None, run_after=None
[2025-08-25T12:43:16.988+0000] {processor.py:208} INFO - Processing /home/airflow/.local/lib/python3.12/site-packages/airflow/example_dags/tutorial_objectstorage.py took 0.097 seconds
[2025-08-25T12:43:47.460+0000] {processor.py:186} INFO - Started process (PID=1138) to work on /home/airflow/.local/lib/python3.12/site-packages/airflow/example_dags/tutorial_objectstorage.py
[2025-08-25T12:43:47.462+0000] {processor.py:914} INFO - Processing file /home/airflow/.local/lib/python3.12/site-packages/airflow/example_dags/tutorial_objectstorage.py for tasks to queue
[2025-08-25T12:43:47.465+0000] {logging_mixin.py:190} INFO - [2025-08-25T12:43:47.465+0000] {dagbag.py:588} INFO - Filling up the DagBag from /home/airflow/.local/lib/python3.12/site-packages/airflow/example_dags/tutorial_objectstorage.py
[2025-08-25T12:43:47.478+0000] {processor.py:925} INFO - DAG(s) 'tutorial_objectstorage' retrieved from /home/airflow/.local/lib/python3.12/site-packages/airflow/example_dags/tutorial_objectstorage.py
[2025-08-25T12:43:47.509+0000] {logging_mixin.py:190} INFO - [2025-08-25T12:43:47.508+0000] {dag.py:3239} INFO - Sync 1 DAGs
[2025-08-25T12:43:47.534+0000] {logging_mixin.py:190} INFO - [2025-08-25T12:43:47.534+0000] {dag.py:4180} INFO - Setting next_dagrun for tutorial_objectstorage to None, run_after=None
[2025-08-25T12:43:47.572+0000] {processor.py:208} INFO - Processing /home/airflow/.local/lib/python3.12/site-packages/airflow/example_dags/tutorial_objectstorage.py took 0.121 seconds
[2025-08-25T12:44:17.888+0000] {processor.py:186} INFO - Started process (PID=1202) to work on /home/airflow/.local/lib/python3.12/site-packages/airflow/example_dags/tutorial_objectstorage.py
[2025-08-25T12:44:17.889+0000] {processor.py:914} INFO - Processing file /home/airflow/.local/lib/python3.12/site-packages/airflow/example_dags/tutorial_objectstorage.py for tasks to queue
[2025-08-25T12:44:17.891+0000] {logging_mixin.py:190} INFO - [2025-08-25T12:44:17.891+0000] {dagbag.py:588} INFO - Filling up the DagBag from /home/airflow/.local/lib/python3.12/site-packages/airflow/example_dags/tutorial_objectstorage.py
[2025-08-25T12:44:17.901+0000] {processor.py:925} INFO - DAG(s) 'tutorial_objectstorage' retrieved from /home/airflow/.local/lib/python3.12/site-packages/airflow/example_dags/tutorial_objectstorage.py
[2025-08-25T12:44:17.931+0000] {logging_mixin.py:190} INFO - [2025-08-25T12:44:17.931+0000] {dag.py:3239} INFO - Sync 1 DAGs
[2025-08-25T12:44:17.946+0000] {logging_mixin.py:190} INFO - [2025-08-25T12:44:17.946+0000] {dag.py:4180} INFO - Setting next_dagrun for tutorial_objectstorage to None, run_after=None
[2025-08-25T12:44:17.972+0000] {processor.py:208} INFO - Processing /home/airflow/.local/lib/python3.12/site-packages/airflow/example_dags/tutorial_objectstorage.py took 0.092 seconds
[2025-08-25T12:44:48.669+0000] {processor.py:186} INFO - Started process (PID=1266) to work on /home/airflow/.local/lib/python3.12/site-packages/airflow/example_dags/tutorial_objectstorage.py
[2025-08-25T12:44:48.670+0000] {processor.py:914} INFO - Processing file /home/airflow/.local/lib/python3.12/site-packages/airflow/example_dags/tutorial_objectstorage.py for tasks to queue
[2025-08-25T12:44:48.674+0000] {logging_mixin.py:190} INFO - [2025-08-25T12:44:48.673+0000] {dagbag.py:588} INFO - Filling up the DagBag from /home/airflow/.local/lib/python3.12/site-packages/airflow/example_dags/tutorial_objectstorage.py
[2025-08-25T12:44:48.692+0000] {processor.py:925} INFO - DAG(s) 'tutorial_objectstorage' retrieved from /home/airflow/.local/lib/python3.12/site-packages/airflow/example_dags/tutorial_objectstorage.py
[2025-08-25T12:44:48.714+0000] {logging_mixin.py:190} INFO - [2025-08-25T12:44:48.714+0000] {dag.py:3239} INFO - Sync 1 DAGs
[2025-08-25T12:44:48.730+0000] {logging_mixin.py:190} INFO - [2025-08-25T12:44:48.729+0000] {dag.py:4180} INFO - Setting next_dagrun for tutorial_objectstorage to None, run_after=None
[2025-08-25T12:44:48.752+0000] {processor.py:208} INFO - Processing /home/airflow/.local/lib/python3.12/site-packages/airflow/example_dags/tutorial_objectstorage.py took 0.089 seconds
[2025-08-25T12:45:19.286+0000] {processor.py:186} INFO - Started process (PID=1330) to work on /home/airflow/.local/lib/python3.12/site-packages/airflow/example_dags/tutorial_objectstorage.py
[2025-08-25T12:45:19.287+0000] {processor.py:914} INFO - Processing file /home/airflow/.local/lib/python3.12/site-packages/airflow/example_dags/tutorial_objectstorage.py for tasks to queue
[2025-08-25T12:45:19.289+0000] {logging_mixin.py:190} INFO - [2025-08-25T12:45:19.289+0000] {dagbag.py:588} INFO - Filling up the DagBag from /home/airflow/.local/lib/python3.12/site-packages/airflow/example_dags/tutorial_objectstorage.py
[2025-08-25T12:45:19.300+0000] {processor.py:925} INFO - DAG(s) 'tutorial_objectstorage' retrieved from /home/airflow/.local/lib/python3.12/site-packages/airflow/example_dags/tutorial_objectstorage.py
[2025-08-25T12:45:19.325+0000] {logging_mixin.py:190} INFO - [2025-08-25T12:45:19.325+0000] {dag.py:3239} INFO - Sync 1 DAGs
[2025-08-25T12:45:19.345+0000] {logging_mixin.py:190} INFO - [2025-08-25T12:45:19.345+0000] {dag.py:4180} INFO - Setting next_dagrun for tutorial_objectstorage to None, run_after=None
[2025-08-25T12:45:19.367+0000] {processor.py:208} INFO - Processing /home/airflow/.local/lib/python3.12/site-packages/airflow/example_dags/tutorial_objectstorage.py took 0.089 seconds
[2025-08-25T12:45:50.402+0000] {processor.py:186} INFO - Started process (PID=1394) to work on /home/airflow/.local/lib/python3.12/site-packages/airflow/example_dags/tutorial_objectstorage.py
[2025-08-25T12:45:50.403+0000] {processor.py:914} INFO - Processing file /home/airflow/.local/lib/python3.12/site-packages/airflow/example_dags/tutorial_objectstorage.py for tasks to queue
[2025-08-25T12:45:50.406+0000] {logging_mixin.py:190} INFO - [2025-08-25T12:45:50.405+0000] {dagbag.py:588} INFO - Filling up the DagBag from /home/airflow/.local/lib/python3.12/site-packages/airflow/example_dags/tutorial_objectstorage.py
[2025-08-25T12:45:50.418+0000] {processor.py:925} INFO - DAG(s) 'tutorial_objectstorage' retrieved from /home/airflow/.local/lib/python3.12/site-packages/airflow/example_dags/tutorial_objectstorage.py
[2025-08-25T12:45:50.445+0000] {logging_mixin.py:190} INFO - [2025-08-25T12:45:50.444+0000] {dag.py:3239} INFO - Sync 1 DAGs
[2025-08-25T12:45:50.465+0000] {logging_mixin.py:190} INFO - [2025-08-25T12:45:50.464+0000] {dag.py:4180} INFO - Setting next_dagrun for tutorial_objectstorage to None, run_after=None
[2025-08-25T12:45:50.499+0000] {processor.py:208} INFO - Processing /home/airflow/.local/lib/python3.12/site-packages/airflow/example_dags/tutorial_objectstorage.py took 0.108 seconds
[2025-08-25T12:46:21.643+0000] {processor.py:186} INFO - Started process (PID=1458) to work on /home/airflow/.local/lib/python3.12/site-packages/airflow/example_dags/tutorial_objectstorage.py
[2025-08-25T12:46:21.644+0000] {processor.py:914} INFO - Processing file /home/airflow/.local/lib/python3.12/site-packages/airflow/example_dags/tutorial_objectstorage.py for tasks to queue
[2025-08-25T12:46:21.646+0000] {logging_mixin.py:190} INFO - [2025-08-25T12:46:21.646+0000] {dagbag.py:588} INFO - Filling up the DagBag from /home/airflow/.local/lib/python3.12/site-packages/airflow/example_dags/tutorial_objectstorage.py
[2025-08-25T12:46:21.657+0000] {processor.py:925} INFO - DAG(s) 'tutorial_objectstorage' retrieved from /home/airflow/.local/lib/python3.12/site-packages/airflow/example_dags/tutorial_objectstorage.py
[2025-08-25T12:46:21.688+0000] {logging_mixin.py:190} INFO - [2025-08-25T12:46:21.688+0000] {dag.py:3239} INFO - Sync 1 DAGs
[2025-08-25T12:46:21.709+0000] {logging_mixin.py:190} INFO - [2025-08-25T12:46:21.709+0000] {dag.py:4180} INFO - Setting next_dagrun for tutorial_objectstorage to None, run_after=None
[2025-08-25T12:46:21.733+0000] {processor.py:208} INFO - Processing /home/airflow/.local/lib/python3.12/site-packages/airflow/example_dags/tutorial_objectstorage.py took 0.097 seconds
[2025-08-25T12:46:52.021+0000] {processor.py:186} INFO - Started process (PID=1522) to work on /home/airflow/.local/lib/python3.12/site-packages/airflow/example_dags/tutorial_objectstorage.py
[2025-08-25T12:46:52.022+0000] {processor.py:914} INFO - Processing file /home/airflow/.local/lib/python3.12/site-packages/airflow/example_dags/tutorial_objectstorage.py for tasks to queue
[2025-08-25T12:46:52.027+0000] {logging_mixin.py:190} INFO - [2025-08-25T12:46:52.026+0000] {dagbag.py:588} INFO - Filling up the DagBag from /home/airflow/.local/lib/python3.12/site-packages/airflow/example_dags/tutorial_objectstorage.py
[2025-08-25T12:46:52.040+0000] {processor.py:925} INFO - DAG(s) 'tutorial_objectstorage' retrieved from /home/airflow/.local/lib/python3.12/site-packages/airflow/example_dags/tutorial_objectstorage.py
[2025-08-25T12:46:52.068+0000] {logging_mixin.py:190} INFO - [2025-08-25T12:46:52.067+0000] {dag.py:3239} INFO - Sync 1 DAGs
[2025-08-25T12:46:52.084+0000] {logging_mixin.py:190} INFO - [2025-08-25T12:46:52.084+0000] {dag.py:4180} INFO - Setting next_dagrun for tutorial_objectstorage to None, run_after=None
[2025-08-25T12:46:52.108+0000] {processor.py:208} INFO - Processing /home/airflow/.local/lib/python3.12/site-packages/airflow/example_dags/tutorial_objectstorage.py took 0.098 seconds
[2025-08-25T12:47:22.383+0000] {processor.py:186} INFO - Started process (PID=1586) to work on /home/airflow/.local/lib/python3.12/site-packages/airflow/example_dags/tutorial_objectstorage.py
[2025-08-25T12:47:22.384+0000] {processor.py:914} INFO - Processing file /home/airflow/.local/lib/python3.12/site-packages/airflow/example_dags/tutorial_objectstorage.py for tasks to queue
[2025-08-25T12:47:22.386+0000] {logging_mixin.py:190} INFO - [2025-08-25T12:47:22.386+0000] {dagbag.py:588} INFO - Filling up the DagBag from /home/airflow/.local/lib/python3.12/site-packages/airflow/example_dags/tutorial_objectstorage.py
[2025-08-25T12:47:22.396+0000] {processor.py:925} INFO - DAG(s) 'tutorial_objectstorage' retrieved from /home/airflow/.local/lib/python3.12/site-packages/airflow/example_dags/tutorial_objectstorage.py
[2025-08-25T12:47:22.424+0000] {logging_mixin.py:190} INFO - [2025-08-25T12:47:22.424+0000] {dag.py:3239} INFO - Sync 1 DAGs
[2025-08-25T12:47:22.441+0000] {logging_mixin.py:190} INFO - [2025-08-25T12:47:22.441+0000] {dag.py:4180} INFO - Setting next_dagrun for tutorial_objectstorage to None, run_after=None
[2025-08-25T12:47:22.467+0000] {processor.py:208} INFO - Processing /home/airflow/.local/lib/python3.12/site-packages/airflow/example_dags/tutorial_objectstorage.py took 0.091 seconds
[2025-08-25T12:47:52.792+0000] {processor.py:186} INFO - Started process (PID=1650) to work on /home/airflow/.local/lib/python3.12/site-packages/airflow/example_dags/tutorial_objectstorage.py
[2025-08-25T12:47:52.793+0000] {processor.py:914} INFO - Processing file /home/airflow/.local/lib/python3.12/site-packages/airflow/example_dags/tutorial_objectstorage.py for tasks to queue
[2025-08-25T12:47:52.796+0000] {logging_mixin.py:190} INFO - [2025-08-25T12:47:52.795+0000] {dagbag.py:588} INFO - Filling up the DagBag from /home/airflow/.local/lib/python3.12/site-packages/airflow/example_dags/tutorial_objectstorage.py
[2025-08-25T12:47:52.809+0000] {processor.py:925} INFO - DAG(s) 'tutorial_objectstorage' retrieved from /home/airflow/.local/lib/python3.12/site-packages/airflow/example_dags/tutorial_objectstorage.py
[2025-08-25T12:47:52.837+0000] {logging_mixin.py:190} INFO - [2025-08-25T12:47:52.837+0000] {dag.py:3239} INFO - Sync 1 DAGs
[2025-08-25T12:47:52.856+0000] {logging_mixin.py:190} INFO - [2025-08-25T12:47:52.856+0000] {dag.py:4180} INFO - Setting next_dagrun for tutorial_objectstorage to None, run_after=None
[2025-08-25T12:47:52.882+0000] {processor.py:208} INFO - Processing /home/airflow/.local/lib/python3.12/site-packages/airflow/example_dags/tutorial_objectstorage.py took 0.099 seconds
[2025-08-25T12:48:23.390+0000] {processor.py:186} INFO - Started process (PID=1714) to work on /home/airflow/.local/lib/python3.12/site-packages/airflow/example_dags/tutorial_objectstorage.py
[2025-08-25T12:48:23.391+0000] {processor.py:914} INFO - Processing file /home/airflow/.local/lib/python3.12/site-packages/airflow/example_dags/tutorial_objectstorage.py for tasks to queue
[2025-08-25T12:48:23.394+0000] {logging_mixin.py:190} INFO - [2025-08-25T12:48:23.393+0000] {dagbag.py:588} INFO - Filling up the DagBag from /home/airflow/.local/lib/python3.12/site-packages/airflow/example_dags/tutorial_objectstorage.py
[2025-08-25T12:48:23.404+0000] {processor.py:925} INFO - DAG(s) 'tutorial_objectstorage' retrieved from /home/airflow/.local/lib/python3.12/site-packages/airflow/example_dags/tutorial_objectstorage.py
[2025-08-25T12:48:23.430+0000] {logging_mixin.py:190} INFO - [2025-08-25T12:48:23.430+0000] {dag.py:3239} INFO - Sync 1 DAGs
[2025-08-25T12:48:23.447+0000] {logging_mixin.py:190} INFO - [2025-08-25T12:48:23.446+0000] {dag.py:4180} INFO - Setting next_dagrun for tutorial_objectstorage to None, run_after=None
[2025-08-25T12:48:23.471+0000] {processor.py:208} INFO - Processing /home/airflow/.local/lib/python3.12/site-packages/airflow/example_dags/tutorial_objectstorage.py took 0.087 seconds
[2025-08-25T12:48:53.781+0000] {processor.py:186} INFO - Started process (PID=1778) to work on /home/airflow/.local/lib/python3.12/site-packages/airflow/example_dags/tutorial_objectstorage.py
[2025-08-25T12:48:53.782+0000] {processor.py:914} INFO - Processing file /home/airflow/.local/lib/python3.12/site-packages/airflow/example_dags/tutorial_objectstorage.py for tasks to queue
[2025-08-25T12:48:53.784+0000] {logging_mixin.py:190} INFO - [2025-08-25T12:48:53.784+0000] {dagbag.py:588} INFO - Filling up the DagBag from /home/airflow/.local/lib/python3.12/site-packages/airflow/example_dags/tutorial_objectstorage.py
[2025-08-25T12:48:53.793+0000] {processor.py:925} INFO - DAG(s) 'tutorial_objectstorage' retrieved from /home/airflow/.local/lib/python3.12/site-packages/airflow/example_dags/tutorial_objectstorage.py
[2025-08-25T12:48:53.820+0000] {logging_mixin.py:190} INFO - [2025-08-25T12:48:53.820+0000] {dag.py:3239} INFO - Sync 1 DAGs
[2025-08-25T12:48:53.838+0000] {logging_mixin.py:190} INFO - [2025-08-25T12:48:53.837+0000] {dag.py:4180} INFO - Setting next_dagrun for tutorial_objectstorage to None, run_after=None
[2025-08-25T12:48:53.865+0000] {processor.py:208} INFO - Processing /home/airflow/.local/lib/python3.12/site-packages/airflow/example_dags/tutorial_objectstorage.py took 0.091 seconds
[2025-08-25T12:49:24.841+0000] {processor.py:186} INFO - Started process (PID=1842) to work on /home/airflow/.local/lib/python3.12/site-packages/airflow/example_dags/tutorial_objectstorage.py
[2025-08-25T12:49:24.842+0000] {processor.py:914} INFO - Processing file /home/airflow/.local/lib/python3.12/site-packages/airflow/example_dags/tutorial_objectstorage.py for tasks to queue
[2025-08-25T12:49:24.845+0000] {logging_mixin.py:190} INFO - [2025-08-25T12:49:24.844+0000] {dagbag.py:588} INFO - Filling up the DagBag from /home/airflow/.local/lib/python3.12/site-packages/airflow/example_dags/tutorial_objectstorage.py
[2025-08-25T12:49:24.855+0000] {processor.py:925} INFO - DAG(s) 'tutorial_objectstorage' retrieved from /home/airflow/.local/lib/python3.12/site-packages/airflow/example_dags/tutorial_objectstorage.py
[2025-08-25T12:49:24.880+0000] {logging_mixin.py:190} INFO - [2025-08-25T12:49:24.880+0000] {dag.py:3239} INFO - Sync 1 DAGs
[2025-08-25T12:49:24.897+0000] {logging_mixin.py:190} INFO - [2025-08-25T12:49:24.897+0000] {dag.py:4180} INFO - Setting next_dagrun for tutorial_objectstorage to None, run_after=None
[2025-08-25T12:49:24.921+0000] {processor.py:208} INFO - Processing /home/airflow/.local/lib/python3.12/site-packages/airflow/example_dags/tutorial_objectstorage.py took 0.088 seconds
[2025-08-25T12:49:55.146+0000] {processor.py:186} INFO - Started process (PID=1906) to work on /home/airflow/.local/lib/python3.12/site-packages/airflow/example_dags/tutorial_objectstorage.py
[2025-08-25T12:49:55.147+0000] {processor.py:914} INFO - Processing file /home/airflow/.local/lib/python3.12/site-packages/airflow/example_dags/tutorial_objectstorage.py for tasks to queue
[2025-08-25T12:49:55.150+0000] {logging_mixin.py:190} INFO - [2025-08-25T12:49:55.150+0000] {dagbag.py:588} INFO - Filling up the DagBag from /home/airflow/.local/lib/python3.12/site-packages/airflow/example_dags/tutorial_objectstorage.py
[2025-08-25T12:49:55.161+0000] {processor.py:925} INFO - DAG(s) 'tutorial_objectstorage' retrieved from /home/airflow/.local/lib/python3.12/site-packages/airflow/example_dags/tutorial_objectstorage.py
[2025-08-25T12:49:55.185+0000] {logging_mixin.py:190} INFO - [2025-08-25T12:49:55.185+0000] {dag.py:3239} INFO - Sync 1 DAGs
[2025-08-25T12:49:55.208+0000] {logging_mixin.py:190} INFO - [2025-08-25T12:49:55.207+0000] {dag.py:4180} INFO - Setting next_dagrun for tutorial_objectstorage to None, run_after=None
[2025-08-25T12:49:55.245+0000] {processor.py:208} INFO - Processing /home/airflow/.local/lib/python3.12/site-packages/airflow/example_dags/tutorial_objectstorage.py took 0.107 seconds
[2025-08-25T12:50:25.581+0000] {processor.py:186} INFO - Started process (PID=1970) to work on /home/airflow/.local/lib/python3.12/site-packages/airflow/example_dags/tutorial_objectstorage.py
[2025-08-25T12:50:25.582+0000] {processor.py:914} INFO - Processing file /home/airflow/.local/lib/python3.12/site-packages/airflow/example_dags/tutorial_objectstorage.py for tasks to queue
[2025-08-25T12:50:25.584+0000] {logging_mixin.py:190} INFO - [2025-08-25T12:50:25.584+0000] {dagbag.py:588} INFO - Filling up the DagBag from /home/airflow/.local/lib/python3.12/site-packages/airflow/example_dags/tutorial_objectstorage.py
[2025-08-25T12:50:25.593+0000] {processor.py:925} INFO - DAG(s) 'tutorial_objectstorage' retrieved from /home/airflow/.local/lib/python3.12/site-packages/airflow/example_dags/tutorial_objectstorage.py
[2025-08-25T12:50:25.622+0000] {logging_mixin.py:190} INFO - [2025-08-25T12:50:25.622+0000] {dag.py:3239} INFO - Sync 1 DAGs
[2025-08-25T12:50:25.646+0000] {logging_mixin.py:190} INFO - [2025-08-25T12:50:25.645+0000] {dag.py:4180} INFO - Setting next_dagrun for tutorial_objectstorage to None, run_after=None
[2025-08-25T12:50:25.673+0000] {processor.py:208} INFO - Processing /home/airflow/.local/lib/python3.12/site-packages/airflow/example_dags/tutorial_objectstorage.py took 0.099 seconds
[2025-08-25T12:50:56.554+0000] {processor.py:186} INFO - Started process (PID=2034) to work on /home/airflow/.local/lib/python3.12/site-packages/airflow/example_dags/tutorial_objectstorage.py
[2025-08-25T12:50:56.555+0000] {processor.py:914} INFO - Processing file /home/airflow/.local/lib/python3.12/site-packages/airflow/example_dags/tutorial_objectstorage.py for tasks to queue
[2025-08-25T12:50:56.558+0000] {logging_mixin.py:190} INFO - [2025-08-25T12:50:56.557+0000] {dagbag.py:588} INFO - Filling up the DagBag from /home/airflow/.local/lib/python3.12/site-packages/airflow/example_dags/tutorial_objectstorage.py
[2025-08-25T12:50:56.569+0000] {processor.py:925} INFO - DAG(s) 'tutorial_objectstorage' retrieved from /home/airflow/.local/lib/python3.12/site-packages/airflow/example_dags/tutorial_objectstorage.py
[2025-08-25T12:50:56.597+0000] {logging_mixin.py:190} INFO - [2025-08-25T12:50:56.597+0000] {dag.py:3239} INFO - Sync 1 DAGs
[2025-08-25T12:50:56.619+0000] {logging_mixin.py:190} INFO - [2025-08-25T12:50:56.619+0000] {dag.py:4180} INFO - Setting next_dagrun for tutorial_objectstorage to None, run_after=None
[2025-08-25T12:50:56.651+0000] {processor.py:208} INFO - Processing /home/airflow/.local/lib/python3.12/site-packages/airflow/example_dags/tutorial_objectstorage.py took 0.104 seconds
[2025-08-25T12:51:27.029+0000] {processor.py:186} INFO - Started process (PID=2098) to work on /home/airflow/.local/lib/python3.12/site-packages/airflow/example_dags/tutorial_objectstorage.py
[2025-08-25T12:51:27.030+0000] {processor.py:914} INFO - Processing file /home/airflow/.local/lib/python3.12/site-packages/airflow/example_dags/tutorial_objectstorage.py for tasks to queue
[2025-08-25T12:51:27.033+0000] {logging_mixin.py:190} INFO - [2025-08-25T12:51:27.033+0000] {dagbag.py:588} INFO - Filling up the DagBag from /home/airflow/.local/lib/python3.12/site-packages/airflow/example_dags/tutorial_objectstorage.py
[2025-08-25T12:51:27.046+0000] {processor.py:925} INFO - DAG(s) 'tutorial_objectstorage' retrieved from /home/airflow/.local/lib/python3.12/site-packages/airflow/example_dags/tutorial_objectstorage.py
[2025-08-25T12:51:27.078+0000] {logging_mixin.py:190} INFO - [2025-08-25T12:51:27.078+0000] {dag.py:3239} INFO - Sync 1 DAGs
[2025-08-25T12:51:27.100+0000] {logging_mixin.py:190} INFO - [2025-08-25T12:51:27.099+0000] {dag.py:4180} INFO - Setting next_dagrun for tutorial_objectstorage to None, run_after=None
[2025-08-25T12:51:27.124+0000] {processor.py:208} INFO - Processing /home/airflow/.local/lib/python3.12/site-packages/airflow/example_dags/tutorial_objectstorage.py took 0.104 seconds
[2025-08-25T12:51:57.751+0000] {processor.py:186} INFO - Started process (PID=2162) to work on /home/airflow/.local/lib/python3.12/site-packages/airflow/example_dags/tutorial_objectstorage.py
[2025-08-25T12:51:57.752+0000] {processor.py:914} INFO - Processing file /home/airflow/.local/lib/python3.12/site-packages/airflow/example_dags/tutorial_objectstorage.py for tasks to queue
[2025-08-25T12:51:57.754+0000] {logging_mixin.py:190} INFO - [2025-08-25T12:51:57.754+0000] {dagbag.py:588} INFO - Filling up the DagBag from /home/airflow/.local/lib/python3.12/site-packages/airflow/example_dags/tutorial_objectstorage.py
[2025-08-25T12:51:57.766+0000] {processor.py:925} INFO - DAG(s) 'tutorial_objectstorage' retrieved from /home/airflow/.local/lib/python3.12/site-packages/airflow/example_dags/tutorial_objectstorage.py
[2025-08-25T12:51:57.794+0000] {logging_mixin.py:190} INFO - [2025-08-25T12:51:57.794+0000] {dag.py:3239} INFO - Sync 1 DAGs
[2025-08-25T12:51:57.812+0000] {logging_mixin.py:190} INFO - [2025-08-25T12:51:57.811+0000] {dag.py:4180} INFO - Setting next_dagrun for tutorial_objectstorage to None, run_after=None
[2025-08-25T12:51:57.836+0000] {processor.py:208} INFO - Processing /home/airflow/.local/lib/python3.12/site-packages/airflow/example_dags/tutorial_objectstorage.py took 0.093 seconds
[2025-08-25T12:52:28.421+0000] {processor.py:186} INFO - Started process (PID=2226) to work on /home/airflow/.local/lib/python3.12/site-packages/airflow/example_dags/tutorial_objectstorage.py
[2025-08-25T12:52:28.423+0000] {processor.py:914} INFO - Processing file /home/airflow/.local/lib/python3.12/site-packages/airflow/example_dags/tutorial_objectstorage.py for tasks to queue
[2025-08-25T12:52:28.426+0000] {logging_mixin.py:190} INFO - [2025-08-25T12:52:28.426+0000] {dagbag.py:588} INFO - Filling up the DagBag from /home/airflow/.local/lib/python3.12/site-packages/airflow/example_dags/tutorial_objectstorage.py
[2025-08-25T12:52:28.441+0000] {processor.py:925} INFO - DAG(s) 'tutorial_objectstorage' retrieved from /home/airflow/.local/lib/python3.12/site-packages/airflow/example_dags/tutorial_objectstorage.py
[2025-08-25T12:52:28.482+0000] {logging_mixin.py:190} INFO - [2025-08-25T12:52:28.481+0000] {dag.py:3239} INFO - Sync 1 DAGs
[2025-08-25T12:52:28.510+0000] {logging_mixin.py:190} INFO - [2025-08-25T12:52:28.510+0000] {dag.py:4180} INFO - Setting next_dagrun for tutorial_objectstorage to None, run_after=None
[2025-08-25T12:52:28.550+0000] {processor.py:208} INFO - Processing /home/airflow/.local/lib/python3.12/site-packages/airflow/example_dags/tutorial_objectstorage.py took 0.139 seconds
[2025-08-25T12:52:58.718+0000] {processor.py:186} INFO - Started process (PID=2290) to work on /home/airflow/.local/lib/python3.12/site-packages/airflow/example_dags/tutorial_objectstorage.py
[2025-08-25T12:52:58.719+0000] {processor.py:914} INFO - Processing file /home/airflow/.local/lib/python3.12/site-packages/airflow/example_dags/tutorial_objectstorage.py for tasks to queue
[2025-08-25T12:52:58.722+0000] {logging_mixin.py:190} INFO - [2025-08-25T12:52:58.721+0000] {dagbag.py:588} INFO - Filling up the DagBag from /home/airflow/.local/lib/python3.12/site-packages/airflow/example_dags/tutorial_objectstorage.py
[2025-08-25T12:52:58.733+0000] {processor.py:925} INFO - DAG(s) 'tutorial_objectstorage' retrieved from /home/airflow/.local/lib/python3.12/site-packages/airflow/example_dags/tutorial_objectstorage.py
[2025-08-25T12:52:58.759+0000] {logging_mixin.py:190} INFO - [2025-08-25T12:52:58.759+0000] {dag.py:3239} INFO - Sync 1 DAGs
[2025-08-25T12:52:58.776+0000] {logging_mixin.py:190} INFO - [2025-08-25T12:52:58.776+0000] {dag.py:4180} INFO - Setting next_dagrun for tutorial_objectstorage to None, run_after=None
[2025-08-25T12:52:58.802+0000] {processor.py:208} INFO - Processing /home/airflow/.local/lib/python3.12/site-packages/airflow/example_dags/tutorial_objectstorage.py took 0.091 seconds
[2025-08-25T12:53:29.878+0000] {processor.py:186} INFO - Started process (PID=2360) to work on /home/airflow/.local/lib/python3.12/site-packages/airflow/example_dags/tutorial_objectstorage.py
[2025-08-25T12:53:29.879+0000] {processor.py:914} INFO - Processing file /home/airflow/.local/lib/python3.12/site-packages/airflow/example_dags/tutorial_objectstorage.py for tasks to queue
[2025-08-25T12:53:29.881+0000] {logging_mixin.py:190} INFO - [2025-08-25T12:53:29.881+0000] {dagbag.py:588} INFO - Filling up the DagBag from /home/airflow/.local/lib/python3.12/site-packages/airflow/example_dags/tutorial_objectstorage.py
[2025-08-25T12:53:29.893+0000] {processor.py:925} INFO - DAG(s) 'tutorial_objectstorage' retrieved from /home/airflow/.local/lib/python3.12/site-packages/airflow/example_dags/tutorial_objectstorage.py
[2025-08-25T12:53:29.923+0000] {logging_mixin.py:190} INFO - [2025-08-25T12:53:29.922+0000] {dag.py:3239} INFO - Sync 1 DAGs
[2025-08-25T12:53:29.941+0000] {logging_mixin.py:190} INFO - [2025-08-25T12:53:29.940+0000] {dag.py:4180} INFO - Setting next_dagrun for tutorial_objectstorage to None, run_after=None
[2025-08-25T12:53:29.965+0000] {processor.py:208} INFO - Processing /home/airflow/.local/lib/python3.12/site-packages/airflow/example_dags/tutorial_objectstorage.py took 0.094 seconds
[2025-08-25T12:54:00.337+0000] {processor.py:186} INFO - Started process (PID=2424) to work on /home/airflow/.local/lib/python3.12/site-packages/airflow/example_dags/tutorial_objectstorage.py
[2025-08-25T12:54:00.339+0000] {processor.py:914} INFO - Processing file /home/airflow/.local/lib/python3.12/site-packages/airflow/example_dags/tutorial_objectstorage.py for tasks to queue
[2025-08-25T12:54:00.344+0000] {logging_mixin.py:190} INFO - [2025-08-25T12:54:00.343+0000] {dagbag.py:588} INFO - Filling up the DagBag from /home/airflow/.local/lib/python3.12/site-packages/airflow/example_dags/tutorial_objectstorage.py
[2025-08-25T12:54:00.368+0000] {processor.py:925} INFO - DAG(s) 'tutorial_objectstorage' retrieved from /home/airflow/.local/lib/python3.12/site-packages/airflow/example_dags/tutorial_objectstorage.py
[2025-08-25T12:54:00.414+0000] {logging_mixin.py:190} INFO - [2025-08-25T12:54:00.413+0000] {dag.py:3239} INFO - Sync 1 DAGs
[2025-08-25T12:54:00.444+0000] {logging_mixin.py:190} INFO - [2025-08-25T12:54:00.443+0000] {dag.py:4180} INFO - Setting next_dagrun for tutorial_objectstorage to None, run_after=None
[2025-08-25T12:54:00.484+0000] {processor.py:208} INFO - Processing /home/airflow/.local/lib/python3.12/site-packages/airflow/example_dags/tutorial_objectstorage.py took 0.161 seconds
[2025-08-25T12:54:31.104+0000] {processor.py:186} INFO - Started process (PID=2488) to work on /home/airflow/.local/lib/python3.12/site-packages/airflow/example_dags/tutorial_objectstorage.py
[2025-08-25T12:54:31.105+0000] {processor.py:914} INFO - Processing file /home/airflow/.local/lib/python3.12/site-packages/airflow/example_dags/tutorial_objectstorage.py for tasks to queue
[2025-08-25T12:54:31.108+0000] {logging_mixin.py:190} INFO - [2025-08-25T12:54:31.108+0000] {dagbag.py:588} INFO - Filling up the DagBag from /home/airflow/.local/lib/python3.12/site-packages/airflow/example_dags/tutorial_objectstorage.py
[2025-08-25T12:54:31.121+0000] {processor.py:925} INFO - DAG(s) 'tutorial_objectstorage' retrieved from /home/airflow/.local/lib/python3.12/site-packages/airflow/example_dags/tutorial_objectstorage.py
[2025-08-25T12:54:31.149+0000] {logging_mixin.py:190} INFO - [2025-08-25T12:54:31.149+0000] {dag.py:3239} INFO - Sync 1 DAGs
[2025-08-25T12:54:31.167+0000] {logging_mixin.py:190} INFO - [2025-08-25T12:54:31.167+0000] {dag.py:4180} INFO - Setting next_dagrun for tutorial_objectstorage to None, run_after=None
[2025-08-25T12:54:31.193+0000] {processor.py:208} INFO - Processing /home/airflow/.local/lib/python3.12/site-packages/airflow/example_dags/tutorial_objectstorage.py took 0.100 seconds
[2025-08-25T12:55:01.534+0000] {processor.py:186} INFO - Started process (PID=2552) to work on /home/airflow/.local/lib/python3.12/site-packages/airflow/example_dags/tutorial_objectstorage.py
[2025-08-25T12:55:01.535+0000] {processor.py:914} INFO - Processing file /home/airflow/.local/lib/python3.12/site-packages/airflow/example_dags/tutorial_objectstorage.py for tasks to queue
[2025-08-25T12:55:01.537+0000] {logging_mixin.py:190} INFO - [2025-08-25T12:55:01.537+0000] {dagbag.py:588} INFO - Filling up the DagBag from /home/airflow/.local/lib/python3.12/site-packages/airflow/example_dags/tutorial_objectstorage.py
[2025-08-25T12:55:01.546+0000] {processor.py:925} INFO - DAG(s) 'tutorial_objectstorage' retrieved from /home/airflow/.local/lib/python3.12/site-packages/airflow/example_dags/tutorial_objectstorage.py
[2025-08-25T12:55:01.572+0000] {logging_mixin.py:190} INFO - [2025-08-25T12:55:01.572+0000] {dag.py:3239} INFO - Sync 1 DAGs
[2025-08-25T12:55:01.590+0000] {logging_mixin.py:190} INFO - [2025-08-25T12:55:01.590+0000] {dag.py:4180} INFO - Setting next_dagrun for tutorial_objectstorage to None, run_after=None
[2025-08-25T12:55:01.614+0000] {processor.py:208} INFO - Processing /home/airflow/.local/lib/python3.12/site-packages/airflow/example_dags/tutorial_objectstorage.py took 0.088 seconds
[2025-08-25T12:55:32.361+0000] {processor.py:186} INFO - Started process (PID=2616) to work on /home/airflow/.local/lib/python3.12/site-packages/airflow/example_dags/tutorial_objectstorage.py
[2025-08-25T12:55:32.362+0000] {processor.py:914} INFO - Processing file /home/airflow/.local/lib/python3.12/site-packages/airflow/example_dags/tutorial_objectstorage.py for tasks to queue
[2025-08-25T12:55:32.367+0000] {logging_mixin.py:190} INFO - [2025-08-25T12:55:32.366+0000] {dagbag.py:588} INFO - Filling up the DagBag from /home/airflow/.local/lib/python3.12/site-packages/airflow/example_dags/tutorial_objectstorage.py
[2025-08-25T12:55:32.381+0000] {processor.py:925} INFO - DAG(s) 'tutorial_objectstorage' retrieved from /home/airflow/.local/lib/python3.12/site-packages/airflow/example_dags/tutorial_objectstorage.py
[2025-08-25T12:55:32.414+0000] {logging_mixin.py:190} INFO - [2025-08-25T12:55:32.413+0000] {dag.py:3239} INFO - Sync 1 DAGs
[2025-08-25T12:55:32.446+0000] {logging_mixin.py:190} INFO - [2025-08-25T12:55:32.445+0000] {dag.py:4180} INFO - Setting next_dagrun for tutorial_objectstorage to None, run_after=None
[2025-08-25T12:55:32.480+0000] {processor.py:208} INFO - Processing /home/airflow/.local/lib/python3.12/site-packages/airflow/example_dags/tutorial_objectstorage.py took 0.130 seconds
[2025-08-25T12:56:02.724+0000] {processor.py:186} INFO - Started process (PID=2680) to work on /home/airflow/.local/lib/python3.12/site-packages/airflow/example_dags/tutorial_objectstorage.py
[2025-08-25T12:56:02.725+0000] {processor.py:914} INFO - Processing file /home/airflow/.local/lib/python3.12/site-packages/airflow/example_dags/tutorial_objectstorage.py for tasks to queue
[2025-08-25T12:56:02.728+0000] {logging_mixin.py:190} INFO - [2025-08-25T12:56:02.728+0000] {dagbag.py:588} INFO - Filling up the DagBag from /home/airflow/.local/lib/python3.12/site-packages/airflow/example_dags/tutorial_objectstorage.py
[2025-08-25T12:56:02.738+0000] {processor.py:925} INFO - DAG(s) 'tutorial_objectstorage' retrieved from /home/airflow/.local/lib/python3.12/site-packages/airflow/example_dags/tutorial_objectstorage.py
[2025-08-25T12:56:02.763+0000] {logging_mixin.py:190} INFO - [2025-08-25T12:56:02.763+0000] {dag.py:3239} INFO - Sync 1 DAGs
[2025-08-25T12:56:02.782+0000] {logging_mixin.py:190} INFO - [2025-08-25T12:56:02.781+0000] {dag.py:4180} INFO - Setting next_dagrun for tutorial_objectstorage to None, run_after=None
[2025-08-25T12:56:02.808+0000] {processor.py:208} INFO - Processing /home/airflow/.local/lib/python3.12/site-packages/airflow/example_dags/tutorial_objectstorage.py took 0.092 seconds
[2025-08-25T12:56:32.948+0000] {processor.py:186} INFO - Started process (PID=2744) to work on /home/airflow/.local/lib/python3.12/site-packages/airflow/example_dags/tutorial_objectstorage.py
[2025-08-25T12:56:32.949+0000] {processor.py:914} INFO - Processing file /home/airflow/.local/lib/python3.12/site-packages/airflow/example_dags/tutorial_objectstorage.py for tasks to queue
[2025-08-25T12:56:32.951+0000] {logging_mixin.py:190} INFO - [2025-08-25T12:56:32.951+0000] {dagbag.py:588} INFO - Filling up the DagBag from /home/airflow/.local/lib/python3.12/site-packages/airflow/example_dags/tutorial_objectstorage.py
[2025-08-25T12:56:32.962+0000] {processor.py:925} INFO - DAG(s) 'tutorial_objectstorage' retrieved from /home/airflow/.local/lib/python3.12/site-packages/airflow/example_dags/tutorial_objectstorage.py
[2025-08-25T12:56:32.987+0000] {logging_mixin.py:190} INFO - [2025-08-25T12:56:32.987+0000] {dag.py:3239} INFO - Sync 1 DAGs
[2025-08-25T12:56:33.004+0000] {logging_mixin.py:190} INFO - [2025-08-25T12:56:33.004+0000] {dag.py:4180} INFO - Setting next_dagrun for tutorial_objectstorage to None, run_after=None
[2025-08-25T12:56:33.028+0000] {processor.py:208} INFO - Processing /home/airflow/.local/lib/python3.12/site-packages/airflow/example_dags/tutorial_objectstorage.py took 0.086 seconds
[2025-08-25T12:57:03.804+0000] {processor.py:186} INFO - Started process (PID=2808) to work on /home/airflow/.local/lib/python3.12/site-packages/airflow/example_dags/tutorial_objectstorage.py
[2025-08-25T12:57:03.807+0000] {processor.py:914} INFO - Processing file /home/airflow/.local/lib/python3.12/site-packages/airflow/example_dags/tutorial_objectstorage.py for tasks to queue
[2025-08-25T12:57:03.812+0000] {logging_mixin.py:190} INFO - [2025-08-25T12:57:03.811+0000] {dagbag.py:588} INFO - Filling up the DagBag from /home/airflow/.local/lib/python3.12/site-packages/airflow/example_dags/tutorial_objectstorage.py
[2025-08-25T12:57:03.833+0000] {processor.py:925} INFO - DAG(s) 'tutorial_objectstorage' retrieved from /home/airflow/.local/lib/python3.12/site-packages/airflow/example_dags/tutorial_objectstorage.py
[2025-08-25T12:57:03.876+0000] {logging_mixin.py:190} INFO - [2025-08-25T12:57:03.875+0000] {dag.py:3239} INFO - Sync 1 DAGs
[2025-08-25T12:57:03.904+0000] {logging_mixin.py:190} INFO - [2025-08-25T12:57:03.903+0000] {dag.py:4180} INFO - Setting next_dagrun for tutorial_objectstorage to None, run_after=None
[2025-08-25T12:57:03.929+0000] {processor.py:208} INFO - Processing /home/airflow/.local/lib/python3.12/site-packages/airflow/example_dags/tutorial_objectstorage.py took 0.140 seconds
