[2025-08-29T08:40:37.231+0000] {processor.py:186} INFO - Started process (PID=31760) to work on /home/airflow/.local/lib/python3.12/site-packages/airflow/example_dags/example_sensor_decorator.py
[2025-08-29T08:40:37.232+0000] {processor.py:914} INFO - Processing file /home/airflow/.local/lib/python3.12/site-packages/airflow/example_dags/example_sensor_decorator.py for tasks to queue
[2025-08-29T08:40:37.235+0000] {logging_mixin.py:190} INFO - [2025-08-29T08:40:37.235+0000] {dagbag.py:588} INFO - Filling up the DagBag from /home/airflow/.local/lib/python3.12/site-packages/airflow/example_dags/example_sensor_decorator.py
[2025-08-29T08:40:37.245+0000] {processor.py:925} INFO - DAG(s) 'example_sensor_decorator' retrieved from /home/airflow/.local/lib/python3.12/site-packages/airflow/example_dags/example_sensor_decorator.py
[2025-08-29T08:40:37.273+0000] {logging_mixin.py:190} INFO - [2025-08-29T08:40:37.273+0000] {dag.py:3239} INFO - Sync 1 DAGs
[2025-08-29T08:40:37.292+0000] {logging_mixin.py:190} INFO - [2025-08-29T08:40:37.291+0000] {dag.py:4180} INFO - Setting next_dagrun for example_sensor_decorator to None, run_after=None
[2025-08-29T08:40:37.323+0000] {processor.py:208} INFO - Processing /home/airflow/.local/lib/python3.12/site-packages/airflow/example_dags/example_sensor_decorator.py took 0.101 seconds
[2025-08-29T08:41:07.369+0000] {processor.py:186} INFO - Started process (PID=31823) to work on /home/airflow/.local/lib/python3.12/site-packages/airflow/example_dags/example_sensor_decorator.py
[2025-08-29T08:41:07.370+0000] {processor.py:914} INFO - Processing file /home/airflow/.local/lib/python3.12/site-packages/airflow/example_dags/example_sensor_decorator.py for tasks to queue
[2025-08-29T08:41:07.372+0000] {logging_mixin.py:190} INFO - [2025-08-29T08:41:07.372+0000] {dagbag.py:588} INFO - Filling up the DagBag from /home/airflow/.local/lib/python3.12/site-packages/airflow/example_dags/example_sensor_decorator.py
[2025-08-29T08:41:07.381+0000] {processor.py:925} INFO - DAG(s) 'example_sensor_decorator' retrieved from /home/airflow/.local/lib/python3.12/site-packages/airflow/example_dags/example_sensor_decorator.py
[2025-08-29T08:41:07.404+0000] {logging_mixin.py:190} INFO - [2025-08-29T08:41:07.404+0000] {dag.py:3239} INFO - Sync 1 DAGs
[2025-08-29T08:41:07.420+0000] {logging_mixin.py:190} INFO - [2025-08-29T08:41:07.420+0000] {dag.py:4180} INFO - Setting next_dagrun for example_sensor_decorator to None, run_after=None
[2025-08-29T08:41:07.443+0000] {processor.py:208} INFO - Processing /home/airflow/.local/lib/python3.12/site-packages/airflow/example_dags/example_sensor_decorator.py took 0.081 seconds
[2025-08-29T08:41:38.099+0000] {processor.py:186} INFO - Started process (PID=31887) to work on /home/airflow/.local/lib/python3.12/site-packages/airflow/example_dags/example_sensor_decorator.py
[2025-08-29T08:41:38.101+0000] {processor.py:914} INFO - Processing file /home/airflow/.local/lib/python3.12/site-packages/airflow/example_dags/example_sensor_decorator.py for tasks to queue
[2025-08-29T08:41:38.104+0000] {logging_mixin.py:190} INFO - [2025-08-29T08:41:38.104+0000] {dagbag.py:588} INFO - Filling up the DagBag from /home/airflow/.local/lib/python3.12/site-packages/airflow/example_dags/example_sensor_decorator.py
[2025-08-29T08:41:38.114+0000] {processor.py:925} INFO - DAG(s) 'example_sensor_decorator' retrieved from /home/airflow/.local/lib/python3.12/site-packages/airflow/example_dags/example_sensor_decorator.py
[2025-08-29T08:41:38.147+0000] {logging_mixin.py:190} INFO - [2025-08-29T08:41:38.146+0000] {dag.py:3239} INFO - Sync 1 DAGs
[2025-08-29T08:41:38.170+0000] {logging_mixin.py:190} INFO - [2025-08-29T08:41:38.169+0000] {dag.py:4180} INFO - Setting next_dagrun for example_sensor_decorator to None, run_after=None
[2025-08-29T08:41:38.195+0000] {processor.py:208} INFO - Processing /home/airflow/.local/lib/python3.12/site-packages/airflow/example_dags/example_sensor_decorator.py took 0.106 seconds
[2025-08-29T08:42:08.504+0000] {processor.py:186} INFO - Started process (PID=31951) to work on /home/airflow/.local/lib/python3.12/site-packages/airflow/example_dags/example_sensor_decorator.py
[2025-08-29T08:42:08.505+0000] {processor.py:914} INFO - Processing file /home/airflow/.local/lib/python3.12/site-packages/airflow/example_dags/example_sensor_decorator.py for tasks to queue
[2025-08-29T08:42:08.507+0000] {logging_mixin.py:190} INFO - [2025-08-29T08:42:08.506+0000] {dagbag.py:588} INFO - Filling up the DagBag from /home/airflow/.local/lib/python3.12/site-packages/airflow/example_dags/example_sensor_decorator.py
[2025-08-29T08:42:08.514+0000] {processor.py:925} INFO - DAG(s) 'example_sensor_decorator' retrieved from /home/airflow/.local/lib/python3.12/site-packages/airflow/example_dags/example_sensor_decorator.py
[2025-08-29T08:42:08.537+0000] {logging_mixin.py:190} INFO - [2025-08-29T08:42:08.536+0000] {dag.py:3239} INFO - Sync 1 DAGs
[2025-08-29T08:42:08.553+0000] {logging_mixin.py:190} INFO - [2025-08-29T08:42:08.553+0000] {dag.py:4180} INFO - Setting next_dagrun for example_sensor_decorator to None, run_after=None
[2025-08-29T08:42:08.576+0000] {processor.py:208} INFO - Processing /home/airflow/.local/lib/python3.12/site-packages/airflow/example_dags/example_sensor_decorator.py took 0.079 seconds
[2025-08-29T08:42:38.950+0000] {processor.py:186} INFO - Started process (PID=32012) to work on /home/airflow/.local/lib/python3.12/site-packages/airflow/example_dags/example_sensor_decorator.py
[2025-08-29T08:42:38.951+0000] {processor.py:914} INFO - Processing file /home/airflow/.local/lib/python3.12/site-packages/airflow/example_dags/example_sensor_decorator.py for tasks to queue
[2025-08-29T08:42:38.955+0000] {logging_mixin.py:190} INFO - [2025-08-29T08:42:38.954+0000] {dagbag.py:588} INFO - Filling up the DagBag from /home/airflow/.local/lib/python3.12/site-packages/airflow/example_dags/example_sensor_decorator.py
[2025-08-29T08:42:38.968+0000] {processor.py:925} INFO - DAG(s) 'example_sensor_decorator' retrieved from /home/airflow/.local/lib/python3.12/site-packages/airflow/example_dags/example_sensor_decorator.py
[2025-08-29T08:42:38.997+0000] {logging_mixin.py:190} INFO - [2025-08-29T08:42:38.997+0000] {dag.py:3239} INFO - Sync 1 DAGs
[2025-08-29T08:42:39.025+0000] {logging_mixin.py:190} INFO - [2025-08-29T08:42:39.025+0000] {dag.py:4180} INFO - Setting next_dagrun for example_sensor_decorator to None, run_after=None
[2025-08-29T08:42:39.047+0000] {processor.py:208} INFO - Processing /home/airflow/.local/lib/python3.12/site-packages/airflow/example_dags/example_sensor_decorator.py took 0.107 seconds
[2025-08-29T08:43:09.216+0000] {processor.py:186} INFO - Started process (PID=32073) to work on /home/airflow/.local/lib/python3.12/site-packages/airflow/example_dags/example_sensor_decorator.py
[2025-08-29T08:43:09.217+0000] {processor.py:914} INFO - Processing file /home/airflow/.local/lib/python3.12/site-packages/airflow/example_dags/example_sensor_decorator.py for tasks to queue
[2025-08-29T08:43:09.221+0000] {logging_mixin.py:190} INFO - [2025-08-29T08:43:09.221+0000] {dagbag.py:588} INFO - Filling up the DagBag from /home/airflow/.local/lib/python3.12/site-packages/airflow/example_dags/example_sensor_decorator.py
[2025-08-29T08:43:09.236+0000] {processor.py:925} INFO - DAG(s) 'example_sensor_decorator' retrieved from /home/airflow/.local/lib/python3.12/site-packages/airflow/example_dags/example_sensor_decorator.py
[2025-08-29T08:43:09.265+0000] {logging_mixin.py:190} INFO - [2025-08-29T08:43:09.264+0000] {dag.py:3239} INFO - Sync 1 DAGs
[2025-08-29T08:43:09.285+0000] {logging_mixin.py:190} INFO - [2025-08-29T08:43:09.284+0000] {dag.py:4180} INFO - Setting next_dagrun for example_sensor_decorator to None, run_after=None
[2025-08-29T08:43:09.314+0000] {processor.py:208} INFO - Processing /home/airflow/.local/lib/python3.12/site-packages/airflow/example_dags/example_sensor_decorator.py took 0.109 seconds
[2025-08-29T08:43:39.527+0000] {processor.py:186} INFO - Started process (PID=32136) to work on /home/airflow/.local/lib/python3.12/site-packages/airflow/example_dags/example_sensor_decorator.py
[2025-08-29T08:43:39.528+0000] {processor.py:914} INFO - Processing file /home/airflow/.local/lib/python3.12/site-packages/airflow/example_dags/example_sensor_decorator.py for tasks to queue
[2025-08-29T08:43:39.530+0000] {logging_mixin.py:190} INFO - [2025-08-29T08:43:39.530+0000] {dagbag.py:588} INFO - Filling up the DagBag from /home/airflow/.local/lib/python3.12/site-packages/airflow/example_dags/example_sensor_decorator.py
[2025-08-29T08:43:39.538+0000] {processor.py:925} INFO - DAG(s) 'example_sensor_decorator' retrieved from /home/airflow/.local/lib/python3.12/site-packages/airflow/example_dags/example_sensor_decorator.py
[2025-08-29T08:43:39.557+0000] {logging_mixin.py:190} INFO - [2025-08-29T08:43:39.557+0000] {dag.py:3239} INFO - Sync 1 DAGs
[2025-08-29T08:43:39.573+0000] {logging_mixin.py:190} INFO - [2025-08-29T08:43:39.573+0000] {dag.py:4180} INFO - Setting next_dagrun for example_sensor_decorator to None, run_after=None
[2025-08-29T08:43:39.590+0000] {processor.py:208} INFO - Processing /home/airflow/.local/lib/python3.12/site-packages/airflow/example_dags/example_sensor_decorator.py took 0.069 seconds
[2025-08-29T08:44:10.413+0000] {processor.py:186} INFO - Started process (PID=32200) to work on /home/airflow/.local/lib/python3.12/site-packages/airflow/example_dags/example_sensor_decorator.py
[2025-08-29T08:44:10.414+0000] {processor.py:914} INFO - Processing file /home/airflow/.local/lib/python3.12/site-packages/airflow/example_dags/example_sensor_decorator.py for tasks to queue
[2025-08-29T08:44:10.416+0000] {logging_mixin.py:190} INFO - [2025-08-29T08:44:10.416+0000] {dagbag.py:588} INFO - Filling up the DagBag from /home/airflow/.local/lib/python3.12/site-packages/airflow/example_dags/example_sensor_decorator.py
[2025-08-29T08:44:10.423+0000] {processor.py:925} INFO - DAG(s) 'example_sensor_decorator' retrieved from /home/airflow/.local/lib/python3.12/site-packages/airflow/example_dags/example_sensor_decorator.py
[2025-08-29T08:44:10.443+0000] {logging_mixin.py:190} INFO - [2025-08-29T08:44:10.443+0000] {dag.py:3239} INFO - Sync 1 DAGs
[2025-08-29T08:44:10.461+0000] {logging_mixin.py:190} INFO - [2025-08-29T08:44:10.461+0000] {dag.py:4180} INFO - Setting next_dagrun for example_sensor_decorator to None, run_after=None
[2025-08-29T08:44:10.481+0000] {processor.py:208} INFO - Processing /home/airflow/.local/lib/python3.12/site-packages/airflow/example_dags/example_sensor_decorator.py took 0.075 seconds
[2025-08-29T08:44:41.077+0000] {processor.py:186} INFO - Started process (PID=32264) to work on /home/airflow/.local/lib/python3.12/site-packages/airflow/example_dags/example_sensor_decorator.py
[2025-08-29T08:44:41.078+0000] {processor.py:914} INFO - Processing file /home/airflow/.local/lib/python3.12/site-packages/airflow/example_dags/example_sensor_decorator.py for tasks to queue
[2025-08-29T08:44:41.081+0000] {logging_mixin.py:190} INFO - [2025-08-29T08:44:41.080+0000] {dagbag.py:588} INFO - Filling up the DagBag from /home/airflow/.local/lib/python3.12/site-packages/airflow/example_dags/example_sensor_decorator.py
[2025-08-29T08:44:41.092+0000] {processor.py:925} INFO - DAG(s) 'example_sensor_decorator' retrieved from /home/airflow/.local/lib/python3.12/site-packages/airflow/example_dags/example_sensor_decorator.py
[2025-08-29T08:44:41.119+0000] {logging_mixin.py:190} INFO - [2025-08-29T08:44:41.118+0000] {dag.py:3239} INFO - Sync 1 DAGs
[2025-08-29T08:44:41.141+0000] {logging_mixin.py:190} INFO - [2025-08-29T08:44:41.141+0000] {dag.py:4180} INFO - Setting next_dagrun for example_sensor_decorator to None, run_after=None
[2025-08-29T08:44:41.168+0000] {processor.py:208} INFO - Processing /home/airflow/.local/lib/python3.12/site-packages/airflow/example_dags/example_sensor_decorator.py took 0.098 seconds
[2025-08-29T08:45:11.826+0000] {processor.py:186} INFO - Started process (PID=32328) to work on /home/airflow/.local/lib/python3.12/site-packages/airflow/example_dags/example_sensor_decorator.py
[2025-08-29T08:45:11.827+0000] {processor.py:914} INFO - Processing file /home/airflow/.local/lib/python3.12/site-packages/airflow/example_dags/example_sensor_decorator.py for tasks to queue
[2025-08-29T08:45:11.829+0000] {logging_mixin.py:190} INFO - [2025-08-29T08:45:11.828+0000] {dagbag.py:588} INFO - Filling up the DagBag from /home/airflow/.local/lib/python3.12/site-packages/airflow/example_dags/example_sensor_decorator.py
[2025-08-29T08:45:11.834+0000] {processor.py:925} INFO - DAG(s) 'example_sensor_decorator' retrieved from /home/airflow/.local/lib/python3.12/site-packages/airflow/example_dags/example_sensor_decorator.py
[2025-08-29T08:45:11.854+0000] {logging_mixin.py:190} INFO - [2025-08-29T08:45:11.854+0000] {dag.py:3239} INFO - Sync 1 DAGs
[2025-08-29T08:45:11.866+0000] {logging_mixin.py:190} INFO - [2025-08-29T08:45:11.866+0000] {dag.py:4180} INFO - Setting next_dagrun for example_sensor_decorator to None, run_after=None
[2025-08-29T08:45:11.880+0000] {processor.py:208} INFO - Processing /home/airflow/.local/lib/python3.12/site-packages/airflow/example_dags/example_sensor_decorator.py took 0.058 seconds
[2025-08-29T08:45:42.373+0000] {processor.py:186} INFO - Started process (PID=32392) to work on /home/airflow/.local/lib/python3.12/site-packages/airflow/example_dags/example_sensor_decorator.py
[2025-08-29T08:45:42.374+0000] {processor.py:914} INFO - Processing file /home/airflow/.local/lib/python3.12/site-packages/airflow/example_dags/example_sensor_decorator.py for tasks to queue
[2025-08-29T08:45:42.375+0000] {logging_mixin.py:190} INFO - [2025-08-29T08:45:42.375+0000] {dagbag.py:588} INFO - Filling up the DagBag from /home/airflow/.local/lib/python3.12/site-packages/airflow/example_dags/example_sensor_decorator.py
[2025-08-29T08:45:42.380+0000] {processor.py:925} INFO - DAG(s) 'example_sensor_decorator' retrieved from /home/airflow/.local/lib/python3.12/site-packages/airflow/example_dags/example_sensor_decorator.py
[2025-08-29T08:45:42.396+0000] {logging_mixin.py:190} INFO - [2025-08-29T08:45:42.396+0000] {dag.py:3239} INFO - Sync 1 DAGs
[2025-08-29T08:45:42.407+0000] {logging_mixin.py:190} INFO - [2025-08-29T08:45:42.407+0000] {dag.py:4180} INFO - Setting next_dagrun for example_sensor_decorator to None, run_after=None
[2025-08-29T08:45:42.421+0000] {processor.py:208} INFO - Processing /home/airflow/.local/lib/python3.12/site-packages/airflow/example_dags/example_sensor_decorator.py took 0.051 seconds
[2025-08-29T08:46:12.805+0000] {processor.py:186} INFO - Started process (PID=32456) to work on /home/airflow/.local/lib/python3.12/site-packages/airflow/example_dags/example_sensor_decorator.py
[2025-08-29T08:46:12.806+0000] {processor.py:914} INFO - Processing file /home/airflow/.local/lib/python3.12/site-packages/airflow/example_dags/example_sensor_decorator.py for tasks to queue
[2025-08-29T08:46:12.809+0000] {logging_mixin.py:190} INFO - [2025-08-29T08:46:12.808+0000] {dagbag.py:588} INFO - Filling up the DagBag from /home/airflow/.local/lib/python3.12/site-packages/airflow/example_dags/example_sensor_decorator.py
[2025-08-29T08:46:12.819+0000] {processor.py:925} INFO - DAG(s) 'example_sensor_decorator' retrieved from /home/airflow/.local/lib/python3.12/site-packages/airflow/example_dags/example_sensor_decorator.py
[2025-08-29T08:46:12.839+0000] {logging_mixin.py:190} INFO - [2025-08-29T08:46:12.839+0000] {dag.py:3239} INFO - Sync 1 DAGs
[2025-08-29T08:46:12.849+0000] {logging_mixin.py:190} INFO - [2025-08-29T08:46:12.849+0000] {dag.py:4180} INFO - Setting next_dagrun for example_sensor_decorator to None, run_after=None
[2025-08-29T08:46:12.870+0000] {processor.py:208} INFO - Processing /home/airflow/.local/lib/python3.12/site-packages/airflow/example_dags/example_sensor_decorator.py took 0.074 seconds
[2025-08-29T08:46:43.383+0000] {processor.py:186} INFO - Started process (PID=32520) to work on /home/airflow/.local/lib/python3.12/site-packages/airflow/example_dags/example_sensor_decorator.py
[2025-08-29T08:46:43.383+0000] {processor.py:914} INFO - Processing file /home/airflow/.local/lib/python3.12/site-packages/airflow/example_dags/example_sensor_decorator.py for tasks to queue
[2025-08-29T08:46:43.385+0000] {logging_mixin.py:190} INFO - [2025-08-29T08:46:43.385+0000] {dagbag.py:588} INFO - Filling up the DagBag from /home/airflow/.local/lib/python3.12/site-packages/airflow/example_dags/example_sensor_decorator.py
[2025-08-29T08:46:43.390+0000] {processor.py:925} INFO - DAG(s) 'example_sensor_decorator' retrieved from /home/airflow/.local/lib/python3.12/site-packages/airflow/example_dags/example_sensor_decorator.py
[2025-08-29T08:46:43.409+0000] {logging_mixin.py:190} INFO - [2025-08-29T08:46:43.409+0000] {dag.py:3239} INFO - Sync 1 DAGs
[2025-08-29T08:46:43.420+0000] {logging_mixin.py:190} INFO - [2025-08-29T08:46:43.420+0000] {dag.py:4180} INFO - Setting next_dagrun for example_sensor_decorator to None, run_after=None
[2025-08-29T08:46:43.438+0000] {processor.py:208} INFO - Processing /home/airflow/.local/lib/python3.12/site-packages/airflow/example_dags/example_sensor_decorator.py took 0.058 seconds
[2025-08-29T08:47:13.694+0000] {processor.py:186} INFO - Started process (PID=32584) to work on /home/airflow/.local/lib/python3.12/site-packages/airflow/example_dags/example_sensor_decorator.py
[2025-08-29T08:47:13.694+0000] {processor.py:914} INFO - Processing file /home/airflow/.local/lib/python3.12/site-packages/airflow/example_dags/example_sensor_decorator.py for tasks to queue
[2025-08-29T08:47:13.696+0000] {logging_mixin.py:190} INFO - [2025-08-29T08:47:13.695+0000] {dagbag.py:588} INFO - Filling up the DagBag from /home/airflow/.local/lib/python3.12/site-packages/airflow/example_dags/example_sensor_decorator.py
[2025-08-29T08:47:13.701+0000] {processor.py:925} INFO - DAG(s) 'example_sensor_decorator' retrieved from /home/airflow/.local/lib/python3.12/site-packages/airflow/example_dags/example_sensor_decorator.py
[2025-08-29T08:47:13.721+0000] {logging_mixin.py:190} INFO - [2025-08-29T08:47:13.721+0000] {dag.py:3239} INFO - Sync 1 DAGs
[2025-08-29T08:47:13.735+0000] {logging_mixin.py:190} INFO - [2025-08-29T08:47:13.735+0000] {dag.py:4180} INFO - Setting next_dagrun for example_sensor_decorator to None, run_after=None
[2025-08-29T08:47:13.752+0000] {processor.py:208} INFO - Processing /home/airflow/.local/lib/python3.12/site-packages/airflow/example_dags/example_sensor_decorator.py took 0.062 seconds
[2025-08-29T08:47:43.893+0000] {processor.py:186} INFO - Started process (PID=32648) to work on /home/airflow/.local/lib/python3.12/site-packages/airflow/example_dags/example_sensor_decorator.py
[2025-08-29T08:47:43.893+0000] {processor.py:914} INFO - Processing file /home/airflow/.local/lib/python3.12/site-packages/airflow/example_dags/example_sensor_decorator.py for tasks to queue
[2025-08-29T08:47:43.895+0000] {logging_mixin.py:190} INFO - [2025-08-29T08:47:43.894+0000] {dagbag.py:588} INFO - Filling up the DagBag from /home/airflow/.local/lib/python3.12/site-packages/airflow/example_dags/example_sensor_decorator.py
[2025-08-29T08:47:43.900+0000] {processor.py:925} INFO - DAG(s) 'example_sensor_decorator' retrieved from /home/airflow/.local/lib/python3.12/site-packages/airflow/example_dags/example_sensor_decorator.py
[2025-08-29T08:47:43.918+0000] {logging_mixin.py:190} INFO - [2025-08-29T08:47:43.918+0000] {dag.py:3239} INFO - Sync 1 DAGs
[2025-08-29T08:47:43.936+0000] {logging_mixin.py:190} INFO - [2025-08-29T08:47:43.936+0000] {dag.py:4180} INFO - Setting next_dagrun for example_sensor_decorator to None, run_after=None
[2025-08-29T08:47:43.956+0000] {processor.py:208} INFO - Processing /home/airflow/.local/lib/python3.12/site-packages/airflow/example_dags/example_sensor_decorator.py took 0.068 seconds
[2025-08-29T08:48:14.411+0000] {processor.py:186} INFO - Started process (PID=32712) to work on /home/airflow/.local/lib/python3.12/site-packages/airflow/example_dags/example_sensor_decorator.py
[2025-08-29T08:48:14.411+0000] {processor.py:914} INFO - Processing file /home/airflow/.local/lib/python3.12/site-packages/airflow/example_dags/example_sensor_decorator.py for tasks to queue
[2025-08-29T08:48:14.413+0000] {logging_mixin.py:190} INFO - [2025-08-29T08:48:14.413+0000] {dagbag.py:588} INFO - Filling up the DagBag from /home/airflow/.local/lib/python3.12/site-packages/airflow/example_dags/example_sensor_decorator.py
[2025-08-29T08:48:14.418+0000] {processor.py:925} INFO - DAG(s) 'example_sensor_decorator' retrieved from /home/airflow/.local/lib/python3.12/site-packages/airflow/example_dags/example_sensor_decorator.py
[2025-08-29T08:48:14.438+0000] {logging_mixin.py:190} INFO - [2025-08-29T08:48:14.438+0000] {dag.py:3239} INFO - Sync 1 DAGs
[2025-08-29T08:48:14.450+0000] {logging_mixin.py:190} INFO - [2025-08-29T08:48:14.450+0000] {dag.py:4180} INFO - Setting next_dagrun for example_sensor_decorator to None, run_after=None
[2025-08-29T08:48:14.471+0000] {processor.py:208} INFO - Processing /home/airflow/.local/lib/python3.12/site-packages/airflow/example_dags/example_sensor_decorator.py took 0.064 seconds
[2025-08-29T08:48:44.915+0000] {processor.py:186} INFO - Started process (PID=32776) to work on /home/airflow/.local/lib/python3.12/site-packages/airflow/example_dags/example_sensor_decorator.py
[2025-08-29T08:48:44.916+0000] {processor.py:914} INFO - Processing file /home/airflow/.local/lib/python3.12/site-packages/airflow/example_dags/example_sensor_decorator.py for tasks to queue
[2025-08-29T08:48:44.918+0000] {logging_mixin.py:190} INFO - [2025-08-29T08:48:44.917+0000] {dagbag.py:588} INFO - Filling up the DagBag from /home/airflow/.local/lib/python3.12/site-packages/airflow/example_dags/example_sensor_decorator.py
[2025-08-29T08:48:44.923+0000] {processor.py:925} INFO - DAG(s) 'example_sensor_decorator' retrieved from /home/airflow/.local/lib/python3.12/site-packages/airflow/example_dags/example_sensor_decorator.py
[2025-08-29T08:48:44.944+0000] {logging_mixin.py:190} INFO - [2025-08-29T08:48:44.943+0000] {dag.py:3239} INFO - Sync 1 DAGs
[2025-08-29T08:48:44.959+0000] {logging_mixin.py:190} INFO - [2025-08-29T08:48:44.959+0000] {dag.py:4180} INFO - Setting next_dagrun for example_sensor_decorator to None, run_after=None
[2025-08-29T08:48:44.970+0000] {processor.py:208} INFO - Processing /home/airflow/.local/lib/python3.12/site-packages/airflow/example_dags/example_sensor_decorator.py took 0.062 seconds
[2025-08-29T08:49:15.243+0000] {processor.py:186} INFO - Started process (PID=32840) to work on /home/airflow/.local/lib/python3.12/site-packages/airflow/example_dags/example_sensor_decorator.py
[2025-08-29T08:49:15.244+0000] {processor.py:914} INFO - Processing file /home/airflow/.local/lib/python3.12/site-packages/airflow/example_dags/example_sensor_decorator.py for tasks to queue
[2025-08-29T08:49:15.245+0000] {logging_mixin.py:190} INFO - [2025-08-29T08:49:15.245+0000] {dagbag.py:588} INFO - Filling up the DagBag from /home/airflow/.local/lib/python3.12/site-packages/airflow/example_dags/example_sensor_decorator.py
[2025-08-29T08:49:15.250+0000] {processor.py:925} INFO - DAG(s) 'example_sensor_decorator' retrieved from /home/airflow/.local/lib/python3.12/site-packages/airflow/example_dags/example_sensor_decorator.py
[2025-08-29T08:49:15.273+0000] {logging_mixin.py:190} INFO - [2025-08-29T08:49:15.272+0000] {dag.py:3239} INFO - Sync 1 DAGs
[2025-08-29T08:49:15.289+0000] {logging_mixin.py:190} INFO - [2025-08-29T08:49:15.289+0000] {dag.py:4180} INFO - Setting next_dagrun for example_sensor_decorator to None, run_after=None
[2025-08-29T08:49:15.303+0000] {processor.py:208} INFO - Processing /home/airflow/.local/lib/python3.12/site-packages/airflow/example_dags/example_sensor_decorator.py took 0.064 seconds
[2025-08-29T08:49:45.499+0000] {processor.py:186} INFO - Started process (PID=32904) to work on /home/airflow/.local/lib/python3.12/site-packages/airflow/example_dags/example_sensor_decorator.py
[2025-08-29T08:49:45.500+0000] {processor.py:914} INFO - Processing file /home/airflow/.local/lib/python3.12/site-packages/airflow/example_dags/example_sensor_decorator.py for tasks to queue
[2025-08-29T08:49:45.501+0000] {logging_mixin.py:190} INFO - [2025-08-29T08:49:45.501+0000] {dagbag.py:588} INFO - Filling up the DagBag from /home/airflow/.local/lib/python3.12/site-packages/airflow/example_dags/example_sensor_decorator.py
[2025-08-29T08:49:45.507+0000] {processor.py:925} INFO - DAG(s) 'example_sensor_decorator' retrieved from /home/airflow/.local/lib/python3.12/site-packages/airflow/example_dags/example_sensor_decorator.py
[2025-08-29T08:49:45.530+0000] {logging_mixin.py:190} INFO - [2025-08-29T08:49:45.529+0000] {dag.py:3239} INFO - Sync 1 DAGs
[2025-08-29T08:49:45.548+0000] {logging_mixin.py:190} INFO - [2025-08-29T08:49:45.547+0000] {dag.py:4180} INFO - Setting next_dagrun for example_sensor_decorator to None, run_after=None
[2025-08-29T08:49:45.577+0000] {processor.py:208} INFO - Processing /home/airflow/.local/lib/python3.12/site-packages/airflow/example_dags/example_sensor_decorator.py took 0.084 seconds
[2025-08-29T08:50:16.164+0000] {processor.py:186} INFO - Started process (PID=32968) to work on /home/airflow/.local/lib/python3.12/site-packages/airflow/example_dags/example_sensor_decorator.py
[2025-08-29T08:50:16.165+0000] {processor.py:914} INFO - Processing file /home/airflow/.local/lib/python3.12/site-packages/airflow/example_dags/example_sensor_decorator.py for tasks to queue
[2025-08-29T08:50:16.166+0000] {logging_mixin.py:190} INFO - [2025-08-29T08:50:16.166+0000] {dagbag.py:588} INFO - Filling up the DagBag from /home/airflow/.local/lib/python3.12/site-packages/airflow/example_dags/example_sensor_decorator.py
[2025-08-29T08:50:16.171+0000] {processor.py:925} INFO - DAG(s) 'example_sensor_decorator' retrieved from /home/airflow/.local/lib/python3.12/site-packages/airflow/example_dags/example_sensor_decorator.py
[2025-08-29T08:50:16.192+0000] {logging_mixin.py:190} INFO - [2025-08-29T08:50:16.192+0000] {dag.py:3239} INFO - Sync 1 DAGs
[2025-08-29T08:50:16.204+0000] {logging_mixin.py:190} INFO - [2025-08-29T08:50:16.203+0000] {dag.py:4180} INFO - Setting next_dagrun for example_sensor_decorator to None, run_after=None
[2025-08-29T08:50:16.221+0000] {processor.py:208} INFO - Processing /home/airflow/.local/lib/python3.12/site-packages/airflow/example_dags/example_sensor_decorator.py took 0.062 seconds
[2025-08-29T08:50:46.714+0000] {processor.py:186} INFO - Started process (PID=33032) to work on /home/airflow/.local/lib/python3.12/site-packages/airflow/example_dags/example_sensor_decorator.py
[2025-08-29T08:50:46.715+0000] {processor.py:914} INFO - Processing file /home/airflow/.local/lib/python3.12/site-packages/airflow/example_dags/example_sensor_decorator.py for tasks to queue
[2025-08-29T08:50:46.717+0000] {logging_mixin.py:190} INFO - [2025-08-29T08:50:46.717+0000] {dagbag.py:588} INFO - Filling up the DagBag from /home/airflow/.local/lib/python3.12/site-packages/airflow/example_dags/example_sensor_decorator.py
[2025-08-29T08:50:46.724+0000] {processor.py:925} INFO - DAG(s) 'example_sensor_decorator' retrieved from /home/airflow/.local/lib/python3.12/site-packages/airflow/example_dags/example_sensor_decorator.py
[2025-08-29T08:50:46.744+0000] {logging_mixin.py:190} INFO - [2025-08-29T08:50:46.743+0000] {dag.py:3239} INFO - Sync 1 DAGs
[2025-08-29T08:50:46.757+0000] {logging_mixin.py:190} INFO - [2025-08-29T08:50:46.757+0000] {dag.py:4180} INFO - Setting next_dagrun for example_sensor_decorator to None, run_after=None
[2025-08-29T08:50:46.776+0000] {processor.py:208} INFO - Processing /home/airflow/.local/lib/python3.12/site-packages/airflow/example_dags/example_sensor_decorator.py took 0.068 seconds
[2025-08-29T08:51:16.833+0000] {processor.py:186} INFO - Started process (PID=33096) to work on /home/airflow/.local/lib/python3.12/site-packages/airflow/example_dags/example_sensor_decorator.py
[2025-08-29T08:51:16.834+0000] {processor.py:914} INFO - Processing file /home/airflow/.local/lib/python3.12/site-packages/airflow/example_dags/example_sensor_decorator.py for tasks to queue
[2025-08-29T08:51:16.835+0000] {logging_mixin.py:190} INFO - [2025-08-29T08:51:16.835+0000] {dagbag.py:588} INFO - Filling up the DagBag from /home/airflow/.local/lib/python3.12/site-packages/airflow/example_dags/example_sensor_decorator.py
[2025-08-29T08:51:16.841+0000] {processor.py:925} INFO - DAG(s) 'example_sensor_decorator' retrieved from /home/airflow/.local/lib/python3.12/site-packages/airflow/example_dags/example_sensor_decorator.py
[2025-08-29T08:51:16.856+0000] {logging_mixin.py:190} INFO - [2025-08-29T08:51:16.856+0000] {dag.py:3239} INFO - Sync 1 DAGs
[2025-08-29T08:51:16.866+0000] {logging_mixin.py:190} INFO - [2025-08-29T08:51:16.866+0000] {dag.py:4180} INFO - Setting next_dagrun for example_sensor_decorator to None, run_after=None
[2025-08-29T08:51:16.881+0000] {processor.py:208} INFO - Processing /home/airflow/.local/lib/python3.12/site-packages/airflow/example_dags/example_sensor_decorator.py took 0.052 seconds
[2025-08-29T08:51:47.227+0000] {processor.py:186} INFO - Started process (PID=33160) to work on /home/airflow/.local/lib/python3.12/site-packages/airflow/example_dags/example_sensor_decorator.py
[2025-08-29T08:51:47.227+0000] {processor.py:914} INFO - Processing file /home/airflow/.local/lib/python3.12/site-packages/airflow/example_dags/example_sensor_decorator.py for tasks to queue
[2025-08-29T08:51:47.229+0000] {logging_mixin.py:190} INFO - [2025-08-29T08:51:47.228+0000] {dagbag.py:588} INFO - Filling up the DagBag from /home/airflow/.local/lib/python3.12/site-packages/airflow/example_dags/example_sensor_decorator.py
[2025-08-29T08:51:47.233+0000] {processor.py:925} INFO - DAG(s) 'example_sensor_decorator' retrieved from /home/airflow/.local/lib/python3.12/site-packages/airflow/example_dags/example_sensor_decorator.py
[2025-08-29T08:51:47.248+0000] {logging_mixin.py:190} INFO - [2025-08-29T08:51:47.248+0000] {dag.py:3239} INFO - Sync 1 DAGs
[2025-08-29T08:51:47.258+0000] {logging_mixin.py:190} INFO - [2025-08-29T08:51:47.258+0000] {dag.py:4180} INFO - Setting next_dagrun for example_sensor_decorator to None, run_after=None
[2025-08-29T08:51:47.268+0000] {processor.py:208} INFO - Processing /home/airflow/.local/lib/python3.12/site-packages/airflow/example_dags/example_sensor_decorator.py took 0.045 seconds
[2025-08-29T08:52:17.447+0000] {processor.py:186} INFO - Started process (PID=33224) to work on /home/airflow/.local/lib/python3.12/site-packages/airflow/example_dags/example_sensor_decorator.py
[2025-08-29T08:52:17.447+0000] {processor.py:914} INFO - Processing file /home/airflow/.local/lib/python3.12/site-packages/airflow/example_dags/example_sensor_decorator.py for tasks to queue
[2025-08-29T08:52:17.450+0000] {logging_mixin.py:190} INFO - [2025-08-29T08:52:17.450+0000] {dagbag.py:588} INFO - Filling up the DagBag from /home/airflow/.local/lib/python3.12/site-packages/airflow/example_dags/example_sensor_decorator.py
[2025-08-29T08:52:17.457+0000] {processor.py:925} INFO - DAG(s) 'example_sensor_decorator' retrieved from /home/airflow/.local/lib/python3.12/site-packages/airflow/example_dags/example_sensor_decorator.py
[2025-08-29T08:52:17.478+0000] {logging_mixin.py:190} INFO - [2025-08-29T08:52:17.477+0000] {dag.py:3239} INFO - Sync 1 DAGs
[2025-08-29T08:52:17.495+0000] {logging_mixin.py:190} INFO - [2025-08-29T08:52:17.495+0000] {dag.py:4180} INFO - Setting next_dagrun for example_sensor_decorator to None, run_after=None
[2025-08-29T08:52:17.515+0000] {processor.py:208} INFO - Processing /home/airflow/.local/lib/python3.12/site-packages/airflow/example_dags/example_sensor_decorator.py took 0.072 seconds
[2025-08-29T08:52:47.632+0000] {processor.py:186} INFO - Started process (PID=33288) to work on /home/airflow/.local/lib/python3.12/site-packages/airflow/example_dags/example_sensor_decorator.py
[2025-08-29T08:52:47.633+0000] {processor.py:914} INFO - Processing file /home/airflow/.local/lib/python3.12/site-packages/airflow/example_dags/example_sensor_decorator.py for tasks to queue
[2025-08-29T08:52:47.635+0000] {logging_mixin.py:190} INFO - [2025-08-29T08:52:47.634+0000] {dagbag.py:588} INFO - Filling up the DagBag from /home/airflow/.local/lib/python3.12/site-packages/airflow/example_dags/example_sensor_decorator.py
[2025-08-29T08:52:47.640+0000] {processor.py:925} INFO - DAG(s) 'example_sensor_decorator' retrieved from /home/airflow/.local/lib/python3.12/site-packages/airflow/example_dags/example_sensor_decorator.py
[2025-08-29T08:52:47.661+0000] {logging_mixin.py:190} INFO - [2025-08-29T08:52:47.660+0000] {dag.py:3239} INFO - Sync 1 DAGs
[2025-08-29T08:52:47.672+0000] {logging_mixin.py:190} INFO - [2025-08-29T08:52:47.672+0000] {dag.py:4180} INFO - Setting next_dagrun for example_sensor_decorator to None, run_after=None
[2025-08-29T08:52:47.683+0000] {processor.py:208} INFO - Processing /home/airflow/.local/lib/python3.12/site-packages/airflow/example_dags/example_sensor_decorator.py took 0.057 seconds
[2025-08-29T08:53:17.968+0000] {processor.py:186} INFO - Started process (PID=33352) to work on /home/airflow/.local/lib/python3.12/site-packages/airflow/example_dags/example_sensor_decorator.py
[2025-08-29T08:53:17.969+0000] {processor.py:914} INFO - Processing file /home/airflow/.local/lib/python3.12/site-packages/airflow/example_dags/example_sensor_decorator.py for tasks to queue
[2025-08-29T08:53:17.970+0000] {logging_mixin.py:190} INFO - [2025-08-29T08:53:17.970+0000] {dagbag.py:588} INFO - Filling up the DagBag from /home/airflow/.local/lib/python3.12/site-packages/airflow/example_dags/example_sensor_decorator.py
[2025-08-29T08:53:17.975+0000] {processor.py:925} INFO - DAG(s) 'example_sensor_decorator' retrieved from /home/airflow/.local/lib/python3.12/site-packages/airflow/example_dags/example_sensor_decorator.py
[2025-08-29T08:53:17.995+0000] {logging_mixin.py:190} INFO - [2025-08-29T08:53:17.994+0000] {dag.py:3239} INFO - Sync 1 DAGs
[2025-08-29T08:53:18.012+0000] {logging_mixin.py:190} INFO - [2025-08-29T08:53:18.012+0000] {dag.py:4180} INFO - Setting next_dagrun for example_sensor_decorator to None, run_after=None
[2025-08-29T08:53:18.034+0000] {processor.py:208} INFO - Processing /home/airflow/.local/lib/python3.12/site-packages/airflow/example_dags/example_sensor_decorator.py took 0.070 seconds
[2025-08-29T08:53:48.407+0000] {processor.py:186} INFO - Started process (PID=33416) to work on /home/airflow/.local/lib/python3.12/site-packages/airflow/example_dags/example_sensor_decorator.py
[2025-08-29T08:53:48.408+0000] {processor.py:914} INFO - Processing file /home/airflow/.local/lib/python3.12/site-packages/airflow/example_dags/example_sensor_decorator.py for tasks to queue
[2025-08-29T08:53:48.410+0000] {logging_mixin.py:190} INFO - [2025-08-29T08:53:48.410+0000] {dagbag.py:588} INFO - Filling up the DagBag from /home/airflow/.local/lib/python3.12/site-packages/airflow/example_dags/example_sensor_decorator.py
[2025-08-29T08:53:48.419+0000] {processor.py:925} INFO - DAG(s) 'example_sensor_decorator' retrieved from /home/airflow/.local/lib/python3.12/site-packages/airflow/example_dags/example_sensor_decorator.py
[2025-08-29T08:53:48.438+0000] {logging_mixin.py:190} INFO - [2025-08-29T08:53:48.438+0000] {dag.py:3239} INFO - Sync 1 DAGs
[2025-08-29T08:53:48.454+0000] {logging_mixin.py:190} INFO - [2025-08-29T08:53:48.453+0000] {dag.py:4180} INFO - Setting next_dagrun for example_sensor_decorator to None, run_after=None
[2025-08-29T08:53:48.471+0000] {processor.py:208} INFO - Processing /home/airflow/.local/lib/python3.12/site-packages/airflow/example_dags/example_sensor_decorator.py took 0.071 seconds
