[2025-08-29T08:40:38.738+0000] {processor.py:186} INFO - Started process (PID=31778) to work on /home/airflow/.local/lib/python3.12/site-packages/airflow/example_dags/example_short_circuit_operator.py
[2025-08-29T08:40:38.739+0000] {processor.py:914} INFO - Processing file /home/airflow/.local/lib/python3.12/site-packages/airflow/example_dags/example_short_circuit_operator.py for tasks to queue
[2025-08-29T08:40:38.741+0000] {logging_mixin.py:190} INFO - [2025-08-29T08:40:38.741+0000] {dagbag.py:588} INFO - Filling up the DagBag from /home/airflow/.local/lib/python3.12/site-packages/airflow/example_dags/example_short_circuit_operator.py
[2025-08-29T08:40:38.750+0000] {processor.py:925} INFO - DAG(s) 'example_short_circuit_operator' retrieved from /home/airflow/.local/lib/python3.12/site-packages/airflow/example_dags/example_short_circuit_operator.py
[2025-08-29T08:40:38.777+0000] {logging_mixin.py:190} INFO - [2025-08-29T08:40:38.777+0000] {dag.py:3239} INFO - Sync 1 DAGs
[2025-08-29T08:40:38.793+0000] {logging_mixin.py:190} INFO - [2025-08-29T08:40:38.793+0000] {dag.py:4180} INFO - Setting next_dagrun for example_short_circuit_operator to None, run_after=None
[2025-08-29T08:40:38.819+0000] {processor.py:208} INFO - Processing /home/airflow/.local/lib/python3.12/site-packages/airflow/example_dags/example_short_circuit_operator.py took 0.088 seconds
[2025-08-29T08:41:09.917+0000] {processor.py:186} INFO - Started process (PID=31842) to work on /home/airflow/.local/lib/python3.12/site-packages/airflow/example_dags/example_short_circuit_operator.py
[2025-08-29T08:41:09.918+0000] {processor.py:914} INFO - Processing file /home/airflow/.local/lib/python3.12/site-packages/airflow/example_dags/example_short_circuit_operator.py for tasks to queue
[2025-08-29T08:41:09.920+0000] {logging_mixin.py:190} INFO - [2025-08-29T08:41:09.920+0000] {dagbag.py:588} INFO - Filling up the DagBag from /home/airflow/.local/lib/python3.12/site-packages/airflow/example_dags/example_short_circuit_operator.py
[2025-08-29T08:41:09.928+0000] {processor.py:925} INFO - DAG(s) 'example_short_circuit_operator' retrieved from /home/airflow/.local/lib/python3.12/site-packages/airflow/example_dags/example_short_circuit_operator.py
[2025-08-29T08:41:09.954+0000] {logging_mixin.py:190} INFO - [2025-08-29T08:41:09.954+0000] {dag.py:3239} INFO - Sync 1 DAGs
[2025-08-29T08:41:09.972+0000] {logging_mixin.py:190} INFO - [2025-08-29T08:41:09.971+0000] {dag.py:4180} INFO - Setting next_dagrun for example_short_circuit_operator to None, run_after=None
[2025-08-29T08:41:09.996+0000] {processor.py:208} INFO - Processing /home/airflow/.local/lib/python3.12/site-packages/airflow/example_dags/example_short_circuit_operator.py took 0.085 seconds
[2025-08-29T08:41:40.835+0000] {processor.py:186} INFO - Started process (PID=31906) to work on /home/airflow/.local/lib/python3.12/site-packages/airflow/example_dags/example_short_circuit_operator.py
[2025-08-29T08:41:40.837+0000] {processor.py:914} INFO - Processing file /home/airflow/.local/lib/python3.12/site-packages/airflow/example_dags/example_short_circuit_operator.py for tasks to queue
[2025-08-29T08:41:40.840+0000] {logging_mixin.py:190} INFO - [2025-08-29T08:41:40.840+0000] {dagbag.py:588} INFO - Filling up the DagBag from /home/airflow/.local/lib/python3.12/site-packages/airflow/example_dags/example_short_circuit_operator.py
[2025-08-29T08:41:40.855+0000] {processor.py:925} INFO - DAG(s) 'example_short_circuit_operator' retrieved from /home/airflow/.local/lib/python3.12/site-packages/airflow/example_dags/example_short_circuit_operator.py
[2025-08-29T08:41:40.898+0000] {logging_mixin.py:190} INFO - [2025-08-29T08:41:40.898+0000] {dag.py:3239} INFO - Sync 1 DAGs
[2025-08-29T08:41:40.929+0000] {logging_mixin.py:190} INFO - [2025-08-29T08:41:40.928+0000] {dag.py:4180} INFO - Setting next_dagrun for example_short_circuit_operator to None, run_after=None
[2025-08-29T08:41:40.965+0000] {processor.py:208} INFO - Processing /home/airflow/.local/lib/python3.12/site-packages/airflow/example_dags/example_short_circuit_operator.py took 0.140 seconds
[2025-08-29T08:42:11.061+0000] {processor.py:186} INFO - Started process (PID=31970) to work on /home/airflow/.local/lib/python3.12/site-packages/airflow/example_dags/example_short_circuit_operator.py
[2025-08-29T08:42:11.062+0000] {processor.py:914} INFO - Processing file /home/airflow/.local/lib/python3.12/site-packages/airflow/example_dags/example_short_circuit_operator.py for tasks to queue
[2025-08-29T08:42:11.064+0000] {logging_mixin.py:190} INFO - [2025-08-29T08:42:11.064+0000] {dagbag.py:588} INFO - Filling up the DagBag from /home/airflow/.local/lib/python3.12/site-packages/airflow/example_dags/example_short_circuit_operator.py
[2025-08-29T08:42:11.072+0000] {processor.py:925} INFO - DAG(s) 'example_short_circuit_operator' retrieved from /home/airflow/.local/lib/python3.12/site-packages/airflow/example_dags/example_short_circuit_operator.py
[2025-08-29T08:42:11.104+0000] {logging_mixin.py:190} INFO - [2025-08-29T08:42:11.104+0000] {dag.py:3239} INFO - Sync 1 DAGs
[2025-08-29T08:42:11.122+0000] {logging_mixin.py:190} INFO - [2025-08-29T08:42:11.122+0000] {dag.py:4180} INFO - Setting next_dagrun for example_short_circuit_operator to None, run_after=None
[2025-08-29T08:42:11.152+0000] {processor.py:208} INFO - Processing /home/airflow/.local/lib/python3.12/site-packages/airflow/example_dags/example_short_circuit_operator.py took 0.097 seconds
[2025-08-29T08:42:41.973+0000] {processor.py:186} INFO - Started process (PID=32034) to work on /home/airflow/.local/lib/python3.12/site-packages/airflow/example_dags/example_short_circuit_operator.py
[2025-08-29T08:42:41.974+0000] {processor.py:914} INFO - Processing file /home/airflow/.local/lib/python3.12/site-packages/airflow/example_dags/example_short_circuit_operator.py for tasks to queue
[2025-08-29T08:42:41.977+0000] {logging_mixin.py:190} INFO - [2025-08-29T08:42:41.976+0000] {dagbag.py:588} INFO - Filling up the DagBag from /home/airflow/.local/lib/python3.12/site-packages/airflow/example_dags/example_short_circuit_operator.py
[2025-08-29T08:42:41.989+0000] {processor.py:925} INFO - DAG(s) 'example_short_circuit_operator' retrieved from /home/airflow/.local/lib/python3.12/site-packages/airflow/example_dags/example_short_circuit_operator.py
[2025-08-29T08:42:42.021+0000] {logging_mixin.py:190} INFO - [2025-08-29T08:42:42.021+0000] {dag.py:3239} INFO - Sync 1 DAGs
[2025-08-29T08:42:42.043+0000] {logging_mixin.py:190} INFO - [2025-08-29T08:42:42.043+0000] {dag.py:4180} INFO - Setting next_dagrun for example_short_circuit_operator to None, run_after=None
[2025-08-29T08:42:42.068+0000] {processor.py:208} INFO - Processing /home/airflow/.local/lib/python3.12/site-packages/airflow/example_dags/example_short_circuit_operator.py took 0.104 seconds
[2025-08-29T08:43:12.316+0000] {processor.py:186} INFO - Started process (PID=32098) to work on /home/airflow/.local/lib/python3.12/site-packages/airflow/example_dags/example_short_circuit_operator.py
[2025-08-29T08:43:12.317+0000] {processor.py:914} INFO - Processing file /home/airflow/.local/lib/python3.12/site-packages/airflow/example_dags/example_short_circuit_operator.py for tasks to queue
[2025-08-29T08:43:12.321+0000] {logging_mixin.py:190} INFO - [2025-08-29T08:43:12.320+0000] {dagbag.py:588} INFO - Filling up the DagBag from /home/airflow/.local/lib/python3.12/site-packages/airflow/example_dags/example_short_circuit_operator.py
[2025-08-29T08:43:12.334+0000] {processor.py:925} INFO - DAG(s) 'example_short_circuit_operator' retrieved from /home/airflow/.local/lib/python3.12/site-packages/airflow/example_dags/example_short_circuit_operator.py
[2025-08-29T08:43:12.371+0000] {logging_mixin.py:190} INFO - [2025-08-29T08:43:12.370+0000] {dag.py:3239} INFO - Sync 1 DAGs
[2025-08-29T08:43:12.396+0000] {logging_mixin.py:190} INFO - [2025-08-29T08:43:12.395+0000] {dag.py:4180} INFO - Setting next_dagrun for example_short_circuit_operator to None, run_after=None
[2025-08-29T08:43:12.424+0000] {processor.py:208} INFO - Processing /home/airflow/.local/lib/python3.12/site-packages/airflow/example_dags/example_short_circuit_operator.py took 0.117 seconds
[2025-08-29T08:43:43.005+0000] {processor.py:186} INFO - Started process (PID=32162) to work on /home/airflow/.local/lib/python3.12/site-packages/airflow/example_dags/example_short_circuit_operator.py
[2025-08-29T08:43:43.006+0000] {processor.py:914} INFO - Processing file /home/airflow/.local/lib/python3.12/site-packages/airflow/example_dags/example_short_circuit_operator.py for tasks to queue
[2025-08-29T08:43:43.008+0000] {logging_mixin.py:190} INFO - [2025-08-29T08:43:43.008+0000] {dagbag.py:588} INFO - Filling up the DagBag from /home/airflow/.local/lib/python3.12/site-packages/airflow/example_dags/example_short_circuit_operator.py
[2025-08-29T08:43:43.018+0000] {processor.py:925} INFO - DAG(s) 'example_short_circuit_operator' retrieved from /home/airflow/.local/lib/python3.12/site-packages/airflow/example_dags/example_short_circuit_operator.py
[2025-08-29T08:43:43.049+0000] {logging_mixin.py:190} INFO - [2025-08-29T08:43:43.049+0000] {dag.py:3239} INFO - Sync 1 DAGs
[2025-08-29T08:43:43.072+0000] {logging_mixin.py:190} INFO - [2025-08-29T08:43:43.071+0000] {dag.py:4180} INFO - Setting next_dagrun for example_short_circuit_operator to None, run_after=None
[2025-08-29T08:43:43.096+0000] {processor.py:208} INFO - Processing /home/airflow/.local/lib/python3.12/site-packages/airflow/example_dags/example_short_circuit_operator.py took 0.097 seconds
[2025-08-29T08:44:13.930+0000] {processor.py:186} INFO - Started process (PID=32226) to work on /home/airflow/.local/lib/python3.12/site-packages/airflow/example_dags/example_short_circuit_operator.py
[2025-08-29T08:44:13.931+0000] {processor.py:914} INFO - Processing file /home/airflow/.local/lib/python3.12/site-packages/airflow/example_dags/example_short_circuit_operator.py for tasks to queue
[2025-08-29T08:44:13.932+0000] {logging_mixin.py:190} INFO - [2025-08-29T08:44:13.932+0000] {dagbag.py:588} INFO - Filling up the DagBag from /home/airflow/.local/lib/python3.12/site-packages/airflow/example_dags/example_short_circuit_operator.py
[2025-08-29T08:44:13.938+0000] {processor.py:925} INFO - DAG(s) 'example_short_circuit_operator' retrieved from /home/airflow/.local/lib/python3.12/site-packages/airflow/example_dags/example_short_circuit_operator.py
[2025-08-29T08:44:13.957+0000] {logging_mixin.py:190} INFO - [2025-08-29T08:44:13.957+0000] {dag.py:3239} INFO - Sync 1 DAGs
[2025-08-29T08:44:13.966+0000] {logging_mixin.py:190} INFO - [2025-08-29T08:44:13.966+0000] {dag.py:4180} INFO - Setting next_dagrun for example_short_circuit_operator to None, run_after=None
[2025-08-29T08:44:13.983+0000] {processor.py:208} INFO - Processing /home/airflow/.local/lib/python3.12/site-packages/airflow/example_dags/example_short_circuit_operator.py took 0.058 seconds
[2025-08-29T08:44:44.656+0000] {processor.py:186} INFO - Started process (PID=32290) to work on /home/airflow/.local/lib/python3.12/site-packages/airflow/example_dags/example_short_circuit_operator.py
[2025-08-29T08:44:44.657+0000] {processor.py:914} INFO - Processing file /home/airflow/.local/lib/python3.12/site-packages/airflow/example_dags/example_short_circuit_operator.py for tasks to queue
[2025-08-29T08:44:44.659+0000] {logging_mixin.py:190} INFO - [2025-08-29T08:44:44.659+0000] {dagbag.py:588} INFO - Filling up the DagBag from /home/airflow/.local/lib/python3.12/site-packages/airflow/example_dags/example_short_circuit_operator.py
[2025-08-29T08:44:44.669+0000] {processor.py:925} INFO - DAG(s) 'example_short_circuit_operator' retrieved from /home/airflow/.local/lib/python3.12/site-packages/airflow/example_dags/example_short_circuit_operator.py
[2025-08-29T08:44:44.694+0000] {logging_mixin.py:190} INFO - [2025-08-29T08:44:44.693+0000] {dag.py:3239} INFO - Sync 1 DAGs
[2025-08-29T08:44:44.711+0000] {logging_mixin.py:190} INFO - [2025-08-29T08:44:44.711+0000] {dag.py:4180} INFO - Setting next_dagrun for example_short_circuit_operator to None, run_after=None
[2025-08-29T08:44:44.733+0000] {processor.py:208} INFO - Processing /home/airflow/.local/lib/python3.12/site-packages/airflow/example_dags/example_short_circuit_operator.py took 0.083 seconds
[2025-08-29T08:45:15.083+0000] {processor.py:186} INFO - Started process (PID=32354) to work on /home/airflow/.local/lib/python3.12/site-packages/airflow/example_dags/example_short_circuit_operator.py
[2025-08-29T08:45:15.084+0000] {processor.py:914} INFO - Processing file /home/airflow/.local/lib/python3.12/site-packages/airflow/example_dags/example_short_circuit_operator.py for tasks to queue
[2025-08-29T08:45:15.086+0000] {logging_mixin.py:190} INFO - [2025-08-29T08:45:15.086+0000] {dagbag.py:588} INFO - Filling up the DagBag from /home/airflow/.local/lib/python3.12/site-packages/airflow/example_dags/example_short_circuit_operator.py
[2025-08-29T08:45:15.094+0000] {processor.py:925} INFO - DAG(s) 'example_short_circuit_operator' retrieved from /home/airflow/.local/lib/python3.12/site-packages/airflow/example_dags/example_short_circuit_operator.py
[2025-08-29T08:45:15.118+0000] {logging_mixin.py:190} INFO - [2025-08-29T08:45:15.118+0000] {dag.py:3239} INFO - Sync 1 DAGs
[2025-08-29T08:45:15.128+0000] {logging_mixin.py:190} INFO - [2025-08-29T08:45:15.127+0000] {dag.py:4180} INFO - Setting next_dagrun for example_short_circuit_operator to None, run_after=None
[2025-08-29T08:45:15.145+0000] {processor.py:208} INFO - Processing /home/airflow/.local/lib/python3.12/site-packages/airflow/example_dags/example_short_circuit_operator.py took 0.068 seconds
[2025-08-29T08:45:45.701+0000] {processor.py:186} INFO - Started process (PID=32418) to work on /home/airflow/.local/lib/python3.12/site-packages/airflow/example_dags/example_short_circuit_operator.py
[2025-08-29T08:45:45.702+0000] {processor.py:914} INFO - Processing file /home/airflow/.local/lib/python3.12/site-packages/airflow/example_dags/example_short_circuit_operator.py for tasks to queue
[2025-08-29T08:45:45.703+0000] {logging_mixin.py:190} INFO - [2025-08-29T08:45:45.703+0000] {dagbag.py:588} INFO - Filling up the DagBag from /home/airflow/.local/lib/python3.12/site-packages/airflow/example_dags/example_short_circuit_operator.py
[2025-08-29T08:45:45.708+0000] {processor.py:925} INFO - DAG(s) 'example_short_circuit_operator' retrieved from /home/airflow/.local/lib/python3.12/site-packages/airflow/example_dags/example_short_circuit_operator.py
[2025-08-29T08:45:45.727+0000] {logging_mixin.py:190} INFO - [2025-08-29T08:45:45.727+0000] {dag.py:3239} INFO - Sync 1 DAGs
[2025-08-29T08:45:45.740+0000] {logging_mixin.py:190} INFO - [2025-08-29T08:45:45.740+0000] {dag.py:4180} INFO - Setting next_dagrun for example_short_circuit_operator to None, run_after=None
[2025-08-29T08:45:45.760+0000] {processor.py:208} INFO - Processing /home/airflow/.local/lib/python3.12/site-packages/airflow/example_dags/example_short_circuit_operator.py took 0.062 seconds
[2025-08-29T08:46:16.269+0000] {processor.py:186} INFO - Started process (PID=32482) to work on /home/airflow/.local/lib/python3.12/site-packages/airflow/example_dags/example_short_circuit_operator.py
[2025-08-29T08:46:16.270+0000] {processor.py:914} INFO - Processing file /home/airflow/.local/lib/python3.12/site-packages/airflow/example_dags/example_short_circuit_operator.py for tasks to queue
[2025-08-29T08:46:16.271+0000] {logging_mixin.py:190} INFO - [2025-08-29T08:46:16.271+0000] {dagbag.py:588} INFO - Filling up the DagBag from /home/airflow/.local/lib/python3.12/site-packages/airflow/example_dags/example_short_circuit_operator.py
[2025-08-29T08:46:16.276+0000] {processor.py:925} INFO - DAG(s) 'example_short_circuit_operator' retrieved from /home/airflow/.local/lib/python3.12/site-packages/airflow/example_dags/example_short_circuit_operator.py
[2025-08-29T08:46:16.296+0000] {logging_mixin.py:190} INFO - [2025-08-29T08:46:16.296+0000] {dag.py:3239} INFO - Sync 1 DAGs
[2025-08-29T08:46:16.305+0000] {logging_mixin.py:190} INFO - [2025-08-29T08:46:16.305+0000] {dag.py:4180} INFO - Setting next_dagrun for example_short_circuit_operator to None, run_after=None
[2025-08-29T08:46:16.320+0000] {processor.py:208} INFO - Processing /home/airflow/.local/lib/python3.12/site-packages/airflow/example_dags/example_short_circuit_operator.py took 0.055 seconds
[2025-08-29T08:46:46.689+0000] {processor.py:186} INFO - Started process (PID=32546) to work on /home/airflow/.local/lib/python3.12/site-packages/airflow/example_dags/example_short_circuit_operator.py
[2025-08-29T08:46:46.690+0000] {processor.py:914} INFO - Processing file /home/airflow/.local/lib/python3.12/site-packages/airflow/example_dags/example_short_circuit_operator.py for tasks to queue
[2025-08-29T08:46:46.691+0000] {logging_mixin.py:190} INFO - [2025-08-29T08:46:46.691+0000] {dagbag.py:588} INFO - Filling up the DagBag from /home/airflow/.local/lib/python3.12/site-packages/airflow/example_dags/example_short_circuit_operator.py
[2025-08-29T08:46:46.697+0000] {processor.py:925} INFO - DAG(s) 'example_short_circuit_operator' retrieved from /home/airflow/.local/lib/python3.12/site-packages/airflow/example_dags/example_short_circuit_operator.py
[2025-08-29T08:46:46.713+0000] {logging_mixin.py:190} INFO - [2025-08-29T08:46:46.713+0000] {dag.py:3239} INFO - Sync 1 DAGs
[2025-08-29T08:46:46.722+0000] {logging_mixin.py:190} INFO - [2025-08-29T08:46:46.722+0000] {dag.py:4180} INFO - Setting next_dagrun for example_short_circuit_operator to None, run_after=None
[2025-08-29T08:46:46.735+0000] {processor.py:208} INFO - Processing /home/airflow/.local/lib/python3.12/site-packages/airflow/example_dags/example_short_circuit_operator.py took 0.049 seconds
[2025-08-29T08:47:16.934+0000] {processor.py:186} INFO - Started process (PID=32610) to work on /home/airflow/.local/lib/python3.12/site-packages/airflow/example_dags/example_short_circuit_operator.py
[2025-08-29T08:47:16.934+0000] {processor.py:914} INFO - Processing file /home/airflow/.local/lib/python3.12/site-packages/airflow/example_dags/example_short_circuit_operator.py for tasks to queue
[2025-08-29T08:47:16.935+0000] {logging_mixin.py:190} INFO - [2025-08-29T08:47:16.935+0000] {dagbag.py:588} INFO - Filling up the DagBag from /home/airflow/.local/lib/python3.12/site-packages/airflow/example_dags/example_short_circuit_operator.py
[2025-08-29T08:47:16.941+0000] {processor.py:925} INFO - DAG(s) 'example_short_circuit_operator' retrieved from /home/airflow/.local/lib/python3.12/site-packages/airflow/example_dags/example_short_circuit_operator.py
[2025-08-29T08:47:16.956+0000] {logging_mixin.py:190} INFO - [2025-08-29T08:47:16.956+0000] {dag.py:3239} INFO - Sync 1 DAGs
[2025-08-29T08:47:16.965+0000] {logging_mixin.py:190} INFO - [2025-08-29T08:47:16.965+0000] {dag.py:4180} INFO - Setting next_dagrun for example_short_circuit_operator to None, run_after=None
[2025-08-29T08:47:16.983+0000] {processor.py:208} INFO - Processing /home/airflow/.local/lib/python3.12/site-packages/airflow/example_dags/example_short_circuit_operator.py took 0.053 seconds
[2025-08-29T08:47:47.252+0000] {processor.py:186} INFO - Started process (PID=32674) to work on /home/airflow/.local/lib/python3.12/site-packages/airflow/example_dags/example_short_circuit_operator.py
[2025-08-29T08:47:47.253+0000] {processor.py:914} INFO - Processing file /home/airflow/.local/lib/python3.12/site-packages/airflow/example_dags/example_short_circuit_operator.py for tasks to queue
[2025-08-29T08:47:47.254+0000] {logging_mixin.py:190} INFO - [2025-08-29T08:47:47.254+0000] {dagbag.py:588} INFO - Filling up the DagBag from /home/airflow/.local/lib/python3.12/site-packages/airflow/example_dags/example_short_circuit_operator.py
[2025-08-29T08:47:47.259+0000] {processor.py:925} INFO - DAG(s) 'example_short_circuit_operator' retrieved from /home/airflow/.local/lib/python3.12/site-packages/airflow/example_dags/example_short_circuit_operator.py
[2025-08-29T08:47:47.278+0000] {logging_mixin.py:190} INFO - [2025-08-29T08:47:47.278+0000] {dag.py:3239} INFO - Sync 1 DAGs
[2025-08-29T08:47:47.292+0000] {logging_mixin.py:190} INFO - [2025-08-29T08:47:47.292+0000] {dag.py:4180} INFO - Setting next_dagrun for example_short_circuit_operator to None, run_after=None
[2025-08-29T08:47:47.309+0000] {processor.py:208} INFO - Processing /home/airflow/.local/lib/python3.12/site-packages/airflow/example_dags/example_short_circuit_operator.py took 0.061 seconds
[2025-08-29T08:48:17.717+0000] {processor.py:186} INFO - Started process (PID=32738) to work on /home/airflow/.local/lib/python3.12/site-packages/airflow/example_dags/example_short_circuit_operator.py
[2025-08-29T08:48:17.718+0000] {processor.py:914} INFO - Processing file /home/airflow/.local/lib/python3.12/site-packages/airflow/example_dags/example_short_circuit_operator.py for tasks to queue
[2025-08-29T08:48:17.719+0000] {logging_mixin.py:190} INFO - [2025-08-29T08:48:17.719+0000] {dagbag.py:588} INFO - Filling up the DagBag from /home/airflow/.local/lib/python3.12/site-packages/airflow/example_dags/example_short_circuit_operator.py
[2025-08-29T08:48:17.725+0000] {processor.py:925} INFO - DAG(s) 'example_short_circuit_operator' retrieved from /home/airflow/.local/lib/python3.12/site-packages/airflow/example_dags/example_short_circuit_operator.py
[2025-08-29T08:48:17.744+0000] {logging_mixin.py:190} INFO - [2025-08-29T08:48:17.744+0000] {dag.py:3239} INFO - Sync 1 DAGs
[2025-08-29T08:48:17.760+0000] {logging_mixin.py:190} INFO - [2025-08-29T08:48:17.760+0000] {dag.py:4180} INFO - Setting next_dagrun for example_short_circuit_operator to None, run_after=None
[2025-08-29T08:48:17.778+0000] {processor.py:208} INFO - Processing /home/airflow/.local/lib/python3.12/site-packages/airflow/example_dags/example_short_circuit_operator.py took 0.068 seconds
[2025-08-29T08:48:48.151+0000] {processor.py:186} INFO - Started process (PID=32802) to work on /home/airflow/.local/lib/python3.12/site-packages/airflow/example_dags/example_short_circuit_operator.py
[2025-08-29T08:48:48.152+0000] {processor.py:914} INFO - Processing file /home/airflow/.local/lib/python3.12/site-packages/airflow/example_dags/example_short_circuit_operator.py for tasks to queue
[2025-08-29T08:48:48.154+0000] {logging_mixin.py:190} INFO - [2025-08-29T08:48:48.153+0000] {dagbag.py:588} INFO - Filling up the DagBag from /home/airflow/.local/lib/python3.12/site-packages/airflow/example_dags/example_short_circuit_operator.py
[2025-08-29T08:48:48.160+0000] {processor.py:925} INFO - DAG(s) 'example_short_circuit_operator' retrieved from /home/airflow/.local/lib/python3.12/site-packages/airflow/example_dags/example_short_circuit_operator.py
[2025-08-29T08:48:48.179+0000] {logging_mixin.py:190} INFO - [2025-08-29T08:48:48.179+0000] {dag.py:3239} INFO - Sync 1 DAGs
[2025-08-29T08:48:48.190+0000] {logging_mixin.py:190} INFO - [2025-08-29T08:48:48.190+0000] {dag.py:4180} INFO - Setting next_dagrun for example_short_circuit_operator to None, run_after=None
[2025-08-29T08:48:48.203+0000] {processor.py:208} INFO - Processing /home/airflow/.local/lib/python3.12/site-packages/airflow/example_dags/example_short_circuit_operator.py took 0.059 seconds
[2025-08-29T08:49:18.518+0000] {processor.py:186} INFO - Started process (PID=32866) to work on /home/airflow/.local/lib/python3.12/site-packages/airflow/example_dags/example_short_circuit_operator.py
[2025-08-29T08:49:18.519+0000] {processor.py:914} INFO - Processing file /home/airflow/.local/lib/python3.12/site-packages/airflow/example_dags/example_short_circuit_operator.py for tasks to queue
[2025-08-29T08:49:18.520+0000] {logging_mixin.py:190} INFO - [2025-08-29T08:49:18.520+0000] {dagbag.py:588} INFO - Filling up the DagBag from /home/airflow/.local/lib/python3.12/site-packages/airflow/example_dags/example_short_circuit_operator.py
[2025-08-29T08:49:18.526+0000] {processor.py:925} INFO - DAG(s) 'example_short_circuit_operator' retrieved from /home/airflow/.local/lib/python3.12/site-packages/airflow/example_dags/example_short_circuit_operator.py
[2025-08-29T08:49:18.550+0000] {logging_mixin.py:190} INFO - [2025-08-29T08:49:18.549+0000] {dag.py:3239} INFO - Sync 1 DAGs
[2025-08-29T08:49:18.564+0000] {logging_mixin.py:190} INFO - [2025-08-29T08:49:18.564+0000] {dag.py:4180} INFO - Setting next_dagrun for example_short_circuit_operator to None, run_after=None
[2025-08-29T08:49:18.580+0000] {processor.py:208} INFO - Processing /home/airflow/.local/lib/python3.12/site-packages/airflow/example_dags/example_short_circuit_operator.py took 0.068 seconds
[2025-08-29T08:49:48.987+0000] {processor.py:186} INFO - Started process (PID=32930) to work on /home/airflow/.local/lib/python3.12/site-packages/airflow/example_dags/example_short_circuit_operator.py
[2025-08-29T08:49:48.988+0000] {processor.py:914} INFO - Processing file /home/airflow/.local/lib/python3.12/site-packages/airflow/example_dags/example_short_circuit_operator.py for tasks to queue
[2025-08-29T08:49:48.989+0000] {logging_mixin.py:190} INFO - [2025-08-29T08:49:48.989+0000] {dagbag.py:588} INFO - Filling up the DagBag from /home/airflow/.local/lib/python3.12/site-packages/airflow/example_dags/example_short_circuit_operator.py
[2025-08-29T08:49:48.994+0000] {processor.py:925} INFO - DAG(s) 'example_short_circuit_operator' retrieved from /home/airflow/.local/lib/python3.12/site-packages/airflow/example_dags/example_short_circuit_operator.py
[2025-08-29T08:49:49.014+0000] {logging_mixin.py:190} INFO - [2025-08-29T08:49:49.014+0000] {dag.py:3239} INFO - Sync 1 DAGs
[2025-08-29T08:49:49.025+0000] {logging_mixin.py:190} INFO - [2025-08-29T08:49:49.025+0000] {dag.py:4180} INFO - Setting next_dagrun for example_short_circuit_operator to None, run_after=None
[2025-08-29T08:49:49.047+0000] {processor.py:208} INFO - Processing /home/airflow/.local/lib/python3.12/site-packages/airflow/example_dags/example_short_circuit_operator.py took 0.065 seconds
[2025-08-29T08:50:19.518+0000] {processor.py:186} INFO - Started process (PID=32994) to work on /home/airflow/.local/lib/python3.12/site-packages/airflow/example_dags/example_short_circuit_operator.py
[2025-08-29T08:50:19.518+0000] {processor.py:914} INFO - Processing file /home/airflow/.local/lib/python3.12/site-packages/airflow/example_dags/example_short_circuit_operator.py for tasks to queue
[2025-08-29T08:50:19.520+0000] {logging_mixin.py:190} INFO - [2025-08-29T08:50:19.520+0000] {dagbag.py:588} INFO - Filling up the DagBag from /home/airflow/.local/lib/python3.12/site-packages/airflow/example_dags/example_short_circuit_operator.py
[2025-08-29T08:50:19.525+0000] {processor.py:925} INFO - DAG(s) 'example_short_circuit_operator' retrieved from /home/airflow/.local/lib/python3.12/site-packages/airflow/example_dags/example_short_circuit_operator.py
[2025-08-29T08:50:19.548+0000] {logging_mixin.py:190} INFO - [2025-08-29T08:50:19.548+0000] {dag.py:3239} INFO - Sync 1 DAGs
[2025-08-29T08:50:19.557+0000] {logging_mixin.py:190} INFO - [2025-08-29T08:50:19.557+0000] {dag.py:4180} INFO - Setting next_dagrun for example_short_circuit_operator to None, run_after=None
[2025-08-29T08:50:19.574+0000] {processor.py:208} INFO - Processing /home/airflow/.local/lib/python3.12/site-packages/airflow/example_dags/example_short_circuit_operator.py took 0.064 seconds
[2025-08-29T08:50:49.840+0000] {processor.py:186} INFO - Started process (PID=33058) to work on /home/airflow/.local/lib/python3.12/site-packages/airflow/example_dags/example_short_circuit_operator.py
[2025-08-29T08:50:49.841+0000] {processor.py:914} INFO - Processing file /home/airflow/.local/lib/python3.12/site-packages/airflow/example_dags/example_short_circuit_operator.py for tasks to queue
[2025-08-29T08:50:49.842+0000] {logging_mixin.py:190} INFO - [2025-08-29T08:50:49.842+0000] {dagbag.py:588} INFO - Filling up the DagBag from /home/airflow/.local/lib/python3.12/site-packages/airflow/example_dags/example_short_circuit_operator.py
[2025-08-29T08:50:49.848+0000] {processor.py:925} INFO - DAG(s) 'example_short_circuit_operator' retrieved from /home/airflow/.local/lib/python3.12/site-packages/airflow/example_dags/example_short_circuit_operator.py
[2025-08-29T08:50:49.871+0000] {logging_mixin.py:190} INFO - [2025-08-29T08:50:49.870+0000] {dag.py:3239} INFO - Sync 1 DAGs
[2025-08-29T08:50:49.881+0000] {logging_mixin.py:190} INFO - [2025-08-29T08:50:49.881+0000] {dag.py:4180} INFO - Setting next_dagrun for example_short_circuit_operator to None, run_after=None
[2025-08-29T08:50:49.897+0000] {processor.py:208} INFO - Processing /home/airflow/.local/lib/python3.12/site-packages/airflow/example_dags/example_short_circuit_operator.py took 0.061 seconds
[2025-08-29T08:51:20.001+0000] {processor.py:186} INFO - Started process (PID=33122) to work on /home/airflow/.local/lib/python3.12/site-packages/airflow/example_dags/example_short_circuit_operator.py
[2025-08-29T08:51:20.001+0000] {processor.py:914} INFO - Processing file /home/airflow/.local/lib/python3.12/site-packages/airflow/example_dags/example_short_circuit_operator.py for tasks to queue
[2025-08-29T08:51:20.003+0000] {logging_mixin.py:190} INFO - [2025-08-29T08:51:20.003+0000] {dagbag.py:588} INFO - Filling up the DagBag from /home/airflow/.local/lib/python3.12/site-packages/airflow/example_dags/example_short_circuit_operator.py
[2025-08-29T08:51:20.008+0000] {processor.py:925} INFO - DAG(s) 'example_short_circuit_operator' retrieved from /home/airflow/.local/lib/python3.12/site-packages/airflow/example_dags/example_short_circuit_operator.py
[2025-08-29T08:51:20.025+0000] {logging_mixin.py:190} INFO - [2025-08-29T08:51:20.025+0000] {dag.py:3239} INFO - Sync 1 DAGs
[2025-08-29T08:51:20.035+0000] {logging_mixin.py:190} INFO - [2025-08-29T08:51:20.034+0000] {dag.py:4180} INFO - Setting next_dagrun for example_short_circuit_operator to None, run_after=None
[2025-08-29T08:51:20.052+0000] {processor.py:208} INFO - Processing /home/airflow/.local/lib/python3.12/site-packages/airflow/example_dags/example_short_circuit_operator.py took 0.058 seconds
[2025-08-29T08:51:50.386+0000] {processor.py:186} INFO - Started process (PID=33186) to work on /home/airflow/.local/lib/python3.12/site-packages/airflow/example_dags/example_short_circuit_operator.py
[2025-08-29T08:51:50.387+0000] {processor.py:914} INFO - Processing file /home/airflow/.local/lib/python3.12/site-packages/airflow/example_dags/example_short_circuit_operator.py for tasks to queue
[2025-08-29T08:51:50.388+0000] {logging_mixin.py:190} INFO - [2025-08-29T08:51:50.388+0000] {dagbag.py:588} INFO - Filling up the DagBag from /home/airflow/.local/lib/python3.12/site-packages/airflow/example_dags/example_short_circuit_operator.py
[2025-08-29T08:51:50.395+0000] {processor.py:925} INFO - DAG(s) 'example_short_circuit_operator' retrieved from /home/airflow/.local/lib/python3.12/site-packages/airflow/example_dags/example_short_circuit_operator.py
[2025-08-29T08:51:50.422+0000] {logging_mixin.py:190} INFO - [2025-08-29T08:51:50.422+0000] {dag.py:3239} INFO - Sync 1 DAGs
[2025-08-29T08:51:50.433+0000] {logging_mixin.py:190} INFO - [2025-08-29T08:51:50.433+0000] {dag.py:4180} INFO - Setting next_dagrun for example_short_circuit_operator to None, run_after=None
[2025-08-29T08:51:50.455+0000] {processor.py:208} INFO - Processing /home/airflow/.local/lib/python3.12/site-packages/airflow/example_dags/example_short_circuit_operator.py took 0.074 seconds
[2025-08-29T08:52:20.688+0000] {processor.py:186} INFO - Started process (PID=33250) to work on /home/airflow/.local/lib/python3.12/site-packages/airflow/example_dags/example_short_circuit_operator.py
[2025-08-29T08:52:20.689+0000] {processor.py:914} INFO - Processing file /home/airflow/.local/lib/python3.12/site-packages/airflow/example_dags/example_short_circuit_operator.py for tasks to queue
[2025-08-29T08:52:20.691+0000] {logging_mixin.py:190} INFO - [2025-08-29T08:52:20.691+0000] {dagbag.py:588} INFO - Filling up the DagBag from /home/airflow/.local/lib/python3.12/site-packages/airflow/example_dags/example_short_circuit_operator.py
[2025-08-29T08:52:20.700+0000] {processor.py:925} INFO - DAG(s) 'example_short_circuit_operator' retrieved from /home/airflow/.local/lib/python3.12/site-packages/airflow/example_dags/example_short_circuit_operator.py
[2025-08-29T08:52:20.717+0000] {logging_mixin.py:190} INFO - [2025-08-29T08:52:20.717+0000] {dag.py:3239} INFO - Sync 1 DAGs
[2025-08-29T08:52:20.726+0000] {logging_mixin.py:190} INFO - [2025-08-29T08:52:20.726+0000] {dag.py:4180} INFO - Setting next_dagrun for example_short_circuit_operator to None, run_after=None
[2025-08-29T08:52:20.737+0000] {processor.py:208} INFO - Processing /home/airflow/.local/lib/python3.12/site-packages/airflow/example_dags/example_short_circuit_operator.py took 0.055 seconds
[2025-08-29T08:52:50.998+0000] {processor.py:186} INFO - Started process (PID=33314) to work on /home/airflow/.local/lib/python3.12/site-packages/airflow/example_dags/example_short_circuit_operator.py
[2025-08-29T08:52:50.999+0000] {processor.py:914} INFO - Processing file /home/airflow/.local/lib/python3.12/site-packages/airflow/example_dags/example_short_circuit_operator.py for tasks to queue
[2025-08-29T08:52:51.000+0000] {logging_mixin.py:190} INFO - [2025-08-29T08:52:51.000+0000] {dagbag.py:588} INFO - Filling up the DagBag from /home/airflow/.local/lib/python3.12/site-packages/airflow/example_dags/example_short_circuit_operator.py
[2025-08-29T08:52:51.006+0000] {processor.py:925} INFO - DAG(s) 'example_short_circuit_operator' retrieved from /home/airflow/.local/lib/python3.12/site-packages/airflow/example_dags/example_short_circuit_operator.py
[2025-08-29T08:52:51.032+0000] {logging_mixin.py:190} INFO - [2025-08-29T08:52:51.032+0000] {dag.py:3239} INFO - Sync 1 DAGs
[2025-08-29T08:52:51.047+0000] {logging_mixin.py:190} INFO - [2025-08-29T08:52:51.047+0000] {dag.py:4180} INFO - Setting next_dagrun for example_short_circuit_operator to None, run_after=None
[2025-08-29T08:52:51.064+0000] {processor.py:208} INFO - Processing /home/airflow/.local/lib/python3.12/site-packages/airflow/example_dags/example_short_circuit_operator.py took 0.073 seconds
[2025-08-29T08:53:21.390+0000] {processor.py:186} INFO - Started process (PID=33378) to work on /home/airflow/.local/lib/python3.12/site-packages/airflow/example_dags/example_short_circuit_operator.py
[2025-08-29T08:53:21.391+0000] {processor.py:914} INFO - Processing file /home/airflow/.local/lib/python3.12/site-packages/airflow/example_dags/example_short_circuit_operator.py for tasks to queue
[2025-08-29T08:53:21.393+0000] {logging_mixin.py:190} INFO - [2025-08-29T08:53:21.393+0000] {dagbag.py:588} INFO - Filling up the DagBag from /home/airflow/.local/lib/python3.12/site-packages/airflow/example_dags/example_short_circuit_operator.py
[2025-08-29T08:53:21.399+0000] {processor.py:925} INFO - DAG(s) 'example_short_circuit_operator' retrieved from /home/airflow/.local/lib/python3.12/site-packages/airflow/example_dags/example_short_circuit_operator.py
[2025-08-29T08:53:21.420+0000] {logging_mixin.py:190} INFO - [2025-08-29T08:53:21.420+0000] {dag.py:3239} INFO - Sync 1 DAGs
[2025-08-29T08:53:21.435+0000] {logging_mixin.py:190} INFO - [2025-08-29T08:53:21.435+0000] {dag.py:4180} INFO - Setting next_dagrun for example_short_circuit_operator to None, run_after=None
[2025-08-29T08:53:21.454+0000] {processor.py:208} INFO - Processing /home/airflow/.local/lib/python3.12/site-packages/airflow/example_dags/example_short_circuit_operator.py took 0.071 seconds
[2025-08-29T08:53:51.669+0000] {processor.py:186} INFO - Started process (PID=33442) to work on /home/airflow/.local/lib/python3.12/site-packages/airflow/example_dags/example_short_circuit_operator.py
[2025-08-29T08:53:51.670+0000] {processor.py:914} INFO - Processing file /home/airflow/.local/lib/python3.12/site-packages/airflow/example_dags/example_short_circuit_operator.py for tasks to queue
[2025-08-29T08:53:51.672+0000] {logging_mixin.py:190} INFO - [2025-08-29T08:53:51.672+0000] {dagbag.py:588} INFO - Filling up the DagBag from /home/airflow/.local/lib/python3.12/site-packages/airflow/example_dags/example_short_circuit_operator.py
[2025-08-29T08:53:51.679+0000] {processor.py:925} INFO - DAG(s) 'example_short_circuit_operator' retrieved from /home/airflow/.local/lib/python3.12/site-packages/airflow/example_dags/example_short_circuit_operator.py
[2025-08-29T08:53:51.701+0000] {logging_mixin.py:190} INFO - [2025-08-29T08:53:51.701+0000] {dag.py:3239} INFO - Sync 1 DAGs
[2025-08-29T08:53:51.717+0000] {logging_mixin.py:190} INFO - [2025-08-29T08:53:51.716+0000] {dag.py:4180} INFO - Setting next_dagrun for example_short_circuit_operator to None, run_after=None
[2025-08-29T08:53:51.735+0000] {processor.py:208} INFO - Processing /home/airflow/.local/lib/python3.12/site-packages/airflow/example_dags/example_short_circuit_operator.py took 0.070 seconds
