[2025-08-29T08:40:38.379+0000] {processor.py:186} INFO - Started process (PID=31773) to work on /home/airflow/.local/lib/python3.12/site-packages/airflow/example_dags/example_xcomargs.py
[2025-08-29T08:40:38.380+0000] {processor.py:914} INFO - Processing file /home/airflow/.local/lib/python3.12/site-packages/airflow/example_dags/example_xcomargs.py for tasks to queue
[2025-08-29T08:40:38.382+0000] {logging_mixin.py:190} INFO - [2025-08-29T08:40:38.382+0000] {dagbag.py:588} INFO - Filling up the DagBag from /home/airflow/.local/lib/python3.12/site-packages/airflow/example_dags/example_xcomargs.py
[2025-08-29T08:40:38.393+0000] {processor.py:925} INFO - DAG(s) 'example_xcom_args_with_operators', 'example_xcom_args' retrieved from /home/airflow/.local/lib/python3.12/site-packages/airflow/example_dags/example_xcomargs.py
[2025-08-29T08:40:38.424+0000] {logging_mixin.py:190} INFO - [2025-08-29T08:40:38.424+0000] {dag.py:3239} INFO - Sync 2 DAGs
[2025-08-29T08:40:38.443+0000] {logging_mixin.py:190} INFO - [2025-08-29T08:40:38.443+0000] {dag.py:4180} INFO - Setting next_dagrun for example_xcom_args to None, run_after=None
[2025-08-29T08:40:38.448+0000] {logging_mixin.py:190} INFO - [2025-08-29T08:40:38.447+0000] {dag.py:4180} INFO - Setting next_dagrun for example_xcom_args_with_operators to None, run_after=None
[2025-08-29T08:40:38.471+0000] {processor.py:208} INFO - Processing /home/airflow/.local/lib/python3.12/site-packages/airflow/example_dags/example_xcomargs.py took 0.098 seconds
[2025-08-29T08:41:09.517+0000] {processor.py:186} INFO - Started process (PID=31837) to work on /home/airflow/.local/lib/python3.12/site-packages/airflow/example_dags/example_xcomargs.py
[2025-08-29T08:41:09.518+0000] {processor.py:914} INFO - Processing file /home/airflow/.local/lib/python3.12/site-packages/airflow/example_dags/example_xcomargs.py for tasks to queue
[2025-08-29T08:41:09.522+0000] {logging_mixin.py:190} INFO - [2025-08-29T08:41:09.521+0000] {dagbag.py:588} INFO - Filling up the DagBag from /home/airflow/.local/lib/python3.12/site-packages/airflow/example_dags/example_xcomargs.py
[2025-08-29T08:41:09.538+0000] {processor.py:925} INFO - DAG(s) 'example_xcom_args_with_operators', 'example_xcom_args' retrieved from /home/airflow/.local/lib/python3.12/site-packages/airflow/example_dags/example_xcomargs.py
[2025-08-29T08:41:09.570+0000] {logging_mixin.py:190} INFO - [2025-08-29T08:41:09.569+0000] {dag.py:3239} INFO - Sync 2 DAGs
[2025-08-29T08:41:09.586+0000] {logging_mixin.py:190} INFO - [2025-08-29T08:41:09.586+0000] {dag.py:4180} INFO - Setting next_dagrun for example_xcom_args to None, run_after=None
[2025-08-29T08:41:09.591+0000] {logging_mixin.py:190} INFO - [2025-08-29T08:41:09.591+0000] {dag.py:4180} INFO - Setting next_dagrun for example_xcom_args_with_operators to None, run_after=None
[2025-08-29T08:41:09.615+0000] {processor.py:208} INFO - Processing /home/airflow/.local/lib/python3.12/site-packages/airflow/example_dags/example_xcomargs.py took 0.106 seconds
[2025-08-29T08:41:40.459+0000] {processor.py:186} INFO - Started process (PID=31901) to work on /home/airflow/.local/lib/python3.12/site-packages/airflow/example_dags/example_xcomargs.py
[2025-08-29T08:41:40.460+0000] {processor.py:914} INFO - Processing file /home/airflow/.local/lib/python3.12/site-packages/airflow/example_dags/example_xcomargs.py for tasks to queue
[2025-08-29T08:41:40.463+0000] {logging_mixin.py:190} INFO - [2025-08-29T08:41:40.463+0000] {dagbag.py:588} INFO - Filling up the DagBag from /home/airflow/.local/lib/python3.12/site-packages/airflow/example_dags/example_xcomargs.py
[2025-08-29T08:41:40.474+0000] {processor.py:925} INFO - DAG(s) 'example_xcom_args_with_operators', 'example_xcom_args' retrieved from /home/airflow/.local/lib/python3.12/site-packages/airflow/example_dags/example_xcomargs.py
[2025-08-29T08:41:40.502+0000] {logging_mixin.py:190} INFO - [2025-08-29T08:41:40.502+0000] {dag.py:3239} INFO - Sync 2 DAGs
[2025-08-29T08:41:40.517+0000] {logging_mixin.py:190} INFO - [2025-08-29T08:41:40.517+0000] {dag.py:4180} INFO - Setting next_dagrun for example_xcom_args to None, run_after=None
[2025-08-29T08:41:40.521+0000] {logging_mixin.py:190} INFO - [2025-08-29T08:41:40.521+0000] {dag.py:4180} INFO - Setting next_dagrun for example_xcom_args_with_operators to None, run_after=None
[2025-08-29T08:41:40.539+0000] {processor.py:208} INFO - Processing /home/airflow/.local/lib/python3.12/site-packages/airflow/example_dags/example_xcomargs.py took 0.087 seconds
[2025-08-29T08:42:10.626+0000] {processor.py:186} INFO - Started process (PID=31965) to work on /home/airflow/.local/lib/python3.12/site-packages/airflow/example_dags/example_xcomargs.py
[2025-08-29T08:42:10.627+0000] {processor.py:914} INFO - Processing file /home/airflow/.local/lib/python3.12/site-packages/airflow/example_dags/example_xcomargs.py for tasks to queue
[2025-08-29T08:42:10.630+0000] {logging_mixin.py:190} INFO - [2025-08-29T08:42:10.629+0000] {dagbag.py:588} INFO - Filling up the DagBag from /home/airflow/.local/lib/python3.12/site-packages/airflow/example_dags/example_xcomargs.py
[2025-08-29T08:42:10.646+0000] {processor.py:925} INFO - DAG(s) 'example_xcom_args_with_operators', 'example_xcom_args' retrieved from /home/airflow/.local/lib/python3.12/site-packages/airflow/example_dags/example_xcomargs.py
[2025-08-29T08:42:10.693+0000] {logging_mixin.py:190} INFO - [2025-08-29T08:42:10.693+0000] {dag.py:3239} INFO - Sync 2 DAGs
[2025-08-29T08:42:10.725+0000] {logging_mixin.py:190} INFO - [2025-08-29T08:42:10.724+0000] {dag.py:4180} INFO - Setting next_dagrun for example_xcom_args to None, run_after=None
[2025-08-29T08:42:10.732+0000] {logging_mixin.py:190} INFO - [2025-08-29T08:42:10.732+0000] {dag.py:4180} INFO - Setting next_dagrun for example_xcom_args_with_operators to None, run_after=None
[2025-08-29T08:42:10.758+0000] {processor.py:208} INFO - Processing /home/airflow/.local/lib/python3.12/site-packages/airflow/example_dags/example_xcomargs.py took 0.142 seconds
[2025-08-29T08:42:41.499+0000] {processor.py:186} INFO - Started process (PID=32029) to work on /home/airflow/.local/lib/python3.12/site-packages/airflow/example_dags/example_xcomargs.py
[2025-08-29T08:42:41.501+0000] {processor.py:914} INFO - Processing file /home/airflow/.local/lib/python3.12/site-packages/airflow/example_dags/example_xcomargs.py for tasks to queue
[2025-08-29T08:42:41.505+0000] {logging_mixin.py:190} INFO - [2025-08-29T08:42:41.504+0000] {dagbag.py:588} INFO - Filling up the DagBag from /home/airflow/.local/lib/python3.12/site-packages/airflow/example_dags/example_xcomargs.py
[2025-08-29T08:42:41.523+0000] {processor.py:925} INFO - DAG(s) 'example_xcom_args_with_operators', 'example_xcom_args' retrieved from /home/airflow/.local/lib/python3.12/site-packages/airflow/example_dags/example_xcomargs.py
[2025-08-29T08:42:41.565+0000] {logging_mixin.py:190} INFO - [2025-08-29T08:42:41.564+0000] {dag.py:3239} INFO - Sync 2 DAGs
[2025-08-29T08:42:41.594+0000] {logging_mixin.py:190} INFO - [2025-08-29T08:42:41.594+0000] {dag.py:4180} INFO - Setting next_dagrun for example_xcom_args to None, run_after=None
[2025-08-29T08:42:41.602+0000] {logging_mixin.py:190} INFO - [2025-08-29T08:42:41.601+0000] {dag.py:4180} INFO - Setting next_dagrun for example_xcom_args_with_operators to None, run_after=None
[2025-08-29T08:42:41.630+0000] {processor.py:208} INFO - Processing /home/airflow/.local/lib/python3.12/site-packages/airflow/example_dags/example_xcomargs.py took 0.142 seconds
[2025-08-29T08:43:11.668+0000] {processor.py:186} INFO - Started process (PID=32092) to work on /home/airflow/.local/lib/python3.12/site-packages/airflow/example_dags/example_xcomargs.py
[2025-08-29T08:43:11.668+0000] {processor.py:914} INFO - Processing file /home/airflow/.local/lib/python3.12/site-packages/airflow/example_dags/example_xcomargs.py for tasks to queue
[2025-08-29T08:43:11.670+0000] {logging_mixin.py:190} INFO - [2025-08-29T08:43:11.670+0000] {dagbag.py:588} INFO - Filling up the DagBag from /home/airflow/.local/lib/python3.12/site-packages/airflow/example_dags/example_xcomargs.py
[2025-08-29T08:43:11.680+0000] {processor.py:925} INFO - DAG(s) 'example_xcom_args_with_operators', 'example_xcom_args' retrieved from /home/airflow/.local/lib/python3.12/site-packages/airflow/example_dags/example_xcomargs.py
[2025-08-29T08:43:11.709+0000] {logging_mixin.py:190} INFO - [2025-08-29T08:43:11.708+0000] {dag.py:3239} INFO - Sync 2 DAGs
[2025-08-29T08:43:11.729+0000] {logging_mixin.py:190} INFO - [2025-08-29T08:43:11.729+0000] {dag.py:4180} INFO - Setting next_dagrun for example_xcom_args to None, run_after=None
[2025-08-29T08:43:11.735+0000] {logging_mixin.py:190} INFO - [2025-08-29T08:43:11.734+0000] {dag.py:4180} INFO - Setting next_dagrun for example_xcom_args_with_operators to None, run_after=None
[2025-08-29T08:43:11.757+0000] {processor.py:208} INFO - Processing /home/airflow/.local/lib/python3.12/site-packages/airflow/example_dags/example_xcomargs.py took 0.096 seconds
[2025-08-29T08:43:42.674+0000] {processor.py:186} INFO - Started process (PID=32157) to work on /home/airflow/.local/lib/python3.12/site-packages/airflow/example_dags/example_xcomargs.py
[2025-08-29T08:43:42.674+0000] {processor.py:914} INFO - Processing file /home/airflow/.local/lib/python3.12/site-packages/airflow/example_dags/example_xcomargs.py for tasks to queue
[2025-08-29T08:43:42.677+0000] {logging_mixin.py:190} INFO - [2025-08-29T08:43:42.676+0000] {dagbag.py:588} INFO - Filling up the DagBag from /home/airflow/.local/lib/python3.12/site-packages/airflow/example_dags/example_xcomargs.py
[2025-08-29T08:43:42.686+0000] {processor.py:925} INFO - DAG(s) 'example_xcom_args', 'example_xcom_args_with_operators' retrieved from /home/airflow/.local/lib/python3.12/site-packages/airflow/example_dags/example_xcomargs.py
[2025-08-29T08:43:42.711+0000] {logging_mixin.py:190} INFO - [2025-08-29T08:43:42.710+0000] {dag.py:3239} INFO - Sync 2 DAGs
[2025-08-29T08:43:42.728+0000] {logging_mixin.py:190} INFO - [2025-08-29T08:43:42.728+0000] {dag.py:4180} INFO - Setting next_dagrun for example_xcom_args to None, run_after=None
[2025-08-29T08:43:42.732+0000] {logging_mixin.py:190} INFO - [2025-08-29T08:43:42.732+0000] {dag.py:4180} INFO - Setting next_dagrun for example_xcom_args_with_operators to None, run_after=None
[2025-08-29T08:43:42.750+0000] {processor.py:208} INFO - Processing /home/airflow/.local/lib/python3.12/site-packages/airflow/example_dags/example_xcomargs.py took 0.083 seconds
[2025-08-29T08:44:13.658+0000] {processor.py:186} INFO - Started process (PID=32221) to work on /home/airflow/.local/lib/python3.12/site-packages/airflow/example_dags/example_xcomargs.py
[2025-08-29T08:44:13.659+0000] {processor.py:914} INFO - Processing file /home/airflow/.local/lib/python3.12/site-packages/airflow/example_dags/example_xcomargs.py for tasks to queue
[2025-08-29T08:44:13.660+0000] {logging_mixin.py:190} INFO - [2025-08-29T08:44:13.660+0000] {dagbag.py:588} INFO - Filling up the DagBag from /home/airflow/.local/lib/python3.12/site-packages/airflow/example_dags/example_xcomargs.py
[2025-08-29T08:44:13.667+0000] {processor.py:925} INFO - DAG(s) 'example_xcom_args_with_operators', 'example_xcom_args' retrieved from /home/airflow/.local/lib/python3.12/site-packages/airflow/example_dags/example_xcomargs.py
[2025-08-29T08:44:13.689+0000] {logging_mixin.py:190} INFO - [2025-08-29T08:44:13.689+0000] {dag.py:3239} INFO - Sync 2 DAGs
[2025-08-29T08:44:13.699+0000] {logging_mixin.py:190} INFO - [2025-08-29T08:44:13.699+0000] {dag.py:4180} INFO - Setting next_dagrun for example_xcom_args to None, run_after=None
[2025-08-29T08:44:13.702+0000] {logging_mixin.py:190} INFO - [2025-08-29T08:44:13.701+0000] {dag.py:4180} INFO - Setting next_dagrun for example_xcom_args_with_operators to None, run_after=None
[2025-08-29T08:44:13.714+0000] {processor.py:208} INFO - Processing /home/airflow/.local/lib/python3.12/site-packages/airflow/example_dags/example_xcomargs.py took 0.062 seconds
[2025-08-29T08:44:44.183+0000] {processor.py:186} INFO - Started process (PID=32285) to work on /home/airflow/.local/lib/python3.12/site-packages/airflow/example_dags/example_xcomargs.py
[2025-08-29T08:44:44.184+0000] {processor.py:914} INFO - Processing file /home/airflow/.local/lib/python3.12/site-packages/airflow/example_dags/example_xcomargs.py for tasks to queue
[2025-08-29T08:44:44.187+0000] {logging_mixin.py:190} INFO - [2025-08-29T08:44:44.186+0000] {dagbag.py:588} INFO - Filling up the DagBag from /home/airflow/.local/lib/python3.12/site-packages/airflow/example_dags/example_xcomargs.py
[2025-08-29T08:44:44.196+0000] {processor.py:925} INFO - DAG(s) 'example_xcom_args_with_operators', 'example_xcom_args' retrieved from /home/airflow/.local/lib/python3.12/site-packages/airflow/example_dags/example_xcomargs.py
[2025-08-29T08:44:44.221+0000] {logging_mixin.py:190} INFO - [2025-08-29T08:44:44.221+0000] {dag.py:3239} INFO - Sync 2 DAGs
[2025-08-29T08:44:44.238+0000] {logging_mixin.py:190} INFO - [2025-08-29T08:44:44.238+0000] {dag.py:4180} INFO - Setting next_dagrun for example_xcom_args to None, run_after=None
[2025-08-29T08:44:44.242+0000] {logging_mixin.py:190} INFO - [2025-08-29T08:44:44.242+0000] {dag.py:4180} INFO - Setting next_dagrun for example_xcom_args_with_operators to None, run_after=None
[2025-08-29T08:44:44.260+0000] {processor.py:208} INFO - Processing /home/airflow/.local/lib/python3.12/site-packages/airflow/example_dags/example_xcomargs.py took 0.086 seconds
[2025-08-29T08:45:14.849+0000] {processor.py:186} INFO - Started process (PID=32349) to work on /home/airflow/.local/lib/python3.12/site-packages/airflow/example_dags/example_xcomargs.py
[2025-08-29T08:45:14.850+0000] {processor.py:914} INFO - Processing file /home/airflow/.local/lib/python3.12/site-packages/airflow/example_dags/example_xcomargs.py for tasks to queue
[2025-08-29T08:45:14.852+0000] {logging_mixin.py:190} INFO - [2025-08-29T08:45:14.852+0000] {dagbag.py:588} INFO - Filling up the DagBag from /home/airflow/.local/lib/python3.12/site-packages/airflow/example_dags/example_xcomargs.py
[2025-08-29T08:45:14.860+0000] {processor.py:925} INFO - DAG(s) 'example_xcom_args_with_operators', 'example_xcom_args' retrieved from /home/airflow/.local/lib/python3.12/site-packages/airflow/example_dags/example_xcomargs.py
[2025-08-29T08:45:14.882+0000] {logging_mixin.py:190} INFO - [2025-08-29T08:45:14.882+0000] {dag.py:3239} INFO - Sync 2 DAGs
[2025-08-29T08:45:14.894+0000] {logging_mixin.py:190} INFO - [2025-08-29T08:45:14.894+0000] {dag.py:4180} INFO - Setting next_dagrun for example_xcom_args to None, run_after=None
[2025-08-29T08:45:14.899+0000] {logging_mixin.py:190} INFO - [2025-08-29T08:45:14.899+0000] {dag.py:4180} INFO - Setting next_dagrun for example_xcom_args_with_operators to None, run_after=None
[2025-08-29T08:45:14.916+0000] {processor.py:208} INFO - Processing /home/airflow/.local/lib/python3.12/site-packages/airflow/example_dags/example_xcomargs.py took 0.072 seconds
[2025-08-29T08:45:45.435+0000] {processor.py:186} INFO - Started process (PID=32413) to work on /home/airflow/.local/lib/python3.12/site-packages/airflow/example_dags/example_xcomargs.py
[2025-08-29T08:45:45.435+0000] {processor.py:914} INFO - Processing file /home/airflow/.local/lib/python3.12/site-packages/airflow/example_dags/example_xcomargs.py for tasks to queue
[2025-08-29T08:45:45.438+0000] {logging_mixin.py:190} INFO - [2025-08-29T08:45:45.437+0000] {dagbag.py:588} INFO - Filling up the DagBag from /home/airflow/.local/lib/python3.12/site-packages/airflow/example_dags/example_xcomargs.py
[2025-08-29T08:45:45.447+0000] {processor.py:925} INFO - DAG(s) 'example_xcom_args_with_operators', 'example_xcom_args' retrieved from /home/airflow/.local/lib/python3.12/site-packages/airflow/example_dags/example_xcomargs.py
[2025-08-29T08:45:45.470+0000] {logging_mixin.py:190} INFO - [2025-08-29T08:45:45.469+0000] {dag.py:3239} INFO - Sync 2 DAGs
[2025-08-29T08:45:45.485+0000] {logging_mixin.py:190} INFO - [2025-08-29T08:45:45.485+0000] {dag.py:4180} INFO - Setting next_dagrun for example_xcom_args to None, run_after=None
[2025-08-29T08:45:45.489+0000] {logging_mixin.py:190} INFO - [2025-08-29T08:45:45.489+0000] {dag.py:4180} INFO - Setting next_dagrun for example_xcom_args_with_operators to None, run_after=None
[2025-08-29T08:45:45.507+0000] {processor.py:208} INFO - Processing /home/airflow/.local/lib/python3.12/site-packages/airflow/example_dags/example_xcomargs.py took 0.079 seconds
[2025-08-29T08:46:16.069+0000] {processor.py:186} INFO - Started process (PID=32477) to work on /home/airflow/.local/lib/python3.12/site-packages/airflow/example_dags/example_xcomargs.py
[2025-08-29T08:46:16.070+0000] {processor.py:914} INFO - Processing file /home/airflow/.local/lib/python3.12/site-packages/airflow/example_dags/example_xcomargs.py for tasks to queue
[2025-08-29T08:46:16.071+0000] {logging_mixin.py:190} INFO - [2025-08-29T08:46:16.071+0000] {dagbag.py:588} INFO - Filling up the DagBag from /home/airflow/.local/lib/python3.12/site-packages/airflow/example_dags/example_xcomargs.py
[2025-08-29T08:46:16.077+0000] {processor.py:925} INFO - DAG(s) 'example_xcom_args_with_operators', 'example_xcom_args' retrieved from /home/airflow/.local/lib/python3.12/site-packages/airflow/example_dags/example_xcomargs.py
[2025-08-29T08:46:16.094+0000] {logging_mixin.py:190} INFO - [2025-08-29T08:46:16.094+0000] {dag.py:3239} INFO - Sync 2 DAGs
[2025-08-29T08:46:16.103+0000] {logging_mixin.py:190} INFO - [2025-08-29T08:46:16.103+0000] {dag.py:4180} INFO - Setting next_dagrun for example_xcom_args to None, run_after=None
[2025-08-29T08:46:16.105+0000] {logging_mixin.py:190} INFO - [2025-08-29T08:46:16.105+0000] {dag.py:4180} INFO - Setting next_dagrun for example_xcom_args_with_operators to None, run_after=None
[2025-08-29T08:46:16.119+0000] {processor.py:208} INFO - Processing /home/airflow/.local/lib/python3.12/site-packages/airflow/example_dags/example_xcomargs.py took 0.055 seconds
[2025-08-29T08:46:46.498+0000] {processor.py:186} INFO - Started process (PID=32541) to work on /home/airflow/.local/lib/python3.12/site-packages/airflow/example_dags/example_xcomargs.py
[2025-08-29T08:46:46.499+0000] {processor.py:914} INFO - Processing file /home/airflow/.local/lib/python3.12/site-packages/airflow/example_dags/example_xcomargs.py for tasks to queue
[2025-08-29T08:46:46.501+0000] {logging_mixin.py:190} INFO - [2025-08-29T08:46:46.501+0000] {dagbag.py:588} INFO - Filling up the DagBag from /home/airflow/.local/lib/python3.12/site-packages/airflow/example_dags/example_xcomargs.py
[2025-08-29T08:46:46.508+0000] {processor.py:925} INFO - DAG(s) 'example_xcom_args', 'example_xcom_args_with_operators' retrieved from /home/airflow/.local/lib/python3.12/site-packages/airflow/example_dags/example_xcomargs.py
[2025-08-29T08:46:46.531+0000] {logging_mixin.py:190} INFO - [2025-08-29T08:46:46.531+0000] {dag.py:3239} INFO - Sync 2 DAGs
[2025-08-29T08:46:46.541+0000] {logging_mixin.py:190} INFO - [2025-08-29T08:46:46.541+0000] {dag.py:4180} INFO - Setting next_dagrun for example_xcom_args to None, run_after=None
[2025-08-29T08:46:46.546+0000] {logging_mixin.py:190} INFO - [2025-08-29T08:46:46.545+0000] {dag.py:4180} INFO - Setting next_dagrun for example_xcom_args_with_operators to None, run_after=None
[2025-08-29T08:46:46.560+0000] {processor.py:208} INFO - Processing /home/airflow/.local/lib/python3.12/site-packages/airflow/example_dags/example_xcomargs.py took 0.068 seconds
[2025-08-29T08:47:16.655+0000] {processor.py:186} INFO - Started process (PID=32605) to work on /home/airflow/.local/lib/python3.12/site-packages/airflow/example_dags/example_xcomargs.py
[2025-08-29T08:47:16.655+0000] {processor.py:914} INFO - Processing file /home/airflow/.local/lib/python3.12/site-packages/airflow/example_dags/example_xcomargs.py for tasks to queue
[2025-08-29T08:47:16.657+0000] {logging_mixin.py:190} INFO - [2025-08-29T08:47:16.657+0000] {dagbag.py:588} INFO - Filling up the DagBag from /home/airflow/.local/lib/python3.12/site-packages/airflow/example_dags/example_xcomargs.py
[2025-08-29T08:47:16.663+0000] {processor.py:925} INFO - DAG(s) 'example_xcom_args', 'example_xcom_args_with_operators' retrieved from /home/airflow/.local/lib/python3.12/site-packages/airflow/example_dags/example_xcomargs.py
[2025-08-29T08:47:16.686+0000] {logging_mixin.py:190} INFO - [2025-08-29T08:47:16.685+0000] {dag.py:3239} INFO - Sync 2 DAGs
[2025-08-29T08:47:16.701+0000] {logging_mixin.py:190} INFO - [2025-08-29T08:47:16.701+0000] {dag.py:4180} INFO - Setting next_dagrun for example_xcom_args to None, run_after=None
[2025-08-29T08:47:16.704+0000] {logging_mixin.py:190} INFO - [2025-08-29T08:47:16.704+0000] {dag.py:4180} INFO - Setting next_dagrun for example_xcom_args_with_operators to None, run_after=None
[2025-08-29T08:47:16.716+0000] {processor.py:208} INFO - Processing /home/airflow/.local/lib/python3.12/site-packages/airflow/example_dags/example_xcomargs.py took 0.065 seconds
[2025-08-29T08:47:46.999+0000] {processor.py:186} INFO - Started process (PID=32669) to work on /home/airflow/.local/lib/python3.12/site-packages/airflow/example_dags/example_xcomargs.py
[2025-08-29T08:47:47.000+0000] {processor.py:914} INFO - Processing file /home/airflow/.local/lib/python3.12/site-packages/airflow/example_dags/example_xcomargs.py for tasks to queue
[2025-08-29T08:47:47.002+0000] {logging_mixin.py:190} INFO - [2025-08-29T08:47:47.002+0000] {dagbag.py:588} INFO - Filling up the DagBag from /home/airflow/.local/lib/python3.12/site-packages/airflow/example_dags/example_xcomargs.py
[2025-08-29T08:47:47.008+0000] {processor.py:925} INFO - DAG(s) 'example_xcom_args', 'example_xcom_args_with_operators' retrieved from /home/airflow/.local/lib/python3.12/site-packages/airflow/example_dags/example_xcomargs.py
[2025-08-29T08:47:47.028+0000] {logging_mixin.py:190} INFO - [2025-08-29T08:47:47.027+0000] {dag.py:3239} INFO - Sync 2 DAGs
[2025-08-29T08:47:47.040+0000] {logging_mixin.py:190} INFO - [2025-08-29T08:47:47.039+0000] {dag.py:4180} INFO - Setting next_dagrun for example_xcom_args to None, run_after=None
[2025-08-29T08:47:47.044+0000] {logging_mixin.py:190} INFO - [2025-08-29T08:47:47.044+0000] {dag.py:4180} INFO - Setting next_dagrun for example_xcom_args_with_operators to None, run_after=None
[2025-08-29T08:47:47.058+0000] {processor.py:208} INFO - Processing /home/airflow/.local/lib/python3.12/site-packages/airflow/example_dags/example_xcomargs.py took 0.065 seconds
[2025-08-29T08:48:17.379+0000] {processor.py:186} INFO - Started process (PID=32733) to work on /home/airflow/.local/lib/python3.12/site-packages/airflow/example_dags/example_xcomargs.py
[2025-08-29T08:48:17.380+0000] {processor.py:914} INFO - Processing file /home/airflow/.local/lib/python3.12/site-packages/airflow/example_dags/example_xcomargs.py for tasks to queue
[2025-08-29T08:48:17.381+0000] {logging_mixin.py:190} INFO - [2025-08-29T08:48:17.381+0000] {dagbag.py:588} INFO - Filling up the DagBag from /home/airflow/.local/lib/python3.12/site-packages/airflow/example_dags/example_xcomargs.py
[2025-08-29T08:48:17.387+0000] {processor.py:925} INFO - DAG(s) 'example_xcom_args_with_operators', 'example_xcom_args' retrieved from /home/airflow/.local/lib/python3.12/site-packages/airflow/example_dags/example_xcomargs.py
[2025-08-29T08:48:17.407+0000] {logging_mixin.py:190} INFO - [2025-08-29T08:48:17.407+0000] {dag.py:3239} INFO - Sync 2 DAGs
[2025-08-29T08:48:17.418+0000] {logging_mixin.py:190} INFO - [2025-08-29T08:48:17.418+0000] {dag.py:4180} INFO - Setting next_dagrun for example_xcom_args to None, run_after=None
[2025-08-29T08:48:17.423+0000] {logging_mixin.py:190} INFO - [2025-08-29T08:48:17.422+0000] {dag.py:4180} INFO - Setting next_dagrun for example_xcom_args_with_operators to None, run_after=None
[2025-08-29T08:48:17.435+0000] {processor.py:208} INFO - Processing /home/airflow/.local/lib/python3.12/site-packages/airflow/example_dags/example_xcomargs.py took 0.060 seconds
[2025-08-29T08:48:47.815+0000] {processor.py:186} INFO - Started process (PID=32797) to work on /home/airflow/.local/lib/python3.12/site-packages/airflow/example_dags/example_xcomargs.py
[2025-08-29T08:48:47.816+0000] {processor.py:914} INFO - Processing file /home/airflow/.local/lib/python3.12/site-packages/airflow/example_dags/example_xcomargs.py for tasks to queue
[2025-08-29T08:48:47.817+0000] {logging_mixin.py:190} INFO - [2025-08-29T08:48:47.817+0000] {dagbag.py:588} INFO - Filling up the DagBag from /home/airflow/.local/lib/python3.12/site-packages/airflow/example_dags/example_xcomargs.py
[2025-08-29T08:48:47.824+0000] {processor.py:925} INFO - DAG(s) 'example_xcom_args', 'example_xcom_args_with_operators' retrieved from /home/airflow/.local/lib/python3.12/site-packages/airflow/example_dags/example_xcomargs.py
[2025-08-29T08:48:47.849+0000] {logging_mixin.py:190} INFO - [2025-08-29T08:48:47.848+0000] {dag.py:3239} INFO - Sync 2 DAGs
[2025-08-29T08:48:47.860+0000] {logging_mixin.py:190} INFO - [2025-08-29T08:48:47.860+0000] {dag.py:4180} INFO - Setting next_dagrun for example_xcom_args to None, run_after=None
[2025-08-29T08:48:47.863+0000] {logging_mixin.py:190} INFO - [2025-08-29T08:48:47.862+0000] {dag.py:4180} INFO - Setting next_dagrun for example_xcom_args_with_operators to None, run_after=None
[2025-08-29T08:48:47.879+0000] {processor.py:208} INFO - Processing /home/airflow/.local/lib/python3.12/site-packages/airflow/example_dags/example_xcomargs.py took 0.068 seconds
[2025-08-29T08:49:18.267+0000] {processor.py:186} INFO - Started process (PID=32861) to work on /home/airflow/.local/lib/python3.12/site-packages/airflow/example_dags/example_xcomargs.py
[2025-08-29T08:49:18.268+0000] {processor.py:914} INFO - Processing file /home/airflow/.local/lib/python3.12/site-packages/airflow/example_dags/example_xcomargs.py for tasks to queue
[2025-08-29T08:49:18.271+0000] {logging_mixin.py:190} INFO - [2025-08-29T08:49:18.270+0000] {dagbag.py:588} INFO - Filling up the DagBag from /home/airflow/.local/lib/python3.12/site-packages/airflow/example_dags/example_xcomargs.py
[2025-08-29T08:49:18.279+0000] {processor.py:925} INFO - DAG(s) 'example_xcom_args_with_operators', 'example_xcom_args' retrieved from /home/airflow/.local/lib/python3.12/site-packages/airflow/example_dags/example_xcomargs.py
[2025-08-29T08:49:18.294+0000] {logging_mixin.py:190} INFO - [2025-08-29T08:49:18.294+0000] {dag.py:3239} INFO - Sync 2 DAGs
[2025-08-29T08:49:18.302+0000] {logging_mixin.py:190} INFO - [2025-08-29T08:49:18.302+0000] {dag.py:4180} INFO - Setting next_dagrun for example_xcom_args to None, run_after=None
[2025-08-29T08:49:18.305+0000] {logging_mixin.py:190} INFO - [2025-08-29T08:49:18.304+0000] {dag.py:4180} INFO - Setting next_dagrun for example_xcom_args_with_operators to None, run_after=None
[2025-08-29T08:49:18.314+0000] {processor.py:208} INFO - Processing /home/airflow/.local/lib/python3.12/site-packages/airflow/example_dags/example_xcomargs.py took 0.053 seconds
[2025-08-29T08:49:48.691+0000] {processor.py:186} INFO - Started process (PID=32925) to work on /home/airflow/.local/lib/python3.12/site-packages/airflow/example_dags/example_xcomargs.py
[2025-08-29T08:49:48.692+0000] {processor.py:914} INFO - Processing file /home/airflow/.local/lib/python3.12/site-packages/airflow/example_dags/example_xcomargs.py for tasks to queue
[2025-08-29T08:49:48.695+0000] {logging_mixin.py:190} INFO - [2025-08-29T08:49:48.695+0000] {dagbag.py:588} INFO - Filling up the DagBag from /home/airflow/.local/lib/python3.12/site-packages/airflow/example_dags/example_xcomargs.py
[2025-08-29T08:49:48.706+0000] {processor.py:925} INFO - DAG(s) 'example_xcom_args_with_operators', 'example_xcom_args' retrieved from /home/airflow/.local/lib/python3.12/site-packages/airflow/example_dags/example_xcomargs.py
[2025-08-29T08:49:48.730+0000] {logging_mixin.py:190} INFO - [2025-08-29T08:49:48.730+0000] {dag.py:3239} INFO - Sync 2 DAGs
[2025-08-29T08:49:48.746+0000] {logging_mixin.py:190} INFO - [2025-08-29T08:49:48.746+0000] {dag.py:4180} INFO - Setting next_dagrun for example_xcom_args to None, run_after=None
[2025-08-29T08:49:48.751+0000] {logging_mixin.py:190} INFO - [2025-08-29T08:49:48.750+0000] {dag.py:4180} INFO - Setting next_dagrun for example_xcom_args_with_operators to None, run_after=None
[2025-08-29T08:49:48.768+0000] {processor.py:208} INFO - Processing /home/airflow/.local/lib/python3.12/site-packages/airflow/example_dags/example_xcomargs.py took 0.086 seconds
[2025-08-29T08:50:19.210+0000] {processor.py:186} INFO - Started process (PID=32989) to work on /home/airflow/.local/lib/python3.12/site-packages/airflow/example_dags/example_xcomargs.py
[2025-08-29T08:50:19.211+0000] {processor.py:914} INFO - Processing file /home/airflow/.local/lib/python3.12/site-packages/airflow/example_dags/example_xcomargs.py for tasks to queue
[2025-08-29T08:50:19.212+0000] {logging_mixin.py:190} INFO - [2025-08-29T08:50:19.212+0000] {dagbag.py:588} INFO - Filling up the DagBag from /home/airflow/.local/lib/python3.12/site-packages/airflow/example_dags/example_xcomargs.py
[2025-08-29T08:50:19.218+0000] {processor.py:925} INFO - DAG(s) 'example_xcom_args_with_operators', 'example_xcom_args' retrieved from /home/airflow/.local/lib/python3.12/site-packages/airflow/example_dags/example_xcomargs.py
[2025-08-29T08:50:19.239+0000] {logging_mixin.py:190} INFO - [2025-08-29T08:50:19.239+0000] {dag.py:3239} INFO - Sync 2 DAGs
[2025-08-29T08:50:19.248+0000] {logging_mixin.py:190} INFO - [2025-08-29T08:50:19.248+0000] {dag.py:4180} INFO - Setting next_dagrun for example_xcom_args to None, run_after=None
[2025-08-29T08:50:19.251+0000] {logging_mixin.py:190} INFO - [2025-08-29T08:50:19.250+0000] {dag.py:4180} INFO - Setting next_dagrun for example_xcom_args_with_operators to None, run_after=None
[2025-08-29T08:50:19.267+0000] {processor.py:208} INFO - Processing /home/airflow/.local/lib/python3.12/site-packages/airflow/example_dags/example_xcomargs.py took 0.064 seconds
[2025-08-29T08:50:49.615+0000] {processor.py:186} INFO - Started process (PID=33053) to work on /home/airflow/.local/lib/python3.12/site-packages/airflow/example_dags/example_xcomargs.py
[2025-08-29T08:50:49.616+0000] {processor.py:914} INFO - Processing file /home/airflow/.local/lib/python3.12/site-packages/airflow/example_dags/example_xcomargs.py for tasks to queue
[2025-08-29T08:50:49.617+0000] {logging_mixin.py:190} INFO - [2025-08-29T08:50:49.617+0000] {dagbag.py:588} INFO - Filling up the DagBag from /home/airflow/.local/lib/python3.12/site-packages/airflow/example_dags/example_xcomargs.py
[2025-08-29T08:50:49.623+0000] {processor.py:925} INFO - DAG(s) 'example_xcom_args', 'example_xcom_args_with_operators' retrieved from /home/airflow/.local/lib/python3.12/site-packages/airflow/example_dags/example_xcomargs.py
[2025-08-29T08:50:49.645+0000] {logging_mixin.py:190} INFO - [2025-08-29T08:50:49.644+0000] {dag.py:3239} INFO - Sync 2 DAGs
[2025-08-29T08:50:49.661+0000] {logging_mixin.py:190} INFO - [2025-08-29T08:50:49.660+0000] {dag.py:4180} INFO - Setting next_dagrun for example_xcom_args to None, run_after=None
[2025-08-29T08:50:49.664+0000] {logging_mixin.py:190} INFO - [2025-08-29T08:50:49.664+0000] {dag.py:4180} INFO - Setting next_dagrun for example_xcom_args_with_operators to None, run_after=None
[2025-08-29T08:50:49.675+0000] {processor.py:208} INFO - Processing /home/airflow/.local/lib/python3.12/site-packages/airflow/example_dags/example_xcomargs.py took 0.064 seconds
[2025-08-29T08:51:19.776+0000] {processor.py:186} INFO - Started process (PID=33117) to work on /home/airflow/.local/lib/python3.12/site-packages/airflow/example_dags/example_xcomargs.py
[2025-08-29T08:51:19.777+0000] {processor.py:914} INFO - Processing file /home/airflow/.local/lib/python3.12/site-packages/airflow/example_dags/example_xcomargs.py for tasks to queue
[2025-08-29T08:51:19.778+0000] {logging_mixin.py:190} INFO - [2025-08-29T08:51:19.778+0000] {dagbag.py:588} INFO - Filling up the DagBag from /home/airflow/.local/lib/python3.12/site-packages/airflow/example_dags/example_xcomargs.py
[2025-08-29T08:51:19.784+0000] {processor.py:925} INFO - DAG(s) 'example_xcom_args_with_operators', 'example_xcom_args' retrieved from /home/airflow/.local/lib/python3.12/site-packages/airflow/example_dags/example_xcomargs.py
[2025-08-29T08:51:19.802+0000] {logging_mixin.py:190} INFO - [2025-08-29T08:51:19.802+0000] {dag.py:3239} INFO - Sync 2 DAGs
[2025-08-29T08:51:19.811+0000] {logging_mixin.py:190} INFO - [2025-08-29T08:51:19.811+0000] {dag.py:4180} INFO - Setting next_dagrun for example_xcom_args to None, run_after=None
[2025-08-29T08:51:19.814+0000] {logging_mixin.py:190} INFO - [2025-08-29T08:51:19.814+0000] {dag.py:4180} INFO - Setting next_dagrun for example_xcom_args_with_operators to None, run_after=None
[2025-08-29T08:51:19.827+0000] {processor.py:208} INFO - Processing /home/airflow/.local/lib/python3.12/site-packages/airflow/example_dags/example_xcomargs.py took 0.055 seconds
[2025-08-29T08:51:50.136+0000] {processor.py:186} INFO - Started process (PID=33181) to work on /home/airflow/.local/lib/python3.12/site-packages/airflow/example_dags/example_xcomargs.py
[2025-08-29T08:51:50.136+0000] {processor.py:914} INFO - Processing file /home/airflow/.local/lib/python3.12/site-packages/airflow/example_dags/example_xcomargs.py for tasks to queue
[2025-08-29T08:51:50.138+0000] {logging_mixin.py:190} INFO - [2025-08-29T08:51:50.137+0000] {dagbag.py:588} INFO - Filling up the DagBag from /home/airflow/.local/lib/python3.12/site-packages/airflow/example_dags/example_xcomargs.py
[2025-08-29T08:51:50.143+0000] {processor.py:925} INFO - DAG(s) 'example_xcom_args', 'example_xcom_args_with_operators' retrieved from /home/airflow/.local/lib/python3.12/site-packages/airflow/example_dags/example_xcomargs.py
[2025-08-29T08:51:50.163+0000] {logging_mixin.py:190} INFO - [2025-08-29T08:51:50.163+0000] {dag.py:3239} INFO - Sync 2 DAGs
[2025-08-29T08:51:50.172+0000] {logging_mixin.py:190} INFO - [2025-08-29T08:51:50.172+0000] {dag.py:4180} INFO - Setting next_dagrun for example_xcom_args to None, run_after=None
[2025-08-29T08:51:50.175+0000] {logging_mixin.py:190} INFO - [2025-08-29T08:51:50.174+0000] {dag.py:4180} INFO - Setting next_dagrun for example_xcom_args_with_operators to None, run_after=None
[2025-08-29T08:51:50.189+0000] {processor.py:208} INFO - Processing /home/airflow/.local/lib/python3.12/site-packages/airflow/example_dags/example_xcomargs.py took 0.060 seconds
[2025-08-29T08:52:20.424+0000] {processor.py:186} INFO - Started process (PID=33245) to work on /home/airflow/.local/lib/python3.12/site-packages/airflow/example_dags/example_xcomargs.py
[2025-08-29T08:52:20.424+0000] {processor.py:914} INFO - Processing file /home/airflow/.local/lib/python3.12/site-packages/airflow/example_dags/example_xcomargs.py for tasks to queue
[2025-08-29T08:52:20.426+0000] {logging_mixin.py:190} INFO - [2025-08-29T08:52:20.425+0000] {dagbag.py:588} INFO - Filling up the DagBag from /home/airflow/.local/lib/python3.12/site-packages/airflow/example_dags/example_xcomargs.py
[2025-08-29T08:52:20.432+0000] {processor.py:925} INFO - DAG(s) 'example_xcom_args_with_operators', 'example_xcom_args' retrieved from /home/airflow/.local/lib/python3.12/site-packages/airflow/example_dags/example_xcomargs.py
[2025-08-29T08:52:20.455+0000] {logging_mixin.py:190} INFO - [2025-08-29T08:52:20.454+0000] {dag.py:3239} INFO - Sync 2 DAGs
[2025-08-29T08:52:20.469+0000] {logging_mixin.py:190} INFO - [2025-08-29T08:52:20.469+0000] {dag.py:4180} INFO - Setting next_dagrun for example_xcom_args to None, run_after=None
[2025-08-29T08:52:20.472+0000] {logging_mixin.py:190} INFO - [2025-08-29T08:52:20.472+0000] {dag.py:4180} INFO - Setting next_dagrun for example_xcom_args_with_operators to None, run_after=None
[2025-08-29T08:52:20.488+0000] {processor.py:208} INFO - Processing /home/airflow/.local/lib/python3.12/site-packages/airflow/example_dags/example_xcomargs.py took 0.068 seconds
[2025-08-29T08:52:50.665+0000] {processor.py:186} INFO - Started process (PID=33309) to work on /home/airflow/.local/lib/python3.12/site-packages/airflow/example_dags/example_xcomargs.py
[2025-08-29T08:52:50.666+0000] {processor.py:914} INFO - Processing file /home/airflow/.local/lib/python3.12/site-packages/airflow/example_dags/example_xcomargs.py for tasks to queue
[2025-08-29T08:52:50.667+0000] {logging_mixin.py:190} INFO - [2025-08-29T08:52:50.667+0000] {dagbag.py:588} INFO - Filling up the DagBag from /home/airflow/.local/lib/python3.12/site-packages/airflow/example_dags/example_xcomargs.py
[2025-08-29T08:52:50.673+0000] {processor.py:925} INFO - DAG(s) 'example_xcom_args_with_operators', 'example_xcom_args' retrieved from /home/airflow/.local/lib/python3.12/site-packages/airflow/example_dags/example_xcomargs.py
[2025-08-29T08:52:50.687+0000] {logging_mixin.py:190} INFO - [2025-08-29T08:52:50.687+0000] {dag.py:3239} INFO - Sync 2 DAGs
[2025-08-29T08:52:50.696+0000] {logging_mixin.py:190} INFO - [2025-08-29T08:52:50.695+0000] {dag.py:4180} INFO - Setting next_dagrun for example_xcom_args to None, run_after=None
[2025-08-29T08:52:50.698+0000] {logging_mixin.py:190} INFO - [2025-08-29T08:52:50.698+0000] {dag.py:4180} INFO - Setting next_dagrun for example_xcom_args_with_operators to None, run_after=None
[2025-08-29T08:52:50.715+0000] {processor.py:208} INFO - Processing /home/airflow/.local/lib/python3.12/site-packages/airflow/example_dags/example_xcomargs.py took 0.054 seconds
[2025-08-29T08:53:21.085+0000] {processor.py:186} INFO - Started process (PID=33373) to work on /home/airflow/.local/lib/python3.12/site-packages/airflow/example_dags/example_xcomargs.py
[2025-08-29T08:53:21.086+0000] {processor.py:914} INFO - Processing file /home/airflow/.local/lib/python3.12/site-packages/airflow/example_dags/example_xcomargs.py for tasks to queue
[2025-08-29T08:53:21.087+0000] {logging_mixin.py:190} INFO - [2025-08-29T08:53:21.087+0000] {dagbag.py:588} INFO - Filling up the DagBag from /home/airflow/.local/lib/python3.12/site-packages/airflow/example_dags/example_xcomargs.py
[2025-08-29T08:53:21.093+0000] {processor.py:925} INFO - DAG(s) 'example_xcom_args_with_operators', 'example_xcom_args' retrieved from /home/airflow/.local/lib/python3.12/site-packages/airflow/example_dags/example_xcomargs.py
[2025-08-29T08:53:21.117+0000] {logging_mixin.py:190} INFO - [2025-08-29T08:53:21.117+0000] {dag.py:3239} INFO - Sync 2 DAGs
[2025-08-29T08:53:21.132+0000] {logging_mixin.py:190} INFO - [2025-08-29T08:53:21.132+0000] {dag.py:4180} INFO - Setting next_dagrun for example_xcom_args to None, run_after=None
[2025-08-29T08:53:21.136+0000] {logging_mixin.py:190} INFO - [2025-08-29T08:53:21.136+0000] {dag.py:4180} INFO - Setting next_dagrun for example_xcom_args_with_operators to None, run_after=None
[2025-08-29T08:53:21.155+0000] {processor.py:208} INFO - Processing /home/airflow/.local/lib/python3.12/site-packages/airflow/example_dags/example_xcomargs.py took 0.076 seconds
[2025-08-29T08:53:51.429+0000] {processor.py:186} INFO - Started process (PID=33437) to work on /home/airflow/.local/lib/python3.12/site-packages/airflow/example_dags/example_xcomargs.py
[2025-08-29T08:53:51.430+0000] {processor.py:914} INFO - Processing file /home/airflow/.local/lib/python3.12/site-packages/airflow/example_dags/example_xcomargs.py for tasks to queue
[2025-08-29T08:53:51.431+0000] {logging_mixin.py:190} INFO - [2025-08-29T08:53:51.431+0000] {dagbag.py:588} INFO - Filling up the DagBag from /home/airflow/.local/lib/python3.12/site-packages/airflow/example_dags/example_xcomargs.py
[2025-08-29T08:53:51.438+0000] {processor.py:925} INFO - DAG(s) 'example_xcom_args_with_operators', 'example_xcom_args' retrieved from /home/airflow/.local/lib/python3.12/site-packages/airflow/example_dags/example_xcomargs.py
[2025-08-29T08:53:51.460+0000] {logging_mixin.py:190} INFO - [2025-08-29T08:53:51.459+0000] {dag.py:3239} INFO - Sync 2 DAGs
[2025-08-29T08:53:51.476+0000] {logging_mixin.py:190} INFO - [2025-08-29T08:53:51.476+0000] {dag.py:4180} INFO - Setting next_dagrun for example_xcom_args to None, run_after=None
[2025-08-29T08:53:51.481+0000] {logging_mixin.py:190} INFO - [2025-08-29T08:53:51.480+0000] {dag.py:4180} INFO - Setting next_dagrun for example_xcom_args_with_operators to None, run_after=None
[2025-08-29T08:53:51.496+0000] {processor.py:208} INFO - Processing /home/airflow/.local/lib/python3.12/site-packages/airflow/example_dags/example_xcomargs.py took 0.070 seconds
