[2025-08-29T08:40:41.343+0000] {processor.py:186} INFO - Started process (PID=31804) to work on /home/airflow/.local/lib/python3.12/site-packages/airflow/example_dags/example_sla_dag.py
[2025-08-29T08:40:41.344+0000] {processor.py:914} INFO - Processing file /home/airflow/.local/lib/python3.12/site-packages/airflow/example_dags/example_sla_dag.py for tasks to queue
[2025-08-29T08:40:41.346+0000] {logging_mixin.py:190} INFO - [2025-08-29T08:40:41.346+0000] {dagbag.py:588} INFO - Filling up the DagBag from /home/airflow/.local/lib/python3.12/site-packages/airflow/example_dags/example_sla_dag.py
[2025-08-29T08:40:41.358+0000] {processor.py:925} INFO - DAG(s) 'example_sla_dag' retrieved from /home/airflow/.local/lib/python3.12/site-packages/airflow/example_dags/example_sla_dag.py
[2025-08-29T08:40:41.384+0000] {logging_mixin.py:190} INFO - [2025-08-29T08:40:41.383+0000] {dag.py:3239} INFO - Sync 1 DAGs
[2025-08-29T08:40:41.421+0000] {logging_mixin.py:190} INFO - [2025-08-29T08:40:41.420+0000] {dag.py:4180} INFO - Setting next_dagrun for example_sla_dag to 2025-08-29 08:38:00+00:00, run_after=2025-08-29 08:40:00+00:00
[2025-08-29T08:40:41.449+0000] {processor.py:208} INFO - Processing /home/airflow/.local/lib/python3.12/site-packages/airflow/example_dags/example_sla_dag.py took 0.113 seconds
[2025-08-29T08:41:12.053+0000] {processor.py:186} INFO - Started process (PID=31868) to work on /home/airflow/.local/lib/python3.12/site-packages/airflow/example_dags/example_sla_dag.py
[2025-08-29T08:41:12.054+0000] {processor.py:914} INFO - Processing file /home/airflow/.local/lib/python3.12/site-packages/airflow/example_dags/example_sla_dag.py for tasks to queue
[2025-08-29T08:41:12.057+0000] {logging_mixin.py:190} INFO - [2025-08-29T08:41:12.057+0000] {dagbag.py:588} INFO - Filling up the DagBag from /home/airflow/.local/lib/python3.12/site-packages/airflow/example_dags/example_sla_dag.py
[2025-08-29T08:41:12.068+0000] {processor.py:925} INFO - DAG(s) 'example_sla_dag' retrieved from /home/airflow/.local/lib/python3.12/site-packages/airflow/example_dags/example_sla_dag.py
[2025-08-29T08:41:12.096+0000] {logging_mixin.py:190} INFO - [2025-08-29T08:41:12.096+0000] {dag.py:3239} INFO - Sync 1 DAGs
[2025-08-29T08:41:12.133+0000] {logging_mixin.py:190} INFO - [2025-08-29T08:41:12.133+0000] {dag.py:4180} INFO - Setting next_dagrun for example_sla_dag to 2025-08-29 08:38:00+00:00, run_after=2025-08-29 08:40:00+00:00
[2025-08-29T08:41:12.162+0000] {processor.py:208} INFO - Processing /home/airflow/.local/lib/python3.12/site-packages/airflow/example_dags/example_sla_dag.py took 0.117 seconds
[2025-08-29T08:41:43.515+0000] {processor.py:186} INFO - Started process (PID=31932) to work on /home/airflow/.local/lib/python3.12/site-packages/airflow/example_dags/example_sla_dag.py
[2025-08-29T08:41:43.515+0000] {processor.py:914} INFO - Processing file /home/airflow/.local/lib/python3.12/site-packages/airflow/example_dags/example_sla_dag.py for tasks to queue
[2025-08-29T08:41:43.518+0000] {logging_mixin.py:190} INFO - [2025-08-29T08:41:43.517+0000] {dagbag.py:588} INFO - Filling up the DagBag from /home/airflow/.local/lib/python3.12/site-packages/airflow/example_dags/example_sla_dag.py
[2025-08-29T08:41:43.527+0000] {processor.py:925} INFO - DAG(s) 'example_sla_dag' retrieved from /home/airflow/.local/lib/python3.12/site-packages/airflow/example_dags/example_sla_dag.py
[2025-08-29T08:41:43.556+0000] {logging_mixin.py:190} INFO - [2025-08-29T08:41:43.556+0000] {dag.py:3239} INFO - Sync 1 DAGs
[2025-08-29T08:41:43.583+0000] {logging_mixin.py:190} INFO - [2025-08-29T08:41:43.583+0000] {dag.py:4180} INFO - Setting next_dagrun for example_sla_dag to 2025-08-29 08:38:00+00:00, run_after=2025-08-29 08:40:00+00:00
[2025-08-29T08:41:43.604+0000] {processor.py:208} INFO - Processing /home/airflow/.local/lib/python3.12/site-packages/airflow/example_dags/example_sla_dag.py took 0.096 seconds
[2025-08-29T08:42:14.129+0000] {processor.py:186} INFO - Started process (PID=31996) to work on /home/airflow/.local/lib/python3.12/site-packages/airflow/example_dags/example_sla_dag.py
[2025-08-29T08:42:14.130+0000] {processor.py:914} INFO - Processing file /home/airflow/.local/lib/python3.12/site-packages/airflow/example_dags/example_sla_dag.py for tasks to queue
[2025-08-29T08:42:14.133+0000] {logging_mixin.py:190} INFO - [2025-08-29T08:42:14.133+0000] {dagbag.py:588} INFO - Filling up the DagBag from /home/airflow/.local/lib/python3.12/site-packages/airflow/example_dags/example_sla_dag.py
[2025-08-29T08:42:14.143+0000] {processor.py:925} INFO - DAG(s) 'example_sla_dag' retrieved from /home/airflow/.local/lib/python3.12/site-packages/airflow/example_dags/example_sla_dag.py
[2025-08-29T08:42:14.170+0000] {logging_mixin.py:190} INFO - [2025-08-29T08:42:14.169+0000] {dag.py:3239} INFO - Sync 1 DAGs
[2025-08-29T08:42:14.205+0000] {logging_mixin.py:190} INFO - [2025-08-29T08:42:14.204+0000] {dag.py:4180} INFO - Setting next_dagrun for example_sla_dag to 2025-08-29 08:40:00+00:00, run_after=2025-08-29 08:42:00+00:00
[2025-08-29T08:42:14.231+0000] {processor.py:208} INFO - Processing /home/airflow/.local/lib/python3.12/site-packages/airflow/example_dags/example_sla_dag.py took 0.112 seconds
[2025-08-29T08:42:44.500+0000] {processor.py:186} INFO - Started process (PID=32060) to work on /home/airflow/.local/lib/python3.12/site-packages/airflow/example_dags/example_sla_dag.py
[2025-08-29T08:42:44.501+0000] {processor.py:914} INFO - Processing file /home/airflow/.local/lib/python3.12/site-packages/airflow/example_dags/example_sla_dag.py for tasks to queue
[2025-08-29T08:42:44.503+0000] {logging_mixin.py:190} INFO - [2025-08-29T08:42:44.503+0000] {dagbag.py:588} INFO - Filling up the DagBag from /home/airflow/.local/lib/python3.12/site-packages/airflow/example_dags/example_sla_dag.py
[2025-08-29T08:42:44.517+0000] {processor.py:925} INFO - DAG(s) 'example_sla_dag' retrieved from /home/airflow/.local/lib/python3.12/site-packages/airflow/example_dags/example_sla_dag.py
[2025-08-29T08:42:44.548+0000] {logging_mixin.py:190} INFO - [2025-08-29T08:42:44.548+0000] {dag.py:3239} INFO - Sync 1 DAGs
[2025-08-29T08:42:44.593+0000] {logging_mixin.py:190} INFO - [2025-08-29T08:42:44.592+0000] {dag.py:4180} INFO - Setting next_dagrun for example_sla_dag to 2025-08-29 08:40:00+00:00, run_after=2025-08-29 08:42:00+00:00
[2025-08-29T08:42:44.629+0000] {processor.py:208} INFO - Processing /home/airflow/.local/lib/python3.12/site-packages/airflow/example_dags/example_sla_dag.py took 0.136 seconds
[2025-08-29T08:43:15.125+0000] {processor.py:186} INFO - Started process (PID=32124) to work on /home/airflow/.local/lib/python3.12/site-packages/airflow/example_dags/example_sla_dag.py
[2025-08-29T08:43:15.126+0000] {processor.py:914} INFO - Processing file /home/airflow/.local/lib/python3.12/site-packages/airflow/example_dags/example_sla_dag.py for tasks to queue
[2025-08-29T08:43:15.127+0000] {logging_mixin.py:190} INFO - [2025-08-29T08:43:15.127+0000] {dagbag.py:588} INFO - Filling up the DagBag from /home/airflow/.local/lib/python3.12/site-packages/airflow/example_dags/example_sla_dag.py
[2025-08-29T08:43:15.138+0000] {processor.py:925} INFO - DAG(s) 'example_sla_dag' retrieved from /home/airflow/.local/lib/python3.12/site-packages/airflow/example_dags/example_sla_dag.py
[2025-08-29T08:43:15.158+0000] {logging_mixin.py:190} INFO - [2025-08-29T08:43:15.157+0000] {dag.py:3239} INFO - Sync 1 DAGs
[2025-08-29T08:43:15.187+0000] {logging_mixin.py:190} INFO - [2025-08-29T08:43:15.186+0000] {dag.py:4180} INFO - Setting next_dagrun for example_sla_dag to 2025-08-29 08:40:00+00:00, run_after=2025-08-29 08:42:00+00:00
[2025-08-29T08:43:15.206+0000] {processor.py:208} INFO - Processing /home/airflow/.local/lib/python3.12/site-packages/airflow/example_dags/example_sla_dag.py took 0.088 seconds
[2025-08-29T08:43:45.933+0000] {processor.py:186} INFO - Started process (PID=32188) to work on /home/airflow/.local/lib/python3.12/site-packages/airflow/example_dags/example_sla_dag.py
[2025-08-29T08:43:45.934+0000] {processor.py:914} INFO - Processing file /home/airflow/.local/lib/python3.12/site-packages/airflow/example_dags/example_sla_dag.py for tasks to queue
[2025-08-29T08:43:45.935+0000] {logging_mixin.py:190} INFO - [2025-08-29T08:43:45.935+0000] {dagbag.py:588} INFO - Filling up the DagBag from /home/airflow/.local/lib/python3.12/site-packages/airflow/example_dags/example_sla_dag.py
[2025-08-29T08:43:45.943+0000] {processor.py:925} INFO - DAG(s) 'example_sla_dag' retrieved from /home/airflow/.local/lib/python3.12/site-packages/airflow/example_dags/example_sla_dag.py
[2025-08-29T08:43:45.960+0000] {logging_mixin.py:190} INFO - [2025-08-29T08:43:45.960+0000] {dag.py:3239} INFO - Sync 1 DAGs
[2025-08-29T08:43:45.981+0000] {logging_mixin.py:190} INFO - [2025-08-29T08:43:45.981+0000] {dag.py:4180} INFO - Setting next_dagrun for example_sla_dag to 2025-08-29 08:40:00+00:00, run_after=2025-08-29 08:42:00+00:00
[2025-08-29T08:43:45.999+0000] {processor.py:208} INFO - Processing /home/airflow/.local/lib/python3.12/site-packages/airflow/example_dags/example_sla_dag.py took 0.070 seconds
[2025-08-29T08:44:16.570+0000] {processor.py:186} INFO - Started process (PID=32252) to work on /home/airflow/.local/lib/python3.12/site-packages/airflow/example_dags/example_sla_dag.py
[2025-08-29T08:44:16.571+0000] {processor.py:914} INFO - Processing file /home/airflow/.local/lib/python3.12/site-packages/airflow/example_dags/example_sla_dag.py for tasks to queue
[2025-08-29T08:44:16.573+0000] {logging_mixin.py:190} INFO - [2025-08-29T08:44:16.572+0000] {dagbag.py:588} INFO - Filling up the DagBag from /home/airflow/.local/lib/python3.12/site-packages/airflow/example_dags/example_sla_dag.py
[2025-08-29T08:44:16.584+0000] {processor.py:925} INFO - DAG(s) 'example_sla_dag' retrieved from /home/airflow/.local/lib/python3.12/site-packages/airflow/example_dags/example_sla_dag.py
[2025-08-29T08:44:16.603+0000] {logging_mixin.py:190} INFO - [2025-08-29T08:44:16.602+0000] {dag.py:3239} INFO - Sync 1 DAGs
[2025-08-29T08:44:16.628+0000] {logging_mixin.py:190} INFO - [2025-08-29T08:44:16.627+0000] {dag.py:4180} INFO - Setting next_dagrun for example_sla_dag to 2025-08-29 08:42:00+00:00, run_after=2025-08-29 08:44:00+00:00
[2025-08-29T08:44:16.647+0000] {processor.py:208} INFO - Processing /home/airflow/.local/lib/python3.12/site-packages/airflow/example_dags/example_sla_dag.py took 0.084 seconds
[2025-08-29T08:44:47.384+0000] {processor.py:186} INFO - Started process (PID=32316) to work on /home/airflow/.local/lib/python3.12/site-packages/airflow/example_dags/example_sla_dag.py
[2025-08-29T08:44:47.385+0000] {processor.py:914} INFO - Processing file /home/airflow/.local/lib/python3.12/site-packages/airflow/example_dags/example_sla_dag.py for tasks to queue
[2025-08-29T08:44:47.387+0000] {logging_mixin.py:190} INFO - [2025-08-29T08:44:47.387+0000] {dagbag.py:588} INFO - Filling up the DagBag from /home/airflow/.local/lib/python3.12/site-packages/airflow/example_dags/example_sla_dag.py
[2025-08-29T08:44:47.398+0000] {processor.py:925} INFO - DAG(s) 'example_sla_dag' retrieved from /home/airflow/.local/lib/python3.12/site-packages/airflow/example_dags/example_sla_dag.py
[2025-08-29T08:44:47.417+0000] {logging_mixin.py:190} INFO - [2025-08-29T08:44:47.416+0000] {dag.py:3239} INFO - Sync 1 DAGs
[2025-08-29T08:44:47.444+0000] {logging_mixin.py:190} INFO - [2025-08-29T08:44:47.444+0000] {dag.py:4180} INFO - Setting next_dagrun for example_sla_dag to 2025-08-29 08:42:00+00:00, run_after=2025-08-29 08:44:00+00:00
[2025-08-29T08:44:47.461+0000] {processor.py:208} INFO - Processing /home/airflow/.local/lib/python3.12/site-packages/airflow/example_dags/example_sla_dag.py took 0.083 seconds
[2025-08-29T08:45:17.862+0000] {processor.py:186} INFO - Started process (PID=32380) to work on /home/airflow/.local/lib/python3.12/site-packages/airflow/example_dags/example_sla_dag.py
[2025-08-29T08:45:17.862+0000] {processor.py:914} INFO - Processing file /home/airflow/.local/lib/python3.12/site-packages/airflow/example_dags/example_sla_dag.py for tasks to queue
[2025-08-29T08:45:17.864+0000] {logging_mixin.py:190} INFO - [2025-08-29T08:45:17.864+0000] {dagbag.py:588} INFO - Filling up the DagBag from /home/airflow/.local/lib/python3.12/site-packages/airflow/example_dags/example_sla_dag.py
[2025-08-29T08:45:17.870+0000] {processor.py:925} INFO - DAG(s) 'example_sla_dag' retrieved from /home/airflow/.local/lib/python3.12/site-packages/airflow/example_dags/example_sla_dag.py
[2025-08-29T08:45:17.892+0000] {logging_mixin.py:190} INFO - [2025-08-29T08:45:17.892+0000] {dag.py:3239} INFO - Sync 1 DAGs
[2025-08-29T08:45:17.913+0000] {logging_mixin.py:190} INFO - [2025-08-29T08:45:17.913+0000] {dag.py:4180} INFO - Setting next_dagrun for example_sla_dag to 2025-08-29 08:42:00+00:00, run_after=2025-08-29 08:44:00+00:00
[2025-08-29T08:45:17.928+0000] {processor.py:208} INFO - Processing /home/airflow/.local/lib/python3.12/site-packages/airflow/example_dags/example_sla_dag.py took 0.073 seconds
[2025-08-29T08:45:48.329+0000] {processor.py:186} INFO - Started process (PID=32444) to work on /home/airflow/.local/lib/python3.12/site-packages/airflow/example_dags/example_sla_dag.py
[2025-08-29T08:45:48.330+0000] {processor.py:914} INFO - Processing file /home/airflow/.local/lib/python3.12/site-packages/airflow/example_dags/example_sla_dag.py for tasks to queue
[2025-08-29T08:45:48.332+0000] {logging_mixin.py:190} INFO - [2025-08-29T08:45:48.332+0000] {dagbag.py:588} INFO - Filling up the DagBag from /home/airflow/.local/lib/python3.12/site-packages/airflow/example_dags/example_sla_dag.py
[2025-08-29T08:45:48.343+0000] {processor.py:925} INFO - DAG(s) 'example_sla_dag' retrieved from /home/airflow/.local/lib/python3.12/site-packages/airflow/example_dags/example_sla_dag.py
[2025-08-29T08:45:48.360+0000] {logging_mixin.py:190} INFO - [2025-08-29T08:45:48.360+0000] {dag.py:3239} INFO - Sync 1 DAGs
[2025-08-29T08:45:48.384+0000] {logging_mixin.py:190} INFO - [2025-08-29T08:45:48.384+0000] {dag.py:4180} INFO - Setting next_dagrun for example_sla_dag to 2025-08-29 08:42:00+00:00, run_after=2025-08-29 08:44:00+00:00
[2025-08-29T08:45:48.405+0000] {processor.py:208} INFO - Processing /home/airflow/.local/lib/python3.12/site-packages/airflow/example_dags/example_sla_dag.py took 0.082 seconds
[2025-08-29T08:46:18.942+0000] {processor.py:186} INFO - Started process (PID=32508) to work on /home/airflow/.local/lib/python3.12/site-packages/airflow/example_dags/example_sla_dag.py
[2025-08-29T08:46:18.942+0000] {processor.py:914} INFO - Processing file /home/airflow/.local/lib/python3.12/site-packages/airflow/example_dags/example_sla_dag.py for tasks to queue
[2025-08-29T08:46:18.943+0000] {logging_mixin.py:190} INFO - [2025-08-29T08:46:18.943+0000] {dagbag.py:588} INFO - Filling up the DagBag from /home/airflow/.local/lib/python3.12/site-packages/airflow/example_dags/example_sla_dag.py
[2025-08-29T08:46:18.950+0000] {processor.py:925} INFO - DAG(s) 'example_sla_dag' retrieved from /home/airflow/.local/lib/python3.12/site-packages/airflow/example_dags/example_sla_dag.py
[2025-08-29T08:46:18.967+0000] {logging_mixin.py:190} INFO - [2025-08-29T08:46:18.967+0000] {dag.py:3239} INFO - Sync 1 DAGs
[2025-08-29T08:46:18.989+0000] {logging_mixin.py:190} INFO - [2025-08-29T08:46:18.988+0000] {dag.py:4180} INFO - Setting next_dagrun for example_sla_dag to 2025-08-29 08:44:00+00:00, run_after=2025-08-29 08:46:00+00:00
[2025-08-29T08:46:19.007+0000] {processor.py:208} INFO - Processing /home/airflow/.local/lib/python3.12/site-packages/airflow/example_dags/example_sla_dag.py took 0.069 seconds
[2025-08-29T08:46:49.250+0000] {processor.py:186} INFO - Started process (PID=32572) to work on /home/airflow/.local/lib/python3.12/site-packages/airflow/example_dags/example_sla_dag.py
[2025-08-29T08:46:49.250+0000] {processor.py:914} INFO - Processing file /home/airflow/.local/lib/python3.12/site-packages/airflow/example_dags/example_sla_dag.py for tasks to queue
[2025-08-29T08:46:49.253+0000] {logging_mixin.py:190} INFO - [2025-08-29T08:46:49.252+0000] {dagbag.py:588} INFO - Filling up the DagBag from /home/airflow/.local/lib/python3.12/site-packages/airflow/example_dags/example_sla_dag.py
[2025-08-29T08:46:49.263+0000] {processor.py:925} INFO - DAG(s) 'example_sla_dag' retrieved from /home/airflow/.local/lib/python3.12/site-packages/airflow/example_dags/example_sla_dag.py
[2025-08-29T08:46:49.283+0000] {logging_mixin.py:190} INFO - [2025-08-29T08:46:49.283+0000] {dag.py:3239} INFO - Sync 1 DAGs
[2025-08-29T08:46:49.314+0000] {logging_mixin.py:190} INFO - [2025-08-29T08:46:49.314+0000] {dag.py:4180} INFO - Setting next_dagrun for example_sla_dag to 2025-08-29 08:44:00+00:00, run_after=2025-08-29 08:46:00+00:00
[2025-08-29T08:46:49.333+0000] {processor.py:208} INFO - Processing /home/airflow/.local/lib/python3.12/site-packages/airflow/example_dags/example_sla_dag.py took 0.090 seconds
[2025-08-29T08:47:19.444+0000] {processor.py:186} INFO - Started process (PID=32636) to work on /home/airflow/.local/lib/python3.12/site-packages/airflow/example_dags/example_sla_dag.py
[2025-08-29T08:47:19.445+0000] {processor.py:914} INFO - Processing file /home/airflow/.local/lib/python3.12/site-packages/airflow/example_dags/example_sla_dag.py for tasks to queue
[2025-08-29T08:47:19.447+0000] {logging_mixin.py:190} INFO - [2025-08-29T08:47:19.447+0000] {dagbag.py:588} INFO - Filling up the DagBag from /home/airflow/.local/lib/python3.12/site-packages/airflow/example_dags/example_sla_dag.py
[2025-08-29T08:47:19.456+0000] {processor.py:925} INFO - DAG(s) 'example_sla_dag' retrieved from /home/airflow/.local/lib/python3.12/site-packages/airflow/example_dags/example_sla_dag.py
[2025-08-29T08:47:19.476+0000] {logging_mixin.py:190} INFO - [2025-08-29T08:47:19.475+0000] {dag.py:3239} INFO - Sync 1 DAGs
[2025-08-29T08:47:19.499+0000] {logging_mixin.py:190} INFO - [2025-08-29T08:47:19.499+0000] {dag.py:4180} INFO - Setting next_dagrun for example_sla_dag to 2025-08-29 08:44:00+00:00, run_after=2025-08-29 08:46:00+00:00
[2025-08-29T08:47:19.509+0000] {processor.py:208} INFO - Processing /home/airflow/.local/lib/python3.12/site-packages/airflow/example_dags/example_sla_dag.py took 0.072 seconds
[2025-08-29T08:47:50.005+0000] {processor.py:186} INFO - Started process (PID=32700) to work on /home/airflow/.local/lib/python3.12/site-packages/airflow/example_dags/example_sla_dag.py
[2025-08-29T08:47:50.005+0000] {processor.py:914} INFO - Processing file /home/airflow/.local/lib/python3.12/site-packages/airflow/example_dags/example_sla_dag.py for tasks to queue
[2025-08-29T08:47:50.007+0000] {logging_mixin.py:190} INFO - [2025-08-29T08:47:50.007+0000] {dagbag.py:588} INFO - Filling up the DagBag from /home/airflow/.local/lib/python3.12/site-packages/airflow/example_dags/example_sla_dag.py
[2025-08-29T08:47:50.013+0000] {processor.py:925} INFO - DAG(s) 'example_sla_dag' retrieved from /home/airflow/.local/lib/python3.12/site-packages/airflow/example_dags/example_sla_dag.py
[2025-08-29T08:47:50.031+0000] {logging_mixin.py:190} INFO - [2025-08-29T08:47:50.031+0000] {dag.py:3239} INFO - Sync 1 DAGs
[2025-08-29T08:47:50.058+0000] {logging_mixin.py:190} INFO - [2025-08-29T08:47:50.058+0000] {dag.py:4180} INFO - Setting next_dagrun for example_sla_dag to 2025-08-29 08:44:00+00:00, run_after=2025-08-29 08:46:00+00:00
[2025-08-29T08:47:50.077+0000] {processor.py:208} INFO - Processing /home/airflow/.local/lib/python3.12/site-packages/airflow/example_dags/example_sla_dag.py took 0.078 seconds
[2025-08-29T08:48:20.470+0000] {processor.py:186} INFO - Started process (PID=32764) to work on /home/airflow/.local/lib/python3.12/site-packages/airflow/example_dags/example_sla_dag.py
[2025-08-29T08:48:20.471+0000] {processor.py:914} INFO - Processing file /home/airflow/.local/lib/python3.12/site-packages/airflow/example_dags/example_sla_dag.py for tasks to queue
[2025-08-29T08:48:20.473+0000] {logging_mixin.py:190} INFO - [2025-08-29T08:48:20.472+0000] {dagbag.py:588} INFO - Filling up the DagBag from /home/airflow/.local/lib/python3.12/site-packages/airflow/example_dags/example_sla_dag.py
[2025-08-29T08:48:20.480+0000] {processor.py:925} INFO - DAG(s) 'example_sla_dag' retrieved from /home/airflow/.local/lib/python3.12/site-packages/airflow/example_dags/example_sla_dag.py
[2025-08-29T08:48:20.502+0000] {logging_mixin.py:190} INFO - [2025-08-29T08:48:20.502+0000] {dag.py:3239} INFO - Sync 1 DAGs
[2025-08-29T08:48:20.521+0000] {logging_mixin.py:190} INFO - [2025-08-29T08:48:20.521+0000] {dag.py:4180} INFO - Setting next_dagrun for example_sla_dag to 2025-08-29 08:46:00+00:00, run_after=2025-08-29 08:48:00+00:00
[2025-08-29T08:48:20.532+0000] {processor.py:208} INFO - Processing /home/airflow/.local/lib/python3.12/site-packages/airflow/example_dags/example_sla_dag.py took 0.066 seconds
[2025-08-29T08:48:50.799+0000] {processor.py:186} INFO - Started process (PID=32828) to work on /home/airflow/.local/lib/python3.12/site-packages/airflow/example_dags/example_sla_dag.py
[2025-08-29T08:48:50.800+0000] {processor.py:914} INFO - Processing file /home/airflow/.local/lib/python3.12/site-packages/airflow/example_dags/example_sla_dag.py for tasks to queue
[2025-08-29T08:48:50.802+0000] {logging_mixin.py:190} INFO - [2025-08-29T08:48:50.802+0000] {dagbag.py:588} INFO - Filling up the DagBag from /home/airflow/.local/lib/python3.12/site-packages/airflow/example_dags/example_sla_dag.py
[2025-08-29T08:48:50.809+0000] {processor.py:925} INFO - DAG(s) 'example_sla_dag' retrieved from /home/airflow/.local/lib/python3.12/site-packages/airflow/example_dags/example_sla_dag.py
[2025-08-29T08:48:50.826+0000] {logging_mixin.py:190} INFO - [2025-08-29T08:48:50.825+0000] {dag.py:3239} INFO - Sync 1 DAGs
[2025-08-29T08:48:50.841+0000] {logging_mixin.py:190} INFO - [2025-08-29T08:48:50.841+0000] {dag.py:4180} INFO - Setting next_dagrun for example_sla_dag to 2025-08-29 08:46:00+00:00, run_after=2025-08-29 08:48:00+00:00
[2025-08-29T08:48:50.858+0000] {processor.py:208} INFO - Processing /home/airflow/.local/lib/python3.12/site-packages/airflow/example_dags/example_sla_dag.py took 0.066 seconds
[2025-08-29T08:49:21.047+0000] {processor.py:186} INFO - Started process (PID=32892) to work on /home/airflow/.local/lib/python3.12/site-packages/airflow/example_dags/example_sla_dag.py
[2025-08-29T08:49:21.047+0000] {processor.py:914} INFO - Processing file /home/airflow/.local/lib/python3.12/site-packages/airflow/example_dags/example_sla_dag.py for tasks to queue
[2025-08-29T08:49:21.049+0000] {logging_mixin.py:190} INFO - [2025-08-29T08:49:21.048+0000] {dagbag.py:588} INFO - Filling up the DagBag from /home/airflow/.local/lib/python3.12/site-packages/airflow/example_dags/example_sla_dag.py
[2025-08-29T08:49:21.055+0000] {processor.py:925} INFO - DAG(s) 'example_sla_dag' retrieved from /home/airflow/.local/lib/python3.12/site-packages/airflow/example_dags/example_sla_dag.py
[2025-08-29T08:49:21.068+0000] {logging_mixin.py:190} INFO - [2025-08-29T08:49:21.068+0000] {dag.py:3239} INFO - Sync 1 DAGs
[2025-08-29T08:49:21.086+0000] {logging_mixin.py:190} INFO - [2025-08-29T08:49:21.086+0000] {dag.py:4180} INFO - Setting next_dagrun for example_sla_dag to 2025-08-29 08:46:00+00:00, run_after=2025-08-29 08:48:00+00:00
[2025-08-29T08:49:21.104+0000] {processor.py:208} INFO - Processing /home/airflow/.local/lib/python3.12/site-packages/airflow/example_dags/example_sla_dag.py took 0.061 seconds
[2025-08-29T08:49:51.695+0000] {processor.py:186} INFO - Started process (PID=32956) to work on /home/airflow/.local/lib/python3.12/site-packages/airflow/example_dags/example_sla_dag.py
[2025-08-29T08:49:51.696+0000] {processor.py:914} INFO - Processing file /home/airflow/.local/lib/python3.12/site-packages/airflow/example_dags/example_sla_dag.py for tasks to queue
[2025-08-29T08:49:51.698+0000] {logging_mixin.py:190} INFO - [2025-08-29T08:49:51.698+0000] {dagbag.py:588} INFO - Filling up the DagBag from /home/airflow/.local/lib/python3.12/site-packages/airflow/example_dags/example_sla_dag.py
[2025-08-29T08:49:51.705+0000] {processor.py:925} INFO - DAG(s) 'example_sla_dag' retrieved from /home/airflow/.local/lib/python3.12/site-packages/airflow/example_dags/example_sla_dag.py
[2025-08-29T08:49:51.724+0000] {logging_mixin.py:190} INFO - [2025-08-29T08:49:51.723+0000] {dag.py:3239} INFO - Sync 1 DAGs
[2025-08-29T08:49:51.748+0000] {logging_mixin.py:190} INFO - [2025-08-29T08:49:51.748+0000] {dag.py:4180} INFO - Setting next_dagrun for example_sla_dag to 2025-08-29 08:46:00+00:00, run_after=2025-08-29 08:48:00+00:00
[2025-08-29T08:49:51.768+0000] {processor.py:208} INFO - Processing /home/airflow/.local/lib/python3.12/site-packages/airflow/example_dags/example_sla_dag.py took 0.080 seconds
[2025-08-29T08:50:22.205+0000] {processor.py:186} INFO - Started process (PID=33020) to work on /home/airflow/.local/lib/python3.12/site-packages/airflow/example_dags/example_sla_dag.py
[2025-08-29T08:50:22.206+0000] {processor.py:914} INFO - Processing file /home/airflow/.local/lib/python3.12/site-packages/airflow/example_dags/example_sla_dag.py for tasks to queue
[2025-08-29T08:50:22.207+0000] {logging_mixin.py:190} INFO - [2025-08-29T08:50:22.207+0000] {dagbag.py:588} INFO - Filling up the DagBag from /home/airflow/.local/lib/python3.12/site-packages/airflow/example_dags/example_sla_dag.py
[2025-08-29T08:50:22.214+0000] {processor.py:925} INFO - DAG(s) 'example_sla_dag' retrieved from /home/airflow/.local/lib/python3.12/site-packages/airflow/example_dags/example_sla_dag.py
[2025-08-29T08:50:22.233+0000] {logging_mixin.py:190} INFO - [2025-08-29T08:50:22.233+0000] {dag.py:3239} INFO - Sync 1 DAGs
[2025-08-29T08:50:22.268+0000] {logging_mixin.py:190} INFO - [2025-08-29T08:50:22.268+0000] {dag.py:4180} INFO - Setting next_dagrun for example_sla_dag to 2025-08-29 08:48:00+00:00, run_after=2025-08-29 08:50:00+00:00
[2025-08-29T08:50:22.290+0000] {processor.py:208} INFO - Processing /home/airflow/.local/lib/python3.12/site-packages/airflow/example_dags/example_sla_dag.py took 0.088 seconds
[2025-08-29T08:50:52.324+0000] {processor.py:186} INFO - Started process (PID=33084) to work on /home/airflow/.local/lib/python3.12/site-packages/airflow/example_dags/example_sla_dag.py
[2025-08-29T08:50:52.325+0000] {processor.py:914} INFO - Processing file /home/airflow/.local/lib/python3.12/site-packages/airflow/example_dags/example_sla_dag.py for tasks to queue
[2025-08-29T08:50:52.327+0000] {logging_mixin.py:190} INFO - [2025-08-29T08:50:52.326+0000] {dagbag.py:588} INFO - Filling up the DagBag from /home/airflow/.local/lib/python3.12/site-packages/airflow/example_dags/example_sla_dag.py
[2025-08-29T08:50:52.334+0000] {processor.py:925} INFO - DAG(s) 'example_sla_dag' retrieved from /home/airflow/.local/lib/python3.12/site-packages/airflow/example_dags/example_sla_dag.py
[2025-08-29T08:50:52.355+0000] {logging_mixin.py:190} INFO - [2025-08-29T08:50:52.355+0000] {dag.py:3239} INFO - Sync 1 DAGs
[2025-08-29T08:50:52.372+0000] {logging_mixin.py:190} INFO - [2025-08-29T08:50:52.372+0000] {dag.py:4180} INFO - Setting next_dagrun for example_sla_dag to 2025-08-29 08:48:00+00:00, run_after=2025-08-29 08:50:00+00:00
[2025-08-29T08:50:52.386+0000] {processor.py:208} INFO - Processing /home/airflow/.local/lib/python3.12/site-packages/airflow/example_dags/example_sla_dag.py took 0.068 seconds
[2025-08-29T08:51:22.729+0000] {processor.py:186} INFO - Started process (PID=33148) to work on /home/airflow/.local/lib/python3.12/site-packages/airflow/example_dags/example_sla_dag.py
[2025-08-29T08:51:22.730+0000] {processor.py:914} INFO - Processing file /home/airflow/.local/lib/python3.12/site-packages/airflow/example_dags/example_sla_dag.py for tasks to queue
[2025-08-29T08:51:22.732+0000] {logging_mixin.py:190} INFO - [2025-08-29T08:51:22.732+0000] {dagbag.py:588} INFO - Filling up the DagBag from /home/airflow/.local/lib/python3.12/site-packages/airflow/example_dags/example_sla_dag.py
[2025-08-29T08:51:22.740+0000] {processor.py:925} INFO - DAG(s) 'example_sla_dag' retrieved from /home/airflow/.local/lib/python3.12/site-packages/airflow/example_dags/example_sla_dag.py
[2025-08-29T08:51:22.760+0000] {logging_mixin.py:190} INFO - [2025-08-29T08:51:22.759+0000] {dag.py:3239} INFO - Sync 1 DAGs
[2025-08-29T08:51:22.783+0000] {logging_mixin.py:190} INFO - [2025-08-29T08:51:22.783+0000] {dag.py:4180} INFO - Setting next_dagrun for example_sla_dag to 2025-08-29 08:48:00+00:00, run_after=2025-08-29 08:50:00+00:00
[2025-08-29T08:51:22.795+0000] {processor.py:208} INFO - Processing /home/airflow/.local/lib/python3.12/site-packages/airflow/example_dags/example_sla_dag.py took 0.072 seconds
[2025-08-29T08:51:53.009+0000] {processor.py:186} INFO - Started process (PID=33212) to work on /home/airflow/.local/lib/python3.12/site-packages/airflow/example_dags/example_sla_dag.py
[2025-08-29T08:51:53.010+0000] {processor.py:914} INFO - Processing file /home/airflow/.local/lib/python3.12/site-packages/airflow/example_dags/example_sla_dag.py for tasks to queue
[2025-08-29T08:51:53.013+0000] {logging_mixin.py:190} INFO - [2025-08-29T08:51:53.013+0000] {dagbag.py:588} INFO - Filling up the DagBag from /home/airflow/.local/lib/python3.12/site-packages/airflow/example_dags/example_sla_dag.py
[2025-08-29T08:51:53.023+0000] {processor.py:925} INFO - DAG(s) 'example_sla_dag' retrieved from /home/airflow/.local/lib/python3.12/site-packages/airflow/example_dags/example_sla_dag.py
[2025-08-29T08:51:53.044+0000] {logging_mixin.py:190} INFO - [2025-08-29T08:51:53.044+0000] {dag.py:3239} INFO - Sync 1 DAGs
[2025-08-29T08:51:53.067+0000] {logging_mixin.py:190} INFO - [2025-08-29T08:51:53.067+0000] {dag.py:4180} INFO - Setting next_dagrun for example_sla_dag to 2025-08-29 08:48:00+00:00, run_after=2025-08-29 08:50:00+00:00
[2025-08-29T08:51:53.082+0000] {processor.py:208} INFO - Processing /home/airflow/.local/lib/python3.12/site-packages/airflow/example_dags/example_sla_dag.py took 0.079 seconds
[2025-08-29T08:52:23.307+0000] {processor.py:186} INFO - Started process (PID=33276) to work on /home/airflow/.local/lib/python3.12/site-packages/airflow/example_dags/example_sla_dag.py
[2025-08-29T08:52:23.308+0000] {processor.py:914} INFO - Processing file /home/airflow/.local/lib/python3.12/site-packages/airflow/example_dags/example_sla_dag.py for tasks to queue
[2025-08-29T08:52:23.310+0000] {logging_mixin.py:190} INFO - [2025-08-29T08:52:23.309+0000] {dagbag.py:588} INFO - Filling up the DagBag from /home/airflow/.local/lib/python3.12/site-packages/airflow/example_dags/example_sla_dag.py
[2025-08-29T08:52:23.318+0000] {processor.py:925} INFO - DAG(s) 'example_sla_dag' retrieved from /home/airflow/.local/lib/python3.12/site-packages/airflow/example_dags/example_sla_dag.py
[2025-08-29T08:52:23.336+0000] {logging_mixin.py:190} INFO - [2025-08-29T08:52:23.336+0000] {dag.py:3239} INFO - Sync 1 DAGs
[2025-08-29T08:52:23.358+0000] {logging_mixin.py:190} INFO - [2025-08-29T08:52:23.357+0000] {dag.py:4180} INFO - Setting next_dagrun for example_sla_dag to 2025-08-29 08:50:00+00:00, run_after=2025-08-29 08:52:00+00:00
[2025-08-29T08:52:23.379+0000] {processor.py:208} INFO - Processing /home/airflow/.local/lib/python3.12/site-packages/airflow/example_dags/example_sla_dag.py took 0.078 seconds
[2025-08-29T08:52:53.511+0000] {processor.py:186} INFO - Started process (PID=33340) to work on /home/airflow/.local/lib/python3.12/site-packages/airflow/example_dags/example_sla_dag.py
[2025-08-29T08:52:53.512+0000] {processor.py:914} INFO - Processing file /home/airflow/.local/lib/python3.12/site-packages/airflow/example_dags/example_sla_dag.py for tasks to queue
[2025-08-29T08:52:53.514+0000] {logging_mixin.py:190} INFO - [2025-08-29T08:52:53.514+0000] {dagbag.py:588} INFO - Filling up the DagBag from /home/airflow/.local/lib/python3.12/site-packages/airflow/example_dags/example_sla_dag.py
[2025-08-29T08:52:53.521+0000] {processor.py:925} INFO - DAG(s) 'example_sla_dag' retrieved from /home/airflow/.local/lib/python3.12/site-packages/airflow/example_dags/example_sla_dag.py
[2025-08-29T08:52:53.540+0000] {logging_mixin.py:190} INFO - [2025-08-29T08:52:53.540+0000] {dag.py:3239} INFO - Sync 1 DAGs
[2025-08-29T08:52:53.557+0000] {logging_mixin.py:190} INFO - [2025-08-29T08:52:53.557+0000] {dag.py:4180} INFO - Setting next_dagrun for example_sla_dag to 2025-08-29 08:50:00+00:00, run_after=2025-08-29 08:52:00+00:00
[2025-08-29T08:52:53.573+0000] {processor.py:208} INFO - Processing /home/airflow/.local/lib/python3.12/site-packages/airflow/example_dags/example_sla_dag.py took 0.068 seconds
[2025-08-29T08:53:23.961+0000] {processor.py:186} INFO - Started process (PID=33404) to work on /home/airflow/.local/lib/python3.12/site-packages/airflow/example_dags/example_sla_dag.py
[2025-08-29T08:53:23.962+0000] {processor.py:914} INFO - Processing file /home/airflow/.local/lib/python3.12/site-packages/airflow/example_dags/example_sla_dag.py for tasks to queue
[2025-08-29T08:53:23.963+0000] {logging_mixin.py:190} INFO - [2025-08-29T08:53:23.963+0000] {dagbag.py:588} INFO - Filling up the DagBag from /home/airflow/.local/lib/python3.12/site-packages/airflow/example_dags/example_sla_dag.py
[2025-08-29T08:53:23.970+0000] {processor.py:925} INFO - DAG(s) 'example_sla_dag' retrieved from /home/airflow/.local/lib/python3.12/site-packages/airflow/example_dags/example_sla_dag.py
[2025-08-29T08:53:23.987+0000] {logging_mixin.py:190} INFO - [2025-08-29T08:53:23.987+0000] {dag.py:3239} INFO - Sync 1 DAGs
[2025-08-29T08:53:24.007+0000] {logging_mixin.py:190} INFO - [2025-08-29T08:53:24.006+0000] {dag.py:4180} INFO - Setting next_dagrun for example_sla_dag to 2025-08-29 08:50:00+00:00, run_after=2025-08-29 08:52:00+00:00
[2025-08-29T08:53:24.024+0000] {processor.py:208} INFO - Processing /home/airflow/.local/lib/python3.12/site-packages/airflow/example_dags/example_sla_dag.py took 0.068 seconds
[2025-08-29T08:53:54.393+0000] {processor.py:186} INFO - Started process (PID=33468) to work on /home/airflow/.local/lib/python3.12/site-packages/airflow/example_dags/example_sla_dag.py
[2025-08-29T08:53:54.394+0000] {processor.py:914} INFO - Processing file /home/airflow/.local/lib/python3.12/site-packages/airflow/example_dags/example_sla_dag.py for tasks to queue
[2025-08-29T08:53:54.396+0000] {logging_mixin.py:190} INFO - [2025-08-29T08:53:54.395+0000] {dagbag.py:588} INFO - Filling up the DagBag from /home/airflow/.local/lib/python3.12/site-packages/airflow/example_dags/example_sla_dag.py
[2025-08-29T08:53:54.406+0000] {processor.py:925} INFO - DAG(s) 'example_sla_dag' retrieved from /home/airflow/.local/lib/python3.12/site-packages/airflow/example_dags/example_sla_dag.py
[2025-08-29T08:53:54.421+0000] {logging_mixin.py:190} INFO - [2025-08-29T08:53:54.421+0000] {dag.py:3239} INFO - Sync 1 DAGs
[2025-08-29T08:53:54.448+0000] {logging_mixin.py:190} INFO - [2025-08-29T08:53:54.448+0000] {dag.py:4180} INFO - Setting next_dagrun for example_sla_dag to 2025-08-29 08:50:00+00:00, run_after=2025-08-29 08:52:00+00:00
[2025-08-29T08:53:54.466+0000] {processor.py:208} INFO - Processing /home/airflow/.local/lib/python3.12/site-packages/airflow/example_dags/example_sla_dag.py took 0.079 seconds
