[2025-08-29T08:40:38.038+0000] {processor.py:186} INFO - Started process (PID=31768) to work on /home/airflow/.local/lib/python3.12/site-packages/airflow/example_dags/example_dag_decorator.py
[2025-08-29T08:40:38.039+0000] {processor.py:914} INFO - Processing file /home/airflow/.local/lib/python3.12/site-packages/airflow/example_dags/example_dag_decorator.py for tasks to queue
[2025-08-29T08:40:38.041+0000] {logging_mixin.py:190} INFO - [2025-08-29T08:40:38.041+0000] {dagbag.py:588} INFO - Filling up the DagBag from /home/airflow/.local/lib/python3.12/site-packages/airflow/example_dags/example_dag_decorator.py
[2025-08-29T08:40:38.054+0000] {processor.py:925} INFO - DAG(s) 'example_dag_decorator' retrieved from /home/airflow/.local/lib/python3.12/site-packages/airflow/example_dags/example_dag_decorator.py
[2025-08-29T08:40:38.187+0000] {logging_mixin.py:190} INFO - [2025-08-29T08:40:38.186+0000] {dag.py:3239} INFO - Sync 1 DAGs
[2025-08-29T08:40:38.201+0000] {logging_mixin.py:190} INFO - [2025-08-29T08:40:38.200+0000] {dag.py:4180} INFO - Setting next_dagrun for example_dag_decorator to None, run_after=None
[2025-08-29T08:40:38.219+0000] {processor.py:208} INFO - Processing /home/airflow/.local/lib/python3.12/site-packages/airflow/example_dags/example_dag_decorator.py took 0.189 seconds
[2025-08-29T08:41:09.009+0000] {processor.py:186} INFO - Started process (PID=31832) to work on /home/airflow/.local/lib/python3.12/site-packages/airflow/example_dags/example_dag_decorator.py
[2025-08-29T08:41:09.010+0000] {processor.py:914} INFO - Processing file /home/airflow/.local/lib/python3.12/site-packages/airflow/example_dags/example_dag_decorator.py for tasks to queue
[2025-08-29T08:41:09.012+0000] {logging_mixin.py:190} INFO - [2025-08-29T08:41:09.012+0000] {dagbag.py:588} INFO - Filling up the DagBag from /home/airflow/.local/lib/python3.12/site-packages/airflow/example_dags/example_dag_decorator.py
[2025-08-29T08:41:09.027+0000] {processor.py:925} INFO - DAG(s) 'example_dag_decorator' retrieved from /home/airflow/.local/lib/python3.12/site-packages/airflow/example_dags/example_dag_decorator.py
[2025-08-29T08:41:09.167+0000] {logging_mixin.py:190} INFO - [2025-08-29T08:41:09.167+0000] {dag.py:3239} INFO - Sync 1 DAGs
[2025-08-29T08:41:09.182+0000] {logging_mixin.py:190} INFO - [2025-08-29T08:41:09.182+0000] {dag.py:4180} INFO - Setting next_dagrun for example_dag_decorator to None, run_after=None
[2025-08-29T08:41:09.213+0000] {processor.py:208} INFO - Processing /home/airflow/.local/lib/python3.12/site-packages/airflow/example_dags/example_dag_decorator.py took 0.212 seconds
[2025-08-29T08:41:40.027+0000] {processor.py:186} INFO - Started process (PID=31896) to work on /home/airflow/.local/lib/python3.12/site-packages/airflow/example_dags/example_dag_decorator.py
[2025-08-29T08:41:40.029+0000] {processor.py:914} INFO - Processing file /home/airflow/.local/lib/python3.12/site-packages/airflow/example_dags/example_dag_decorator.py for tasks to queue
[2025-08-29T08:41:40.033+0000] {logging_mixin.py:190} INFO - [2025-08-29T08:41:40.032+0000] {dagbag.py:588} INFO - Filling up the DagBag from /home/airflow/.local/lib/python3.12/site-packages/airflow/example_dags/example_dag_decorator.py
[2025-08-29T08:41:40.054+0000] {processor.py:925} INFO - DAG(s) 'example_dag_decorator' retrieved from /home/airflow/.local/lib/python3.12/site-packages/airflow/example_dags/example_dag_decorator.py
[2025-08-29T08:41:40.099+0000] {logging_mixin.py:190} INFO - [2025-08-29T08:41:40.098+0000] {dag.py:3239} INFO - Sync 1 DAGs
[2025-08-29T08:41:40.119+0000] {logging_mixin.py:190} INFO - [2025-08-29T08:41:40.119+0000] {dag.py:4180} INFO - Setting next_dagrun for example_dag_decorator to None, run_after=None
[2025-08-29T08:41:40.155+0000] {processor.py:208} INFO - Processing /home/airflow/.local/lib/python3.12/site-packages/airflow/example_dags/example_dag_decorator.py took 0.139 seconds
[2025-08-29T08:42:10.222+0000] {processor.py:186} INFO - Started process (PID=31960) to work on /home/airflow/.local/lib/python3.12/site-packages/airflow/example_dags/example_dag_decorator.py
[2025-08-29T08:42:10.223+0000] {processor.py:914} INFO - Processing file /home/airflow/.local/lib/python3.12/site-packages/airflow/example_dags/example_dag_decorator.py for tasks to queue
[2025-08-29T08:42:10.226+0000] {logging_mixin.py:190} INFO - [2025-08-29T08:42:10.226+0000] {dagbag.py:588} INFO - Filling up the DagBag from /home/airflow/.local/lib/python3.12/site-packages/airflow/example_dags/example_dag_decorator.py
[2025-08-29T08:42:10.244+0000] {processor.py:925} INFO - DAG(s) 'example_dag_decorator' retrieved from /home/airflow/.local/lib/python3.12/site-packages/airflow/example_dags/example_dag_decorator.py
[2025-08-29T08:42:10.379+0000] {logging_mixin.py:190} INFO - [2025-08-29T08:42:10.379+0000] {dag.py:3239} INFO - Sync 1 DAGs
[2025-08-29T08:42:10.393+0000] {logging_mixin.py:190} INFO - [2025-08-29T08:42:10.393+0000] {dag.py:4180} INFO - Setting next_dagrun for example_dag_decorator to None, run_after=None
[2025-08-29T08:42:10.419+0000] {processor.py:208} INFO - Processing /home/airflow/.local/lib/python3.12/site-packages/airflow/example_dags/example_dag_decorator.py took 0.206 seconds
[2025-08-29T08:42:41.024+0000] {processor.py:186} INFO - Started process (PID=32024) to work on /home/airflow/.local/lib/python3.12/site-packages/airflow/example_dags/example_dag_decorator.py
[2025-08-29T08:42:41.025+0000] {processor.py:914} INFO - Processing file /home/airflow/.local/lib/python3.12/site-packages/airflow/example_dags/example_dag_decorator.py for tasks to queue
[2025-08-29T08:42:41.028+0000] {logging_mixin.py:190} INFO - [2025-08-29T08:42:41.028+0000] {dagbag.py:588} INFO - Filling up the DagBag from /home/airflow/.local/lib/python3.12/site-packages/airflow/example_dags/example_dag_decorator.py
[2025-08-29T08:42:41.047+0000] {processor.py:925} INFO - DAG(s) 'example_dag_decorator' retrieved from /home/airflow/.local/lib/python3.12/site-packages/airflow/example_dags/example_dag_decorator.py
[2025-08-29T08:42:41.243+0000] {logging_mixin.py:190} INFO - [2025-08-29T08:42:41.243+0000] {dag.py:3239} INFO - Sync 1 DAGs
[2025-08-29T08:42:41.264+0000] {logging_mixin.py:190} INFO - [2025-08-29T08:42:41.263+0000] {dag.py:4180} INFO - Setting next_dagrun for example_dag_decorator to None, run_after=None
[2025-08-29T08:42:41.294+0000] {processor.py:208} INFO - Processing /home/airflow/.local/lib/python3.12/site-packages/airflow/example_dags/example_dag_decorator.py took 0.280 seconds
[2025-08-29T08:43:11.348+0000] {processor.py:186} INFO - Started process (PID=32089) to work on /home/airflow/.local/lib/python3.12/site-packages/airflow/example_dags/example_dag_decorator.py
[2025-08-29T08:43:11.349+0000] {processor.py:914} INFO - Processing file /home/airflow/.local/lib/python3.12/site-packages/airflow/example_dags/example_dag_decorator.py for tasks to queue
[2025-08-29T08:43:11.351+0000] {logging_mixin.py:190} INFO - [2025-08-29T08:43:11.351+0000] {dagbag.py:588} INFO - Filling up the DagBag from /home/airflow/.local/lib/python3.12/site-packages/airflow/example_dags/example_dag_decorator.py
[2025-08-29T08:43:11.362+0000] {processor.py:925} INFO - DAG(s) 'example_dag_decorator' retrieved from /home/airflow/.local/lib/python3.12/site-packages/airflow/example_dags/example_dag_decorator.py
[2025-08-29T08:43:11.509+0000] {logging_mixin.py:190} INFO - [2025-08-29T08:43:11.508+0000] {dag.py:3239} INFO - Sync 1 DAGs
[2025-08-29T08:43:11.529+0000] {logging_mixin.py:190} INFO - [2025-08-29T08:43:11.529+0000] {dag.py:4180} INFO - Setting next_dagrun for example_dag_decorator to None, run_after=None
[2025-08-29T08:43:11.561+0000] {processor.py:208} INFO - Processing /home/airflow/.local/lib/python3.12/site-packages/airflow/example_dags/example_dag_decorator.py took 0.221 seconds
[2025-08-29T08:43:42.470+0000] {processor.py:186} INFO - Started process (PID=32153) to work on /home/airflow/.local/lib/python3.12/site-packages/airflow/example_dags/example_dag_decorator.py
[2025-08-29T08:43:42.472+0000] {processor.py:914} INFO - Processing file /home/airflow/.local/lib/python3.12/site-packages/airflow/example_dags/example_dag_decorator.py for tasks to queue
[2025-08-29T08:43:42.474+0000] {logging_mixin.py:190} INFO - [2025-08-29T08:43:42.474+0000] {dagbag.py:588} INFO - Filling up the DagBag from /home/airflow/.local/lib/python3.12/site-packages/airflow/example_dags/example_dag_decorator.py
[2025-08-29T08:43:42.486+0000] {processor.py:925} INFO - DAG(s) 'example_dag_decorator' retrieved from /home/airflow/.local/lib/python3.12/site-packages/airflow/example_dags/example_dag_decorator.py
[2025-08-29T08:43:42.609+0000] {logging_mixin.py:190} INFO - [2025-08-29T08:43:42.608+0000] {dag.py:3239} INFO - Sync 1 DAGs
[2025-08-29T08:43:42.622+0000] {logging_mixin.py:190} INFO - [2025-08-29T08:43:42.621+0000] {dag.py:4180} INFO - Setting next_dagrun for example_dag_decorator to None, run_after=None
[2025-08-29T08:43:42.641+0000] {processor.py:208} INFO - Processing /home/airflow/.local/lib/python3.12/site-packages/airflow/example_dags/example_dag_decorator.py took 0.177 seconds
[2025-08-29T08:44:13.336+0000] {processor.py:186} INFO - Started process (PID=32217) to work on /home/airflow/.local/lib/python3.12/site-packages/airflow/example_dags/example_dag_decorator.py
[2025-08-29T08:44:13.338+0000] {processor.py:914} INFO - Processing file /home/airflow/.local/lib/python3.12/site-packages/airflow/example_dags/example_dag_decorator.py for tasks to queue
[2025-08-29T08:44:13.341+0000] {logging_mixin.py:190} INFO - [2025-08-29T08:44:13.341+0000] {dagbag.py:588} INFO - Filling up the DagBag from /home/airflow/.local/lib/python3.12/site-packages/airflow/example_dags/example_dag_decorator.py
[2025-08-29T08:44:13.348+0000] {processor.py:925} INFO - DAG(s) 'example_dag_decorator' retrieved from /home/airflow/.local/lib/python3.12/site-packages/airflow/example_dags/example_dag_decorator.py
[2025-08-29T08:44:13.482+0000] {logging_mixin.py:190} INFO - [2025-08-29T08:44:13.482+0000] {dag.py:3239} INFO - Sync 1 DAGs
[2025-08-29T08:44:13.490+0000] {logging_mixin.py:190} INFO - [2025-08-29T08:44:13.490+0000] {dag.py:4180} INFO - Setting next_dagrun for example_dag_decorator to None, run_after=None
[2025-08-29T08:44:13.504+0000] {processor.py:208} INFO - Processing /home/airflow/.local/lib/python3.12/site-packages/airflow/example_dags/example_dag_decorator.py took 0.174 seconds
[2025-08-29T08:44:43.953+0000] {processor.py:186} INFO - Started process (PID=32281) to work on /home/airflow/.local/lib/python3.12/site-packages/airflow/example_dags/example_dag_decorator.py
[2025-08-29T08:44:43.954+0000] {processor.py:914} INFO - Processing file /home/airflow/.local/lib/python3.12/site-packages/airflow/example_dags/example_dag_decorator.py for tasks to queue
[2025-08-29T08:44:43.956+0000] {logging_mixin.py:190} INFO - [2025-08-29T08:44:43.956+0000] {dagbag.py:588} INFO - Filling up the DagBag from /home/airflow/.local/lib/python3.12/site-packages/airflow/example_dags/example_dag_decorator.py
[2025-08-29T08:44:43.968+0000] {processor.py:925} INFO - DAG(s) 'example_dag_decorator' retrieved from /home/airflow/.local/lib/python3.12/site-packages/airflow/example_dags/example_dag_decorator.py
[2025-08-29T08:44:44.091+0000] {logging_mixin.py:190} INFO - [2025-08-29T08:44:44.090+0000] {dag.py:3239} INFO - Sync 1 DAGs
[2025-08-29T08:44:44.105+0000] {logging_mixin.py:190} INFO - [2025-08-29T08:44:44.104+0000] {dag.py:4180} INFO - Setting next_dagrun for example_dag_decorator to None, run_after=None
[2025-08-29T08:44:44.125+0000] {processor.py:208} INFO - Processing /home/airflow/.local/lib/python3.12/site-packages/airflow/example_dags/example_dag_decorator.py took 0.178 seconds
[2025-08-29T08:45:14.678+0000] {processor.py:186} INFO - Started process (PID=32345) to work on /home/airflow/.local/lib/python3.12/site-packages/airflow/example_dags/example_dag_decorator.py
[2025-08-29T08:45:14.680+0000] {processor.py:914} INFO - Processing file /home/airflow/.local/lib/python3.12/site-packages/airflow/example_dags/example_dag_decorator.py for tasks to queue
[2025-08-29T08:45:14.683+0000] {logging_mixin.py:190} INFO - [2025-08-29T08:45:14.682+0000] {dagbag.py:588} INFO - Filling up the DagBag from /home/airflow/.local/lib/python3.12/site-packages/airflow/example_dags/example_dag_decorator.py
[2025-08-29T08:45:14.695+0000] {processor.py:925} INFO - DAG(s) 'example_dag_decorator' retrieved from /home/airflow/.local/lib/python3.12/site-packages/airflow/example_dags/example_dag_decorator.py
[2025-08-29T08:45:14.716+0000] {logging_mixin.py:190} INFO - [2025-08-29T08:45:14.715+0000] {dag.py:3239} INFO - Sync 1 DAGs
[2025-08-29T08:45:14.729+0000] {logging_mixin.py:190} INFO - [2025-08-29T08:45:14.729+0000] {dag.py:4180} INFO - Setting next_dagrun for example_dag_decorator to None, run_after=None
[2025-08-29T08:45:14.746+0000] {processor.py:208} INFO - Processing /home/airflow/.local/lib/python3.12/site-packages/airflow/example_dags/example_dag_decorator.py took 0.074 seconds
[2025-08-29T08:45:45.246+0000] {processor.py:186} INFO - Started process (PID=32409) to work on /home/airflow/.local/lib/python3.12/site-packages/airflow/example_dags/example_dag_decorator.py
[2025-08-29T08:45:45.247+0000] {processor.py:914} INFO - Processing file /home/airflow/.local/lib/python3.12/site-packages/airflow/example_dags/example_dag_decorator.py for tasks to queue
[2025-08-29T08:45:45.249+0000] {logging_mixin.py:190} INFO - [2025-08-29T08:45:45.249+0000] {dagbag.py:588} INFO - Filling up the DagBag from /home/airflow/.local/lib/python3.12/site-packages/airflow/example_dags/example_dag_decorator.py
[2025-08-29T08:45:45.260+0000] {processor.py:925} INFO - DAG(s) 'example_dag_decorator' retrieved from /home/airflow/.local/lib/python3.12/site-packages/airflow/example_dags/example_dag_decorator.py
[2025-08-29T08:45:45.351+0000] {logging_mixin.py:190} INFO - [2025-08-29T08:45:45.351+0000] {dag.py:3239} INFO - Sync 1 DAGs
[2025-08-29T08:45:45.361+0000] {logging_mixin.py:190} INFO - [2025-08-29T08:45:45.361+0000] {dag.py:4180} INFO - Setting next_dagrun for example_dag_decorator to None, run_after=None
[2025-08-29T08:45:45.378+0000] {processor.py:208} INFO - Processing /home/airflow/.local/lib/python3.12/site-packages/airflow/example_dags/example_dag_decorator.py took 0.137 seconds
[2025-08-29T08:46:15.797+0000] {processor.py:186} INFO - Started process (PID=32473) to work on /home/airflow/.local/lib/python3.12/site-packages/airflow/example_dags/example_dag_decorator.py
[2025-08-29T08:46:15.799+0000] {processor.py:914} INFO - Processing file /home/airflow/.local/lib/python3.12/site-packages/airflow/example_dags/example_dag_decorator.py for tasks to queue
[2025-08-29T08:46:15.802+0000] {logging_mixin.py:190} INFO - [2025-08-29T08:46:15.802+0000] {dagbag.py:588} INFO - Filling up the DagBag from /home/airflow/.local/lib/python3.12/site-packages/airflow/example_dags/example_dag_decorator.py
[2025-08-29T08:46:15.816+0000] {processor.py:925} INFO - DAG(s) 'example_dag_decorator' retrieved from /home/airflow/.local/lib/python3.12/site-packages/airflow/example_dags/example_dag_decorator.py
[2025-08-29T08:46:15.911+0000] {logging_mixin.py:190} INFO - [2025-08-29T08:46:15.910+0000] {dag.py:3239} INFO - Sync 1 DAGs
[2025-08-29T08:46:15.923+0000] {logging_mixin.py:190} INFO - [2025-08-29T08:46:15.922+0000] {dag.py:4180} INFO - Setting next_dagrun for example_dag_decorator to None, run_after=None
[2025-08-29T08:46:15.939+0000] {processor.py:208} INFO - Processing /home/airflow/.local/lib/python3.12/site-packages/airflow/example_dags/example_dag_decorator.py took 0.156 seconds
[2025-08-29T08:46:46.227+0000] {processor.py:186} INFO - Started process (PID=32537) to work on /home/airflow/.local/lib/python3.12/site-packages/airflow/example_dags/example_dag_decorator.py
[2025-08-29T08:46:46.228+0000] {processor.py:914} INFO - Processing file /home/airflow/.local/lib/python3.12/site-packages/airflow/example_dags/example_dag_decorator.py for tasks to queue
[2025-08-29T08:46:46.230+0000] {logging_mixin.py:190} INFO - [2025-08-29T08:46:46.230+0000] {dagbag.py:588} INFO - Filling up the DagBag from /home/airflow/.local/lib/python3.12/site-packages/airflow/example_dags/example_dag_decorator.py
[2025-08-29T08:46:46.239+0000] {processor.py:925} INFO - DAG(s) 'example_dag_decorator' retrieved from /home/airflow/.local/lib/python3.12/site-packages/airflow/example_dags/example_dag_decorator.py
[2025-08-29T08:46:46.325+0000] {logging_mixin.py:190} INFO - [2025-08-29T08:46:46.325+0000] {dag.py:3239} INFO - Sync 1 DAGs
[2025-08-29T08:46:46.335+0000] {logging_mixin.py:190} INFO - [2025-08-29T08:46:46.334+0000] {dag.py:4180} INFO - Setting next_dagrun for example_dag_decorator to None, run_after=None
[2025-08-29T08:46:46.349+0000] {processor.py:208} INFO - Processing /home/airflow/.local/lib/python3.12/site-packages/airflow/example_dags/example_dag_decorator.py took 0.129 seconds
[2025-08-29T08:47:16.431+0000] {processor.py:186} INFO - Started process (PID=32601) to work on /home/airflow/.local/lib/python3.12/site-packages/airflow/example_dags/example_dag_decorator.py
[2025-08-29T08:47:16.433+0000] {processor.py:914} INFO - Processing file /home/airflow/.local/lib/python3.12/site-packages/airflow/example_dags/example_dag_decorator.py for tasks to queue
[2025-08-29T08:47:16.434+0000] {logging_mixin.py:190} INFO - [2025-08-29T08:47:16.434+0000] {dagbag.py:588} INFO - Filling up the DagBag from /home/airflow/.local/lib/python3.12/site-packages/airflow/example_dags/example_dag_decorator.py
[2025-08-29T08:47:16.442+0000] {processor.py:925} INFO - DAG(s) 'example_dag_decorator' retrieved from /home/airflow/.local/lib/python3.12/site-packages/airflow/example_dags/example_dag_decorator.py
[2025-08-29T08:47:16.525+0000] {logging_mixin.py:190} INFO - [2025-08-29T08:47:16.525+0000] {dag.py:3239} INFO - Sync 1 DAGs
[2025-08-29T08:47:16.537+0000] {logging_mixin.py:190} INFO - [2025-08-29T08:47:16.536+0000] {dag.py:4180} INFO - Setting next_dagrun for example_dag_decorator to None, run_after=None
[2025-08-29T08:47:16.556+0000] {processor.py:208} INFO - Processing /home/airflow/.local/lib/python3.12/site-packages/airflow/example_dags/example_dag_decorator.py took 0.131 seconds
[2025-08-29T08:47:46.741+0000] {processor.py:186} INFO - Started process (PID=32665) to work on /home/airflow/.local/lib/python3.12/site-packages/airflow/example_dags/example_dag_decorator.py
[2025-08-29T08:47:46.743+0000] {processor.py:914} INFO - Processing file /home/airflow/.local/lib/python3.12/site-packages/airflow/example_dags/example_dag_decorator.py for tasks to queue
[2025-08-29T08:47:46.746+0000] {logging_mixin.py:190} INFO - [2025-08-29T08:47:46.745+0000] {dagbag.py:588} INFO - Filling up the DagBag from /home/airflow/.local/lib/python3.12/site-packages/airflow/example_dags/example_dag_decorator.py
[2025-08-29T08:47:46.758+0000] {processor.py:925} INFO - DAG(s) 'example_dag_decorator' retrieved from /home/airflow/.local/lib/python3.12/site-packages/airflow/example_dags/example_dag_decorator.py
[2025-08-29T08:47:46.837+0000] {logging_mixin.py:190} INFO - [2025-08-29T08:47:46.837+0000] {dag.py:3239} INFO - Sync 1 DAGs
[2025-08-29T08:47:46.847+0000] {logging_mixin.py:190} INFO - [2025-08-29T08:47:46.846+0000] {dag.py:4180} INFO - Setting next_dagrun for example_dag_decorator to None, run_after=None
[2025-08-29T08:47:46.867+0000] {processor.py:208} INFO - Processing /home/airflow/.local/lib/python3.12/site-packages/airflow/example_dags/example_dag_decorator.py took 0.134 seconds
[2025-08-29T08:48:17.204+0000] {processor.py:186} INFO - Started process (PID=32729) to work on /home/airflow/.local/lib/python3.12/site-packages/airflow/example_dags/example_dag_decorator.py
[2025-08-29T08:48:17.206+0000] {processor.py:914} INFO - Processing file /home/airflow/.local/lib/python3.12/site-packages/airflow/example_dags/example_dag_decorator.py for tasks to queue
[2025-08-29T08:48:17.209+0000] {logging_mixin.py:190} INFO - [2025-08-29T08:48:17.208+0000] {dagbag.py:588} INFO - Filling up the DagBag from /home/airflow/.local/lib/python3.12/site-packages/airflow/example_dags/example_dag_decorator.py
[2025-08-29T08:48:17.218+0000] {processor.py:925} INFO - DAG(s) 'example_dag_decorator' retrieved from /home/airflow/.local/lib/python3.12/site-packages/airflow/example_dags/example_dag_decorator.py
[2025-08-29T08:48:17.301+0000] {logging_mixin.py:190} INFO - [2025-08-29T08:48:17.301+0000] {dag.py:3239} INFO - Sync 1 DAGs
[2025-08-29T08:48:17.309+0000] {logging_mixin.py:190} INFO - [2025-08-29T08:48:17.309+0000] {dag.py:4180} INFO - Setting next_dagrun for example_dag_decorator to None, run_after=None
[2025-08-29T08:48:17.326+0000] {processor.py:208} INFO - Processing /home/airflow/.local/lib/python3.12/site-packages/airflow/example_dags/example_dag_decorator.py took 0.130 seconds
[2025-08-29T08:48:47.640+0000] {processor.py:186} INFO - Started process (PID=32793) to work on /home/airflow/.local/lib/python3.12/site-packages/airflow/example_dags/example_dag_decorator.py
[2025-08-29T08:48:47.643+0000] {processor.py:914} INFO - Processing file /home/airflow/.local/lib/python3.12/site-packages/airflow/example_dags/example_dag_decorator.py for tasks to queue
[2025-08-29T08:48:47.646+0000] {logging_mixin.py:190} INFO - [2025-08-29T08:48:47.645+0000] {dagbag.py:588} INFO - Filling up the DagBag from /home/airflow/.local/lib/python3.12/site-packages/airflow/example_dags/example_dag_decorator.py
[2025-08-29T08:48:47.657+0000] {processor.py:925} INFO - DAG(s) 'example_dag_decorator' retrieved from /home/airflow/.local/lib/python3.12/site-packages/airflow/example_dags/example_dag_decorator.py
[2025-08-29T08:48:47.750+0000] {logging_mixin.py:190} INFO - [2025-08-29T08:48:47.750+0000] {dag.py:3239} INFO - Sync 1 DAGs
[2025-08-29T08:48:47.763+0000] {logging_mixin.py:190} INFO - [2025-08-29T08:48:47.763+0000] {dag.py:4180} INFO - Setting next_dagrun for example_dag_decorator to None, run_after=None
[2025-08-29T08:48:47.784+0000] {processor.py:208} INFO - Processing /home/airflow/.local/lib/python3.12/site-packages/airflow/example_dags/example_dag_decorator.py took 0.154 seconds
[2025-08-29T08:49:18.002+0000] {processor.py:186} INFO - Started process (PID=32857) to work on /home/airflow/.local/lib/python3.12/site-packages/airflow/example_dags/example_dag_decorator.py
[2025-08-29T08:49:18.004+0000] {processor.py:914} INFO - Processing file /home/airflow/.local/lib/python3.12/site-packages/airflow/example_dags/example_dag_decorator.py for tasks to queue
[2025-08-29T08:49:18.006+0000] {logging_mixin.py:190} INFO - [2025-08-29T08:49:18.006+0000] {dagbag.py:588} INFO - Filling up the DagBag from /home/airflow/.local/lib/python3.12/site-packages/airflow/example_dags/example_dag_decorator.py
[2025-08-29T08:49:18.015+0000] {processor.py:925} INFO - DAG(s) 'example_dag_decorator' retrieved from /home/airflow/.local/lib/python3.12/site-packages/airflow/example_dags/example_dag_decorator.py
[2025-08-29T08:49:18.095+0000] {logging_mixin.py:190} INFO - [2025-08-29T08:49:18.095+0000] {dag.py:3239} INFO - Sync 1 DAGs
[2025-08-29T08:49:18.109+0000] {logging_mixin.py:190} INFO - [2025-08-29T08:49:18.109+0000] {dag.py:4180} INFO - Setting next_dagrun for example_dag_decorator to None, run_after=None
[2025-08-29T08:49:18.128+0000] {processor.py:208} INFO - Processing /home/airflow/.local/lib/python3.12/site-packages/airflow/example_dags/example_dag_decorator.py took 0.134 seconds
[2025-08-29T08:49:48.387+0000] {processor.py:186} INFO - Started process (PID=32921) to work on /home/airflow/.local/lib/python3.12/site-packages/airflow/example_dags/example_dag_decorator.py
[2025-08-29T08:49:48.388+0000] {processor.py:914} INFO - Processing file /home/airflow/.local/lib/python3.12/site-packages/airflow/example_dags/example_dag_decorator.py for tasks to queue
[2025-08-29T08:49:48.390+0000] {logging_mixin.py:190} INFO - [2025-08-29T08:49:48.390+0000] {dagbag.py:588} INFO - Filling up the DagBag from /home/airflow/.local/lib/python3.12/site-packages/airflow/example_dags/example_dag_decorator.py
[2025-08-29T08:49:48.402+0000] {processor.py:925} INFO - DAG(s) 'example_dag_decorator' retrieved from /home/airflow/.local/lib/python3.12/site-packages/airflow/example_dags/example_dag_decorator.py
[2025-08-29T08:49:48.498+0000] {logging_mixin.py:190} INFO - [2025-08-29T08:49:48.497+0000] {dag.py:3239} INFO - Sync 1 DAGs
[2025-08-29T08:49:48.512+0000] {logging_mixin.py:190} INFO - [2025-08-29T08:49:48.511+0000] {dag.py:4180} INFO - Setting next_dagrun for example_dag_decorator to None, run_after=None
[2025-08-29T08:49:48.530+0000] {processor.py:208} INFO - Processing /home/airflow/.local/lib/python3.12/site-packages/airflow/example_dags/example_dag_decorator.py took 0.149 seconds
[2025-08-29T08:50:18.946+0000] {processor.py:186} INFO - Started process (PID=32985) to work on /home/airflow/.local/lib/python3.12/site-packages/airflow/example_dags/example_dag_decorator.py
[2025-08-29T08:50:18.947+0000] {processor.py:914} INFO - Processing file /home/airflow/.local/lib/python3.12/site-packages/airflow/example_dags/example_dag_decorator.py for tasks to queue
[2025-08-29T08:50:18.949+0000] {logging_mixin.py:190} INFO - [2025-08-29T08:50:18.949+0000] {dagbag.py:588} INFO - Filling up the DagBag from /home/airflow/.local/lib/python3.12/site-packages/airflow/example_dags/example_dag_decorator.py
[2025-08-29T08:50:18.957+0000] {processor.py:925} INFO - DAG(s) 'example_dag_decorator' retrieved from /home/airflow/.local/lib/python3.12/site-packages/airflow/example_dags/example_dag_decorator.py
[2025-08-29T08:50:19.047+0000] {logging_mixin.py:190} INFO - [2025-08-29T08:50:19.047+0000] {dag.py:3239} INFO - Sync 1 DAGs
[2025-08-29T08:50:19.056+0000] {logging_mixin.py:190} INFO - [2025-08-29T08:50:19.056+0000] {dag.py:4180} INFO - Setting next_dagrun for example_dag_decorator to None, run_after=None
[2025-08-29T08:50:19.073+0000] {processor.py:208} INFO - Processing /home/airflow/.local/lib/python3.12/site-packages/airflow/example_dags/example_dag_decorator.py took 0.134 seconds
[2025-08-29T08:50:49.447+0000] {processor.py:186} INFO - Started process (PID=33049) to work on /home/airflow/.local/lib/python3.12/site-packages/airflow/example_dags/example_dag_decorator.py
[2025-08-29T08:50:49.449+0000] {processor.py:914} INFO - Processing file /home/airflow/.local/lib/python3.12/site-packages/airflow/example_dags/example_dag_decorator.py for tasks to queue
[2025-08-29T08:50:49.452+0000] {logging_mixin.py:190} INFO - [2025-08-29T08:50:49.451+0000] {dagbag.py:588} INFO - Filling up the DagBag from /home/airflow/.local/lib/python3.12/site-packages/airflow/example_dags/example_dag_decorator.py
[2025-08-29T08:50:49.460+0000] {processor.py:925} INFO - DAG(s) 'example_dag_decorator' retrieved from /home/airflow/.local/lib/python3.12/site-packages/airflow/example_dags/example_dag_decorator.py
[2025-08-29T08:50:49.534+0000] {logging_mixin.py:190} INFO - [2025-08-29T08:50:49.533+0000] {dag.py:3239} INFO - Sync 1 DAGs
[2025-08-29T08:50:49.544+0000] {logging_mixin.py:190} INFO - [2025-08-29T08:50:49.544+0000] {dag.py:4180} INFO - Setting next_dagrun for example_dag_decorator to None, run_after=None
[2025-08-29T08:50:49.558+0000] {processor.py:208} INFO - Processing /home/airflow/.local/lib/python3.12/site-packages/airflow/example_dags/example_dag_decorator.py took 0.118 seconds
[2025-08-29T08:51:19.628+0000] {processor.py:186} INFO - Started process (PID=33114) to work on /home/airflow/.local/lib/python3.12/site-packages/airflow/example_dags/example_dag_decorator.py
[2025-08-29T08:51:19.629+0000] {processor.py:914} INFO - Processing file /home/airflow/.local/lib/python3.12/site-packages/airflow/example_dags/example_dag_decorator.py for tasks to queue
[2025-08-29T08:51:19.631+0000] {logging_mixin.py:190} INFO - [2025-08-29T08:51:19.631+0000] {dagbag.py:588} INFO - Filling up the DagBag from /home/airflow/.local/lib/python3.12/site-packages/airflow/example_dags/example_dag_decorator.py
[2025-08-29T08:51:19.644+0000] {processor.py:925} INFO - DAG(s) 'example_dag_decorator' retrieved from /home/airflow/.local/lib/python3.12/site-packages/airflow/example_dags/example_dag_decorator.py
[2025-08-29T08:51:19.723+0000] {logging_mixin.py:190} INFO - [2025-08-29T08:51:19.723+0000] {dag.py:3239} INFO - Sync 1 DAGs
[2025-08-29T08:51:19.734+0000] {logging_mixin.py:190} INFO - [2025-08-29T08:51:19.734+0000] {dag.py:4180} INFO - Setting next_dagrun for example_dag_decorator to None, run_after=None
[2025-08-29T08:51:19.753+0000] {processor.py:208} INFO - Processing /home/airflow/.local/lib/python3.12/site-packages/airflow/example_dags/example_dag_decorator.py took 0.131 seconds
[2025-08-29T08:51:49.964+0000] {processor.py:186} INFO - Started process (PID=33177) to work on /home/airflow/.local/lib/python3.12/site-packages/airflow/example_dags/example_dag_decorator.py
[2025-08-29T08:51:49.964+0000] {processor.py:914} INFO - Processing file /home/airflow/.local/lib/python3.12/site-packages/airflow/example_dags/example_dag_decorator.py for tasks to queue
[2025-08-29T08:51:49.966+0000] {logging_mixin.py:190} INFO - [2025-08-29T08:51:49.966+0000] {dagbag.py:588} INFO - Filling up the DagBag from /home/airflow/.local/lib/python3.12/site-packages/airflow/example_dags/example_dag_decorator.py
[2025-08-29T08:51:49.973+0000] {processor.py:925} INFO - DAG(s) 'example_dag_decorator' retrieved from /home/airflow/.local/lib/python3.12/site-packages/airflow/example_dags/example_dag_decorator.py
[2025-08-29T08:51:50.048+0000] {logging_mixin.py:190} INFO - [2025-08-29T08:51:50.048+0000] {dag.py:3239} INFO - Sync 1 DAGs
[2025-08-29T08:51:50.056+0000] {logging_mixin.py:190} INFO - [2025-08-29T08:51:50.056+0000] {dag.py:4180} INFO - Setting next_dagrun for example_dag_decorator to None, run_after=None
[2025-08-29T08:51:50.068+0000] {processor.py:208} INFO - Processing /home/airflow/.local/lib/python3.12/site-packages/airflow/example_dags/example_dag_decorator.py took 0.109 seconds
[2025-08-29T08:52:20.249+0000] {processor.py:186} INFO - Started process (PID=33241) to work on /home/airflow/.local/lib/python3.12/site-packages/airflow/example_dags/example_dag_decorator.py
[2025-08-29T08:52:20.251+0000] {processor.py:914} INFO - Processing file /home/airflow/.local/lib/python3.12/site-packages/airflow/example_dags/example_dag_decorator.py for tasks to queue
[2025-08-29T08:52:20.252+0000] {logging_mixin.py:190} INFO - [2025-08-29T08:52:20.252+0000] {dagbag.py:588} INFO - Filling up the DagBag from /home/airflow/.local/lib/python3.12/site-packages/airflow/example_dags/example_dag_decorator.py
[2025-08-29T08:52:20.260+0000] {processor.py:925} INFO - DAG(s) 'example_dag_decorator' retrieved from /home/airflow/.local/lib/python3.12/site-packages/airflow/example_dags/example_dag_decorator.py
[2025-08-29T08:52:20.352+0000] {logging_mixin.py:190} INFO - [2025-08-29T08:52:20.352+0000] {dag.py:3239} INFO - Sync 1 DAGs
[2025-08-29T08:52:20.360+0000] {logging_mixin.py:190} INFO - [2025-08-29T08:52:20.360+0000] {dag.py:4180} INFO - Setting next_dagrun for example_dag_decorator to None, run_after=None
[2025-08-29T08:52:20.376+0000] {processor.py:208} INFO - Processing /home/airflow/.local/lib/python3.12/site-packages/airflow/example_dags/example_dag_decorator.py took 0.133 seconds
[2025-08-29T08:52:50.493+0000] {processor.py:186} INFO - Started process (PID=33305) to work on /home/airflow/.local/lib/python3.12/site-packages/airflow/example_dags/example_dag_decorator.py
[2025-08-29T08:52:50.495+0000] {processor.py:914} INFO - Processing file /home/airflow/.local/lib/python3.12/site-packages/airflow/example_dags/example_dag_decorator.py for tasks to queue
[2025-08-29T08:52:50.498+0000] {logging_mixin.py:190} INFO - [2025-08-29T08:52:50.498+0000] {dagbag.py:588} INFO - Filling up the DagBag from /home/airflow/.local/lib/python3.12/site-packages/airflow/example_dags/example_dag_decorator.py
[2025-08-29T08:52:50.511+0000] {processor.py:925} INFO - DAG(s) 'example_dag_decorator' retrieved from /home/airflow/.local/lib/python3.12/site-packages/airflow/example_dags/example_dag_decorator.py
[2025-08-29T08:52:50.592+0000] {logging_mixin.py:190} INFO - [2025-08-29T08:52:50.591+0000] {dag.py:3239} INFO - Sync 1 DAGs
[2025-08-29T08:52:50.603+0000] {logging_mixin.py:190} INFO - [2025-08-29T08:52:50.602+0000] {dag.py:4180} INFO - Setting next_dagrun for example_dag_decorator to None, run_after=None
[2025-08-29T08:52:50.617+0000] {processor.py:208} INFO - Processing /home/airflow/.local/lib/python3.12/site-packages/airflow/example_dags/example_dag_decorator.py took 0.130 seconds
[2025-08-29T08:53:20.812+0000] {processor.py:186} INFO - Started process (PID=33369) to work on /home/airflow/.local/lib/python3.12/site-packages/airflow/example_dags/example_dag_decorator.py
[2025-08-29T08:53:20.814+0000] {processor.py:914} INFO - Processing file /home/airflow/.local/lib/python3.12/site-packages/airflow/example_dags/example_dag_decorator.py for tasks to queue
[2025-08-29T08:53:20.816+0000] {logging_mixin.py:190} INFO - [2025-08-29T08:53:20.816+0000] {dagbag.py:588} INFO - Filling up the DagBag from /home/airflow/.local/lib/python3.12/site-packages/airflow/example_dags/example_dag_decorator.py
[2025-08-29T08:53:20.830+0000] {processor.py:925} INFO - DAG(s) 'example_dag_decorator' retrieved from /home/airflow/.local/lib/python3.12/site-packages/airflow/example_dags/example_dag_decorator.py
[2025-08-29T08:53:20.925+0000] {logging_mixin.py:190} INFO - [2025-08-29T08:53:20.924+0000] {dag.py:3239} INFO - Sync 1 DAGs
[2025-08-29T08:53:20.936+0000] {logging_mixin.py:190} INFO - [2025-08-29T08:53:20.936+0000] {dag.py:4180} INFO - Setting next_dagrun for example_dag_decorator to None, run_after=None
[2025-08-29T08:53:20.955+0000] {processor.py:208} INFO - Processing /home/airflow/.local/lib/python3.12/site-packages/airflow/example_dags/example_dag_decorator.py took 0.149 seconds
[2025-08-29T08:53:51.267+0000] {processor.py:186} INFO - Started process (PID=33433) to work on /home/airflow/.local/lib/python3.12/site-packages/airflow/example_dags/example_dag_decorator.py
[2025-08-29T08:53:51.268+0000] {processor.py:914} INFO - Processing file /home/airflow/.local/lib/python3.12/site-packages/airflow/example_dags/example_dag_decorator.py for tasks to queue
[2025-08-29T08:53:51.271+0000] {logging_mixin.py:190} INFO - [2025-08-29T08:53:51.270+0000] {dagbag.py:588} INFO - Filling up the DagBag from /home/airflow/.local/lib/python3.12/site-packages/airflow/example_dags/example_dag_decorator.py
[2025-08-29T08:53:51.282+0000] {processor.py:925} INFO - DAG(s) 'example_dag_decorator' retrieved from /home/airflow/.local/lib/python3.12/site-packages/airflow/example_dags/example_dag_decorator.py
[2025-08-29T08:53:51.305+0000] {logging_mixin.py:190} INFO - [2025-08-29T08:53:51.305+0000] {dag.py:3239} INFO - Sync 1 DAGs
[2025-08-29T08:53:51.319+0000] {logging_mixin.py:190} INFO - [2025-08-29T08:53:51.319+0000] {dag.py:4180} INFO - Setting next_dagrun for example_dag_decorator to None, run_after=None
[2025-08-29T08:53:51.337+0000] {processor.py:208} INFO - Processing /home/airflow/.local/lib/python3.12/site-packages/airflow/example_dags/example_dag_decorator.py took 0.076 seconds
