[2025-08-29T08:40:37.790+0000] {processor.py:186} INFO - Started process (PID=31764) to work on /home/airflow/.local/lib/python3.12/site-packages/airflow/example_dags/example_short_circuit_decorator.py
[2025-08-29T08:40:37.791+0000] {processor.py:914} INFO - Processing file /home/airflow/.local/lib/python3.12/site-packages/airflow/example_dags/example_short_circuit_decorator.py for tasks to queue
[2025-08-29T08:40:37.793+0000] {logging_mixin.py:190} INFO - [2025-08-29T08:40:37.793+0000] {dagbag.py:588} INFO - Filling up the DagBag from /home/airflow/.local/lib/python3.12/site-packages/airflow/example_dags/example_short_circuit_decorator.py
[2025-08-29T08:40:37.804+0000] {processor.py:925} INFO - DAG(s) 'example_short_circuit_decorator' retrieved from /home/airflow/.local/lib/python3.12/site-packages/airflow/example_dags/example_short_circuit_decorator.py
[2025-08-29T08:40:37.833+0000] {logging_mixin.py:190} INFO - [2025-08-29T08:40:37.833+0000] {dag.py:3239} INFO - Sync 1 DAGs
[2025-08-29T08:40:37.851+0000] {logging_mixin.py:190} INFO - [2025-08-29T08:40:37.851+0000] {dag.py:4180} INFO - Setting next_dagrun for example_short_circuit_decorator to None, run_after=None
[2025-08-29T08:40:37.878+0000] {processor.py:208} INFO - Processing /home/airflow/.local/lib/python3.12/site-packages/airflow/example_dags/example_short_circuit_decorator.py took 0.095 seconds
[2025-08-29T08:41:08.742+0000] {processor.py:186} INFO - Started process (PID=31828) to work on /home/airflow/.local/lib/python3.12/site-packages/airflow/example_dags/example_short_circuit_decorator.py
[2025-08-29T08:41:08.743+0000] {processor.py:914} INFO - Processing file /home/airflow/.local/lib/python3.12/site-packages/airflow/example_dags/example_short_circuit_decorator.py for tasks to queue
[2025-08-29T08:41:08.746+0000] {logging_mixin.py:190} INFO - [2025-08-29T08:41:08.745+0000] {dagbag.py:588} INFO - Filling up the DagBag from /home/airflow/.local/lib/python3.12/site-packages/airflow/example_dags/example_short_circuit_decorator.py
[2025-08-29T08:41:08.756+0000] {processor.py:925} INFO - DAG(s) 'example_short_circuit_decorator' retrieved from /home/airflow/.local/lib/python3.12/site-packages/airflow/example_dags/example_short_circuit_decorator.py
[2025-08-29T08:41:08.785+0000] {logging_mixin.py:190} INFO - [2025-08-29T08:41:08.785+0000] {dag.py:3239} INFO - Sync 1 DAGs
[2025-08-29T08:41:08.809+0000] {logging_mixin.py:190} INFO - [2025-08-29T08:41:08.809+0000] {dag.py:4180} INFO - Setting next_dagrun for example_short_circuit_decorator to None, run_after=None
[2025-08-29T08:41:08.835+0000] {processor.py:208} INFO - Processing /home/airflow/.local/lib/python3.12/site-packages/airflow/example_dags/example_short_circuit_decorator.py took 0.100 seconds
[2025-08-29T08:41:39.582+0000] {processor.py:186} INFO - Started process (PID=31892) to work on /home/airflow/.local/lib/python3.12/site-packages/airflow/example_dags/example_short_circuit_decorator.py
[2025-08-29T08:41:39.583+0000] {processor.py:914} INFO - Processing file /home/airflow/.local/lib/python3.12/site-packages/airflow/example_dags/example_short_circuit_decorator.py for tasks to queue
[2025-08-29T08:41:39.585+0000] {logging_mixin.py:190} INFO - [2025-08-29T08:41:39.585+0000] {dagbag.py:588} INFO - Filling up the DagBag from /home/airflow/.local/lib/python3.12/site-packages/airflow/example_dags/example_short_circuit_decorator.py
[2025-08-29T08:41:39.595+0000] {processor.py:925} INFO - DAG(s) 'example_short_circuit_decorator' retrieved from /home/airflow/.local/lib/python3.12/site-packages/airflow/example_dags/example_short_circuit_decorator.py
[2025-08-29T08:41:39.634+0000] {logging_mixin.py:190} INFO - [2025-08-29T08:41:39.633+0000] {dag.py:3239} INFO - Sync 1 DAGs
[2025-08-29T08:41:39.659+0000] {logging_mixin.py:190} INFO - [2025-08-29T08:41:39.658+0000] {dag.py:4180} INFO - Setting next_dagrun for example_short_circuit_decorator to None, run_after=None
[2025-08-29T08:41:39.686+0000] {processor.py:208} INFO - Processing /home/airflow/.local/lib/python3.12/site-packages/airflow/example_dags/example_short_circuit_decorator.py took 0.110 seconds
[2025-08-29T08:42:09.835+0000] {processor.py:186} INFO - Started process (PID=31956) to work on /home/airflow/.local/lib/python3.12/site-packages/airflow/example_dags/example_short_circuit_decorator.py
[2025-08-29T08:42:09.837+0000] {processor.py:914} INFO - Processing file /home/airflow/.local/lib/python3.12/site-packages/airflow/example_dags/example_short_circuit_decorator.py for tasks to queue
[2025-08-29T08:42:09.839+0000] {logging_mixin.py:190} INFO - [2025-08-29T08:42:09.839+0000] {dagbag.py:588} INFO - Filling up the DagBag from /home/airflow/.local/lib/python3.12/site-packages/airflow/example_dags/example_short_circuit_decorator.py
[2025-08-29T08:42:09.853+0000] {processor.py:925} INFO - DAG(s) 'example_short_circuit_decorator' retrieved from /home/airflow/.local/lib/python3.12/site-packages/airflow/example_dags/example_short_circuit_decorator.py
[2025-08-29T08:42:09.885+0000] {logging_mixin.py:190} INFO - [2025-08-29T08:42:09.885+0000] {dag.py:3239} INFO - Sync 1 DAGs
[2025-08-29T08:42:09.906+0000] {logging_mixin.py:190} INFO - [2025-08-29T08:42:09.906+0000] {dag.py:4180} INFO - Setting next_dagrun for example_short_circuit_decorator to None, run_after=None
[2025-08-29T08:42:09.933+0000] {processor.py:208} INFO - Processing /home/airflow/.local/lib/python3.12/site-packages/airflow/example_dags/example_short_circuit_decorator.py took 0.106 seconds
[2025-08-29T08:42:40.589+0000] {processor.py:186} INFO - Started process (PID=32020) to work on /home/airflow/.local/lib/python3.12/site-packages/airflow/example_dags/example_short_circuit_decorator.py
[2025-08-29T08:42:40.590+0000] {processor.py:914} INFO - Processing file /home/airflow/.local/lib/python3.12/site-packages/airflow/example_dags/example_short_circuit_decorator.py for tasks to queue
[2025-08-29T08:42:40.592+0000] {logging_mixin.py:190} INFO - [2025-08-29T08:42:40.592+0000] {dagbag.py:588} INFO - Filling up the DagBag from /home/airflow/.local/lib/python3.12/site-packages/airflow/example_dags/example_short_circuit_decorator.py
[2025-08-29T08:42:40.602+0000] {processor.py:925} INFO - DAG(s) 'example_short_circuit_decorator' retrieved from /home/airflow/.local/lib/python3.12/site-packages/airflow/example_dags/example_short_circuit_decorator.py
[2025-08-29T08:42:40.636+0000] {logging_mixin.py:190} INFO - [2025-08-29T08:42:40.635+0000] {dag.py:3239} INFO - Sync 1 DAGs
[2025-08-29T08:42:40.654+0000] {logging_mixin.py:190} INFO - [2025-08-29T08:42:40.654+0000] {dag.py:4180} INFO - Setting next_dagrun for example_short_circuit_decorator to None, run_after=None
[2025-08-29T08:42:40.681+0000] {processor.py:208} INFO - Processing /home/airflow/.local/lib/python3.12/site-packages/airflow/example_dags/example_short_circuit_decorator.py took 0.101 seconds
[2025-08-29T08:43:11.007+0000] {processor.py:186} INFO - Started process (PID=32084) to work on /home/airflow/.local/lib/python3.12/site-packages/airflow/example_dags/example_short_circuit_decorator.py
[2025-08-29T08:43:11.008+0000] {processor.py:914} INFO - Processing file /home/airflow/.local/lib/python3.12/site-packages/airflow/example_dags/example_short_circuit_decorator.py for tasks to queue
[2025-08-29T08:43:11.011+0000] {logging_mixin.py:190} INFO - [2025-08-29T08:43:11.011+0000] {dagbag.py:588} INFO - Filling up the DagBag from /home/airflow/.local/lib/python3.12/site-packages/airflow/example_dags/example_short_circuit_decorator.py
[2025-08-29T08:43:11.027+0000] {processor.py:925} INFO - DAG(s) 'example_short_circuit_decorator' retrieved from /home/airflow/.local/lib/python3.12/site-packages/airflow/example_dags/example_short_circuit_decorator.py
[2025-08-29T08:43:11.059+0000] {logging_mixin.py:190} INFO - [2025-08-29T08:43:11.058+0000] {dag.py:3239} INFO - Sync 1 DAGs
[2025-08-29T08:43:11.082+0000] {logging_mixin.py:190} INFO - [2025-08-29T08:43:11.082+0000] {dag.py:4180} INFO - Setting next_dagrun for example_short_circuit_decorator to None, run_after=None
[2025-08-29T08:43:11.110+0000] {processor.py:208} INFO - Processing /home/airflow/.local/lib/python3.12/site-packages/airflow/example_dags/example_short_circuit_decorator.py took 0.112 seconds
[2025-08-29T08:43:41.152+0000] {processor.py:186} INFO - Started process (PID=32148) to work on /home/airflow/.local/lib/python3.12/site-packages/airflow/example_dags/example_short_circuit_decorator.py
[2025-08-29T08:43:41.152+0000] {processor.py:914} INFO - Processing file /home/airflow/.local/lib/python3.12/site-packages/airflow/example_dags/example_short_circuit_decorator.py for tasks to queue
[2025-08-29T08:43:41.153+0000] {logging_mixin.py:190} INFO - [2025-08-29T08:43:41.153+0000] {dagbag.py:588} INFO - Filling up the DagBag from /home/airflow/.local/lib/python3.12/site-packages/airflow/example_dags/example_short_circuit_decorator.py
[2025-08-29T08:43:41.159+0000] {processor.py:925} INFO - DAG(s) 'example_short_circuit_decorator' retrieved from /home/airflow/.local/lib/python3.12/site-packages/airflow/example_dags/example_short_circuit_decorator.py
[2025-08-29T08:43:41.182+0000] {logging_mixin.py:190} INFO - [2025-08-29T08:43:41.182+0000] {dag.py:3239} INFO - Sync 1 DAGs
[2025-08-29T08:43:41.195+0000] {logging_mixin.py:190} INFO - [2025-08-29T08:43:41.195+0000] {dag.py:4180} INFO - Setting next_dagrun for example_short_circuit_decorator to None, run_after=None
[2025-08-29T08:43:41.214+0000] {processor.py:208} INFO - Processing /home/airflow/.local/lib/python3.12/site-packages/airflow/example_dags/example_short_circuit_decorator.py took 0.066 seconds
[2025-08-29T08:44:12.048+0000] {processor.py:186} INFO - Started process (PID=32212) to work on /home/airflow/.local/lib/python3.12/site-packages/airflow/example_dags/example_short_circuit_decorator.py
[2025-08-29T08:44:12.049+0000] {processor.py:914} INFO - Processing file /home/airflow/.local/lib/python3.12/site-packages/airflow/example_dags/example_short_circuit_decorator.py for tasks to queue
[2025-08-29T08:44:12.051+0000] {logging_mixin.py:190} INFO - [2025-08-29T08:44:12.051+0000] {dagbag.py:588} INFO - Filling up the DagBag from /home/airflow/.local/lib/python3.12/site-packages/airflow/example_dags/example_short_circuit_decorator.py
[2025-08-29T08:44:12.058+0000] {processor.py:925} INFO - DAG(s) 'example_short_circuit_decorator' retrieved from /home/airflow/.local/lib/python3.12/site-packages/airflow/example_dags/example_short_circuit_decorator.py
[2025-08-29T08:44:12.082+0000] {logging_mixin.py:190} INFO - [2025-08-29T08:44:12.082+0000] {dag.py:3239} INFO - Sync 1 DAGs
[2025-08-29T08:44:12.093+0000] {logging_mixin.py:190} INFO - [2025-08-29T08:44:12.093+0000] {dag.py:4180} INFO - Setting next_dagrun for example_short_circuit_decorator to None, run_after=None
[2025-08-29T08:44:12.116+0000] {processor.py:208} INFO - Processing /home/airflow/.local/lib/python3.12/site-packages/airflow/example_dags/example_short_circuit_decorator.py took 0.074 seconds
[2025-08-29T08:44:42.662+0000] {processor.py:186} INFO - Started process (PID=32276) to work on /home/airflow/.local/lib/python3.12/site-packages/airflow/example_dags/example_short_circuit_decorator.py
[2025-08-29T08:44:42.663+0000] {processor.py:914} INFO - Processing file /home/airflow/.local/lib/python3.12/site-packages/airflow/example_dags/example_short_circuit_decorator.py for tasks to queue
[2025-08-29T08:44:42.666+0000] {logging_mixin.py:190} INFO - [2025-08-29T08:44:42.666+0000] {dagbag.py:588} INFO - Filling up the DagBag from /home/airflow/.local/lib/python3.12/site-packages/airflow/example_dags/example_short_circuit_decorator.py
[2025-08-29T08:44:42.672+0000] {processor.py:925} INFO - DAG(s) 'example_short_circuit_decorator' retrieved from /home/airflow/.local/lib/python3.12/site-packages/airflow/example_dags/example_short_circuit_decorator.py
[2025-08-29T08:44:42.696+0000] {logging_mixin.py:190} INFO - [2025-08-29T08:44:42.696+0000] {dag.py:3239} INFO - Sync 1 DAGs
[2025-08-29T08:44:42.712+0000] {logging_mixin.py:190} INFO - [2025-08-29T08:44:42.712+0000] {dag.py:4180} INFO - Setting next_dagrun for example_short_circuit_decorator to None, run_after=None
[2025-08-29T08:44:42.732+0000] {processor.py:208} INFO - Processing /home/airflow/.local/lib/python3.12/site-packages/airflow/example_dags/example_short_circuit_decorator.py took 0.076 seconds
[2025-08-29T08:45:13.412+0000] {processor.py:186} INFO - Started process (PID=32340) to work on /home/airflow/.local/lib/python3.12/site-packages/airflow/example_dags/example_short_circuit_decorator.py
[2025-08-29T08:45:13.412+0000] {processor.py:914} INFO - Processing file /home/airflow/.local/lib/python3.12/site-packages/airflow/example_dags/example_short_circuit_decorator.py for tasks to queue
[2025-08-29T08:45:13.413+0000] {logging_mixin.py:190} INFO - [2025-08-29T08:45:13.413+0000] {dagbag.py:588} INFO - Filling up the DagBag from /home/airflow/.local/lib/python3.12/site-packages/airflow/example_dags/example_short_circuit_decorator.py
[2025-08-29T08:45:13.419+0000] {processor.py:925} INFO - DAG(s) 'example_short_circuit_decorator' retrieved from /home/airflow/.local/lib/python3.12/site-packages/airflow/example_dags/example_short_circuit_decorator.py
[2025-08-29T08:45:13.440+0000] {logging_mixin.py:190} INFO - [2025-08-29T08:45:13.439+0000] {dag.py:3239} INFO - Sync 1 DAGs
[2025-08-29T08:45:13.453+0000] {logging_mixin.py:190} INFO - [2025-08-29T08:45:13.453+0000] {dag.py:4180} INFO - Setting next_dagrun for example_short_circuit_decorator to None, run_after=None
[2025-08-29T08:45:13.471+0000] {processor.py:208} INFO - Processing /home/airflow/.local/lib/python3.12/site-packages/airflow/example_dags/example_short_circuit_decorator.py took 0.063 seconds
[2025-08-29T08:45:43.971+0000] {processor.py:186} INFO - Started process (PID=32404) to work on /home/airflow/.local/lib/python3.12/site-packages/airflow/example_dags/example_short_circuit_decorator.py
[2025-08-29T08:45:43.972+0000] {processor.py:914} INFO - Processing file /home/airflow/.local/lib/python3.12/site-packages/airflow/example_dags/example_short_circuit_decorator.py for tasks to queue
[2025-08-29T08:45:43.973+0000] {logging_mixin.py:190} INFO - [2025-08-29T08:45:43.973+0000] {dagbag.py:588} INFO - Filling up the DagBag from /home/airflow/.local/lib/python3.12/site-packages/airflow/example_dags/example_short_circuit_decorator.py
[2025-08-29T08:45:43.979+0000] {processor.py:925} INFO - DAG(s) 'example_short_circuit_decorator' retrieved from /home/airflow/.local/lib/python3.12/site-packages/airflow/example_dags/example_short_circuit_decorator.py
[2025-08-29T08:45:43.996+0000] {logging_mixin.py:190} INFO - [2025-08-29T08:45:43.996+0000] {dag.py:3239} INFO - Sync 1 DAGs
[2025-08-29T08:45:44.005+0000] {logging_mixin.py:190} INFO - [2025-08-29T08:45:44.005+0000] {dag.py:4180} INFO - Setting next_dagrun for example_short_circuit_decorator to None, run_after=None
[2025-08-29T08:45:44.021+0000] {processor.py:208} INFO - Processing /home/airflow/.local/lib/python3.12/site-packages/airflow/example_dags/example_short_circuit_decorator.py took 0.054 seconds
[2025-08-29T08:46:14.484+0000] {processor.py:186} INFO - Started process (PID=32468) to work on /home/airflow/.local/lib/python3.12/site-packages/airflow/example_dags/example_short_circuit_decorator.py
[2025-08-29T08:46:14.484+0000] {processor.py:914} INFO - Processing file /home/airflow/.local/lib/python3.12/site-packages/airflow/example_dags/example_short_circuit_decorator.py for tasks to queue
[2025-08-29T08:46:14.486+0000] {logging_mixin.py:190} INFO - [2025-08-29T08:46:14.486+0000] {dagbag.py:588} INFO - Filling up the DagBag from /home/airflow/.local/lib/python3.12/site-packages/airflow/example_dags/example_short_circuit_decorator.py
[2025-08-29T08:46:14.492+0000] {processor.py:925} INFO - DAG(s) 'example_short_circuit_decorator' retrieved from /home/airflow/.local/lib/python3.12/site-packages/airflow/example_dags/example_short_circuit_decorator.py
[2025-08-29T08:46:14.513+0000] {logging_mixin.py:190} INFO - [2025-08-29T08:46:14.513+0000] {dag.py:3239} INFO - Sync 1 DAGs
[2025-08-29T08:46:14.525+0000] {logging_mixin.py:190} INFO - [2025-08-29T08:46:14.525+0000] {dag.py:4180} INFO - Setting next_dagrun for example_short_circuit_decorator to None, run_after=None
[2025-08-29T08:46:14.545+0000] {processor.py:208} INFO - Processing /home/airflow/.local/lib/python3.12/site-packages/airflow/example_dags/example_short_circuit_decorator.py took 0.066 seconds
[2025-08-29T08:46:44.915+0000] {processor.py:186} INFO - Started process (PID=32532) to work on /home/airflow/.local/lib/python3.12/site-packages/airflow/example_dags/example_short_circuit_decorator.py
[2025-08-29T08:46:44.916+0000] {processor.py:914} INFO - Processing file /home/airflow/.local/lib/python3.12/site-packages/airflow/example_dags/example_short_circuit_decorator.py for tasks to queue
[2025-08-29T08:46:44.918+0000] {logging_mixin.py:190} INFO - [2025-08-29T08:46:44.918+0000] {dagbag.py:588} INFO - Filling up the DagBag from /home/airflow/.local/lib/python3.12/site-packages/airflow/example_dags/example_short_circuit_decorator.py
[2025-08-29T08:46:44.926+0000] {processor.py:925} INFO - DAG(s) 'example_short_circuit_decorator' retrieved from /home/airflow/.local/lib/python3.12/site-packages/airflow/example_dags/example_short_circuit_decorator.py
[2025-08-29T08:46:44.945+0000] {logging_mixin.py:190} INFO - [2025-08-29T08:46:44.945+0000] {dag.py:3239} INFO - Sync 1 DAGs
[2025-08-29T08:46:44.959+0000] {logging_mixin.py:190} INFO - [2025-08-29T08:46:44.959+0000] {dag.py:4180} INFO - Setting next_dagrun for example_short_circuit_decorator to None, run_after=None
[2025-08-29T08:46:44.979+0000] {processor.py:208} INFO - Processing /home/airflow/.local/lib/python3.12/site-packages/airflow/example_dags/example_short_circuit_decorator.py took 0.068 seconds
[2025-08-29T08:47:15.228+0000] {processor.py:186} INFO - Started process (PID=32596) to work on /home/airflow/.local/lib/python3.12/site-packages/airflow/example_dags/example_short_circuit_decorator.py
[2025-08-29T08:47:15.230+0000] {processor.py:914} INFO - Processing file /home/airflow/.local/lib/python3.12/site-packages/airflow/example_dags/example_short_circuit_decorator.py for tasks to queue
[2025-08-29T08:47:15.232+0000] {logging_mixin.py:190} INFO - [2025-08-29T08:47:15.232+0000] {dagbag.py:588} INFO - Filling up the DagBag from /home/airflow/.local/lib/python3.12/site-packages/airflow/example_dags/example_short_circuit_decorator.py
[2025-08-29T08:47:15.242+0000] {processor.py:925} INFO - DAG(s) 'example_short_circuit_decorator' retrieved from /home/airflow/.local/lib/python3.12/site-packages/airflow/example_dags/example_short_circuit_decorator.py
[2025-08-29T08:47:15.259+0000] {logging_mixin.py:190} INFO - [2025-08-29T08:47:15.259+0000] {dag.py:3239} INFO - Sync 1 DAGs
[2025-08-29T08:47:15.269+0000] {logging_mixin.py:190} INFO - [2025-08-29T08:47:15.268+0000] {dag.py:4180} INFO - Setting next_dagrun for example_short_circuit_decorator to None, run_after=None
[2025-08-29T08:47:15.288+0000] {processor.py:208} INFO - Processing /home/airflow/.local/lib/python3.12/site-packages/airflow/example_dags/example_short_circuit_decorator.py took 0.066 seconds
[2025-08-29T08:47:45.511+0000] {processor.py:186} INFO - Started process (PID=32660) to work on /home/airflow/.local/lib/python3.12/site-packages/airflow/example_dags/example_short_circuit_decorator.py
[2025-08-29T08:47:45.511+0000] {processor.py:914} INFO - Processing file /home/airflow/.local/lib/python3.12/site-packages/airflow/example_dags/example_short_circuit_decorator.py for tasks to queue
[2025-08-29T08:47:45.513+0000] {logging_mixin.py:190} INFO - [2025-08-29T08:47:45.512+0000] {dagbag.py:588} INFO - Filling up the DagBag from /home/airflow/.local/lib/python3.12/site-packages/airflow/example_dags/example_short_circuit_decorator.py
[2025-08-29T08:47:45.523+0000] {processor.py:925} INFO - DAG(s) 'example_short_circuit_decorator' retrieved from /home/airflow/.local/lib/python3.12/site-packages/airflow/example_dags/example_short_circuit_decorator.py
[2025-08-29T08:47:45.547+0000] {logging_mixin.py:190} INFO - [2025-08-29T08:47:45.547+0000] {dag.py:3239} INFO - Sync 1 DAGs
[2025-08-29T08:47:45.560+0000] {logging_mixin.py:190} INFO - [2025-08-29T08:47:45.559+0000] {dag.py:4180} INFO - Setting next_dagrun for example_short_circuit_decorator to None, run_after=None
[2025-08-29T08:47:45.581+0000] {processor.py:208} INFO - Processing /home/airflow/.local/lib/python3.12/site-packages/airflow/example_dags/example_short_circuit_decorator.py took 0.075 seconds
[2025-08-29T08:48:15.959+0000] {processor.py:186} INFO - Started process (PID=32724) to work on /home/airflow/.local/lib/python3.12/site-packages/airflow/example_dags/example_short_circuit_decorator.py
[2025-08-29T08:48:15.960+0000] {processor.py:914} INFO - Processing file /home/airflow/.local/lib/python3.12/site-packages/airflow/example_dags/example_short_circuit_decorator.py for tasks to queue
[2025-08-29T08:48:15.961+0000] {logging_mixin.py:190} INFO - [2025-08-29T08:48:15.961+0000] {dagbag.py:588} INFO - Filling up the DagBag from /home/airflow/.local/lib/python3.12/site-packages/airflow/example_dags/example_short_circuit_decorator.py
[2025-08-29T08:48:15.968+0000] {processor.py:925} INFO - DAG(s) 'example_short_circuit_decorator' retrieved from /home/airflow/.local/lib/python3.12/site-packages/airflow/example_dags/example_short_circuit_decorator.py
[2025-08-29T08:48:15.990+0000] {logging_mixin.py:190} INFO - [2025-08-29T08:48:15.990+0000] {dag.py:3239} INFO - Sync 1 DAGs
[2025-08-29T08:48:16.001+0000] {logging_mixin.py:190} INFO - [2025-08-29T08:48:16.000+0000] {dag.py:4180} INFO - Setting next_dagrun for example_short_circuit_decorator to None, run_after=None
[2025-08-29T08:48:16.017+0000] {processor.py:208} INFO - Processing /home/airflow/.local/lib/python3.12/site-packages/airflow/example_dags/example_short_circuit_decorator.py took 0.063 seconds
[2025-08-29T08:48:46.382+0000] {processor.py:186} INFO - Started process (PID=32788) to work on /home/airflow/.local/lib/python3.12/site-packages/airflow/example_dags/example_short_circuit_decorator.py
[2025-08-29T08:48:46.383+0000] {processor.py:914} INFO - Processing file /home/airflow/.local/lib/python3.12/site-packages/airflow/example_dags/example_short_circuit_decorator.py for tasks to queue
[2025-08-29T08:48:46.386+0000] {logging_mixin.py:190} INFO - [2025-08-29T08:48:46.386+0000] {dagbag.py:588} INFO - Filling up the DagBag from /home/airflow/.local/lib/python3.12/site-packages/airflow/example_dags/example_short_circuit_decorator.py
[2025-08-29T08:48:46.395+0000] {processor.py:925} INFO - DAG(s) 'example_short_circuit_decorator' retrieved from /home/airflow/.local/lib/python3.12/site-packages/airflow/example_dags/example_short_circuit_decorator.py
[2025-08-29T08:48:46.416+0000] {logging_mixin.py:190} INFO - [2025-08-29T08:48:46.415+0000] {dag.py:3239} INFO - Sync 1 DAGs
[2025-08-29T08:48:46.426+0000] {logging_mixin.py:190} INFO - [2025-08-29T08:48:46.426+0000] {dag.py:4180} INFO - Setting next_dagrun for example_short_circuit_decorator to None, run_after=None
[2025-08-29T08:48:46.444+0000] {processor.py:208} INFO - Processing /home/airflow/.local/lib/python3.12/site-packages/airflow/example_dags/example_short_circuit_decorator.py took 0.068 seconds
[2025-08-29T08:49:16.735+0000] {processor.py:186} INFO - Started process (PID=32852) to work on /home/airflow/.local/lib/python3.12/site-packages/airflow/example_dags/example_short_circuit_decorator.py
[2025-08-29T08:49:16.735+0000] {processor.py:914} INFO - Processing file /home/airflow/.local/lib/python3.12/site-packages/airflow/example_dags/example_short_circuit_decorator.py for tasks to queue
[2025-08-29T08:49:16.737+0000] {logging_mixin.py:190} INFO - [2025-08-29T08:49:16.736+0000] {dagbag.py:588} INFO - Filling up the DagBag from /home/airflow/.local/lib/python3.12/site-packages/airflow/example_dags/example_short_circuit_decorator.py
[2025-08-29T08:49:16.743+0000] {processor.py:925} INFO - DAG(s) 'example_short_circuit_decorator' retrieved from /home/airflow/.local/lib/python3.12/site-packages/airflow/example_dags/example_short_circuit_decorator.py
[2025-08-29T08:49:16.761+0000] {logging_mixin.py:190} INFO - [2025-08-29T08:49:16.760+0000] {dag.py:3239} INFO - Sync 1 DAGs
[2025-08-29T08:49:16.779+0000] {logging_mixin.py:190} INFO - [2025-08-29T08:49:16.778+0000] {dag.py:4180} INFO - Setting next_dagrun for example_short_circuit_decorator to None, run_after=None
[2025-08-29T08:49:16.802+0000] {processor.py:208} INFO - Processing /home/airflow/.local/lib/python3.12/site-packages/airflow/example_dags/example_short_circuit_decorator.py took 0.071 seconds
[2025-08-29T08:49:47.123+0000] {processor.py:186} INFO - Started process (PID=32916) to work on /home/airflow/.local/lib/python3.12/site-packages/airflow/example_dags/example_short_circuit_decorator.py
[2025-08-29T08:49:47.123+0000] {processor.py:914} INFO - Processing file /home/airflow/.local/lib/python3.12/site-packages/airflow/example_dags/example_short_circuit_decorator.py for tasks to queue
[2025-08-29T08:49:47.125+0000] {logging_mixin.py:190} INFO - [2025-08-29T08:49:47.125+0000] {dagbag.py:588} INFO - Filling up the DagBag from /home/airflow/.local/lib/python3.12/site-packages/airflow/example_dags/example_short_circuit_decorator.py
[2025-08-29T08:49:47.131+0000] {processor.py:925} INFO - DAG(s) 'example_short_circuit_decorator' retrieved from /home/airflow/.local/lib/python3.12/site-packages/airflow/example_dags/example_short_circuit_decorator.py
[2025-08-29T08:49:47.152+0000] {logging_mixin.py:190} INFO - [2025-08-29T08:49:47.151+0000] {dag.py:3239} INFO - Sync 1 DAGs
[2025-08-29T08:49:47.161+0000] {logging_mixin.py:190} INFO - [2025-08-29T08:49:47.161+0000] {dag.py:4180} INFO - Setting next_dagrun for example_short_circuit_decorator to None, run_after=None
[2025-08-29T08:49:47.180+0000] {processor.py:208} INFO - Processing /home/airflow/.local/lib/python3.12/site-packages/airflow/example_dags/example_short_circuit_decorator.py took 0.061 seconds
[2025-08-29T08:50:17.688+0000] {processor.py:186} INFO - Started process (PID=32980) to work on /home/airflow/.local/lib/python3.12/site-packages/airflow/example_dags/example_short_circuit_decorator.py
[2025-08-29T08:50:17.688+0000] {processor.py:914} INFO - Processing file /home/airflow/.local/lib/python3.12/site-packages/airflow/example_dags/example_short_circuit_decorator.py for tasks to queue
[2025-08-29T08:50:17.690+0000] {logging_mixin.py:190} INFO - [2025-08-29T08:50:17.689+0000] {dagbag.py:588} INFO - Filling up the DagBag from /home/airflow/.local/lib/python3.12/site-packages/airflow/example_dags/example_short_circuit_decorator.py
[2025-08-29T08:50:17.696+0000] {processor.py:925} INFO - DAG(s) 'example_short_circuit_decorator' retrieved from /home/airflow/.local/lib/python3.12/site-packages/airflow/example_dags/example_short_circuit_decorator.py
[2025-08-29T08:50:17.715+0000] {logging_mixin.py:190} INFO - [2025-08-29T08:50:17.714+0000] {dag.py:3239} INFO - Sync 1 DAGs
[2025-08-29T08:50:17.725+0000] {logging_mixin.py:190} INFO - [2025-08-29T08:50:17.725+0000] {dag.py:4180} INFO - Setting next_dagrun for example_short_circuit_decorator to None, run_after=None
[2025-08-29T08:50:17.743+0000] {processor.py:208} INFO - Processing /home/airflow/.local/lib/python3.12/site-packages/airflow/example_dags/example_short_circuit_decorator.py took 0.059 seconds
[2025-08-29T08:50:48.183+0000] {processor.py:186} INFO - Started process (PID=33044) to work on /home/airflow/.local/lib/python3.12/site-packages/airflow/example_dags/example_short_circuit_decorator.py
[2025-08-29T08:50:48.184+0000] {processor.py:914} INFO - Processing file /home/airflow/.local/lib/python3.12/site-packages/airflow/example_dags/example_short_circuit_decorator.py for tasks to queue
[2025-08-29T08:50:48.186+0000] {logging_mixin.py:190} INFO - [2025-08-29T08:50:48.186+0000] {dagbag.py:588} INFO - Filling up the DagBag from /home/airflow/.local/lib/python3.12/site-packages/airflow/example_dags/example_short_circuit_decorator.py
[2025-08-29T08:50:48.192+0000] {processor.py:925} INFO - DAG(s) 'example_short_circuit_decorator' retrieved from /home/airflow/.local/lib/python3.12/site-packages/airflow/example_dags/example_short_circuit_decorator.py
[2025-08-29T08:50:48.214+0000] {logging_mixin.py:190} INFO - [2025-08-29T08:50:48.213+0000] {dag.py:3239} INFO - Sync 1 DAGs
[2025-08-29T08:50:48.226+0000] {logging_mixin.py:190} INFO - [2025-08-29T08:50:48.225+0000] {dag.py:4180} INFO - Setting next_dagrun for example_short_circuit_decorator to None, run_after=None
[2025-08-29T08:50:48.244+0000] {processor.py:208} INFO - Processing /home/airflow/.local/lib/python3.12/site-packages/airflow/example_dags/example_short_circuit_decorator.py took 0.067 seconds
[2025-08-29T08:51:18.374+0000] {processor.py:186} INFO - Started process (PID=33108) to work on /home/airflow/.local/lib/python3.12/site-packages/airflow/example_dags/example_short_circuit_decorator.py
[2025-08-29T08:51:18.374+0000] {processor.py:914} INFO - Processing file /home/airflow/.local/lib/python3.12/site-packages/airflow/example_dags/example_short_circuit_decorator.py for tasks to queue
[2025-08-29T08:51:18.376+0000] {logging_mixin.py:190} INFO - [2025-08-29T08:51:18.376+0000] {dagbag.py:588} INFO - Filling up the DagBag from /home/airflow/.local/lib/python3.12/site-packages/airflow/example_dags/example_short_circuit_decorator.py
[2025-08-29T08:51:18.382+0000] {processor.py:925} INFO - DAG(s) 'example_short_circuit_decorator' retrieved from /home/airflow/.local/lib/python3.12/site-packages/airflow/example_dags/example_short_circuit_decorator.py
[2025-08-29T08:51:18.403+0000] {logging_mixin.py:190} INFO - [2025-08-29T08:51:18.402+0000] {dag.py:3239} INFO - Sync 1 DAGs
[2025-08-29T08:51:18.417+0000] {logging_mixin.py:190} INFO - [2025-08-29T08:51:18.417+0000] {dag.py:4180} INFO - Setting next_dagrun for example_short_circuit_decorator to None, run_after=None
[2025-08-29T08:51:18.435+0000] {processor.py:208} INFO - Processing /home/airflow/.local/lib/python3.12/site-packages/airflow/example_dags/example_short_circuit_decorator.py took 0.066 seconds
[2025-08-29T08:51:48.776+0000] {processor.py:186} INFO - Started process (PID=33172) to work on /home/airflow/.local/lib/python3.12/site-packages/airflow/example_dags/example_short_circuit_decorator.py
[2025-08-29T08:51:48.777+0000] {processor.py:914} INFO - Processing file /home/airflow/.local/lib/python3.12/site-packages/airflow/example_dags/example_short_circuit_decorator.py for tasks to queue
[2025-08-29T08:51:48.779+0000] {logging_mixin.py:190} INFO - [2025-08-29T08:51:48.779+0000] {dagbag.py:588} INFO - Filling up the DagBag from /home/airflow/.local/lib/python3.12/site-packages/airflow/example_dags/example_short_circuit_decorator.py
[2025-08-29T08:51:48.787+0000] {processor.py:925} INFO - DAG(s) 'example_short_circuit_decorator' retrieved from /home/airflow/.local/lib/python3.12/site-packages/airflow/example_dags/example_short_circuit_decorator.py
[2025-08-29T08:51:48.807+0000] {logging_mixin.py:190} INFO - [2025-08-29T08:51:48.807+0000] {dag.py:3239} INFO - Sync 1 DAGs
[2025-08-29T08:51:48.818+0000] {logging_mixin.py:190} INFO - [2025-08-29T08:51:48.818+0000] {dag.py:4180} INFO - Setting next_dagrun for example_short_circuit_decorator to None, run_after=None
[2025-08-29T08:51:48.836+0000] {processor.py:208} INFO - Processing /home/airflow/.local/lib/python3.12/site-packages/airflow/example_dags/example_short_circuit_decorator.py took 0.065 seconds
[2025-08-29T08:52:18.977+0000] {processor.py:186} INFO - Started process (PID=33236) to work on /home/airflow/.local/lib/python3.12/site-packages/airflow/example_dags/example_short_circuit_decorator.py
[2025-08-29T08:52:18.978+0000] {processor.py:914} INFO - Processing file /home/airflow/.local/lib/python3.12/site-packages/airflow/example_dags/example_short_circuit_decorator.py for tasks to queue
[2025-08-29T08:52:18.980+0000] {logging_mixin.py:190} INFO - [2025-08-29T08:52:18.980+0000] {dagbag.py:588} INFO - Filling up the DagBag from /home/airflow/.local/lib/python3.12/site-packages/airflow/example_dags/example_short_circuit_decorator.py
[2025-08-29T08:52:18.988+0000] {processor.py:925} INFO - DAG(s) 'example_short_circuit_decorator' retrieved from /home/airflow/.local/lib/python3.12/site-packages/airflow/example_dags/example_short_circuit_decorator.py
[2025-08-29T08:52:19.011+0000] {logging_mixin.py:190} INFO - [2025-08-29T08:52:19.011+0000] {dag.py:3239} INFO - Sync 1 DAGs
[2025-08-29T08:52:19.029+0000] {logging_mixin.py:190} INFO - [2025-08-29T08:52:19.028+0000] {dag.py:4180} INFO - Setting next_dagrun for example_short_circuit_decorator to None, run_after=None
[2025-08-29T08:52:19.052+0000] {processor.py:208} INFO - Processing /home/airflow/.local/lib/python3.12/site-packages/airflow/example_dags/example_short_circuit_decorator.py took 0.081 seconds
[2025-08-29T08:52:49.103+0000] {processor.py:186} INFO - Started process (PID=33300) to work on /home/airflow/.local/lib/python3.12/site-packages/airflow/example_dags/example_short_circuit_decorator.py
[2025-08-29T08:52:49.104+0000] {processor.py:914} INFO - Processing file /home/airflow/.local/lib/python3.12/site-packages/airflow/example_dags/example_short_circuit_decorator.py for tasks to queue
[2025-08-29T08:52:49.106+0000] {logging_mixin.py:190} INFO - [2025-08-29T08:52:49.106+0000] {dagbag.py:588} INFO - Filling up the DagBag from /home/airflow/.local/lib/python3.12/site-packages/airflow/example_dags/example_short_circuit_decorator.py
[2025-08-29T08:52:49.116+0000] {processor.py:925} INFO - DAG(s) 'example_short_circuit_decorator' retrieved from /home/airflow/.local/lib/python3.12/site-packages/airflow/example_dags/example_short_circuit_decorator.py
[2025-08-29T08:52:49.140+0000] {logging_mixin.py:190} INFO - [2025-08-29T08:52:49.140+0000] {dag.py:3239} INFO - Sync 1 DAGs
[2025-08-29T08:52:49.157+0000] {logging_mixin.py:190} INFO - [2025-08-29T08:52:49.157+0000] {dag.py:4180} INFO - Setting next_dagrun for example_short_circuit_decorator to None, run_after=None
[2025-08-29T08:52:49.177+0000] {processor.py:208} INFO - Processing /home/airflow/.local/lib/python3.12/site-packages/airflow/example_dags/example_short_circuit_decorator.py took 0.080 seconds
[2025-08-29T08:53:19.357+0000] {processor.py:186} INFO - Started process (PID=33363) to work on /home/airflow/.local/lib/python3.12/site-packages/airflow/example_dags/example_short_circuit_decorator.py
[2025-08-29T08:53:19.357+0000] {processor.py:914} INFO - Processing file /home/airflow/.local/lib/python3.12/site-packages/airflow/example_dags/example_short_circuit_decorator.py for tasks to queue
[2025-08-29T08:53:19.358+0000] {logging_mixin.py:190} INFO - [2025-08-29T08:53:19.358+0000] {dagbag.py:588} INFO - Filling up the DagBag from /home/airflow/.local/lib/python3.12/site-packages/airflow/example_dags/example_short_circuit_decorator.py
[2025-08-29T08:53:19.364+0000] {processor.py:925} INFO - DAG(s) 'example_short_circuit_decorator' retrieved from /home/airflow/.local/lib/python3.12/site-packages/airflow/example_dags/example_short_circuit_decorator.py
[2025-08-29T08:53:19.384+0000] {logging_mixin.py:190} INFO - [2025-08-29T08:53:19.383+0000] {dag.py:3239} INFO - Sync 1 DAGs
[2025-08-29T08:53:19.393+0000] {logging_mixin.py:190} INFO - [2025-08-29T08:53:19.393+0000] {dag.py:4180} INFO - Setting next_dagrun for example_short_circuit_decorator to None, run_after=None
[2025-08-29T08:53:19.408+0000] {processor.py:208} INFO - Processing /home/airflow/.local/lib/python3.12/site-packages/airflow/example_dags/example_short_circuit_decorator.py took 0.055 seconds
[2025-08-29T08:53:50.007+0000] {processor.py:186} INFO - Started process (PID=33428) to work on /home/airflow/.local/lib/python3.12/site-packages/airflow/example_dags/example_short_circuit_decorator.py
[2025-08-29T08:53:50.008+0000] {processor.py:914} INFO - Processing file /home/airflow/.local/lib/python3.12/site-packages/airflow/example_dags/example_short_circuit_decorator.py for tasks to queue
[2025-08-29T08:53:50.009+0000] {logging_mixin.py:190} INFO - [2025-08-29T08:53:50.009+0000] {dagbag.py:588} INFO - Filling up the DagBag from /home/airflow/.local/lib/python3.12/site-packages/airflow/example_dags/example_short_circuit_decorator.py
[2025-08-29T08:53:50.015+0000] {processor.py:925} INFO - DAG(s) 'example_short_circuit_decorator' retrieved from /home/airflow/.local/lib/python3.12/site-packages/airflow/example_dags/example_short_circuit_decorator.py
[2025-08-29T08:53:50.034+0000] {logging_mixin.py:190} INFO - [2025-08-29T08:53:50.034+0000] {dag.py:3239} INFO - Sync 1 DAGs
[2025-08-29T08:53:50.048+0000] {logging_mixin.py:190} INFO - [2025-08-29T08:53:50.048+0000] {dag.py:4180} INFO - Setting next_dagrun for example_short_circuit_decorator to None, run_after=None
[2025-08-29T08:53:50.065+0000] {processor.py:208} INFO - Processing /home/airflow/.local/lib/python3.12/site-packages/airflow/example_dags/example_short_circuit_decorator.py took 0.061 seconds
