[2025-08-29T08:40:38.314+0000] {processor.py:186} INFO - Started process (PID=31772) to work on /home/airflow/.local/lib/python3.12/site-packages/airflow/example_dags/example_params_trigger_ui.py
[2025-08-29T08:40:38.315+0000] {processor.py:914} INFO - Processing file /home/airflow/.local/lib/python3.12/site-packages/airflow/example_dags/example_params_trigger_ui.py for tasks to queue
[2025-08-29T08:40:38.317+0000] {logging_mixin.py:190} INFO - [2025-08-29T08:40:38.317+0000] {dagbag.py:588} INFO - Filling up the DagBag from /home/airflow/.local/lib/python3.12/site-packages/airflow/example_dags/example_params_trigger_ui.py
[2025-08-29T08:40:38.330+0000] {processor.py:925} INFO - DAG(s) 'example_params_trigger_ui' retrieved from /home/airflow/.local/lib/python3.12/site-packages/airflow/example_dags/example_params_trigger_ui.py
[2025-08-29T08:40:38.381+0000] {logging_mixin.py:190} INFO - [2025-08-29T08:40:38.380+0000] {dag.py:3239} INFO - Sync 1 DAGs
[2025-08-29T08:40:38.398+0000] {logging_mixin.py:190} INFO - [2025-08-29T08:40:38.398+0000] {dag.py:4180} INFO - Setting next_dagrun for example_params_trigger_ui to None, run_after=None
[2025-08-29T08:40:38.422+0000] {processor.py:208} INFO - Processing /home/airflow/.local/lib/python3.12/site-packages/airflow/example_dags/example_params_trigger_ui.py took 0.114 seconds
[2025-08-29T08:41:09.372+0000] {processor.py:186} INFO - Started process (PID=31836) to work on /home/airflow/.local/lib/python3.12/site-packages/airflow/example_dags/example_params_trigger_ui.py
[2025-08-29T08:41:09.373+0000] {processor.py:914} INFO - Processing file /home/airflow/.local/lib/python3.12/site-packages/airflow/example_dags/example_params_trigger_ui.py for tasks to queue
[2025-08-29T08:41:09.375+0000] {logging_mixin.py:190} INFO - [2025-08-29T08:41:09.374+0000] {dagbag.py:588} INFO - Filling up the DagBag from /home/airflow/.local/lib/python3.12/site-packages/airflow/example_dags/example_params_trigger_ui.py
[2025-08-29T08:41:09.385+0000] {processor.py:925} INFO - DAG(s) 'example_params_trigger_ui' retrieved from /home/airflow/.local/lib/python3.12/site-packages/airflow/example_dags/example_params_trigger_ui.py
[2025-08-29T08:41:09.435+0000] {logging_mixin.py:190} INFO - [2025-08-29T08:41:09.434+0000] {dag.py:3239} INFO - Sync 1 DAGs
[2025-08-29T08:41:09.450+0000] {logging_mixin.py:190} INFO - [2025-08-29T08:41:09.450+0000] {dag.py:4180} INFO - Setting next_dagrun for example_params_trigger_ui to None, run_after=None
[2025-08-29T08:41:09.478+0000] {processor.py:208} INFO - Processing /home/airflow/.local/lib/python3.12/site-packages/airflow/example_dags/example_params_trigger_ui.py took 0.113 seconds
[2025-08-29T08:41:40.327+0000] {processor.py:186} INFO - Started process (PID=31900) to work on /home/airflow/.local/lib/python3.12/site-packages/airflow/example_dags/example_params_trigger_ui.py
[2025-08-29T08:41:40.328+0000] {processor.py:914} INFO - Processing file /home/airflow/.local/lib/python3.12/site-packages/airflow/example_dags/example_params_trigger_ui.py for tasks to queue
[2025-08-29T08:41:40.332+0000] {logging_mixin.py:190} INFO - [2025-08-29T08:41:40.331+0000] {dagbag.py:588} INFO - Filling up the DagBag from /home/airflow/.local/lib/python3.12/site-packages/airflow/example_dags/example_params_trigger_ui.py
[2025-08-29T08:41:40.354+0000] {processor.py:925} INFO - DAG(s) 'example_params_trigger_ui' retrieved from /home/airflow/.local/lib/python3.12/site-packages/airflow/example_dags/example_params_trigger_ui.py
[2025-08-29T08:41:40.423+0000] {logging_mixin.py:190} INFO - [2025-08-29T08:41:40.422+0000] {dag.py:3239} INFO - Sync 1 DAGs
[2025-08-29T08:41:40.444+0000] {logging_mixin.py:190} INFO - [2025-08-29T08:41:40.444+0000] {dag.py:4180} INFO - Setting next_dagrun for example_params_trigger_ui to None, run_after=None
[2025-08-29T08:41:40.475+0000] {processor.py:208} INFO - Processing /home/airflow/.local/lib/python3.12/site-packages/airflow/example_dags/example_params_trigger_ui.py took 0.160 seconds
[2025-08-29T08:42:10.544+0000] {processor.py:186} INFO - Started process (PID=31964) to work on /home/airflow/.local/lib/python3.12/site-packages/airflow/example_dags/example_params_trigger_ui.py
[2025-08-29T08:42:10.545+0000] {processor.py:914} INFO - Processing file /home/airflow/.local/lib/python3.12/site-packages/airflow/example_dags/example_params_trigger_ui.py for tasks to queue
[2025-08-29T08:42:10.549+0000] {logging_mixin.py:190} INFO - [2025-08-29T08:42:10.549+0000] {dagbag.py:588} INFO - Filling up the DagBag from /home/airflow/.local/lib/python3.12/site-packages/airflow/example_dags/example_params_trigger_ui.py
[2025-08-29T08:42:10.568+0000] {processor.py:925} INFO - DAG(s) 'example_params_trigger_ui' retrieved from /home/airflow/.local/lib/python3.12/site-packages/airflow/example_dags/example_params_trigger_ui.py
[2025-08-29T08:42:10.623+0000] {logging_mixin.py:190} INFO - [2025-08-29T08:42:10.622+0000] {dag.py:3239} INFO - Sync 1 DAGs
[2025-08-29T08:42:10.640+0000] {logging_mixin.py:190} INFO - [2025-08-29T08:42:10.639+0000] {dag.py:4180} INFO - Setting next_dagrun for example_params_trigger_ui to None, run_after=None
[2025-08-29T08:42:10.676+0000] {processor.py:208} INFO - Processing /home/airflow/.local/lib/python3.12/site-packages/airflow/example_dags/example_params_trigger_ui.py took 0.142 seconds
[2025-08-29T08:42:41.484+0000] {processor.py:186} INFO - Started process (PID=32028) to work on /home/airflow/.local/lib/python3.12/site-packages/airflow/example_dags/example_params_trigger_ui.py
[2025-08-29T08:42:41.486+0000] {processor.py:914} INFO - Processing file /home/airflow/.local/lib/python3.12/site-packages/airflow/example_dags/example_params_trigger_ui.py for tasks to queue
[2025-08-29T08:42:41.490+0000] {logging_mixin.py:190} INFO - [2025-08-29T08:42:41.489+0000] {dagbag.py:588} INFO - Filling up the DagBag from /home/airflow/.local/lib/python3.12/site-packages/airflow/example_dags/example_params_trigger_ui.py
[2025-08-29T08:42:41.511+0000] {processor.py:925} INFO - DAG(s) 'example_params_trigger_ui' retrieved from /home/airflow/.local/lib/python3.12/site-packages/airflow/example_dags/example_params_trigger_ui.py
[2025-08-29T08:42:41.597+0000] {logging_mixin.py:190} INFO - [2025-08-29T08:42:41.596+0000] {dag.py:3239} INFO - Sync 1 DAGs
[2025-08-29T08:42:41.624+0000] {logging_mixin.py:190} INFO - [2025-08-29T08:42:41.624+0000] {dag.py:4180} INFO - Setting next_dagrun for example_params_trigger_ui to None, run_after=None
[2025-08-29T08:42:41.659+0000] {processor.py:208} INFO - Processing /home/airflow/.local/lib/python3.12/site-packages/airflow/example_dags/example_params_trigger_ui.py took 0.186 seconds
[2025-08-29T08:43:11.799+0000] {processor.py:186} INFO - Started process (PID=32093) to work on /home/airflow/.local/lib/python3.12/site-packages/airflow/example_dags/example_params_trigger_ui.py
[2025-08-29T08:43:11.799+0000] {processor.py:914} INFO - Processing file /home/airflow/.local/lib/python3.12/site-packages/airflow/example_dags/example_params_trigger_ui.py for tasks to queue
[2025-08-29T08:43:11.801+0000] {logging_mixin.py:190} INFO - [2025-08-29T08:43:11.801+0000] {dagbag.py:588} INFO - Filling up the DagBag from /home/airflow/.local/lib/python3.12/site-packages/airflow/example_dags/example_params_trigger_ui.py
[2025-08-29T08:43:11.812+0000] {processor.py:925} INFO - DAG(s) 'example_params_trigger_ui' retrieved from /home/airflow/.local/lib/python3.12/site-packages/airflow/example_dags/example_params_trigger_ui.py
[2025-08-29T08:43:11.881+0000] {logging_mixin.py:190} INFO - [2025-08-29T08:43:11.881+0000] {dag.py:3239} INFO - Sync 1 DAGs
[2025-08-29T08:43:11.903+0000] {logging_mixin.py:190} INFO - [2025-08-29T08:43:11.902+0000] {dag.py:4180} INFO - Setting next_dagrun for example_params_trigger_ui to None, run_after=None
[2025-08-29T08:43:11.931+0000] {processor.py:208} INFO - Processing /home/airflow/.local/lib/python3.12/site-packages/airflow/example_dags/example_params_trigger_ui.py took 0.138 seconds
[2025-08-29T08:43:42.654+0000] {processor.py:186} INFO - Started process (PID=32156) to work on /home/airflow/.local/lib/python3.12/site-packages/airflow/example_dags/example_params_trigger_ui.py
[2025-08-29T08:43:42.655+0000] {processor.py:914} INFO - Processing file /home/airflow/.local/lib/python3.12/site-packages/airflow/example_dags/example_params_trigger_ui.py for tasks to queue
[2025-08-29T08:43:42.657+0000] {logging_mixin.py:190} INFO - [2025-08-29T08:43:42.657+0000] {dagbag.py:588} INFO - Filling up the DagBag from /home/airflow/.local/lib/python3.12/site-packages/airflow/example_dags/example_params_trigger_ui.py
[2025-08-29T08:43:42.669+0000] {processor.py:925} INFO - DAG(s) 'example_params_trigger_ui' retrieved from /home/airflow/.local/lib/python3.12/site-packages/airflow/example_dags/example_params_trigger_ui.py
[2025-08-29T08:43:42.708+0000] {logging_mixin.py:190} INFO - [2025-08-29T08:43:42.708+0000] {dag.py:3239} INFO - Sync 1 DAGs
[2025-08-29T08:43:42.719+0000] {logging_mixin.py:190} INFO - [2025-08-29T08:43:42.719+0000] {dag.py:4180} INFO - Setting next_dagrun for example_params_trigger_ui to None, run_after=None
[2025-08-29T08:43:42.739+0000] {processor.py:208} INFO - Processing /home/airflow/.local/lib/python3.12/site-packages/airflow/example_dags/example_params_trigger_ui.py took 0.092 seconds
[2025-08-29T08:44:13.535+0000] {processor.py:186} INFO - Started process (PID=32220) to work on /home/airflow/.local/lib/python3.12/site-packages/airflow/example_dags/example_params_trigger_ui.py
[2025-08-29T08:44:13.536+0000] {processor.py:914} INFO - Processing file /home/airflow/.local/lib/python3.12/site-packages/airflow/example_dags/example_params_trigger_ui.py for tasks to queue
[2025-08-29T08:44:13.537+0000] {logging_mixin.py:190} INFO - [2025-08-29T08:44:13.537+0000] {dagbag.py:588} INFO - Filling up the DagBag from /home/airflow/.local/lib/python3.12/site-packages/airflow/example_dags/example_params_trigger_ui.py
[2025-08-29T08:44:13.545+0000] {processor.py:925} INFO - DAG(s) 'example_params_trigger_ui' retrieved from /home/airflow/.local/lib/python3.12/site-packages/airflow/example_dags/example_params_trigger_ui.py
[2025-08-29T08:44:13.593+0000] {logging_mixin.py:190} INFO - [2025-08-29T08:44:13.593+0000] {dag.py:3239} INFO - Sync 1 DAGs
[2025-08-29T08:44:13.604+0000] {logging_mixin.py:190} INFO - [2025-08-29T08:44:13.604+0000] {dag.py:4180} INFO - Setting next_dagrun for example_params_trigger_ui to None, run_after=None
[2025-08-29T08:44:13.627+0000] {processor.py:208} INFO - Processing /home/airflow/.local/lib/python3.12/site-packages/airflow/example_dags/example_params_trigger_ui.py took 0.098 seconds
[2025-08-29T08:44:44.160+0000] {processor.py:186} INFO - Started process (PID=32284) to work on /home/airflow/.local/lib/python3.12/site-packages/airflow/example_dags/example_params_trigger_ui.py
[2025-08-29T08:44:44.161+0000] {processor.py:914} INFO - Processing file /home/airflow/.local/lib/python3.12/site-packages/airflow/example_dags/example_params_trigger_ui.py for tasks to queue
[2025-08-29T08:44:44.164+0000] {logging_mixin.py:190} INFO - [2025-08-29T08:44:44.163+0000] {dagbag.py:588} INFO - Filling up the DagBag from /home/airflow/.local/lib/python3.12/site-packages/airflow/example_dags/example_params_trigger_ui.py
[2025-08-29T08:44:44.176+0000] {processor.py:925} INFO - DAG(s) 'example_params_trigger_ui' retrieved from /home/airflow/.local/lib/python3.12/site-packages/airflow/example_dags/example_params_trigger_ui.py
[2025-08-29T08:44:44.222+0000] {logging_mixin.py:190} INFO - [2025-08-29T08:44:44.222+0000] {dag.py:3239} INFO - Sync 1 DAGs
[2025-08-29T08:44:44.237+0000] {logging_mixin.py:190} INFO - [2025-08-29T08:44:44.236+0000] {dag.py:4180} INFO - Setting next_dagrun for example_params_trigger_ui to None, run_after=None
[2025-08-29T08:44:44.258+0000] {processor.py:208} INFO - Processing /home/airflow/.local/lib/python3.12/site-packages/airflow/example_dags/example_params_trigger_ui.py took 0.104 seconds
[2025-08-29T08:45:14.774+0000] {processor.py:186} INFO - Started process (PID=32348) to work on /home/airflow/.local/lib/python3.12/site-packages/airflow/example_dags/example_params_trigger_ui.py
[2025-08-29T08:45:14.775+0000] {processor.py:914} INFO - Processing file /home/airflow/.local/lib/python3.12/site-packages/airflow/example_dags/example_params_trigger_ui.py for tasks to queue
[2025-08-29T08:45:14.776+0000] {logging_mixin.py:190} INFO - [2025-08-29T08:45:14.776+0000] {dagbag.py:588} INFO - Filling up the DagBag from /home/airflow/.local/lib/python3.12/site-packages/airflow/example_dags/example_params_trigger_ui.py
[2025-08-29T08:45:14.783+0000] {processor.py:925} INFO - DAG(s) 'example_params_trigger_ui' retrieved from /home/airflow/.local/lib/python3.12/site-packages/airflow/example_dags/example_params_trigger_ui.py
[2025-08-29T08:45:14.824+0000] {logging_mixin.py:190} INFO - [2025-08-29T08:45:14.823+0000] {dag.py:3239} INFO - Sync 1 DAGs
[2025-08-29T08:45:14.839+0000] {logging_mixin.py:190} INFO - [2025-08-29T08:45:14.839+0000] {dag.py:4180} INFO - Setting next_dagrun for example_params_trigger_ui to None, run_after=None
[2025-08-29T08:45:14.862+0000] {processor.py:208} INFO - Processing /home/airflow/.local/lib/python3.12/site-packages/airflow/example_dags/example_params_trigger_ui.py took 0.094 seconds
[2025-08-29T08:45:45.408+0000] {processor.py:186} INFO - Started process (PID=32412) to work on /home/airflow/.local/lib/python3.12/site-packages/airflow/example_dags/example_params_trigger_ui.py
[2025-08-29T08:45:45.409+0000] {processor.py:914} INFO - Processing file /home/airflow/.local/lib/python3.12/site-packages/airflow/example_dags/example_params_trigger_ui.py for tasks to queue
[2025-08-29T08:45:45.410+0000] {logging_mixin.py:190} INFO - [2025-08-29T08:45:45.410+0000] {dagbag.py:588} INFO - Filling up the DagBag from /home/airflow/.local/lib/python3.12/site-packages/airflow/example_dags/example_params_trigger_ui.py
[2025-08-29T08:45:45.418+0000] {processor.py:925} INFO - DAG(s) 'example_params_trigger_ui' retrieved from /home/airflow/.local/lib/python3.12/site-packages/airflow/example_dags/example_params_trigger_ui.py
[2025-08-29T08:45:45.448+0000] {logging_mixin.py:190} INFO - [2025-08-29T08:45:45.447+0000] {dag.py:3239} INFO - Sync 1 DAGs
[2025-08-29T08:45:45.459+0000] {logging_mixin.py:190} INFO - [2025-08-29T08:45:45.459+0000] {dag.py:4180} INFO - Setting next_dagrun for example_params_trigger_ui to None, run_after=None
[2025-08-29T08:45:45.478+0000] {processor.py:208} INFO - Processing /home/airflow/.local/lib/python3.12/site-packages/airflow/example_dags/example_params_trigger_ui.py took 0.074 seconds
[2025-08-29T08:46:15.961+0000] {processor.py:186} INFO - Started process (PID=32476) to work on /home/airflow/.local/lib/python3.12/site-packages/airflow/example_dags/example_params_trigger_ui.py
[2025-08-29T08:46:15.962+0000] {processor.py:914} INFO - Processing file /home/airflow/.local/lib/python3.12/site-packages/airflow/example_dags/example_params_trigger_ui.py for tasks to queue
[2025-08-29T08:46:15.963+0000] {logging_mixin.py:190} INFO - [2025-08-29T08:46:15.963+0000] {dagbag.py:588} INFO - Filling up the DagBag from /home/airflow/.local/lib/python3.12/site-packages/airflow/example_dags/example_params_trigger_ui.py
[2025-08-29T08:46:15.970+0000] {processor.py:925} INFO - DAG(s) 'example_params_trigger_ui' retrieved from /home/airflow/.local/lib/python3.12/site-packages/airflow/example_dags/example_params_trigger_ui.py
[2025-08-29T08:46:16.010+0000] {logging_mixin.py:190} INFO - [2025-08-29T08:46:16.009+0000] {dag.py:3239} INFO - Sync 1 DAGs
[2025-08-29T08:46:16.022+0000] {logging_mixin.py:190} INFO - [2025-08-29T08:46:16.022+0000] {dag.py:4180} INFO - Setting next_dagrun for example_params_trigger_ui to None, run_after=None
[2025-08-29T08:46:16.040+0000] {processor.py:208} INFO - Processing /home/airflow/.local/lib/python3.12/site-packages/airflow/example_dags/example_params_trigger_ui.py took 0.083 seconds
[2025-08-29T08:46:46.382+0000] {processor.py:186} INFO - Started process (PID=32540) to work on /home/airflow/.local/lib/python3.12/site-packages/airflow/example_dags/example_params_trigger_ui.py
[2025-08-29T08:46:46.382+0000] {processor.py:914} INFO - Processing file /home/airflow/.local/lib/python3.12/site-packages/airflow/example_dags/example_params_trigger_ui.py for tasks to queue
[2025-08-29T08:46:46.384+0000] {logging_mixin.py:190} INFO - [2025-08-29T08:46:46.384+0000] {dagbag.py:588} INFO - Filling up the DagBag from /home/airflow/.local/lib/python3.12/site-packages/airflow/example_dags/example_params_trigger_ui.py
[2025-08-29T08:46:46.390+0000] {processor.py:925} INFO - DAG(s) 'example_params_trigger_ui' retrieved from /home/airflow/.local/lib/python3.12/site-packages/airflow/example_dags/example_params_trigger_ui.py
[2025-08-29T08:46:46.429+0000] {logging_mixin.py:190} INFO - [2025-08-29T08:46:46.429+0000] {dag.py:3239} INFO - Sync 1 DAGs
[2025-08-29T08:46:46.445+0000] {logging_mixin.py:190} INFO - [2025-08-29T08:46:46.445+0000] {dag.py:4180} INFO - Setting next_dagrun for example_params_trigger_ui to None, run_after=None
[2025-08-29T08:46:46.464+0000] {processor.py:208} INFO - Processing /home/airflow/.local/lib/python3.12/site-packages/airflow/example_dags/example_params_trigger_ui.py took 0.087 seconds
[2025-08-29T08:47:16.578+0000] {processor.py:186} INFO - Started process (PID=32604) to work on /home/airflow/.local/lib/python3.12/site-packages/airflow/example_dags/example_params_trigger_ui.py
[2025-08-29T08:47:16.578+0000] {processor.py:914} INFO - Processing file /home/airflow/.local/lib/python3.12/site-packages/airflow/example_dags/example_params_trigger_ui.py for tasks to queue
[2025-08-29T08:47:16.579+0000] {logging_mixin.py:190} INFO - [2025-08-29T08:47:16.579+0000] {dagbag.py:588} INFO - Filling up the DagBag from /home/airflow/.local/lib/python3.12/site-packages/airflow/example_dags/example_params_trigger_ui.py
[2025-08-29T08:47:16.587+0000] {processor.py:925} INFO - DAG(s) 'example_params_trigger_ui' retrieved from /home/airflow/.local/lib/python3.12/site-packages/airflow/example_dags/example_params_trigger_ui.py
[2025-08-29T08:47:16.618+0000] {logging_mixin.py:190} INFO - [2025-08-29T08:47:16.617+0000] {dag.py:3239} INFO - Sync 1 DAGs
[2025-08-29T08:47:16.626+0000] {logging_mixin.py:190} INFO - [2025-08-29T08:47:16.625+0000] {dag.py:4180} INFO - Setting next_dagrun for example_params_trigger_ui to None, run_after=None
[2025-08-29T08:47:16.636+0000] {processor.py:208} INFO - Processing /home/airflow/.local/lib/python3.12/site-packages/airflow/example_dags/example_params_trigger_ui.py took 0.064 seconds
[2025-08-29T08:47:46.898+0000] {processor.py:186} INFO - Started process (PID=32668) to work on /home/airflow/.local/lib/python3.12/site-packages/airflow/example_dags/example_params_trigger_ui.py
[2025-08-29T08:47:46.899+0000] {processor.py:914} INFO - Processing file /home/airflow/.local/lib/python3.12/site-packages/airflow/example_dags/example_params_trigger_ui.py for tasks to queue
[2025-08-29T08:47:46.901+0000] {logging_mixin.py:190} INFO - [2025-08-29T08:47:46.900+0000] {dagbag.py:588} INFO - Filling up the DagBag from /home/airflow/.local/lib/python3.12/site-packages/airflow/example_dags/example_params_trigger_ui.py
[2025-08-29T08:47:46.911+0000] {processor.py:925} INFO - DAG(s) 'example_params_trigger_ui' retrieved from /home/airflow/.local/lib/python3.12/site-packages/airflow/example_dags/example_params_trigger_ui.py
[2025-08-29T08:47:46.951+0000] {logging_mixin.py:190} INFO - [2025-08-29T08:47:46.951+0000] {dag.py:3239} INFO - Sync 1 DAGs
[2025-08-29T08:47:46.960+0000] {logging_mixin.py:190} INFO - [2025-08-29T08:47:46.960+0000] {dag.py:4180} INFO - Setting next_dagrun for example_params_trigger_ui to None, run_after=None
[2025-08-29T08:47:46.971+0000] {processor.py:208} INFO - Processing /home/airflow/.local/lib/python3.12/site-packages/airflow/example_dags/example_params_trigger_ui.py took 0.078 seconds
[2025-08-29T08:48:17.358+0000] {processor.py:186} INFO - Started process (PID=32732) to work on /home/airflow/.local/lib/python3.12/site-packages/airflow/example_dags/example_params_trigger_ui.py
[2025-08-29T08:48:17.358+0000] {processor.py:914} INFO - Processing file /home/airflow/.local/lib/python3.12/site-packages/airflow/example_dags/example_params_trigger_ui.py for tasks to queue
[2025-08-29T08:48:17.360+0000] {logging_mixin.py:190} INFO - [2025-08-29T08:48:17.360+0000] {dagbag.py:588} INFO - Filling up the DagBag from /home/airflow/.local/lib/python3.12/site-packages/airflow/example_dags/example_params_trigger_ui.py
[2025-08-29T08:48:17.368+0000] {processor.py:925} INFO - DAG(s) 'example_params_trigger_ui' retrieved from /home/airflow/.local/lib/python3.12/site-packages/airflow/example_dags/example_params_trigger_ui.py
[2025-08-29T08:48:17.416+0000] {logging_mixin.py:190} INFO - [2025-08-29T08:48:17.416+0000] {dag.py:3239} INFO - Sync 1 DAGs
[2025-08-29T08:48:17.425+0000] {logging_mixin.py:190} INFO - [2025-08-29T08:48:17.425+0000] {dag.py:4180} INFO - Setting next_dagrun for example_params_trigger_ui to None, run_after=None
[2025-08-29T08:48:17.438+0000] {processor.py:208} INFO - Processing /home/airflow/.local/lib/python3.12/site-packages/airflow/example_dags/example_params_trigger_ui.py took 0.087 seconds
[2025-08-29T08:48:47.797+0000] {processor.py:186} INFO - Started process (PID=32796) to work on /home/airflow/.local/lib/python3.12/site-packages/airflow/example_dags/example_params_trigger_ui.py
[2025-08-29T08:48:47.797+0000] {processor.py:914} INFO - Processing file /home/airflow/.local/lib/python3.12/site-packages/airflow/example_dags/example_params_trigger_ui.py for tasks to queue
[2025-08-29T08:48:47.800+0000] {logging_mixin.py:190} INFO - [2025-08-29T08:48:47.800+0000] {dagbag.py:588} INFO - Filling up the DagBag from /home/airflow/.local/lib/python3.12/site-packages/airflow/example_dags/example_params_trigger_ui.py
[2025-08-29T08:48:47.812+0000] {processor.py:925} INFO - DAG(s) 'example_params_trigger_ui' retrieved from /home/airflow/.local/lib/python3.12/site-packages/airflow/example_dags/example_params_trigger_ui.py
[2025-08-29T08:48:47.845+0000] {logging_mixin.py:190} INFO - [2025-08-29T08:48:47.844+0000] {dag.py:3239} INFO - Sync 1 DAGs
[2025-08-29T08:48:47.859+0000] {logging_mixin.py:190} INFO - [2025-08-29T08:48:47.858+0000] {dag.py:4180} INFO - Setting next_dagrun for example_params_trigger_ui to None, run_after=None
[2025-08-29T08:48:47.879+0000] {processor.py:208} INFO - Processing /home/airflow/.local/lib/python3.12/site-packages/airflow/example_dags/example_params_trigger_ui.py took 0.088 seconds
[2025-08-29T08:49:18.159+0000] {processor.py:186} INFO - Started process (PID=32860) to work on /home/airflow/.local/lib/python3.12/site-packages/airflow/example_dags/example_params_trigger_ui.py
[2025-08-29T08:49:18.160+0000] {processor.py:914} INFO - Processing file /home/airflow/.local/lib/python3.12/site-packages/airflow/example_dags/example_params_trigger_ui.py for tasks to queue
[2025-08-29T08:49:18.161+0000] {logging_mixin.py:190} INFO - [2025-08-29T08:49:18.161+0000] {dagbag.py:588} INFO - Filling up the DagBag from /home/airflow/.local/lib/python3.12/site-packages/airflow/example_dags/example_params_trigger_ui.py
[2025-08-29T08:49:18.167+0000] {processor.py:925} INFO - DAG(s) 'example_params_trigger_ui' retrieved from /home/airflow/.local/lib/python3.12/site-packages/airflow/example_dags/example_params_trigger_ui.py
[2025-08-29T08:49:18.201+0000] {logging_mixin.py:190} INFO - [2025-08-29T08:49:18.200+0000] {dag.py:3239} INFO - Sync 1 DAGs
[2025-08-29T08:49:18.212+0000] {logging_mixin.py:190} INFO - [2025-08-29T08:49:18.212+0000] {dag.py:4180} INFO - Setting next_dagrun for example_params_trigger_ui to None, run_after=None
[2025-08-29T08:49:18.235+0000] {processor.py:208} INFO - Processing /home/airflow/.local/lib/python3.12/site-packages/airflow/example_dags/example_params_trigger_ui.py took 0.080 seconds
[2025-08-29T08:49:48.555+0000] {processor.py:186} INFO - Started process (PID=32924) to work on /home/airflow/.local/lib/python3.12/site-packages/airflow/example_dags/example_params_trigger_ui.py
[2025-08-29T08:49:48.556+0000] {processor.py:914} INFO - Processing file /home/airflow/.local/lib/python3.12/site-packages/airflow/example_dags/example_params_trigger_ui.py for tasks to queue
[2025-08-29T08:49:48.559+0000] {logging_mixin.py:190} INFO - [2025-08-29T08:49:48.558+0000] {dagbag.py:588} INFO - Filling up the DagBag from /home/airflow/.local/lib/python3.12/site-packages/airflow/example_dags/example_params_trigger_ui.py
[2025-08-29T08:49:48.570+0000] {processor.py:925} INFO - DAG(s) 'example_params_trigger_ui' retrieved from /home/airflow/.local/lib/python3.12/site-packages/airflow/example_dags/example_params_trigger_ui.py
[2025-08-29T08:49:48.609+0000] {logging_mixin.py:190} INFO - [2025-08-29T08:49:48.609+0000] {dag.py:3239} INFO - Sync 1 DAGs
[2025-08-29T08:49:48.631+0000] {logging_mixin.py:190} INFO - [2025-08-29T08:49:48.631+0000] {dag.py:4180} INFO - Setting next_dagrun for example_params_trigger_ui to None, run_after=None
[2025-08-29T08:49:48.649+0000] {processor.py:208} INFO - Processing /home/airflow/.local/lib/python3.12/site-packages/airflow/example_dags/example_params_trigger_ui.py took 0.100 seconds
[2025-08-29T08:50:19.102+0000] {processor.py:186} INFO - Started process (PID=32988) to work on /home/airflow/.local/lib/python3.12/site-packages/airflow/example_dags/example_params_trigger_ui.py
[2025-08-29T08:50:19.103+0000] {processor.py:914} INFO - Processing file /home/airflow/.local/lib/python3.12/site-packages/airflow/example_dags/example_params_trigger_ui.py for tasks to queue
[2025-08-29T08:50:19.104+0000] {logging_mixin.py:190} INFO - [2025-08-29T08:50:19.104+0000] {dagbag.py:588} INFO - Filling up the DagBag from /home/airflow/.local/lib/python3.12/site-packages/airflow/example_dags/example_params_trigger_ui.py
[2025-08-29T08:50:19.112+0000] {processor.py:925} INFO - DAG(s) 'example_params_trigger_ui' retrieved from /home/airflow/.local/lib/python3.12/site-packages/airflow/example_dags/example_params_trigger_ui.py
[2025-08-29T08:50:19.149+0000] {logging_mixin.py:190} INFO - [2025-08-29T08:50:19.149+0000] {dag.py:3239} INFO - Sync 1 DAGs
[2025-08-29T08:50:19.158+0000] {logging_mixin.py:190} INFO - [2025-08-29T08:50:19.158+0000] {dag.py:4180} INFO - Setting next_dagrun for example_params_trigger_ui to None, run_after=None
[2025-08-29T08:50:19.174+0000] {processor.py:208} INFO - Processing /home/airflow/.local/lib/python3.12/site-packages/airflow/example_dags/example_params_trigger_ui.py took 0.078 seconds
[2025-08-29T08:50:49.586+0000] {processor.py:186} INFO - Started process (PID=33052) to work on /home/airflow/.local/lib/python3.12/site-packages/airflow/example_dags/example_params_trigger_ui.py
[2025-08-29T08:50:49.586+0000] {processor.py:914} INFO - Processing file /home/airflow/.local/lib/python3.12/site-packages/airflow/example_dags/example_params_trigger_ui.py for tasks to queue
[2025-08-29T08:50:49.588+0000] {logging_mixin.py:190} INFO - [2025-08-29T08:50:49.587+0000] {dagbag.py:588} INFO - Filling up the DagBag from /home/airflow/.local/lib/python3.12/site-packages/airflow/example_dags/example_params_trigger_ui.py
[2025-08-29T08:50:49.594+0000] {processor.py:925} INFO - DAG(s) 'example_params_trigger_ui' retrieved from /home/airflow/.local/lib/python3.12/site-packages/airflow/example_dags/example_params_trigger_ui.py
[2025-08-29T08:50:49.625+0000] {logging_mixin.py:190} INFO - [2025-08-29T08:50:49.624+0000] {dag.py:3239} INFO - Sync 1 DAGs
[2025-08-29T08:50:49.634+0000] {logging_mixin.py:190} INFO - [2025-08-29T08:50:49.633+0000] {dag.py:4180} INFO - Setting next_dagrun for example_params_trigger_ui to None, run_after=None
[2025-08-29T08:50:49.649+0000] {processor.py:208} INFO - Processing /home/airflow/.local/lib/python3.12/site-packages/airflow/example_dags/example_params_trigger_ui.py took 0.066 seconds
[2025-08-29T08:51:19.735+0000] {processor.py:186} INFO - Started process (PID=33116) to work on /home/airflow/.local/lib/python3.12/site-packages/airflow/example_dags/example_params_trigger_ui.py
[2025-08-29T08:51:19.735+0000] {processor.py:914} INFO - Processing file /home/airflow/.local/lib/python3.12/site-packages/airflow/example_dags/example_params_trigger_ui.py for tasks to queue
[2025-08-29T08:51:19.737+0000] {logging_mixin.py:190} INFO - [2025-08-29T08:51:19.736+0000] {dagbag.py:588} INFO - Filling up the DagBag from /home/airflow/.local/lib/python3.12/site-packages/airflow/example_dags/example_params_trigger_ui.py
[2025-08-29T08:51:19.743+0000] {processor.py:925} INFO - DAG(s) 'example_params_trigger_ui' retrieved from /home/airflow/.local/lib/python3.12/site-packages/airflow/example_dags/example_params_trigger_ui.py
[2025-08-29T08:51:19.774+0000] {logging_mixin.py:190} INFO - [2025-08-29T08:51:19.774+0000] {dag.py:3239} INFO - Sync 1 DAGs
[2025-08-29T08:51:19.785+0000] {logging_mixin.py:190} INFO - [2025-08-29T08:51:19.785+0000] {dag.py:4180} INFO - Setting next_dagrun for example_params_trigger_ui to None, run_after=None
[2025-08-29T08:51:19.801+0000] {processor.py:208} INFO - Processing /home/airflow/.local/lib/python3.12/site-packages/airflow/example_dags/example_params_trigger_ui.py took 0.070 seconds
[2025-08-29T08:51:50.097+0000] {processor.py:186} INFO - Started process (PID=33180) to work on /home/airflow/.local/lib/python3.12/site-packages/airflow/example_dags/example_params_trigger_ui.py
[2025-08-29T08:51:50.098+0000] {processor.py:914} INFO - Processing file /home/airflow/.local/lib/python3.12/site-packages/airflow/example_dags/example_params_trigger_ui.py for tasks to queue
[2025-08-29T08:51:50.099+0000] {logging_mixin.py:190} INFO - [2025-08-29T08:51:50.099+0000] {dagbag.py:588} INFO - Filling up the DagBag from /home/airflow/.local/lib/python3.12/site-packages/airflow/example_dags/example_params_trigger_ui.py
[2025-08-29T08:51:50.106+0000] {processor.py:925} INFO - DAG(s) 'example_params_trigger_ui' retrieved from /home/airflow/.local/lib/python3.12/site-packages/airflow/example_dags/example_params_trigger_ui.py
[2025-08-29T08:51:50.143+0000] {logging_mixin.py:190} INFO - [2025-08-29T08:51:50.143+0000] {dag.py:3239} INFO - Sync 1 DAGs
[2025-08-29T08:51:50.155+0000] {logging_mixin.py:190} INFO - [2025-08-29T08:51:50.154+0000] {dag.py:4180} INFO - Setting next_dagrun for example_params_trigger_ui to None, run_after=None
[2025-08-29T08:51:50.170+0000] {processor.py:208} INFO - Processing /home/airflow/.local/lib/python3.12/site-packages/airflow/example_dags/example_params_trigger_ui.py took 0.078 seconds
[2025-08-29T08:52:20.417+0000] {processor.py:186} INFO - Started process (PID=33244) to work on /home/airflow/.local/lib/python3.12/site-packages/airflow/example_dags/example_params_trigger_ui.py
[2025-08-29T08:52:20.417+0000] {processor.py:914} INFO - Processing file /home/airflow/.local/lib/python3.12/site-packages/airflow/example_dags/example_params_trigger_ui.py for tasks to queue
[2025-08-29T08:52:20.419+0000] {logging_mixin.py:190} INFO - [2025-08-29T08:52:20.419+0000] {dagbag.py:588} INFO - Filling up the DagBag from /home/airflow/.local/lib/python3.12/site-packages/airflow/example_dags/example_params_trigger_ui.py
[2025-08-29T08:52:20.429+0000] {processor.py:925} INFO - DAG(s) 'example_params_trigger_ui' retrieved from /home/airflow/.local/lib/python3.12/site-packages/airflow/example_dags/example_params_trigger_ui.py
[2025-08-29T08:52:20.455+0000] {logging_mixin.py:190} INFO - [2025-08-29T08:52:20.454+0000] {dag.py:3239} INFO - Sync 1 DAGs
[2025-08-29T08:52:20.463+0000] {logging_mixin.py:190} INFO - [2025-08-29T08:52:20.463+0000] {dag.py:4180} INFO - Setting next_dagrun for example_params_trigger_ui to None, run_after=None
[2025-08-29T08:52:20.474+0000] {processor.py:208} INFO - Processing /home/airflow/.local/lib/python3.12/site-packages/airflow/example_dags/example_params_trigger_ui.py took 0.064 seconds
[2025-08-29T08:52:50.644+0000] {processor.py:186} INFO - Started process (PID=33308) to work on /home/airflow/.local/lib/python3.12/site-packages/airflow/example_dags/example_params_trigger_ui.py
[2025-08-29T08:52:50.645+0000] {processor.py:914} INFO - Processing file /home/airflow/.local/lib/python3.12/site-packages/airflow/example_dags/example_params_trigger_ui.py for tasks to queue
[2025-08-29T08:52:50.646+0000] {logging_mixin.py:190} INFO - [2025-08-29T08:52:50.646+0000] {dagbag.py:588} INFO - Filling up the DagBag from /home/airflow/.local/lib/python3.12/site-packages/airflow/example_dags/example_params_trigger_ui.py
[2025-08-29T08:52:50.655+0000] {processor.py:925} INFO - DAG(s) 'example_params_trigger_ui' retrieved from /home/airflow/.local/lib/python3.12/site-packages/airflow/example_dags/example_params_trigger_ui.py
[2025-08-29T08:52:50.688+0000] {logging_mixin.py:190} INFO - [2025-08-29T08:52:50.688+0000] {dag.py:3239} INFO - Sync 1 DAGs
[2025-08-29T08:52:50.698+0000] {logging_mixin.py:190} INFO - [2025-08-29T08:52:50.698+0000] {dag.py:4180} INFO - Setting next_dagrun for example_params_trigger_ui to None, run_after=None
[2025-08-29T08:52:50.711+0000] {processor.py:208} INFO - Processing /home/airflow/.local/lib/python3.12/site-packages/airflow/example_dags/example_params_trigger_ui.py took 0.070 seconds
[2025-08-29T08:53:20.981+0000] {processor.py:186} INFO - Started process (PID=33372) to work on /home/airflow/.local/lib/python3.12/site-packages/airflow/example_dags/example_params_trigger_ui.py
[2025-08-29T08:53:20.981+0000] {processor.py:914} INFO - Processing file /home/airflow/.local/lib/python3.12/site-packages/airflow/example_dags/example_params_trigger_ui.py for tasks to queue
[2025-08-29T08:53:20.982+0000] {logging_mixin.py:190} INFO - [2025-08-29T08:53:20.982+0000] {dagbag.py:588} INFO - Filling up the DagBag from /home/airflow/.local/lib/python3.12/site-packages/airflow/example_dags/example_params_trigger_ui.py
[2025-08-29T08:53:20.989+0000] {processor.py:925} INFO - DAG(s) 'example_params_trigger_ui' retrieved from /home/airflow/.local/lib/python3.12/site-packages/airflow/example_dags/example_params_trigger_ui.py
[2025-08-29T08:53:21.024+0000] {logging_mixin.py:190} INFO - [2025-08-29T08:53:21.024+0000] {dag.py:3239} INFO - Sync 1 DAGs
[2025-08-29T08:53:21.036+0000] {logging_mixin.py:190} INFO - [2025-08-29T08:53:21.036+0000] {dag.py:4180} INFO - Setting next_dagrun for example_params_trigger_ui to None, run_after=None
[2025-08-29T08:53:21.056+0000] {processor.py:208} INFO - Processing /home/airflow/.local/lib/python3.12/site-packages/airflow/example_dags/example_params_trigger_ui.py took 0.080 seconds
[2025-08-29T08:53:51.369+0000] {processor.py:186} INFO - Started process (PID=33436) to work on /home/airflow/.local/lib/python3.12/site-packages/airflow/example_dags/example_params_trigger_ui.py
[2025-08-29T08:53:51.370+0000] {processor.py:914} INFO - Processing file /home/airflow/.local/lib/python3.12/site-packages/airflow/example_dags/example_params_trigger_ui.py for tasks to queue
[2025-08-29T08:53:51.372+0000] {logging_mixin.py:190} INFO - [2025-08-29T08:53:51.372+0000] {dagbag.py:588} INFO - Filling up the DagBag from /home/airflow/.local/lib/python3.12/site-packages/airflow/example_dags/example_params_trigger_ui.py
[2025-08-29T08:53:51.383+0000] {processor.py:925} INFO - DAG(s) 'example_params_trigger_ui' retrieved from /home/airflow/.local/lib/python3.12/site-packages/airflow/example_dags/example_params_trigger_ui.py
[2025-08-29T08:53:51.413+0000] {logging_mixin.py:190} INFO - [2025-08-29T08:53:51.413+0000] {dag.py:3239} INFO - Sync 1 DAGs
[2025-08-29T08:53:51.423+0000] {logging_mixin.py:190} INFO - [2025-08-29T08:53:51.423+0000] {dag.py:4180} INFO - Setting next_dagrun for example_params_trigger_ui to None, run_after=None
[2025-08-29T08:53:51.441+0000] {processor.py:208} INFO - Processing /home/airflow/.local/lib/python3.12/site-packages/airflow/example_dags/example_params_trigger_ui.py took 0.078 seconds
