[2025-08-29T08:40:39.211+0000] {processor.py:186} INFO - Started process (PID=31785) to work on /home/airflow/.local/lib/python3.12/site-packages/airflow/example_dags/example_trigger_controller_dag.py
[2025-08-29T08:40:39.212+0000] {processor.py:914} INFO - Processing file /home/airflow/.local/lib/python3.12/site-packages/airflow/example_dags/example_trigger_controller_dag.py for tasks to queue
[2025-08-29T08:40:39.215+0000] {logging_mixin.py:190} INFO - [2025-08-29T08:40:39.214+0000] {dagbag.py:588} INFO - Filling up the DagBag from /home/airflow/.local/lib/python3.12/site-packages/airflow/example_dags/example_trigger_controller_dag.py
[2025-08-29T08:40:39.222+0000] {processor.py:925} INFO - DAG(s) 'example_trigger_controller_dag' retrieved from /home/airflow/.local/lib/python3.12/site-packages/airflow/example_dags/example_trigger_controller_dag.py
[2025-08-29T08:40:39.246+0000] {logging_mixin.py:190} INFO - [2025-08-29T08:40:39.245+0000] {dag.py:3239} INFO - Sync 1 DAGs
[2025-08-29T08:40:39.273+0000] {logging_mixin.py:190} INFO - [2025-08-29T08:40:39.273+0000] {dag.py:4180} INFO - Setting next_dagrun for example_trigger_controller_dag to 2021-01-01 00:00:00+00:00, run_after=2021-01-01 00:00:00+00:00
[2025-08-29T08:40:39.299+0000] {processor.py:208} INFO - Processing /home/airflow/.local/lib/python3.12/site-packages/airflow/example_dags/example_trigger_controller_dag.py took 0.095 seconds
[2025-08-29T08:41:10.443+0000] {processor.py:186} INFO - Started process (PID=31849) to work on /home/airflow/.local/lib/python3.12/site-packages/airflow/example_dags/example_trigger_controller_dag.py
[2025-08-29T08:41:10.443+0000] {processor.py:914} INFO - Processing file /home/airflow/.local/lib/python3.12/site-packages/airflow/example_dags/example_trigger_controller_dag.py for tasks to queue
[2025-08-29T08:41:10.445+0000] {logging_mixin.py:190} INFO - [2025-08-29T08:41:10.445+0000] {dagbag.py:588} INFO - Filling up the DagBag from /home/airflow/.local/lib/python3.12/site-packages/airflow/example_dags/example_trigger_controller_dag.py
[2025-08-29T08:41:10.452+0000] {processor.py:925} INFO - DAG(s) 'example_trigger_controller_dag' retrieved from /home/airflow/.local/lib/python3.12/site-packages/airflow/example_dags/example_trigger_controller_dag.py
[2025-08-29T08:41:10.475+0000] {logging_mixin.py:190} INFO - [2025-08-29T08:41:10.475+0000] {dag.py:3239} INFO - Sync 1 DAGs
[2025-08-29T08:41:10.506+0000] {logging_mixin.py:190} INFO - [2025-08-29T08:41:10.506+0000] {dag.py:4180} INFO - Setting next_dagrun for example_trigger_controller_dag to 2021-01-01 00:00:00+00:00, run_after=2021-01-01 00:00:00+00:00
[2025-08-29T08:41:10.532+0000] {processor.py:208} INFO - Processing /home/airflow/.local/lib/python3.12/site-packages/airflow/example_dags/example_trigger_controller_dag.py took 0.096 seconds
[2025-08-29T08:41:41.388+0000] {processor.py:186} INFO - Started process (PID=31913) to work on /home/airflow/.local/lib/python3.12/site-packages/airflow/example_dags/example_trigger_controller_dag.py
[2025-08-29T08:41:41.389+0000] {processor.py:914} INFO - Processing file /home/airflow/.local/lib/python3.12/site-packages/airflow/example_dags/example_trigger_controller_dag.py for tasks to queue
[2025-08-29T08:41:41.392+0000] {logging_mixin.py:190} INFO - [2025-08-29T08:41:41.392+0000] {dagbag.py:588} INFO - Filling up the DagBag from /home/airflow/.local/lib/python3.12/site-packages/airflow/example_dags/example_trigger_controller_dag.py
[2025-08-29T08:41:41.403+0000] {processor.py:925} INFO - DAG(s) 'example_trigger_controller_dag' retrieved from /home/airflow/.local/lib/python3.12/site-packages/airflow/example_dags/example_trigger_controller_dag.py
[2025-08-29T08:41:41.434+0000] {logging_mixin.py:190} INFO - [2025-08-29T08:41:41.433+0000] {dag.py:3239} INFO - Sync 1 DAGs
[2025-08-29T08:41:41.471+0000] {logging_mixin.py:190} INFO - [2025-08-29T08:41:41.471+0000] {dag.py:4180} INFO - Setting next_dagrun for example_trigger_controller_dag to 2021-01-01 00:00:00+00:00, run_after=2021-01-01 00:00:00+00:00
[2025-08-29T08:41:41.499+0000] {processor.py:208} INFO - Processing /home/airflow/.local/lib/python3.12/site-packages/airflow/example_dags/example_trigger_controller_dag.py took 0.120 seconds
[2025-08-29T08:42:11.608+0000] {processor.py:186} INFO - Started process (PID=31977) to work on /home/airflow/.local/lib/python3.12/site-packages/airflow/example_dags/example_trigger_controller_dag.py
[2025-08-29T08:42:11.609+0000] {processor.py:914} INFO - Processing file /home/airflow/.local/lib/python3.12/site-packages/airflow/example_dags/example_trigger_controller_dag.py for tasks to queue
[2025-08-29T08:42:11.612+0000] {logging_mixin.py:190} INFO - [2025-08-29T08:42:11.612+0000] {dagbag.py:588} INFO - Filling up the DagBag from /home/airflow/.local/lib/python3.12/site-packages/airflow/example_dags/example_trigger_controller_dag.py
[2025-08-29T08:42:11.623+0000] {processor.py:925} INFO - DAG(s) 'example_trigger_controller_dag' retrieved from /home/airflow/.local/lib/python3.12/site-packages/airflow/example_dags/example_trigger_controller_dag.py
[2025-08-29T08:42:11.652+0000] {logging_mixin.py:190} INFO - [2025-08-29T08:42:11.651+0000] {dag.py:3239} INFO - Sync 1 DAGs
[2025-08-29T08:42:11.692+0000] {logging_mixin.py:190} INFO - [2025-08-29T08:42:11.692+0000] {dag.py:4180} INFO - Setting next_dagrun for example_trigger_controller_dag to 2021-01-01 00:00:00+00:00, run_after=2021-01-01 00:00:00+00:00
[2025-08-29T08:42:11.721+0000] {processor.py:208} INFO - Processing /home/airflow/.local/lib/python3.12/site-packages/airflow/example_dags/example_trigger_controller_dag.py took 0.122 seconds
[2025-08-29T08:42:42.437+0000] {processor.py:186} INFO - Started process (PID=32041) to work on /home/airflow/.local/lib/python3.12/site-packages/airflow/example_dags/example_trigger_controller_dag.py
[2025-08-29T08:42:42.438+0000] {processor.py:914} INFO - Processing file /home/airflow/.local/lib/python3.12/site-packages/airflow/example_dags/example_trigger_controller_dag.py for tasks to queue
[2025-08-29T08:42:42.440+0000] {logging_mixin.py:190} INFO - [2025-08-29T08:42:42.440+0000] {dagbag.py:588} INFO - Filling up the DagBag from /home/airflow/.local/lib/python3.12/site-packages/airflow/example_dags/example_trigger_controller_dag.py
[2025-08-29T08:42:42.447+0000] {processor.py:925} INFO - DAG(s) 'example_trigger_controller_dag' retrieved from /home/airflow/.local/lib/python3.12/site-packages/airflow/example_dags/example_trigger_controller_dag.py
[2025-08-29T08:42:42.470+0000] {logging_mixin.py:190} INFO - [2025-08-29T08:42:42.469+0000] {dag.py:3239} INFO - Sync 1 DAGs
[2025-08-29T08:42:42.497+0000] {logging_mixin.py:190} INFO - [2025-08-29T08:42:42.496+0000] {dag.py:4180} INFO - Setting next_dagrun for example_trigger_controller_dag to 2021-01-01 00:00:00+00:00, run_after=2021-01-01 00:00:00+00:00
[2025-08-29T08:42:42.522+0000] {processor.py:208} INFO - Processing /home/airflow/.local/lib/python3.12/site-packages/airflow/example_dags/example_trigger_controller_dag.py took 0.092 seconds
[2025-08-29T08:43:12.993+0000] {processor.py:186} INFO - Started process (PID=32105) to work on /home/airflow/.local/lib/python3.12/site-packages/airflow/example_dags/example_trigger_controller_dag.py
[2025-08-29T08:43:12.995+0000] {processor.py:914} INFO - Processing file /home/airflow/.local/lib/python3.12/site-packages/airflow/example_dags/example_trigger_controller_dag.py for tasks to queue
[2025-08-29T08:43:12.998+0000] {logging_mixin.py:190} INFO - [2025-08-29T08:43:12.998+0000] {dagbag.py:588} INFO - Filling up the DagBag from /home/airflow/.local/lib/python3.12/site-packages/airflow/example_dags/example_trigger_controller_dag.py
[2025-08-29T08:43:13.009+0000] {processor.py:925} INFO - DAG(s) 'example_trigger_controller_dag' retrieved from /home/airflow/.local/lib/python3.12/site-packages/airflow/example_dags/example_trigger_controller_dag.py
[2025-08-29T08:43:13.040+0000] {logging_mixin.py:190} INFO - [2025-08-29T08:43:13.040+0000] {dag.py:3239} INFO - Sync 1 DAGs
[2025-08-29T08:43:13.079+0000] {logging_mixin.py:190} INFO - [2025-08-29T08:43:13.078+0000] {dag.py:4180} INFO - Setting next_dagrun for example_trigger_controller_dag to 2021-01-01 00:00:00+00:00, run_after=2021-01-01 00:00:00+00:00
[2025-08-29T08:43:13.108+0000] {processor.py:208} INFO - Processing /home/airflow/.local/lib/python3.12/site-packages/airflow/example_dags/example_trigger_controller_dag.py took 0.124 seconds
[2025-08-29T08:43:43.429+0000] {processor.py:186} INFO - Started process (PID=32169) to work on /home/airflow/.local/lib/python3.12/site-packages/airflow/example_dags/example_trigger_controller_dag.py
[2025-08-29T08:43:43.430+0000] {processor.py:914} INFO - Processing file /home/airflow/.local/lib/python3.12/site-packages/airflow/example_dags/example_trigger_controller_dag.py for tasks to queue
[2025-08-29T08:43:43.433+0000] {logging_mixin.py:190} INFO - [2025-08-29T08:43:43.432+0000] {dagbag.py:588} INFO - Filling up the DagBag from /home/airflow/.local/lib/python3.12/site-packages/airflow/example_dags/example_trigger_controller_dag.py
[2025-08-29T08:43:43.440+0000] {processor.py:925} INFO - DAG(s) 'example_trigger_controller_dag' retrieved from /home/airflow/.local/lib/python3.12/site-packages/airflow/example_dags/example_trigger_controller_dag.py
[2025-08-29T08:43:43.461+0000] {logging_mixin.py:190} INFO - [2025-08-29T08:43:43.461+0000] {dag.py:3239} INFO - Sync 1 DAGs
[2025-08-29T08:43:43.490+0000] {logging_mixin.py:190} INFO - [2025-08-29T08:43:43.490+0000] {dag.py:4180} INFO - Setting next_dagrun for example_trigger_controller_dag to 2021-01-01 00:00:00+00:00, run_after=2021-01-01 00:00:00+00:00
[2025-08-29T08:43:43.513+0000] {processor.py:208} INFO - Processing /home/airflow/.local/lib/python3.12/site-packages/airflow/example_dags/example_trigger_controller_dag.py took 0.091 seconds
[2025-08-29T08:44:14.292+0000] {processor.py:186} INFO - Started process (PID=32233) to work on /home/airflow/.local/lib/python3.12/site-packages/airflow/example_dags/example_trigger_controller_dag.py
[2025-08-29T08:44:14.292+0000] {processor.py:914} INFO - Processing file /home/airflow/.local/lib/python3.12/site-packages/airflow/example_dags/example_trigger_controller_dag.py for tasks to queue
[2025-08-29T08:44:14.294+0000] {logging_mixin.py:190} INFO - [2025-08-29T08:44:14.294+0000] {dagbag.py:588} INFO - Filling up the DagBag from /home/airflow/.local/lib/python3.12/site-packages/airflow/example_dags/example_trigger_controller_dag.py
[2025-08-29T08:44:14.299+0000] {processor.py:925} INFO - DAG(s) 'example_trigger_controller_dag' retrieved from /home/airflow/.local/lib/python3.12/site-packages/airflow/example_dags/example_trigger_controller_dag.py
[2025-08-29T08:44:14.319+0000] {logging_mixin.py:190} INFO - [2025-08-29T08:44:14.318+0000] {dag.py:3239} INFO - Sync 1 DAGs
[2025-08-29T08:44:14.345+0000] {logging_mixin.py:190} INFO - [2025-08-29T08:44:14.345+0000] {dag.py:4180} INFO - Setting next_dagrun for example_trigger_controller_dag to 2021-01-01 00:00:00+00:00, run_after=2021-01-01 00:00:00+00:00
[2025-08-29T08:44:14.363+0000] {processor.py:208} INFO - Processing /home/airflow/.local/lib/python3.12/site-packages/airflow/example_dags/example_trigger_controller_dag.py took 0.079 seconds
[2025-08-29T08:44:45.056+0000] {processor.py:186} INFO - Started process (PID=32297) to work on /home/airflow/.local/lib/python3.12/site-packages/airflow/example_dags/example_trigger_controller_dag.py
[2025-08-29T08:44:45.056+0000] {processor.py:914} INFO - Processing file /home/airflow/.local/lib/python3.12/site-packages/airflow/example_dags/example_trigger_controller_dag.py for tasks to queue
[2025-08-29T08:44:45.059+0000] {logging_mixin.py:190} INFO - [2025-08-29T08:44:45.058+0000] {dagbag.py:588} INFO - Filling up the DagBag from /home/airflow/.local/lib/python3.12/site-packages/airflow/example_dags/example_trigger_controller_dag.py
[2025-08-29T08:44:45.065+0000] {processor.py:925} INFO - DAG(s) 'example_trigger_controller_dag' retrieved from /home/airflow/.local/lib/python3.12/site-packages/airflow/example_dags/example_trigger_controller_dag.py
[2025-08-29T08:44:45.084+0000] {logging_mixin.py:190} INFO - [2025-08-29T08:44:45.084+0000] {dag.py:3239} INFO - Sync 1 DAGs
[2025-08-29T08:44:45.110+0000] {logging_mixin.py:190} INFO - [2025-08-29T08:44:45.109+0000] {dag.py:4180} INFO - Setting next_dagrun for example_trigger_controller_dag to 2021-01-01 00:00:00+00:00, run_after=2021-01-01 00:00:00+00:00
[2025-08-29T08:44:45.132+0000] {processor.py:208} INFO - Processing /home/airflow/.local/lib/python3.12/site-packages/airflow/example_dags/example_trigger_controller_dag.py took 0.082 seconds
[2025-08-29T08:45:15.415+0000] {processor.py:186} INFO - Started process (PID=32361) to work on /home/airflow/.local/lib/python3.12/site-packages/airflow/example_dags/example_trigger_controller_dag.py
[2025-08-29T08:45:15.415+0000] {processor.py:914} INFO - Processing file /home/airflow/.local/lib/python3.12/site-packages/airflow/example_dags/example_trigger_controller_dag.py for tasks to queue
[2025-08-29T08:45:15.417+0000] {logging_mixin.py:190} INFO - [2025-08-29T08:45:15.417+0000] {dagbag.py:588} INFO - Filling up the DagBag from /home/airflow/.local/lib/python3.12/site-packages/airflow/example_dags/example_trigger_controller_dag.py
[2025-08-29T08:45:15.421+0000] {processor.py:925} INFO - DAG(s) 'example_trigger_controller_dag' retrieved from /home/airflow/.local/lib/python3.12/site-packages/airflow/example_dags/example_trigger_controller_dag.py
[2025-08-29T08:45:15.435+0000] {logging_mixin.py:190} INFO - [2025-08-29T08:45:15.435+0000] {dag.py:3239} INFO - Sync 1 DAGs
[2025-08-29T08:45:15.450+0000] {logging_mixin.py:190} INFO - [2025-08-29T08:45:15.450+0000] {dag.py:4180} INFO - Setting next_dagrun for example_trigger_controller_dag to 2021-01-01 00:00:00+00:00, run_after=2021-01-01 00:00:00+00:00
[2025-08-29T08:45:15.467+0000] {processor.py:208} INFO - Processing /home/airflow/.local/lib/python3.12/site-packages/airflow/example_dags/example_trigger_controller_dag.py took 0.058 seconds
[2025-08-29T08:45:46.059+0000] {processor.py:186} INFO - Started process (PID=32425) to work on /home/airflow/.local/lib/python3.12/site-packages/airflow/example_dags/example_trigger_controller_dag.py
[2025-08-29T08:45:46.060+0000] {processor.py:914} INFO - Processing file /home/airflow/.local/lib/python3.12/site-packages/airflow/example_dags/example_trigger_controller_dag.py for tasks to queue
[2025-08-29T08:45:46.061+0000] {logging_mixin.py:190} INFO - [2025-08-29T08:45:46.061+0000] {dagbag.py:588} INFO - Filling up the DagBag from /home/airflow/.local/lib/python3.12/site-packages/airflow/example_dags/example_trigger_controller_dag.py
[2025-08-29T08:45:46.065+0000] {processor.py:925} INFO - DAG(s) 'example_trigger_controller_dag' retrieved from /home/airflow/.local/lib/python3.12/site-packages/airflow/example_dags/example_trigger_controller_dag.py
[2025-08-29T08:45:46.085+0000] {logging_mixin.py:190} INFO - [2025-08-29T08:45:46.085+0000] {dag.py:3239} INFO - Sync 1 DAGs
[2025-08-29T08:45:46.107+0000] {logging_mixin.py:190} INFO - [2025-08-29T08:45:46.106+0000] {dag.py:4180} INFO - Setting next_dagrun for example_trigger_controller_dag to 2021-01-01 00:00:00+00:00, run_after=2021-01-01 00:00:00+00:00
[2025-08-29T08:45:46.125+0000] {processor.py:208} INFO - Processing /home/airflow/.local/lib/python3.12/site-packages/airflow/example_dags/example_trigger_controller_dag.py took 0.071 seconds
[2025-08-29T08:46:16.567+0000] {processor.py:186} INFO - Started process (PID=32489) to work on /home/airflow/.local/lib/python3.12/site-packages/airflow/example_dags/example_trigger_controller_dag.py
[2025-08-29T08:46:16.568+0000] {processor.py:914} INFO - Processing file /home/airflow/.local/lib/python3.12/site-packages/airflow/example_dags/example_trigger_controller_dag.py for tasks to queue
[2025-08-29T08:46:16.570+0000] {logging_mixin.py:190} INFO - [2025-08-29T08:46:16.569+0000] {dagbag.py:588} INFO - Filling up the DagBag from /home/airflow/.local/lib/python3.12/site-packages/airflow/example_dags/example_trigger_controller_dag.py
[2025-08-29T08:46:16.574+0000] {processor.py:925} INFO - DAG(s) 'example_trigger_controller_dag' retrieved from /home/airflow/.local/lib/python3.12/site-packages/airflow/example_dags/example_trigger_controller_dag.py
[2025-08-29T08:46:16.592+0000] {logging_mixin.py:190} INFO - [2025-08-29T08:46:16.591+0000] {dag.py:3239} INFO - Sync 1 DAGs
[2025-08-29T08:46:16.612+0000] {logging_mixin.py:190} INFO - [2025-08-29T08:46:16.611+0000] {dag.py:4180} INFO - Setting next_dagrun for example_trigger_controller_dag to 2021-01-01 00:00:00+00:00, run_after=2021-01-01 00:00:00+00:00
[2025-08-29T08:46:16.623+0000] {processor.py:208} INFO - Processing /home/airflow/.local/lib/python3.12/site-packages/airflow/example_dags/example_trigger_controller_dag.py took 0.060 seconds
[2025-08-29T08:46:47.076+0000] {processor.py:186} INFO - Started process (PID=32553) to work on /home/airflow/.local/lib/python3.12/site-packages/airflow/example_dags/example_trigger_controller_dag.py
[2025-08-29T08:46:47.076+0000] {processor.py:914} INFO - Processing file /home/airflow/.local/lib/python3.12/site-packages/airflow/example_dags/example_trigger_controller_dag.py for tasks to queue
[2025-08-29T08:46:47.078+0000] {logging_mixin.py:190} INFO - [2025-08-29T08:46:47.078+0000] {dagbag.py:588} INFO - Filling up the DagBag from /home/airflow/.local/lib/python3.12/site-packages/airflow/example_dags/example_trigger_controller_dag.py
[2025-08-29T08:46:47.082+0000] {processor.py:925} INFO - DAG(s) 'example_trigger_controller_dag' retrieved from /home/airflow/.local/lib/python3.12/site-packages/airflow/example_dags/example_trigger_controller_dag.py
[2025-08-29T08:46:47.096+0000] {logging_mixin.py:190} INFO - [2025-08-29T08:46:47.096+0000] {dag.py:3239} INFO - Sync 1 DAGs
[2025-08-29T08:46:47.112+0000] {logging_mixin.py:190} INFO - [2025-08-29T08:46:47.111+0000] {dag.py:4180} INFO - Setting next_dagrun for example_trigger_controller_dag to 2021-01-01 00:00:00+00:00, run_after=2021-01-01 00:00:00+00:00
[2025-08-29T08:46:47.127+0000] {processor.py:208} INFO - Processing /home/airflow/.local/lib/python3.12/site-packages/airflow/example_dags/example_trigger_controller_dag.py took 0.056 seconds
[2025-08-29T08:47:17.233+0000] {processor.py:186} INFO - Started process (PID=32616) to work on /home/airflow/.local/lib/python3.12/site-packages/airflow/example_dags/example_trigger_controller_dag.py
[2025-08-29T08:47:17.233+0000] {processor.py:914} INFO - Processing file /home/airflow/.local/lib/python3.12/site-packages/airflow/example_dags/example_trigger_controller_dag.py for tasks to queue
[2025-08-29T08:47:17.235+0000] {logging_mixin.py:190} INFO - [2025-08-29T08:47:17.235+0000] {dagbag.py:588} INFO - Filling up the DagBag from /home/airflow/.local/lib/python3.12/site-packages/airflow/example_dags/example_trigger_controller_dag.py
[2025-08-29T08:47:17.240+0000] {processor.py:925} INFO - DAG(s) 'example_trigger_controller_dag' retrieved from /home/airflow/.local/lib/python3.12/site-packages/airflow/example_dags/example_trigger_controller_dag.py
[2025-08-29T08:47:17.263+0000] {logging_mixin.py:190} INFO - [2025-08-29T08:47:17.263+0000] {dag.py:3239} INFO - Sync 1 DAGs
[2025-08-29T08:47:17.289+0000] {logging_mixin.py:190} INFO - [2025-08-29T08:47:17.288+0000] {dag.py:4180} INFO - Setting next_dagrun for example_trigger_controller_dag to 2021-01-01 00:00:00+00:00, run_after=2021-01-01 00:00:00+00:00
[2025-08-29T08:47:17.310+0000] {processor.py:208} INFO - Processing /home/airflow/.local/lib/python3.12/site-packages/airflow/example_dags/example_trigger_controller_dag.py took 0.080 seconds
[2025-08-29T08:47:47.612+0000] {processor.py:186} INFO - Started process (PID=32681) to work on /home/airflow/.local/lib/python3.12/site-packages/airflow/example_dags/example_trigger_controller_dag.py
[2025-08-29T08:47:47.613+0000] {processor.py:914} INFO - Processing file /home/airflow/.local/lib/python3.12/site-packages/airflow/example_dags/example_trigger_controller_dag.py for tasks to queue
[2025-08-29T08:47:47.614+0000] {logging_mixin.py:190} INFO - [2025-08-29T08:47:47.614+0000] {dagbag.py:588} INFO - Filling up the DagBag from /home/airflow/.local/lib/python3.12/site-packages/airflow/example_dags/example_trigger_controller_dag.py
[2025-08-29T08:47:47.618+0000] {processor.py:925} INFO - DAG(s) 'example_trigger_controller_dag' retrieved from /home/airflow/.local/lib/python3.12/site-packages/airflow/example_dags/example_trigger_controller_dag.py
[2025-08-29T08:47:47.637+0000] {logging_mixin.py:190} INFO - [2025-08-29T08:47:47.636+0000] {dag.py:3239} INFO - Sync 1 DAGs
[2025-08-29T08:47:47.664+0000] {logging_mixin.py:190} INFO - [2025-08-29T08:47:47.664+0000] {dag.py:4180} INFO - Setting next_dagrun for example_trigger_controller_dag to 2021-01-01 00:00:00+00:00, run_after=2021-01-01 00:00:00+00:00
[2025-08-29T08:47:47.684+0000] {processor.py:208} INFO - Processing /home/airflow/.local/lib/python3.12/site-packages/airflow/example_dags/example_trigger_controller_dag.py took 0.076 seconds
[2025-08-29T08:48:18.093+0000] {processor.py:186} INFO - Started process (PID=32745) to work on /home/airflow/.local/lib/python3.12/site-packages/airflow/example_dags/example_trigger_controller_dag.py
[2025-08-29T08:48:18.094+0000] {processor.py:914} INFO - Processing file /home/airflow/.local/lib/python3.12/site-packages/airflow/example_dags/example_trigger_controller_dag.py for tasks to queue
[2025-08-29T08:48:18.095+0000] {logging_mixin.py:190} INFO - [2025-08-29T08:48:18.095+0000] {dagbag.py:588} INFO - Filling up the DagBag from /home/airflow/.local/lib/python3.12/site-packages/airflow/example_dags/example_trigger_controller_dag.py
[2025-08-29T08:48:18.099+0000] {processor.py:925} INFO - DAG(s) 'example_trigger_controller_dag' retrieved from /home/airflow/.local/lib/python3.12/site-packages/airflow/example_dags/example_trigger_controller_dag.py
[2025-08-29T08:48:18.115+0000] {logging_mixin.py:190} INFO - [2025-08-29T08:48:18.115+0000] {dag.py:3239} INFO - Sync 1 DAGs
[2025-08-29T08:48:18.141+0000] {logging_mixin.py:190} INFO - [2025-08-29T08:48:18.140+0000] {dag.py:4180} INFO - Setting next_dagrun for example_trigger_controller_dag to 2021-01-01 00:00:00+00:00, run_after=2021-01-01 00:00:00+00:00
[2025-08-29T08:48:18.164+0000] {processor.py:208} INFO - Processing /home/airflow/.local/lib/python3.12/site-packages/airflow/example_dags/example_trigger_controller_dag.py took 0.075 seconds
[2025-08-29T08:48:48.579+0000] {processor.py:186} INFO - Started process (PID=32809) to work on /home/airflow/.local/lib/python3.12/site-packages/airflow/example_dags/example_trigger_controller_dag.py
[2025-08-29T08:48:48.580+0000] {processor.py:914} INFO - Processing file /home/airflow/.local/lib/python3.12/site-packages/airflow/example_dags/example_trigger_controller_dag.py for tasks to queue
[2025-08-29T08:48:48.581+0000] {logging_mixin.py:190} INFO - [2025-08-29T08:48:48.581+0000] {dagbag.py:588} INFO - Filling up the DagBag from /home/airflow/.local/lib/python3.12/site-packages/airflow/example_dags/example_trigger_controller_dag.py
[2025-08-29T08:48:48.585+0000] {processor.py:925} INFO - DAG(s) 'example_trigger_controller_dag' retrieved from /home/airflow/.local/lib/python3.12/site-packages/airflow/example_dags/example_trigger_controller_dag.py
[2025-08-29T08:48:48.604+0000] {logging_mixin.py:190} INFO - [2025-08-29T08:48:48.604+0000] {dag.py:3239} INFO - Sync 1 DAGs
[2025-08-29T08:48:48.623+0000] {logging_mixin.py:190} INFO - [2025-08-29T08:48:48.623+0000] {dag.py:4180} INFO - Setting next_dagrun for example_trigger_controller_dag to 2021-01-01 00:00:00+00:00, run_after=2021-01-01 00:00:00+00:00
[2025-08-29T08:48:48.641+0000] {processor.py:208} INFO - Processing /home/airflow/.local/lib/python3.12/site-packages/airflow/example_dags/example_trigger_controller_dag.py took 0.066 seconds
[2025-08-29T08:49:18.822+0000] {processor.py:186} INFO - Started process (PID=32873) to work on /home/airflow/.local/lib/python3.12/site-packages/airflow/example_dags/example_trigger_controller_dag.py
[2025-08-29T08:49:18.822+0000] {processor.py:914} INFO - Processing file /home/airflow/.local/lib/python3.12/site-packages/airflow/example_dags/example_trigger_controller_dag.py for tasks to queue
[2025-08-29T08:49:18.823+0000] {logging_mixin.py:190} INFO - [2025-08-29T08:49:18.823+0000] {dagbag.py:588} INFO - Filling up the DagBag from /home/airflow/.local/lib/python3.12/site-packages/airflow/example_dags/example_trigger_controller_dag.py
[2025-08-29T08:49:18.828+0000] {processor.py:925} INFO - DAG(s) 'example_trigger_controller_dag' retrieved from /home/airflow/.local/lib/python3.12/site-packages/airflow/example_dags/example_trigger_controller_dag.py
[2025-08-29T08:49:18.847+0000] {logging_mixin.py:190} INFO - [2025-08-29T08:49:18.847+0000] {dag.py:3239} INFO - Sync 1 DAGs
[2025-08-29T08:49:18.862+0000] {logging_mixin.py:190} INFO - [2025-08-29T08:49:18.862+0000] {dag.py:4180} INFO - Setting next_dagrun for example_trigger_controller_dag to 2021-01-01 00:00:00+00:00, run_after=2021-01-01 00:00:00+00:00
[2025-08-29T08:49:18.879+0000] {processor.py:208} INFO - Processing /home/airflow/.local/lib/python3.12/site-packages/airflow/example_dags/example_trigger_controller_dag.py took 0.062 seconds
[2025-08-29T08:49:49.402+0000] {processor.py:186} INFO - Started process (PID=32937) to work on /home/airflow/.local/lib/python3.12/site-packages/airflow/example_dags/example_trigger_controller_dag.py
[2025-08-29T08:49:49.403+0000] {processor.py:914} INFO - Processing file /home/airflow/.local/lib/python3.12/site-packages/airflow/example_dags/example_trigger_controller_dag.py for tasks to queue
[2025-08-29T08:49:49.405+0000] {logging_mixin.py:190} INFO - [2025-08-29T08:49:49.405+0000] {dagbag.py:588} INFO - Filling up the DagBag from /home/airflow/.local/lib/python3.12/site-packages/airflow/example_dags/example_trigger_controller_dag.py
[2025-08-29T08:49:49.414+0000] {processor.py:925} INFO - DAG(s) 'example_trigger_controller_dag' retrieved from /home/airflow/.local/lib/python3.12/site-packages/airflow/example_dags/example_trigger_controller_dag.py
[2025-08-29T08:49:49.445+0000] {logging_mixin.py:190} INFO - [2025-08-29T08:49:49.444+0000] {dag.py:3239} INFO - Sync 1 DAGs
[2025-08-29T08:49:49.476+0000] {logging_mixin.py:190} INFO - [2025-08-29T08:49:49.476+0000] {dag.py:4180} INFO - Setting next_dagrun for example_trigger_controller_dag to 2021-01-01 00:00:00+00:00, run_after=2021-01-01 00:00:00+00:00
[2025-08-29T08:49:49.495+0000] {processor.py:208} INFO - Processing /home/airflow/.local/lib/python3.12/site-packages/airflow/example_dags/example_trigger_controller_dag.py took 0.100 seconds
[2025-08-29T08:50:19.862+0000] {processor.py:186} INFO - Started process (PID=33001) to work on /home/airflow/.local/lib/python3.12/site-packages/airflow/example_dags/example_trigger_controller_dag.py
[2025-08-29T08:50:19.862+0000] {processor.py:914} INFO - Processing file /home/airflow/.local/lib/python3.12/site-packages/airflow/example_dags/example_trigger_controller_dag.py for tasks to queue
[2025-08-29T08:50:19.863+0000] {logging_mixin.py:190} INFO - [2025-08-29T08:50:19.863+0000] {dagbag.py:588} INFO - Filling up the DagBag from /home/airflow/.local/lib/python3.12/site-packages/airflow/example_dags/example_trigger_controller_dag.py
[2025-08-29T08:50:19.868+0000] {processor.py:925} INFO - DAG(s) 'example_trigger_controller_dag' retrieved from /home/airflow/.local/lib/python3.12/site-packages/airflow/example_dags/example_trigger_controller_dag.py
[2025-08-29T08:50:19.886+0000] {logging_mixin.py:190} INFO - [2025-08-29T08:50:19.886+0000] {dag.py:3239} INFO - Sync 1 DAGs
[2025-08-29T08:50:19.903+0000] {logging_mixin.py:190} INFO - [2025-08-29T08:50:19.903+0000] {dag.py:4180} INFO - Setting next_dagrun for example_trigger_controller_dag to 2021-01-01 00:00:00+00:00, run_after=2021-01-01 00:00:00+00:00
[2025-08-29T08:50:19.922+0000] {processor.py:208} INFO - Processing /home/airflow/.local/lib/python3.12/site-packages/airflow/example_dags/example_trigger_controller_dag.py took 0.065 seconds
[2025-08-29T08:50:50.186+0000] {processor.py:186} INFO - Started process (PID=33065) to work on /home/airflow/.local/lib/python3.12/site-packages/airflow/example_dags/example_trigger_controller_dag.py
[2025-08-29T08:50:50.187+0000] {processor.py:914} INFO - Processing file /home/airflow/.local/lib/python3.12/site-packages/airflow/example_dags/example_trigger_controller_dag.py for tasks to queue
[2025-08-29T08:50:50.188+0000] {logging_mixin.py:190} INFO - [2025-08-29T08:50:50.188+0000] {dagbag.py:588} INFO - Filling up the DagBag from /home/airflow/.local/lib/python3.12/site-packages/airflow/example_dags/example_trigger_controller_dag.py
[2025-08-29T08:50:50.192+0000] {processor.py:925} INFO - DAG(s) 'example_trigger_controller_dag' retrieved from /home/airflow/.local/lib/python3.12/site-packages/airflow/example_dags/example_trigger_controller_dag.py
[2025-08-29T08:50:50.209+0000] {logging_mixin.py:190} INFO - [2025-08-29T08:50:50.209+0000] {dag.py:3239} INFO - Sync 1 DAGs
[2025-08-29T08:50:50.224+0000] {logging_mixin.py:190} INFO - [2025-08-29T08:50:50.224+0000] {dag.py:4180} INFO - Setting next_dagrun for example_trigger_controller_dag to 2021-01-01 00:00:00+00:00, run_after=2021-01-01 00:00:00+00:00
[2025-08-29T08:50:50.240+0000] {processor.py:208} INFO - Processing /home/airflow/.local/lib/python3.12/site-packages/airflow/example_dags/example_trigger_controller_dag.py took 0.058 seconds
[2025-08-29T08:51:20.324+0000] {processor.py:186} INFO - Started process (PID=33129) to work on /home/airflow/.local/lib/python3.12/site-packages/airflow/example_dags/example_trigger_controller_dag.py
[2025-08-29T08:51:20.324+0000] {processor.py:914} INFO - Processing file /home/airflow/.local/lib/python3.12/site-packages/airflow/example_dags/example_trigger_controller_dag.py for tasks to queue
[2025-08-29T08:51:20.326+0000] {logging_mixin.py:190} INFO - [2025-08-29T08:51:20.326+0000] {dagbag.py:588} INFO - Filling up the DagBag from /home/airflow/.local/lib/python3.12/site-packages/airflow/example_dags/example_trigger_controller_dag.py
[2025-08-29T08:51:20.330+0000] {processor.py:925} INFO - DAG(s) 'example_trigger_controller_dag' retrieved from /home/airflow/.local/lib/python3.12/site-packages/airflow/example_dags/example_trigger_controller_dag.py
[2025-08-29T08:51:20.350+0000] {logging_mixin.py:190} INFO - [2025-08-29T08:51:20.349+0000] {dag.py:3239} INFO - Sync 1 DAGs
[2025-08-29T08:51:20.369+0000] {logging_mixin.py:190} INFO - [2025-08-29T08:51:20.368+0000] {dag.py:4180} INFO - Setting next_dagrun for example_trigger_controller_dag to 2021-01-01 00:00:00+00:00, run_after=2021-01-01 00:00:00+00:00
[2025-08-29T08:51:20.387+0000] {processor.py:208} INFO - Processing /home/airflow/.local/lib/python3.12/site-packages/airflow/example_dags/example_trigger_controller_dag.py took 0.068 seconds
[2025-08-29T08:51:50.761+0000] {processor.py:186} INFO - Started process (PID=33193) to work on /home/airflow/.local/lib/python3.12/site-packages/airflow/example_dags/example_trigger_controller_dag.py
[2025-08-29T08:51:50.762+0000] {processor.py:914} INFO - Processing file /home/airflow/.local/lib/python3.12/site-packages/airflow/example_dags/example_trigger_controller_dag.py for tasks to queue
[2025-08-29T08:51:50.763+0000] {logging_mixin.py:190} INFO - [2025-08-29T08:51:50.763+0000] {dagbag.py:588} INFO - Filling up the DagBag from /home/airflow/.local/lib/python3.12/site-packages/airflow/example_dags/example_trigger_controller_dag.py
[2025-08-29T08:51:50.768+0000] {processor.py:925} INFO - DAG(s) 'example_trigger_controller_dag' retrieved from /home/airflow/.local/lib/python3.12/site-packages/airflow/example_dags/example_trigger_controller_dag.py
[2025-08-29T08:51:50.788+0000] {logging_mixin.py:190} INFO - [2025-08-29T08:51:50.788+0000] {dag.py:3239} INFO - Sync 1 DAGs
[2025-08-29T08:51:50.816+0000] {logging_mixin.py:190} INFO - [2025-08-29T08:51:50.815+0000] {dag.py:4180} INFO - Setting next_dagrun for example_trigger_controller_dag to 2021-01-01 00:00:00+00:00, run_after=2021-01-01 00:00:00+00:00
[2025-08-29T08:51:50.835+0000] {processor.py:208} INFO - Processing /home/airflow/.local/lib/python3.12/site-packages/airflow/example_dags/example_trigger_controller_dag.py took 0.077 seconds
[2025-08-29T08:52:21.073+0000] {processor.py:186} INFO - Started process (PID=33257) to work on /home/airflow/.local/lib/python3.12/site-packages/airflow/example_dags/example_trigger_controller_dag.py
[2025-08-29T08:52:21.073+0000] {processor.py:914} INFO - Processing file /home/airflow/.local/lib/python3.12/site-packages/airflow/example_dags/example_trigger_controller_dag.py for tasks to queue
[2025-08-29T08:52:21.075+0000] {logging_mixin.py:190} INFO - [2025-08-29T08:52:21.074+0000] {dagbag.py:588} INFO - Filling up the DagBag from /home/airflow/.local/lib/python3.12/site-packages/airflow/example_dags/example_trigger_controller_dag.py
[2025-08-29T08:52:21.078+0000] {processor.py:925} INFO - DAG(s) 'example_trigger_controller_dag' retrieved from /home/airflow/.local/lib/python3.12/site-packages/airflow/example_dags/example_trigger_controller_dag.py
[2025-08-29T08:52:21.096+0000] {logging_mixin.py:190} INFO - [2025-08-29T08:52:21.096+0000] {dag.py:3239} INFO - Sync 1 DAGs
[2025-08-29T08:52:21.112+0000] {logging_mixin.py:190} INFO - [2025-08-29T08:52:21.112+0000] {dag.py:4180} INFO - Setting next_dagrun for example_trigger_controller_dag to 2021-01-01 00:00:00+00:00, run_after=2021-01-01 00:00:00+00:00
[2025-08-29T08:52:21.132+0000] {processor.py:208} INFO - Processing /home/airflow/.local/lib/python3.12/site-packages/airflow/example_dags/example_trigger_controller_dag.py took 0.063 seconds
[2025-08-29T08:52:51.348+0000] {processor.py:186} INFO - Started process (PID=33321) to work on /home/airflow/.local/lib/python3.12/site-packages/airflow/example_dags/example_trigger_controller_dag.py
[2025-08-29T08:52:51.349+0000] {processor.py:914} INFO - Processing file /home/airflow/.local/lib/python3.12/site-packages/airflow/example_dags/example_trigger_controller_dag.py for tasks to queue
[2025-08-29T08:52:51.351+0000] {logging_mixin.py:190} INFO - [2025-08-29T08:52:51.351+0000] {dagbag.py:588} INFO - Filling up the DagBag from /home/airflow/.local/lib/python3.12/site-packages/airflow/example_dags/example_trigger_controller_dag.py
[2025-08-29T08:52:51.355+0000] {processor.py:925} INFO - DAG(s) 'example_trigger_controller_dag' retrieved from /home/airflow/.local/lib/python3.12/site-packages/airflow/example_dags/example_trigger_controller_dag.py
[2025-08-29T08:52:51.370+0000] {logging_mixin.py:190} INFO - [2025-08-29T08:52:51.370+0000] {dag.py:3239} INFO - Sync 1 DAGs
[2025-08-29T08:52:51.388+0000] {logging_mixin.py:190} INFO - [2025-08-29T08:52:51.387+0000] {dag.py:4180} INFO - Setting next_dagrun for example_trigger_controller_dag to 2021-01-01 00:00:00+00:00, run_after=2021-01-01 00:00:00+00:00
[2025-08-29T08:52:51.408+0000] {processor.py:208} INFO - Processing /home/airflow/.local/lib/python3.12/site-packages/airflow/example_dags/example_trigger_controller_dag.py took 0.065 seconds
[2025-08-29T08:53:21.813+0000] {processor.py:186} INFO - Started process (PID=33385) to work on /home/airflow/.local/lib/python3.12/site-packages/airflow/example_dags/example_trigger_controller_dag.py
[2025-08-29T08:53:21.814+0000] {processor.py:914} INFO - Processing file /home/airflow/.local/lib/python3.12/site-packages/airflow/example_dags/example_trigger_controller_dag.py for tasks to queue
[2025-08-29T08:53:21.815+0000] {logging_mixin.py:190} INFO - [2025-08-29T08:53:21.815+0000] {dagbag.py:588} INFO - Filling up the DagBag from /home/airflow/.local/lib/python3.12/site-packages/airflow/example_dags/example_trigger_controller_dag.py
[2025-08-29T08:53:21.819+0000] {processor.py:925} INFO - DAG(s) 'example_trigger_controller_dag' retrieved from /home/airflow/.local/lib/python3.12/site-packages/airflow/example_dags/example_trigger_controller_dag.py
[2025-08-29T08:53:21.837+0000] {logging_mixin.py:190} INFO - [2025-08-29T08:53:21.837+0000] {dag.py:3239} INFO - Sync 1 DAGs
[2025-08-29T08:53:21.860+0000] {logging_mixin.py:190} INFO - [2025-08-29T08:53:21.860+0000] {dag.py:4180} INFO - Setting next_dagrun for example_trigger_controller_dag to 2021-01-01 00:00:00+00:00, run_after=2021-01-01 00:00:00+00:00
[2025-08-29T08:53:21.878+0000] {processor.py:208} INFO - Processing /home/airflow/.local/lib/python3.12/site-packages/airflow/example_dags/example_trigger_controller_dag.py took 0.069 seconds
[2025-08-29T08:53:52.018+0000] {processor.py:186} INFO - Started process (PID=33449) to work on /home/airflow/.local/lib/python3.12/site-packages/airflow/example_dags/example_trigger_controller_dag.py
[2025-08-29T08:53:52.018+0000] {processor.py:914} INFO - Processing file /home/airflow/.local/lib/python3.12/site-packages/airflow/example_dags/example_trigger_controller_dag.py for tasks to queue
[2025-08-29T08:53:52.020+0000] {logging_mixin.py:190} INFO - [2025-08-29T08:53:52.020+0000] {dagbag.py:588} INFO - Filling up the DagBag from /home/airflow/.local/lib/python3.12/site-packages/airflow/example_dags/example_trigger_controller_dag.py
[2025-08-29T08:53:52.027+0000] {processor.py:925} INFO - DAG(s) 'example_trigger_controller_dag' retrieved from /home/airflow/.local/lib/python3.12/site-packages/airflow/example_dags/example_trigger_controller_dag.py
[2025-08-29T08:53:52.045+0000] {logging_mixin.py:190} INFO - [2025-08-29T08:53:52.044+0000] {dag.py:3239} INFO - Sync 1 DAGs
[2025-08-29T08:53:52.069+0000] {logging_mixin.py:190} INFO - [2025-08-29T08:53:52.069+0000] {dag.py:4180} INFO - Setting next_dagrun for example_trigger_controller_dag to 2021-01-01 00:00:00+00:00, run_after=2021-01-01 00:00:00+00:00
[2025-08-29T08:53:52.088+0000] {processor.py:208} INFO - Processing /home/airflow/.local/lib/python3.12/site-packages/airflow/example_dags/example_trigger_controller_dag.py took 0.076 seconds
