[2025-08-29T08:40:37.362+0000] {processor.py:186} INFO - Started process (PID=31761) to work on /home/airflow/.local/lib/python3.12/site-packages/airflow/example_dags/example_latest_only.py
[2025-08-29T08:40:37.362+0000] {processor.py:914} INFO - Processing file /home/airflow/.local/lib/python3.12/site-packages/airflow/example_dags/example_latest_only.py for tasks to queue
[2025-08-29T08:40:37.364+0000] {logging_mixin.py:190} INFO - [2025-08-29T08:40:37.364+0000] {dagbag.py:588} INFO - Filling up the DagBag from /home/airflow/.local/lib/python3.12/site-packages/airflow/example_dags/example_latest_only.py
[2025-08-29T08:40:37.371+0000] {processor.py:925} INFO - DAG(s) 'latest_only' retrieved from /home/airflow/.local/lib/python3.12/site-packages/airflow/example_dags/example_latest_only.py
[2025-08-29T08:40:37.401+0000] {logging_mixin.py:190} INFO - [2025-08-29T08:40:37.401+0000] {dag.py:3239} INFO - Sync 1 DAGs
[2025-08-29T08:40:37.439+0000] {logging_mixin.py:190} INFO - [2025-08-29T08:40:37.438+0000] {dag.py:4180} INFO - Setting next_dagrun for latest_only to 2025-08-29 04:00:00+00:00, run_after=2025-08-29 08:00:00+00:00
[2025-08-29T08:40:37.468+0000] {processor.py:208} INFO - Processing /home/airflow/.local/lib/python3.12/site-packages/airflow/example_dags/example_latest_only.py took 0.112 seconds
[2025-08-29T08:41:08.399+0000] {processor.py:186} INFO - Started process (PID=31825) to work on /home/airflow/.local/lib/python3.12/site-packages/airflow/example_dags/example_latest_only.py
[2025-08-29T08:41:08.400+0000] {processor.py:914} INFO - Processing file /home/airflow/.local/lib/python3.12/site-packages/airflow/example_dags/example_latest_only.py for tasks to queue
[2025-08-29T08:41:08.403+0000] {logging_mixin.py:190} INFO - [2025-08-29T08:41:08.402+0000] {dagbag.py:588} INFO - Filling up the DagBag from /home/airflow/.local/lib/python3.12/site-packages/airflow/example_dags/example_latest_only.py
[2025-08-29T08:41:08.412+0000] {processor.py:925} INFO - DAG(s) 'latest_only' retrieved from /home/airflow/.local/lib/python3.12/site-packages/airflow/example_dags/example_latest_only.py
[2025-08-29T08:41:08.439+0000] {logging_mixin.py:190} INFO - [2025-08-29T08:41:08.439+0000] {dag.py:3239} INFO - Sync 1 DAGs
[2025-08-29T08:41:08.470+0000] {logging_mixin.py:190} INFO - [2025-08-29T08:41:08.469+0000] {dag.py:4180} INFO - Setting next_dagrun for latest_only to 2025-08-29 04:00:00+00:00, run_after=2025-08-29 08:00:00+00:00
[2025-08-29T08:41:08.495+0000] {processor.py:208} INFO - Processing /home/airflow/.local/lib/python3.12/site-packages/airflow/example_dags/example_latest_only.py took 0.103 seconds
[2025-08-29T08:41:39.126+0000] {processor.py:186} INFO - Started process (PID=31889) to work on /home/airflow/.local/lib/python3.12/site-packages/airflow/example_dags/example_latest_only.py
[2025-08-29T08:41:39.127+0000] {processor.py:914} INFO - Processing file /home/airflow/.local/lib/python3.12/site-packages/airflow/example_dags/example_latest_only.py for tasks to queue
[2025-08-29T08:41:39.130+0000] {logging_mixin.py:190} INFO - [2025-08-29T08:41:39.129+0000] {dagbag.py:588} INFO - Filling up the DagBag from /home/airflow/.local/lib/python3.12/site-packages/airflow/example_dags/example_latest_only.py
[2025-08-29T08:41:39.139+0000] {processor.py:925} INFO - DAG(s) 'latest_only' retrieved from /home/airflow/.local/lib/python3.12/site-packages/airflow/example_dags/example_latest_only.py
[2025-08-29T08:41:39.169+0000] {logging_mixin.py:190} INFO - [2025-08-29T08:41:39.169+0000] {dag.py:3239} INFO - Sync 1 DAGs
[2025-08-29T08:41:39.216+0000] {logging_mixin.py:190} INFO - [2025-08-29T08:41:39.216+0000] {dag.py:4180} INFO - Setting next_dagrun for latest_only to 2025-08-29 04:00:00+00:00, run_after=2025-08-29 08:00:00+00:00
[2025-08-29T08:41:39.250+0000] {processor.py:208} INFO - Processing /home/airflow/.local/lib/python3.12/site-packages/airflow/example_dags/example_latest_only.py took 0.132 seconds
[2025-08-29T08:42:09.523+0000] {processor.py:186} INFO - Started process (PID=31952) to work on /home/airflow/.local/lib/python3.12/site-packages/airflow/example_dags/example_latest_only.py
[2025-08-29T08:42:09.524+0000] {processor.py:914} INFO - Processing file /home/airflow/.local/lib/python3.12/site-packages/airflow/example_dags/example_latest_only.py for tasks to queue
[2025-08-29T08:42:09.527+0000] {logging_mixin.py:190} INFO - [2025-08-29T08:42:09.526+0000] {dagbag.py:588} INFO - Filling up the DagBag from /home/airflow/.local/lib/python3.12/site-packages/airflow/example_dags/example_latest_only.py
[2025-08-29T08:42:09.534+0000] {processor.py:925} INFO - DAG(s) 'latest_only' retrieved from /home/airflow/.local/lib/python3.12/site-packages/airflow/example_dags/example_latest_only.py
[2025-08-29T08:42:09.557+0000] {logging_mixin.py:190} INFO - [2025-08-29T08:42:09.557+0000] {dag.py:3239} INFO - Sync 1 DAGs
[2025-08-29T08:42:09.586+0000] {logging_mixin.py:190} INFO - [2025-08-29T08:42:09.586+0000] {dag.py:4180} INFO - Setting next_dagrun for latest_only to 2025-08-29 04:00:00+00:00, run_after=2025-08-29 08:00:00+00:00
[2025-08-29T08:42:09.610+0000] {processor.py:208} INFO - Processing /home/airflow/.local/lib/python3.12/site-packages/airflow/example_dags/example_latest_only.py took 0.095 seconds
[2025-08-29T08:42:40.115+0000] {processor.py:186} INFO - Started process (PID=32017) to work on /home/airflow/.local/lib/python3.12/site-packages/airflow/example_dags/example_latest_only.py
[2025-08-29T08:42:40.117+0000] {processor.py:914} INFO - Processing file /home/airflow/.local/lib/python3.12/site-packages/airflow/example_dags/example_latest_only.py for tasks to queue
[2025-08-29T08:42:40.120+0000] {logging_mixin.py:190} INFO - [2025-08-29T08:42:40.120+0000] {dagbag.py:588} INFO - Filling up the DagBag from /home/airflow/.local/lib/python3.12/site-packages/airflow/example_dags/example_latest_only.py
[2025-08-29T08:42:40.132+0000] {processor.py:925} INFO - DAG(s) 'latest_only' retrieved from /home/airflow/.local/lib/python3.12/site-packages/airflow/example_dags/example_latest_only.py
[2025-08-29T08:42:40.165+0000] {logging_mixin.py:190} INFO - [2025-08-29T08:42:40.164+0000] {dag.py:3239} INFO - Sync 1 DAGs
[2025-08-29T08:42:40.210+0000] {logging_mixin.py:190} INFO - [2025-08-29T08:42:40.209+0000] {dag.py:4180} INFO - Setting next_dagrun for latest_only to 2025-08-29 04:00:00+00:00, run_after=2025-08-29 08:00:00+00:00
[2025-08-29T08:42:40.244+0000] {processor.py:208} INFO - Processing /home/airflow/.local/lib/python3.12/site-packages/airflow/example_dags/example_latest_only.py took 0.139 seconds
[2025-08-29T08:43:10.593+0000] {processor.py:186} INFO - Started process (PID=32081) to work on /home/airflow/.local/lib/python3.12/site-packages/airflow/example_dags/example_latest_only.py
[2025-08-29T08:43:10.594+0000] {processor.py:914} INFO - Processing file /home/airflow/.local/lib/python3.12/site-packages/airflow/example_dags/example_latest_only.py for tasks to queue
[2025-08-29T08:43:10.598+0000] {logging_mixin.py:190} INFO - [2025-08-29T08:43:10.597+0000] {dagbag.py:588} INFO - Filling up the DagBag from /home/airflow/.local/lib/python3.12/site-packages/airflow/example_dags/example_latest_only.py
[2025-08-29T08:43:10.608+0000] {processor.py:925} INFO - DAG(s) 'latest_only' retrieved from /home/airflow/.local/lib/python3.12/site-packages/airflow/example_dags/example_latest_only.py
[2025-08-29T08:43:10.638+0000] {logging_mixin.py:190} INFO - [2025-08-29T08:43:10.638+0000] {dag.py:3239} INFO - Sync 1 DAGs
[2025-08-29T08:43:10.677+0000] {logging_mixin.py:190} INFO - [2025-08-29T08:43:10.677+0000] {dag.py:4180} INFO - Setting next_dagrun for latest_only to 2025-08-29 04:00:00+00:00, run_after=2025-08-29 08:00:00+00:00
[2025-08-29T08:43:10.702+0000] {processor.py:208} INFO - Processing /home/airflow/.local/lib/python3.12/site-packages/airflow/example_dags/example_latest_only.py took 0.119 seconds
[2025-08-29T08:43:40.832+0000] {processor.py:186} INFO - Started process (PID=32144) to work on /home/airflow/.local/lib/python3.12/site-packages/airflow/example_dags/example_latest_only.py
[2025-08-29T08:43:40.834+0000] {processor.py:914} INFO - Processing file /home/airflow/.local/lib/python3.12/site-packages/airflow/example_dags/example_latest_only.py for tasks to queue
[2025-08-29T08:43:40.836+0000] {logging_mixin.py:190} INFO - [2025-08-29T08:43:40.836+0000] {dagbag.py:588} INFO - Filling up the DagBag from /home/airflow/.local/lib/python3.12/site-packages/airflow/example_dags/example_latest_only.py
[2025-08-29T08:43:40.844+0000] {processor.py:925} INFO - DAG(s) 'latest_only' retrieved from /home/airflow/.local/lib/python3.12/site-packages/airflow/example_dags/example_latest_only.py
[2025-08-29T08:43:40.863+0000] {logging_mixin.py:190} INFO - [2025-08-29T08:43:40.863+0000] {dag.py:3239} INFO - Sync 1 DAGs
[2025-08-29T08:43:40.889+0000] {logging_mixin.py:190} INFO - [2025-08-29T08:43:40.889+0000] {dag.py:4180} INFO - Setting next_dagrun for latest_only to 2025-08-29 04:00:00+00:00, run_after=2025-08-29 08:00:00+00:00
[2025-08-29T08:43:40.908+0000] {processor.py:208} INFO - Processing /home/airflow/.local/lib/python3.12/site-packages/airflow/example_dags/example_latest_only.py took 0.082 seconds
[2025-08-29T08:44:11.794+0000] {processor.py:186} INFO - Started process (PID=32209) to work on /home/airflow/.local/lib/python3.12/site-packages/airflow/example_dags/example_latest_only.py
[2025-08-29T08:44:11.794+0000] {processor.py:914} INFO - Processing file /home/airflow/.local/lib/python3.12/site-packages/airflow/example_dags/example_latest_only.py for tasks to queue
[2025-08-29T08:44:11.796+0000] {logging_mixin.py:190} INFO - [2025-08-29T08:44:11.795+0000] {dagbag.py:588} INFO - Filling up the DagBag from /home/airflow/.local/lib/python3.12/site-packages/airflow/example_dags/example_latest_only.py
[2025-08-29T08:44:11.800+0000] {processor.py:925} INFO - DAG(s) 'latest_only' retrieved from /home/airflow/.local/lib/python3.12/site-packages/airflow/example_dags/example_latest_only.py
[2025-08-29T08:44:11.817+0000] {logging_mixin.py:190} INFO - [2025-08-29T08:44:11.817+0000] {dag.py:3239} INFO - Sync 1 DAGs
[2025-08-29T08:44:11.841+0000] {logging_mixin.py:190} INFO - [2025-08-29T08:44:11.840+0000] {dag.py:4180} INFO - Setting next_dagrun for latest_only to 2025-08-29 04:00:00+00:00, run_after=2025-08-29 08:00:00+00:00
[2025-08-29T08:44:11.858+0000] {processor.py:208} INFO - Processing /home/airflow/.local/lib/python3.12/site-packages/airflow/example_dags/example_latest_only.py took 0.068 seconds
[2025-08-29T08:44:42.438+0000] {processor.py:186} INFO - Started process (PID=32273) to work on /home/airflow/.local/lib/python3.12/site-packages/airflow/example_dags/example_latest_only.py
[2025-08-29T08:44:42.438+0000] {processor.py:914} INFO - Processing file /home/airflow/.local/lib/python3.12/site-packages/airflow/example_dags/example_latest_only.py for tasks to queue
[2025-08-29T08:44:42.440+0000] {logging_mixin.py:190} INFO - [2025-08-29T08:44:42.440+0000] {dagbag.py:588} INFO - Filling up the DagBag from /home/airflow/.local/lib/python3.12/site-packages/airflow/example_dags/example_latest_only.py
[2025-08-29T08:44:42.447+0000] {processor.py:925} INFO - DAG(s) 'latest_only' retrieved from /home/airflow/.local/lib/python3.12/site-packages/airflow/example_dags/example_latest_only.py
[2025-08-29T08:44:42.468+0000] {logging_mixin.py:190} INFO - [2025-08-29T08:44:42.468+0000] {dag.py:3239} INFO - Sync 1 DAGs
[2025-08-29T08:44:42.494+0000] {logging_mixin.py:190} INFO - [2025-08-29T08:44:42.494+0000] {dag.py:4180} INFO - Setting next_dagrun for latest_only to 2025-08-29 04:00:00+00:00, run_after=2025-08-29 08:00:00+00:00
[2025-08-29T08:44:42.515+0000] {processor.py:208} INFO - Processing /home/airflow/.local/lib/python3.12/site-packages/airflow/example_dags/example_latest_only.py took 0.081 seconds
[2025-08-29T08:45:13.140+0000] {processor.py:186} INFO - Started process (PID=32337) to work on /home/airflow/.local/lib/python3.12/site-packages/airflow/example_dags/example_latest_only.py
[2025-08-29T08:45:13.140+0000] {processor.py:914} INFO - Processing file /home/airflow/.local/lib/python3.12/site-packages/airflow/example_dags/example_latest_only.py for tasks to queue
[2025-08-29T08:45:13.142+0000] {logging_mixin.py:190} INFO - [2025-08-29T08:45:13.142+0000] {dagbag.py:588} INFO - Filling up the DagBag from /home/airflow/.local/lib/python3.12/site-packages/airflow/example_dags/example_latest_only.py
[2025-08-29T08:45:13.146+0000] {processor.py:925} INFO - DAG(s) 'latest_only' retrieved from /home/airflow/.local/lib/python3.12/site-packages/airflow/example_dags/example_latest_only.py
[2025-08-29T08:45:13.165+0000] {logging_mixin.py:190} INFO - [2025-08-29T08:45:13.165+0000] {dag.py:3239} INFO - Sync 1 DAGs
[2025-08-29T08:45:13.192+0000] {logging_mixin.py:190} INFO - [2025-08-29T08:45:13.192+0000] {dag.py:4180} INFO - Setting next_dagrun for latest_only to 2025-08-29 04:00:00+00:00, run_after=2025-08-29 08:00:00+00:00
[2025-08-29T08:45:13.212+0000] {processor.py:208} INFO - Processing /home/airflow/.local/lib/python3.12/site-packages/airflow/example_dags/example_latest_only.py took 0.078 seconds
[2025-08-29T08:45:43.770+0000] {processor.py:186} INFO - Started process (PID=32401) to work on /home/airflow/.local/lib/python3.12/site-packages/airflow/example_dags/example_latest_only.py
[2025-08-29T08:45:43.771+0000] {processor.py:914} INFO - Processing file /home/airflow/.local/lib/python3.12/site-packages/airflow/example_dags/example_latest_only.py for tasks to queue
[2025-08-29T08:45:43.773+0000] {logging_mixin.py:190} INFO - [2025-08-29T08:45:43.773+0000] {dagbag.py:588} INFO - Filling up the DagBag from /home/airflow/.local/lib/python3.12/site-packages/airflow/example_dags/example_latest_only.py
[2025-08-29T08:45:43.780+0000] {processor.py:925} INFO - DAG(s) 'latest_only' retrieved from /home/airflow/.local/lib/python3.12/site-packages/airflow/example_dags/example_latest_only.py
[2025-08-29T08:45:43.799+0000] {logging_mixin.py:190} INFO - [2025-08-29T08:45:43.798+0000] {dag.py:3239} INFO - Sync 1 DAGs
[2025-08-29T08:45:43.822+0000] {logging_mixin.py:190} INFO - [2025-08-29T08:45:43.821+0000] {dag.py:4180} INFO - Setting next_dagrun for latest_only to 2025-08-29 04:00:00+00:00, run_after=2025-08-29 08:00:00+00:00
[2025-08-29T08:45:43.840+0000] {processor.py:208} INFO - Processing /home/airflow/.local/lib/python3.12/site-packages/airflow/example_dags/example_latest_only.py took 0.079 seconds
[2025-08-29T08:46:14.225+0000] {processor.py:186} INFO - Started process (PID=32465) to work on /home/airflow/.local/lib/python3.12/site-packages/airflow/example_dags/example_latest_only.py
[2025-08-29T08:46:14.226+0000] {processor.py:914} INFO - Processing file /home/airflow/.local/lib/python3.12/site-packages/airflow/example_dags/example_latest_only.py for tasks to queue
[2025-08-29T08:46:14.228+0000] {logging_mixin.py:190} INFO - [2025-08-29T08:46:14.227+0000] {dagbag.py:588} INFO - Filling up the DagBag from /home/airflow/.local/lib/python3.12/site-packages/airflow/example_dags/example_latest_only.py
[2025-08-29T08:46:14.232+0000] {processor.py:925} INFO - DAG(s) 'latest_only' retrieved from /home/airflow/.local/lib/python3.12/site-packages/airflow/example_dags/example_latest_only.py
[2025-08-29T08:46:14.251+0000] {logging_mixin.py:190} INFO - [2025-08-29T08:46:14.251+0000] {dag.py:3239} INFO - Sync 1 DAGs
[2025-08-29T08:46:14.277+0000] {logging_mixin.py:190} INFO - [2025-08-29T08:46:14.277+0000] {dag.py:4180} INFO - Setting next_dagrun for latest_only to 2025-08-29 04:00:00+00:00, run_after=2025-08-29 08:00:00+00:00
[2025-08-29T08:46:14.293+0000] {processor.py:208} INFO - Processing /home/airflow/.local/lib/python3.12/site-packages/airflow/example_dags/example_latest_only.py took 0.073 seconds
[2025-08-29T08:46:44.659+0000] {processor.py:186} INFO - Started process (PID=32529) to work on /home/airflow/.local/lib/python3.12/site-packages/airflow/example_dags/example_latest_only.py
[2025-08-29T08:46:44.659+0000] {processor.py:914} INFO - Processing file /home/airflow/.local/lib/python3.12/site-packages/airflow/example_dags/example_latest_only.py for tasks to queue
[2025-08-29T08:46:44.661+0000] {logging_mixin.py:190} INFO - [2025-08-29T08:46:44.661+0000] {dagbag.py:588} INFO - Filling up the DagBag from /home/airflow/.local/lib/python3.12/site-packages/airflow/example_dags/example_latest_only.py
[2025-08-29T08:46:44.666+0000] {processor.py:925} INFO - DAG(s) 'latest_only' retrieved from /home/airflow/.local/lib/python3.12/site-packages/airflow/example_dags/example_latest_only.py
[2025-08-29T08:46:44.685+0000] {logging_mixin.py:190} INFO - [2025-08-29T08:46:44.685+0000] {dag.py:3239} INFO - Sync 1 DAGs
[2025-08-29T08:46:44.710+0000] {logging_mixin.py:190} INFO - [2025-08-29T08:46:44.710+0000] {dag.py:4180} INFO - Setting next_dagrun for latest_only to 2025-08-29 04:00:00+00:00, run_after=2025-08-29 08:00:00+00:00
[2025-08-29T08:46:44.730+0000] {processor.py:208} INFO - Processing /home/airflow/.local/lib/python3.12/site-packages/airflow/example_dags/example_latest_only.py took 0.076 seconds
[2025-08-29T08:47:15.027+0000] {processor.py:186} INFO - Started process (PID=32593) to work on /home/airflow/.local/lib/python3.12/site-packages/airflow/example_dags/example_latest_only.py
[2025-08-29T08:47:15.028+0000] {processor.py:914} INFO - Processing file /home/airflow/.local/lib/python3.12/site-packages/airflow/example_dags/example_latest_only.py for tasks to queue
[2025-08-29T08:47:15.031+0000] {logging_mixin.py:190} INFO - [2025-08-29T08:47:15.031+0000] {dagbag.py:588} INFO - Filling up the DagBag from /home/airflow/.local/lib/python3.12/site-packages/airflow/example_dags/example_latest_only.py
[2025-08-29T08:47:15.038+0000] {processor.py:925} INFO - DAG(s) 'latest_only' retrieved from /home/airflow/.local/lib/python3.12/site-packages/airflow/example_dags/example_latest_only.py
[2025-08-29T08:47:15.057+0000] {logging_mixin.py:190} INFO - [2025-08-29T08:47:15.057+0000] {dag.py:3239} INFO - Sync 1 DAGs
[2025-08-29T08:47:15.079+0000] {logging_mixin.py:190} INFO - [2025-08-29T08:47:15.079+0000] {dag.py:4180} INFO - Setting next_dagrun for latest_only to 2025-08-29 04:00:00+00:00, run_after=2025-08-29 08:00:00+00:00
[2025-08-29T08:47:15.098+0000] {processor.py:208} INFO - Processing /home/airflow/.local/lib/python3.12/site-packages/airflow/example_dags/example_latest_only.py took 0.079 seconds
[2025-08-29T08:47:45.181+0000] {processor.py:186} INFO - Started process (PID=32656) to work on /home/airflow/.local/lib/python3.12/site-packages/airflow/example_dags/example_latest_only.py
[2025-08-29T08:47:45.184+0000] {processor.py:914} INFO - Processing file /home/airflow/.local/lib/python3.12/site-packages/airflow/example_dags/example_latest_only.py for tasks to queue
[2025-08-29T08:47:45.186+0000] {logging_mixin.py:190} INFO - [2025-08-29T08:47:45.186+0000] {dagbag.py:588} INFO - Filling up the DagBag from /home/airflow/.local/lib/python3.12/site-packages/airflow/example_dags/example_latest_only.py
[2025-08-29T08:47:45.195+0000] {processor.py:925} INFO - DAG(s) 'latest_only' retrieved from /home/airflow/.local/lib/python3.12/site-packages/airflow/example_dags/example_latest_only.py
[2025-08-29T08:47:45.227+0000] {logging_mixin.py:190} INFO - [2025-08-29T08:47:45.226+0000] {dag.py:3239} INFO - Sync 1 DAGs
[2025-08-29T08:47:45.257+0000] {logging_mixin.py:190} INFO - [2025-08-29T08:47:45.256+0000] {dag.py:4180} INFO - Setting next_dagrun for latest_only to 2025-08-29 04:00:00+00:00, run_after=2025-08-29 08:00:00+00:00
[2025-08-29T08:47:45.280+0000] {processor.py:208} INFO - Processing /home/airflow/.local/lib/python3.12/site-packages/airflow/example_dags/example_latest_only.py took 0.108 seconds
[2025-08-29T08:48:15.706+0000] {processor.py:186} INFO - Started process (PID=32721) to work on /home/airflow/.local/lib/python3.12/site-packages/airflow/example_dags/example_latest_only.py
[2025-08-29T08:48:15.707+0000] {processor.py:914} INFO - Processing file /home/airflow/.local/lib/python3.12/site-packages/airflow/example_dags/example_latest_only.py for tasks to queue
[2025-08-29T08:48:15.708+0000] {logging_mixin.py:190} INFO - [2025-08-29T08:48:15.708+0000] {dagbag.py:588} INFO - Filling up the DagBag from /home/airflow/.local/lib/python3.12/site-packages/airflow/example_dags/example_latest_only.py
[2025-08-29T08:48:15.713+0000] {processor.py:925} INFO - DAG(s) 'latest_only' retrieved from /home/airflow/.local/lib/python3.12/site-packages/airflow/example_dags/example_latest_only.py
[2025-08-29T08:48:15.731+0000] {logging_mixin.py:190} INFO - [2025-08-29T08:48:15.730+0000] {dag.py:3239} INFO - Sync 1 DAGs
[2025-08-29T08:48:15.748+0000] {logging_mixin.py:190} INFO - [2025-08-29T08:48:15.748+0000] {dag.py:4180} INFO - Setting next_dagrun for latest_only to 2025-08-29 04:00:00+00:00, run_after=2025-08-29 08:00:00+00:00
[2025-08-29T08:48:15.760+0000] {processor.py:208} INFO - Processing /home/airflow/.local/lib/python3.12/site-packages/airflow/example_dags/example_latest_only.py took 0.059 seconds
[2025-08-29T08:48:46.184+0000] {processor.py:186} INFO - Started process (PID=32785) to work on /home/airflow/.local/lib/python3.12/site-packages/airflow/example_dags/example_latest_only.py
[2025-08-29T08:48:46.184+0000] {processor.py:914} INFO - Processing file /home/airflow/.local/lib/python3.12/site-packages/airflow/example_dags/example_latest_only.py for tasks to queue
[2025-08-29T08:48:46.186+0000] {logging_mixin.py:190} INFO - [2025-08-29T08:48:46.186+0000] {dagbag.py:588} INFO - Filling up the DagBag from /home/airflow/.local/lib/python3.12/site-packages/airflow/example_dags/example_latest_only.py
[2025-08-29T08:48:46.191+0000] {processor.py:925} INFO - DAG(s) 'latest_only' retrieved from /home/airflow/.local/lib/python3.12/site-packages/airflow/example_dags/example_latest_only.py
[2025-08-29T08:48:46.210+0000] {logging_mixin.py:190} INFO - [2025-08-29T08:48:46.209+0000] {dag.py:3239} INFO - Sync 1 DAGs
[2025-08-29T08:48:46.235+0000] {logging_mixin.py:190} INFO - [2025-08-29T08:48:46.235+0000] {dag.py:4180} INFO - Setting next_dagrun for latest_only to 2025-08-29 04:00:00+00:00, run_after=2025-08-29 08:00:00+00:00
[2025-08-29T08:48:46.253+0000] {processor.py:208} INFO - Processing /home/airflow/.local/lib/python3.12/site-packages/airflow/example_dags/example_latest_only.py took 0.075 seconds
[2025-08-29T08:49:16.532+0000] {processor.py:186} INFO - Started process (PID=32849) to work on /home/airflow/.local/lib/python3.12/site-packages/airflow/example_dags/example_latest_only.py
[2025-08-29T08:49:16.533+0000] {processor.py:914} INFO - Processing file /home/airflow/.local/lib/python3.12/site-packages/airflow/example_dags/example_latest_only.py for tasks to queue
[2025-08-29T08:49:16.535+0000] {logging_mixin.py:190} INFO - [2025-08-29T08:49:16.534+0000] {dagbag.py:588} INFO - Filling up the DagBag from /home/airflow/.local/lib/python3.12/site-packages/airflow/example_dags/example_latest_only.py
[2025-08-29T08:49:16.539+0000] {processor.py:925} INFO - DAG(s) 'latest_only' retrieved from /home/airflow/.local/lib/python3.12/site-packages/airflow/example_dags/example_latest_only.py
[2025-08-29T08:49:16.558+0000] {logging_mixin.py:190} INFO - [2025-08-29T08:49:16.558+0000] {dag.py:3239} INFO - Sync 1 DAGs
[2025-08-29T08:49:16.583+0000] {logging_mixin.py:190} INFO - [2025-08-29T08:49:16.582+0000] {dag.py:4180} INFO - Setting next_dagrun for latest_only to 2025-08-29 04:00:00+00:00, run_after=2025-08-29 08:00:00+00:00
[2025-08-29T08:49:16.600+0000] {processor.py:208} INFO - Processing /home/airflow/.local/lib/python3.12/site-packages/airflow/example_dags/example_latest_only.py took 0.076 seconds
[2025-08-29T08:49:46.899+0000] {processor.py:186} INFO - Started process (PID=32913) to work on /home/airflow/.local/lib/python3.12/site-packages/airflow/example_dags/example_latest_only.py
[2025-08-29T08:49:46.900+0000] {processor.py:914} INFO - Processing file /home/airflow/.local/lib/python3.12/site-packages/airflow/example_dags/example_latest_only.py for tasks to queue
[2025-08-29T08:49:46.902+0000] {logging_mixin.py:190} INFO - [2025-08-29T08:49:46.901+0000] {dagbag.py:588} INFO - Filling up the DagBag from /home/airflow/.local/lib/python3.12/site-packages/airflow/example_dags/example_latest_only.py
[2025-08-29T08:49:46.910+0000] {processor.py:925} INFO - DAG(s) 'latest_only' retrieved from /home/airflow/.local/lib/python3.12/site-packages/airflow/example_dags/example_latest_only.py
[2025-08-29T08:49:46.931+0000] {logging_mixin.py:190} INFO - [2025-08-29T08:49:46.931+0000] {dag.py:3239} INFO - Sync 1 DAGs
[2025-08-29T08:49:46.959+0000] {logging_mixin.py:190} INFO - [2025-08-29T08:49:46.959+0000] {dag.py:4180} INFO - Setting next_dagrun for latest_only to 2025-08-29 04:00:00+00:00, run_after=2025-08-29 08:00:00+00:00
[2025-08-29T08:49:46.983+0000] {processor.py:208} INFO - Processing /home/airflow/.local/lib/python3.12/site-packages/airflow/example_dags/example_latest_only.py took 0.092 seconds
[2025-08-29T08:50:17.493+0000] {processor.py:186} INFO - Started process (PID=32977) to work on /home/airflow/.local/lib/python3.12/site-packages/airflow/example_dags/example_latest_only.py
[2025-08-29T08:50:17.494+0000] {processor.py:914} INFO - Processing file /home/airflow/.local/lib/python3.12/site-packages/airflow/example_dags/example_latest_only.py for tasks to queue
[2025-08-29T08:50:17.495+0000] {logging_mixin.py:190} INFO - [2025-08-29T08:50:17.495+0000] {dagbag.py:588} INFO - Filling up the DagBag from /home/airflow/.local/lib/python3.12/site-packages/airflow/example_dags/example_latest_only.py
[2025-08-29T08:50:17.500+0000] {processor.py:925} INFO - DAG(s) 'latest_only' retrieved from /home/airflow/.local/lib/python3.12/site-packages/airflow/example_dags/example_latest_only.py
[2025-08-29T08:50:17.520+0000] {logging_mixin.py:190} INFO - [2025-08-29T08:50:17.520+0000] {dag.py:3239} INFO - Sync 1 DAGs
[2025-08-29T08:50:17.542+0000] {logging_mixin.py:190} INFO - [2025-08-29T08:50:17.542+0000] {dag.py:4180} INFO - Setting next_dagrun for latest_only to 2025-08-29 04:00:00+00:00, run_after=2025-08-29 08:00:00+00:00
[2025-08-29T08:50:17.561+0000] {processor.py:208} INFO - Processing /home/airflow/.local/lib/python3.12/site-packages/airflow/example_dags/example_latest_only.py took 0.073 seconds
[2025-08-29T08:50:47.991+0000] {processor.py:186} INFO - Started process (PID=33041) to work on /home/airflow/.local/lib/python3.12/site-packages/airflow/example_dags/example_latest_only.py
[2025-08-29T08:50:47.992+0000] {processor.py:914} INFO - Processing file /home/airflow/.local/lib/python3.12/site-packages/airflow/example_dags/example_latest_only.py for tasks to queue
[2025-08-29T08:50:47.993+0000] {logging_mixin.py:190} INFO - [2025-08-29T08:50:47.993+0000] {dagbag.py:588} INFO - Filling up the DagBag from /home/airflow/.local/lib/python3.12/site-packages/airflow/example_dags/example_latest_only.py
[2025-08-29T08:50:47.997+0000] {processor.py:925} INFO - DAG(s) 'latest_only' retrieved from /home/airflow/.local/lib/python3.12/site-packages/airflow/example_dags/example_latest_only.py
[2025-08-29T08:50:48.014+0000] {logging_mixin.py:190} INFO - [2025-08-29T08:50:48.014+0000] {dag.py:3239} INFO - Sync 1 DAGs
[2025-08-29T08:50:48.038+0000] {logging_mixin.py:190} INFO - [2025-08-29T08:50:48.038+0000] {dag.py:4180} INFO - Setting next_dagrun for latest_only to 2025-08-29 04:00:00+00:00, run_after=2025-08-29 08:00:00+00:00
[2025-08-29T08:50:48.056+0000] {processor.py:208} INFO - Processing /home/airflow/.local/lib/python3.12/site-packages/airflow/example_dags/example_latest_only.py took 0.068 seconds
[2025-08-29T08:51:18.101+0000] {processor.py:186} INFO - Started process (PID=33104) to work on /home/airflow/.local/lib/python3.12/site-packages/airflow/example_dags/example_latest_only.py
[2025-08-29T08:51:18.102+0000] {processor.py:914} INFO - Processing file /home/airflow/.local/lib/python3.12/site-packages/airflow/example_dags/example_latest_only.py for tasks to queue
[2025-08-29T08:51:18.105+0000] {logging_mixin.py:190} INFO - [2025-08-29T08:51:18.104+0000] {dagbag.py:588} INFO - Filling up the DagBag from /home/airflow/.local/lib/python3.12/site-packages/airflow/example_dags/example_latest_only.py
[2025-08-29T08:51:18.111+0000] {processor.py:925} INFO - DAG(s) 'latest_only' retrieved from /home/airflow/.local/lib/python3.12/site-packages/airflow/example_dags/example_latest_only.py
[2025-08-29T08:51:18.130+0000] {logging_mixin.py:190} INFO - [2025-08-29T08:51:18.130+0000] {dag.py:3239} INFO - Sync 1 DAGs
[2025-08-29T08:51:18.146+0000] {logging_mixin.py:190} INFO - [2025-08-29T08:51:18.146+0000] {dag.py:4180} INFO - Setting next_dagrun for latest_only to 2025-08-29 04:00:00+00:00, run_after=2025-08-29 08:00:00+00:00
[2025-08-29T08:51:18.160+0000] {processor.py:208} INFO - Processing /home/airflow/.local/lib/python3.12/site-packages/airflow/example_dags/example_latest_only.py took 0.065 seconds
[2025-08-29T08:51:48.568+0000] {processor.py:186} INFO - Started process (PID=33169) to work on /home/airflow/.local/lib/python3.12/site-packages/airflow/example_dags/example_latest_only.py
[2025-08-29T08:51:48.569+0000] {processor.py:914} INFO - Processing file /home/airflow/.local/lib/python3.12/site-packages/airflow/example_dags/example_latest_only.py for tasks to queue
[2025-08-29T08:51:48.570+0000] {logging_mixin.py:190} INFO - [2025-08-29T08:51:48.570+0000] {dagbag.py:588} INFO - Filling up the DagBag from /home/airflow/.local/lib/python3.12/site-packages/airflow/example_dags/example_latest_only.py
[2025-08-29T08:51:48.574+0000] {processor.py:925} INFO - DAG(s) 'latest_only' retrieved from /home/airflow/.local/lib/python3.12/site-packages/airflow/example_dags/example_latest_only.py
[2025-08-29T08:51:48.593+0000] {logging_mixin.py:190} INFO - [2025-08-29T08:51:48.593+0000] {dag.py:3239} INFO - Sync 1 DAGs
[2025-08-29T08:51:48.610+0000] {logging_mixin.py:190} INFO - [2025-08-29T08:51:48.609+0000] {dag.py:4180} INFO - Setting next_dagrun for latest_only to 2025-08-29 04:00:00+00:00, run_after=2025-08-29 08:00:00+00:00
[2025-08-29T08:51:48.628+0000] {processor.py:208} INFO - Processing /home/airflow/.local/lib/python3.12/site-packages/airflow/example_dags/example_latest_only.py took 0.066 seconds
[2025-08-29T08:52:18.750+0000] {processor.py:186} INFO - Started process (PID=33232) to work on /home/airflow/.local/lib/python3.12/site-packages/airflow/example_dags/example_latest_only.py
[2025-08-29T08:52:18.752+0000] {processor.py:914} INFO - Processing file /home/airflow/.local/lib/python3.12/site-packages/airflow/example_dags/example_latest_only.py for tasks to queue
[2025-08-29T08:52:18.753+0000] {logging_mixin.py:190} INFO - [2025-08-29T08:52:18.753+0000] {dagbag.py:588} INFO - Filling up the DagBag from /home/airflow/.local/lib/python3.12/site-packages/airflow/example_dags/example_latest_only.py
[2025-08-29T08:52:18.758+0000] {processor.py:925} INFO - DAG(s) 'latest_only' retrieved from /home/airflow/.local/lib/python3.12/site-packages/airflow/example_dags/example_latest_only.py
[2025-08-29T08:52:18.774+0000] {logging_mixin.py:190} INFO - [2025-08-29T08:52:18.774+0000] {dag.py:3239} INFO - Sync 1 DAGs
[2025-08-29T08:52:18.790+0000] {logging_mixin.py:190} INFO - [2025-08-29T08:52:18.789+0000] {dag.py:4180} INFO - Setting next_dagrun for latest_only to 2025-08-29 04:00:00+00:00, run_after=2025-08-29 08:00:00+00:00
[2025-08-29T08:52:18.802+0000] {processor.py:208} INFO - Processing /home/airflow/.local/lib/python3.12/site-packages/airflow/example_dags/example_latest_only.py took 0.058 seconds
[2025-08-29T08:52:48.918+0000] {processor.py:186} INFO - Started process (PID=33296) to work on /home/airflow/.local/lib/python3.12/site-packages/airflow/example_dags/example_latest_only.py
[2025-08-29T08:52:48.919+0000] {processor.py:914} INFO - Processing file /home/airflow/.local/lib/python3.12/site-packages/airflow/example_dags/example_latest_only.py for tasks to queue
[2025-08-29T08:52:48.920+0000] {logging_mixin.py:190} INFO - [2025-08-29T08:52:48.920+0000] {dagbag.py:588} INFO - Filling up the DagBag from /home/airflow/.local/lib/python3.12/site-packages/airflow/example_dags/example_latest_only.py
[2025-08-29T08:52:48.925+0000] {processor.py:925} INFO - DAG(s) 'latest_only' retrieved from /home/airflow/.local/lib/python3.12/site-packages/airflow/example_dags/example_latest_only.py
[2025-08-29T08:52:48.944+0000] {logging_mixin.py:190} INFO - [2025-08-29T08:52:48.943+0000] {dag.py:3239} INFO - Sync 1 DAGs
[2025-08-29T08:52:48.966+0000] {logging_mixin.py:190} INFO - [2025-08-29T08:52:48.966+0000] {dag.py:4180} INFO - Setting next_dagrun for latest_only to 2025-08-29 04:00:00+00:00, run_after=2025-08-29 08:00:00+00:00
[2025-08-29T08:52:48.985+0000] {processor.py:208} INFO - Processing /home/airflow/.local/lib/python3.12/site-packages/airflow/example_dags/example_latest_only.py took 0.071 seconds
[2025-08-29T08:53:19.247+0000] {processor.py:186} INFO - Started process (PID=33360) to work on /home/airflow/.local/lib/python3.12/site-packages/airflow/example_dags/example_latest_only.py
[2025-08-29T08:53:19.250+0000] {processor.py:914} INFO - Processing file /home/airflow/.local/lib/python3.12/site-packages/airflow/example_dags/example_latest_only.py for tasks to queue
[2025-08-29T08:53:19.252+0000] {logging_mixin.py:190} INFO - [2025-08-29T08:53:19.252+0000] {dagbag.py:588} INFO - Filling up the DagBag from /home/airflow/.local/lib/python3.12/site-packages/airflow/example_dags/example_latest_only.py
[2025-08-29T08:53:19.260+0000] {processor.py:925} INFO - DAG(s) 'latest_only' retrieved from /home/airflow/.local/lib/python3.12/site-packages/airflow/example_dags/example_latest_only.py
[2025-08-29T08:53:19.287+0000] {logging_mixin.py:190} INFO - [2025-08-29T08:53:19.286+0000] {dag.py:3239} INFO - Sync 1 DAGs
[2025-08-29T08:53:19.307+0000] {logging_mixin.py:190} INFO - [2025-08-29T08:53:19.306+0000] {dag.py:4180} INFO - Setting next_dagrun for latest_only to 2025-08-29 04:00:00+00:00, run_after=2025-08-29 08:00:00+00:00
[2025-08-29T08:53:19.325+0000] {processor.py:208} INFO - Processing /home/airflow/.local/lib/python3.12/site-packages/airflow/example_dags/example_latest_only.py took 0.086 seconds
[2025-08-29T08:53:49.725+0000] {processor.py:186} INFO - Started process (PID=33425) to work on /home/airflow/.local/lib/python3.12/site-packages/airflow/example_dags/example_latest_only.py
[2025-08-29T08:53:49.726+0000] {processor.py:914} INFO - Processing file /home/airflow/.local/lib/python3.12/site-packages/airflow/example_dags/example_latest_only.py for tasks to queue
[2025-08-29T08:53:49.728+0000] {logging_mixin.py:190} INFO - [2025-08-29T08:53:49.728+0000] {dagbag.py:588} INFO - Filling up the DagBag from /home/airflow/.local/lib/python3.12/site-packages/airflow/example_dags/example_latest_only.py
[2025-08-29T08:53:49.735+0000] {processor.py:925} INFO - DAG(s) 'latest_only' retrieved from /home/airflow/.local/lib/python3.12/site-packages/airflow/example_dags/example_latest_only.py
[2025-08-29T08:53:49.754+0000] {logging_mixin.py:190} INFO - [2025-08-29T08:53:49.754+0000] {dag.py:3239} INFO - Sync 1 DAGs
[2025-08-29T08:53:49.779+0000] {logging_mixin.py:190} INFO - [2025-08-29T08:53:49.779+0000] {dag.py:4180} INFO - Setting next_dagrun for latest_only to 2025-08-29 04:00:00+00:00, run_after=2025-08-29 08:00:00+00:00
[2025-08-29T08:53:49.798+0000] {processor.py:208} INFO - Processing /home/airflow/.local/lib/python3.12/site-packages/airflow/example_dags/example_latest_only.py took 0.079 seconds
