[2025-08-29T08:40:39.466+0000] {processor.py:186} INFO - Started process (PID=31788) to work on /home/airflow/.local/lib/python3.12/site-packages/airflow/example_dags/example_latest_only_with_trigger.py
[2025-08-29T08:40:39.467+0000] {processor.py:914} INFO - Processing file /home/airflow/.local/lib/python3.12/site-packages/airflow/example_dags/example_latest_only_with_trigger.py for tasks to queue
[2025-08-29T08:40:39.470+0000] {logging_mixin.py:190} INFO - [2025-08-29T08:40:39.469+0000] {dagbag.py:588} INFO - Filling up the DagBag from /home/airflow/.local/lib/python3.12/site-packages/airflow/example_dags/example_latest_only_with_trigger.py
[2025-08-29T08:40:39.479+0000] {processor.py:925} INFO - DAG(s) 'latest_only_with_trigger' retrieved from /home/airflow/.local/lib/python3.12/site-packages/airflow/example_dags/example_latest_only_with_trigger.py
[2025-08-29T08:40:39.506+0000] {logging_mixin.py:190} INFO - [2025-08-29T08:40:39.505+0000] {dag.py:3239} INFO - Sync 1 DAGs
[2025-08-29T08:40:39.542+0000] {logging_mixin.py:190} INFO - [2025-08-29T08:40:39.542+0000] {dag.py:4180} INFO - Setting next_dagrun for latest_only_with_trigger to 2025-08-29 04:00:00+00:00, run_after=2025-08-29 08:00:00+00:00
[2025-08-29T08:40:39.571+0000] {processor.py:208} INFO - Processing /home/airflow/.local/lib/python3.12/site-packages/airflow/example_dags/example_latest_only_with_trigger.py took 0.113 seconds
[2025-08-29T08:41:10.635+0000] {processor.py:186} INFO - Started process (PID=31852) to work on /home/airflow/.local/lib/python3.12/site-packages/airflow/example_dags/example_latest_only_with_trigger.py
[2025-08-29T08:41:10.636+0000] {processor.py:914} INFO - Processing file /home/airflow/.local/lib/python3.12/site-packages/airflow/example_dags/example_latest_only_with_trigger.py for tasks to queue
[2025-08-29T08:41:10.638+0000] {logging_mixin.py:190} INFO - [2025-08-29T08:41:10.638+0000] {dagbag.py:588} INFO - Filling up the DagBag from /home/airflow/.local/lib/python3.12/site-packages/airflow/example_dags/example_latest_only_with_trigger.py
[2025-08-29T08:41:10.645+0000] {processor.py:925} INFO - DAG(s) 'latest_only_with_trigger' retrieved from /home/airflow/.local/lib/python3.12/site-packages/airflow/example_dags/example_latest_only_with_trigger.py
[2025-08-29T08:41:10.672+0000] {logging_mixin.py:190} INFO - [2025-08-29T08:41:10.672+0000] {dag.py:3239} INFO - Sync 1 DAGs
[2025-08-29T08:41:10.703+0000] {logging_mixin.py:190} INFO - [2025-08-29T08:41:10.703+0000] {dag.py:4180} INFO - Setting next_dagrun for latest_only_with_trigger to 2025-08-29 04:00:00+00:00, run_after=2025-08-29 08:00:00+00:00
[2025-08-29T08:41:10.728+0000] {processor.py:208} INFO - Processing /home/airflow/.local/lib/python3.12/site-packages/airflow/example_dags/example_latest_only_with_trigger.py took 0.098 seconds
[2025-08-29T08:41:41.658+0000] {processor.py:186} INFO - Started process (PID=31916) to work on /home/airflow/.local/lib/python3.12/site-packages/airflow/example_dags/example_latest_only_with_trigger.py
[2025-08-29T08:41:41.659+0000] {processor.py:914} INFO - Processing file /home/airflow/.local/lib/python3.12/site-packages/airflow/example_dags/example_latest_only_with_trigger.py for tasks to queue
[2025-08-29T08:41:41.661+0000] {logging_mixin.py:190} INFO - [2025-08-29T08:41:41.661+0000] {dagbag.py:588} INFO - Filling up the DagBag from /home/airflow/.local/lib/python3.12/site-packages/airflow/example_dags/example_latest_only_with_trigger.py
[2025-08-29T08:41:41.669+0000] {processor.py:925} INFO - DAG(s) 'latest_only_with_trigger' retrieved from /home/airflow/.local/lib/python3.12/site-packages/airflow/example_dags/example_latest_only_with_trigger.py
[2025-08-29T08:41:41.693+0000] {logging_mixin.py:190} INFO - [2025-08-29T08:41:41.693+0000] {dag.py:3239} INFO - Sync 1 DAGs
[2025-08-29T08:41:41.723+0000] {logging_mixin.py:190} INFO - [2025-08-29T08:41:41.722+0000] {dag.py:4180} INFO - Setting next_dagrun for latest_only_with_trigger to 2025-08-29 04:00:00+00:00, run_after=2025-08-29 08:00:00+00:00
[2025-08-29T08:41:41.741+0000] {processor.py:208} INFO - Processing /home/airflow/.local/lib/python3.12/site-packages/airflow/example_dags/example_latest_only_with_trigger.py took 0.091 seconds
[2025-08-29T08:42:11.888+0000] {processor.py:186} INFO - Started process (PID=31980) to work on /home/airflow/.local/lib/python3.12/site-packages/airflow/example_dags/example_latest_only_with_trigger.py
[2025-08-29T08:42:11.889+0000] {processor.py:914} INFO - Processing file /home/airflow/.local/lib/python3.12/site-packages/airflow/example_dags/example_latest_only_with_trigger.py for tasks to queue
[2025-08-29T08:42:11.892+0000] {logging_mixin.py:190} INFO - [2025-08-29T08:42:11.891+0000] {dagbag.py:588} INFO - Filling up the DagBag from /home/airflow/.local/lib/python3.12/site-packages/airflow/example_dags/example_latest_only_with_trigger.py
[2025-08-29T08:42:11.902+0000] {processor.py:925} INFO - DAG(s) 'latest_only_with_trigger' retrieved from /home/airflow/.local/lib/python3.12/site-packages/airflow/example_dags/example_latest_only_with_trigger.py
[2025-08-29T08:42:11.934+0000] {logging_mixin.py:190} INFO - [2025-08-29T08:42:11.933+0000] {dag.py:3239} INFO - Sync 1 DAGs
[2025-08-29T08:42:11.967+0000] {logging_mixin.py:190} INFO - [2025-08-29T08:42:11.967+0000] {dag.py:4180} INFO - Setting next_dagrun for latest_only_with_trigger to 2025-08-29 04:00:00+00:00, run_after=2025-08-29 08:00:00+00:00
[2025-08-29T08:42:11.994+0000] {processor.py:208} INFO - Processing /home/airflow/.local/lib/python3.12/site-packages/airflow/example_dags/example_latest_only_with_trigger.py took 0.116 seconds
[2025-08-29T08:42:42.710+0000] {processor.py:186} INFO - Started process (PID=32044) to work on /home/airflow/.local/lib/python3.12/site-packages/airflow/example_dags/example_latest_only_with_trigger.py
[2025-08-29T08:42:42.711+0000] {processor.py:914} INFO - Processing file /home/airflow/.local/lib/python3.12/site-packages/airflow/example_dags/example_latest_only_with_trigger.py for tasks to queue
[2025-08-29T08:42:42.713+0000] {logging_mixin.py:190} INFO - [2025-08-29T08:42:42.713+0000] {dagbag.py:588} INFO - Filling up the DagBag from /home/airflow/.local/lib/python3.12/site-packages/airflow/example_dags/example_latest_only_with_trigger.py
[2025-08-29T08:42:42.721+0000] {processor.py:925} INFO - DAG(s) 'latest_only_with_trigger' retrieved from /home/airflow/.local/lib/python3.12/site-packages/airflow/example_dags/example_latest_only_with_trigger.py
[2025-08-29T08:42:42.744+0000] {logging_mixin.py:190} INFO - [2025-08-29T08:42:42.744+0000] {dag.py:3239} INFO - Sync 1 DAGs
[2025-08-29T08:42:42.778+0000] {logging_mixin.py:190} INFO - [2025-08-29T08:42:42.777+0000] {dag.py:4180} INFO - Setting next_dagrun for latest_only_with_trigger to 2025-08-29 04:00:00+00:00, run_after=2025-08-29 08:00:00+00:00
[2025-08-29T08:42:42.802+0000] {processor.py:208} INFO - Processing /home/airflow/.local/lib/python3.12/site-packages/airflow/example_dags/example_latest_only_with_trigger.py took 0.100 seconds
[2025-08-29T08:43:13.212+0000] {processor.py:186} INFO - Started process (PID=32108) to work on /home/airflow/.local/lib/python3.12/site-packages/airflow/example_dags/example_latest_only_with_trigger.py
[2025-08-29T08:43:13.213+0000] {processor.py:914} INFO - Processing file /home/airflow/.local/lib/python3.12/site-packages/airflow/example_dags/example_latest_only_with_trigger.py for tasks to queue
[2025-08-29T08:43:13.215+0000] {logging_mixin.py:190} INFO - [2025-08-29T08:43:13.215+0000] {dagbag.py:588} INFO - Filling up the DagBag from /home/airflow/.local/lib/python3.12/site-packages/airflow/example_dags/example_latest_only_with_trigger.py
[2025-08-29T08:43:13.223+0000] {processor.py:925} INFO - DAG(s) 'latest_only_with_trigger' retrieved from /home/airflow/.local/lib/python3.12/site-packages/airflow/example_dags/example_latest_only_with_trigger.py
[2025-08-29T08:43:13.242+0000] {logging_mixin.py:190} INFO - [2025-08-29T08:43:13.241+0000] {dag.py:3239} INFO - Sync 1 DAGs
[2025-08-29T08:43:13.264+0000] {logging_mixin.py:190} INFO - [2025-08-29T08:43:13.264+0000] {dag.py:4180} INFO - Setting next_dagrun for latest_only_with_trigger to 2025-08-29 04:00:00+00:00, run_after=2025-08-29 08:00:00+00:00
[2025-08-29T08:43:13.289+0000] {processor.py:208} INFO - Processing /home/airflow/.local/lib/python3.12/site-packages/airflow/example_dags/example_latest_only_with_trigger.py took 0.086 seconds
[2025-08-29T08:43:43.635+0000] {processor.py:186} INFO - Started process (PID=32172) to work on /home/airflow/.local/lib/python3.12/site-packages/airflow/example_dags/example_latest_only_with_trigger.py
[2025-08-29T08:43:43.637+0000] {processor.py:914} INFO - Processing file /home/airflow/.local/lib/python3.12/site-packages/airflow/example_dags/example_latest_only_with_trigger.py for tasks to queue
[2025-08-29T08:43:43.641+0000] {logging_mixin.py:190} INFO - [2025-08-29T08:43:43.640+0000] {dagbag.py:588} INFO - Filling up the DagBag from /home/airflow/.local/lib/python3.12/site-packages/airflow/example_dags/example_latest_only_with_trigger.py
[2025-08-29T08:43:43.653+0000] {processor.py:925} INFO - DAG(s) 'latest_only_with_trigger' retrieved from /home/airflow/.local/lib/python3.12/site-packages/airflow/example_dags/example_latest_only_with_trigger.py
[2025-08-29T08:43:43.678+0000] {logging_mixin.py:190} INFO - [2025-08-29T08:43:43.677+0000] {dag.py:3239} INFO - Sync 1 DAGs
[2025-08-29T08:43:43.696+0000] {logging_mixin.py:190} INFO - [2025-08-29T08:43:43.696+0000] {dag.py:4180} INFO - Setting next_dagrun for latest_only_with_trigger to 2025-08-29 04:00:00+00:00, run_after=2025-08-29 08:00:00+00:00
[2025-08-29T08:43:43.711+0000] {processor.py:208} INFO - Processing /home/airflow/.local/lib/python3.12/site-packages/airflow/example_dags/example_latest_only_with_trigger.py took 0.088 seconds
[2025-08-29T08:44:14.402+0000] {processor.py:186} INFO - Started process (PID=32236) to work on /home/airflow/.local/lib/python3.12/site-packages/airflow/example_dags/example_latest_only_with_trigger.py
[2025-08-29T08:44:14.403+0000] {processor.py:914} INFO - Processing file /home/airflow/.local/lib/python3.12/site-packages/airflow/example_dags/example_latest_only_with_trigger.py for tasks to queue
[2025-08-29T08:44:14.404+0000] {logging_mixin.py:190} INFO - [2025-08-29T08:44:14.404+0000] {dagbag.py:588} INFO - Filling up the DagBag from /home/airflow/.local/lib/python3.12/site-packages/airflow/example_dags/example_latest_only_with_trigger.py
[2025-08-29T08:44:14.409+0000] {processor.py:925} INFO - DAG(s) 'latest_only_with_trigger' retrieved from /home/airflow/.local/lib/python3.12/site-packages/airflow/example_dags/example_latest_only_with_trigger.py
[2025-08-29T08:44:14.432+0000] {logging_mixin.py:190} INFO - [2025-08-29T08:44:14.431+0000] {dag.py:3239} INFO - Sync 1 DAGs
[2025-08-29T08:44:14.454+0000] {logging_mixin.py:190} INFO - [2025-08-29T08:44:14.454+0000] {dag.py:4180} INFO - Setting next_dagrun for latest_only_with_trigger to 2025-08-29 04:00:00+00:00, run_after=2025-08-29 08:00:00+00:00
[2025-08-29T08:44:14.469+0000] {processor.py:208} INFO - Processing /home/airflow/.local/lib/python3.12/site-packages/airflow/example_dags/example_latest_only_with_trigger.py took 0.070 seconds
[2025-08-29T08:44:45.246+0000] {processor.py:186} INFO - Started process (PID=32300) to work on /home/airflow/.local/lib/python3.12/site-packages/airflow/example_dags/example_latest_only_with_trigger.py
[2025-08-29T08:44:45.247+0000] {processor.py:914} INFO - Processing file /home/airflow/.local/lib/python3.12/site-packages/airflow/example_dags/example_latest_only_with_trigger.py for tasks to queue
[2025-08-29T08:44:45.248+0000] {logging_mixin.py:190} INFO - [2025-08-29T08:44:45.248+0000] {dagbag.py:588} INFO - Filling up the DagBag from /home/airflow/.local/lib/python3.12/site-packages/airflow/example_dags/example_latest_only_with_trigger.py
[2025-08-29T08:44:45.253+0000] {processor.py:925} INFO - DAG(s) 'latest_only_with_trigger' retrieved from /home/airflow/.local/lib/python3.12/site-packages/airflow/example_dags/example_latest_only_with_trigger.py
[2025-08-29T08:44:45.268+0000] {logging_mixin.py:190} INFO - [2025-08-29T08:44:45.268+0000] {dag.py:3239} INFO - Sync 1 DAGs
[2025-08-29T08:44:45.295+0000] {logging_mixin.py:190} INFO - [2025-08-29T08:44:45.295+0000] {dag.py:4180} INFO - Setting next_dagrun for latest_only_with_trigger to 2025-08-29 04:00:00+00:00, run_after=2025-08-29 08:00:00+00:00
[2025-08-29T08:44:45.313+0000] {processor.py:208} INFO - Processing /home/airflow/.local/lib/python3.12/site-packages/airflow/example_dags/example_latest_only_with_trigger.py took 0.070 seconds
[2025-08-29T08:45:15.606+0000] {processor.py:186} INFO - Started process (PID=32364) to work on /home/airflow/.local/lib/python3.12/site-packages/airflow/example_dags/example_latest_only_with_trigger.py
[2025-08-29T08:45:15.607+0000] {processor.py:914} INFO - Processing file /home/airflow/.local/lib/python3.12/site-packages/airflow/example_dags/example_latest_only_with_trigger.py for tasks to queue
[2025-08-29T08:45:15.609+0000] {logging_mixin.py:190} INFO - [2025-08-29T08:45:15.609+0000] {dagbag.py:588} INFO - Filling up the DagBag from /home/airflow/.local/lib/python3.12/site-packages/airflow/example_dags/example_latest_only_with_trigger.py
[2025-08-29T08:45:15.617+0000] {processor.py:925} INFO - DAG(s) 'latest_only_with_trigger' retrieved from /home/airflow/.local/lib/python3.12/site-packages/airflow/example_dags/example_latest_only_with_trigger.py
[2025-08-29T08:45:15.644+0000] {logging_mixin.py:190} INFO - [2025-08-29T08:45:15.643+0000] {dag.py:3239} INFO - Sync 1 DAGs
[2025-08-29T08:45:15.663+0000] {logging_mixin.py:190} INFO - [2025-08-29T08:45:15.663+0000] {dag.py:4180} INFO - Setting next_dagrun for latest_only_with_trigger to 2025-08-29 04:00:00+00:00, run_after=2025-08-29 08:00:00+00:00
[2025-08-29T08:45:15.679+0000] {processor.py:208} INFO - Processing /home/airflow/.local/lib/python3.12/site-packages/airflow/example_dags/example_latest_only_with_trigger.py took 0.082 seconds
[2025-08-29T08:45:46.237+0000] {processor.py:186} INFO - Started process (PID=32428) to work on /home/airflow/.local/lib/python3.12/site-packages/airflow/example_dags/example_latest_only_with_trigger.py
[2025-08-29T08:45:46.238+0000] {processor.py:914} INFO - Processing file /home/airflow/.local/lib/python3.12/site-packages/airflow/example_dags/example_latest_only_with_trigger.py for tasks to queue
[2025-08-29T08:45:46.239+0000] {logging_mixin.py:190} INFO - [2025-08-29T08:45:46.239+0000] {dagbag.py:588} INFO - Filling up the DagBag from /home/airflow/.local/lib/python3.12/site-packages/airflow/example_dags/example_latest_only_with_trigger.py
[2025-08-29T08:45:46.244+0000] {processor.py:925} INFO - DAG(s) 'latest_only_with_trigger' retrieved from /home/airflow/.local/lib/python3.12/site-packages/airflow/example_dags/example_latest_only_with_trigger.py
[2025-08-29T08:45:46.265+0000] {logging_mixin.py:190} INFO - [2025-08-29T08:45:46.264+0000] {dag.py:3239} INFO - Sync 1 DAGs
[2025-08-29T08:45:46.296+0000] {logging_mixin.py:190} INFO - [2025-08-29T08:45:46.296+0000] {dag.py:4180} INFO - Setting next_dagrun for latest_only_with_trigger to 2025-08-29 04:00:00+00:00, run_after=2025-08-29 08:00:00+00:00
[2025-08-29T08:45:46.321+0000] {processor.py:208} INFO - Processing /home/airflow/.local/lib/python3.12/site-packages/airflow/example_dags/example_latest_only_with_trigger.py took 0.088 seconds
[2025-08-29T08:46:16.823+0000] {processor.py:186} INFO - Started process (PID=32492) to work on /home/airflow/.local/lib/python3.12/site-packages/airflow/example_dags/example_latest_only_with_trigger.py
[2025-08-29T08:46:16.824+0000] {processor.py:914} INFO - Processing file /home/airflow/.local/lib/python3.12/site-packages/airflow/example_dags/example_latest_only_with_trigger.py for tasks to queue
[2025-08-29T08:46:16.826+0000] {logging_mixin.py:190} INFO - [2025-08-29T08:46:16.826+0000] {dagbag.py:588} INFO - Filling up the DagBag from /home/airflow/.local/lib/python3.12/site-packages/airflow/example_dags/example_latest_only_with_trigger.py
[2025-08-29T08:46:16.834+0000] {processor.py:925} INFO - DAG(s) 'latest_only_with_trigger' retrieved from /home/airflow/.local/lib/python3.12/site-packages/airflow/example_dags/example_latest_only_with_trigger.py
[2025-08-29T08:46:16.855+0000] {logging_mixin.py:190} INFO - [2025-08-29T08:46:16.855+0000] {dag.py:3239} INFO - Sync 1 DAGs
[2025-08-29T08:46:16.883+0000] {logging_mixin.py:190} INFO - [2025-08-29T08:46:16.882+0000] {dag.py:4180} INFO - Setting next_dagrun for latest_only_with_trigger to 2025-08-29 04:00:00+00:00, run_after=2025-08-29 08:00:00+00:00
[2025-08-29T08:46:16.903+0000] {processor.py:208} INFO - Processing /home/airflow/.local/lib/python3.12/site-packages/airflow/example_dags/example_latest_only_with_trigger.py took 0.086 seconds
[2025-08-29T08:46:47.242+0000] {processor.py:186} INFO - Started process (PID=32556) to work on /home/airflow/.local/lib/python3.12/site-packages/airflow/example_dags/example_latest_only_with_trigger.py
[2025-08-29T08:46:47.243+0000] {processor.py:914} INFO - Processing file /home/airflow/.local/lib/python3.12/site-packages/airflow/example_dags/example_latest_only_with_trigger.py for tasks to queue
[2025-08-29T08:46:47.244+0000] {logging_mixin.py:190} INFO - [2025-08-29T08:46:47.244+0000] {dagbag.py:588} INFO - Filling up the DagBag from /home/airflow/.local/lib/python3.12/site-packages/airflow/example_dags/example_latest_only_with_trigger.py
[2025-08-29T08:46:47.249+0000] {processor.py:925} INFO - DAG(s) 'latest_only_with_trigger' retrieved from /home/airflow/.local/lib/python3.12/site-packages/airflow/example_dags/example_latest_only_with_trigger.py
[2025-08-29T08:46:47.269+0000] {logging_mixin.py:190} INFO - [2025-08-29T08:46:47.269+0000] {dag.py:3239} INFO - Sync 1 DAGs
[2025-08-29T08:46:47.283+0000] {logging_mixin.py:190} INFO - [2025-08-29T08:46:47.283+0000] {dag.py:4180} INFO - Setting next_dagrun for latest_only_with_trigger to 2025-08-29 04:00:00+00:00, run_after=2025-08-29 08:00:00+00:00
[2025-08-29T08:46:47.292+0000] {processor.py:208} INFO - Processing /home/airflow/.local/lib/python3.12/site-packages/airflow/example_dags/example_latest_only_with_trigger.py took 0.054 seconds
[2025-08-29T08:47:17.427+0000] {processor.py:186} INFO - Started process (PID=32620) to work on /home/airflow/.local/lib/python3.12/site-packages/airflow/example_dags/example_latest_only_with_trigger.py
[2025-08-29T08:47:17.428+0000] {processor.py:914} INFO - Processing file /home/airflow/.local/lib/python3.12/site-packages/airflow/example_dags/example_latest_only_with_trigger.py for tasks to queue
[2025-08-29T08:47:17.429+0000] {logging_mixin.py:190} INFO - [2025-08-29T08:47:17.429+0000] {dagbag.py:588} INFO - Filling up the DagBag from /home/airflow/.local/lib/python3.12/site-packages/airflow/example_dags/example_latest_only_with_trigger.py
[2025-08-29T08:47:17.433+0000] {processor.py:925} INFO - DAG(s) 'latest_only_with_trigger' retrieved from /home/airflow/.local/lib/python3.12/site-packages/airflow/example_dags/example_latest_only_with_trigger.py
[2025-08-29T08:47:17.452+0000] {logging_mixin.py:190} INFO - [2025-08-29T08:47:17.452+0000] {dag.py:3239} INFO - Sync 1 DAGs
[2025-08-29T08:47:17.468+0000] {logging_mixin.py:190} INFO - [2025-08-29T08:47:17.468+0000] {dag.py:4180} INFO - Setting next_dagrun for latest_only_with_trigger to 2025-08-29 04:00:00+00:00, run_after=2025-08-29 08:00:00+00:00
[2025-08-29T08:47:17.486+0000] {processor.py:208} INFO - Processing /home/airflow/.local/lib/python3.12/site-packages/airflow/example_dags/example_latest_only_with_trigger.py took 0.062 seconds
[2025-08-29T08:47:47.777+0000] {processor.py:186} INFO - Started process (PID=32684) to work on /home/airflow/.local/lib/python3.12/site-packages/airflow/example_dags/example_latest_only_with_trigger.py
[2025-08-29T08:47:47.778+0000] {processor.py:914} INFO - Processing file /home/airflow/.local/lib/python3.12/site-packages/airflow/example_dags/example_latest_only_with_trigger.py for tasks to queue
[2025-08-29T08:47:47.780+0000] {logging_mixin.py:190} INFO - [2025-08-29T08:47:47.779+0000] {dagbag.py:588} INFO - Filling up the DagBag from /home/airflow/.local/lib/python3.12/site-packages/airflow/example_dags/example_latest_only_with_trigger.py
[2025-08-29T08:47:47.785+0000] {processor.py:925} INFO - DAG(s) 'latest_only_with_trigger' retrieved from /home/airflow/.local/lib/python3.12/site-packages/airflow/example_dags/example_latest_only_with_trigger.py
[2025-08-29T08:47:47.808+0000] {logging_mixin.py:190} INFO - [2025-08-29T08:47:47.807+0000] {dag.py:3239} INFO - Sync 1 DAGs
[2025-08-29T08:47:47.831+0000] {logging_mixin.py:190} INFO - [2025-08-29T08:47:47.830+0000] {dag.py:4180} INFO - Setting next_dagrun for latest_only_with_trigger to 2025-08-29 04:00:00+00:00, run_after=2025-08-29 08:00:00+00:00
[2025-08-29T08:47:47.848+0000] {processor.py:208} INFO - Processing /home/airflow/.local/lib/python3.12/site-packages/airflow/example_dags/example_latest_only_with_trigger.py took 0.078 seconds
[2025-08-29T08:48:18.277+0000] {processor.py:186} INFO - Started process (PID=32748) to work on /home/airflow/.local/lib/python3.12/site-packages/airflow/example_dags/example_latest_only_with_trigger.py
[2025-08-29T08:48:18.277+0000] {processor.py:914} INFO - Processing file /home/airflow/.local/lib/python3.12/site-packages/airflow/example_dags/example_latest_only_with_trigger.py for tasks to queue
[2025-08-29T08:48:18.279+0000] {logging_mixin.py:190} INFO - [2025-08-29T08:48:18.278+0000] {dagbag.py:588} INFO - Filling up the DagBag from /home/airflow/.local/lib/python3.12/site-packages/airflow/example_dags/example_latest_only_with_trigger.py
[2025-08-29T08:48:18.283+0000] {processor.py:925} INFO - DAG(s) 'latest_only_with_trigger' retrieved from /home/airflow/.local/lib/python3.12/site-packages/airflow/example_dags/example_latest_only_with_trigger.py
[2025-08-29T08:48:18.301+0000] {logging_mixin.py:190} INFO - [2025-08-29T08:48:18.301+0000] {dag.py:3239} INFO - Sync 1 DAGs
[2025-08-29T08:48:18.321+0000] {logging_mixin.py:190} INFO - [2025-08-29T08:48:18.320+0000] {dag.py:4180} INFO - Setting next_dagrun for latest_only_with_trigger to 2025-08-29 04:00:00+00:00, run_after=2025-08-29 08:00:00+00:00
[2025-08-29T08:48:18.338+0000] {processor.py:208} INFO - Processing /home/airflow/.local/lib/python3.12/site-packages/airflow/example_dags/example_latest_only_with_trigger.py took 0.065 seconds
[2025-08-29T08:48:48.707+0000] {processor.py:186} INFO - Started process (PID=32812) to work on /home/airflow/.local/lib/python3.12/site-packages/airflow/example_dags/example_latest_only_with_trigger.py
[2025-08-29T08:48:48.707+0000] {processor.py:914} INFO - Processing file /home/airflow/.local/lib/python3.12/site-packages/airflow/example_dags/example_latest_only_with_trigger.py for tasks to queue
[2025-08-29T08:48:48.709+0000] {logging_mixin.py:190} INFO - [2025-08-29T08:48:48.709+0000] {dagbag.py:588} INFO - Filling up the DagBag from /home/airflow/.local/lib/python3.12/site-packages/airflow/example_dags/example_latest_only_with_trigger.py
[2025-08-29T08:48:48.714+0000] {processor.py:925} INFO - DAG(s) 'latest_only_with_trigger' retrieved from /home/airflow/.local/lib/python3.12/site-packages/airflow/example_dags/example_latest_only_with_trigger.py
[2025-08-29T08:48:48.739+0000] {logging_mixin.py:190} INFO - [2025-08-29T08:48:48.739+0000] {dag.py:3239} INFO - Sync 1 DAGs
[2025-08-29T08:48:48.766+0000] {logging_mixin.py:190} INFO - [2025-08-29T08:48:48.765+0000] {dag.py:4180} INFO - Setting next_dagrun for latest_only_with_trigger to 2025-08-29 04:00:00+00:00, run_after=2025-08-29 08:00:00+00:00
[2025-08-29T08:48:48.786+0000] {processor.py:208} INFO - Processing /home/airflow/.local/lib/python3.12/site-packages/airflow/example_dags/example_latest_only_with_trigger.py took 0.087 seconds
[2025-08-29T08:49:19.078+0000] {processor.py:186} INFO - Started process (PID=32876) to work on /home/airflow/.local/lib/python3.12/site-packages/airflow/example_dags/example_latest_only_with_trigger.py
[2025-08-29T08:49:19.079+0000] {processor.py:914} INFO - Processing file /home/airflow/.local/lib/python3.12/site-packages/airflow/example_dags/example_latest_only_with_trigger.py for tasks to queue
[2025-08-29T08:49:19.081+0000] {logging_mixin.py:190} INFO - [2025-08-29T08:49:19.080+0000] {dagbag.py:588} INFO - Filling up the DagBag from /home/airflow/.local/lib/python3.12/site-packages/airflow/example_dags/example_latest_only_with_trigger.py
[2025-08-29T08:49:19.087+0000] {processor.py:925} INFO - DAG(s) 'latest_only_with_trigger' retrieved from /home/airflow/.local/lib/python3.12/site-packages/airflow/example_dags/example_latest_only_with_trigger.py
[2025-08-29T08:49:19.108+0000] {logging_mixin.py:190} INFO - [2025-08-29T08:49:19.108+0000] {dag.py:3239} INFO - Sync 1 DAGs
[2025-08-29T08:49:19.133+0000] {logging_mixin.py:190} INFO - [2025-08-29T08:49:19.133+0000] {dag.py:4180} INFO - Setting next_dagrun for latest_only_with_trigger to 2025-08-29 04:00:00+00:00, run_after=2025-08-29 08:00:00+00:00
[2025-08-29T08:49:19.151+0000] {processor.py:208} INFO - Processing /home/airflow/.local/lib/python3.12/site-packages/airflow/example_dags/example_latest_only_with_trigger.py took 0.080 seconds
[2025-08-29T08:49:49.619+0000] {processor.py:186} INFO - Started process (PID=32940) to work on /home/airflow/.local/lib/python3.12/site-packages/airflow/example_dags/example_latest_only_with_trigger.py
[2025-08-29T08:49:49.620+0000] {processor.py:914} INFO - Processing file /home/airflow/.local/lib/python3.12/site-packages/airflow/example_dags/example_latest_only_with_trigger.py for tasks to queue
[2025-08-29T08:49:49.621+0000] {logging_mixin.py:190} INFO - [2025-08-29T08:49:49.621+0000] {dagbag.py:588} INFO - Filling up the DagBag from /home/airflow/.local/lib/python3.12/site-packages/airflow/example_dags/example_latest_only_with_trigger.py
[2025-08-29T08:49:49.626+0000] {processor.py:925} INFO - DAG(s) 'latest_only_with_trigger' retrieved from /home/airflow/.local/lib/python3.12/site-packages/airflow/example_dags/example_latest_only_with_trigger.py
[2025-08-29T08:49:49.644+0000] {logging_mixin.py:190} INFO - [2025-08-29T08:49:49.644+0000] {dag.py:3239} INFO - Sync 1 DAGs
[2025-08-29T08:49:49.669+0000] {logging_mixin.py:190} INFO - [2025-08-29T08:49:49.669+0000] {dag.py:4180} INFO - Setting next_dagrun for latest_only_with_trigger to 2025-08-29 04:00:00+00:00, run_after=2025-08-29 08:00:00+00:00
[2025-08-29T08:49:49.688+0000] {processor.py:208} INFO - Processing /home/airflow/.local/lib/python3.12/site-packages/airflow/example_dags/example_latest_only_with_trigger.py took 0.073 seconds
[2025-08-29T08:50:19.970+0000] {processor.py:186} INFO - Started process (PID=33004) to work on /home/airflow/.local/lib/python3.12/site-packages/airflow/example_dags/example_latest_only_with_trigger.py
[2025-08-29T08:50:19.971+0000] {processor.py:914} INFO - Processing file /home/airflow/.local/lib/python3.12/site-packages/airflow/example_dags/example_latest_only_with_trigger.py for tasks to queue
[2025-08-29T08:50:19.972+0000] {logging_mixin.py:190} INFO - [2025-08-29T08:50:19.972+0000] {dagbag.py:588} INFO - Filling up the DagBag from /home/airflow/.local/lib/python3.12/site-packages/airflow/example_dags/example_latest_only_with_trigger.py
[2025-08-29T08:50:19.977+0000] {processor.py:925} INFO - DAG(s) 'latest_only_with_trigger' retrieved from /home/airflow/.local/lib/python3.12/site-packages/airflow/example_dags/example_latest_only_with_trigger.py
[2025-08-29T08:50:19.999+0000] {logging_mixin.py:190} INFO - [2025-08-29T08:50:19.998+0000] {dag.py:3239} INFO - Sync 1 DAGs
[2025-08-29T08:50:20.019+0000] {logging_mixin.py:190} INFO - [2025-08-29T08:50:20.019+0000] {dag.py:4180} INFO - Setting next_dagrun for latest_only_with_trigger to 2025-08-29 04:00:00+00:00, run_after=2025-08-29 08:00:00+00:00
[2025-08-29T08:50:20.043+0000] {processor.py:208} INFO - Processing /home/airflow/.local/lib/python3.12/site-packages/airflow/example_dags/example_latest_only_with_trigger.py took 0.077 seconds
[2025-08-29T08:50:50.302+0000] {processor.py:186} INFO - Started process (PID=33068) to work on /home/airflow/.local/lib/python3.12/site-packages/airflow/example_dags/example_latest_only_with_trigger.py
[2025-08-29T08:50:50.302+0000] {processor.py:914} INFO - Processing file /home/airflow/.local/lib/python3.12/site-packages/airflow/example_dags/example_latest_only_with_trigger.py for tasks to queue
[2025-08-29T08:50:50.304+0000] {logging_mixin.py:190} INFO - [2025-08-29T08:50:50.304+0000] {dagbag.py:588} INFO - Filling up the DagBag from /home/airflow/.local/lib/python3.12/site-packages/airflow/example_dags/example_latest_only_with_trigger.py
[2025-08-29T08:50:50.308+0000] {processor.py:925} INFO - DAG(s) 'latest_only_with_trigger' retrieved from /home/airflow/.local/lib/python3.12/site-packages/airflow/example_dags/example_latest_only_with_trigger.py
[2025-08-29T08:50:50.323+0000] {logging_mixin.py:190} INFO - [2025-08-29T08:50:50.322+0000] {dag.py:3239} INFO - Sync 1 DAGs
[2025-08-29T08:50:50.341+0000] {logging_mixin.py:190} INFO - [2025-08-29T08:50:50.341+0000] {dag.py:4180} INFO - Setting next_dagrun for latest_only_with_trigger to 2025-08-29 04:00:00+00:00, run_after=2025-08-29 08:00:00+00:00
[2025-08-29T08:50:50.358+0000] {processor.py:208} INFO - Processing /home/airflow/.local/lib/python3.12/site-packages/airflow/example_dags/example_latest_only_with_trigger.py took 0.060 seconds
[2025-08-29T08:51:20.500+0000] {processor.py:186} INFO - Started process (PID=33132) to work on /home/airflow/.local/lib/python3.12/site-packages/airflow/example_dags/example_latest_only_with_trigger.py
[2025-08-29T08:51:20.501+0000] {processor.py:914} INFO - Processing file /home/airflow/.local/lib/python3.12/site-packages/airflow/example_dags/example_latest_only_with_trigger.py for tasks to queue
[2025-08-29T08:51:20.502+0000] {logging_mixin.py:190} INFO - [2025-08-29T08:51:20.502+0000] {dagbag.py:588} INFO - Filling up the DagBag from /home/airflow/.local/lib/python3.12/site-packages/airflow/example_dags/example_latest_only_with_trigger.py
[2025-08-29T08:51:20.506+0000] {processor.py:925} INFO - DAG(s) 'latest_only_with_trigger' retrieved from /home/airflow/.local/lib/python3.12/site-packages/airflow/example_dags/example_latest_only_with_trigger.py
[2025-08-29T08:51:20.525+0000] {logging_mixin.py:190} INFO - [2025-08-29T08:51:20.524+0000] {dag.py:3239} INFO - Sync 1 DAGs
[2025-08-29T08:51:20.540+0000] {logging_mixin.py:190} INFO - [2025-08-29T08:51:20.540+0000] {dag.py:4180} INFO - Setting next_dagrun for latest_only_with_trigger to 2025-08-29 04:00:00+00:00, run_after=2025-08-29 08:00:00+00:00
[2025-08-29T08:51:20.550+0000] {processor.py:208} INFO - Processing /home/airflow/.local/lib/python3.12/site-packages/airflow/example_dags/example_latest_only_with_trigger.py took 0.053 seconds
[2025-08-29T08:51:50.874+0000] {processor.py:186} INFO - Started process (PID=33196) to work on /home/airflow/.local/lib/python3.12/site-packages/airflow/example_dags/example_latest_only_with_trigger.py
[2025-08-29T08:51:50.875+0000] {processor.py:914} INFO - Processing file /home/airflow/.local/lib/python3.12/site-packages/airflow/example_dags/example_latest_only_with_trigger.py for tasks to queue
[2025-08-29T08:51:50.876+0000] {logging_mixin.py:190} INFO - [2025-08-29T08:51:50.876+0000] {dagbag.py:588} INFO - Filling up the DagBag from /home/airflow/.local/lib/python3.12/site-packages/airflow/example_dags/example_latest_only_with_trigger.py
[2025-08-29T08:51:50.880+0000] {processor.py:925} INFO - DAG(s) 'latest_only_with_trigger' retrieved from /home/airflow/.local/lib/python3.12/site-packages/airflow/example_dags/example_latest_only_with_trigger.py
[2025-08-29T08:51:50.899+0000] {logging_mixin.py:190} INFO - [2025-08-29T08:51:50.898+0000] {dag.py:3239} INFO - Sync 1 DAGs
[2025-08-29T08:51:50.924+0000] {logging_mixin.py:190} INFO - [2025-08-29T08:51:50.924+0000] {dag.py:4180} INFO - Setting next_dagrun for latest_only_with_trigger to 2025-08-29 04:00:00+00:00, run_after=2025-08-29 08:00:00+00:00
[2025-08-29T08:51:50.944+0000] {processor.py:208} INFO - Processing /home/airflow/.local/lib/python3.12/site-packages/airflow/example_dags/example_latest_only_with_trigger.py took 0.074 seconds
[2025-08-29T08:52:21.241+0000] {processor.py:186} INFO - Started process (PID=33260) to work on /home/airflow/.local/lib/python3.12/site-packages/airflow/example_dags/example_latest_only_with_trigger.py
[2025-08-29T08:52:21.242+0000] {processor.py:914} INFO - Processing file /home/airflow/.local/lib/python3.12/site-packages/airflow/example_dags/example_latest_only_with_trigger.py for tasks to queue
[2025-08-29T08:52:21.244+0000] {logging_mixin.py:190} INFO - [2025-08-29T08:52:21.244+0000] {dagbag.py:588} INFO - Filling up the DagBag from /home/airflow/.local/lib/python3.12/site-packages/airflow/example_dags/example_latest_only_with_trigger.py
[2025-08-29T08:52:21.249+0000] {processor.py:925} INFO - DAG(s) 'latest_only_with_trigger' retrieved from /home/airflow/.local/lib/python3.12/site-packages/airflow/example_dags/example_latest_only_with_trigger.py
[2025-08-29T08:52:21.269+0000] {logging_mixin.py:190} INFO - [2025-08-29T08:52:21.269+0000] {dag.py:3239} INFO - Sync 1 DAGs
[2025-08-29T08:52:21.289+0000] {logging_mixin.py:190} INFO - [2025-08-29T08:52:21.289+0000] {dag.py:4180} INFO - Setting next_dagrun for latest_only_with_trigger to 2025-08-29 04:00:00+00:00, run_after=2025-08-29 08:00:00+00:00
[2025-08-29T08:52:21.305+0000] {processor.py:208} INFO - Processing /home/airflow/.local/lib/python3.12/site-packages/airflow/example_dags/example_latest_only_with_trigger.py took 0.070 seconds
[2025-08-29T08:52:51.498+0000] {processor.py:186} INFO - Started process (PID=33324) to work on /home/airflow/.local/lib/python3.12/site-packages/airflow/example_dags/example_latest_only_with_trigger.py
[2025-08-29T08:52:51.499+0000] {processor.py:914} INFO - Processing file /home/airflow/.local/lib/python3.12/site-packages/airflow/example_dags/example_latest_only_with_trigger.py for tasks to queue
[2025-08-29T08:52:51.502+0000] {logging_mixin.py:190} INFO - [2025-08-29T08:52:51.502+0000] {dagbag.py:588} INFO - Filling up the DagBag from /home/airflow/.local/lib/python3.12/site-packages/airflow/example_dags/example_latest_only_with_trigger.py
[2025-08-29T08:52:51.510+0000] {processor.py:925} INFO - DAG(s) 'latest_only_with_trigger' retrieved from /home/airflow/.local/lib/python3.12/site-packages/airflow/example_dags/example_latest_only_with_trigger.py
[2025-08-29T08:52:51.528+0000] {logging_mixin.py:190} INFO - [2025-08-29T08:52:51.527+0000] {dag.py:3239} INFO - Sync 1 DAGs
[2025-08-29T08:52:51.548+0000] {logging_mixin.py:190} INFO - [2025-08-29T08:52:51.547+0000] {dag.py:4180} INFO - Setting next_dagrun for latest_only_with_trigger to 2025-08-29 04:00:00+00:00, run_after=2025-08-29 08:00:00+00:00
[2025-08-29T08:52:51.565+0000] {processor.py:208} INFO - Processing /home/airflow/.local/lib/python3.12/site-packages/airflow/example_dags/example_latest_only_with_trigger.py took 0.076 seconds
[2025-08-29T08:53:21.999+0000] {processor.py:186} INFO - Started process (PID=33388) to work on /home/airflow/.local/lib/python3.12/site-packages/airflow/example_dags/example_latest_only_with_trigger.py
[2025-08-29T08:53:22.000+0000] {processor.py:914} INFO - Processing file /home/airflow/.local/lib/python3.12/site-packages/airflow/example_dags/example_latest_only_with_trigger.py for tasks to queue
[2025-08-29T08:53:22.002+0000] {logging_mixin.py:190} INFO - [2025-08-29T08:53:22.001+0000] {dagbag.py:588} INFO - Filling up the DagBag from /home/airflow/.local/lib/python3.12/site-packages/airflow/example_dags/example_latest_only_with_trigger.py
[2025-08-29T08:53:22.006+0000] {processor.py:925} INFO - DAG(s) 'latest_only_with_trigger' retrieved from /home/airflow/.local/lib/python3.12/site-packages/airflow/example_dags/example_latest_only_with_trigger.py
[2025-08-29T08:53:22.026+0000] {logging_mixin.py:190} INFO - [2025-08-29T08:53:22.025+0000] {dag.py:3239} INFO - Sync 1 DAGs
[2025-08-29T08:53:22.052+0000] {logging_mixin.py:190} INFO - [2025-08-29T08:53:22.052+0000] {dag.py:4180} INFO - Setting next_dagrun for latest_only_with_trigger to 2025-08-29 04:00:00+00:00, run_after=2025-08-29 08:00:00+00:00
[2025-08-29T08:53:22.070+0000] {processor.py:208} INFO - Processing /home/airflow/.local/lib/python3.12/site-packages/airflow/example_dags/example_latest_only_with_trigger.py took 0.077 seconds
[2025-08-29T08:53:52.154+0000] {processor.py:186} INFO - Started process (PID=33452) to work on /home/airflow/.local/lib/python3.12/site-packages/airflow/example_dags/example_latest_only_with_trigger.py
[2025-08-29T08:53:52.155+0000] {processor.py:914} INFO - Processing file /home/airflow/.local/lib/python3.12/site-packages/airflow/example_dags/example_latest_only_with_trigger.py for tasks to queue
[2025-08-29T08:53:52.156+0000] {logging_mixin.py:190} INFO - [2025-08-29T08:53:52.156+0000] {dagbag.py:588} INFO - Filling up the DagBag from /home/airflow/.local/lib/python3.12/site-packages/airflow/example_dags/example_latest_only_with_trigger.py
[2025-08-29T08:53:52.160+0000] {processor.py:925} INFO - DAG(s) 'latest_only_with_trigger' retrieved from /home/airflow/.local/lib/python3.12/site-packages/airflow/example_dags/example_latest_only_with_trigger.py
[2025-08-29T08:53:52.179+0000] {logging_mixin.py:190} INFO - [2025-08-29T08:53:52.179+0000] {dag.py:3239} INFO - Sync 1 DAGs
[2025-08-29T08:53:52.201+0000] {logging_mixin.py:190} INFO - [2025-08-29T08:53:52.200+0000] {dag.py:4180} INFO - Setting next_dagrun for latest_only_with_trigger to 2025-08-29 04:00:00+00:00, run_after=2025-08-29 08:00:00+00:00
[2025-08-29T08:53:52.218+0000] {processor.py:208} INFO - Processing /home/airflow/.local/lib/python3.12/site-packages/airflow/example_dags/example_latest_only_with_trigger.py took 0.069 seconds
