[2025-08-29T08:40:37.087+0000] {processor.py:186} INFO - Started process (PID=31758) to work on /home/airflow/.local/lib/python3.12/site-packages/airflow/example_dags/example_setup_teardown_taskflow.py
[2025-08-29T08:40:37.088+0000] {processor.py:914} INFO - Processing file /home/airflow/.local/lib/python3.12/site-packages/airflow/example_dags/example_setup_teardown_taskflow.py for tasks to queue
[2025-08-29T08:40:37.090+0000] {logging_mixin.py:190} INFO - [2025-08-29T08:40:37.090+0000] {dagbag.py:588} INFO - Filling up the DagBag from /home/airflow/.local/lib/python3.12/site-packages/airflow/example_dags/example_setup_teardown_taskflow.py
[2025-08-29T08:40:37.102+0000] {processor.py:925} INFO - DAG(s) 'example_setup_teardown_taskflow' retrieved from /home/airflow/.local/lib/python3.12/site-packages/airflow/example_dags/example_setup_teardown_taskflow.py
[2025-08-29T08:40:37.132+0000] {logging_mixin.py:190} INFO - [2025-08-29T08:40:37.131+0000] {dag.py:3239} INFO - Sync 1 DAGs
[2025-08-29T08:40:37.150+0000] {logging_mixin.py:190} INFO - [2025-08-29T08:40:37.150+0000] {dag.py:4180} INFO - Setting next_dagrun for example_setup_teardown_taskflow to None, run_after=None
[2025-08-29T08:40:37.180+0000] {processor.py:208} INFO - Processing /home/airflow/.local/lib/python3.12/site-packages/airflow/example_dags/example_setup_teardown_taskflow.py took 0.101 seconds
[2025-08-29T08:41:07.243+0000] {processor.py:186} INFO - Started process (PID=31822) to work on /home/airflow/.local/lib/python3.12/site-packages/airflow/example_dags/example_setup_teardown_taskflow.py
[2025-08-29T08:41:07.244+0000] {processor.py:914} INFO - Processing file /home/airflow/.local/lib/python3.12/site-packages/airflow/example_dags/example_setup_teardown_taskflow.py for tasks to queue
[2025-08-29T08:41:07.247+0000] {logging_mixin.py:190} INFO - [2025-08-29T08:41:07.246+0000] {dagbag.py:588} INFO - Filling up the DagBag from /home/airflow/.local/lib/python3.12/site-packages/airflow/example_dags/example_setup_teardown_taskflow.py
[2025-08-29T08:41:07.259+0000] {processor.py:925} INFO - DAG(s) 'example_setup_teardown_taskflow' retrieved from /home/airflow/.local/lib/python3.12/site-packages/airflow/example_dags/example_setup_teardown_taskflow.py
[2025-08-29T08:41:07.286+0000] {logging_mixin.py:190} INFO - [2025-08-29T08:41:07.286+0000] {dag.py:3239} INFO - Sync 1 DAGs
[2025-08-29T08:41:07.304+0000] {logging_mixin.py:190} INFO - [2025-08-29T08:41:07.304+0000] {dag.py:4180} INFO - Setting next_dagrun for example_setup_teardown_taskflow to None, run_after=None
[2025-08-29T08:41:07.331+0000] {processor.py:208} INFO - Processing /home/airflow/.local/lib/python3.12/site-packages/airflow/example_dags/example_setup_teardown_taskflow.py took 0.095 seconds
[2025-08-29T08:41:37.552+0000] {processor.py:186} INFO - Started process (PID=31879) to work on /home/airflow/.local/lib/python3.12/site-packages/airflow/example_dags/example_setup_teardown_taskflow.py
[2025-08-29T08:41:37.553+0000] {processor.py:914} INFO - Processing file /home/airflow/.local/lib/python3.12/site-packages/airflow/example_dags/example_setup_teardown_taskflow.py for tasks to queue
[2025-08-29T08:41:37.555+0000] {logging_mixin.py:190} INFO - [2025-08-29T08:41:37.555+0000] {dagbag.py:588} INFO - Filling up the DagBag from /home/airflow/.local/lib/python3.12/site-packages/airflow/example_dags/example_setup_teardown_taskflow.py
[2025-08-29T08:41:37.565+0000] {processor.py:925} INFO - DAG(s) 'example_setup_teardown_taskflow' retrieved from /home/airflow/.local/lib/python3.12/site-packages/airflow/example_dags/example_setup_teardown_taskflow.py
[2025-08-29T08:41:37.593+0000] {logging_mixin.py:190} INFO - [2025-08-29T08:41:37.593+0000] {dag.py:3239} INFO - Sync 1 DAGs
[2025-08-29T08:41:37.611+0000] {logging_mixin.py:190} INFO - [2025-08-29T08:41:37.611+0000] {dag.py:4180} INFO - Setting next_dagrun for example_setup_teardown_taskflow to None, run_after=None
[2025-08-29T08:41:37.647+0000] {processor.py:208} INFO - Processing /home/airflow/.local/lib/python3.12/site-packages/airflow/example_dags/example_setup_teardown_taskflow.py took 0.100 seconds
[2025-08-29T08:42:07.975+0000] {processor.py:186} INFO - Started process (PID=31943) to work on /home/airflow/.local/lib/python3.12/site-packages/airflow/example_dags/example_setup_teardown_taskflow.py
[2025-08-29T08:42:07.976+0000] {processor.py:914} INFO - Processing file /home/airflow/.local/lib/python3.12/site-packages/airflow/example_dags/example_setup_teardown_taskflow.py for tasks to queue
[2025-08-29T08:42:07.981+0000] {logging_mixin.py:190} INFO - [2025-08-29T08:42:07.980+0000] {dagbag.py:588} INFO - Filling up the DagBag from /home/airflow/.local/lib/python3.12/site-packages/airflow/example_dags/example_setup_teardown_taskflow.py
[2025-08-29T08:42:08.004+0000] {processor.py:925} INFO - DAG(s) 'example_setup_teardown_taskflow' retrieved from /home/airflow/.local/lib/python3.12/site-packages/airflow/example_dags/example_setup_teardown_taskflow.py
[2025-08-29T08:42:08.047+0000] {logging_mixin.py:190} INFO - [2025-08-29T08:42:08.047+0000] {dag.py:3239} INFO - Sync 1 DAGs
[2025-08-29T08:42:08.078+0000] {logging_mixin.py:190} INFO - [2025-08-29T08:42:08.078+0000] {dag.py:4180} INFO - Setting next_dagrun for example_setup_teardown_taskflow to None, run_after=None
[2025-08-29T08:42:08.113+0000] {processor.py:208} INFO - Processing /home/airflow/.local/lib/python3.12/site-packages/airflow/example_dags/example_setup_teardown_taskflow.py took 0.151 seconds
[2025-08-29T08:42:38.628+0000] {processor.py:186} INFO - Started process (PID=32007) to work on /home/airflow/.local/lib/python3.12/site-packages/airflow/example_dags/example_setup_teardown_taskflow.py
[2025-08-29T08:42:38.629+0000] {processor.py:914} INFO - Processing file /home/airflow/.local/lib/python3.12/site-packages/airflow/example_dags/example_setup_teardown_taskflow.py for tasks to queue
[2025-08-29T08:42:38.632+0000] {logging_mixin.py:190} INFO - [2025-08-29T08:42:38.631+0000] {dagbag.py:588} INFO - Filling up the DagBag from /home/airflow/.local/lib/python3.12/site-packages/airflow/example_dags/example_setup_teardown_taskflow.py
[2025-08-29T08:42:38.642+0000] {processor.py:925} INFO - DAG(s) 'example_setup_teardown_taskflow' retrieved from /home/airflow/.local/lib/python3.12/site-packages/airflow/example_dags/example_setup_teardown_taskflow.py
[2025-08-29T08:42:38.674+0000] {logging_mixin.py:190} INFO - [2025-08-29T08:42:38.674+0000] {dag.py:3239} INFO - Sync 1 DAGs
[2025-08-29T08:42:38.691+0000] {logging_mixin.py:190} INFO - [2025-08-29T08:42:38.691+0000] {dag.py:4180} INFO - Setting next_dagrun for example_setup_teardown_taskflow to None, run_after=None
[2025-08-29T08:42:38.724+0000] {processor.py:208} INFO - Processing /home/airflow/.local/lib/python3.12/site-packages/airflow/example_dags/example_setup_teardown_taskflow.py took 0.107 seconds
[2025-08-29T08:43:09.061+0000] {processor.py:186} INFO - Started process (PID=32071) to work on /home/airflow/.local/lib/python3.12/site-packages/airflow/example_dags/example_setup_teardown_taskflow.py
[2025-08-29T08:43:09.062+0000] {processor.py:914} INFO - Processing file /home/airflow/.local/lib/python3.12/site-packages/airflow/example_dags/example_setup_teardown_taskflow.py for tasks to queue
[2025-08-29T08:43:09.065+0000] {logging_mixin.py:190} INFO - [2025-08-29T08:43:09.065+0000] {dagbag.py:588} INFO - Filling up the DagBag from /home/airflow/.local/lib/python3.12/site-packages/airflow/example_dags/example_setup_teardown_taskflow.py
[2025-08-29T08:43:09.081+0000] {processor.py:925} INFO - DAG(s) 'example_setup_teardown_taskflow' retrieved from /home/airflow/.local/lib/python3.12/site-packages/airflow/example_dags/example_setup_teardown_taskflow.py
[2025-08-29T08:43:09.126+0000] {logging_mixin.py:190} INFO - [2025-08-29T08:43:09.125+0000] {dag.py:3239} INFO - Sync 1 DAGs
[2025-08-29T08:43:09.152+0000] {logging_mixin.py:190} INFO - [2025-08-29T08:43:09.151+0000] {dag.py:4180} INFO - Setting next_dagrun for example_setup_teardown_taskflow to None, run_after=None
[2025-08-29T08:43:09.176+0000] {processor.py:208} INFO - Processing /home/airflow/.local/lib/python3.12/site-packages/airflow/example_dags/example_setup_teardown_taskflow.py took 0.123 seconds
[2025-08-29T08:43:39.487+0000] {processor.py:186} INFO - Started process (PID=32135) to work on /home/airflow/.local/lib/python3.12/site-packages/airflow/example_dags/example_setup_teardown_taskflow.py
[2025-08-29T08:43:39.488+0000] {processor.py:914} INFO - Processing file /home/airflow/.local/lib/python3.12/site-packages/airflow/example_dags/example_setup_teardown_taskflow.py for tasks to queue
[2025-08-29T08:43:39.490+0000] {logging_mixin.py:190} INFO - [2025-08-29T08:43:39.490+0000] {dagbag.py:588} INFO - Filling up the DagBag from /home/airflow/.local/lib/python3.12/site-packages/airflow/example_dags/example_setup_teardown_taskflow.py
[2025-08-29T08:43:39.501+0000] {processor.py:925} INFO - DAG(s) 'example_setup_teardown_taskflow' retrieved from /home/airflow/.local/lib/python3.12/site-packages/airflow/example_dags/example_setup_teardown_taskflow.py
[2025-08-29T08:43:39.523+0000] {logging_mixin.py:190} INFO - [2025-08-29T08:43:39.523+0000] {dag.py:3239} INFO - Sync 1 DAGs
[2025-08-29T08:43:39.538+0000] {logging_mixin.py:190} INFO - [2025-08-29T08:43:39.538+0000] {dag.py:4180} INFO - Setting next_dagrun for example_setup_teardown_taskflow to None, run_after=None
[2025-08-29T08:43:39.557+0000] {processor.py:208} INFO - Processing /home/airflow/.local/lib/python3.12/site-packages/airflow/example_dags/example_setup_teardown_taskflow.py took 0.077 seconds
[2025-08-29T08:44:10.324+0000] {processor.py:186} INFO - Started process (PID=32199) to work on /home/airflow/.local/lib/python3.12/site-packages/airflow/example_dags/example_setup_teardown_taskflow.py
[2025-08-29T08:44:10.325+0000] {processor.py:914} INFO - Processing file /home/airflow/.local/lib/python3.12/site-packages/airflow/example_dags/example_setup_teardown_taskflow.py for tasks to queue
[2025-08-29T08:44:10.326+0000] {logging_mixin.py:190} INFO - [2025-08-29T08:44:10.326+0000] {dagbag.py:588} INFO - Filling up the DagBag from /home/airflow/.local/lib/python3.12/site-packages/airflow/example_dags/example_setup_teardown_taskflow.py
[2025-08-29T08:44:10.336+0000] {processor.py:925} INFO - DAG(s) 'example_setup_teardown_taskflow' retrieved from /home/airflow/.local/lib/python3.12/site-packages/airflow/example_dags/example_setup_teardown_taskflow.py
[2025-08-29T08:44:10.359+0000] {logging_mixin.py:190} INFO - [2025-08-29T08:44:10.359+0000] {dag.py:3239} INFO - Sync 1 DAGs
[2025-08-29T08:44:10.375+0000] {logging_mixin.py:190} INFO - [2025-08-29T08:44:10.375+0000] {dag.py:4180} INFO - Setting next_dagrun for example_setup_teardown_taskflow to None, run_after=None
[2025-08-29T08:44:10.391+0000] {processor.py:208} INFO - Processing /home/airflow/.local/lib/python3.12/site-packages/airflow/example_dags/example_setup_teardown_taskflow.py took 0.073 seconds
[2025-08-29T08:44:41.030+0000] {processor.py:186} INFO - Started process (PID=32263) to work on /home/airflow/.local/lib/python3.12/site-packages/airflow/example_dags/example_setup_teardown_taskflow.py
[2025-08-29T08:44:41.031+0000] {processor.py:914} INFO - Processing file /home/airflow/.local/lib/python3.12/site-packages/airflow/example_dags/example_setup_teardown_taskflow.py for tasks to queue
[2025-08-29T08:44:41.034+0000] {logging_mixin.py:190} INFO - [2025-08-29T08:44:41.034+0000] {dagbag.py:588} INFO - Filling up the DagBag from /home/airflow/.local/lib/python3.12/site-packages/airflow/example_dags/example_setup_teardown_taskflow.py
[2025-08-29T08:44:41.050+0000] {processor.py:925} INFO - DAG(s) 'example_setup_teardown_taskflow' retrieved from /home/airflow/.local/lib/python3.12/site-packages/airflow/example_dags/example_setup_teardown_taskflow.py
[2025-08-29T08:44:41.079+0000] {logging_mixin.py:190} INFO - [2025-08-29T08:44:41.079+0000] {dag.py:3239} INFO - Sync 1 DAGs
[2025-08-29T08:44:41.100+0000] {logging_mixin.py:190} INFO - [2025-08-29T08:44:41.100+0000] {dag.py:4180} INFO - Setting next_dagrun for example_setup_teardown_taskflow to None, run_after=None
[2025-08-29T08:44:41.127+0000] {processor.py:208} INFO - Processing /home/airflow/.local/lib/python3.12/site-packages/airflow/example_dags/example_setup_teardown_taskflow.py took 0.105 seconds
[2025-08-29T08:45:11.765+0000] {processor.py:186} INFO - Started process (PID=32327) to work on /home/airflow/.local/lib/python3.12/site-packages/airflow/example_dags/example_setup_teardown_taskflow.py
[2025-08-29T08:45:11.766+0000] {processor.py:914} INFO - Processing file /home/airflow/.local/lib/python3.12/site-packages/airflow/example_dags/example_setup_teardown_taskflow.py for tasks to queue
[2025-08-29T08:45:11.768+0000] {logging_mixin.py:190} INFO - [2025-08-29T08:45:11.768+0000] {dagbag.py:588} INFO - Filling up the DagBag from /home/airflow/.local/lib/python3.12/site-packages/airflow/example_dags/example_setup_teardown_taskflow.py
[2025-08-29T08:45:11.774+0000] {processor.py:925} INFO - DAG(s) 'example_setup_teardown_taskflow' retrieved from /home/airflow/.local/lib/python3.12/site-packages/airflow/example_dags/example_setup_teardown_taskflow.py
[2025-08-29T08:45:11.792+0000] {logging_mixin.py:190} INFO - [2025-08-29T08:45:11.792+0000] {dag.py:3239} INFO - Sync 1 DAGs
[2025-08-29T08:45:11.801+0000] {logging_mixin.py:190} INFO - [2025-08-29T08:45:11.800+0000] {dag.py:4180} INFO - Setting next_dagrun for example_setup_teardown_taskflow to None, run_after=None
[2025-08-29T08:45:11.812+0000] {processor.py:208} INFO - Processing /home/airflow/.local/lib/python3.12/site-packages/airflow/example_dags/example_setup_teardown_taskflow.py took 0.053 seconds
[2025-08-29T08:45:42.346+0000] {processor.py:186} INFO - Started process (PID=32391) to work on /home/airflow/.local/lib/python3.12/site-packages/airflow/example_dags/example_setup_teardown_taskflow.py
[2025-08-29T08:45:42.346+0000] {processor.py:914} INFO - Processing file /home/airflow/.local/lib/python3.12/site-packages/airflow/example_dags/example_setup_teardown_taskflow.py for tasks to queue
[2025-08-29T08:45:42.349+0000] {logging_mixin.py:190} INFO - [2025-08-29T08:45:42.349+0000] {dagbag.py:588} INFO - Filling up the DagBag from /home/airflow/.local/lib/python3.12/site-packages/airflow/example_dags/example_setup_teardown_taskflow.py
[2025-08-29T08:45:42.358+0000] {processor.py:925} INFO - DAG(s) 'example_setup_teardown_taskflow' retrieved from /home/airflow/.local/lib/python3.12/site-packages/airflow/example_dags/example_setup_teardown_taskflow.py
[2025-08-29T08:45:42.380+0000] {logging_mixin.py:190} INFO - [2025-08-29T08:45:42.380+0000] {dag.py:3239} INFO - Sync 1 DAGs
[2025-08-29T08:45:42.400+0000] {logging_mixin.py:190} INFO - [2025-08-29T08:45:42.399+0000] {dag.py:4180} INFO - Setting next_dagrun for example_setup_teardown_taskflow to None, run_after=None
[2025-08-29T08:45:42.418+0000] {processor.py:208} INFO - Processing /home/airflow/.local/lib/python3.12/site-packages/airflow/example_dags/example_setup_teardown_taskflow.py took 0.080 seconds
[2025-08-29T08:46:12.787+0000] {processor.py:186} INFO - Started process (PID=32455) to work on /home/airflow/.local/lib/python3.12/site-packages/airflow/example_dags/example_setup_teardown_taskflow.py
[2025-08-29T08:46:12.788+0000] {processor.py:914} INFO - Processing file /home/airflow/.local/lib/python3.12/site-packages/airflow/example_dags/example_setup_teardown_taskflow.py for tasks to queue
[2025-08-29T08:46:12.790+0000] {logging_mixin.py:190} INFO - [2025-08-29T08:46:12.790+0000] {dagbag.py:588} INFO - Filling up the DagBag from /home/airflow/.local/lib/python3.12/site-packages/airflow/example_dags/example_setup_teardown_taskflow.py
[2025-08-29T08:46:12.803+0000] {processor.py:925} INFO - DAG(s) 'example_setup_teardown_taskflow' retrieved from /home/airflow/.local/lib/python3.12/site-packages/airflow/example_dags/example_setup_teardown_taskflow.py
[2025-08-29T08:46:12.821+0000] {logging_mixin.py:190} INFO - [2025-08-29T08:46:12.821+0000] {dag.py:3239} INFO - Sync 1 DAGs
[2025-08-29T08:46:12.834+0000] {logging_mixin.py:190} INFO - [2025-08-29T08:46:12.833+0000] {dag.py:4180} INFO - Setting next_dagrun for example_setup_teardown_taskflow to None, run_after=None
[2025-08-29T08:46:12.851+0000] {processor.py:208} INFO - Processing /home/airflow/.local/lib/python3.12/site-packages/airflow/example_dags/example_setup_teardown_taskflow.py took 0.071 seconds
[2025-08-29T08:46:43.339+0000] {processor.py:186} INFO - Started process (PID=32519) to work on /home/airflow/.local/lib/python3.12/site-packages/airflow/example_dags/example_setup_teardown_taskflow.py
[2025-08-29T08:46:43.340+0000] {processor.py:914} INFO - Processing file /home/airflow/.local/lib/python3.12/site-packages/airflow/example_dags/example_setup_teardown_taskflow.py for tasks to queue
[2025-08-29T08:46:43.342+0000] {logging_mixin.py:190} INFO - [2025-08-29T08:46:43.342+0000] {dagbag.py:588} INFO - Filling up the DagBag from /home/airflow/.local/lib/python3.12/site-packages/airflow/example_dags/example_setup_teardown_taskflow.py
[2025-08-29T08:46:43.351+0000] {processor.py:925} INFO - DAG(s) 'example_setup_teardown_taskflow' retrieved from /home/airflow/.local/lib/python3.12/site-packages/airflow/example_dags/example_setup_teardown_taskflow.py
[2025-08-29T08:46:43.370+0000] {logging_mixin.py:190} INFO - [2025-08-29T08:46:43.370+0000] {dag.py:3239} INFO - Sync 1 DAGs
[2025-08-29T08:46:43.380+0000] {logging_mixin.py:190} INFO - [2025-08-29T08:46:43.379+0000] {dag.py:4180} INFO - Setting next_dagrun for example_setup_teardown_taskflow to None, run_after=None
[2025-08-29T08:46:43.392+0000] {processor.py:208} INFO - Processing /home/airflow/.local/lib/python3.12/site-packages/airflow/example_dags/example_setup_teardown_taskflow.py took 0.060 seconds
[2025-08-29T08:47:13.662+0000] {processor.py:186} INFO - Started process (PID=32583) to work on /home/airflow/.local/lib/python3.12/site-packages/airflow/example_dags/example_setup_teardown_taskflow.py
[2025-08-29T08:47:13.663+0000] {processor.py:914} INFO - Processing file /home/airflow/.local/lib/python3.12/site-packages/airflow/example_dags/example_setup_teardown_taskflow.py for tasks to queue
[2025-08-29T08:47:13.666+0000] {logging_mixin.py:190} INFO - [2025-08-29T08:47:13.665+0000] {dagbag.py:588} INFO - Filling up the DagBag from /home/airflow/.local/lib/python3.12/site-packages/airflow/example_dags/example_setup_teardown_taskflow.py
[2025-08-29T08:47:13.674+0000] {processor.py:925} INFO - DAG(s) 'example_setup_teardown_taskflow' retrieved from /home/airflow/.local/lib/python3.12/site-packages/airflow/example_dags/example_setup_teardown_taskflow.py
[2025-08-29T08:47:13.693+0000] {logging_mixin.py:190} INFO - [2025-08-29T08:47:13.693+0000] {dag.py:3239} INFO - Sync 1 DAGs
[2025-08-29T08:47:13.708+0000] {logging_mixin.py:190} INFO - [2025-08-29T08:47:13.708+0000] {dag.py:4180} INFO - Setting next_dagrun for example_setup_teardown_taskflow to None, run_after=None
[2025-08-29T08:47:13.731+0000] {processor.py:208} INFO - Processing /home/airflow/.local/lib/python3.12/site-packages/airflow/example_dags/example_setup_teardown_taskflow.py took 0.076 seconds
[2025-08-29T08:47:43.863+0000] {processor.py:186} INFO - Started process (PID=32647) to work on /home/airflow/.local/lib/python3.12/site-packages/airflow/example_dags/example_setup_teardown_taskflow.py
[2025-08-29T08:47:43.866+0000] {processor.py:914} INFO - Processing file /home/airflow/.local/lib/python3.12/site-packages/airflow/example_dags/example_setup_teardown_taskflow.py for tasks to queue
[2025-08-29T08:47:43.869+0000] {logging_mixin.py:190} INFO - [2025-08-29T08:47:43.869+0000] {dagbag.py:588} INFO - Filling up the DagBag from /home/airflow/.local/lib/python3.12/site-packages/airflow/example_dags/example_setup_teardown_taskflow.py
[2025-08-29T08:47:43.877+0000] {processor.py:925} INFO - DAG(s) 'example_setup_teardown_taskflow' retrieved from /home/airflow/.local/lib/python3.12/site-packages/airflow/example_dags/example_setup_teardown_taskflow.py
[2025-08-29T08:47:43.894+0000] {logging_mixin.py:190} INFO - [2025-08-29T08:47:43.893+0000] {dag.py:3239} INFO - Sync 1 DAGs
[2025-08-29T08:47:43.903+0000] {logging_mixin.py:190} INFO - [2025-08-29T08:47:43.903+0000] {dag.py:4180} INFO - Setting next_dagrun for example_setup_teardown_taskflow to None, run_after=None
[2025-08-29T08:47:43.915+0000] {processor.py:208} INFO - Processing /home/airflow/.local/lib/python3.12/site-packages/airflow/example_dags/example_setup_teardown_taskflow.py took 0.060 seconds
[2025-08-29T08:48:14.373+0000] {processor.py:186} INFO - Started process (PID=32711) to work on /home/airflow/.local/lib/python3.12/site-packages/airflow/example_dags/example_setup_teardown_taskflow.py
[2025-08-29T08:48:14.374+0000] {processor.py:914} INFO - Processing file /home/airflow/.local/lib/python3.12/site-packages/airflow/example_dags/example_setup_teardown_taskflow.py for tasks to queue
[2025-08-29T08:48:14.375+0000] {logging_mixin.py:190} INFO - [2025-08-29T08:48:14.375+0000] {dagbag.py:588} INFO - Filling up the DagBag from /home/airflow/.local/lib/python3.12/site-packages/airflow/example_dags/example_setup_teardown_taskflow.py
[2025-08-29T08:48:14.382+0000] {processor.py:925} INFO - DAG(s) 'example_setup_teardown_taskflow' retrieved from /home/airflow/.local/lib/python3.12/site-packages/airflow/example_dags/example_setup_teardown_taskflow.py
[2025-08-29T08:48:14.404+0000] {logging_mixin.py:190} INFO - [2025-08-29T08:48:14.404+0000] {dag.py:3239} INFO - Sync 1 DAGs
[2025-08-29T08:48:14.420+0000] {logging_mixin.py:190} INFO - [2025-08-29T08:48:14.420+0000] {dag.py:4180} INFO - Setting next_dagrun for example_setup_teardown_taskflow to None, run_after=None
[2025-08-29T08:48:14.440+0000] {processor.py:208} INFO - Processing /home/airflow/.local/lib/python3.12/site-packages/airflow/example_dags/example_setup_teardown_taskflow.py took 0.070 seconds
[2025-08-29T08:48:44.862+0000] {processor.py:186} INFO - Started process (PID=32775) to work on /home/airflow/.local/lib/python3.12/site-packages/airflow/example_dags/example_setup_teardown_taskflow.py
[2025-08-29T08:48:44.863+0000] {processor.py:914} INFO - Processing file /home/airflow/.local/lib/python3.12/site-packages/airflow/example_dags/example_setup_teardown_taskflow.py for tasks to queue
[2025-08-29T08:48:44.864+0000] {logging_mixin.py:190} INFO - [2025-08-29T08:48:44.864+0000] {dagbag.py:588} INFO - Filling up the DagBag from /home/airflow/.local/lib/python3.12/site-packages/airflow/example_dags/example_setup_teardown_taskflow.py
[2025-08-29T08:48:44.870+0000] {processor.py:925} INFO - DAG(s) 'example_setup_teardown_taskflow' retrieved from /home/airflow/.local/lib/python3.12/site-packages/airflow/example_dags/example_setup_teardown_taskflow.py
[2025-08-29T08:48:44.893+0000] {logging_mixin.py:190} INFO - [2025-08-29T08:48:44.892+0000] {dag.py:3239} INFO - Sync 1 DAGs
[2025-08-29T08:48:44.904+0000] {logging_mixin.py:190} INFO - [2025-08-29T08:48:44.904+0000] {dag.py:4180} INFO - Setting next_dagrun for example_setup_teardown_taskflow to None, run_after=None
[2025-08-29T08:48:44.923+0000] {processor.py:208} INFO - Processing /home/airflow/.local/lib/python3.12/site-packages/airflow/example_dags/example_setup_teardown_taskflow.py took 0.065 seconds
[2025-08-29T08:49:15.195+0000] {processor.py:186} INFO - Started process (PID=32839) to work on /home/airflow/.local/lib/python3.12/site-packages/airflow/example_dags/example_setup_teardown_taskflow.py
[2025-08-29T08:49:15.195+0000] {processor.py:914} INFO - Processing file /home/airflow/.local/lib/python3.12/site-packages/airflow/example_dags/example_setup_teardown_taskflow.py for tasks to queue
[2025-08-29T08:49:15.196+0000] {logging_mixin.py:190} INFO - [2025-08-29T08:49:15.196+0000] {dagbag.py:588} INFO - Filling up the DagBag from /home/airflow/.local/lib/python3.12/site-packages/airflow/example_dags/example_setup_teardown_taskflow.py
[2025-08-29T08:49:15.203+0000] {processor.py:925} INFO - DAG(s) 'example_setup_teardown_taskflow' retrieved from /home/airflow/.local/lib/python3.12/site-packages/airflow/example_dags/example_setup_teardown_taskflow.py
[2025-08-29T08:49:15.222+0000] {logging_mixin.py:190} INFO - [2025-08-29T08:49:15.222+0000] {dag.py:3239} INFO - Sync 1 DAGs
[2025-08-29T08:49:15.240+0000] {logging_mixin.py:190} INFO - [2025-08-29T08:49:15.240+0000] {dag.py:4180} INFO - Setting next_dagrun for example_setup_teardown_taskflow to None, run_after=None
[2025-08-29T08:49:15.260+0000] {processor.py:208} INFO - Processing /home/airflow/.local/lib/python3.12/site-packages/airflow/example_dags/example_setup_teardown_taskflow.py took 0.069 seconds
[2025-08-29T08:49:45.471+0000] {processor.py:186} INFO - Started process (PID=32903) to work on /home/airflow/.local/lib/python3.12/site-packages/airflow/example_dags/example_setup_teardown_taskflow.py
[2025-08-29T08:49:45.473+0000] {processor.py:914} INFO - Processing file /home/airflow/.local/lib/python3.12/site-packages/airflow/example_dags/example_setup_teardown_taskflow.py for tasks to queue
[2025-08-29T08:49:45.475+0000] {logging_mixin.py:190} INFO - [2025-08-29T08:49:45.475+0000] {dagbag.py:588} INFO - Filling up the DagBag from /home/airflow/.local/lib/python3.12/site-packages/airflow/example_dags/example_setup_teardown_taskflow.py
[2025-08-29T08:49:45.488+0000] {processor.py:925} INFO - DAG(s) 'example_setup_teardown_taskflow' retrieved from /home/airflow/.local/lib/python3.12/site-packages/airflow/example_dags/example_setup_teardown_taskflow.py
[2025-08-29T08:49:45.507+0000] {logging_mixin.py:190} INFO - [2025-08-29T08:49:45.507+0000] {dag.py:3239} INFO - Sync 1 DAGs
[2025-08-29T08:49:45.520+0000] {logging_mixin.py:190} INFO - [2025-08-29T08:49:45.520+0000] {dag.py:4180} INFO - Setting next_dagrun for example_setup_teardown_taskflow to None, run_after=None
[2025-08-29T08:49:45.548+0000] {processor.py:208} INFO - Processing /home/airflow/.local/lib/python3.12/site-packages/airflow/example_dags/example_setup_teardown_taskflow.py took 0.084 seconds
[2025-08-29T08:50:16.105+0000] {processor.py:186} INFO - Started process (PID=32967) to work on /home/airflow/.local/lib/python3.12/site-packages/airflow/example_dags/example_setup_teardown_taskflow.py
[2025-08-29T08:50:16.106+0000] {processor.py:914} INFO - Processing file /home/airflow/.local/lib/python3.12/site-packages/airflow/example_dags/example_setup_teardown_taskflow.py for tasks to queue
[2025-08-29T08:50:16.107+0000] {logging_mixin.py:190} INFO - [2025-08-29T08:50:16.107+0000] {dagbag.py:588} INFO - Filling up the DagBag from /home/airflow/.local/lib/python3.12/site-packages/airflow/example_dags/example_setup_teardown_taskflow.py
[2025-08-29T08:50:16.113+0000] {processor.py:925} INFO - DAG(s) 'example_setup_teardown_taskflow' retrieved from /home/airflow/.local/lib/python3.12/site-packages/airflow/example_dags/example_setup_teardown_taskflow.py
[2025-08-29T08:50:16.133+0000] {logging_mixin.py:190} INFO - [2025-08-29T08:50:16.133+0000] {dag.py:3239} INFO - Sync 1 DAGs
[2025-08-29T08:50:16.150+0000] {logging_mixin.py:190} INFO - [2025-08-29T08:50:16.149+0000] {dag.py:4180} INFO - Setting next_dagrun for example_setup_teardown_taskflow to None, run_after=None
[2025-08-29T08:50:16.174+0000] {processor.py:208} INFO - Processing /home/airflow/.local/lib/python3.12/site-packages/airflow/example_dags/example_setup_teardown_taskflow.py took 0.072 seconds
[2025-08-29T08:50:46.674+0000] {processor.py:186} INFO - Started process (PID=33031) to work on /home/airflow/.local/lib/python3.12/site-packages/airflow/example_dags/example_setup_teardown_taskflow.py
[2025-08-29T08:50:46.675+0000] {processor.py:914} INFO - Processing file /home/airflow/.local/lib/python3.12/site-packages/airflow/example_dags/example_setup_teardown_taskflow.py for tasks to queue
[2025-08-29T08:50:46.677+0000] {logging_mixin.py:190} INFO - [2025-08-29T08:50:46.677+0000] {dagbag.py:588} INFO - Filling up the DagBag from /home/airflow/.local/lib/python3.12/site-packages/airflow/example_dags/example_setup_teardown_taskflow.py
[2025-08-29T08:50:46.684+0000] {processor.py:925} INFO - DAG(s) 'example_setup_teardown_taskflow' retrieved from /home/airflow/.local/lib/python3.12/site-packages/airflow/example_dags/example_setup_teardown_taskflow.py
[2025-08-29T08:50:46.706+0000] {logging_mixin.py:190} INFO - [2025-08-29T08:50:46.706+0000] {dag.py:3239} INFO - Sync 1 DAGs
[2025-08-29T08:50:46.716+0000] {logging_mixin.py:190} INFO - [2025-08-29T08:50:46.716+0000] {dag.py:4180} INFO - Setting next_dagrun for example_setup_teardown_taskflow to None, run_after=None
[2025-08-29T08:50:46.732+0000] {processor.py:208} INFO - Processing /home/airflow/.local/lib/python3.12/site-packages/airflow/example_dags/example_setup_teardown_taskflow.py took 0.063 seconds
[2025-08-29T08:51:16.766+0000] {processor.py:186} INFO - Started process (PID=33095) to work on /home/airflow/.local/lib/python3.12/site-packages/airflow/example_dags/example_setup_teardown_taskflow.py
[2025-08-29T08:51:16.766+0000] {processor.py:914} INFO - Processing file /home/airflow/.local/lib/python3.12/site-packages/airflow/example_dags/example_setup_teardown_taskflow.py for tasks to queue
[2025-08-29T08:51:16.768+0000] {logging_mixin.py:190} INFO - [2025-08-29T08:51:16.767+0000] {dagbag.py:588} INFO - Filling up the DagBag from /home/airflow/.local/lib/python3.12/site-packages/airflow/example_dags/example_setup_teardown_taskflow.py
[2025-08-29T08:51:16.774+0000] {processor.py:925} INFO - DAG(s) 'example_setup_teardown_taskflow' retrieved from /home/airflow/.local/lib/python3.12/site-packages/airflow/example_dags/example_setup_teardown_taskflow.py
[2025-08-29T08:51:16.793+0000] {logging_mixin.py:190} INFO - [2025-08-29T08:51:16.793+0000] {dag.py:3239} INFO - Sync 1 DAGs
[2025-08-29T08:51:16.805+0000] {logging_mixin.py:190} INFO - [2025-08-29T08:51:16.805+0000] {dag.py:4180} INFO - Setting next_dagrun for example_setup_teardown_taskflow to None, run_after=None
[2025-08-29T08:51:16.820+0000] {processor.py:208} INFO - Processing /home/airflow/.local/lib/python3.12/site-packages/airflow/example_dags/example_setup_teardown_taskflow.py took 0.058 seconds
[2025-08-29T08:51:47.156+0000] {processor.py:186} INFO - Started process (PID=33159) to work on /home/airflow/.local/lib/python3.12/site-packages/airflow/example_dags/example_setup_teardown_taskflow.py
[2025-08-29T08:51:47.156+0000] {processor.py:914} INFO - Processing file /home/airflow/.local/lib/python3.12/site-packages/airflow/example_dags/example_setup_teardown_taskflow.py for tasks to queue
[2025-08-29T08:51:47.158+0000] {logging_mixin.py:190} INFO - [2025-08-29T08:51:47.158+0000] {dagbag.py:588} INFO - Filling up the DagBag from /home/airflow/.local/lib/python3.12/site-packages/airflow/example_dags/example_setup_teardown_taskflow.py
[2025-08-29T08:51:47.164+0000] {processor.py:925} INFO - DAG(s) 'example_setup_teardown_taskflow' retrieved from /home/airflow/.local/lib/python3.12/site-packages/airflow/example_dags/example_setup_teardown_taskflow.py
[2025-08-29T08:51:47.182+0000] {logging_mixin.py:190} INFO - [2025-08-29T08:51:47.181+0000] {dag.py:3239} INFO - Sync 1 DAGs
[2025-08-29T08:51:47.191+0000] {logging_mixin.py:190} INFO - [2025-08-29T08:51:47.191+0000] {dag.py:4180} INFO - Setting next_dagrun for example_setup_teardown_taskflow to None, run_after=None
[2025-08-29T08:51:47.205+0000] {processor.py:208} INFO - Processing /home/airflow/.local/lib/python3.12/site-packages/airflow/example_dags/example_setup_teardown_taskflow.py took 0.053 seconds
[2025-08-29T08:52:17.394+0000] {processor.py:186} INFO - Started process (PID=33223) to work on /home/airflow/.local/lib/python3.12/site-packages/airflow/example_dags/example_setup_teardown_taskflow.py
[2025-08-29T08:52:17.395+0000] {processor.py:914} INFO - Processing file /home/airflow/.local/lib/python3.12/site-packages/airflow/example_dags/example_setup_teardown_taskflow.py for tasks to queue
[2025-08-29T08:52:17.396+0000] {logging_mixin.py:190} INFO - [2025-08-29T08:52:17.396+0000] {dagbag.py:588} INFO - Filling up the DagBag from /home/airflow/.local/lib/python3.12/site-packages/airflow/example_dags/example_setup_teardown_taskflow.py
[2025-08-29T08:52:17.403+0000] {processor.py:925} INFO - DAG(s) 'example_setup_teardown_taskflow' retrieved from /home/airflow/.local/lib/python3.12/site-packages/airflow/example_dags/example_setup_teardown_taskflow.py
[2025-08-29T08:52:17.424+0000] {logging_mixin.py:190} INFO - [2025-08-29T08:52:17.423+0000] {dag.py:3239} INFO - Sync 1 DAGs
[2025-08-29T08:52:17.441+0000] {logging_mixin.py:190} INFO - [2025-08-29T08:52:17.440+0000] {dag.py:4180} INFO - Setting next_dagrun for example_setup_teardown_taskflow to None, run_after=None
[2025-08-29T08:52:17.462+0000] {processor.py:208} INFO - Processing /home/airflow/.local/lib/python3.12/site-packages/airflow/example_dags/example_setup_teardown_taskflow.py took 0.071 seconds
[2025-08-29T08:52:47.588+0000] {processor.py:186} INFO - Started process (PID=33287) to work on /home/airflow/.local/lib/python3.12/site-packages/airflow/example_dags/example_setup_teardown_taskflow.py
[2025-08-29T08:52:47.589+0000] {processor.py:914} INFO - Processing file /home/airflow/.local/lib/python3.12/site-packages/airflow/example_dags/example_setup_teardown_taskflow.py for tasks to queue
[2025-08-29T08:52:47.590+0000] {logging_mixin.py:190} INFO - [2025-08-29T08:52:47.590+0000] {dagbag.py:588} INFO - Filling up the DagBag from /home/airflow/.local/lib/python3.12/site-packages/airflow/example_dags/example_setup_teardown_taskflow.py
[2025-08-29T08:52:47.596+0000] {processor.py:925} INFO - DAG(s) 'example_setup_teardown_taskflow' retrieved from /home/airflow/.local/lib/python3.12/site-packages/airflow/example_dags/example_setup_teardown_taskflow.py
[2025-08-29T08:52:47.613+0000] {logging_mixin.py:190} INFO - [2025-08-29T08:52:47.613+0000] {dag.py:3239} INFO - Sync 1 DAGs
[2025-08-29T08:52:47.626+0000] {logging_mixin.py:190} INFO - [2025-08-29T08:52:47.626+0000] {dag.py:4180} INFO - Setting next_dagrun for example_setup_teardown_taskflow to None, run_after=None
[2025-08-29T08:52:47.639+0000] {processor.py:208} INFO - Processing /home/airflow/.local/lib/python3.12/site-packages/airflow/example_dags/example_setup_teardown_taskflow.py took 0.055 seconds
[2025-08-29T08:53:17.928+0000] {processor.py:186} INFO - Started process (PID=33351) to work on /home/airflow/.local/lib/python3.12/site-packages/airflow/example_dags/example_setup_teardown_taskflow.py
[2025-08-29T08:53:17.928+0000] {processor.py:914} INFO - Processing file /home/airflow/.local/lib/python3.12/site-packages/airflow/example_dags/example_setup_teardown_taskflow.py for tasks to queue
[2025-08-29T08:53:17.930+0000] {logging_mixin.py:190} INFO - [2025-08-29T08:53:17.929+0000] {dagbag.py:588} INFO - Filling up the DagBag from /home/airflow/.local/lib/python3.12/site-packages/airflow/example_dags/example_setup_teardown_taskflow.py
[2025-08-29T08:53:17.946+0000] {processor.py:925} INFO - DAG(s) 'example_setup_teardown_taskflow' retrieved from /home/airflow/.local/lib/python3.12/site-packages/airflow/example_dags/example_setup_teardown_taskflow.py
[2025-08-29T08:53:17.965+0000] {logging_mixin.py:190} INFO - [2025-08-29T08:53:17.964+0000] {dag.py:3239} INFO - Sync 1 DAGs
[2025-08-29T08:53:17.974+0000] {logging_mixin.py:190} INFO - [2025-08-29T08:53:17.974+0000] {dag.py:4180} INFO - Setting next_dagrun for example_setup_teardown_taskflow to None, run_after=None
[2025-08-29T08:53:17.988+0000] {processor.py:208} INFO - Processing /home/airflow/.local/lib/python3.12/site-packages/airflow/example_dags/example_setup_teardown_taskflow.py took 0.064 seconds
[2025-08-29T08:53:48.360+0000] {processor.py:186} INFO - Started process (PID=33415) to work on /home/airflow/.local/lib/python3.12/site-packages/airflow/example_dags/example_setup_teardown_taskflow.py
[2025-08-29T08:53:48.360+0000] {processor.py:914} INFO - Processing file /home/airflow/.local/lib/python3.12/site-packages/airflow/example_dags/example_setup_teardown_taskflow.py for tasks to queue
[2025-08-29T08:53:48.363+0000] {logging_mixin.py:190} INFO - [2025-08-29T08:53:48.362+0000] {dagbag.py:588} INFO - Filling up the DagBag from /home/airflow/.local/lib/python3.12/site-packages/airflow/example_dags/example_setup_teardown_taskflow.py
[2025-08-29T08:53:48.371+0000] {processor.py:925} INFO - DAG(s) 'example_setup_teardown_taskflow' retrieved from /home/airflow/.local/lib/python3.12/site-packages/airflow/example_dags/example_setup_teardown_taskflow.py
[2025-08-29T08:53:48.392+0000] {logging_mixin.py:190} INFO - [2025-08-29T08:53:48.392+0000] {dag.py:3239} INFO - Sync 1 DAGs
[2025-08-29T08:53:48.406+0000] {logging_mixin.py:190} INFO - [2025-08-29T08:53:48.405+0000] {dag.py:4180} INFO - Setting next_dagrun for example_setup_teardown_taskflow to None, run_after=None
[2025-08-29T08:53:48.426+0000] {processor.py:208} INFO - Processing /home/airflow/.local/lib/python3.12/site-packages/airflow/example_dags/example_setup_teardown_taskflow.py took 0.073 seconds
