[2025-08-29T08:40:38.256+0000] {processor.py:186} INFO - Started process (PID=31771) to work on /home/airflow/.local/lib/python3.12/site-packages/airflow/example_dags/example_setup_teardown.py
[2025-08-29T08:40:38.256+0000] {processor.py:914} INFO - Processing file /home/airflow/.local/lib/python3.12/site-packages/airflow/example_dags/example_setup_teardown.py for tasks to queue
[2025-08-29T08:40:38.259+0000] {logging_mixin.py:190} INFO - [2025-08-29T08:40:38.259+0000] {dagbag.py:588} INFO - Filling up the DagBag from /home/airflow/.local/lib/python3.12/site-packages/airflow/example_dags/example_setup_teardown.py
[2025-08-29T08:40:38.269+0000] {processor.py:925} INFO - DAG(s) 'example_setup_teardown' retrieved from /home/airflow/.local/lib/python3.12/site-packages/airflow/example_dags/example_setup_teardown.py
[2025-08-29T08:40:38.295+0000] {logging_mixin.py:190} INFO - [2025-08-29T08:40:38.295+0000] {dag.py:3239} INFO - Sync 1 DAGs
[2025-08-29T08:40:38.312+0000] {logging_mixin.py:190} INFO - [2025-08-29T08:40:38.312+0000] {dag.py:4180} INFO - Setting next_dagrun for example_setup_teardown to None, run_after=None
[2025-08-29T08:40:38.339+0000] {processor.py:208} INFO - Processing /home/airflow/.local/lib/python3.12/site-packages/airflow/example_dags/example_setup_teardown.py took 0.092 seconds
[2025-08-29T08:41:09.257+0000] {processor.py:186} INFO - Started process (PID=31835) to work on /home/airflow/.local/lib/python3.12/site-packages/airflow/example_dags/example_setup_teardown.py
[2025-08-29T08:41:09.258+0000] {processor.py:914} INFO - Processing file /home/airflow/.local/lib/python3.12/site-packages/airflow/example_dags/example_setup_teardown.py for tasks to queue
[2025-08-29T08:41:09.260+0000] {logging_mixin.py:190} INFO - [2025-08-29T08:41:09.260+0000] {dagbag.py:588} INFO - Filling up the DagBag from /home/airflow/.local/lib/python3.12/site-packages/airflow/example_dags/example_setup_teardown.py
[2025-08-29T08:41:09.268+0000] {processor.py:925} INFO - DAG(s) 'example_setup_teardown' retrieved from /home/airflow/.local/lib/python3.12/site-packages/airflow/example_dags/example_setup_teardown.py
[2025-08-29T08:41:09.292+0000] {logging_mixin.py:190} INFO - [2025-08-29T08:41:09.292+0000] {dag.py:3239} INFO - Sync 1 DAGs
[2025-08-29T08:41:09.309+0000] {logging_mixin.py:190} INFO - [2025-08-29T08:41:09.308+0000] {dag.py:4180} INFO - Setting next_dagrun for example_setup_teardown to None, run_after=None
[2025-08-29T08:41:09.333+0000] {processor.py:208} INFO - Processing /home/airflow/.local/lib/python3.12/site-packages/airflow/example_dags/example_setup_teardown.py took 0.083 seconds
[2025-08-29T08:41:40.312+0000] {processor.py:186} INFO - Started process (PID=31899) to work on /home/airflow/.local/lib/python3.12/site-packages/airflow/example_dags/example_setup_teardown.py
[2025-08-29T08:41:40.314+0000] {processor.py:914} INFO - Processing file /home/airflow/.local/lib/python3.12/site-packages/airflow/example_dags/example_setup_teardown.py for tasks to queue
[2025-08-29T08:41:40.318+0000] {logging_mixin.py:190} INFO - [2025-08-29T08:41:40.317+0000] {dagbag.py:588} INFO - Filling up the DagBag from /home/airflow/.local/lib/python3.12/site-packages/airflow/example_dags/example_setup_teardown.py
[2025-08-29T08:41:40.329+0000] {processor.py:925} INFO - DAG(s) 'example_setup_teardown' retrieved from /home/airflow/.local/lib/python3.12/site-packages/airflow/example_dags/example_setup_teardown.py
[2025-08-29T08:41:40.364+0000] {logging_mixin.py:190} INFO - [2025-08-29T08:41:40.364+0000] {dag.py:3239} INFO - Sync 1 DAGs
[2025-08-29T08:41:40.388+0000] {logging_mixin.py:190} INFO - [2025-08-29T08:41:40.387+0000] {dag.py:4180} INFO - Setting next_dagrun for example_setup_teardown to None, run_after=None
[2025-08-29T08:41:40.419+0000] {processor.py:208} INFO - Processing /home/airflow/.local/lib/python3.12/site-packages/airflow/example_dags/example_setup_teardown.py took 0.117 seconds
[2025-08-29T08:42:10.475+0000] {processor.py:186} INFO - Started process (PID=31963) to work on /home/airflow/.local/lib/python3.12/site-packages/airflow/example_dags/example_setup_teardown.py
[2025-08-29T08:42:10.477+0000] {processor.py:914} INFO - Processing file /home/airflow/.local/lib/python3.12/site-packages/airflow/example_dags/example_setup_teardown.py for tasks to queue
[2025-08-29T08:42:10.479+0000] {logging_mixin.py:190} INFO - [2025-08-29T08:42:10.479+0000] {dagbag.py:588} INFO - Filling up the DagBag from /home/airflow/.local/lib/python3.12/site-packages/airflow/example_dags/example_setup_teardown.py
[2025-08-29T08:42:10.488+0000] {processor.py:925} INFO - DAG(s) 'example_setup_teardown' retrieved from /home/airflow/.local/lib/python3.12/site-packages/airflow/example_dags/example_setup_teardown.py
[2025-08-29T08:42:10.517+0000] {logging_mixin.py:190} INFO - [2025-08-29T08:42:10.517+0000] {dag.py:3239} INFO - Sync 1 DAGs
[2025-08-29T08:42:10.542+0000] {logging_mixin.py:190} INFO - [2025-08-29T08:42:10.542+0000] {dag.py:4180} INFO - Setting next_dagrun for example_setup_teardown to None, run_after=None
[2025-08-29T08:42:10.577+0000] {processor.py:208} INFO - Processing /home/airflow/.local/lib/python3.12/site-packages/airflow/example_dags/example_setup_teardown.py took 0.113 seconds
[2025-08-29T08:42:41.337+0000] {processor.py:186} INFO - Started process (PID=32027) to work on /home/airflow/.local/lib/python3.12/site-packages/airflow/example_dags/example_setup_teardown.py
[2025-08-29T08:42:41.338+0000] {processor.py:914} INFO - Processing file /home/airflow/.local/lib/python3.12/site-packages/airflow/example_dags/example_setup_teardown.py for tasks to queue
[2025-08-29T08:42:41.341+0000] {logging_mixin.py:190} INFO - [2025-08-29T08:42:41.341+0000] {dagbag.py:588} INFO - Filling up the DagBag from /home/airflow/.local/lib/python3.12/site-packages/airflow/example_dags/example_setup_teardown.py
[2025-08-29T08:42:41.352+0000] {processor.py:925} INFO - DAG(s) 'example_setup_teardown' retrieved from /home/airflow/.local/lib/python3.12/site-packages/airflow/example_dags/example_setup_teardown.py
[2025-08-29T08:42:41.382+0000] {logging_mixin.py:190} INFO - [2025-08-29T08:42:41.381+0000] {dag.py:3239} INFO - Sync 1 DAGs
[2025-08-29T08:42:41.405+0000] {logging_mixin.py:190} INFO - [2025-08-29T08:42:41.405+0000] {dag.py:4180} INFO - Setting next_dagrun for example_setup_teardown to None, run_after=None
[2025-08-29T08:42:41.435+0000] {processor.py:208} INFO - Processing /home/airflow/.local/lib/python3.12/site-packages/airflow/example_dags/example_setup_teardown.py took 0.106 seconds
[2025-08-29T08:43:11.550+0000] {processor.py:186} INFO - Started process (PID=32091) to work on /home/airflow/.local/lib/python3.12/site-packages/airflow/example_dags/example_setup_teardown.py
[2025-08-29T08:43:11.551+0000] {processor.py:914} INFO - Processing file /home/airflow/.local/lib/python3.12/site-packages/airflow/example_dags/example_setup_teardown.py for tasks to queue
[2025-08-29T08:43:11.553+0000] {logging_mixin.py:190} INFO - [2025-08-29T08:43:11.552+0000] {dagbag.py:588} INFO - Filling up the DagBag from /home/airflow/.local/lib/python3.12/site-packages/airflow/example_dags/example_setup_teardown.py
[2025-08-29T08:43:11.561+0000] {processor.py:925} INFO - DAG(s) 'example_setup_teardown' retrieved from /home/airflow/.local/lib/python3.12/site-packages/airflow/example_dags/example_setup_teardown.py
[2025-08-29T08:43:11.590+0000] {logging_mixin.py:190} INFO - [2025-08-29T08:43:11.590+0000] {dag.py:3239} INFO - Sync 1 DAGs
[2025-08-29T08:43:11.608+0000] {logging_mixin.py:190} INFO - [2025-08-29T08:43:11.607+0000] {dag.py:4180} INFO - Setting next_dagrun for example_setup_teardown to None, run_after=None
[2025-08-29T08:43:11.632+0000] {processor.py:208} INFO - Processing /home/airflow/.local/lib/python3.12/site-packages/airflow/example_dags/example_setup_teardown.py took 0.090 seconds
[2025-08-29T08:43:42.561+0000] {processor.py:186} INFO - Started process (PID=32155) to work on /home/airflow/.local/lib/python3.12/site-packages/airflow/example_dags/example_setup_teardown.py
[2025-08-29T08:43:42.561+0000] {processor.py:914} INFO - Processing file /home/airflow/.local/lib/python3.12/site-packages/airflow/example_dags/example_setup_teardown.py for tasks to queue
[2025-08-29T08:43:42.563+0000] {logging_mixin.py:190} INFO - [2025-08-29T08:43:42.562+0000] {dagbag.py:588} INFO - Filling up the DagBag from /home/airflow/.local/lib/python3.12/site-packages/airflow/example_dags/example_setup_teardown.py
[2025-08-29T08:43:42.568+0000] {processor.py:925} INFO - DAG(s) 'example_setup_teardown' retrieved from /home/airflow/.local/lib/python3.12/site-packages/airflow/example_dags/example_setup_teardown.py
[2025-08-29T08:43:42.589+0000] {logging_mixin.py:190} INFO - [2025-08-29T08:43:42.589+0000] {dag.py:3239} INFO - Sync 1 DAGs
[2025-08-29T08:43:42.602+0000] {logging_mixin.py:190} INFO - [2025-08-29T08:43:42.602+0000] {dag.py:4180} INFO - Setting next_dagrun for example_setup_teardown to None, run_after=None
[2025-08-29T08:43:42.623+0000] {processor.py:208} INFO - Processing /home/airflow/.local/lib/python3.12/site-packages/airflow/example_dags/example_setup_teardown.py took 0.065 seconds
[2025-08-29T08:44:13.440+0000] {processor.py:186} INFO - Started process (PID=32219) to work on /home/airflow/.local/lib/python3.12/site-packages/airflow/example_dags/example_setup_teardown.py
[2025-08-29T08:44:13.441+0000] {processor.py:914} INFO - Processing file /home/airflow/.local/lib/python3.12/site-packages/airflow/example_dags/example_setup_teardown.py for tasks to queue
[2025-08-29T08:44:13.442+0000] {logging_mixin.py:190} INFO - [2025-08-29T08:44:13.442+0000] {dagbag.py:588} INFO - Filling up the DagBag from /home/airflow/.local/lib/python3.12/site-packages/airflow/example_dags/example_setup_teardown.py
[2025-08-29T08:44:13.448+0000] {processor.py:925} INFO - DAG(s) 'example_setup_teardown' retrieved from /home/airflow/.local/lib/python3.12/site-packages/airflow/example_dags/example_setup_teardown.py
[2025-08-29T08:44:13.465+0000] {logging_mixin.py:190} INFO - [2025-08-29T08:44:13.465+0000] {dag.py:3239} INFO - Sync 1 DAGs
[2025-08-29T08:44:13.482+0000] {logging_mixin.py:190} INFO - [2025-08-29T08:44:13.481+0000] {dag.py:4180} INFO - Setting next_dagrun for example_setup_teardown to None, run_after=None
[2025-08-29T08:44:13.502+0000] {processor.py:208} INFO - Processing /home/airflow/.local/lib/python3.12/site-packages/airflow/example_dags/example_setup_teardown.py took 0.066 seconds
[2025-08-29T08:44:44.071+0000] {processor.py:186} INFO - Started process (PID=32283) to work on /home/airflow/.local/lib/python3.12/site-packages/airflow/example_dags/example_setup_teardown.py
[2025-08-29T08:44:44.071+0000] {processor.py:914} INFO - Processing file /home/airflow/.local/lib/python3.12/site-packages/airflow/example_dags/example_setup_teardown.py for tasks to queue
[2025-08-29T08:44:44.074+0000] {logging_mixin.py:190} INFO - [2025-08-29T08:44:44.074+0000] {dagbag.py:588} INFO - Filling up the DagBag from /home/airflow/.local/lib/python3.12/site-packages/airflow/example_dags/example_setup_teardown.py
[2025-08-29T08:44:44.083+0000] {processor.py:925} INFO - DAG(s) 'example_setup_teardown' retrieved from /home/airflow/.local/lib/python3.12/site-packages/airflow/example_dags/example_setup_teardown.py
[2025-08-29T08:44:44.107+0000] {logging_mixin.py:190} INFO - [2025-08-29T08:44:44.106+0000] {dag.py:3239} INFO - Sync 1 DAGs
[2025-08-29T08:44:44.124+0000] {logging_mixin.py:190} INFO - [2025-08-29T08:44:44.124+0000] {dag.py:4180} INFO - Setting next_dagrun for example_setup_teardown to None, run_after=None
[2025-08-29T08:44:44.146+0000] {processor.py:208} INFO - Processing /home/airflow/.local/lib/python3.12/site-packages/airflow/example_dags/example_setup_teardown.py took 0.082 seconds
[2025-08-29T08:45:14.755+0000] {processor.py:186} INFO - Started process (PID=32347) to work on /home/airflow/.local/lib/python3.12/site-packages/airflow/example_dags/example_setup_teardown.py
[2025-08-29T08:45:14.756+0000] {processor.py:914} INFO - Processing file /home/airflow/.local/lib/python3.12/site-packages/airflow/example_dags/example_setup_teardown.py for tasks to queue
[2025-08-29T08:45:14.757+0000] {logging_mixin.py:190} INFO - [2025-08-29T08:45:14.757+0000] {dagbag.py:588} INFO - Filling up the DagBag from /home/airflow/.local/lib/python3.12/site-packages/airflow/example_dags/example_setup_teardown.py
[2025-08-29T08:45:14.762+0000] {processor.py:925} INFO - DAG(s) 'example_setup_teardown' retrieved from /home/airflow/.local/lib/python3.12/site-packages/airflow/example_dags/example_setup_teardown.py
[2025-08-29T08:45:14.784+0000] {logging_mixin.py:190} INFO - [2025-08-29T08:45:14.783+0000] {dag.py:3239} INFO - Sync 1 DAGs
[2025-08-29T08:45:14.801+0000] {logging_mixin.py:190} INFO - [2025-08-29T08:45:14.801+0000] {dag.py:4180} INFO - Setting next_dagrun for example_setup_teardown to None, run_after=None
[2025-08-29T08:45:14.820+0000] {processor.py:208} INFO - Processing /home/airflow/.local/lib/python3.12/site-packages/airflow/example_dags/example_setup_teardown.py took 0.072 seconds
[2025-08-29T08:45:45.336+0000] {processor.py:186} INFO - Started process (PID=32411) to work on /home/airflow/.local/lib/python3.12/site-packages/airflow/example_dags/example_setup_teardown.py
[2025-08-29T08:45:45.337+0000] {processor.py:914} INFO - Processing file /home/airflow/.local/lib/python3.12/site-packages/airflow/example_dags/example_setup_teardown.py for tasks to queue
[2025-08-29T08:45:45.339+0000] {logging_mixin.py:190} INFO - [2025-08-29T08:45:45.338+0000] {dagbag.py:588} INFO - Filling up the DagBag from /home/airflow/.local/lib/python3.12/site-packages/airflow/example_dags/example_setup_teardown.py
[2025-08-29T08:45:45.347+0000] {processor.py:925} INFO - DAG(s) 'example_setup_teardown' retrieved from /home/airflow/.local/lib/python3.12/site-packages/airflow/example_dags/example_setup_teardown.py
[2025-08-29T08:45:45.368+0000] {logging_mixin.py:190} INFO - [2025-08-29T08:45:45.368+0000] {dag.py:3239} INFO - Sync 1 DAGs
[2025-08-29T08:45:45.379+0000] {logging_mixin.py:190} INFO - [2025-08-29T08:45:45.378+0000] {dag.py:4180} INFO - Setting next_dagrun for example_setup_teardown to None, run_after=None
[2025-08-29T08:45:45.400+0000] {processor.py:208} INFO - Processing /home/airflow/.local/lib/python3.12/site-packages/airflow/example_dags/example_setup_teardown.py took 0.070 seconds
[2025-08-29T08:46:15.886+0000] {processor.py:186} INFO - Started process (PID=32475) to work on /home/airflow/.local/lib/python3.12/site-packages/airflow/example_dags/example_setup_teardown.py
[2025-08-29T08:46:15.887+0000] {processor.py:914} INFO - Processing file /home/airflow/.local/lib/python3.12/site-packages/airflow/example_dags/example_setup_teardown.py for tasks to queue
[2025-08-29T08:46:15.888+0000] {logging_mixin.py:190} INFO - [2025-08-29T08:46:15.888+0000] {dagbag.py:588} INFO - Filling up the DagBag from /home/airflow/.local/lib/python3.12/site-packages/airflow/example_dags/example_setup_teardown.py
[2025-08-29T08:46:15.893+0000] {processor.py:925} INFO - DAG(s) 'example_setup_teardown' retrieved from /home/airflow/.local/lib/python3.12/site-packages/airflow/example_dags/example_setup_teardown.py
[2025-08-29T08:46:15.912+0000] {logging_mixin.py:190} INFO - [2025-08-29T08:46:15.912+0000] {dag.py:3239} INFO - Sync 1 DAGs
[2025-08-29T08:46:15.926+0000] {logging_mixin.py:190} INFO - [2025-08-29T08:46:15.926+0000] {dag.py:4180} INFO - Setting next_dagrun for example_setup_teardown to None, run_after=None
[2025-08-29T08:46:15.939+0000] {processor.py:208} INFO - Processing /home/airflow/.local/lib/python3.12/site-packages/airflow/example_dags/example_setup_teardown.py took 0.057 seconds
[2025-08-29T08:46:46.306+0000] {processor.py:186} INFO - Started process (PID=32539) to work on /home/airflow/.local/lib/python3.12/site-packages/airflow/example_dags/example_setup_teardown.py
[2025-08-29T08:46:46.306+0000] {processor.py:914} INFO - Processing file /home/airflow/.local/lib/python3.12/site-packages/airflow/example_dags/example_setup_teardown.py for tasks to queue
[2025-08-29T08:46:46.307+0000] {logging_mixin.py:190} INFO - [2025-08-29T08:46:46.307+0000] {dagbag.py:588} INFO - Filling up the DagBag from /home/airflow/.local/lib/python3.12/site-packages/airflow/example_dags/example_setup_teardown.py
[2025-08-29T08:46:46.313+0000] {processor.py:925} INFO - DAG(s) 'example_setup_teardown' retrieved from /home/airflow/.local/lib/python3.12/site-packages/airflow/example_dags/example_setup_teardown.py
[2025-08-29T08:46:46.328+0000] {logging_mixin.py:190} INFO - [2025-08-29T08:46:46.327+0000] {dag.py:3239} INFO - Sync 1 DAGs
[2025-08-29T08:46:46.337+0000] {logging_mixin.py:190} INFO - [2025-08-29T08:46:46.337+0000] {dag.py:4180} INFO - Setting next_dagrun for example_setup_teardown to None, run_after=None
[2025-08-29T08:46:46.350+0000] {processor.py:208} INFO - Processing /home/airflow/.local/lib/python3.12/site-packages/airflow/example_dags/example_setup_teardown.py took 0.048 seconds
[2025-08-29T08:47:16.496+0000] {processor.py:186} INFO - Started process (PID=32603) to work on /home/airflow/.local/lib/python3.12/site-packages/airflow/example_dags/example_setup_teardown.py
[2025-08-29T08:47:16.497+0000] {processor.py:914} INFO - Processing file /home/airflow/.local/lib/python3.12/site-packages/airflow/example_dags/example_setup_teardown.py for tasks to queue
[2025-08-29T08:47:16.498+0000] {logging_mixin.py:190} INFO - [2025-08-29T08:47:16.498+0000] {dagbag.py:588} INFO - Filling up the DagBag from /home/airflow/.local/lib/python3.12/site-packages/airflow/example_dags/example_setup_teardown.py
[2025-08-29T08:47:16.503+0000] {processor.py:925} INFO - DAG(s) 'example_setup_teardown' retrieved from /home/airflow/.local/lib/python3.12/site-packages/airflow/example_dags/example_setup_teardown.py
[2025-08-29T08:47:16.518+0000] {logging_mixin.py:190} INFO - [2025-08-29T08:47:16.518+0000] {dag.py:3239} INFO - Sync 1 DAGs
[2025-08-29T08:47:16.533+0000] {logging_mixin.py:190} INFO - [2025-08-29T08:47:16.533+0000] {dag.py:4180} INFO - Setting next_dagrun for example_setup_teardown to None, run_after=None
[2025-08-29T08:47:16.546+0000] {processor.py:208} INFO - Processing /home/airflow/.local/lib/python3.12/site-packages/airflow/example_dags/example_setup_teardown.py took 0.054 seconds
[2025-08-29T08:47:46.823+0000] {processor.py:186} INFO - Started process (PID=32667) to work on /home/airflow/.local/lib/python3.12/site-packages/airflow/example_dags/example_setup_teardown.py
[2025-08-29T08:47:46.823+0000] {processor.py:914} INFO - Processing file /home/airflow/.local/lib/python3.12/site-packages/airflow/example_dags/example_setup_teardown.py for tasks to queue
[2025-08-29T08:47:46.824+0000] {logging_mixin.py:190} INFO - [2025-08-29T08:47:46.824+0000] {dagbag.py:588} INFO - Filling up the DagBag from /home/airflow/.local/lib/python3.12/site-packages/airflow/example_dags/example_setup_teardown.py
[2025-08-29T08:47:46.830+0000] {processor.py:925} INFO - DAG(s) 'example_setup_teardown' retrieved from /home/airflow/.local/lib/python3.12/site-packages/airflow/example_dags/example_setup_teardown.py
[2025-08-29T08:47:46.847+0000] {logging_mixin.py:190} INFO - [2025-08-29T08:47:46.847+0000] {dag.py:3239} INFO - Sync 1 DAGs
[2025-08-29T08:47:46.860+0000] {logging_mixin.py:190} INFO - [2025-08-29T08:47:46.860+0000] {dag.py:4180} INFO - Setting next_dagrun for example_setup_teardown to None, run_after=None
[2025-08-29T08:47:46.872+0000] {processor.py:208} INFO - Processing /home/airflow/.local/lib/python3.12/site-packages/airflow/example_dags/example_setup_teardown.py took 0.053 seconds
[2025-08-29T08:48:17.291+0000] {processor.py:186} INFO - Started process (PID=32731) to work on /home/airflow/.local/lib/python3.12/site-packages/airflow/example_dags/example_setup_teardown.py
[2025-08-29T08:48:17.291+0000] {processor.py:914} INFO - Processing file /home/airflow/.local/lib/python3.12/site-packages/airflow/example_dags/example_setup_teardown.py for tasks to queue
[2025-08-29T08:48:17.293+0000] {logging_mixin.py:190} INFO - [2025-08-29T08:48:17.293+0000] {dagbag.py:588} INFO - Filling up the DagBag from /home/airflow/.local/lib/python3.12/site-packages/airflow/example_dags/example_setup_teardown.py
[2025-08-29T08:48:17.298+0000] {processor.py:925} INFO - DAG(s) 'example_setup_teardown' retrieved from /home/airflow/.local/lib/python3.12/site-packages/airflow/example_dags/example_setup_teardown.py
[2025-08-29T08:48:17.318+0000] {logging_mixin.py:190} INFO - [2025-08-29T08:48:17.318+0000] {dag.py:3239} INFO - Sync 1 DAGs
[2025-08-29T08:48:17.329+0000] {logging_mixin.py:190} INFO - [2025-08-29T08:48:17.329+0000] {dag.py:4180} INFO - Setting next_dagrun for example_setup_teardown to None, run_after=None
[2025-08-29T08:48:17.350+0000] {processor.py:208} INFO - Processing /home/airflow/.local/lib/python3.12/site-packages/airflow/example_dags/example_setup_teardown.py took 0.065 seconds
[2025-08-29T08:48:47.729+0000] {processor.py:186} INFO - Started process (PID=32795) to work on /home/airflow/.local/lib/python3.12/site-packages/airflow/example_dags/example_setup_teardown.py
[2025-08-29T08:48:47.730+0000] {processor.py:914} INFO - Processing file /home/airflow/.local/lib/python3.12/site-packages/airflow/example_dags/example_setup_teardown.py for tasks to queue
[2025-08-29T08:48:47.732+0000] {logging_mixin.py:190} INFO - [2025-08-29T08:48:47.732+0000] {dagbag.py:588} INFO - Filling up the DagBag from /home/airflow/.local/lib/python3.12/site-packages/airflow/example_dags/example_setup_teardown.py
[2025-08-29T08:48:47.738+0000] {processor.py:925} INFO - DAG(s) 'example_setup_teardown' retrieved from /home/airflow/.local/lib/python3.12/site-packages/airflow/example_dags/example_setup_teardown.py
[2025-08-29T08:48:47.753+0000] {logging_mixin.py:190} INFO - [2025-08-29T08:48:47.753+0000] {dag.py:3239} INFO - Sync 1 DAGs
[2025-08-29T08:48:47.761+0000] {logging_mixin.py:190} INFO - [2025-08-29T08:48:47.761+0000] {dag.py:4180} INFO - Setting next_dagrun for example_setup_teardown to None, run_after=None
[2025-08-29T08:48:47.772+0000] {processor.py:208} INFO - Processing /home/airflow/.local/lib/python3.12/site-packages/airflow/example_dags/example_setup_teardown.py took 0.050 seconds
[2025-08-29T08:49:18.098+0000] {processor.py:186} INFO - Started process (PID=32859) to work on /home/airflow/.local/lib/python3.12/site-packages/airflow/example_dags/example_setup_teardown.py
[2025-08-29T08:49:18.098+0000] {processor.py:914} INFO - Processing file /home/airflow/.local/lib/python3.12/site-packages/airflow/example_dags/example_setup_teardown.py for tasks to queue
[2025-08-29T08:49:18.099+0000] {logging_mixin.py:190} INFO - [2025-08-29T08:49:18.099+0000] {dagbag.py:588} INFO - Filling up the DagBag from /home/airflow/.local/lib/python3.12/site-packages/airflow/example_dags/example_setup_teardown.py
[2025-08-29T08:49:18.104+0000] {processor.py:925} INFO - DAG(s) 'example_setup_teardown' retrieved from /home/airflow/.local/lib/python3.12/site-packages/airflow/example_dags/example_setup_teardown.py
[2025-08-29T08:49:18.117+0000] {logging_mixin.py:190} INFO - [2025-08-29T08:49:18.117+0000] {dag.py:3239} INFO - Sync 1 DAGs
[2025-08-29T08:49:18.126+0000] {logging_mixin.py:190} INFO - [2025-08-29T08:49:18.126+0000] {dag.py:4180} INFO - Setting next_dagrun for example_setup_teardown to None, run_after=None
[2025-08-29T08:49:18.138+0000] {processor.py:208} INFO - Processing /home/airflow/.local/lib/python3.12/site-packages/airflow/example_dags/example_setup_teardown.py took 0.044 seconds
[2025-08-29T08:49:48.473+0000] {processor.py:186} INFO - Started process (PID=32923) to work on /home/airflow/.local/lib/python3.12/site-packages/airflow/example_dags/example_setup_teardown.py
[2025-08-29T08:49:48.474+0000] {processor.py:914} INFO - Processing file /home/airflow/.local/lib/python3.12/site-packages/airflow/example_dags/example_setup_teardown.py for tasks to queue
[2025-08-29T08:49:48.475+0000] {logging_mixin.py:190} INFO - [2025-08-29T08:49:48.475+0000] {dagbag.py:588} INFO - Filling up the DagBag from /home/airflow/.local/lib/python3.12/site-packages/airflow/example_dags/example_setup_teardown.py
[2025-08-29T08:49:48.480+0000] {processor.py:925} INFO - DAG(s) 'example_setup_teardown' retrieved from /home/airflow/.local/lib/python3.12/site-packages/airflow/example_dags/example_setup_teardown.py
[2025-08-29T08:49:48.496+0000] {logging_mixin.py:190} INFO - [2025-08-29T08:49:48.496+0000] {dag.py:3239} INFO - Sync 1 DAGs
[2025-08-29T08:49:48.507+0000] {logging_mixin.py:190} INFO - [2025-08-29T08:49:48.507+0000] {dag.py:4180} INFO - Setting next_dagrun for example_setup_teardown to None, run_after=None
[2025-08-29T08:49:48.526+0000] {processor.py:208} INFO - Processing /home/airflow/.local/lib/python3.12/site-packages/airflow/example_dags/example_setup_teardown.py took 0.057 seconds
[2025-08-29T08:50:19.029+0000] {processor.py:186} INFO - Started process (PID=32987) to work on /home/airflow/.local/lib/python3.12/site-packages/airflow/example_dags/example_setup_teardown.py
[2025-08-29T08:50:19.029+0000] {processor.py:914} INFO - Processing file /home/airflow/.local/lib/python3.12/site-packages/airflow/example_dags/example_setup_teardown.py for tasks to queue
[2025-08-29T08:50:19.031+0000] {logging_mixin.py:190} INFO - [2025-08-29T08:50:19.030+0000] {dagbag.py:588} INFO - Filling up the DagBag from /home/airflow/.local/lib/python3.12/site-packages/airflow/example_dags/example_setup_teardown.py
[2025-08-29T08:50:19.036+0000] {processor.py:925} INFO - DAG(s) 'example_setup_teardown' retrieved from /home/airflow/.local/lib/python3.12/site-packages/airflow/example_dags/example_setup_teardown.py
[2025-08-29T08:50:19.055+0000] {logging_mixin.py:190} INFO - [2025-08-29T08:50:19.055+0000] {dag.py:3239} INFO - Sync 1 DAGs
[2025-08-29T08:50:19.064+0000] {logging_mixin.py:190} INFO - [2025-08-29T08:50:19.064+0000] {dag.py:4180} INFO - Setting next_dagrun for example_setup_teardown to None, run_after=None
[2025-08-29T08:50:19.082+0000] {processor.py:208} INFO - Processing /home/airflow/.local/lib/python3.12/site-packages/airflow/example_dags/example_setup_teardown.py took 0.057 seconds
[2025-08-29T08:50:49.541+0000] {processor.py:186} INFO - Started process (PID=33051) to work on /home/airflow/.local/lib/python3.12/site-packages/airflow/example_dags/example_setup_teardown.py
[2025-08-29T08:50:49.541+0000] {processor.py:914} INFO - Processing file /home/airflow/.local/lib/python3.12/site-packages/airflow/example_dags/example_setup_teardown.py for tasks to queue
[2025-08-29T08:50:49.543+0000] {logging_mixin.py:190} INFO - [2025-08-29T08:50:49.542+0000] {dagbag.py:588} INFO - Filling up the DagBag from /home/airflow/.local/lib/python3.12/site-packages/airflow/example_dags/example_setup_teardown.py
[2025-08-29T08:50:49.548+0000] {processor.py:925} INFO - DAG(s) 'example_setup_teardown' retrieved from /home/airflow/.local/lib/python3.12/site-packages/airflow/example_dags/example_setup_teardown.py
[2025-08-29T08:50:49.567+0000] {logging_mixin.py:190} INFO - [2025-08-29T08:50:49.567+0000] {dag.py:3239} INFO - Sync 1 DAGs
[2025-08-29T08:50:49.576+0000] {logging_mixin.py:190} INFO - [2025-08-29T08:50:49.575+0000] {dag.py:4180} INFO - Setting next_dagrun for example_setup_teardown to None, run_after=None
[2025-08-29T08:50:49.590+0000] {processor.py:208} INFO - Processing /home/airflow/.local/lib/python3.12/site-packages/airflow/example_dags/example_setup_teardown.py took 0.054 seconds
[2025-08-29T08:51:19.660+0000] {processor.py:186} INFO - Started process (PID=33115) to work on /home/airflow/.local/lib/python3.12/site-packages/airflow/example_dags/example_setup_teardown.py
[2025-08-29T08:51:19.661+0000] {processor.py:914} INFO - Processing file /home/airflow/.local/lib/python3.12/site-packages/airflow/example_dags/example_setup_teardown.py for tasks to queue
[2025-08-29T08:51:19.662+0000] {logging_mixin.py:190} INFO - [2025-08-29T08:51:19.662+0000] {dagbag.py:588} INFO - Filling up the DagBag from /home/airflow/.local/lib/python3.12/site-packages/airflow/example_dags/example_setup_teardown.py
[2025-08-29T08:51:19.667+0000] {processor.py:925} INFO - DAG(s) 'example_setup_teardown' retrieved from /home/airflow/.local/lib/python3.12/site-packages/airflow/example_dags/example_setup_teardown.py
[2025-08-29T08:51:19.686+0000] {logging_mixin.py:190} INFO - [2025-08-29T08:51:19.686+0000] {dag.py:3239} INFO - Sync 1 DAGs
[2025-08-29T08:51:19.697+0000] {logging_mixin.py:190} INFO - [2025-08-29T08:51:19.696+0000] {dag.py:4180} INFO - Setting next_dagrun for example_setup_teardown to None, run_after=None
[2025-08-29T08:51:19.713+0000] {processor.py:208} INFO - Processing /home/airflow/.local/lib/python3.12/site-packages/airflow/example_dags/example_setup_teardown.py took 0.057 seconds
[2025-08-29T08:51:50.051+0000] {processor.py:186} INFO - Started process (PID=33179) to work on /home/airflow/.local/lib/python3.12/site-packages/airflow/example_dags/example_setup_teardown.py
[2025-08-29T08:51:50.051+0000] {processor.py:914} INFO - Processing file /home/airflow/.local/lib/python3.12/site-packages/airflow/example_dags/example_setup_teardown.py for tasks to queue
[2025-08-29T08:51:50.053+0000] {logging_mixin.py:190} INFO - [2025-08-29T08:51:50.052+0000] {dagbag.py:588} INFO - Filling up the DagBag from /home/airflow/.local/lib/python3.12/site-packages/airflow/example_dags/example_setup_teardown.py
[2025-08-29T08:51:50.058+0000] {processor.py:925} INFO - DAG(s) 'example_setup_teardown' retrieved from /home/airflow/.local/lib/python3.12/site-packages/airflow/example_dags/example_setup_teardown.py
[2025-08-29T08:51:50.076+0000] {logging_mixin.py:190} INFO - [2025-08-29T08:51:50.076+0000] {dag.py:3239} INFO - Sync 1 DAGs
[2025-08-29T08:51:50.085+0000] {logging_mixin.py:190} INFO - [2025-08-29T08:51:50.085+0000] {dag.py:4180} INFO - Setting next_dagrun for example_setup_teardown to None, run_after=None
[2025-08-29T08:51:50.100+0000] {processor.py:208} INFO - Processing /home/airflow/.local/lib/python3.12/site-packages/airflow/example_dags/example_setup_teardown.py took 0.053 seconds
[2025-08-29T08:52:20.342+0000] {processor.py:186} INFO - Started process (PID=33243) to work on /home/airflow/.local/lib/python3.12/site-packages/airflow/example_dags/example_setup_teardown.py
[2025-08-29T08:52:20.343+0000] {processor.py:914} INFO - Processing file /home/airflow/.local/lib/python3.12/site-packages/airflow/example_dags/example_setup_teardown.py for tasks to queue
[2025-08-29T08:52:20.344+0000] {logging_mixin.py:190} INFO - [2025-08-29T08:52:20.344+0000] {dagbag.py:588} INFO - Filling up the DagBag from /home/airflow/.local/lib/python3.12/site-packages/airflow/example_dags/example_setup_teardown.py
[2025-08-29T08:52:20.349+0000] {processor.py:925} INFO - DAG(s) 'example_setup_teardown' retrieved from /home/airflow/.local/lib/python3.12/site-packages/airflow/example_dags/example_setup_teardown.py
[2025-08-29T08:52:20.367+0000] {logging_mixin.py:190} INFO - [2025-08-29T08:52:20.367+0000] {dag.py:3239} INFO - Sync 1 DAGs
[2025-08-29T08:52:20.380+0000] {logging_mixin.py:190} INFO - [2025-08-29T08:52:20.380+0000] {dag.py:4180} INFO - Setting next_dagrun for example_setup_teardown to None, run_after=None
[2025-08-29T08:52:20.401+0000] {processor.py:208} INFO - Processing /home/airflow/.local/lib/python3.12/site-packages/airflow/example_dags/example_setup_teardown.py took 0.064 seconds
[2025-08-29T08:52:50.597+0000] {processor.py:186} INFO - Started process (PID=33307) to work on /home/airflow/.local/lib/python3.12/site-packages/airflow/example_dags/example_setup_teardown.py
[2025-08-29T08:52:50.597+0000] {processor.py:914} INFO - Processing file /home/airflow/.local/lib/python3.12/site-packages/airflow/example_dags/example_setup_teardown.py for tasks to queue
[2025-08-29T08:52:50.600+0000] {logging_mixin.py:190} INFO - [2025-08-29T08:52:50.599+0000] {dagbag.py:588} INFO - Filling up the DagBag from /home/airflow/.local/lib/python3.12/site-packages/airflow/example_dags/example_setup_teardown.py
[2025-08-29T08:52:50.608+0000] {processor.py:925} INFO - DAG(s) 'example_setup_teardown' retrieved from /home/airflow/.local/lib/python3.12/site-packages/airflow/example_dags/example_setup_teardown.py
[2025-08-29T08:52:50.622+0000] {logging_mixin.py:190} INFO - [2025-08-29T08:52:50.622+0000] {dag.py:3239} INFO - Sync 1 DAGs
[2025-08-29T08:52:50.631+0000] {logging_mixin.py:190} INFO - [2025-08-29T08:52:50.631+0000] {dag.py:4180} INFO - Setting next_dagrun for example_setup_teardown to None, run_after=None
[2025-08-29T08:52:50.642+0000] {processor.py:208} INFO - Processing /home/airflow/.local/lib/python3.12/site-packages/airflow/example_dags/example_setup_teardown.py took 0.051 seconds
[2025-08-29T08:53:20.899+0000] {processor.py:186} INFO - Started process (PID=33371) to work on /home/airflow/.local/lib/python3.12/site-packages/airflow/example_dags/example_setup_teardown.py
[2025-08-29T08:53:20.900+0000] {processor.py:914} INFO - Processing file /home/airflow/.local/lib/python3.12/site-packages/airflow/example_dags/example_setup_teardown.py for tasks to queue
[2025-08-29T08:53:20.901+0000] {logging_mixin.py:190} INFO - [2025-08-29T08:53:20.901+0000] {dagbag.py:588} INFO - Filling up the DagBag from /home/airflow/.local/lib/python3.12/site-packages/airflow/example_dags/example_setup_teardown.py
[2025-08-29T08:53:20.906+0000] {processor.py:925} INFO - DAG(s) 'example_setup_teardown' retrieved from /home/airflow/.local/lib/python3.12/site-packages/airflow/example_dags/example_setup_teardown.py
[2025-08-29T08:53:20.922+0000] {logging_mixin.py:190} INFO - [2025-08-29T08:53:20.922+0000] {dag.py:3239} INFO - Sync 1 DAGs
[2025-08-29T08:53:20.937+0000] {logging_mixin.py:190} INFO - [2025-08-29T08:53:20.936+0000] {dag.py:4180} INFO - Setting next_dagrun for example_setup_teardown to None, run_after=None
[2025-08-29T08:53:20.952+0000] {processor.py:208} INFO - Processing /home/airflow/.local/lib/python3.12/site-packages/airflow/example_dags/example_setup_teardown.py took 0.058 seconds
[2025-08-29T08:53:51.353+0000] {processor.py:186} INFO - Started process (PID=33435) to work on /home/airflow/.local/lib/python3.12/site-packages/airflow/example_dags/example_setup_teardown.py
[2025-08-29T08:53:51.354+0000] {processor.py:914} INFO - Processing file /home/airflow/.local/lib/python3.12/site-packages/airflow/example_dags/example_setup_teardown.py for tasks to queue
[2025-08-29T08:53:51.356+0000] {logging_mixin.py:190} INFO - [2025-08-29T08:53:51.355+0000] {dagbag.py:588} INFO - Filling up the DagBag from /home/airflow/.local/lib/python3.12/site-packages/airflow/example_dags/example_setup_teardown.py
[2025-08-29T08:53:51.363+0000] {processor.py:925} INFO - DAG(s) 'example_setup_teardown' retrieved from /home/airflow/.local/lib/python3.12/site-packages/airflow/example_dags/example_setup_teardown.py
[2025-08-29T08:53:51.379+0000] {logging_mixin.py:190} INFO - [2025-08-29T08:53:51.379+0000] {dag.py:3239} INFO - Sync 1 DAGs
[2025-08-29T08:53:51.391+0000] {logging_mixin.py:190} INFO - [2025-08-29T08:53:51.390+0000] {dag.py:4180} INFO - Setting next_dagrun for example_setup_teardown to None, run_after=None
[2025-08-29T08:53:51.406+0000] {processor.py:208} INFO - Processing /home/airflow/.local/lib/python3.12/site-packages/airflow/example_dags/example_setup_teardown.py took 0.058 seconds
