[2025-08-29T08:40:37.188+0000] {processor.py:186} INFO - Started process (PID=31759) to work on /home/airflow/.local/lib/python3.12/site-packages/airflow/example_dags/example_dataset_alias.py
[2025-08-29T08:40:37.189+0000] {processor.py:914} INFO - Processing file /home/airflow/.local/lib/python3.12/site-packages/airflow/example_dags/example_dataset_alias.py for tasks to queue
[2025-08-29T08:40:37.192+0000] {logging_mixin.py:190} INFO - [2025-08-29T08:40:37.192+0000] {dagbag.py:588} INFO - Filling up the DagBag from /home/airflow/.local/lib/python3.12/site-packages/airflow/example_dags/example_dataset_alias.py
[2025-08-29T08:40:37.485+0000] {processor.py:925} INFO - DAG(s) 'dataset_s3_bucket_producer', 'dataset_alias_example_alias_producer', 'dataset_s3_bucket_consumer', 'dataset_alias_example_alias_consumer' retrieved from /home/airflow/.local/lib/python3.12/site-packages/airflow/example_dags/example_dataset_alias.py
[2025-08-29T08:40:37.522+0000] {logging_mixin.py:190} INFO - [2025-08-29T08:40:37.522+0000] {dag.py:3239} INFO - Sync 4 DAGs
[2025-08-29T08:40:37.564+0000] {logging_mixin.py:190} INFO - [2025-08-29T08:40:37.564+0000] {dag.py:4180} INFO - Setting next_dagrun for dataset_alias_example_alias_consumer to None, run_after=None
[2025-08-29T08:40:37.573+0000] {logging_mixin.py:190} INFO - [2025-08-29T08:40:37.573+0000] {dag.py:4180} INFO - Setting next_dagrun for dataset_alias_example_alias_producer to None, run_after=None
[2025-08-29T08:40:37.576+0000] {logging_mixin.py:190} INFO - [2025-08-29T08:40:37.575+0000] {dag.py:4180} INFO - Setting next_dagrun for dataset_s3_bucket_consumer to None, run_after=None
[2025-08-29T08:40:37.578+0000] {logging_mixin.py:190} INFO - [2025-08-29T08:40:37.578+0000] {dag.py:4180} INFO - Setting next_dagrun for dataset_s3_bucket_producer to None, run_after=None
[2025-08-29T08:40:37.618+0000] {processor.py:208} INFO - Processing /home/airflow/.local/lib/python3.12/site-packages/airflow/example_dags/example_dataset_alias.py took 0.440 seconds
[2025-08-29T08:41:08.390+0000] {processor.py:186} INFO - Started process (PID=31824) to work on /home/airflow/.local/lib/python3.12/site-packages/airflow/example_dags/example_dataset_alias.py
[2025-08-29T08:41:08.393+0000] {processor.py:914} INFO - Processing file /home/airflow/.local/lib/python3.12/site-packages/airflow/example_dags/example_dataset_alias.py for tasks to queue
[2025-08-29T08:41:08.396+0000] {logging_mixin.py:190} INFO - [2025-08-29T08:41:08.395+0000] {dagbag.py:588} INFO - Filling up the DagBag from /home/airflow/.local/lib/python3.12/site-packages/airflow/example_dags/example_dataset_alias.py
[2025-08-29T08:41:08.603+0000] {processor.py:925} INFO - DAG(s) 'dataset_alias_example_alias_producer', 'dataset_s3_bucket_consumer', 'dataset_alias_example_alias_consumer', 'dataset_s3_bucket_producer' retrieved from /home/airflow/.local/lib/python3.12/site-packages/airflow/example_dags/example_dataset_alias.py
[2025-08-29T08:41:08.631+0000] {logging_mixin.py:190} INFO - [2025-08-29T08:41:08.631+0000] {dag.py:3239} INFO - Sync 4 DAGs
[2025-08-29T08:41:08.659+0000] {logging_mixin.py:190} INFO - [2025-08-29T08:41:08.659+0000] {dag.py:4180} INFO - Setting next_dagrun for dataset_alias_example_alias_consumer to None, run_after=None
[2025-08-29T08:41:08.663+0000] {logging_mixin.py:190} INFO - [2025-08-29T08:41:08.663+0000] {dag.py:4180} INFO - Setting next_dagrun for dataset_alias_example_alias_producer to None, run_after=None
[2025-08-29T08:41:08.665+0000] {logging_mixin.py:190} INFO - [2025-08-29T08:41:08.664+0000] {dag.py:4180} INFO - Setting next_dagrun for dataset_s3_bucket_consumer to None, run_after=None
[2025-08-29T08:41:08.666+0000] {logging_mixin.py:190} INFO - [2025-08-29T08:41:08.666+0000] {dag.py:4180} INFO - Setting next_dagrun for dataset_s3_bucket_producer to None, run_after=None
[2025-08-29T08:41:08.700+0000] {processor.py:208} INFO - Processing /home/airflow/.local/lib/python3.12/site-packages/airflow/example_dags/example_dataset_alias.py took 0.317 seconds
[2025-08-29T08:41:39.118+0000] {processor.py:186} INFO - Started process (PID=31888) to work on /home/airflow/.local/lib/python3.12/site-packages/airflow/example_dags/example_dataset_alias.py
[2025-08-29T08:41:39.120+0000] {processor.py:914} INFO - Processing file /home/airflow/.local/lib/python3.12/site-packages/airflow/example_dags/example_dataset_alias.py for tasks to queue
[2025-08-29T08:41:39.123+0000] {logging_mixin.py:190} INFO - [2025-08-29T08:41:39.123+0000] {dagbag.py:588} INFO - Filling up the DagBag from /home/airflow/.local/lib/python3.12/site-packages/airflow/example_dags/example_dataset_alias.py
[2025-08-29T08:41:39.425+0000] {processor.py:925} INFO - DAG(s) 'dataset_alias_example_alias_producer', 'dataset_s3_bucket_consumer', 'dataset_s3_bucket_producer', 'dataset_alias_example_alias_consumer' retrieved from /home/airflow/.local/lib/python3.12/site-packages/airflow/example_dags/example_dataset_alias.py
[2025-08-29T08:41:39.465+0000] {logging_mixin.py:190} INFO - [2025-08-29T08:41:39.464+0000] {dag.py:3239} INFO - Sync 4 DAGs
[2025-08-29T08:41:39.508+0000] {logging_mixin.py:190} INFO - [2025-08-29T08:41:39.508+0000] {dag.py:4180} INFO - Setting next_dagrun for dataset_alias_example_alias_consumer to None, run_after=None
[2025-08-29T08:41:39.514+0000] {logging_mixin.py:190} INFO - [2025-08-29T08:41:39.513+0000] {dag.py:4180} INFO - Setting next_dagrun for dataset_alias_example_alias_producer to None, run_after=None
[2025-08-29T08:41:39.516+0000] {logging_mixin.py:190} INFO - [2025-08-29T08:41:39.516+0000] {dag.py:4180} INFO - Setting next_dagrun for dataset_s3_bucket_consumer to None, run_after=None
[2025-08-29T08:41:39.519+0000] {logging_mixin.py:190} INFO - [2025-08-29T08:41:39.518+0000] {dag.py:4180} INFO - Setting next_dagrun for dataset_s3_bucket_producer to None, run_after=None
[2025-08-29T08:41:39.557+0000] {processor.py:208} INFO - Processing /home/airflow/.local/lib/python3.12/site-packages/airflow/example_dags/example_dataset_alias.py took 0.449 seconds
[2025-08-29T08:42:09.648+0000] {processor.py:186} INFO - Started process (PID=31954) to work on /home/airflow/.local/lib/python3.12/site-packages/airflow/example_dags/example_dataset_alias.py
[2025-08-29T08:42:09.649+0000] {processor.py:914} INFO - Processing file /home/airflow/.local/lib/python3.12/site-packages/airflow/example_dags/example_dataset_alias.py for tasks to queue
[2025-08-29T08:42:09.651+0000] {logging_mixin.py:190} INFO - [2025-08-29T08:42:09.651+0000] {dagbag.py:588} INFO - Filling up the DagBag from /home/airflow/.local/lib/python3.12/site-packages/airflow/example_dags/example_dataset_alias.py
[2025-08-29T08:42:09.815+0000] {processor.py:925} INFO - DAG(s) 'dataset_s3_bucket_consumer', 'dataset_alias_example_alias_producer', 'dataset_alias_example_alias_consumer', 'dataset_s3_bucket_producer' retrieved from /home/airflow/.local/lib/python3.12/site-packages/airflow/example_dags/example_dataset_alias.py
[2025-08-29T08:42:09.848+0000] {logging_mixin.py:190} INFO - [2025-08-29T08:42:09.848+0000] {dag.py:3239} INFO - Sync 4 DAGs
[2025-08-29T08:42:09.880+0000] {logging_mixin.py:190} INFO - [2025-08-29T08:42:09.879+0000] {dag.py:4180} INFO - Setting next_dagrun for dataset_alias_example_alias_consumer to None, run_after=None
[2025-08-29T08:42:09.884+0000] {logging_mixin.py:190} INFO - [2025-08-29T08:42:09.883+0000] {dag.py:4180} INFO - Setting next_dagrun for dataset_alias_example_alias_producer to None, run_after=None
[2025-08-29T08:42:09.886+0000] {logging_mixin.py:190} INFO - [2025-08-29T08:42:09.885+0000] {dag.py:4180} INFO - Setting next_dagrun for dataset_s3_bucket_consumer to None, run_after=None
[2025-08-29T08:42:09.887+0000] {logging_mixin.py:190} INFO - [2025-08-29T08:42:09.887+0000] {dag.py:4180} INFO - Setting next_dagrun for dataset_s3_bucket_producer to None, run_after=None
[2025-08-29T08:42:09.918+0000] {processor.py:208} INFO - Processing /home/airflow/.local/lib/python3.12/site-packages/airflow/example_dags/example_dataset_alias.py took 0.276 seconds
[2025-08-29T08:42:40.100+0000] {processor.py:186} INFO - Started process (PID=32016) to work on /home/airflow/.local/lib/python3.12/site-packages/airflow/example_dags/example_dataset_alias.py
[2025-08-29T08:42:40.102+0000] {processor.py:914} INFO - Processing file /home/airflow/.local/lib/python3.12/site-packages/airflow/example_dags/example_dataset_alias.py for tasks to queue
[2025-08-29T08:42:40.105+0000] {logging_mixin.py:190} INFO - [2025-08-29T08:42:40.105+0000] {dagbag.py:588} INFO - Filling up the DagBag from /home/airflow/.local/lib/python3.12/site-packages/airflow/example_dags/example_dataset_alias.py
[2025-08-29T08:42:40.413+0000] {processor.py:925} INFO - DAG(s) 'dataset_s3_bucket_consumer', 'dataset_alias_example_alias_producer', 'dataset_alias_example_alias_consumer', 'dataset_s3_bucket_producer' retrieved from /home/airflow/.local/lib/python3.12/site-packages/airflow/example_dags/example_dataset_alias.py
[2025-08-29T08:42:40.450+0000] {logging_mixin.py:190} INFO - [2025-08-29T08:42:40.450+0000] {dag.py:3239} INFO - Sync 4 DAGs
[2025-08-29T08:42:40.498+0000] {logging_mixin.py:190} INFO - [2025-08-29T08:42:40.498+0000] {dag.py:4180} INFO - Setting next_dagrun for dataset_alias_example_alias_consumer to None, run_after=None
[2025-08-29T08:42:40.504+0000] {logging_mixin.py:190} INFO - [2025-08-29T08:42:40.503+0000] {dag.py:4180} INFO - Setting next_dagrun for dataset_alias_example_alias_producer to None, run_after=None
[2025-08-29T08:42:40.506+0000] {logging_mixin.py:190} INFO - [2025-08-29T08:42:40.506+0000] {dag.py:4180} INFO - Setting next_dagrun for dataset_s3_bucket_consumer to None, run_after=None
[2025-08-29T08:42:40.509+0000] {logging_mixin.py:190} INFO - [2025-08-29T08:42:40.508+0000] {dag.py:4180} INFO - Setting next_dagrun for dataset_s3_bucket_producer to None, run_after=None
[2025-08-29T08:42:40.546+0000] {processor.py:208} INFO - Processing /home/airflow/.local/lib/python3.12/site-packages/airflow/example_dags/example_dataset_alias.py took 0.456 seconds
[2025-08-29T08:43:10.583+0000] {processor.py:186} INFO - Started process (PID=32080) to work on /home/airflow/.local/lib/python3.12/site-packages/airflow/example_dags/example_dataset_alias.py
[2025-08-29T08:43:10.585+0000] {processor.py:914} INFO - Processing file /home/airflow/.local/lib/python3.12/site-packages/airflow/example_dags/example_dataset_alias.py for tasks to queue
[2025-08-29T08:43:10.588+0000] {logging_mixin.py:190} INFO - [2025-08-29T08:43:10.588+0000] {dagbag.py:588} INFO - Filling up the DagBag from /home/airflow/.local/lib/python3.12/site-packages/airflow/example_dags/example_dataset_alias.py
[2025-08-29T08:43:10.849+0000] {processor.py:925} INFO - DAG(s) 'dataset_s3_bucket_consumer', 'dataset_alias_example_alias_consumer', 'dataset_alias_example_alias_producer', 'dataset_s3_bucket_producer' retrieved from /home/airflow/.local/lib/python3.12/site-packages/airflow/example_dags/example_dataset_alias.py
[2025-08-29T08:43:10.884+0000] {logging_mixin.py:190} INFO - [2025-08-29T08:43:10.884+0000] {dag.py:3239} INFO - Sync 4 DAGs
[2025-08-29T08:43:10.921+0000] {logging_mixin.py:190} INFO - [2025-08-29T08:43:10.921+0000] {dag.py:4180} INFO - Setting next_dagrun for dataset_alias_example_alias_consumer to None, run_after=None
[2025-08-29T08:43:10.926+0000] {logging_mixin.py:190} INFO - [2025-08-29T08:43:10.925+0000] {dag.py:4180} INFO - Setting next_dagrun for dataset_alias_example_alias_producer to None, run_after=None
[2025-08-29T08:43:10.927+0000] {logging_mixin.py:190} INFO - [2025-08-29T08:43:10.927+0000] {dag.py:4180} INFO - Setting next_dagrun for dataset_s3_bucket_consumer to None, run_after=None
[2025-08-29T08:43:10.929+0000] {logging_mixin.py:190} INFO - [2025-08-29T08:43:10.929+0000] {dag.py:4180} INFO - Setting next_dagrun for dataset_s3_bucket_producer to None, run_after=None
[2025-08-29T08:43:10.959+0000] {processor.py:208} INFO - Processing /home/airflow/.local/lib/python3.12/site-packages/airflow/example_dags/example_dataset_alias.py took 0.384 seconds
[2025-08-29T08:43:41.040+0000] {processor.py:186} INFO - Started process (PID=32146) to work on /home/airflow/.local/lib/python3.12/site-packages/airflow/example_dags/example_dataset_alias.py
[2025-08-29T08:43:41.041+0000] {processor.py:914} INFO - Processing file /home/airflow/.local/lib/python3.12/site-packages/airflow/example_dags/example_dataset_alias.py for tasks to queue
[2025-08-29T08:43:41.043+0000] {logging_mixin.py:190} INFO - [2025-08-29T08:43:41.043+0000] {dagbag.py:588} INFO - Filling up the DagBag from /home/airflow/.local/lib/python3.12/site-packages/airflow/example_dags/example_dataset_alias.py
[2025-08-29T08:43:41.213+0000] {processor.py:925} INFO - DAG(s) 'dataset_alias_example_alias_producer', 'dataset_s3_bucket_consumer', 'dataset_s3_bucket_producer', 'dataset_alias_example_alias_consumer' retrieved from /home/airflow/.local/lib/python3.12/site-packages/airflow/example_dags/example_dataset_alias.py
[2025-08-29T08:43:41.238+0000] {logging_mixin.py:190} INFO - [2025-08-29T08:43:41.238+0000] {dag.py:3239} INFO - Sync 4 DAGs
[2025-08-29T08:43:41.263+0000] {logging_mixin.py:190} INFO - [2025-08-29T08:43:41.263+0000] {dag.py:4180} INFO - Setting next_dagrun for dataset_alias_example_alias_consumer to None, run_after=None
[2025-08-29T08:43:41.266+0000] {logging_mixin.py:190} INFO - [2025-08-29T08:43:41.266+0000] {dag.py:4180} INFO - Setting next_dagrun for dataset_alias_example_alias_producer to None, run_after=None
[2025-08-29T08:43:41.267+0000] {logging_mixin.py:190} INFO - [2025-08-29T08:43:41.267+0000] {dag.py:4180} INFO - Setting next_dagrun for dataset_s3_bucket_consumer to None, run_after=None
[2025-08-29T08:43:41.268+0000] {logging_mixin.py:190} INFO - [2025-08-29T08:43:41.268+0000] {dag.py:4180} INFO - Setting next_dagrun for dataset_s3_bucket_producer to None, run_after=None
[2025-08-29T08:43:41.290+0000] {processor.py:208} INFO - Processing /home/airflow/.local/lib/python3.12/site-packages/airflow/example_dags/example_dataset_alias.py took 0.256 seconds
[2025-08-29T08:44:11.788+0000] {processor.py:186} INFO - Started process (PID=32208) to work on /home/airflow/.local/lib/python3.12/site-packages/airflow/example_dags/example_dataset_alias.py
[2025-08-29T08:44:11.790+0000] {processor.py:914} INFO - Processing file /home/airflow/.local/lib/python3.12/site-packages/airflow/example_dags/example_dataset_alias.py for tasks to queue
[2025-08-29T08:44:11.791+0000] {logging_mixin.py:190} INFO - [2025-08-29T08:44:11.791+0000] {dagbag.py:588} INFO - Filling up the DagBag from /home/airflow/.local/lib/python3.12/site-packages/airflow/example_dags/example_dataset_alias.py
[2025-08-29T08:44:11.895+0000] {processor.py:925} INFO - DAG(s) 'dataset_s3_bucket_producer', 'dataset_s3_bucket_consumer', 'dataset_alias_example_alias_consumer', 'dataset_alias_example_alias_producer' retrieved from /home/airflow/.local/lib/python3.12/site-packages/airflow/example_dags/example_dataset_alias.py
[2025-08-29T08:44:11.915+0000] {logging_mixin.py:190} INFO - [2025-08-29T08:44:11.915+0000] {dag.py:3239} INFO - Sync 4 DAGs
[2025-08-29T08:44:11.931+0000] {logging_mixin.py:190} INFO - [2025-08-29T08:44:11.930+0000] {dag.py:4180} INFO - Setting next_dagrun for dataset_alias_example_alias_consumer to None, run_after=None
[2025-08-29T08:44:11.932+0000] {logging_mixin.py:190} INFO - [2025-08-29T08:44:11.932+0000] {dag.py:4180} INFO - Setting next_dagrun for dataset_alias_example_alias_producer to None, run_after=None
[2025-08-29T08:44:11.933+0000] {logging_mixin.py:190} INFO - [2025-08-29T08:44:11.933+0000] {dag.py:4180} INFO - Setting next_dagrun for dataset_s3_bucket_consumer to None, run_after=None
[2025-08-29T08:44:11.934+0000] {logging_mixin.py:190} INFO - [2025-08-29T08:44:11.934+0000] {dag.py:4180} INFO - Setting next_dagrun for dataset_s3_bucket_producer to None, run_after=None
[2025-08-29T08:44:11.947+0000] {processor.py:208} INFO - Processing /home/airflow/.local/lib/python3.12/site-packages/airflow/example_dags/example_dataset_alias.py took 0.165 seconds
[2025-08-29T08:44:42.434+0000] {processor.py:186} INFO - Started process (PID=32272) to work on /home/airflow/.local/lib/python3.12/site-packages/airflow/example_dags/example_dataset_alias.py
[2025-08-29T08:44:42.436+0000] {processor.py:914} INFO - Processing file /home/airflow/.local/lib/python3.12/site-packages/airflow/example_dags/example_dataset_alias.py for tasks to queue
[2025-08-29T08:44:42.438+0000] {logging_mixin.py:190} INFO - [2025-08-29T08:44:42.438+0000] {dagbag.py:588} INFO - Filling up the DagBag from /home/airflow/.local/lib/python3.12/site-packages/airflow/example_dags/example_dataset_alias.py
[2025-08-29T08:44:42.543+0000] {processor.py:925} INFO - DAG(s) 'dataset_alias_example_alias_consumer', 'dataset_s3_bucket_consumer', 'dataset_alias_example_alias_producer', 'dataset_s3_bucket_producer' retrieved from /home/airflow/.local/lib/python3.12/site-packages/airflow/example_dags/example_dataset_alias.py
[2025-08-29T08:44:42.557+0000] {logging_mixin.py:190} INFO - [2025-08-29T08:44:42.557+0000] {dag.py:3239} INFO - Sync 4 DAGs
[2025-08-29T08:44:42.573+0000] {logging_mixin.py:190} INFO - [2025-08-29T08:44:42.573+0000] {dag.py:4180} INFO - Setting next_dagrun for dataset_alias_example_alias_consumer to None, run_after=None
[2025-08-29T08:44:42.575+0000] {logging_mixin.py:190} INFO - [2025-08-29T08:44:42.574+0000] {dag.py:4180} INFO - Setting next_dagrun for dataset_alias_example_alias_producer to None, run_after=None
[2025-08-29T08:44:42.575+0000] {logging_mixin.py:190} INFO - [2025-08-29T08:44:42.575+0000] {dag.py:4180} INFO - Setting next_dagrun for dataset_s3_bucket_consumer to None, run_after=None
[2025-08-29T08:44:42.576+0000] {logging_mixin.py:190} INFO - [2025-08-29T08:44:42.576+0000] {dag.py:4180} INFO - Setting next_dagrun for dataset_s3_bucket_producer to None, run_after=None
[2025-08-29T08:44:42.589+0000] {processor.py:208} INFO - Processing /home/airflow/.local/lib/python3.12/site-packages/airflow/example_dags/example_dataset_alias.py took 0.162 seconds
[2025-08-29T08:45:13.135+0000] {processor.py:186} INFO - Started process (PID=32336) to work on /home/airflow/.local/lib/python3.12/site-packages/airflow/example_dags/example_dataset_alias.py
[2025-08-29T08:45:13.136+0000] {processor.py:914} INFO - Processing file /home/airflow/.local/lib/python3.12/site-packages/airflow/example_dags/example_dataset_alias.py for tasks to queue
[2025-08-29T08:45:13.139+0000] {logging_mixin.py:190} INFO - [2025-08-29T08:45:13.138+0000] {dagbag.py:588} INFO - Filling up the DagBag from /home/airflow/.local/lib/python3.12/site-packages/airflow/example_dags/example_dataset_alias.py
[2025-08-29T08:45:13.315+0000] {processor.py:925} INFO - DAG(s) 'dataset_alias_example_alias_consumer', 'dataset_s3_bucket_consumer', 'dataset_s3_bucket_producer', 'dataset_alias_example_alias_producer' retrieved from /home/airflow/.local/lib/python3.12/site-packages/airflow/example_dags/example_dataset_alias.py
[2025-08-29T08:45:13.339+0000] {logging_mixin.py:190} INFO - [2025-08-29T08:45:13.339+0000] {dag.py:3239} INFO - Sync 4 DAGs
[2025-08-29T08:45:13.366+0000] {logging_mixin.py:190} INFO - [2025-08-29T08:45:13.366+0000] {dag.py:4180} INFO - Setting next_dagrun for dataset_alias_example_alias_consumer to None, run_after=None
[2025-08-29T08:45:13.369+0000] {logging_mixin.py:190} INFO - [2025-08-29T08:45:13.369+0000] {dag.py:4180} INFO - Setting next_dagrun for dataset_alias_example_alias_producer to None, run_after=None
[2025-08-29T08:45:13.370+0000] {logging_mixin.py:190} INFO - [2025-08-29T08:45:13.370+0000] {dag.py:4180} INFO - Setting next_dagrun for dataset_s3_bucket_consumer to None, run_after=None
[2025-08-29T08:45:13.371+0000] {logging_mixin.py:190} INFO - [2025-08-29T08:45:13.371+0000] {dag.py:4180} INFO - Setting next_dagrun for dataset_s3_bucket_producer to None, run_after=None
[2025-08-29T08:45:13.393+0000] {processor.py:208} INFO - Processing /home/airflow/.local/lib/python3.12/site-packages/airflow/example_dags/example_dataset_alias.py took 0.265 seconds
[2025-08-29T08:45:43.759+0000] {processor.py:186} INFO - Started process (PID=32400) to work on /home/airflow/.local/lib/python3.12/site-packages/airflow/example_dags/example_dataset_alias.py
[2025-08-29T08:45:43.761+0000] {processor.py:914} INFO - Processing file /home/airflow/.local/lib/python3.12/site-packages/airflow/example_dags/example_dataset_alias.py for tasks to queue
[2025-08-29T08:45:43.764+0000] {logging_mixin.py:190} INFO - [2025-08-29T08:45:43.764+0000] {dagbag.py:588} INFO - Filling up the DagBag from /home/airflow/.local/lib/python3.12/site-packages/airflow/example_dags/example_dataset_alias.py
[2025-08-29T08:45:43.869+0000] {processor.py:925} INFO - DAG(s) 'dataset_s3_bucket_producer', 'dataset_alias_example_alias_producer', 'dataset_alias_example_alias_consumer', 'dataset_s3_bucket_consumer' retrieved from /home/airflow/.local/lib/python3.12/site-packages/airflow/example_dags/example_dataset_alias.py
[2025-08-29T08:45:43.893+0000] {logging_mixin.py:190} INFO - [2025-08-29T08:45:43.893+0000] {dag.py:3239} INFO - Sync 4 DAGs
[2025-08-29T08:45:43.914+0000] {logging_mixin.py:190} INFO - [2025-08-29T08:45:43.913+0000] {dag.py:4180} INFO - Setting next_dagrun for dataset_alias_example_alias_consumer to None, run_after=None
[2025-08-29T08:45:43.917+0000] {logging_mixin.py:190} INFO - [2025-08-29T08:45:43.916+0000] {dag.py:4180} INFO - Setting next_dagrun for dataset_alias_example_alias_producer to None, run_after=None
[2025-08-29T08:45:43.918+0000] {logging_mixin.py:190} INFO - [2025-08-29T08:45:43.918+0000] {dag.py:4180} INFO - Setting next_dagrun for dataset_s3_bucket_consumer to None, run_after=None
[2025-08-29T08:45:43.919+0000] {logging_mixin.py:190} INFO - [2025-08-29T08:45:43.919+0000] {dag.py:4180} INFO - Setting next_dagrun for dataset_s3_bucket_producer to None, run_after=None
[2025-08-29T08:45:43.942+0000] {processor.py:208} INFO - Processing /home/airflow/.local/lib/python3.12/site-packages/airflow/example_dags/example_dataset_alias.py took 0.189 seconds
[2025-08-29T08:46:14.221+0000] {processor.py:186} INFO - Started process (PID=32464) to work on /home/airflow/.local/lib/python3.12/site-packages/airflow/example_dags/example_dataset_alias.py
[2025-08-29T08:46:14.223+0000] {processor.py:914} INFO - Processing file /home/airflow/.local/lib/python3.12/site-packages/airflow/example_dags/example_dataset_alias.py for tasks to queue
[2025-08-29T08:46:14.226+0000] {logging_mixin.py:190} INFO - [2025-08-29T08:46:14.226+0000] {dagbag.py:588} INFO - Filling up the DagBag from /home/airflow/.local/lib/python3.12/site-packages/airflow/example_dags/example_dataset_alias.py
[2025-08-29T08:46:14.333+0000] {processor.py:925} INFO - DAG(s) 'dataset_alias_example_alias_producer', 'dataset_s3_bucket_consumer', 'dataset_s3_bucket_producer', 'dataset_alias_example_alias_consumer' retrieved from /home/airflow/.local/lib/python3.12/site-packages/airflow/example_dags/example_dataset_alias.py
[2025-08-29T08:46:14.347+0000] {logging_mixin.py:190} INFO - [2025-08-29T08:46:14.347+0000] {dag.py:3239} INFO - Sync 4 DAGs
[2025-08-29T08:46:14.363+0000] {logging_mixin.py:190} INFO - [2025-08-29T08:46:14.363+0000] {dag.py:4180} INFO - Setting next_dagrun for dataset_alias_example_alias_consumer to None, run_after=None
[2025-08-29T08:46:14.365+0000] {logging_mixin.py:190} INFO - [2025-08-29T08:46:14.364+0000] {dag.py:4180} INFO - Setting next_dagrun for dataset_alias_example_alias_producer to None, run_after=None
[2025-08-29T08:46:14.365+0000] {logging_mixin.py:190} INFO - [2025-08-29T08:46:14.365+0000] {dag.py:4180} INFO - Setting next_dagrun for dataset_s3_bucket_consumer to None, run_after=None
[2025-08-29T08:46:14.367+0000] {logging_mixin.py:190} INFO - [2025-08-29T08:46:14.366+0000] {dag.py:4180} INFO - Setting next_dagrun for dataset_s3_bucket_producer to None, run_after=None
[2025-08-29T08:46:14.381+0000] {processor.py:208} INFO - Processing /home/airflow/.local/lib/python3.12/site-packages/airflow/example_dags/example_dataset_alias.py took 0.168 seconds
[2025-08-29T08:46:44.656+0000] {processor.py:186} INFO - Started process (PID=32528) to work on /home/airflow/.local/lib/python3.12/site-packages/airflow/example_dags/example_dataset_alias.py
[2025-08-29T08:46:44.657+0000] {processor.py:914} INFO - Processing file /home/airflow/.local/lib/python3.12/site-packages/airflow/example_dags/example_dataset_alias.py for tasks to queue
[2025-08-29T08:46:44.659+0000] {logging_mixin.py:190} INFO - [2025-08-29T08:46:44.659+0000] {dagbag.py:588} INFO - Filling up the DagBag from /home/airflow/.local/lib/python3.12/site-packages/airflow/example_dags/example_dataset_alias.py
[2025-08-29T08:46:44.776+0000] {processor.py:925} INFO - DAG(s) 'dataset_s3_bucket_producer', 'dataset_alias_example_alias_consumer', 'dataset_alias_example_alias_producer', 'dataset_s3_bucket_consumer' retrieved from /home/airflow/.local/lib/python3.12/site-packages/airflow/example_dags/example_dataset_alias.py
[2025-08-29T08:46:44.803+0000] {logging_mixin.py:190} INFO - [2025-08-29T08:46:44.803+0000] {dag.py:3239} INFO - Sync 4 DAGs
[2025-08-29T08:46:44.827+0000] {logging_mixin.py:190} INFO - [2025-08-29T08:46:44.827+0000] {dag.py:4180} INFO - Setting next_dagrun for dataset_alias_example_alias_consumer to None, run_after=None
[2025-08-29T08:46:44.829+0000] {logging_mixin.py:190} INFO - [2025-08-29T08:46:44.829+0000] {dag.py:4180} INFO - Setting next_dagrun for dataset_alias_example_alias_producer to None, run_after=None
[2025-08-29T08:46:44.830+0000] {logging_mixin.py:190} INFO - [2025-08-29T08:46:44.829+0000] {dag.py:4180} INFO - Setting next_dagrun for dataset_s3_bucket_consumer to None, run_after=None
[2025-08-29T08:46:44.830+0000] {logging_mixin.py:190} INFO - [2025-08-29T08:46:44.830+0000] {dag.py:4180} INFO - Setting next_dagrun for dataset_s3_bucket_producer to None, run_after=None
[2025-08-29T08:46:44.855+0000] {processor.py:208} INFO - Processing /home/airflow/.local/lib/python3.12/site-packages/airflow/example_dags/example_dataset_alias.py took 0.211 seconds
[2025-08-29T08:47:15.016+0000] {processor.py:186} INFO - Started process (PID=32592) to work on /home/airflow/.local/lib/python3.12/site-packages/airflow/example_dags/example_dataset_alias.py
[2025-08-29T08:47:15.018+0000] {processor.py:914} INFO - Processing file /home/airflow/.local/lib/python3.12/site-packages/airflow/example_dags/example_dataset_alias.py for tasks to queue
[2025-08-29T08:47:15.020+0000] {logging_mixin.py:190} INFO - [2025-08-29T08:47:15.020+0000] {dagbag.py:588} INFO - Filling up the DagBag from /home/airflow/.local/lib/python3.12/site-packages/airflow/example_dags/example_dataset_alias.py
[2025-08-29T08:47:15.129+0000] {processor.py:925} INFO - DAG(s) 'dataset_s3_bucket_consumer', 'dataset_s3_bucket_producer', 'dataset_alias_example_alias_consumer', 'dataset_alias_example_alias_producer' retrieved from /home/airflow/.local/lib/python3.12/site-packages/airflow/example_dags/example_dataset_alias.py
[2025-08-29T08:47:15.148+0000] {logging_mixin.py:190} INFO - [2025-08-29T08:47:15.148+0000] {dag.py:3239} INFO - Sync 4 DAGs
[2025-08-29T08:47:15.164+0000] {logging_mixin.py:190} INFO - [2025-08-29T08:47:15.164+0000] {dag.py:4180} INFO - Setting next_dagrun for dataset_alias_example_alias_consumer to None, run_after=None
[2025-08-29T08:47:15.166+0000] {logging_mixin.py:190} INFO - [2025-08-29T08:47:15.166+0000] {dag.py:4180} INFO - Setting next_dagrun for dataset_alias_example_alias_producer to None, run_after=None
[2025-08-29T08:47:15.167+0000] {logging_mixin.py:190} INFO - [2025-08-29T08:47:15.167+0000] {dag.py:4180} INFO - Setting next_dagrun for dataset_s3_bucket_consumer to None, run_after=None
[2025-08-29T08:47:15.169+0000] {logging_mixin.py:190} INFO - [2025-08-29T08:47:15.169+0000] {dag.py:4180} INFO - Setting next_dagrun for dataset_s3_bucket_producer to None, run_after=None
[2025-08-29T08:47:15.193+0000] {processor.py:208} INFO - Processing /home/airflow/.local/lib/python3.12/site-packages/airflow/example_dags/example_dataset_alias.py took 0.182 seconds
[2025-08-29T08:47:45.318+0000] {processor.py:186} INFO - Started process (PID=32657) to work on /home/airflow/.local/lib/python3.12/site-packages/airflow/example_dags/example_dataset_alias.py
[2025-08-29T08:47:45.318+0000] {processor.py:914} INFO - Processing file /home/airflow/.local/lib/python3.12/site-packages/airflow/example_dags/example_dataset_alias.py for tasks to queue
[2025-08-29T08:47:45.320+0000] {logging_mixin.py:190} INFO - [2025-08-29T08:47:45.320+0000] {dagbag.py:588} INFO - Filling up the DagBag from /home/airflow/.local/lib/python3.12/site-packages/airflow/example_dags/example_dataset_alias.py
[2025-08-29T08:47:45.434+0000] {processor.py:925} INFO - DAG(s) 'dataset_alias_example_alias_producer', 'dataset_s3_bucket_producer', 'dataset_s3_bucket_consumer', 'dataset_alias_example_alias_consumer' retrieved from /home/airflow/.local/lib/python3.12/site-packages/airflow/example_dags/example_dataset_alias.py
[2025-08-29T08:47:45.447+0000] {logging_mixin.py:190} INFO - [2025-08-29T08:47:45.447+0000] {dag.py:3239} INFO - Sync 4 DAGs
[2025-08-29T08:47:45.461+0000] {logging_mixin.py:190} INFO - [2025-08-29T08:47:45.461+0000] {dag.py:4180} INFO - Setting next_dagrun for dataset_alias_example_alias_consumer to None, run_after=None
[2025-08-29T08:47:45.463+0000] {logging_mixin.py:190} INFO - [2025-08-29T08:47:45.463+0000] {dag.py:4180} INFO - Setting next_dagrun for dataset_alias_example_alias_producer to None, run_after=None
[2025-08-29T08:47:45.464+0000] {logging_mixin.py:190} INFO - [2025-08-29T08:47:45.464+0000] {dag.py:4180} INFO - Setting next_dagrun for dataset_s3_bucket_consumer to None, run_after=None
[2025-08-29T08:47:45.464+0000] {logging_mixin.py:190} INFO - [2025-08-29T08:47:45.464+0000] {dag.py:4180} INFO - Setting next_dagrun for dataset_s3_bucket_producer to None, run_after=None
[2025-08-29T08:47:45.477+0000] {processor.py:208} INFO - Processing /home/airflow/.local/lib/python3.12/site-packages/airflow/example_dags/example_dataset_alias.py took 0.166 seconds
[2025-08-29T08:48:15.699+0000] {processor.py:186} INFO - Started process (PID=32720) to work on /home/airflow/.local/lib/python3.12/site-packages/airflow/example_dags/example_dataset_alias.py
[2025-08-29T08:48:15.700+0000] {processor.py:914} INFO - Processing file /home/airflow/.local/lib/python3.12/site-packages/airflow/example_dags/example_dataset_alias.py for tasks to queue
[2025-08-29T08:48:15.703+0000] {logging_mixin.py:190} INFO - [2025-08-29T08:48:15.703+0000] {dagbag.py:588} INFO - Filling up the DagBag from /home/airflow/.local/lib/python3.12/site-packages/airflow/example_dags/example_dataset_alias.py
[2025-08-29T08:48:15.812+0000] {processor.py:925} INFO - DAG(s) 'dataset_s3_bucket_producer', 'dataset_s3_bucket_consumer', 'dataset_alias_example_alias_producer', 'dataset_alias_example_alias_consumer' retrieved from /home/airflow/.local/lib/python3.12/site-packages/airflow/example_dags/example_dataset_alias.py
[2025-08-29T08:48:15.829+0000] {logging_mixin.py:190} INFO - [2025-08-29T08:48:15.828+0000] {dag.py:3239} INFO - Sync 4 DAGs
[2025-08-29T08:48:15.844+0000] {logging_mixin.py:190} INFO - [2025-08-29T08:48:15.844+0000] {dag.py:4180} INFO - Setting next_dagrun for dataset_alias_example_alias_consumer to None, run_after=None
[2025-08-29T08:48:15.846+0000] {logging_mixin.py:190} INFO - [2025-08-29T08:48:15.845+0000] {dag.py:4180} INFO - Setting next_dagrun for dataset_alias_example_alias_producer to None, run_after=None
[2025-08-29T08:48:15.846+0000] {logging_mixin.py:190} INFO - [2025-08-29T08:48:15.846+0000] {dag.py:4180} INFO - Setting next_dagrun for dataset_s3_bucket_consumer to None, run_after=None
[2025-08-29T08:48:15.847+0000] {logging_mixin.py:190} INFO - [2025-08-29T08:48:15.847+0000] {dag.py:4180} INFO - Setting next_dagrun for dataset_s3_bucket_producer to None, run_after=None
[2025-08-29T08:48:15.859+0000] {processor.py:208} INFO - Processing /home/airflow/.local/lib/python3.12/site-packages/airflow/example_dags/example_dataset_alias.py took 0.164 seconds
[2025-08-29T08:48:46.178+0000] {processor.py:186} INFO - Started process (PID=32784) to work on /home/airflow/.local/lib/python3.12/site-packages/airflow/example_dags/example_dataset_alias.py
[2025-08-29T08:48:46.179+0000] {processor.py:914} INFO - Processing file /home/airflow/.local/lib/python3.12/site-packages/airflow/example_dags/example_dataset_alias.py for tasks to queue
[2025-08-29T08:48:46.182+0000] {logging_mixin.py:190} INFO - [2025-08-29T08:48:46.181+0000] {dagbag.py:588} INFO - Filling up the DagBag from /home/airflow/.local/lib/python3.12/site-packages/airflow/example_dags/example_dataset_alias.py
[2025-08-29T08:48:46.289+0000] {processor.py:925} INFO - DAG(s) 'dataset_s3_bucket_producer', 'dataset_alias_example_alias_consumer', 'dataset_s3_bucket_consumer', 'dataset_alias_example_alias_producer' retrieved from /home/airflow/.local/lib/python3.12/site-packages/airflow/example_dags/example_dataset_alias.py
[2025-08-29T08:48:46.307+0000] {logging_mixin.py:190} INFO - [2025-08-29T08:48:46.306+0000] {dag.py:3239} INFO - Sync 4 DAGs
[2025-08-29T08:48:46.326+0000] {logging_mixin.py:190} INFO - [2025-08-29T08:48:46.325+0000] {dag.py:4180} INFO - Setting next_dagrun for dataset_alias_example_alias_consumer to None, run_after=None
[2025-08-29T08:48:46.329+0000] {logging_mixin.py:190} INFO - [2025-08-29T08:48:46.329+0000] {dag.py:4180} INFO - Setting next_dagrun for dataset_alias_example_alias_producer to None, run_after=None
[2025-08-29T08:48:46.330+0000] {logging_mixin.py:190} INFO - [2025-08-29T08:48:46.330+0000] {dag.py:4180} INFO - Setting next_dagrun for dataset_s3_bucket_consumer to None, run_after=None
[2025-08-29T08:48:46.331+0000] {logging_mixin.py:190} INFO - [2025-08-29T08:48:46.331+0000] {dag.py:4180} INFO - Setting next_dagrun for dataset_s3_bucket_producer to None, run_after=None
[2025-08-29T08:48:46.352+0000] {processor.py:208} INFO - Processing /home/airflow/.local/lib/python3.12/site-packages/airflow/example_dags/example_dataset_alias.py took 0.182 seconds
[2025-08-29T08:49:16.521+0000] {processor.py:186} INFO - Started process (PID=32848) to work on /home/airflow/.local/lib/python3.12/site-packages/airflow/example_dags/example_dataset_alias.py
[2025-08-29T08:49:16.523+0000] {processor.py:914} INFO - Processing file /home/airflow/.local/lib/python3.12/site-packages/airflow/example_dags/example_dataset_alias.py for tasks to queue
[2025-08-29T08:49:16.525+0000] {logging_mixin.py:190} INFO - [2025-08-29T08:49:16.524+0000] {dagbag.py:588} INFO - Filling up the DagBag from /home/airflow/.local/lib/python3.12/site-packages/airflow/example_dags/example_dataset_alias.py
[2025-08-29T08:49:16.643+0000] {processor.py:925} INFO - DAG(s) 'dataset_alias_example_alias_producer', 'dataset_s3_bucket_consumer', 'dataset_alias_example_alias_consumer', 'dataset_s3_bucket_producer' retrieved from /home/airflow/.local/lib/python3.12/site-packages/airflow/example_dags/example_dataset_alias.py
[2025-08-29T08:49:16.666+0000] {logging_mixin.py:190} INFO - [2025-08-29T08:49:16.665+0000] {dag.py:3239} INFO - Sync 4 DAGs
[2025-08-29T08:49:16.682+0000] {logging_mixin.py:190} INFO - [2025-08-29T08:49:16.682+0000] {dag.py:4180} INFO - Setting next_dagrun for dataset_alias_example_alias_consumer to None, run_after=None
[2025-08-29T08:49:16.684+0000] {logging_mixin.py:190} INFO - [2025-08-29T08:49:16.684+0000] {dag.py:4180} INFO - Setting next_dagrun for dataset_alias_example_alias_producer to None, run_after=None
[2025-08-29T08:49:16.685+0000] {logging_mixin.py:190} INFO - [2025-08-29T08:49:16.685+0000] {dag.py:4180} INFO - Setting next_dagrun for dataset_s3_bucket_consumer to None, run_after=None
[2025-08-29T08:49:16.686+0000] {logging_mixin.py:190} INFO - [2025-08-29T08:49:16.686+0000] {dag.py:4180} INFO - Setting next_dagrun for dataset_s3_bucket_producer to None, run_after=None
[2025-08-29T08:49:16.708+0000] {processor.py:208} INFO - Processing /home/airflow/.local/lib/python3.12/site-packages/airflow/example_dags/example_dataset_alias.py took 0.193 seconds
[2025-08-29T08:49:46.887+0000] {processor.py:186} INFO - Started process (PID=32912) to work on /home/airflow/.local/lib/python3.12/site-packages/airflow/example_dags/example_dataset_alias.py
[2025-08-29T08:49:46.889+0000] {processor.py:914} INFO - Processing file /home/airflow/.local/lib/python3.12/site-packages/airflow/example_dags/example_dataset_alias.py for tasks to queue
[2025-08-29T08:49:46.891+0000] {logging_mixin.py:190} INFO - [2025-08-29T08:49:46.890+0000] {dagbag.py:588} INFO - Filling up the DagBag from /home/airflow/.local/lib/python3.12/site-packages/airflow/example_dags/example_dataset_alias.py
[2025-08-29T08:49:47.012+0000] {processor.py:925} INFO - DAG(s) 'dataset_alias_example_alias_consumer', 'dataset_s3_bucket_producer', 'dataset_alias_example_alias_producer', 'dataset_s3_bucket_consumer' retrieved from /home/airflow/.local/lib/python3.12/site-packages/airflow/example_dags/example_dataset_alias.py
[2025-08-29T08:49:47.042+0000] {logging_mixin.py:190} INFO - [2025-08-29T08:49:47.042+0000] {dag.py:3239} INFO - Sync 4 DAGs
[2025-08-29T08:49:47.065+0000] {logging_mixin.py:190} INFO - [2025-08-29T08:49:47.064+0000] {dag.py:4180} INFO - Setting next_dagrun for dataset_alias_example_alias_consumer to None, run_after=None
[2025-08-29T08:49:47.067+0000] {logging_mixin.py:190} INFO - [2025-08-29T08:49:47.067+0000] {dag.py:4180} INFO - Setting next_dagrun for dataset_alias_example_alias_producer to None, run_after=None
[2025-08-29T08:49:47.068+0000] {logging_mixin.py:190} INFO - [2025-08-29T08:49:47.068+0000] {dag.py:4180} INFO - Setting next_dagrun for dataset_s3_bucket_consumer to None, run_after=None
[2025-08-29T08:49:47.069+0000] {logging_mixin.py:190} INFO - [2025-08-29T08:49:47.069+0000] {dag.py:4180} INFO - Setting next_dagrun for dataset_s3_bucket_producer to None, run_after=None
[2025-08-29T08:49:47.085+0000] {processor.py:208} INFO - Processing /home/airflow/.local/lib/python3.12/site-packages/airflow/example_dags/example_dataset_alias.py took 0.203 seconds
[2025-08-29T08:50:17.488+0000] {processor.py:186} INFO - Started process (PID=32976) to work on /home/airflow/.local/lib/python3.12/site-packages/airflow/example_dags/example_dataset_alias.py
[2025-08-29T08:50:17.490+0000] {processor.py:914} INFO - Processing file /home/airflow/.local/lib/python3.12/site-packages/airflow/example_dags/example_dataset_alias.py for tasks to queue
[2025-08-29T08:50:17.492+0000] {logging_mixin.py:190} INFO - [2025-08-29T08:50:17.491+0000] {dagbag.py:588} INFO - Filling up the DagBag from /home/airflow/.local/lib/python3.12/site-packages/airflow/example_dags/example_dataset_alias.py
[2025-08-29T08:50:17.598+0000] {processor.py:925} INFO - DAG(s) 'dataset_s3_bucket_producer', 'dataset_alias_example_alias_producer', 'dataset_s3_bucket_consumer', 'dataset_alias_example_alias_consumer' retrieved from /home/airflow/.local/lib/python3.12/site-packages/airflow/example_dags/example_dataset_alias.py
[2025-08-29T08:50:17.613+0000] {logging_mixin.py:190} INFO - [2025-08-29T08:50:17.613+0000] {dag.py:3239} INFO - Sync 4 DAGs
[2025-08-29T08:50:17.633+0000] {logging_mixin.py:190} INFO - [2025-08-29T08:50:17.633+0000] {dag.py:4180} INFO - Setting next_dagrun for dataset_alias_example_alias_consumer to None, run_after=None
[2025-08-29T08:50:17.636+0000] {logging_mixin.py:190} INFO - [2025-08-29T08:50:17.635+0000] {dag.py:4180} INFO - Setting next_dagrun for dataset_alias_example_alias_producer to None, run_after=None
[2025-08-29T08:50:17.637+0000] {logging_mixin.py:190} INFO - [2025-08-29T08:50:17.637+0000] {dag.py:4180} INFO - Setting next_dagrun for dataset_s3_bucket_consumer to None, run_after=None
[2025-08-29T08:50:17.638+0000] {logging_mixin.py:190} INFO - [2025-08-29T08:50:17.638+0000] {dag.py:4180} INFO - Setting next_dagrun for dataset_s3_bucket_producer to None, run_after=None
[2025-08-29T08:50:17.659+0000] {processor.py:208} INFO - Processing /home/airflow/.local/lib/python3.12/site-packages/airflow/example_dags/example_dataset_alias.py took 0.177 seconds
[2025-08-29T08:50:47.986+0000] {processor.py:186} INFO - Started process (PID=33040) to work on /home/airflow/.local/lib/python3.12/site-packages/airflow/example_dags/example_dataset_alias.py
[2025-08-29T08:50:47.987+0000] {processor.py:914} INFO - Processing file /home/airflow/.local/lib/python3.12/site-packages/airflow/example_dags/example_dataset_alias.py for tasks to queue
[2025-08-29T08:50:47.989+0000] {logging_mixin.py:190} INFO - [2025-08-29T08:50:47.989+0000] {dagbag.py:588} INFO - Filling up the DagBag from /home/airflow/.local/lib/python3.12/site-packages/airflow/example_dags/example_dataset_alias.py
[2025-08-29T08:50:48.093+0000] {processor.py:925} INFO - DAG(s) 'dataset_alias_example_alias_consumer', 'dataset_s3_bucket_producer', 'dataset_alias_example_alias_producer', 'dataset_s3_bucket_consumer' retrieved from /home/airflow/.local/lib/python3.12/site-packages/airflow/example_dags/example_dataset_alias.py
[2025-08-29T08:50:48.112+0000] {logging_mixin.py:190} INFO - [2025-08-29T08:50:48.112+0000] {dag.py:3239} INFO - Sync 4 DAGs
[2025-08-29T08:50:48.129+0000] {logging_mixin.py:190} INFO - [2025-08-29T08:50:48.129+0000] {dag.py:4180} INFO - Setting next_dagrun for dataset_alias_example_alias_consumer to None, run_after=None
[2025-08-29T08:50:48.132+0000] {logging_mixin.py:190} INFO - [2025-08-29T08:50:48.132+0000] {dag.py:4180} INFO - Setting next_dagrun for dataset_alias_example_alias_producer to None, run_after=None
[2025-08-29T08:50:48.133+0000] {logging_mixin.py:190} INFO - [2025-08-29T08:50:48.133+0000] {dag.py:4180} INFO - Setting next_dagrun for dataset_s3_bucket_consumer to None, run_after=None
[2025-08-29T08:50:48.134+0000] {logging_mixin.py:190} INFO - [2025-08-29T08:50:48.134+0000] {dag.py:4180} INFO - Setting next_dagrun for dataset_s3_bucket_producer to None, run_after=None
[2025-08-29T08:50:48.152+0000] {processor.py:208} INFO - Processing /home/airflow/.local/lib/python3.12/site-packages/airflow/example_dags/example_dataset_alias.py took 0.172 seconds
[2025-08-29T08:51:18.192+0000] {processor.py:186} INFO - Started process (PID=33105) to work on /home/airflow/.local/lib/python3.12/site-packages/airflow/example_dags/example_dataset_alias.py
[2025-08-29T08:51:18.193+0000] {processor.py:914} INFO - Processing file /home/airflow/.local/lib/python3.12/site-packages/airflow/example_dags/example_dataset_alias.py for tasks to queue
[2025-08-29T08:51:18.194+0000] {logging_mixin.py:190} INFO - [2025-08-29T08:51:18.194+0000] {dagbag.py:588} INFO - Filling up the DagBag from /home/airflow/.local/lib/python3.12/site-packages/airflow/example_dags/example_dataset_alias.py
[2025-08-29T08:51:18.297+0000] {processor.py:925} INFO - DAG(s) 'dataset_alias_example_alias_producer', 'dataset_s3_bucket_producer', 'dataset_s3_bucket_consumer', 'dataset_alias_example_alias_consumer' retrieved from /home/airflow/.local/lib/python3.12/site-packages/airflow/example_dags/example_dataset_alias.py
[2025-08-29T08:51:18.318+0000] {logging_mixin.py:190} INFO - [2025-08-29T08:51:18.318+0000] {dag.py:3239} INFO - Sync 4 DAGs
[2025-08-29T08:51:18.335+0000] {logging_mixin.py:190} INFO - [2025-08-29T08:51:18.335+0000] {dag.py:4180} INFO - Setting next_dagrun for dataset_alias_example_alias_consumer to None, run_after=None
[2025-08-29T08:51:18.337+0000] {logging_mixin.py:190} INFO - [2025-08-29T08:51:18.337+0000] {dag.py:4180} INFO - Setting next_dagrun for dataset_alias_example_alias_producer to None, run_after=None
[2025-08-29T08:51:18.339+0000] {logging_mixin.py:190} INFO - [2025-08-29T08:51:18.338+0000] {dag.py:4180} INFO - Setting next_dagrun for dataset_s3_bucket_consumer to None, run_after=None
[2025-08-29T08:51:18.340+0000] {logging_mixin.py:190} INFO - [2025-08-29T08:51:18.340+0000] {dag.py:4180} INFO - Setting next_dagrun for dataset_s3_bucket_producer to None, run_after=None
[2025-08-29T08:51:18.360+0000] {processor.py:208} INFO - Processing /home/airflow/.local/lib/python3.12/site-packages/airflow/example_dags/example_dataset_alias.py took 0.175 seconds
[2025-08-29T08:51:48.561+0000] {processor.py:186} INFO - Started process (PID=33168) to work on /home/airflow/.local/lib/python3.12/site-packages/airflow/example_dags/example_dataset_alias.py
[2025-08-29T08:51:48.562+0000] {processor.py:914} INFO - Processing file /home/airflow/.local/lib/python3.12/site-packages/airflow/example_dags/example_dataset_alias.py for tasks to queue
[2025-08-29T08:51:48.563+0000] {logging_mixin.py:190} INFO - [2025-08-29T08:51:48.563+0000] {dagbag.py:588} INFO - Filling up the DagBag from /home/airflow/.local/lib/python3.12/site-packages/airflow/example_dags/example_dataset_alias.py
[2025-08-29T08:51:48.668+0000] {processor.py:925} INFO - DAG(s) 'dataset_alias_example_alias_producer', 'dataset_s3_bucket_consumer', 'dataset_alias_example_alias_consumer', 'dataset_s3_bucket_producer' retrieved from /home/airflow/.local/lib/python3.12/site-packages/airflow/example_dags/example_dataset_alias.py
[2025-08-29T08:51:48.691+0000] {logging_mixin.py:190} INFO - [2025-08-29T08:51:48.691+0000] {dag.py:3239} INFO - Sync 4 DAGs
[2025-08-29T08:51:48.716+0000] {logging_mixin.py:190} INFO - [2025-08-29T08:51:48.716+0000] {dag.py:4180} INFO - Setting next_dagrun for dataset_alias_example_alias_consumer to None, run_after=None
[2025-08-29T08:51:48.718+0000] {logging_mixin.py:190} INFO - [2025-08-29T08:51:48.718+0000] {dag.py:4180} INFO - Setting next_dagrun for dataset_alias_example_alias_producer to None, run_after=None
[2025-08-29T08:51:48.719+0000] {logging_mixin.py:190} INFO - [2025-08-29T08:51:48.719+0000] {dag.py:4180} INFO - Setting next_dagrun for dataset_s3_bucket_consumer to None, run_after=None
[2025-08-29T08:51:48.720+0000] {logging_mixin.py:190} INFO - [2025-08-29T08:51:48.720+0000] {dag.py:4180} INFO - Setting next_dagrun for dataset_s3_bucket_producer to None, run_after=None
[2025-08-29T08:51:48.741+0000] {processor.py:208} INFO - Processing /home/airflow/.local/lib/python3.12/site-packages/airflow/example_dags/example_dataset_alias.py took 0.187 seconds
[2025-08-29T08:52:18.827+0000] {processor.py:186} INFO - Started process (PID=33234) to work on /home/airflow/.local/lib/python3.12/site-packages/airflow/example_dags/example_dataset_alias.py
[2025-08-29T08:52:18.828+0000] {processor.py:914} INFO - Processing file /home/airflow/.local/lib/python3.12/site-packages/airflow/example_dags/example_dataset_alias.py for tasks to queue
[2025-08-29T08:52:18.830+0000] {logging_mixin.py:190} INFO - [2025-08-29T08:52:18.830+0000] {dagbag.py:588} INFO - Filling up the DagBag from /home/airflow/.local/lib/python3.12/site-packages/airflow/example_dags/example_dataset_alias.py
[2025-08-29T08:52:18.943+0000] {processor.py:925} INFO - DAG(s) 'dataset_s3_bucket_consumer', 'dataset_s3_bucket_producer', 'dataset_alias_example_alias_consumer', 'dataset_alias_example_alias_producer' retrieved from /home/airflow/.local/lib/python3.12/site-packages/airflow/example_dags/example_dataset_alias.py
[2025-08-29T08:52:18.966+0000] {logging_mixin.py:190} INFO - [2025-08-29T08:52:18.965+0000] {dag.py:3239} INFO - Sync 4 DAGs
[2025-08-29T08:52:18.991+0000] {logging_mixin.py:190} INFO - [2025-08-29T08:52:18.991+0000] {dag.py:4180} INFO - Setting next_dagrun for dataset_alias_example_alias_consumer to None, run_after=None
[2025-08-29T08:52:18.994+0000] {logging_mixin.py:190} INFO - [2025-08-29T08:52:18.994+0000] {dag.py:4180} INFO - Setting next_dagrun for dataset_alias_example_alias_producer to None, run_after=None
[2025-08-29T08:52:18.996+0000] {logging_mixin.py:190} INFO - [2025-08-29T08:52:18.995+0000] {dag.py:4180} INFO - Setting next_dagrun for dataset_s3_bucket_consumer to None, run_after=None
[2025-08-29T08:52:18.997+0000] {logging_mixin.py:190} INFO - [2025-08-29T08:52:18.997+0000] {dag.py:4180} INFO - Setting next_dagrun for dataset_s3_bucket_producer to None, run_after=None
[2025-08-29T08:52:19.017+0000] {processor.py:208} INFO - Processing /home/airflow/.local/lib/python3.12/site-packages/airflow/example_dags/example_dataset_alias.py took 0.197 seconds
[2025-08-29T08:52:49.093+0000] {processor.py:186} INFO - Started process (PID=33299) to work on /home/airflow/.local/lib/python3.12/site-packages/airflow/example_dags/example_dataset_alias.py
[2025-08-29T08:52:49.094+0000] {processor.py:914} INFO - Processing file /home/airflow/.local/lib/python3.12/site-packages/airflow/example_dags/example_dataset_alias.py for tasks to queue
[2025-08-29T08:52:49.096+0000] {logging_mixin.py:190} INFO - [2025-08-29T08:52:49.096+0000] {dagbag.py:588} INFO - Filling up the DagBag from /home/airflow/.local/lib/python3.12/site-packages/airflow/example_dags/example_dataset_alias.py
[2025-08-29T08:52:49.201+0000] {processor.py:925} INFO - DAG(s) 'dataset_s3_bucket_consumer', 'dataset_alias_example_alias_producer', 'dataset_s3_bucket_producer', 'dataset_alias_example_alias_consumer' retrieved from /home/airflow/.local/lib/python3.12/site-packages/airflow/example_dags/example_dataset_alias.py
[2025-08-29T08:52:49.223+0000] {logging_mixin.py:190} INFO - [2025-08-29T08:52:49.223+0000] {dag.py:3239} INFO - Sync 4 DAGs
[2025-08-29T08:52:49.246+0000] {logging_mixin.py:190} INFO - [2025-08-29T08:52:49.246+0000] {dag.py:4180} INFO - Setting next_dagrun for dataset_alias_example_alias_consumer to None, run_after=None
[2025-08-29T08:52:49.251+0000] {logging_mixin.py:190} INFO - [2025-08-29T08:52:49.250+0000] {dag.py:4180} INFO - Setting next_dagrun for dataset_alias_example_alias_producer to None, run_after=None
[2025-08-29T08:52:49.252+0000] {logging_mixin.py:190} INFO - [2025-08-29T08:52:49.252+0000] {dag.py:4180} INFO - Setting next_dagrun for dataset_s3_bucket_consumer to None, run_after=None
[2025-08-29T08:52:49.253+0000] {logging_mixin.py:190} INFO - [2025-08-29T08:52:49.253+0000] {dag.py:4180} INFO - Setting next_dagrun for dataset_s3_bucket_producer to None, run_after=None
[2025-08-29T08:52:49.274+0000] {processor.py:208} INFO - Processing /home/airflow/.local/lib/python3.12/site-packages/airflow/example_dags/example_dataset_alias.py took 0.187 seconds
[2025-08-29T08:53:19.437+0000] {processor.py:186} INFO - Started process (PID=33364) to work on /home/airflow/.local/lib/python3.12/site-packages/airflow/example_dags/example_dataset_alias.py
[2025-08-29T08:53:19.438+0000] {processor.py:914} INFO - Processing file /home/airflow/.local/lib/python3.12/site-packages/airflow/example_dags/example_dataset_alias.py for tasks to queue
[2025-08-29T08:53:19.439+0000] {logging_mixin.py:190} INFO - [2025-08-29T08:53:19.439+0000] {dagbag.py:588} INFO - Filling up the DagBag from /home/airflow/.local/lib/python3.12/site-packages/airflow/example_dags/example_dataset_alias.py
[2025-08-29T08:53:19.539+0000] {processor.py:925} INFO - DAG(s) 'dataset_alias_example_alias_producer', 'dataset_s3_bucket_producer', 'dataset_s3_bucket_consumer', 'dataset_alias_example_alias_consumer' retrieved from /home/airflow/.local/lib/python3.12/site-packages/airflow/example_dags/example_dataset_alias.py
[2025-08-29T08:53:19.555+0000] {logging_mixin.py:190} INFO - [2025-08-29T08:53:19.554+0000] {dag.py:3239} INFO - Sync 4 DAGs
[2025-08-29T08:53:19.570+0000] {logging_mixin.py:190} INFO - [2025-08-29T08:53:19.570+0000] {dag.py:4180} INFO - Setting next_dagrun for dataset_alias_example_alias_consumer to None, run_after=None
[2025-08-29T08:53:19.573+0000] {logging_mixin.py:190} INFO - [2025-08-29T08:53:19.573+0000] {dag.py:4180} INFO - Setting next_dagrun for dataset_alias_example_alias_producer to None, run_after=None
[2025-08-29T08:53:19.575+0000] {logging_mixin.py:190} INFO - [2025-08-29T08:53:19.575+0000] {dag.py:4180} INFO - Setting next_dagrun for dataset_s3_bucket_consumer to None, run_after=None
[2025-08-29T08:53:19.576+0000] {logging_mixin.py:190} INFO - [2025-08-29T08:53:19.576+0000] {dag.py:4180} INFO - Setting next_dagrun for dataset_s3_bucket_producer to None, run_after=None
[2025-08-29T08:53:19.600+0000] {processor.py:208} INFO - Processing /home/airflow/.local/lib/python3.12/site-packages/airflow/example_dags/example_dataset_alias.py took 0.169 seconds
[2025-08-29T08:53:49.719+0000] {processor.py:186} INFO - Started process (PID=33424) to work on /home/airflow/.local/lib/python3.12/site-packages/airflow/example_dags/example_dataset_alias.py
[2025-08-29T08:53:49.720+0000] {processor.py:914} INFO - Processing file /home/airflow/.local/lib/python3.12/site-packages/airflow/example_dags/example_dataset_alias.py for tasks to queue
[2025-08-29T08:53:49.722+0000] {logging_mixin.py:190} INFO - [2025-08-29T08:53:49.722+0000] {dagbag.py:588} INFO - Filling up the DagBag from /home/airflow/.local/lib/python3.12/site-packages/airflow/example_dags/example_dataset_alias.py
[2025-08-29T08:53:49.831+0000] {processor.py:925} INFO - DAG(s) 'dataset_alias_example_alias_consumer', 'dataset_alias_example_alias_producer', 'dataset_s3_bucket_producer', 'dataset_s3_bucket_consumer' retrieved from /home/airflow/.local/lib/python3.12/site-packages/airflow/example_dags/example_dataset_alias.py
[2025-08-29T08:53:49.853+0000] {logging_mixin.py:190} INFO - [2025-08-29T08:53:49.853+0000] {dag.py:3239} INFO - Sync 4 DAGs
[2025-08-29T08:53:49.872+0000] {logging_mixin.py:190} INFO - [2025-08-29T08:53:49.871+0000] {dag.py:4180} INFO - Setting next_dagrun for dataset_alias_example_alias_consumer to None, run_after=None
[2025-08-29T08:53:49.874+0000] {logging_mixin.py:190} INFO - [2025-08-29T08:53:49.874+0000] {dag.py:4180} INFO - Setting next_dagrun for dataset_alias_example_alias_producer to None, run_after=None
[2025-08-29T08:53:49.876+0000] {logging_mixin.py:190} INFO - [2025-08-29T08:53:49.876+0000] {dag.py:4180} INFO - Setting next_dagrun for dataset_s3_bucket_consumer to None, run_after=None
[2025-08-29T08:53:49.877+0000] {logging_mixin.py:190} INFO - [2025-08-29T08:53:49.877+0000] {dag.py:4180} INFO - Setting next_dagrun for dataset_s3_bucket_producer to None, run_after=None
[2025-08-29T08:53:49.897+0000] {processor.py:208} INFO - Processing /home/airflow/.local/lib/python3.12/site-packages/airflow/example_dags/example_dataset_alias.py took 0.184 seconds
