[2025-08-29T08:40:40.028+0000] {processor.py:186} INFO - Started process (PID=31794) to work on /home/airflow/.local/lib/python3.12/site-packages/airflow/example_dags/example_dataset_alias_with_no_taskflow.py
[2025-08-29T08:40:40.029+0000] {processor.py:914} INFO - Processing file /home/airflow/.local/lib/python3.12/site-packages/airflow/example_dags/example_dataset_alias_with_no_taskflow.py for tasks to queue
[2025-08-29T08:40:40.031+0000] {logging_mixin.py:190} INFO - [2025-08-29T08:40:40.031+0000] {dagbag.py:588} INFO - Filling up the DagBag from /home/airflow/.local/lib/python3.12/site-packages/airflow/example_dags/example_dataset_alias_with_no_taskflow.py
[2025-08-29T08:40:40.191+0000] {processor.py:925} INFO - DAG(s) 'dataset_alias_example_alias_consumer_with_no_taskflow', 'dataset_s3_bucket_producer_with_no_taskflow', 'dataset_alias_example_alias_producer_with_no_taskflow', 'dataset_s3_bucket_consumer_with_no_taskflow' retrieved from /home/airflow/.local/lib/python3.12/site-packages/airflow/example_dags/example_dataset_alias_with_no_taskflow.py
[2025-08-29T08:40:40.220+0000] {logging_mixin.py:190} INFO - [2025-08-29T08:40:40.220+0000] {dag.py:3239} INFO - Sync 4 DAGs
[2025-08-29T08:40:40.245+0000] {logging_mixin.py:190} INFO - [2025-08-29T08:40:40.245+0000] {dag.py:4180} INFO - Setting next_dagrun for dataset_alias_example_alias_consumer_with_no_taskflow to None, run_after=None
[2025-08-29T08:40:40.248+0000] {logging_mixin.py:190} INFO - [2025-08-29T08:40:40.248+0000] {dag.py:4180} INFO - Setting next_dagrun for dataset_alias_example_alias_producer_with_no_taskflow to None, run_after=None
[2025-08-29T08:40:40.250+0000] {logging_mixin.py:190} INFO - [2025-08-29T08:40:40.250+0000] {dag.py:4180} INFO - Setting next_dagrun for dataset_s3_bucket_consumer_with_no_taskflow to None, run_after=None
[2025-08-29T08:40:40.251+0000] {logging_mixin.py:190} INFO - [2025-08-29T08:40:40.251+0000] {dag.py:4180} INFO - Setting next_dagrun for dataset_s3_bucket_producer_with_no_taskflow to None, run_after=None
[2025-08-29T08:40:40.278+0000] {processor.py:208} INFO - Processing /home/airflow/.local/lib/python3.12/site-packages/airflow/example_dags/example_dataset_alias_with_no_taskflow.py took 0.257 seconds
[2025-08-29T08:41:11.022+0000] {processor.py:186} INFO - Started process (PID=31858) to work on /home/airflow/.local/lib/python3.12/site-packages/airflow/example_dags/example_dataset_alias_with_no_taskflow.py
[2025-08-29T08:41:11.022+0000] {processor.py:914} INFO - Processing file /home/airflow/.local/lib/python3.12/site-packages/airflow/example_dags/example_dataset_alias_with_no_taskflow.py for tasks to queue
[2025-08-29T08:41:11.025+0000] {logging_mixin.py:190} INFO - [2025-08-29T08:41:11.024+0000] {dagbag.py:588} INFO - Filling up the DagBag from /home/airflow/.local/lib/python3.12/site-packages/airflow/example_dags/example_dataset_alias_with_no_taskflow.py
[2025-08-29T08:41:11.187+0000] {processor.py:925} INFO - DAG(s) 'dataset_s3_bucket_producer_with_no_taskflow', 'dataset_s3_bucket_consumer_with_no_taskflow', 'dataset_alias_example_alias_consumer_with_no_taskflow', 'dataset_alias_example_alias_producer_with_no_taskflow' retrieved from /home/airflow/.local/lib/python3.12/site-packages/airflow/example_dags/example_dataset_alias_with_no_taskflow.py
[2025-08-29T08:41:11.218+0000] {logging_mixin.py:190} INFO - [2025-08-29T08:41:11.218+0000] {dag.py:3239} INFO - Sync 4 DAGs
[2025-08-29T08:41:11.248+0000] {logging_mixin.py:190} INFO - [2025-08-29T08:41:11.247+0000] {dag.py:4180} INFO - Setting next_dagrun for dataset_alias_example_alias_consumer_with_no_taskflow to None, run_after=None
[2025-08-29T08:41:11.252+0000] {logging_mixin.py:190} INFO - [2025-08-29T08:41:11.251+0000] {dag.py:4180} INFO - Setting next_dagrun for dataset_alias_example_alias_producer_with_no_taskflow to None, run_after=None
[2025-08-29T08:41:11.253+0000] {logging_mixin.py:190} INFO - [2025-08-29T08:41:11.253+0000] {dag.py:4180} INFO - Setting next_dagrun for dataset_s3_bucket_consumer_with_no_taskflow to None, run_after=None
[2025-08-29T08:41:11.255+0000] {logging_mixin.py:190} INFO - [2025-08-29T08:41:11.255+0000] {dag.py:4180} INFO - Setting next_dagrun for dataset_s3_bucket_producer_with_no_taskflow to None, run_after=None
[2025-08-29T08:41:11.287+0000] {processor.py:208} INFO - Processing /home/airflow/.local/lib/python3.12/site-packages/airflow/example_dags/example_dataset_alias_with_no_taskflow.py took 0.271 seconds
[2025-08-29T08:41:42.262+0000] {processor.py:186} INFO - Started process (PID=31922) to work on /home/airflow/.local/lib/python3.12/site-packages/airflow/example_dags/example_dataset_alias_with_no_taskflow.py
[2025-08-29T08:41:42.263+0000] {processor.py:914} INFO - Processing file /home/airflow/.local/lib/python3.12/site-packages/airflow/example_dags/example_dataset_alias_with_no_taskflow.py for tasks to queue
[2025-08-29T08:41:42.266+0000] {logging_mixin.py:190} INFO - [2025-08-29T08:41:42.265+0000] {dagbag.py:588} INFO - Filling up the DagBag from /home/airflow/.local/lib/python3.12/site-packages/airflow/example_dags/example_dataset_alias_with_no_taskflow.py
[2025-08-29T08:41:42.486+0000] {processor.py:925} INFO - DAG(s) 'dataset_s3_bucket_producer_with_no_taskflow', 'dataset_s3_bucket_consumer_with_no_taskflow', 'dataset_alias_example_alias_producer_with_no_taskflow', 'dataset_alias_example_alias_consumer_with_no_taskflow' retrieved from /home/airflow/.local/lib/python3.12/site-packages/airflow/example_dags/example_dataset_alias_with_no_taskflow.py
[2025-08-29T08:41:42.531+0000] {logging_mixin.py:190} INFO - [2025-08-29T08:41:42.531+0000] {dag.py:3239} INFO - Sync 4 DAGs
[2025-08-29T08:41:42.579+0000] {logging_mixin.py:190} INFO - [2025-08-29T08:41:42.578+0000] {dag.py:4180} INFO - Setting next_dagrun for dataset_alias_example_alias_consumer_with_no_taskflow to None, run_after=None
[2025-08-29T08:41:42.585+0000] {logging_mixin.py:190} INFO - [2025-08-29T08:41:42.585+0000] {dag.py:4180} INFO - Setting next_dagrun for dataset_alias_example_alias_producer_with_no_taskflow to None, run_after=None
[2025-08-29T08:41:42.588+0000] {logging_mixin.py:190} INFO - [2025-08-29T08:41:42.588+0000] {dag.py:4180} INFO - Setting next_dagrun for dataset_s3_bucket_consumer_with_no_taskflow to None, run_after=None
[2025-08-29T08:41:42.591+0000] {logging_mixin.py:190} INFO - [2025-08-29T08:41:42.590+0000] {dag.py:4180} INFO - Setting next_dagrun for dataset_s3_bucket_producer_with_no_taskflow to None, run_after=None
[2025-08-29T08:41:42.631+0000] {processor.py:208} INFO - Processing /home/airflow/.local/lib/python3.12/site-packages/airflow/example_dags/example_dataset_alias_with_no_taskflow.py took 0.378 seconds
[2025-08-29T08:42:12.723+0000] {processor.py:186} INFO - Started process (PID=31988) to work on /home/airflow/.local/lib/python3.12/site-packages/airflow/example_dags/example_dataset_alias_with_no_taskflow.py
[2025-08-29T08:42:12.723+0000] {processor.py:914} INFO - Processing file /home/airflow/.local/lib/python3.12/site-packages/airflow/example_dags/example_dataset_alias_with_no_taskflow.py for tasks to queue
[2025-08-29T08:42:12.725+0000] {logging_mixin.py:190} INFO - [2025-08-29T08:42:12.725+0000] {dagbag.py:588} INFO - Filling up the DagBag from /home/airflow/.local/lib/python3.12/site-packages/airflow/example_dags/example_dataset_alias_with_no_taskflow.py
[2025-08-29T08:42:12.896+0000] {processor.py:925} INFO - DAG(s) 'dataset_s3_bucket_consumer_with_no_taskflow', 'dataset_alias_example_alias_consumer_with_no_taskflow', 'dataset_s3_bucket_producer_with_no_taskflow', 'dataset_alias_example_alias_producer_with_no_taskflow' retrieved from /home/airflow/.local/lib/python3.12/site-packages/airflow/example_dags/example_dataset_alias_with_no_taskflow.py
[2025-08-29T08:42:12.929+0000] {logging_mixin.py:190} INFO - [2025-08-29T08:42:12.928+0000] {dag.py:3239} INFO - Sync 4 DAGs
[2025-08-29T08:42:12.971+0000] {logging_mixin.py:190} INFO - [2025-08-29T08:42:12.970+0000] {dag.py:4180} INFO - Setting next_dagrun for dataset_alias_example_alias_consumer_with_no_taskflow to None, run_after=None
[2025-08-29T08:42:12.975+0000] {logging_mixin.py:190} INFO - [2025-08-29T08:42:12.975+0000] {dag.py:4180} INFO - Setting next_dagrun for dataset_alias_example_alias_producer_with_no_taskflow to None, run_after=None
[2025-08-29T08:42:12.977+0000] {logging_mixin.py:190} INFO - [2025-08-29T08:42:12.977+0000] {dag.py:4180} INFO - Setting next_dagrun for dataset_s3_bucket_consumer_with_no_taskflow to None, run_after=None
[2025-08-29T08:42:12.979+0000] {logging_mixin.py:190} INFO - [2025-08-29T08:42:12.979+0000] {dag.py:4180} INFO - Setting next_dagrun for dataset_s3_bucket_producer_with_no_taskflow to None, run_after=None
[2025-08-29T08:42:13.013+0000] {processor.py:208} INFO - Processing /home/airflow/.local/lib/python3.12/site-packages/airflow/example_dags/example_dataset_alias_with_no_taskflow.py took 0.296 seconds
[2025-08-29T08:42:43.273+0000] {processor.py:186} INFO - Started process (PID=32050) to work on /home/airflow/.local/lib/python3.12/site-packages/airflow/example_dags/example_dataset_alias_with_no_taskflow.py
[2025-08-29T08:42:43.274+0000] {processor.py:914} INFO - Processing file /home/airflow/.local/lib/python3.12/site-packages/airflow/example_dags/example_dataset_alias_with_no_taskflow.py for tasks to queue
[2025-08-29T08:42:43.276+0000] {logging_mixin.py:190} INFO - [2025-08-29T08:42:43.276+0000] {dagbag.py:588} INFO - Filling up the DagBag from /home/airflow/.local/lib/python3.12/site-packages/airflow/example_dags/example_dataset_alias_with_no_taskflow.py
[2025-08-29T08:42:43.430+0000] {processor.py:925} INFO - DAG(s) 'dataset_alias_example_alias_consumer_with_no_taskflow', 'dataset_s3_bucket_producer_with_no_taskflow', 'dataset_alias_example_alias_producer_with_no_taskflow', 'dataset_s3_bucket_consumer_with_no_taskflow' retrieved from /home/airflow/.local/lib/python3.12/site-packages/airflow/example_dags/example_dataset_alias_with_no_taskflow.py
[2025-08-29T08:42:43.449+0000] {logging_mixin.py:190} INFO - [2025-08-29T08:42:43.449+0000] {dag.py:3239} INFO - Sync 4 DAGs
[2025-08-29T08:42:43.472+0000] {logging_mixin.py:190} INFO - [2025-08-29T08:42:43.472+0000] {dag.py:4180} INFO - Setting next_dagrun for dataset_alias_example_alias_consumer_with_no_taskflow to None, run_after=None
[2025-08-29T08:42:43.475+0000] {logging_mixin.py:190} INFO - [2025-08-29T08:42:43.474+0000] {dag.py:4180} INFO - Setting next_dagrun for dataset_alias_example_alias_producer_with_no_taskflow to None, run_after=None
[2025-08-29T08:42:43.476+0000] {logging_mixin.py:190} INFO - [2025-08-29T08:42:43.476+0000] {dag.py:4180} INFO - Setting next_dagrun for dataset_s3_bucket_consumer_with_no_taskflow to None, run_after=None
[2025-08-29T08:42:43.477+0000] {logging_mixin.py:190} INFO - [2025-08-29T08:42:43.477+0000] {dag.py:4180} INFO - Setting next_dagrun for dataset_s3_bucket_producer_with_no_taskflow to None, run_after=None
[2025-08-29T08:42:43.506+0000] {processor.py:208} INFO - Processing /home/airflow/.local/lib/python3.12/site-packages/airflow/example_dags/example_dataset_alias_with_no_taskflow.py took 0.238 seconds
[2025-08-29T08:43:13.902+0000] {processor.py:186} INFO - Started process (PID=32114) to work on /home/airflow/.local/lib/python3.12/site-packages/airflow/example_dags/example_dataset_alias_with_no_taskflow.py
[2025-08-29T08:43:13.903+0000] {processor.py:914} INFO - Processing file /home/airflow/.local/lib/python3.12/site-packages/airflow/example_dags/example_dataset_alias_with_no_taskflow.py for tasks to queue
[2025-08-29T08:43:13.907+0000] {logging_mixin.py:190} INFO - [2025-08-29T08:43:13.906+0000] {dagbag.py:588} INFO - Filling up the DagBag from /home/airflow/.local/lib/python3.12/site-packages/airflow/example_dags/example_dataset_alias_with_no_taskflow.py
[2025-08-29T08:43:14.092+0000] {processor.py:925} INFO - DAG(s) 'dataset_s3_bucket_producer_with_no_taskflow', 'dataset_alias_example_alias_producer_with_no_taskflow', 'dataset_s3_bucket_consumer_with_no_taskflow', 'dataset_alias_example_alias_consumer_with_no_taskflow' retrieved from /home/airflow/.local/lib/python3.12/site-packages/airflow/example_dags/example_dataset_alias_with_no_taskflow.py
[2025-08-29T08:43:14.126+0000] {logging_mixin.py:190} INFO - [2025-08-29T08:43:14.125+0000] {dag.py:3239} INFO - Sync 4 DAGs
[2025-08-29T08:43:14.166+0000] {logging_mixin.py:190} INFO - [2025-08-29T08:43:14.165+0000] {dag.py:4180} INFO - Setting next_dagrun for dataset_alias_example_alias_consumer_with_no_taskflow to None, run_after=None
[2025-08-29T08:43:14.170+0000] {logging_mixin.py:190} INFO - [2025-08-29T08:43:14.170+0000] {dag.py:4180} INFO - Setting next_dagrun for dataset_alias_example_alias_producer_with_no_taskflow to None, run_after=None
[2025-08-29T08:43:14.172+0000] {logging_mixin.py:190} INFO - [2025-08-29T08:43:14.171+0000] {dag.py:4180} INFO - Setting next_dagrun for dataset_s3_bucket_consumer_with_no_taskflow to None, run_after=None
[2025-08-29T08:43:14.173+0000] {logging_mixin.py:190} INFO - [2025-08-29T08:43:14.173+0000] {dag.py:4180} INFO - Setting next_dagrun for dataset_s3_bucket_producer_with_no_taskflow to None, run_after=None
[2025-08-29T08:43:14.205+0000] {processor.py:208} INFO - Processing /home/airflow/.local/lib/python3.12/site-packages/airflow/example_dags/example_dataset_alias_with_no_taskflow.py took 0.313 seconds
[2025-08-29T08:43:44.974+0000] {processor.py:186} INFO - Started process (PID=32178) to work on /home/airflow/.local/lib/python3.12/site-packages/airflow/example_dags/example_dataset_alias_with_no_taskflow.py
[2025-08-29T08:43:44.976+0000] {processor.py:914} INFO - Processing file /home/airflow/.local/lib/python3.12/site-packages/airflow/example_dags/example_dataset_alias_with_no_taskflow.py for tasks to queue
[2025-08-29T08:43:44.978+0000] {logging_mixin.py:190} INFO - [2025-08-29T08:43:44.977+0000] {dagbag.py:588} INFO - Filling up the DagBag from /home/airflow/.local/lib/python3.12/site-packages/airflow/example_dags/example_dataset_alias_with_no_taskflow.py
[2025-08-29T08:43:45.114+0000] {processor.py:925} INFO - DAG(s) 'dataset_s3_bucket_producer_with_no_taskflow', 'dataset_s3_bucket_consumer_with_no_taskflow', 'dataset_alias_example_alias_producer_with_no_taskflow', 'dataset_alias_example_alias_consumer_with_no_taskflow' retrieved from /home/airflow/.local/lib/python3.12/site-packages/airflow/example_dags/example_dataset_alias_with_no_taskflow.py
[2025-08-29T08:43:45.139+0000] {logging_mixin.py:190} INFO - [2025-08-29T08:43:45.139+0000] {dag.py:3239} INFO - Sync 4 DAGs
[2025-08-29T08:43:45.159+0000] {logging_mixin.py:190} INFO - [2025-08-29T08:43:45.159+0000] {dag.py:4180} INFO - Setting next_dagrun for dataset_alias_example_alias_consumer_with_no_taskflow to None, run_after=None
[2025-08-29T08:43:45.163+0000] {logging_mixin.py:190} INFO - [2025-08-29T08:43:45.163+0000] {dag.py:4180} INFO - Setting next_dagrun for dataset_alias_example_alias_producer_with_no_taskflow to None, run_after=None
[2025-08-29T08:43:45.164+0000] {logging_mixin.py:190} INFO - [2025-08-29T08:43:45.164+0000] {dag.py:4180} INFO - Setting next_dagrun for dataset_s3_bucket_consumer_with_no_taskflow to None, run_after=None
[2025-08-29T08:43:45.165+0000] {logging_mixin.py:190} INFO - [2025-08-29T08:43:45.165+0000] {dag.py:4180} INFO - Setting next_dagrun for dataset_s3_bucket_producer_with_no_taskflow to None, run_after=None
[2025-08-29T08:43:45.186+0000] {processor.py:208} INFO - Processing /home/airflow/.local/lib/python3.12/site-packages/airflow/example_dags/example_dataset_alias_with_no_taskflow.py took 0.217 seconds
[2025-08-29T08:44:15.724+0000] {processor.py:186} INFO - Started process (PID=32242) to work on /home/airflow/.local/lib/python3.12/site-packages/airflow/example_dags/example_dataset_alias_with_no_taskflow.py
[2025-08-29T08:44:15.726+0000] {processor.py:914} INFO - Processing file /home/airflow/.local/lib/python3.12/site-packages/airflow/example_dags/example_dataset_alias_with_no_taskflow.py for tasks to queue
[2025-08-29T08:44:15.728+0000] {logging_mixin.py:190} INFO - [2025-08-29T08:44:15.727+0000] {dagbag.py:588} INFO - Filling up the DagBag from /home/airflow/.local/lib/python3.12/site-packages/airflow/example_dags/example_dataset_alias_with_no_taskflow.py
[2025-08-29T08:44:15.832+0000] {processor.py:925} INFO - DAG(s) 'dataset_s3_bucket_consumer_with_no_taskflow', 'dataset_alias_example_alias_consumer_with_no_taskflow', 'dataset_alias_example_alias_producer_with_no_taskflow', 'dataset_s3_bucket_producer_with_no_taskflow' retrieved from /home/airflow/.local/lib/python3.12/site-packages/airflow/example_dags/example_dataset_alias_with_no_taskflow.py
[2025-08-29T08:44:15.853+0000] {logging_mixin.py:190} INFO - [2025-08-29T08:44:15.853+0000] {dag.py:3239} INFO - Sync 4 DAGs
[2025-08-29T08:44:15.875+0000] {logging_mixin.py:190} INFO - [2025-08-29T08:44:15.874+0000] {dag.py:4180} INFO - Setting next_dagrun for dataset_alias_example_alias_consumer_with_no_taskflow to None, run_after=None
[2025-08-29T08:44:15.877+0000] {logging_mixin.py:190} INFO - [2025-08-29T08:44:15.877+0000] {dag.py:4180} INFO - Setting next_dagrun for dataset_alias_example_alias_producer_with_no_taskflow to None, run_after=None
[2025-08-29T08:44:15.879+0000] {logging_mixin.py:190} INFO - [2025-08-29T08:44:15.878+0000] {dag.py:4180} INFO - Setting next_dagrun for dataset_s3_bucket_consumer_with_no_taskflow to None, run_after=None
[2025-08-29T08:44:15.880+0000] {logging_mixin.py:190} INFO - [2025-08-29T08:44:15.880+0000] {dag.py:4180} INFO - Setting next_dagrun for dataset_s3_bucket_producer_with_no_taskflow to None, run_after=None
[2025-08-29T08:44:15.901+0000] {processor.py:208} INFO - Processing /home/airflow/.local/lib/python3.12/site-packages/airflow/example_dags/example_dataset_alias_with_no_taskflow.py took 0.184 seconds
[2025-08-29T08:44:46.567+0000] {processor.py:186} INFO - Started process (PID=32306) to work on /home/airflow/.local/lib/python3.12/site-packages/airflow/example_dags/example_dataset_alias_with_no_taskflow.py
[2025-08-29T08:44:46.568+0000] {processor.py:914} INFO - Processing file /home/airflow/.local/lib/python3.12/site-packages/airflow/example_dags/example_dataset_alias_with_no_taskflow.py for tasks to queue
[2025-08-29T08:44:46.570+0000] {logging_mixin.py:190} INFO - [2025-08-29T08:44:46.569+0000] {dagbag.py:588} INFO - Filling up the DagBag from /home/airflow/.local/lib/python3.12/site-packages/airflow/example_dags/example_dataset_alias_with_no_taskflow.py
[2025-08-29T08:44:46.701+0000] {processor.py:925} INFO - DAG(s) 'dataset_s3_bucket_consumer_with_no_taskflow', 'dataset_s3_bucket_producer_with_no_taskflow', 'dataset_alias_example_alias_producer_with_no_taskflow', 'dataset_alias_example_alias_consumer_with_no_taskflow' retrieved from /home/airflow/.local/lib/python3.12/site-packages/airflow/example_dags/example_dataset_alias_with_no_taskflow.py
[2025-08-29T08:44:46.727+0000] {logging_mixin.py:190} INFO - [2025-08-29T08:44:46.726+0000] {dag.py:3239} INFO - Sync 4 DAGs
[2025-08-29T08:44:46.756+0000] {logging_mixin.py:190} INFO - [2025-08-29T08:44:46.756+0000] {dag.py:4180} INFO - Setting next_dagrun for dataset_alias_example_alias_consumer_with_no_taskflow to None, run_after=None
[2025-08-29T08:44:46.759+0000] {logging_mixin.py:190} INFO - [2025-08-29T08:44:46.759+0000] {dag.py:4180} INFO - Setting next_dagrun for dataset_alias_example_alias_producer_with_no_taskflow to None, run_after=None
[2025-08-29T08:44:46.761+0000] {logging_mixin.py:190} INFO - [2025-08-29T08:44:46.761+0000] {dag.py:4180} INFO - Setting next_dagrun for dataset_s3_bucket_consumer_with_no_taskflow to None, run_after=None
[2025-08-29T08:44:46.763+0000] {logging_mixin.py:190} INFO - [2025-08-29T08:44:46.763+0000] {dag.py:4180} INFO - Setting next_dagrun for dataset_s3_bucket_producer_with_no_taskflow to None, run_after=None
[2025-08-29T08:44:46.788+0000] {processor.py:208} INFO - Processing /home/airflow/.local/lib/python3.12/site-packages/airflow/example_dags/example_dataset_alias_with_no_taskflow.py took 0.228 seconds
[2025-08-29T08:45:16.996+0000] {processor.py:186} INFO - Started process (PID=32370) to work on /home/airflow/.local/lib/python3.12/site-packages/airflow/example_dags/example_dataset_alias_with_no_taskflow.py
[2025-08-29T08:45:16.997+0000] {processor.py:914} INFO - Processing file /home/airflow/.local/lib/python3.12/site-packages/airflow/example_dags/example_dataset_alias_with_no_taskflow.py for tasks to queue
[2025-08-29T08:45:16.999+0000] {logging_mixin.py:190} INFO - [2025-08-29T08:45:16.999+0000] {dagbag.py:588} INFO - Filling up the DagBag from /home/airflow/.local/lib/python3.12/site-packages/airflow/example_dags/example_dataset_alias_with_no_taskflow.py
[2025-08-29T08:45:17.103+0000] {processor.py:925} INFO - DAG(s) 'dataset_alias_example_alias_consumer_with_no_taskflow', 'dataset_s3_bucket_consumer_with_no_taskflow', 'dataset_s3_bucket_producer_with_no_taskflow', 'dataset_alias_example_alias_producer_with_no_taskflow' retrieved from /home/airflow/.local/lib/python3.12/site-packages/airflow/example_dags/example_dataset_alias_with_no_taskflow.py
[2025-08-29T08:45:17.118+0000] {logging_mixin.py:190} INFO - [2025-08-29T08:45:17.118+0000] {dag.py:3239} INFO - Sync 4 DAGs
[2025-08-29T08:45:17.132+0000] {logging_mixin.py:190} INFO - [2025-08-29T08:45:17.132+0000] {dag.py:4180} INFO - Setting next_dagrun for dataset_alias_example_alias_consumer_with_no_taskflow to None, run_after=None
[2025-08-29T08:45:17.134+0000] {logging_mixin.py:190} INFO - [2025-08-29T08:45:17.134+0000] {dag.py:4180} INFO - Setting next_dagrun for dataset_alias_example_alias_producer_with_no_taskflow to None, run_after=None
[2025-08-29T08:45:17.135+0000] {logging_mixin.py:190} INFO - [2025-08-29T08:45:17.135+0000] {dag.py:4180} INFO - Setting next_dagrun for dataset_s3_bucket_consumer_with_no_taskflow to None, run_after=None
[2025-08-29T08:45:17.136+0000] {logging_mixin.py:190} INFO - [2025-08-29T08:45:17.136+0000] {dag.py:4180} INFO - Setting next_dagrun for dataset_s3_bucket_producer_with_no_taskflow to None, run_after=None
[2025-08-29T08:45:17.152+0000] {processor.py:208} INFO - Processing /home/airflow/.local/lib/python3.12/site-packages/airflow/example_dags/example_dataset_alias_with_no_taskflow.py took 0.163 seconds
[2025-08-29T08:45:47.694+0000] {processor.py:186} INFO - Started process (PID=32434) to work on /home/airflow/.local/lib/python3.12/site-packages/airflow/example_dags/example_dataset_alias_with_no_taskflow.py
[2025-08-29T08:45:47.695+0000] {processor.py:914} INFO - Processing file /home/airflow/.local/lib/python3.12/site-packages/airflow/example_dags/example_dataset_alias_with_no_taskflow.py for tasks to queue
[2025-08-29T08:45:47.697+0000] {logging_mixin.py:190} INFO - [2025-08-29T08:45:47.696+0000] {dagbag.py:588} INFO - Filling up the DagBag from /home/airflow/.local/lib/python3.12/site-packages/airflow/example_dags/example_dataset_alias_with_no_taskflow.py
[2025-08-29T08:45:47.797+0000] {processor.py:925} INFO - DAG(s) 'dataset_s3_bucket_consumer_with_no_taskflow', 'dataset_alias_example_alias_consumer_with_no_taskflow', 'dataset_s3_bucket_producer_with_no_taskflow', 'dataset_alias_example_alias_producer_with_no_taskflow' retrieved from /home/airflow/.local/lib/python3.12/site-packages/airflow/example_dags/example_dataset_alias_with_no_taskflow.py
[2025-08-29T08:45:47.819+0000] {logging_mixin.py:190} INFO - [2025-08-29T08:45:47.819+0000] {dag.py:3239} INFO - Sync 4 DAGs
[2025-08-29T08:45:47.836+0000] {logging_mixin.py:190} INFO - [2025-08-29T08:45:47.836+0000] {dag.py:4180} INFO - Setting next_dagrun for dataset_alias_example_alias_consumer_with_no_taskflow to None, run_after=None
[2025-08-29T08:45:47.838+0000] {logging_mixin.py:190} INFO - [2025-08-29T08:45:47.838+0000] {dag.py:4180} INFO - Setting next_dagrun for dataset_alias_example_alias_producer_with_no_taskflow to None, run_after=None
[2025-08-29T08:45:47.839+0000] {logging_mixin.py:190} INFO - [2025-08-29T08:45:47.839+0000] {dag.py:4180} INFO - Setting next_dagrun for dataset_s3_bucket_consumer_with_no_taskflow to None, run_after=None
[2025-08-29T08:45:47.840+0000] {logging_mixin.py:190} INFO - [2025-08-29T08:45:47.840+0000] {dag.py:4180} INFO - Setting next_dagrun for dataset_s3_bucket_producer_with_no_taskflow to None, run_after=None
[2025-08-29T08:45:47.861+0000] {processor.py:208} INFO - Processing /home/airflow/.local/lib/python3.12/site-packages/airflow/example_dags/example_dataset_alias_with_no_taskflow.py took 0.171 seconds
[2025-08-29T08:46:18.170+0000] {processor.py:186} INFO - Started process (PID=32498) to work on /home/airflow/.local/lib/python3.12/site-packages/airflow/example_dags/example_dataset_alias_with_no_taskflow.py
[2025-08-29T08:46:18.171+0000] {processor.py:914} INFO - Processing file /home/airflow/.local/lib/python3.12/site-packages/airflow/example_dags/example_dataset_alias_with_no_taskflow.py for tasks to queue
[2025-08-29T08:46:18.175+0000] {logging_mixin.py:190} INFO - [2025-08-29T08:46:18.174+0000] {dagbag.py:588} INFO - Filling up the DagBag from /home/airflow/.local/lib/python3.12/site-packages/airflow/example_dags/example_dataset_alias_with_no_taskflow.py
[2025-08-29T08:46:18.284+0000] {processor.py:925} INFO - DAG(s) 'dataset_alias_example_alias_consumer_with_no_taskflow', 'dataset_s3_bucket_producer_with_no_taskflow', 'dataset_alias_example_alias_producer_with_no_taskflow', 'dataset_s3_bucket_consumer_with_no_taskflow' retrieved from /home/airflow/.local/lib/python3.12/site-packages/airflow/example_dags/example_dataset_alias_with_no_taskflow.py
[2025-08-29T08:46:18.310+0000] {logging_mixin.py:190} INFO - [2025-08-29T08:46:18.310+0000] {dag.py:3239} INFO - Sync 4 DAGs
[2025-08-29T08:46:18.334+0000] {logging_mixin.py:190} INFO - [2025-08-29T08:46:18.334+0000] {dag.py:4180} INFO - Setting next_dagrun for dataset_alias_example_alias_consumer_with_no_taskflow to None, run_after=None
[2025-08-29T08:46:18.338+0000] {logging_mixin.py:190} INFO - [2025-08-29T08:46:18.337+0000] {dag.py:4180} INFO - Setting next_dagrun for dataset_alias_example_alias_producer_with_no_taskflow to None, run_after=None
[2025-08-29T08:46:18.339+0000] {logging_mixin.py:190} INFO - [2025-08-29T08:46:18.339+0000] {dag.py:4180} INFO - Setting next_dagrun for dataset_s3_bucket_consumer_with_no_taskflow to None, run_after=None
[2025-08-29T08:46:18.341+0000] {logging_mixin.py:190} INFO - [2025-08-29T08:46:18.340+0000] {dag.py:4180} INFO - Setting next_dagrun for dataset_s3_bucket_producer_with_no_taskflow to None, run_after=None
[2025-08-29T08:46:18.364+0000] {processor.py:208} INFO - Processing /home/airflow/.local/lib/python3.12/site-packages/airflow/example_dags/example_dataset_alias_with_no_taskflow.py took 0.201 seconds
[2025-08-29T08:46:48.521+0000] {processor.py:186} INFO - Started process (PID=32562) to work on /home/airflow/.local/lib/python3.12/site-packages/airflow/example_dags/example_dataset_alias_with_no_taskflow.py
[2025-08-29T08:46:48.523+0000] {processor.py:914} INFO - Processing file /home/airflow/.local/lib/python3.12/site-packages/airflow/example_dags/example_dataset_alias_with_no_taskflow.py for tasks to queue
[2025-08-29T08:46:48.525+0000] {logging_mixin.py:190} INFO - [2025-08-29T08:46:48.524+0000] {dagbag.py:588} INFO - Filling up the DagBag from /home/airflow/.local/lib/python3.12/site-packages/airflow/example_dags/example_dataset_alias_with_no_taskflow.py
[2025-08-29T08:46:48.632+0000] {processor.py:925} INFO - DAG(s) 'dataset_s3_bucket_producer_with_no_taskflow', 'dataset_alias_example_alias_producer_with_no_taskflow', 'dataset_alias_example_alias_consumer_with_no_taskflow', 'dataset_s3_bucket_consumer_with_no_taskflow' retrieved from /home/airflow/.local/lib/python3.12/site-packages/airflow/example_dags/example_dataset_alias_with_no_taskflow.py
[2025-08-29T08:46:48.652+0000] {logging_mixin.py:190} INFO - [2025-08-29T08:46:48.652+0000] {dag.py:3239} INFO - Sync 4 DAGs
[2025-08-29T08:46:48.672+0000] {logging_mixin.py:190} INFO - [2025-08-29T08:46:48.672+0000] {dag.py:4180} INFO - Setting next_dagrun for dataset_alias_example_alias_consumer_with_no_taskflow to None, run_after=None
[2025-08-29T08:46:48.675+0000] {logging_mixin.py:190} INFO - [2025-08-29T08:46:48.675+0000] {dag.py:4180} INFO - Setting next_dagrun for dataset_alias_example_alias_producer_with_no_taskflow to None, run_after=None
[2025-08-29T08:46:48.676+0000] {logging_mixin.py:190} INFO - [2025-08-29T08:46:48.676+0000] {dag.py:4180} INFO - Setting next_dagrun for dataset_s3_bucket_consumer_with_no_taskflow to None, run_after=None
[2025-08-29T08:46:48.677+0000] {logging_mixin.py:190} INFO - [2025-08-29T08:46:48.677+0000] {dag.py:4180} INFO - Setting next_dagrun for dataset_s3_bucket_producer_with_no_taskflow to None, run_after=None
[2025-08-29T08:46:48.698+0000] {processor.py:208} INFO - Processing /home/airflow/.local/lib/python3.12/site-packages/airflow/example_dags/example_dataset_alias_with_no_taskflow.py took 0.185 seconds
[2025-08-29T08:47:18.814+0000] {processor.py:186} INFO - Started process (PID=32628) to work on /home/airflow/.local/lib/python3.12/site-packages/airflow/example_dags/example_dataset_alias_with_no_taskflow.py
[2025-08-29T08:47:18.815+0000] {processor.py:914} INFO - Processing file /home/airflow/.local/lib/python3.12/site-packages/airflow/example_dags/example_dataset_alias_with_no_taskflow.py for tasks to queue
[2025-08-29T08:47:18.817+0000] {logging_mixin.py:190} INFO - [2025-08-29T08:47:18.817+0000] {dagbag.py:588} INFO - Filling up the DagBag from /home/airflow/.local/lib/python3.12/site-packages/airflow/example_dags/example_dataset_alias_with_no_taskflow.py
[2025-08-29T08:47:18.915+0000] {processor.py:925} INFO - DAG(s) 'dataset_s3_bucket_producer_with_no_taskflow', 'dataset_s3_bucket_consumer_with_no_taskflow', 'dataset_alias_example_alias_producer_with_no_taskflow', 'dataset_alias_example_alias_consumer_with_no_taskflow' retrieved from /home/airflow/.local/lib/python3.12/site-packages/airflow/example_dags/example_dataset_alias_with_no_taskflow.py
[2025-08-29T08:47:18.930+0000] {logging_mixin.py:190} INFO - [2025-08-29T08:47:18.930+0000] {dag.py:3239} INFO - Sync 4 DAGs
[2025-08-29T08:47:18.943+0000] {logging_mixin.py:190} INFO - [2025-08-29T08:47:18.943+0000] {dag.py:4180} INFO - Setting next_dagrun for dataset_alias_example_alias_consumer_with_no_taskflow to None, run_after=None
[2025-08-29T08:47:18.945+0000] {logging_mixin.py:190} INFO - [2025-08-29T08:47:18.945+0000] {dag.py:4180} INFO - Setting next_dagrun for dataset_alias_example_alias_producer_with_no_taskflow to None, run_after=None
[2025-08-29T08:47:18.945+0000] {logging_mixin.py:190} INFO - [2025-08-29T08:47:18.945+0000] {dag.py:4180} INFO - Setting next_dagrun for dataset_s3_bucket_consumer_with_no_taskflow to None, run_after=None
[2025-08-29T08:47:18.946+0000] {logging_mixin.py:190} INFO - [2025-08-29T08:47:18.946+0000] {dag.py:4180} INFO - Setting next_dagrun for dataset_s3_bucket_producer_with_no_taskflow to None, run_after=None
[2025-08-29T08:47:18.959+0000] {processor.py:208} INFO - Processing /home/airflow/.local/lib/python3.12/site-packages/airflow/example_dags/example_dataset_alias_with_no_taskflow.py took 0.152 seconds
[2025-08-29T08:47:49.072+0000] {processor.py:186} INFO - Started process (PID=32690) to work on /home/airflow/.local/lib/python3.12/site-packages/airflow/example_dags/example_dataset_alias_with_no_taskflow.py
[2025-08-29T08:47:49.073+0000] {processor.py:914} INFO - Processing file /home/airflow/.local/lib/python3.12/site-packages/airflow/example_dags/example_dataset_alias_with_no_taskflow.py for tasks to queue
[2025-08-29T08:47:49.076+0000] {logging_mixin.py:190} INFO - [2025-08-29T08:47:49.075+0000] {dagbag.py:588} INFO - Filling up the DagBag from /home/airflow/.local/lib/python3.12/site-packages/airflow/example_dags/example_dataset_alias_with_no_taskflow.py
[2025-08-29T08:47:49.171+0000] {processor.py:925} INFO - DAG(s) 'dataset_s3_bucket_consumer_with_no_taskflow', 'dataset_alias_example_alias_producer_with_no_taskflow', 'dataset_alias_example_alias_consumer_with_no_taskflow', 'dataset_s3_bucket_producer_with_no_taskflow' retrieved from /home/airflow/.local/lib/python3.12/site-packages/airflow/example_dags/example_dataset_alias_with_no_taskflow.py
[2025-08-29T08:47:49.183+0000] {logging_mixin.py:190} INFO - [2025-08-29T08:47:49.183+0000] {dag.py:3239} INFO - Sync 4 DAGs
[2025-08-29T08:47:49.198+0000] {logging_mixin.py:190} INFO - [2025-08-29T08:47:49.198+0000] {dag.py:4180} INFO - Setting next_dagrun for dataset_alias_example_alias_consumer_with_no_taskflow to None, run_after=None
[2025-08-29T08:47:49.199+0000] {logging_mixin.py:190} INFO - [2025-08-29T08:47:49.199+0000] {dag.py:4180} INFO - Setting next_dagrun for dataset_alias_example_alias_producer_with_no_taskflow to None, run_after=None
[2025-08-29T08:47:49.200+0000] {logging_mixin.py:190} INFO - [2025-08-29T08:47:49.200+0000] {dag.py:4180} INFO - Setting next_dagrun for dataset_s3_bucket_consumer_with_no_taskflow to None, run_after=None
[2025-08-29T08:47:49.201+0000] {logging_mixin.py:190} INFO - [2025-08-29T08:47:49.201+0000] {dag.py:4180} INFO - Setting next_dagrun for dataset_s3_bucket_producer_with_no_taskflow to None, run_after=None
[2025-08-29T08:47:49.213+0000] {processor.py:208} INFO - Processing /home/airflow/.local/lib/python3.12/site-packages/airflow/example_dags/example_dataset_alias_with_no_taskflow.py took 0.147 seconds
[2025-08-29T08:48:19.694+0000] {processor.py:186} INFO - Started process (PID=32754) to work on /home/airflow/.local/lib/python3.12/site-packages/airflow/example_dags/example_dataset_alias_with_no_taskflow.py
[2025-08-29T08:48:19.696+0000] {processor.py:914} INFO - Processing file /home/airflow/.local/lib/python3.12/site-packages/airflow/example_dags/example_dataset_alias_with_no_taskflow.py for tasks to queue
[2025-08-29T08:48:19.697+0000] {logging_mixin.py:190} INFO - [2025-08-29T08:48:19.697+0000] {dagbag.py:588} INFO - Filling up the DagBag from /home/airflow/.local/lib/python3.12/site-packages/airflow/example_dags/example_dataset_alias_with_no_taskflow.py
[2025-08-29T08:48:19.805+0000] {processor.py:925} INFO - DAG(s) 'dataset_alias_example_alias_producer_with_no_taskflow', 'dataset_alias_example_alias_consumer_with_no_taskflow', 'dataset_s3_bucket_producer_with_no_taskflow', 'dataset_s3_bucket_consumer_with_no_taskflow' retrieved from /home/airflow/.local/lib/python3.12/site-packages/airflow/example_dags/example_dataset_alias_with_no_taskflow.py
[2025-08-29T08:48:19.829+0000] {logging_mixin.py:190} INFO - [2025-08-29T08:48:19.828+0000] {dag.py:3239} INFO - Sync 4 DAGs
[2025-08-29T08:48:19.857+0000] {logging_mixin.py:190} INFO - [2025-08-29T08:48:19.857+0000] {dag.py:4180} INFO - Setting next_dagrun for dataset_alias_example_alias_consumer_with_no_taskflow to None, run_after=None
[2025-08-29T08:48:19.860+0000] {logging_mixin.py:190} INFO - [2025-08-29T08:48:19.860+0000] {dag.py:4180} INFO - Setting next_dagrun for dataset_alias_example_alias_producer_with_no_taskflow to None, run_after=None
[2025-08-29T08:48:19.861+0000] {logging_mixin.py:190} INFO - [2025-08-29T08:48:19.861+0000] {dag.py:4180} INFO - Setting next_dagrun for dataset_s3_bucket_consumer_with_no_taskflow to None, run_after=None
[2025-08-29T08:48:19.862+0000] {logging_mixin.py:190} INFO - [2025-08-29T08:48:19.862+0000] {dag.py:4180} INFO - Setting next_dagrun for dataset_s3_bucket_producer_with_no_taskflow to None, run_after=None
[2025-08-29T08:48:19.885+0000] {processor.py:208} INFO - Processing /home/airflow/.local/lib/python3.12/site-packages/airflow/example_dags/example_dataset_alias_with_no_taskflow.py took 0.199 seconds
[2025-08-29T08:48:50.012+0000] {processor.py:186} INFO - Started process (PID=32818) to work on /home/airflow/.local/lib/python3.12/site-packages/airflow/example_dags/example_dataset_alias_with_no_taskflow.py
[2025-08-29T08:48:50.013+0000] {processor.py:914} INFO - Processing file /home/airflow/.local/lib/python3.12/site-packages/airflow/example_dags/example_dataset_alias_with_no_taskflow.py for tasks to queue
[2025-08-29T08:48:50.016+0000] {logging_mixin.py:190} INFO - [2025-08-29T08:48:50.015+0000] {dagbag.py:588} INFO - Filling up the DagBag from /home/airflow/.local/lib/python3.12/site-packages/airflow/example_dags/example_dataset_alias_with_no_taskflow.py
[2025-08-29T08:48:50.130+0000] {processor.py:925} INFO - DAG(s) 'dataset_alias_example_alias_consumer_with_no_taskflow', 'dataset_s3_bucket_producer_with_no_taskflow', 'dataset_s3_bucket_consumer_with_no_taskflow', 'dataset_alias_example_alias_producer_with_no_taskflow' retrieved from /home/airflow/.local/lib/python3.12/site-packages/airflow/example_dags/example_dataset_alias_with_no_taskflow.py
[2025-08-29T08:48:50.154+0000] {logging_mixin.py:190} INFO - [2025-08-29T08:48:50.154+0000] {dag.py:3239} INFO - Sync 4 DAGs
[2025-08-29T08:48:50.174+0000] {logging_mixin.py:190} INFO - [2025-08-29T08:48:50.173+0000] {dag.py:4180} INFO - Setting next_dagrun for dataset_alias_example_alias_consumer_with_no_taskflow to None, run_after=None
[2025-08-29T08:48:50.177+0000] {logging_mixin.py:190} INFO - [2025-08-29T08:48:50.177+0000] {dag.py:4180} INFO - Setting next_dagrun for dataset_alias_example_alias_producer_with_no_taskflow to None, run_after=None
[2025-08-29T08:48:50.179+0000] {logging_mixin.py:190} INFO - [2025-08-29T08:48:50.178+0000] {dag.py:4180} INFO - Setting next_dagrun for dataset_s3_bucket_consumer_with_no_taskflow to None, run_after=None
[2025-08-29T08:48:50.180+0000] {logging_mixin.py:190} INFO - [2025-08-29T08:48:50.180+0000] {dag.py:4180} INFO - Setting next_dagrun for dataset_s3_bucket_producer_with_no_taskflow to None, run_after=None
[2025-08-29T08:48:50.203+0000] {processor.py:208} INFO - Processing /home/airflow/.local/lib/python3.12/site-packages/airflow/example_dags/example_dataset_alias_with_no_taskflow.py took 0.199 seconds
[2025-08-29T08:49:20.385+0000] {processor.py:186} INFO - Started process (PID=32882) to work on /home/airflow/.local/lib/python3.12/site-packages/airflow/example_dags/example_dataset_alias_with_no_taskflow.py
[2025-08-29T08:49:20.387+0000] {processor.py:914} INFO - Processing file /home/airflow/.local/lib/python3.12/site-packages/airflow/example_dags/example_dataset_alias_with_no_taskflow.py for tasks to queue
[2025-08-29T08:49:20.389+0000] {logging_mixin.py:190} INFO - [2025-08-29T08:49:20.388+0000] {dagbag.py:588} INFO - Filling up the DagBag from /home/airflow/.local/lib/python3.12/site-packages/airflow/example_dags/example_dataset_alias_with_no_taskflow.py
[2025-08-29T08:49:20.487+0000] {processor.py:925} INFO - DAG(s) 'dataset_s3_bucket_producer_with_no_taskflow', 'dataset_s3_bucket_consumer_with_no_taskflow', 'dataset_alias_example_alias_producer_with_no_taskflow', 'dataset_alias_example_alias_consumer_with_no_taskflow' retrieved from /home/airflow/.local/lib/python3.12/site-packages/airflow/example_dags/example_dataset_alias_with_no_taskflow.py
[2025-08-29T08:49:20.507+0000] {logging_mixin.py:190} INFO - [2025-08-29T08:49:20.507+0000] {dag.py:3239} INFO - Sync 4 DAGs
[2025-08-29T08:49:20.531+0000] {logging_mixin.py:190} INFO - [2025-08-29T08:49:20.531+0000] {dag.py:4180} INFO - Setting next_dagrun for dataset_alias_example_alias_consumer_with_no_taskflow to None, run_after=None
[2025-08-29T08:49:20.535+0000] {logging_mixin.py:190} INFO - [2025-08-29T08:49:20.535+0000] {dag.py:4180} INFO - Setting next_dagrun for dataset_alias_example_alias_producer_with_no_taskflow to None, run_after=None
[2025-08-29T08:49:20.536+0000] {logging_mixin.py:190} INFO - [2025-08-29T08:49:20.536+0000] {dag.py:4180} INFO - Setting next_dagrun for dataset_s3_bucket_consumer_with_no_taskflow to None, run_after=None
[2025-08-29T08:49:20.538+0000] {logging_mixin.py:190} INFO - [2025-08-29T08:49:20.538+0000] {dag.py:4180} INFO - Setting next_dagrun for dataset_s3_bucket_producer_with_no_taskflow to None, run_after=None
[2025-08-29T08:49:20.559+0000] {processor.py:208} INFO - Processing /home/airflow/.local/lib/python3.12/site-packages/airflow/example_dags/example_dataset_alias_with_no_taskflow.py took 0.182 seconds
[2025-08-29T08:49:51.071+0000] {processor.py:186} INFO - Started process (PID=32946) to work on /home/airflow/.local/lib/python3.12/site-packages/airflow/example_dags/example_dataset_alias_with_no_taskflow.py
[2025-08-29T08:49:51.073+0000] {processor.py:914} INFO - Processing file /home/airflow/.local/lib/python3.12/site-packages/airflow/example_dags/example_dataset_alias_with_no_taskflow.py for tasks to queue
[2025-08-29T08:49:51.075+0000] {logging_mixin.py:190} INFO - [2025-08-29T08:49:51.075+0000] {dagbag.py:588} INFO - Filling up the DagBag from /home/airflow/.local/lib/python3.12/site-packages/airflow/example_dags/example_dataset_alias_with_no_taskflow.py
[2025-08-29T08:49:51.178+0000] {processor.py:925} INFO - DAG(s) 'dataset_alias_example_alias_producer_with_no_taskflow', 'dataset_alias_example_alias_consumer_with_no_taskflow', 'dataset_s3_bucket_producer_with_no_taskflow', 'dataset_s3_bucket_consumer_with_no_taskflow' retrieved from /home/airflow/.local/lib/python3.12/site-packages/airflow/example_dags/example_dataset_alias_with_no_taskflow.py
[2025-08-29T08:49:51.192+0000] {logging_mixin.py:190} INFO - [2025-08-29T08:49:51.192+0000] {dag.py:3239} INFO - Sync 4 DAGs
[2025-08-29T08:49:51.209+0000] {logging_mixin.py:190} INFO - [2025-08-29T08:49:51.209+0000] {dag.py:4180} INFO - Setting next_dagrun for dataset_alias_example_alias_consumer_with_no_taskflow to None, run_after=None
[2025-08-29T08:49:51.212+0000] {logging_mixin.py:190} INFO - [2025-08-29T08:49:51.211+0000] {dag.py:4180} INFO - Setting next_dagrun for dataset_alias_example_alias_producer_with_no_taskflow to None, run_after=None
[2025-08-29T08:49:51.213+0000] {logging_mixin.py:190} INFO - [2025-08-29T08:49:51.213+0000] {dag.py:4180} INFO - Setting next_dagrun for dataset_s3_bucket_consumer_with_no_taskflow to None, run_after=None
[2025-08-29T08:49:51.214+0000] {logging_mixin.py:190} INFO - [2025-08-29T08:49:51.214+0000] {dag.py:4180} INFO - Setting next_dagrun for dataset_s3_bucket_producer_with_no_taskflow to None, run_after=None
[2025-08-29T08:49:51.234+0000] {processor.py:208} INFO - Processing /home/airflow/.local/lib/python3.12/site-packages/airflow/example_dags/example_dataset_alias_with_no_taskflow.py took 0.170 seconds
[2025-08-29T08:50:21.409+0000] {processor.py:186} INFO - Started process (PID=33010) to work on /home/airflow/.local/lib/python3.12/site-packages/airflow/example_dags/example_dataset_alias_with_no_taskflow.py
[2025-08-29T08:50:21.411+0000] {processor.py:914} INFO - Processing file /home/airflow/.local/lib/python3.12/site-packages/airflow/example_dags/example_dataset_alias_with_no_taskflow.py for tasks to queue
[2025-08-29T08:50:21.414+0000] {logging_mixin.py:190} INFO - [2025-08-29T08:50:21.414+0000] {dagbag.py:588} INFO - Filling up the DagBag from /home/airflow/.local/lib/python3.12/site-packages/airflow/example_dags/example_dataset_alias_with_no_taskflow.py
[2025-08-29T08:50:21.524+0000] {processor.py:925} INFO - DAG(s) 'dataset_alias_example_alias_producer_with_no_taskflow', 'dataset_alias_example_alias_consumer_with_no_taskflow', 'dataset_s3_bucket_consumer_with_no_taskflow', 'dataset_s3_bucket_producer_with_no_taskflow' retrieved from /home/airflow/.local/lib/python3.12/site-packages/airflow/example_dags/example_dataset_alias_with_no_taskflow.py
[2025-08-29T08:50:21.549+0000] {logging_mixin.py:190} INFO - [2025-08-29T08:50:21.549+0000] {dag.py:3239} INFO - Sync 4 DAGs
[2025-08-29T08:50:21.564+0000] {logging_mixin.py:190} INFO - [2025-08-29T08:50:21.564+0000] {dag.py:4180} INFO - Setting next_dagrun for dataset_alias_example_alias_consumer_with_no_taskflow to None, run_after=None
[2025-08-29T08:50:21.566+0000] {logging_mixin.py:190} INFO - [2025-08-29T08:50:21.566+0000] {dag.py:4180} INFO - Setting next_dagrun for dataset_alias_example_alias_producer_with_no_taskflow to None, run_after=None
[2025-08-29T08:50:21.567+0000] {logging_mixin.py:190} INFO - [2025-08-29T08:50:21.567+0000] {dag.py:4180} INFO - Setting next_dagrun for dataset_s3_bucket_consumer_with_no_taskflow to None, run_after=None
[2025-08-29T08:50:21.569+0000] {logging_mixin.py:190} INFO - [2025-08-29T08:50:21.568+0000] {dag.py:4180} INFO - Setting next_dagrun for dataset_s3_bucket_producer_with_no_taskflow to None, run_after=None
[2025-08-29T08:50:21.593+0000] {processor.py:208} INFO - Processing /home/airflow/.local/lib/python3.12/site-packages/airflow/example_dags/example_dataset_alias_with_no_taskflow.py took 0.193 seconds
[2025-08-29T08:50:51.652+0000] {processor.py:186} INFO - Started process (PID=33075) to work on /home/airflow/.local/lib/python3.12/site-packages/airflow/example_dags/example_dataset_alias_with_no_taskflow.py
[2025-08-29T08:50:51.653+0000] {processor.py:914} INFO - Processing file /home/airflow/.local/lib/python3.12/site-packages/airflow/example_dags/example_dataset_alias_with_no_taskflow.py for tasks to queue
[2025-08-29T08:50:51.654+0000] {logging_mixin.py:190} INFO - [2025-08-29T08:50:51.654+0000] {dagbag.py:588} INFO - Filling up the DagBag from /home/airflow/.local/lib/python3.12/site-packages/airflow/example_dags/example_dataset_alias_with_no_taskflow.py
[2025-08-29T08:50:51.767+0000] {processor.py:925} INFO - DAG(s) 'dataset_s3_bucket_producer_with_no_taskflow', 'dataset_s3_bucket_consumer_with_no_taskflow', 'dataset_alias_example_alias_producer_with_no_taskflow', 'dataset_alias_example_alias_consumer_with_no_taskflow' retrieved from /home/airflow/.local/lib/python3.12/site-packages/airflow/example_dags/example_dataset_alias_with_no_taskflow.py
[2025-08-29T08:50:51.784+0000] {logging_mixin.py:190} INFO - [2025-08-29T08:50:51.784+0000] {dag.py:3239} INFO - Sync 4 DAGs
[2025-08-29T08:50:51.798+0000] {logging_mixin.py:190} INFO - [2025-08-29T08:50:51.798+0000] {dag.py:4180} INFO - Setting next_dagrun for dataset_alias_example_alias_consumer_with_no_taskflow to None, run_after=None
[2025-08-29T08:50:51.799+0000] {logging_mixin.py:190} INFO - [2025-08-29T08:50:51.799+0000] {dag.py:4180} INFO - Setting next_dagrun for dataset_alias_example_alias_producer_with_no_taskflow to None, run_after=None
[2025-08-29T08:50:51.800+0000] {logging_mixin.py:190} INFO - [2025-08-29T08:50:51.800+0000] {dag.py:4180} INFO - Setting next_dagrun for dataset_s3_bucket_consumer_with_no_taskflow to None, run_after=None
[2025-08-29T08:50:51.801+0000] {logging_mixin.py:190} INFO - [2025-08-29T08:50:51.801+0000] {dag.py:4180} INFO - Setting next_dagrun for dataset_s3_bucket_producer_with_no_taskflow to None, run_after=None
[2025-08-29T08:50:51.819+0000] {processor.py:208} INFO - Processing /home/airflow/.local/lib/python3.12/site-packages/airflow/example_dags/example_dataset_alias_with_no_taskflow.py took 0.170 seconds
[2025-08-29T08:51:21.953+0000] {processor.py:186} INFO - Started process (PID=33138) to work on /home/airflow/.local/lib/python3.12/site-packages/airflow/example_dags/example_dataset_alias_with_no_taskflow.py
[2025-08-29T08:51:21.955+0000] {processor.py:914} INFO - Processing file /home/airflow/.local/lib/python3.12/site-packages/airflow/example_dags/example_dataset_alias_with_no_taskflow.py for tasks to queue
[2025-08-29T08:51:21.958+0000] {logging_mixin.py:190} INFO - [2025-08-29T08:51:21.958+0000] {dagbag.py:588} INFO - Filling up the DagBag from /home/airflow/.local/lib/python3.12/site-packages/airflow/example_dags/example_dataset_alias_with_no_taskflow.py
[2025-08-29T08:51:22.067+0000] {processor.py:925} INFO - DAG(s) 'dataset_alias_example_alias_producer_with_no_taskflow', 'dataset_alias_example_alias_consumer_with_no_taskflow', 'dataset_s3_bucket_consumer_with_no_taskflow', 'dataset_s3_bucket_producer_with_no_taskflow' retrieved from /home/airflow/.local/lib/python3.12/site-packages/airflow/example_dags/example_dataset_alias_with_no_taskflow.py
[2025-08-29T08:51:22.092+0000] {logging_mixin.py:190} INFO - [2025-08-29T08:51:22.091+0000] {dag.py:3239} INFO - Sync 4 DAGs
[2025-08-29T08:51:22.117+0000] {logging_mixin.py:190} INFO - [2025-08-29T08:51:22.117+0000] {dag.py:4180} INFO - Setting next_dagrun for dataset_alias_example_alias_consumer_with_no_taskflow to None, run_after=None
[2025-08-29T08:51:22.120+0000] {logging_mixin.py:190} INFO - [2025-08-29T08:51:22.119+0000] {dag.py:4180} INFO - Setting next_dagrun for dataset_alias_example_alias_producer_with_no_taskflow to None, run_after=None
[2025-08-29T08:51:22.121+0000] {logging_mixin.py:190} INFO - [2025-08-29T08:51:22.121+0000] {dag.py:4180} INFO - Setting next_dagrun for dataset_s3_bucket_consumer_with_no_taskflow to None, run_after=None
[2025-08-29T08:51:22.123+0000] {logging_mixin.py:190} INFO - [2025-08-29T08:51:22.123+0000] {dag.py:4180} INFO - Setting next_dagrun for dataset_s3_bucket_producer_with_no_taskflow to None, run_after=None
[2025-08-29T08:51:22.147+0000] {processor.py:208} INFO - Processing /home/airflow/.local/lib/python3.12/site-packages/airflow/example_dags/example_dataset_alias_with_no_taskflow.py took 0.200 seconds
[2025-08-29T08:51:52.198+0000] {processor.py:186} INFO - Started process (PID=33202) to work on /home/airflow/.local/lib/python3.12/site-packages/airflow/example_dags/example_dataset_alias_with_no_taskflow.py
[2025-08-29T08:51:52.199+0000] {processor.py:914} INFO - Processing file /home/airflow/.local/lib/python3.12/site-packages/airflow/example_dags/example_dataset_alias_with_no_taskflow.py for tasks to queue
[2025-08-29T08:51:52.201+0000] {logging_mixin.py:190} INFO - [2025-08-29T08:51:52.201+0000] {dagbag.py:588} INFO - Filling up the DagBag from /home/airflow/.local/lib/python3.12/site-packages/airflow/example_dags/example_dataset_alias_with_no_taskflow.py
[2025-08-29T08:51:52.325+0000] {processor.py:925} INFO - DAG(s) 'dataset_alias_example_alias_consumer_with_no_taskflow', 'dataset_s3_bucket_producer_with_no_taskflow', 'dataset_alias_example_alias_producer_with_no_taskflow', 'dataset_s3_bucket_consumer_with_no_taskflow' retrieved from /home/airflow/.local/lib/python3.12/site-packages/airflow/example_dags/example_dataset_alias_with_no_taskflow.py
[2025-08-29T08:51:52.349+0000] {logging_mixin.py:190} INFO - [2025-08-29T08:51:52.349+0000] {dag.py:3239} INFO - Sync 4 DAGs
[2025-08-29T08:51:52.365+0000] {logging_mixin.py:190} INFO - [2025-08-29T08:51:52.365+0000] {dag.py:4180} INFO - Setting next_dagrun for dataset_alias_example_alias_consumer_with_no_taskflow to None, run_after=None
[2025-08-29T08:51:52.367+0000] {logging_mixin.py:190} INFO - [2025-08-29T08:51:52.367+0000] {dag.py:4180} INFO - Setting next_dagrun for dataset_alias_example_alias_producer_with_no_taskflow to None, run_after=None
[2025-08-29T08:51:52.368+0000] {logging_mixin.py:190} INFO - [2025-08-29T08:51:52.368+0000] {dag.py:4180} INFO - Setting next_dagrun for dataset_s3_bucket_consumer_with_no_taskflow to None, run_after=None
[2025-08-29T08:51:52.369+0000] {logging_mixin.py:190} INFO - [2025-08-29T08:51:52.369+0000] {dag.py:4180} INFO - Setting next_dagrun for dataset_s3_bucket_producer_with_no_taskflow to None, run_after=None
[2025-08-29T08:51:52.389+0000] {processor.py:208} INFO - Processing /home/airflow/.local/lib/python3.12/site-packages/airflow/example_dags/example_dataset_alias_with_no_taskflow.py took 0.197 seconds
[2025-08-29T08:52:22.533+0000] {processor.py:186} INFO - Started process (PID=33266) to work on /home/airflow/.local/lib/python3.12/site-packages/airflow/example_dags/example_dataset_alias_with_no_taskflow.py
[2025-08-29T08:52:22.535+0000] {processor.py:914} INFO - Processing file /home/airflow/.local/lib/python3.12/site-packages/airflow/example_dags/example_dataset_alias_with_no_taskflow.py for tasks to queue
[2025-08-29T08:52:22.538+0000] {logging_mixin.py:190} INFO - [2025-08-29T08:52:22.537+0000] {dagbag.py:588} INFO - Filling up the DagBag from /home/airflow/.local/lib/python3.12/site-packages/airflow/example_dags/example_dataset_alias_with_no_taskflow.py
[2025-08-29T08:52:22.652+0000] {processor.py:925} INFO - DAG(s) 'dataset_s3_bucket_producer_with_no_taskflow', 'dataset_s3_bucket_consumer_with_no_taskflow', 'dataset_alias_example_alias_producer_with_no_taskflow', 'dataset_alias_example_alias_consumer_with_no_taskflow' retrieved from /home/airflow/.local/lib/python3.12/site-packages/airflow/example_dags/example_dataset_alias_with_no_taskflow.py
[2025-08-29T08:52:22.677+0000] {logging_mixin.py:190} INFO - [2025-08-29T08:52:22.676+0000] {dag.py:3239} INFO - Sync 4 DAGs
[2025-08-29T08:52:22.694+0000] {logging_mixin.py:190} INFO - [2025-08-29T08:52:22.694+0000] {dag.py:4180} INFO - Setting next_dagrun for dataset_alias_example_alias_consumer_with_no_taskflow to None, run_after=None
[2025-08-29T08:52:22.696+0000] {logging_mixin.py:190} INFO - [2025-08-29T08:52:22.695+0000] {dag.py:4180} INFO - Setting next_dagrun for dataset_alias_example_alias_producer_with_no_taskflow to None, run_after=None
[2025-08-29T08:52:22.696+0000] {logging_mixin.py:190} INFO - [2025-08-29T08:52:22.696+0000] {dag.py:4180} INFO - Setting next_dagrun for dataset_s3_bucket_consumer_with_no_taskflow to None, run_after=None
[2025-08-29T08:52:22.697+0000] {logging_mixin.py:190} INFO - [2025-08-29T08:52:22.697+0000] {dag.py:4180} INFO - Setting next_dagrun for dataset_s3_bucket_producer_with_no_taskflow to None, run_after=None
[2025-08-29T08:52:22.711+0000] {processor.py:208} INFO - Processing /home/airflow/.local/lib/python3.12/site-packages/airflow/example_dags/example_dataset_alias_with_no_taskflow.py took 0.186 seconds
[2025-08-29T08:52:52.788+0000] {processor.py:186} INFO - Started process (PID=33330) to work on /home/airflow/.local/lib/python3.12/site-packages/airflow/example_dags/example_dataset_alias_with_no_taskflow.py
[2025-08-29T08:52:52.790+0000] {processor.py:914} INFO - Processing file /home/airflow/.local/lib/python3.12/site-packages/airflow/example_dags/example_dataset_alias_with_no_taskflow.py for tasks to queue
[2025-08-29T08:52:52.793+0000] {logging_mixin.py:190} INFO - [2025-08-29T08:52:52.793+0000] {dagbag.py:588} INFO - Filling up the DagBag from /home/airflow/.local/lib/python3.12/site-packages/airflow/example_dags/example_dataset_alias_with_no_taskflow.py
[2025-08-29T08:52:52.924+0000] {processor.py:925} INFO - DAG(s) 'dataset_s3_bucket_consumer_with_no_taskflow', 'dataset_alias_example_alias_producer_with_no_taskflow', 'dataset_alias_example_alias_consumer_with_no_taskflow', 'dataset_s3_bucket_producer_with_no_taskflow' retrieved from /home/airflow/.local/lib/python3.12/site-packages/airflow/example_dags/example_dataset_alias_with_no_taskflow.py
[2025-08-29T08:52:52.952+0000] {logging_mixin.py:190} INFO - [2025-08-29T08:52:52.951+0000] {dag.py:3239} INFO - Sync 4 DAGs
[2025-08-29T08:52:52.970+0000] {logging_mixin.py:190} INFO - [2025-08-29T08:52:52.970+0000] {dag.py:4180} INFO - Setting next_dagrun for dataset_alias_example_alias_consumer_with_no_taskflow to None, run_after=None
[2025-08-29T08:52:52.972+0000] {logging_mixin.py:190} INFO - [2025-08-29T08:52:52.972+0000] {dag.py:4180} INFO - Setting next_dagrun for dataset_alias_example_alias_producer_with_no_taskflow to None, run_after=None
[2025-08-29T08:52:52.973+0000] {logging_mixin.py:190} INFO - [2025-08-29T08:52:52.973+0000] {dag.py:4180} INFO - Setting next_dagrun for dataset_s3_bucket_consumer_with_no_taskflow to None, run_after=None
[2025-08-29T08:52:52.974+0000] {logging_mixin.py:190} INFO - [2025-08-29T08:52:52.974+0000] {dag.py:4180} INFO - Setting next_dagrun for dataset_s3_bucket_producer_with_no_taskflow to None, run_after=None
[2025-08-29T08:52:52.997+0000] {processor.py:208} INFO - Processing /home/airflow/.local/lib/python3.12/site-packages/airflow/example_dags/example_dataset_alias_with_no_taskflow.py took 0.217 seconds
[2025-08-29T08:53:23.330+0000] {processor.py:186} INFO - Started process (PID=33394) to work on /home/airflow/.local/lib/python3.12/site-packages/airflow/example_dags/example_dataset_alias_with_no_taskflow.py
[2025-08-29T08:53:23.331+0000] {processor.py:914} INFO - Processing file /home/airflow/.local/lib/python3.12/site-packages/airflow/example_dags/example_dataset_alias_with_no_taskflow.py for tasks to queue
[2025-08-29T08:53:23.332+0000] {logging_mixin.py:190} INFO - [2025-08-29T08:53:23.332+0000] {dagbag.py:588} INFO - Filling up the DagBag from /home/airflow/.local/lib/python3.12/site-packages/airflow/example_dags/example_dataset_alias_with_no_taskflow.py
[2025-08-29T08:53:23.435+0000] {processor.py:925} INFO - DAG(s) 'dataset_alias_example_alias_consumer_with_no_taskflow', 'dataset_s3_bucket_producer_with_no_taskflow', 'dataset_s3_bucket_consumer_with_no_taskflow', 'dataset_alias_example_alias_producer_with_no_taskflow' retrieved from /home/airflow/.local/lib/python3.12/site-packages/airflow/example_dags/example_dataset_alias_with_no_taskflow.py
[2025-08-29T08:53:23.459+0000] {logging_mixin.py:190} INFO - [2025-08-29T08:53:23.459+0000] {dag.py:3239} INFO - Sync 4 DAGs
[2025-08-29T08:53:23.481+0000] {logging_mixin.py:190} INFO - [2025-08-29T08:53:23.481+0000] {dag.py:4180} INFO - Setting next_dagrun for dataset_alias_example_alias_consumer_with_no_taskflow to None, run_after=None
[2025-08-29T08:53:23.483+0000] {logging_mixin.py:190} INFO - [2025-08-29T08:53:23.483+0000] {dag.py:4180} INFO - Setting next_dagrun for dataset_alias_example_alias_producer_with_no_taskflow to None, run_after=None
[2025-08-29T08:53:23.484+0000] {logging_mixin.py:190} INFO - [2025-08-29T08:53:23.484+0000] {dag.py:4180} INFO - Setting next_dagrun for dataset_s3_bucket_consumer_with_no_taskflow to None, run_after=None
[2025-08-29T08:53:23.484+0000] {logging_mixin.py:190} INFO - [2025-08-29T08:53:23.484+0000] {dag.py:4180} INFO - Setting next_dagrun for dataset_s3_bucket_producer_with_no_taskflow to None, run_after=None
[2025-08-29T08:53:23.501+0000] {processor.py:208} INFO - Processing /home/airflow/.local/lib/python3.12/site-packages/airflow/example_dags/example_dataset_alias_with_no_taskflow.py took 0.177 seconds
[2025-08-29T08:53:53.570+0000] {processor.py:186} INFO - Started process (PID=33458) to work on /home/airflow/.local/lib/python3.12/site-packages/airflow/example_dags/example_dataset_alias_with_no_taskflow.py
[2025-08-29T08:53:53.570+0000] {processor.py:914} INFO - Processing file /home/airflow/.local/lib/python3.12/site-packages/airflow/example_dags/example_dataset_alias_with_no_taskflow.py for tasks to queue
[2025-08-29T08:53:53.573+0000] {logging_mixin.py:190} INFO - [2025-08-29T08:53:53.573+0000] {dagbag.py:588} INFO - Filling up the DagBag from /home/airflow/.local/lib/python3.12/site-packages/airflow/example_dags/example_dataset_alias_with_no_taskflow.py
[2025-08-29T08:53:53.744+0000] {processor.py:925} INFO - DAG(s) 'dataset_alias_example_alias_consumer_with_no_taskflow', 'dataset_s3_bucket_producer_with_no_taskflow', 'dataset_alias_example_alias_producer_with_no_taskflow', 'dataset_s3_bucket_consumer_with_no_taskflow' retrieved from /home/airflow/.local/lib/python3.12/site-packages/airflow/example_dags/example_dataset_alias_with_no_taskflow.py
[2025-08-29T08:53:53.767+0000] {logging_mixin.py:190} INFO - [2025-08-29T08:53:53.766+0000] {dag.py:3239} INFO - Sync 4 DAGs
[2025-08-29T08:53:53.790+0000] {logging_mixin.py:190} INFO - [2025-08-29T08:53:53.790+0000] {dag.py:4180} INFO - Setting next_dagrun for dataset_alias_example_alias_consumer_with_no_taskflow to None, run_after=None
[2025-08-29T08:53:53.793+0000] {logging_mixin.py:190} INFO - [2025-08-29T08:53:53.792+0000] {dag.py:4180} INFO - Setting next_dagrun for dataset_alias_example_alias_producer_with_no_taskflow to None, run_after=None
[2025-08-29T08:53:53.794+0000] {logging_mixin.py:190} INFO - [2025-08-29T08:53:53.794+0000] {dag.py:4180} INFO - Setting next_dagrun for dataset_s3_bucket_consumer_with_no_taskflow to None, run_after=None
[2025-08-29T08:53:53.795+0000] {logging_mixin.py:190} INFO - [2025-08-29T08:53:53.795+0000] {dag.py:4180} INFO - Setting next_dagrun for dataset_s3_bucket_producer_with_no_taskflow to None, run_after=None
[2025-08-29T08:53:53.817+0000] {processor.py:208} INFO - Processing /home/airflow/.local/lib/python3.12/site-packages/airflow/example_dags/example_dataset_alias_with_no_taskflow.py took 0.254 seconds
