[2025-08-29T08:40:38.462+0000] {processor.py:186} INFO - Started process (PID=31774) to work on /home/airflow/.local/lib/python3.12/site-packages/airflow/example_dags/example_skip_dag.py
[2025-08-29T08:40:38.463+0000] {processor.py:914} INFO - Processing file /home/airflow/.local/lib/python3.12/site-packages/airflow/example_dags/example_skip_dag.py for tasks to queue
[2025-08-29T08:40:38.465+0000] {logging_mixin.py:190} INFO - [2025-08-29T08:40:38.465+0000] {dagbag.py:588} INFO - Filling up the DagBag from /home/airflow/.local/lib/python3.12/site-packages/airflow/example_dags/example_skip_dag.py
[2025-08-29T08:40:38.474+0000] {processor.py:925} INFO - DAG(s) 'example_skip_dag' retrieved from /home/airflow/.local/lib/python3.12/site-packages/airflow/example_dags/example_skip_dag.py
[2025-08-29T08:40:38.503+0000] {logging_mixin.py:190} INFO - [2025-08-29T08:40:38.502+0000] {dag.py:3239} INFO - Sync 1 DAGs
[2025-08-29T08:40:38.534+0000] {logging_mixin.py:190} INFO - [2025-08-29T08:40:38.534+0000] {dag.py:4180} INFO - Setting next_dagrun for example_skip_dag to 2025-08-28 00:00:00+00:00, run_after=2025-08-29 00:00:00+00:00
[2025-08-29T08:40:38.559+0000] {processor.py:208} INFO - Processing /home/airflow/.local/lib/python3.12/site-packages/airflow/example_dags/example_skip_dag.py took 0.104 seconds
[2025-08-29T08:41:09.526+0000] {processor.py:186} INFO - Started process (PID=31838) to work on /home/airflow/.local/lib/python3.12/site-packages/airflow/example_dags/example_skip_dag.py
[2025-08-29T08:41:09.526+0000] {processor.py:914} INFO - Processing file /home/airflow/.local/lib/python3.12/site-packages/airflow/example_dags/example_skip_dag.py for tasks to queue
[2025-08-29T08:41:09.529+0000] {logging_mixin.py:190} INFO - [2025-08-29T08:41:09.528+0000] {dagbag.py:588} INFO - Filling up the DagBag from /home/airflow/.local/lib/python3.12/site-packages/airflow/example_dags/example_skip_dag.py
[2025-08-29T08:41:09.536+0000] {processor.py:925} INFO - DAG(s) 'example_skip_dag' retrieved from /home/airflow/.local/lib/python3.12/site-packages/airflow/example_dags/example_skip_dag.py
[2025-08-29T08:41:09.560+0000] {logging_mixin.py:190} INFO - [2025-08-29T08:41:09.560+0000] {dag.py:3239} INFO - Sync 1 DAGs
[2025-08-29T08:41:09.595+0000] {logging_mixin.py:190} INFO - [2025-08-29T08:41:09.595+0000] {dag.py:4180} INFO - Setting next_dagrun for example_skip_dag to 2025-08-28 00:00:00+00:00, run_after=2025-08-29 00:00:00+00:00
[2025-08-29T08:41:09.618+0000] {processor.py:208} INFO - Processing /home/airflow/.local/lib/python3.12/site-packages/airflow/example_dags/example_skip_dag.py took 0.099 seconds
[2025-08-29T08:41:40.523+0000] {processor.py:186} INFO - Started process (PID=31902) to work on /home/airflow/.local/lib/python3.12/site-packages/airflow/example_dags/example_skip_dag.py
[2025-08-29T08:41:40.524+0000] {processor.py:914} INFO - Processing file /home/airflow/.local/lib/python3.12/site-packages/airflow/example_dags/example_skip_dag.py for tasks to queue
[2025-08-29T08:41:40.528+0000] {logging_mixin.py:190} INFO - [2025-08-29T08:41:40.528+0000] {dagbag.py:588} INFO - Filling up the DagBag from /home/airflow/.local/lib/python3.12/site-packages/airflow/example_dags/example_skip_dag.py
[2025-08-29T08:41:40.542+0000] {processor.py:925} INFO - DAG(s) 'example_skip_dag' retrieved from /home/airflow/.local/lib/python3.12/site-packages/airflow/example_dags/example_skip_dag.py
[2025-08-29T08:41:40.574+0000] {logging_mixin.py:190} INFO - [2025-08-29T08:41:40.574+0000] {dag.py:3239} INFO - Sync 1 DAGs
[2025-08-29T08:41:40.610+0000] {logging_mixin.py:190} INFO - [2025-08-29T08:41:40.610+0000] {dag.py:4180} INFO - Setting next_dagrun for example_skip_dag to 2025-08-28 00:00:00+00:00, run_after=2025-08-29 00:00:00+00:00
[2025-08-29T08:41:40.631+0000] {processor.py:208} INFO - Processing /home/airflow/.local/lib/python3.12/site-packages/airflow/example_dags/example_skip_dag.py took 0.119 seconds
[2025-08-29T08:42:10.717+0000] {processor.py:186} INFO - Started process (PID=31966) to work on /home/airflow/.local/lib/python3.12/site-packages/airflow/example_dags/example_skip_dag.py
[2025-08-29T08:42:10.718+0000] {processor.py:914} INFO - Processing file /home/airflow/.local/lib/python3.12/site-packages/airflow/example_dags/example_skip_dag.py for tasks to queue
[2025-08-29T08:42:10.720+0000] {logging_mixin.py:190} INFO - [2025-08-29T08:42:10.720+0000] {dagbag.py:588} INFO - Filling up the DagBag from /home/airflow/.local/lib/python3.12/site-packages/airflow/example_dags/example_skip_dag.py
[2025-08-29T08:42:10.728+0000] {processor.py:925} INFO - DAG(s) 'example_skip_dag' retrieved from /home/airflow/.local/lib/python3.12/site-packages/airflow/example_dags/example_skip_dag.py
[2025-08-29T08:42:10.763+0000] {logging_mixin.py:190} INFO - [2025-08-29T08:42:10.762+0000] {dag.py:3239} INFO - Sync 1 DAGs
[2025-08-29T08:42:10.811+0000] {logging_mixin.py:190} INFO - [2025-08-29T08:42:10.811+0000] {dag.py:4180} INFO - Setting next_dagrun for example_skip_dag to 2025-08-28 00:00:00+00:00, run_after=2025-08-29 00:00:00+00:00
[2025-08-29T08:42:10.846+0000] {processor.py:208} INFO - Processing /home/airflow/.local/lib/python3.12/site-packages/airflow/example_dags/example_skip_dag.py took 0.135 seconds
[2025-08-29T08:42:41.683+0000] {processor.py:186} INFO - Started process (PID=32030) to work on /home/airflow/.local/lib/python3.12/site-packages/airflow/example_dags/example_skip_dag.py
[2025-08-29T08:42:41.685+0000] {processor.py:914} INFO - Processing file /home/airflow/.local/lib/python3.12/site-packages/airflow/example_dags/example_skip_dag.py for tasks to queue
[2025-08-29T08:42:41.688+0000] {logging_mixin.py:190} INFO - [2025-08-29T08:42:41.688+0000] {dagbag.py:588} INFO - Filling up the DagBag from /home/airflow/.local/lib/python3.12/site-packages/airflow/example_dags/example_skip_dag.py
[2025-08-29T08:42:41.702+0000] {processor.py:925} INFO - DAG(s) 'example_skip_dag' retrieved from /home/airflow/.local/lib/python3.12/site-packages/airflow/example_dags/example_skip_dag.py
[2025-08-29T08:42:41.732+0000] {logging_mixin.py:190} INFO - [2025-08-29T08:42:41.732+0000] {dag.py:3239} INFO - Sync 1 DAGs
[2025-08-29T08:42:41.757+0000] {logging_mixin.py:190} INFO - [2025-08-29T08:42:41.756+0000] {dag.py:4180} INFO - Setting next_dagrun for example_skip_dag to 2025-08-28 00:00:00+00:00, run_after=2025-08-29 00:00:00+00:00
[2025-08-29T08:42:41.778+0000] {processor.py:208} INFO - Processing /home/airflow/.local/lib/python3.12/site-packages/airflow/example_dags/example_skip_dag.py took 0.105 seconds
[2025-08-29T08:43:11.974+0000] {processor.py:186} INFO - Started process (PID=32094) to work on /home/airflow/.local/lib/python3.12/site-packages/airflow/example_dags/example_skip_dag.py
[2025-08-29T08:43:11.976+0000] {processor.py:914} INFO - Processing file /home/airflow/.local/lib/python3.12/site-packages/airflow/example_dags/example_skip_dag.py for tasks to queue
[2025-08-29T08:43:11.980+0000] {logging_mixin.py:190} INFO - [2025-08-29T08:43:11.979+0000] {dagbag.py:588} INFO - Filling up the DagBag from /home/airflow/.local/lib/python3.12/site-packages/airflow/example_dags/example_skip_dag.py
[2025-08-29T08:43:11.992+0000] {processor.py:925} INFO - DAG(s) 'example_skip_dag' retrieved from /home/airflow/.local/lib/python3.12/site-packages/airflow/example_dags/example_skip_dag.py
[2025-08-29T08:43:12.027+0000] {logging_mixin.py:190} INFO - [2025-08-29T08:43:12.026+0000] {dag.py:3239} INFO - Sync 1 DAGs
[2025-08-29T08:43:12.067+0000] {logging_mixin.py:190} INFO - [2025-08-29T08:43:12.067+0000] {dag.py:4180} INFO - Setting next_dagrun for example_skip_dag to 2025-08-28 00:00:00+00:00, run_after=2025-08-29 00:00:00+00:00
[2025-08-29T08:43:12.096+0000] {processor.py:208} INFO - Processing /home/airflow/.local/lib/python3.12/site-packages/airflow/example_dags/example_skip_dag.py took 0.130 seconds
[2025-08-29T08:43:42.769+0000] {processor.py:186} INFO - Started process (PID=32158) to work on /home/airflow/.local/lib/python3.12/site-packages/airflow/example_dags/example_skip_dag.py
[2025-08-29T08:43:42.769+0000] {processor.py:914} INFO - Processing file /home/airflow/.local/lib/python3.12/site-packages/airflow/example_dags/example_skip_dag.py for tasks to queue
[2025-08-29T08:43:42.772+0000] {logging_mixin.py:190} INFO - [2025-08-29T08:43:42.771+0000] {dagbag.py:588} INFO - Filling up the DagBag from /home/airflow/.local/lib/python3.12/site-packages/airflow/example_dags/example_skip_dag.py
[2025-08-29T08:43:42.780+0000] {processor.py:925} INFO - DAG(s) 'example_skip_dag' retrieved from /home/airflow/.local/lib/python3.12/site-packages/airflow/example_dags/example_skip_dag.py
[2025-08-29T08:43:42.802+0000] {logging_mixin.py:190} INFO - [2025-08-29T08:43:42.801+0000] {dag.py:3239} INFO - Sync 1 DAGs
[2025-08-29T08:43:42.825+0000] {logging_mixin.py:190} INFO - [2025-08-29T08:43:42.825+0000] {dag.py:4180} INFO - Setting next_dagrun for example_skip_dag to 2025-08-28 00:00:00+00:00, run_after=2025-08-29 00:00:00+00:00
[2025-08-29T08:43:42.845+0000] {processor.py:208} INFO - Processing /home/airflow/.local/lib/python3.12/site-packages/airflow/example_dags/example_skip_dag.py took 0.082 seconds
[2025-08-29T08:44:13.663+0000] {processor.py:186} INFO - Started process (PID=32222) to work on /home/airflow/.local/lib/python3.12/site-packages/airflow/example_dags/example_skip_dag.py
[2025-08-29T08:44:13.663+0000] {processor.py:914} INFO - Processing file /home/airflow/.local/lib/python3.12/site-packages/airflow/example_dags/example_skip_dag.py for tasks to queue
[2025-08-29T08:44:13.664+0000] {logging_mixin.py:190} INFO - [2025-08-29T08:44:13.664+0000] {dagbag.py:588} INFO - Filling up the DagBag from /home/airflow/.local/lib/python3.12/site-packages/airflow/example_dags/example_skip_dag.py
[2025-08-29T08:44:13.669+0000] {processor.py:925} INFO - DAG(s) 'example_skip_dag' retrieved from /home/airflow/.local/lib/python3.12/site-packages/airflow/example_dags/example_skip_dag.py
[2025-08-29T08:44:13.689+0000] {logging_mixin.py:190} INFO - [2025-08-29T08:44:13.688+0000] {dag.py:3239} INFO - Sync 1 DAGs
[2025-08-29T08:44:13.709+0000] {logging_mixin.py:190} INFO - [2025-08-29T08:44:13.709+0000] {dag.py:4180} INFO - Setting next_dagrun for example_skip_dag to 2025-08-28 00:00:00+00:00, run_after=2025-08-29 00:00:00+00:00
[2025-08-29T08:44:13.723+0000] {processor.py:208} INFO - Processing /home/airflow/.local/lib/python3.12/site-packages/airflow/example_dags/example_skip_dag.py took 0.065 seconds
[2025-08-29T08:44:44.287+0000] {processor.py:186} INFO - Started process (PID=32286) to work on /home/airflow/.local/lib/python3.12/site-packages/airflow/example_dags/example_skip_dag.py
[2025-08-29T08:44:44.288+0000] {processor.py:914} INFO - Processing file /home/airflow/.local/lib/python3.12/site-packages/airflow/example_dags/example_skip_dag.py for tasks to queue
[2025-08-29T08:44:44.289+0000] {logging_mixin.py:190} INFO - [2025-08-29T08:44:44.289+0000] {dagbag.py:588} INFO - Filling up the DagBag from /home/airflow/.local/lib/python3.12/site-packages/airflow/example_dags/example_skip_dag.py
[2025-08-29T08:44:44.294+0000] {processor.py:925} INFO - DAG(s) 'example_skip_dag' retrieved from /home/airflow/.local/lib/python3.12/site-packages/airflow/example_dags/example_skip_dag.py
[2025-08-29T08:44:44.317+0000] {logging_mixin.py:190} INFO - [2025-08-29T08:44:44.317+0000] {dag.py:3239} INFO - Sync 1 DAGs
[2025-08-29T08:44:44.343+0000] {logging_mixin.py:190} INFO - [2025-08-29T08:44:44.343+0000] {dag.py:4180} INFO - Setting next_dagrun for example_skip_dag to 2025-08-28 00:00:00+00:00, run_after=2025-08-29 00:00:00+00:00
[2025-08-29T08:44:44.364+0000] {processor.py:208} INFO - Processing /home/airflow/.local/lib/python3.12/site-packages/airflow/example_dags/example_skip_dag.py took 0.081 seconds
[2025-08-29T08:45:14.886+0000] {processor.py:186} INFO - Started process (PID=32350) to work on /home/airflow/.local/lib/python3.12/site-packages/airflow/example_dags/example_skip_dag.py
[2025-08-29T08:45:14.887+0000] {processor.py:914} INFO - Processing file /home/airflow/.local/lib/python3.12/site-packages/airflow/example_dags/example_skip_dag.py for tasks to queue
[2025-08-29T08:45:14.888+0000] {logging_mixin.py:190} INFO - [2025-08-29T08:45:14.888+0000] {dagbag.py:588} INFO - Filling up the DagBag from /home/airflow/.local/lib/python3.12/site-packages/airflow/example_dags/example_skip_dag.py
[2025-08-29T08:45:14.894+0000] {processor.py:925} INFO - DAG(s) 'example_skip_dag' retrieved from /home/airflow/.local/lib/python3.12/site-packages/airflow/example_dags/example_skip_dag.py
[2025-08-29T08:45:14.921+0000] {logging_mixin.py:190} INFO - [2025-08-29T08:45:14.920+0000] {dag.py:3239} INFO - Sync 1 DAGs
[2025-08-29T08:45:14.948+0000] {logging_mixin.py:190} INFO - [2025-08-29T08:45:14.948+0000] {dag.py:4180} INFO - Setting next_dagrun for example_skip_dag to 2025-08-28 00:00:00+00:00, run_after=2025-08-29 00:00:00+00:00
[2025-08-29T08:45:14.968+0000] {processor.py:208} INFO - Processing /home/airflow/.local/lib/python3.12/site-packages/airflow/example_dags/example_skip_dag.py took 0.087 seconds
[2025-08-29T08:45:45.507+0000] {processor.py:186} INFO - Started process (PID=32414) to work on /home/airflow/.local/lib/python3.12/site-packages/airflow/example_dags/example_skip_dag.py
[2025-08-29T08:45:45.508+0000] {processor.py:914} INFO - Processing file /home/airflow/.local/lib/python3.12/site-packages/airflow/example_dags/example_skip_dag.py for tasks to queue
[2025-08-29T08:45:45.510+0000] {logging_mixin.py:190} INFO - [2025-08-29T08:45:45.510+0000] {dagbag.py:588} INFO - Filling up the DagBag from /home/airflow/.local/lib/python3.12/site-packages/airflow/example_dags/example_skip_dag.py
[2025-08-29T08:45:45.518+0000] {processor.py:925} INFO - DAG(s) 'example_skip_dag' retrieved from /home/airflow/.local/lib/python3.12/site-packages/airflow/example_dags/example_skip_dag.py
[2025-08-29T08:45:45.538+0000] {logging_mixin.py:190} INFO - [2025-08-29T08:45:45.538+0000] {dag.py:3239} INFO - Sync 1 DAGs
[2025-08-29T08:45:45.563+0000] {logging_mixin.py:190} INFO - [2025-08-29T08:45:45.562+0000] {dag.py:4180} INFO - Setting next_dagrun for example_skip_dag to 2025-08-28 00:00:00+00:00, run_after=2025-08-29 00:00:00+00:00
[2025-08-29T08:45:45.580+0000] {processor.py:208} INFO - Processing /home/airflow/.local/lib/python3.12/site-packages/airflow/example_dags/example_skip_dag.py took 0.079 seconds
[2025-08-29T08:46:16.076+0000] {processor.py:186} INFO - Started process (PID=32478) to work on /home/airflow/.local/lib/python3.12/site-packages/airflow/example_dags/example_skip_dag.py
[2025-08-29T08:46:16.076+0000] {processor.py:914} INFO - Processing file /home/airflow/.local/lib/python3.12/site-packages/airflow/example_dags/example_skip_dag.py for tasks to queue
[2025-08-29T08:46:16.077+0000] {logging_mixin.py:190} INFO - [2025-08-29T08:46:16.077+0000] {dagbag.py:588} INFO - Filling up the DagBag from /home/airflow/.local/lib/python3.12/site-packages/airflow/example_dags/example_skip_dag.py
[2025-08-29T08:46:16.082+0000] {processor.py:925} INFO - DAG(s) 'example_skip_dag' retrieved from /home/airflow/.local/lib/python3.12/site-packages/airflow/example_dags/example_skip_dag.py
[2025-08-29T08:46:16.103+0000] {logging_mixin.py:190} INFO - [2025-08-29T08:46:16.103+0000] {dag.py:3239} INFO - Sync 1 DAGs
[2025-08-29T08:46:16.126+0000] {logging_mixin.py:190} INFO - [2025-08-29T08:46:16.125+0000] {dag.py:4180} INFO - Setting next_dagrun for example_skip_dag to 2025-08-28 00:00:00+00:00, run_after=2025-08-29 00:00:00+00:00
[2025-08-29T08:46:16.145+0000] {processor.py:208} INFO - Processing /home/airflow/.local/lib/python3.12/site-packages/airflow/example_dags/example_skip_dag.py took 0.073 seconds
[2025-08-29T08:46:46.512+0000] {processor.py:186} INFO - Started process (PID=32542) to work on /home/airflow/.local/lib/python3.12/site-packages/airflow/example_dags/example_skip_dag.py
[2025-08-29T08:46:46.512+0000] {processor.py:914} INFO - Processing file /home/airflow/.local/lib/python3.12/site-packages/airflow/example_dags/example_skip_dag.py for tasks to queue
[2025-08-29T08:46:46.514+0000] {logging_mixin.py:190} INFO - [2025-08-29T08:46:46.513+0000] {dagbag.py:588} INFO - Filling up the DagBag from /home/airflow/.local/lib/python3.12/site-packages/airflow/example_dags/example_skip_dag.py
[2025-08-29T08:46:46.519+0000] {processor.py:925} INFO - DAG(s) 'example_skip_dag' retrieved from /home/airflow/.local/lib/python3.12/site-packages/airflow/example_dags/example_skip_dag.py
[2025-08-29T08:46:46.540+0000] {logging_mixin.py:190} INFO - [2025-08-29T08:46:46.540+0000] {dag.py:3239} INFO - Sync 1 DAGs
[2025-08-29T08:46:46.554+0000] {logging_mixin.py:190} INFO - [2025-08-29T08:46:46.554+0000] {dag.py:4180} INFO - Setting next_dagrun for example_skip_dag to 2025-08-28 00:00:00+00:00, run_after=2025-08-29 00:00:00+00:00
[2025-08-29T08:46:46.568+0000] {processor.py:208} INFO - Processing /home/airflow/.local/lib/python3.12/site-packages/airflow/example_dags/example_skip_dag.py took 0.063 seconds
[2025-08-29T08:47:16.661+0000] {processor.py:186} INFO - Started process (PID=32606) to work on /home/airflow/.local/lib/python3.12/site-packages/airflow/example_dags/example_skip_dag.py
[2025-08-29T08:47:16.661+0000] {processor.py:914} INFO - Processing file /home/airflow/.local/lib/python3.12/site-packages/airflow/example_dags/example_skip_dag.py for tasks to queue
[2025-08-29T08:47:16.662+0000] {logging_mixin.py:190} INFO - [2025-08-29T08:47:16.662+0000] {dagbag.py:588} INFO - Filling up the DagBag from /home/airflow/.local/lib/python3.12/site-packages/airflow/example_dags/example_skip_dag.py
[2025-08-29T08:47:16.667+0000] {processor.py:925} INFO - DAG(s) 'example_skip_dag' retrieved from /home/airflow/.local/lib/python3.12/site-packages/airflow/example_dags/example_skip_dag.py
[2025-08-29T08:47:16.684+0000] {logging_mixin.py:190} INFO - [2025-08-29T08:47:16.683+0000] {dag.py:3239} INFO - Sync 1 DAGs
[2025-08-29T08:47:16.702+0000] {logging_mixin.py:190} INFO - [2025-08-29T08:47:16.702+0000] {dag.py:4180} INFO - Setting next_dagrun for example_skip_dag to 2025-08-28 00:00:00+00:00, run_after=2025-08-29 00:00:00+00:00
[2025-08-29T08:47:16.720+0000] {processor.py:208} INFO - Processing /home/airflow/.local/lib/python3.12/site-packages/airflow/example_dags/example_skip_dag.py took 0.063 seconds
[2025-08-29T08:47:47.002+0000] {processor.py:186} INFO - Started process (PID=32670) to work on /home/airflow/.local/lib/python3.12/site-packages/airflow/example_dags/example_skip_dag.py
[2025-08-29T08:47:47.002+0000] {processor.py:914} INFO - Processing file /home/airflow/.local/lib/python3.12/site-packages/airflow/example_dags/example_skip_dag.py for tasks to queue
[2025-08-29T08:47:47.003+0000] {logging_mixin.py:190} INFO - [2025-08-29T08:47:47.003+0000] {dagbag.py:588} INFO - Filling up the DagBag from /home/airflow/.local/lib/python3.12/site-packages/airflow/example_dags/example_skip_dag.py
[2025-08-29T08:47:47.008+0000] {processor.py:925} INFO - DAG(s) 'example_skip_dag' retrieved from /home/airflow/.local/lib/python3.12/site-packages/airflow/example_dags/example_skip_dag.py
[2025-08-29T08:47:47.031+0000] {logging_mixin.py:190} INFO - [2025-08-29T08:47:47.031+0000] {dag.py:3239} INFO - Sync 1 DAGs
[2025-08-29T08:47:47.051+0000] {logging_mixin.py:190} INFO - [2025-08-29T08:47:47.051+0000] {dag.py:4180} INFO - Setting next_dagrun for example_skip_dag to 2025-08-28 00:00:00+00:00, run_after=2025-08-29 00:00:00+00:00
[2025-08-29T08:47:47.062+0000] {processor.py:208} INFO - Processing /home/airflow/.local/lib/python3.12/site-packages/airflow/example_dags/example_skip_dag.py took 0.064 seconds
[2025-08-29T08:48:17.463+0000] {processor.py:186} INFO - Started process (PID=32734) to work on /home/airflow/.local/lib/python3.12/site-packages/airflow/example_dags/example_skip_dag.py
[2025-08-29T08:48:17.463+0000] {processor.py:914} INFO - Processing file /home/airflow/.local/lib/python3.12/site-packages/airflow/example_dags/example_skip_dag.py for tasks to queue
[2025-08-29T08:48:17.465+0000] {logging_mixin.py:190} INFO - [2025-08-29T08:48:17.464+0000] {dagbag.py:588} INFO - Filling up the DagBag from /home/airflow/.local/lib/python3.12/site-packages/airflow/example_dags/example_skip_dag.py
[2025-08-29T08:48:17.469+0000] {processor.py:925} INFO - DAG(s) 'example_skip_dag' retrieved from /home/airflow/.local/lib/python3.12/site-packages/airflow/example_dags/example_skip_dag.py
[2025-08-29T08:48:17.491+0000] {logging_mixin.py:190} INFO - [2025-08-29T08:48:17.491+0000] {dag.py:3239} INFO - Sync 1 DAGs
[2025-08-29T08:48:17.506+0000] {logging_mixin.py:190} INFO - [2025-08-29T08:48:17.506+0000] {dag.py:4180} INFO - Setting next_dagrun for example_skip_dag to 2025-08-28 00:00:00+00:00, run_after=2025-08-29 00:00:00+00:00
[2025-08-29T08:48:17.516+0000] {processor.py:208} INFO - Processing /home/airflow/.local/lib/python3.12/site-packages/airflow/example_dags/example_skip_dag.py took 0.058 seconds
[2025-08-29T08:48:47.917+0000] {processor.py:186} INFO - Started process (PID=32798) to work on /home/airflow/.local/lib/python3.12/site-packages/airflow/example_dags/example_skip_dag.py
[2025-08-29T08:48:47.918+0000] {processor.py:914} INFO - Processing file /home/airflow/.local/lib/python3.12/site-packages/airflow/example_dags/example_skip_dag.py for tasks to queue
[2025-08-29T08:48:47.921+0000] {logging_mixin.py:190} INFO - [2025-08-29T08:48:47.920+0000] {dagbag.py:588} INFO - Filling up the DagBag from /home/airflow/.local/lib/python3.12/site-packages/airflow/example_dags/example_skip_dag.py
[2025-08-29T08:48:47.929+0000] {processor.py:925} INFO - DAG(s) 'example_skip_dag' retrieved from /home/airflow/.local/lib/python3.12/site-packages/airflow/example_dags/example_skip_dag.py
[2025-08-29T08:48:47.946+0000] {logging_mixin.py:190} INFO - [2025-08-29T08:48:47.946+0000] {dag.py:3239} INFO - Sync 1 DAGs
[2025-08-29T08:48:47.967+0000] {logging_mixin.py:190} INFO - [2025-08-29T08:48:47.966+0000] {dag.py:4180} INFO - Setting next_dagrun for example_skip_dag to 2025-08-28 00:00:00+00:00, run_after=2025-08-29 00:00:00+00:00
[2025-08-29T08:48:47.990+0000] {processor.py:208} INFO - Processing /home/airflow/.local/lib/python3.12/site-packages/airflow/example_dags/example_skip_dag.py took 0.081 seconds
[2025-08-29T08:49:18.343+0000] {processor.py:186} INFO - Started process (PID=32862) to work on /home/airflow/.local/lib/python3.12/site-packages/airflow/example_dags/example_skip_dag.py
[2025-08-29T08:49:18.344+0000] {processor.py:914} INFO - Processing file /home/airflow/.local/lib/python3.12/site-packages/airflow/example_dags/example_skip_dag.py for tasks to queue
[2025-08-29T08:49:18.346+0000] {logging_mixin.py:190} INFO - [2025-08-29T08:49:18.346+0000] {dagbag.py:588} INFO - Filling up the DagBag from /home/airflow/.local/lib/python3.12/site-packages/airflow/example_dags/example_skip_dag.py
[2025-08-29T08:49:18.352+0000] {processor.py:925} INFO - DAG(s) 'example_skip_dag' retrieved from /home/airflow/.local/lib/python3.12/site-packages/airflow/example_dags/example_skip_dag.py
[2025-08-29T08:49:18.366+0000] {logging_mixin.py:190} INFO - [2025-08-29T08:49:18.366+0000] {dag.py:3239} INFO - Sync 1 DAGs
[2025-08-29T08:49:18.381+0000] {logging_mixin.py:190} INFO - [2025-08-29T08:49:18.380+0000] {dag.py:4180} INFO - Setting next_dagrun for example_skip_dag to 2025-08-28 00:00:00+00:00, run_after=2025-08-29 00:00:00+00:00
[2025-08-29T08:49:18.393+0000] {processor.py:208} INFO - Processing /home/airflow/.local/lib/python3.12/site-packages/airflow/example_dags/example_skip_dag.py took 0.056 seconds
[2025-08-29T08:49:48.801+0000] {processor.py:186} INFO - Started process (PID=32926) to work on /home/airflow/.local/lib/python3.12/site-packages/airflow/example_dags/example_skip_dag.py
[2025-08-29T08:49:48.802+0000] {processor.py:914} INFO - Processing file /home/airflow/.local/lib/python3.12/site-packages/airflow/example_dags/example_skip_dag.py for tasks to queue
[2025-08-29T08:49:48.804+0000] {logging_mixin.py:190} INFO - [2025-08-29T08:49:48.803+0000] {dagbag.py:588} INFO - Filling up the DagBag from /home/airflow/.local/lib/python3.12/site-packages/airflow/example_dags/example_skip_dag.py
[2025-08-29T08:49:48.808+0000] {processor.py:925} INFO - DAG(s) 'example_skip_dag' retrieved from /home/airflow/.local/lib/python3.12/site-packages/airflow/example_dags/example_skip_dag.py
[2025-08-29T08:49:48.829+0000] {logging_mixin.py:190} INFO - [2025-08-29T08:49:48.829+0000] {dag.py:3239} INFO - Sync 1 DAGs
[2025-08-29T08:49:48.850+0000] {logging_mixin.py:190} INFO - [2025-08-29T08:49:48.849+0000] {dag.py:4180} INFO - Setting next_dagrun for example_skip_dag to 2025-08-28 00:00:00+00:00, run_after=2025-08-29 00:00:00+00:00
[2025-08-29T08:49:48.868+0000] {processor.py:208} INFO - Processing /home/airflow/.local/lib/python3.12/site-packages/airflow/example_dags/example_skip_dag.py took 0.073 seconds
[2025-08-29T08:50:19.215+0000] {processor.py:186} INFO - Started process (PID=32990) to work on /home/airflow/.local/lib/python3.12/site-packages/airflow/example_dags/example_skip_dag.py
[2025-08-29T08:50:19.215+0000] {processor.py:914} INFO - Processing file /home/airflow/.local/lib/python3.12/site-packages/airflow/example_dags/example_skip_dag.py for tasks to queue
[2025-08-29T08:50:19.216+0000] {logging_mixin.py:190} INFO - [2025-08-29T08:50:19.216+0000] {dagbag.py:588} INFO - Filling up the DagBag from /home/airflow/.local/lib/python3.12/site-packages/airflow/example_dags/example_skip_dag.py
[2025-08-29T08:50:19.221+0000] {processor.py:925} INFO - DAG(s) 'example_skip_dag' retrieved from /home/airflow/.local/lib/python3.12/site-packages/airflow/example_dags/example_skip_dag.py
[2025-08-29T08:50:19.236+0000] {logging_mixin.py:190} INFO - [2025-08-29T08:50:19.236+0000] {dag.py:3239} INFO - Sync 1 DAGs
[2025-08-29T08:50:19.256+0000] {logging_mixin.py:190} INFO - [2025-08-29T08:50:19.256+0000] {dag.py:4180} INFO - Setting next_dagrun for example_skip_dag to 2025-08-28 00:00:00+00:00, run_after=2025-08-29 00:00:00+00:00
[2025-08-29T08:50:19.269+0000] {processor.py:208} INFO - Processing /home/airflow/.local/lib/python3.12/site-packages/airflow/example_dags/example_skip_dag.py took 0.058 seconds
[2025-08-29T08:50:49.675+0000] {processor.py:186} INFO - Started process (PID=33054) to work on /home/airflow/.local/lib/python3.12/site-packages/airflow/example_dags/example_skip_dag.py
[2025-08-29T08:50:49.676+0000] {processor.py:914} INFO - Processing file /home/airflow/.local/lib/python3.12/site-packages/airflow/example_dags/example_skip_dag.py for tasks to queue
[2025-08-29T08:50:49.677+0000] {logging_mixin.py:190} INFO - [2025-08-29T08:50:49.677+0000] {dagbag.py:588} INFO - Filling up the DagBag from /home/airflow/.local/lib/python3.12/site-packages/airflow/example_dags/example_skip_dag.py
[2025-08-29T08:50:49.682+0000] {processor.py:925} INFO - DAG(s) 'example_skip_dag' retrieved from /home/airflow/.local/lib/python3.12/site-packages/airflow/example_dags/example_skip_dag.py
[2025-08-29T08:50:49.702+0000] {logging_mixin.py:190} INFO - [2025-08-29T08:50:49.702+0000] {dag.py:3239} INFO - Sync 1 DAGs
[2025-08-29T08:50:49.717+0000] {logging_mixin.py:190} INFO - [2025-08-29T08:50:49.717+0000] {dag.py:4180} INFO - Setting next_dagrun for example_skip_dag to 2025-08-28 00:00:00+00:00, run_after=2025-08-29 00:00:00+00:00
[2025-08-29T08:50:49.727+0000] {processor.py:208} INFO - Processing /home/airflow/.local/lib/python3.12/site-packages/airflow/example_dags/example_skip_dag.py took 0.056 seconds
[2025-08-29T08:51:19.826+0000] {processor.py:186} INFO - Started process (PID=33118) to work on /home/airflow/.local/lib/python3.12/site-packages/airflow/example_dags/example_skip_dag.py
[2025-08-29T08:51:19.826+0000] {processor.py:914} INFO - Processing file /home/airflow/.local/lib/python3.12/site-packages/airflow/example_dags/example_skip_dag.py for tasks to queue
[2025-08-29T08:51:19.828+0000] {logging_mixin.py:190} INFO - [2025-08-29T08:51:19.827+0000] {dagbag.py:588} INFO - Filling up the DagBag from /home/airflow/.local/lib/python3.12/site-packages/airflow/example_dags/example_skip_dag.py
[2025-08-29T08:51:19.832+0000] {processor.py:925} INFO - DAG(s) 'example_skip_dag' retrieved from /home/airflow/.local/lib/python3.12/site-packages/airflow/example_dags/example_skip_dag.py
[2025-08-29T08:51:19.851+0000] {logging_mixin.py:190} INFO - [2025-08-29T08:51:19.851+0000] {dag.py:3239} INFO - Sync 1 DAGs
[2025-08-29T08:51:19.869+0000] {logging_mixin.py:190} INFO - [2025-08-29T08:51:19.869+0000] {dag.py:4180} INFO - Setting next_dagrun for example_skip_dag to 2025-08-28 00:00:00+00:00, run_after=2025-08-29 00:00:00+00:00
[2025-08-29T08:51:19.887+0000] {processor.py:208} INFO - Processing /home/airflow/.local/lib/python3.12/site-packages/airflow/example_dags/example_skip_dag.py took 0.065 seconds
[2025-08-29T08:51:50.203+0000] {processor.py:186} INFO - Started process (PID=33182) to work on /home/airflow/.local/lib/python3.12/site-packages/airflow/example_dags/example_skip_dag.py
[2025-08-29T08:51:50.203+0000] {processor.py:914} INFO - Processing file /home/airflow/.local/lib/python3.12/site-packages/airflow/example_dags/example_skip_dag.py for tasks to queue
[2025-08-29T08:51:50.205+0000] {logging_mixin.py:190} INFO - [2025-08-29T08:51:50.204+0000] {dagbag.py:588} INFO - Filling up the DagBag from /home/airflow/.local/lib/python3.12/site-packages/airflow/example_dags/example_skip_dag.py
[2025-08-29T08:51:50.209+0000] {processor.py:925} INFO - DAG(s) 'example_skip_dag' retrieved from /home/airflow/.local/lib/python3.12/site-packages/airflow/example_dags/example_skip_dag.py
[2025-08-29T08:51:50.228+0000] {logging_mixin.py:190} INFO - [2025-08-29T08:51:50.228+0000] {dag.py:3239} INFO - Sync 1 DAGs
[2025-08-29T08:51:50.246+0000] {logging_mixin.py:190} INFO - [2025-08-29T08:51:50.246+0000] {dag.py:4180} INFO - Setting next_dagrun for example_skip_dag to 2025-08-28 00:00:00+00:00, run_after=2025-08-29 00:00:00+00:00
[2025-08-29T08:51:50.266+0000] {processor.py:208} INFO - Processing /home/airflow/.local/lib/python3.12/site-packages/airflow/example_dags/example_skip_dag.py took 0.068 seconds
[2025-08-29T08:52:20.497+0000] {processor.py:186} INFO - Started process (PID=33246) to work on /home/airflow/.local/lib/python3.12/site-packages/airflow/example_dags/example_skip_dag.py
[2025-08-29T08:52:20.498+0000] {processor.py:914} INFO - Processing file /home/airflow/.local/lib/python3.12/site-packages/airflow/example_dags/example_skip_dag.py for tasks to queue
[2025-08-29T08:52:20.499+0000] {logging_mixin.py:190} INFO - [2025-08-29T08:52:20.499+0000] {dagbag.py:588} INFO - Filling up the DagBag from /home/airflow/.local/lib/python3.12/site-packages/airflow/example_dags/example_skip_dag.py
[2025-08-29T08:52:20.504+0000] {processor.py:925} INFO - DAG(s) 'example_skip_dag' retrieved from /home/airflow/.local/lib/python3.12/site-packages/airflow/example_dags/example_skip_dag.py
[2025-08-29T08:52:20.523+0000] {logging_mixin.py:190} INFO - [2025-08-29T08:52:20.523+0000] {dag.py:3239} INFO - Sync 1 DAGs
[2025-08-29T08:52:20.542+0000] {logging_mixin.py:190} INFO - [2025-08-29T08:52:20.541+0000] {dag.py:4180} INFO - Setting next_dagrun for example_skip_dag to 2025-08-28 00:00:00+00:00, run_after=2025-08-29 00:00:00+00:00
[2025-08-29T08:52:20.560+0000] {processor.py:208} INFO - Processing /home/airflow/.local/lib/python3.12/site-packages/airflow/example_dags/example_skip_dag.py took 0.068 seconds
[2025-08-29T08:52:50.735+0000] {processor.py:186} INFO - Started process (PID=33310) to work on /home/airflow/.local/lib/python3.12/site-packages/airflow/example_dags/example_skip_dag.py
[2025-08-29T08:52:50.736+0000] {processor.py:914} INFO - Processing file /home/airflow/.local/lib/python3.12/site-packages/airflow/example_dags/example_skip_dag.py for tasks to queue
[2025-08-29T08:52:50.737+0000] {logging_mixin.py:190} INFO - [2025-08-29T08:52:50.737+0000] {dagbag.py:588} INFO - Filling up the DagBag from /home/airflow/.local/lib/python3.12/site-packages/airflow/example_dags/example_skip_dag.py
[2025-08-29T08:52:50.741+0000] {processor.py:925} INFO - DAG(s) 'example_skip_dag' retrieved from /home/airflow/.local/lib/python3.12/site-packages/airflow/example_dags/example_skip_dag.py
[2025-08-29T08:52:50.763+0000] {logging_mixin.py:190} INFO - [2025-08-29T08:52:50.763+0000] {dag.py:3239} INFO - Sync 1 DAGs
[2025-08-29T08:52:50.781+0000] {logging_mixin.py:190} INFO - [2025-08-29T08:52:50.780+0000] {dag.py:4180} INFO - Setting next_dagrun for example_skip_dag to 2025-08-28 00:00:00+00:00, run_after=2025-08-29 00:00:00+00:00
[2025-08-29T08:52:50.793+0000] {processor.py:208} INFO - Processing /home/airflow/.local/lib/python3.12/site-packages/airflow/example_dags/example_skip_dag.py took 0.062 seconds
[2025-08-29T08:53:21.189+0000] {processor.py:186} INFO - Started process (PID=33374) to work on /home/airflow/.local/lib/python3.12/site-packages/airflow/example_dags/example_skip_dag.py
[2025-08-29T08:53:21.189+0000] {processor.py:914} INFO - Processing file /home/airflow/.local/lib/python3.12/site-packages/airflow/example_dags/example_skip_dag.py for tasks to queue
[2025-08-29T08:53:21.191+0000] {logging_mixin.py:190} INFO - [2025-08-29T08:53:21.191+0000] {dagbag.py:588} INFO - Filling up the DagBag from /home/airflow/.local/lib/python3.12/site-packages/airflow/example_dags/example_skip_dag.py
[2025-08-29T08:53:21.196+0000] {processor.py:925} INFO - DAG(s) 'example_skip_dag' retrieved from /home/airflow/.local/lib/python3.12/site-packages/airflow/example_dags/example_skip_dag.py
[2025-08-29T08:53:21.215+0000] {logging_mixin.py:190} INFO - [2025-08-29T08:53:21.215+0000] {dag.py:3239} INFO - Sync 1 DAGs
[2025-08-29T08:53:21.238+0000] {logging_mixin.py:190} INFO - [2025-08-29T08:53:21.238+0000] {dag.py:4180} INFO - Setting next_dagrun for example_skip_dag to 2025-08-28 00:00:00+00:00, run_after=2025-08-29 00:00:00+00:00
[2025-08-29T08:53:21.257+0000] {processor.py:208} INFO - Processing /home/airflow/.local/lib/python3.12/site-packages/airflow/example_dags/example_skip_dag.py took 0.076 seconds
[2025-08-29T08:53:51.468+0000] {processor.py:186} INFO - Started process (PID=33438) to work on /home/airflow/.local/lib/python3.12/site-packages/airflow/example_dags/example_skip_dag.py
[2025-08-29T08:53:51.468+0000] {processor.py:914} INFO - Processing file /home/airflow/.local/lib/python3.12/site-packages/airflow/example_dags/example_skip_dag.py for tasks to queue
[2025-08-29T08:53:51.471+0000] {logging_mixin.py:190} INFO - [2025-08-29T08:53:51.470+0000] {dagbag.py:588} INFO - Filling up the DagBag from /home/airflow/.local/lib/python3.12/site-packages/airflow/example_dags/example_skip_dag.py
[2025-08-29T08:53:51.478+0000] {processor.py:925} INFO - DAG(s) 'example_skip_dag' retrieved from /home/airflow/.local/lib/python3.12/site-packages/airflow/example_dags/example_skip_dag.py
[2025-08-29T08:53:51.495+0000] {logging_mixin.py:190} INFO - [2025-08-29T08:53:51.495+0000] {dag.py:3239} INFO - Sync 1 DAGs
[2025-08-29T08:53:51.519+0000] {logging_mixin.py:190} INFO - [2025-08-29T08:53:51.519+0000] {dag.py:4180} INFO - Setting next_dagrun for example_skip_dag to 2025-08-28 00:00:00+00:00, run_after=2025-08-29 00:00:00+00:00
[2025-08-29T08:53:51.532+0000] {processor.py:208} INFO - Processing /home/airflow/.local/lib/python3.12/site-packages/airflow/example_dags/example_skip_dag.py took 0.070 seconds
