[2025-08-29T08:40:41.058+0000] {processor.py:186} INFO - Started process (PID=31801) to work on /home/airflow/.local/lib/python3.12/site-packages/airflow/example_dags/example_inlet_event_extra.py
[2025-08-29T08:40:41.058+0000] {processor.py:914} INFO - Processing file /home/airflow/.local/lib/python3.12/site-packages/airflow/example_dags/example_inlet_event_extra.py for tasks to queue
[2025-08-29T08:40:41.060+0000] {logging_mixin.py:190} INFO - [2025-08-29T08:40:41.060+0000] {dagbag.py:588} INFO - Filling up the DagBag from /home/airflow/.local/lib/python3.12/site-packages/airflow/example_dags/example_inlet_event_extra.py
[2025-08-29T08:40:41.205+0000] {processor.py:925} INFO - DAG(s) 'read_dataset_event_from_classic', 'read_dataset_event' retrieved from /home/airflow/.local/lib/python3.12/site-packages/airflow/example_dags/example_inlet_event_extra.py
[2025-08-29T08:40:41.233+0000] {logging_mixin.py:190} INFO - [2025-08-29T08:40:41.232+0000] {dag.py:3239} INFO - Sync 2 DAGs
[2025-08-29T08:40:41.268+0000] {logging_mixin.py:190} INFO - [2025-08-29T08:40:41.267+0000] {dag.py:4180} INFO - Setting next_dagrun for read_dataset_event to 2025-08-28 00:00:00+00:00, run_after=2025-08-29 00:00:00+00:00
[2025-08-29T08:40:41.274+0000] {logging_mixin.py:190} INFO - [2025-08-29T08:40:41.274+0000] {dag.py:4180} INFO - Setting next_dagrun for read_dataset_event_from_classic to 2025-08-28 00:00:00+00:00, run_after=2025-08-29 00:00:00+00:00
[2025-08-29T08:40:41.297+0000] {processor.py:208} INFO - Processing /home/airflow/.local/lib/python3.12/site-packages/airflow/example_dags/example_inlet_event_extra.py took 0.246 seconds
[2025-08-29T08:41:11.833+0000] {processor.py:186} INFO - Started process (PID=31866) to work on /home/airflow/.local/lib/python3.12/site-packages/airflow/example_dags/example_inlet_event_extra.py
[2025-08-29T08:41:11.834+0000] {processor.py:914} INFO - Processing file /home/airflow/.local/lib/python3.12/site-packages/airflow/example_dags/example_inlet_event_extra.py for tasks to queue
[2025-08-29T08:41:11.836+0000] {logging_mixin.py:190} INFO - [2025-08-29T08:41:11.836+0000] {dagbag.py:588} INFO - Filling up the DagBag from /home/airflow/.local/lib/python3.12/site-packages/airflow/example_dags/example_inlet_event_extra.py
[2025-08-29T08:41:11.985+0000] {processor.py:925} INFO - DAG(s) 'read_dataset_event_from_classic', 'read_dataset_event' retrieved from /home/airflow/.local/lib/python3.12/site-packages/airflow/example_dags/example_inlet_event_extra.py
[2025-08-29T08:41:12.013+0000] {logging_mixin.py:190} INFO - [2025-08-29T08:41:12.013+0000] {dag.py:3239} INFO - Sync 2 DAGs
[2025-08-29T08:41:12.047+0000] {logging_mixin.py:190} INFO - [2025-08-29T08:41:12.047+0000] {dag.py:4180} INFO - Setting next_dagrun for read_dataset_event to 2025-08-28 00:00:00+00:00, run_after=2025-08-29 00:00:00+00:00
[2025-08-29T08:41:12.055+0000] {logging_mixin.py:190} INFO - [2025-08-29T08:41:12.054+0000] {dag.py:4180} INFO - Setting next_dagrun for read_dataset_event_from_classic to 2025-08-28 00:00:00+00:00, run_after=2025-08-29 00:00:00+00:00
[2025-08-29T08:41:12.077+0000] {processor.py:208} INFO - Processing /home/airflow/.local/lib/python3.12/site-packages/airflow/example_dags/example_inlet_event_extra.py took 0.251 seconds
[2025-08-29T08:41:43.207+0000] {processor.py:186} INFO - Started process (PID=31929) to work on /home/airflow/.local/lib/python3.12/site-packages/airflow/example_dags/example_inlet_event_extra.py
[2025-08-29T08:41:43.208+0000] {processor.py:914} INFO - Processing file /home/airflow/.local/lib/python3.12/site-packages/airflow/example_dags/example_inlet_event_extra.py for tasks to queue
[2025-08-29T08:41:43.212+0000] {logging_mixin.py:190} INFO - [2025-08-29T08:41:43.211+0000] {dagbag.py:588} INFO - Filling up the DagBag from /home/airflow/.local/lib/python3.12/site-packages/airflow/example_dags/example_inlet_event_extra.py
[2025-08-29T08:41:43.367+0000] {processor.py:925} INFO - DAG(s) 'read_dataset_event', 'read_dataset_event_from_classic' retrieved from /home/airflow/.local/lib/python3.12/site-packages/airflow/example_dags/example_inlet_event_extra.py
[2025-08-29T08:41:43.390+0000] {logging_mixin.py:190} INFO - [2025-08-29T08:41:43.390+0000] {dag.py:3239} INFO - Sync 2 DAGs
[2025-08-29T08:41:43.418+0000] {logging_mixin.py:190} INFO - [2025-08-29T08:41:43.417+0000] {dag.py:4180} INFO - Setting next_dagrun for read_dataset_event to 2025-08-28 00:00:00+00:00, run_after=2025-08-29 00:00:00+00:00
[2025-08-29T08:41:43.424+0000] {logging_mixin.py:190} INFO - [2025-08-29T08:41:43.424+0000] {dag.py:4180} INFO - Setting next_dagrun for read_dataset_event_from_classic to 2025-08-28 00:00:00+00:00, run_after=2025-08-29 00:00:00+00:00
[2025-08-29T08:41:43.446+0000] {processor.py:208} INFO - Processing /home/airflow/.local/lib/python3.12/site-packages/airflow/example_dags/example_inlet_event_extra.py took 0.249 seconds
[2025-08-29T08:42:13.706+0000] {processor.py:186} INFO - Started process (PID=31993) to work on /home/airflow/.local/lib/python3.12/site-packages/airflow/example_dags/example_inlet_event_extra.py
[2025-08-29T08:42:13.707+0000] {processor.py:914} INFO - Processing file /home/airflow/.local/lib/python3.12/site-packages/airflow/example_dags/example_inlet_event_extra.py for tasks to queue
[2025-08-29T08:42:13.711+0000] {logging_mixin.py:190} INFO - [2025-08-29T08:42:13.710+0000] {dagbag.py:588} INFO - Filling up the DagBag from /home/airflow/.local/lib/python3.12/site-packages/airflow/example_dags/example_inlet_event_extra.py
[2025-08-29T08:42:13.965+0000] {processor.py:925} INFO - DAG(s) 'read_dataset_event', 'read_dataset_event_from_classic' retrieved from /home/airflow/.local/lib/python3.12/site-packages/airflow/example_dags/example_inlet_event_extra.py
[2025-08-29T08:42:14.004+0000] {logging_mixin.py:190} INFO - [2025-08-29T08:42:14.004+0000] {dag.py:3239} INFO - Sync 2 DAGs
[2025-08-29T08:42:14.042+0000] {logging_mixin.py:190} INFO - [2025-08-29T08:42:14.042+0000] {dag.py:4180} INFO - Setting next_dagrun for read_dataset_event to 2025-08-28 00:00:00+00:00, run_after=2025-08-29 00:00:00+00:00
[2025-08-29T08:42:14.048+0000] {logging_mixin.py:190} INFO - [2025-08-29T08:42:14.048+0000] {dag.py:4180} INFO - Setting next_dagrun for read_dataset_event_from_classic to 2025-08-28 00:00:00+00:00, run_after=2025-08-29 00:00:00+00:00
[2025-08-29T08:42:14.072+0000] {processor.py:208} INFO - Processing /home/airflow/.local/lib/python3.12/site-packages/airflow/example_dags/example_inlet_event_extra.py took 0.377 seconds
[2025-08-29T08:42:44.153+0000] {processor.py:186} INFO - Started process (PID=32057) to work on /home/airflow/.local/lib/python3.12/site-packages/airflow/example_dags/example_inlet_event_extra.py
[2025-08-29T08:42:44.154+0000] {processor.py:914} INFO - Processing file /home/airflow/.local/lib/python3.12/site-packages/airflow/example_dags/example_inlet_event_extra.py for tasks to queue
[2025-08-29T08:42:44.156+0000] {logging_mixin.py:190} INFO - [2025-08-29T08:42:44.156+0000] {dagbag.py:588} INFO - Filling up the DagBag from /home/airflow/.local/lib/python3.12/site-packages/airflow/example_dags/example_inlet_event_extra.py
[2025-08-29T08:42:44.302+0000] {processor.py:925} INFO - DAG(s) 'read_dataset_event_from_classic', 'read_dataset_event' retrieved from /home/airflow/.local/lib/python3.12/site-packages/airflow/example_dags/example_inlet_event_extra.py
[2025-08-29T08:42:44.335+0000] {logging_mixin.py:190} INFO - [2025-08-29T08:42:44.335+0000] {dag.py:3239} INFO - Sync 2 DAGs
[2025-08-29T08:42:44.370+0000] {logging_mixin.py:190} INFO - [2025-08-29T08:42:44.369+0000] {dag.py:4180} INFO - Setting next_dagrun for read_dataset_event to 2025-08-28 00:00:00+00:00, run_after=2025-08-29 00:00:00+00:00
[2025-08-29T08:42:44.376+0000] {logging_mixin.py:190} INFO - [2025-08-29T08:42:44.376+0000] {dag.py:4180} INFO - Setting next_dagrun for read_dataset_event_from_classic to 2025-08-28 00:00:00+00:00, run_after=2025-08-29 00:00:00+00:00
[2025-08-29T08:42:44.394+0000] {processor.py:208} INFO - Processing /home/airflow/.local/lib/python3.12/site-packages/airflow/example_dags/example_inlet_event_extra.py took 0.248 seconds
[2025-08-29T08:43:14.769+0000] {processor.py:186} INFO - Started process (PID=32121) to work on /home/airflow/.local/lib/python3.12/site-packages/airflow/example_dags/example_inlet_event_extra.py
[2025-08-29T08:43:14.770+0000] {processor.py:914} INFO - Processing file /home/airflow/.local/lib/python3.12/site-packages/airflow/example_dags/example_inlet_event_extra.py for tasks to queue
[2025-08-29T08:43:14.772+0000] {logging_mixin.py:190} INFO - [2025-08-29T08:43:14.772+0000] {dagbag.py:588} INFO - Filling up the DagBag from /home/airflow/.local/lib/python3.12/site-packages/airflow/example_dags/example_inlet_event_extra.py
[2025-08-29T08:43:14.894+0000] {processor.py:925} INFO - DAG(s) 'read_dataset_event_from_classic', 'read_dataset_event' retrieved from /home/airflow/.local/lib/python3.12/site-packages/airflow/example_dags/example_inlet_event_extra.py
[2025-08-29T08:43:14.915+0000] {logging_mixin.py:190} INFO - [2025-08-29T08:43:14.915+0000] {dag.py:3239} INFO - Sync 2 DAGs
[2025-08-29T08:43:14.945+0000] {logging_mixin.py:190} INFO - [2025-08-29T08:43:14.944+0000] {dag.py:4180} INFO - Setting next_dagrun for read_dataset_event to 2025-08-28 00:00:00+00:00, run_after=2025-08-29 00:00:00+00:00
[2025-08-29T08:43:14.950+0000] {logging_mixin.py:190} INFO - [2025-08-29T08:43:14.950+0000] {dag.py:4180} INFO - Setting next_dagrun for read_dataset_event_from_classic to 2025-08-28 00:00:00+00:00, run_after=2025-08-29 00:00:00+00:00
[2025-08-29T08:43:14.965+0000] {processor.py:208} INFO - Processing /home/airflow/.local/lib/python3.12/site-packages/airflow/example_dags/example_inlet_event_extra.py took 0.203 seconds
[2025-08-29T08:43:45.569+0000] {processor.py:186} INFO - Started process (PID=32185) to work on /home/airflow/.local/lib/python3.12/site-packages/airflow/example_dags/example_inlet_event_extra.py
[2025-08-29T08:43:45.570+0000] {processor.py:914} INFO - Processing file /home/airflow/.local/lib/python3.12/site-packages/airflow/example_dags/example_inlet_event_extra.py for tasks to queue
[2025-08-29T08:43:45.572+0000] {logging_mixin.py:190} INFO - [2025-08-29T08:43:45.572+0000] {dagbag.py:588} INFO - Filling up the DagBag from /home/airflow/.local/lib/python3.12/site-packages/airflow/example_dags/example_inlet_event_extra.py
[2025-08-29T08:43:45.690+0000] {processor.py:925} INFO - DAG(s) 'read_dataset_event', 'read_dataset_event_from_classic' retrieved from /home/airflow/.local/lib/python3.12/site-packages/airflow/example_dags/example_inlet_event_extra.py
[2025-08-29T08:43:45.710+0000] {logging_mixin.py:190} INFO - [2025-08-29T08:43:45.709+0000] {dag.py:3239} INFO - Sync 2 DAGs
[2025-08-29T08:43:45.733+0000] {logging_mixin.py:190} INFO - [2025-08-29T08:43:45.733+0000] {dag.py:4180} INFO - Setting next_dagrun for read_dataset_event to 2025-08-28 00:00:00+00:00, run_after=2025-08-29 00:00:00+00:00
[2025-08-29T08:43:45.740+0000] {logging_mixin.py:190} INFO - [2025-08-29T08:43:45.740+0000] {dag.py:4180} INFO - Setting next_dagrun for read_dataset_event_from_classic to 2025-08-28 00:00:00+00:00, run_after=2025-08-29 00:00:00+00:00
[2025-08-29T08:43:45.760+0000] {processor.py:208} INFO - Processing /home/airflow/.local/lib/python3.12/site-packages/airflow/example_dags/example_inlet_event_extra.py took 0.198 seconds
[2025-08-29T08:44:16.341+0000] {processor.py:186} INFO - Started process (PID=32249) to work on /home/airflow/.local/lib/python3.12/site-packages/airflow/example_dags/example_inlet_event_extra.py
[2025-08-29T08:44:16.342+0000] {processor.py:914} INFO - Processing file /home/airflow/.local/lib/python3.12/site-packages/airflow/example_dags/example_inlet_event_extra.py for tasks to queue
[2025-08-29T08:44:16.344+0000] {logging_mixin.py:190} INFO - [2025-08-29T08:44:16.344+0000] {dagbag.py:588} INFO - Filling up the DagBag from /home/airflow/.local/lib/python3.12/site-packages/airflow/example_dags/example_inlet_event_extra.py
[2025-08-29T08:44:16.460+0000] {processor.py:925} INFO - DAG(s) 'read_dataset_event_from_classic', 'read_dataset_event' retrieved from /home/airflow/.local/lib/python3.12/site-packages/airflow/example_dags/example_inlet_event_extra.py
[2025-08-29T08:44:16.483+0000] {logging_mixin.py:190} INFO - [2025-08-29T08:44:16.483+0000] {dag.py:3239} INFO - Sync 2 DAGs
[2025-08-29T08:44:16.511+0000] {logging_mixin.py:190} INFO - [2025-08-29T08:44:16.511+0000] {dag.py:4180} INFO - Setting next_dagrun for read_dataset_event to 2025-08-28 00:00:00+00:00, run_after=2025-08-29 00:00:00+00:00
[2025-08-29T08:44:16.517+0000] {logging_mixin.py:190} INFO - [2025-08-29T08:44:16.517+0000] {dag.py:4180} INFO - Setting next_dagrun for read_dataset_event_from_classic to 2025-08-28 00:00:00+00:00, run_after=2025-08-29 00:00:00+00:00
[2025-08-29T08:44:16.536+0000] {processor.py:208} INFO - Processing /home/airflow/.local/lib/python3.12/site-packages/airflow/example_dags/example_inlet_event_extra.py took 0.202 seconds
[2025-08-29T08:44:47.131+0000] {processor.py:186} INFO - Started process (PID=32313) to work on /home/airflow/.local/lib/python3.12/site-packages/airflow/example_dags/example_inlet_event_extra.py
[2025-08-29T08:44:47.132+0000] {processor.py:914} INFO - Processing file /home/airflow/.local/lib/python3.12/site-packages/airflow/example_dags/example_inlet_event_extra.py for tasks to queue
[2025-08-29T08:44:47.134+0000] {logging_mixin.py:190} INFO - [2025-08-29T08:44:47.134+0000] {dagbag.py:588} INFO - Filling up the DagBag from /home/airflow/.local/lib/python3.12/site-packages/airflow/example_dags/example_inlet_event_extra.py
[2025-08-29T08:44:47.289+0000] {processor.py:925} INFO - DAG(s) 'read_dataset_event', 'read_dataset_event_from_classic' retrieved from /home/airflow/.local/lib/python3.12/site-packages/airflow/example_dags/example_inlet_event_extra.py
[2025-08-29T08:44:47.310+0000] {logging_mixin.py:190} INFO - [2025-08-29T08:44:47.310+0000] {dag.py:3239} INFO - Sync 2 DAGs
[2025-08-29T08:44:47.337+0000] {logging_mixin.py:190} INFO - [2025-08-29T08:44:47.337+0000] {dag.py:4180} INFO - Setting next_dagrun for read_dataset_event to 2025-08-28 00:00:00+00:00, run_after=2025-08-29 00:00:00+00:00
[2025-08-29T08:44:47.343+0000] {logging_mixin.py:190} INFO - [2025-08-29T08:44:47.343+0000] {dag.py:4180} INFO - Setting next_dagrun for read_dataset_event_from_classic to 2025-08-28 00:00:00+00:00, run_after=2025-08-29 00:00:00+00:00
[2025-08-29T08:44:47.359+0000] {processor.py:208} INFO - Processing /home/airflow/.local/lib/python3.12/site-packages/airflow/example_dags/example_inlet_event_extra.py took 0.233 seconds
[2025-08-29T08:45:17.586+0000] {processor.py:186} INFO - Started process (PID=32377) to work on /home/airflow/.local/lib/python3.12/site-packages/airflow/example_dags/example_inlet_event_extra.py
[2025-08-29T08:45:17.587+0000] {processor.py:914} INFO - Processing file /home/airflow/.local/lib/python3.12/site-packages/airflow/example_dags/example_inlet_event_extra.py for tasks to queue
[2025-08-29T08:45:17.588+0000] {logging_mixin.py:190} INFO - [2025-08-29T08:45:17.588+0000] {dagbag.py:588} INFO - Filling up the DagBag from /home/airflow/.local/lib/python3.12/site-packages/airflow/example_dags/example_inlet_event_extra.py
[2025-08-29T08:45:17.674+0000] {processor.py:925} INFO - DAG(s) 'read_dataset_event_from_classic', 'read_dataset_event' retrieved from /home/airflow/.local/lib/python3.12/site-packages/airflow/example_dags/example_inlet_event_extra.py
[2025-08-29T08:45:17.695+0000] {logging_mixin.py:190} INFO - [2025-08-29T08:45:17.695+0000] {dag.py:3239} INFO - Sync 2 DAGs
[2025-08-29T08:45:17.717+0000] {logging_mixin.py:190} INFO - [2025-08-29T08:45:17.717+0000] {dag.py:4180} INFO - Setting next_dagrun for read_dataset_event to 2025-08-28 00:00:00+00:00, run_after=2025-08-29 00:00:00+00:00
[2025-08-29T08:45:17.720+0000] {logging_mixin.py:190} INFO - [2025-08-29T08:45:17.720+0000] {dag.py:4180} INFO - Setting next_dagrun for read_dataset_event_from_classic to 2025-08-28 00:00:00+00:00, run_after=2025-08-29 00:00:00+00:00
[2025-08-29T08:45:17.729+0000] {processor.py:208} INFO - Processing /home/airflow/.local/lib/python3.12/site-packages/airflow/example_dags/example_inlet_event_extra.py took 0.147 seconds
[2025-08-29T08:45:48.153+0000] {processor.py:186} INFO - Started process (PID=32441) to work on /home/airflow/.local/lib/python3.12/site-packages/airflow/example_dags/example_inlet_event_extra.py
[2025-08-29T08:45:48.154+0000] {processor.py:914} INFO - Processing file /home/airflow/.local/lib/python3.12/site-packages/airflow/example_dags/example_inlet_event_extra.py for tasks to queue
[2025-08-29T08:45:48.155+0000] {logging_mixin.py:190} INFO - [2025-08-29T08:45:48.155+0000] {dagbag.py:588} INFO - Filling up the DagBag from /home/airflow/.local/lib/python3.12/site-packages/airflow/example_dags/example_inlet_event_extra.py
[2025-08-29T08:45:48.248+0000] {processor.py:925} INFO - DAG(s) 'read_dataset_event_from_classic', 'read_dataset_event' retrieved from /home/airflow/.local/lib/python3.12/site-packages/airflow/example_dags/example_inlet_event_extra.py
[2025-08-29T08:45:48.265+0000] {logging_mixin.py:190} INFO - [2025-08-29T08:45:48.264+0000] {dag.py:3239} INFO - Sync 2 DAGs
[2025-08-29T08:45:48.280+0000] {logging_mixin.py:190} INFO - [2025-08-29T08:45:48.280+0000] {dag.py:4180} INFO - Setting next_dagrun for read_dataset_event to 2025-08-28 00:00:00+00:00, run_after=2025-08-29 00:00:00+00:00
[2025-08-29T08:45:48.284+0000] {logging_mixin.py:190} INFO - [2025-08-29T08:45:48.283+0000] {dag.py:4180} INFO - Setting next_dagrun for read_dataset_event_from_classic to 2025-08-28 00:00:00+00:00, run_after=2025-08-29 00:00:00+00:00
[2025-08-29T08:45:48.298+0000] {processor.py:208} INFO - Processing /home/airflow/.local/lib/python3.12/site-packages/airflow/example_dags/example_inlet_event_extra.py took 0.152 seconds
[2025-08-29T08:46:18.728+0000] {processor.py:186} INFO - Started process (PID=32505) to work on /home/airflow/.local/lib/python3.12/site-packages/airflow/example_dags/example_inlet_event_extra.py
[2025-08-29T08:46:18.728+0000] {processor.py:914} INFO - Processing file /home/airflow/.local/lib/python3.12/site-packages/airflow/example_dags/example_inlet_event_extra.py for tasks to queue
[2025-08-29T08:46:18.730+0000] {logging_mixin.py:190} INFO - [2025-08-29T08:46:18.730+0000] {dagbag.py:588} INFO - Filling up the DagBag from /home/airflow/.local/lib/python3.12/site-packages/airflow/example_dags/example_inlet_event_extra.py
[2025-08-29T08:46:18.826+0000] {processor.py:925} INFO - DAG(s) 'read_dataset_event', 'read_dataset_event_from_classic' retrieved from /home/airflow/.local/lib/python3.12/site-packages/airflow/example_dags/example_inlet_event_extra.py
[2025-08-29T08:46:18.849+0000] {logging_mixin.py:190} INFO - [2025-08-29T08:46:18.848+0000] {dag.py:3239} INFO - Sync 2 DAGs
[2025-08-29T08:46:18.870+0000] {logging_mixin.py:190} INFO - [2025-08-29T08:46:18.870+0000] {dag.py:4180} INFO - Setting next_dagrun for read_dataset_event to 2025-08-28 00:00:00+00:00, run_after=2025-08-29 00:00:00+00:00
[2025-08-29T08:46:18.873+0000] {logging_mixin.py:190} INFO - [2025-08-29T08:46:18.873+0000] {dag.py:4180} INFO - Setting next_dagrun for read_dataset_event_from_classic to 2025-08-28 00:00:00+00:00, run_after=2025-08-29 00:00:00+00:00
[2025-08-29T08:46:18.890+0000] {processor.py:208} INFO - Processing /home/airflow/.local/lib/python3.12/site-packages/airflow/example_dags/example_inlet_event_extra.py took 0.169 seconds
[2025-08-29T08:46:48.964+0000] {processor.py:186} INFO - Started process (PID=32569) to work on /home/airflow/.local/lib/python3.12/site-packages/airflow/example_dags/example_inlet_event_extra.py
[2025-08-29T08:46:48.965+0000] {processor.py:914} INFO - Processing file /home/airflow/.local/lib/python3.12/site-packages/airflow/example_dags/example_inlet_event_extra.py for tasks to queue
[2025-08-29T08:46:48.967+0000] {logging_mixin.py:190} INFO - [2025-08-29T08:46:48.967+0000] {dagbag.py:588} INFO - Filling up the DagBag from /home/airflow/.local/lib/python3.12/site-packages/airflow/example_dags/example_inlet_event_extra.py
[2025-08-29T08:46:49.062+0000] {processor.py:925} INFO - DAG(s) 'read_dataset_event', 'read_dataset_event_from_classic' retrieved from /home/airflow/.local/lib/python3.12/site-packages/airflow/example_dags/example_inlet_event_extra.py
[2025-08-29T08:46:49.082+0000] {logging_mixin.py:190} INFO - [2025-08-29T08:46:49.082+0000] {dag.py:3239} INFO - Sync 2 DAGs
[2025-08-29T08:46:49.103+0000] {logging_mixin.py:190} INFO - [2025-08-29T08:46:49.102+0000] {dag.py:4180} INFO - Setting next_dagrun for read_dataset_event to 2025-08-28 00:00:00+00:00, run_after=2025-08-29 00:00:00+00:00
[2025-08-29T08:46:49.106+0000] {logging_mixin.py:190} INFO - [2025-08-29T08:46:49.105+0000] {dag.py:4180} INFO - Setting next_dagrun for read_dataset_event_from_classic to 2025-08-28 00:00:00+00:00, run_after=2025-08-29 00:00:00+00:00
[2025-08-29T08:46:49.120+0000] {processor.py:208} INFO - Processing /home/airflow/.local/lib/python3.12/site-packages/airflow/example_dags/example_inlet_event_extra.py took 0.163 seconds
[2025-08-29T08:47:19.248+0000] {processor.py:186} INFO - Started process (PID=32633) to work on /home/airflow/.local/lib/python3.12/site-packages/airflow/example_dags/example_inlet_event_extra.py
[2025-08-29T08:47:19.248+0000] {processor.py:914} INFO - Processing file /home/airflow/.local/lib/python3.12/site-packages/airflow/example_dags/example_inlet_event_extra.py for tasks to queue
[2025-08-29T08:47:19.250+0000] {logging_mixin.py:190} INFO - [2025-08-29T08:47:19.250+0000] {dagbag.py:588} INFO - Filling up the DagBag from /home/airflow/.local/lib/python3.12/site-packages/airflow/example_dags/example_inlet_event_extra.py
[2025-08-29T08:47:19.338+0000] {processor.py:925} INFO - DAG(s) 'read_dataset_event', 'read_dataset_event_from_classic' retrieved from /home/airflow/.local/lib/python3.12/site-packages/airflow/example_dags/example_inlet_event_extra.py
[2025-08-29T08:47:19.358+0000] {logging_mixin.py:190} INFO - [2025-08-29T08:47:19.358+0000] {dag.py:3239} INFO - Sync 2 DAGs
[2025-08-29T08:47:19.379+0000] {logging_mixin.py:190} INFO - [2025-08-29T08:47:19.379+0000] {dag.py:4180} INFO - Setting next_dagrun for read_dataset_event to 2025-08-28 00:00:00+00:00, run_after=2025-08-29 00:00:00+00:00
[2025-08-29T08:47:19.386+0000] {logging_mixin.py:190} INFO - [2025-08-29T08:47:19.385+0000] {dag.py:4180} INFO - Setting next_dagrun for read_dataset_event_from_classic to 2025-08-28 00:00:00+00:00, run_after=2025-08-29 00:00:00+00:00
[2025-08-29T08:47:19.408+0000] {processor.py:208} INFO - Processing /home/airflow/.local/lib/python3.12/site-packages/airflow/example_dags/example_inlet_event_extra.py took 0.164 seconds
[2025-08-29T08:47:49.727+0000] {processor.py:186} INFO - Started process (PID=32697) to work on /home/airflow/.local/lib/python3.12/site-packages/airflow/example_dags/example_inlet_event_extra.py
[2025-08-29T08:47:49.727+0000] {processor.py:914} INFO - Processing file /home/airflow/.local/lib/python3.12/site-packages/airflow/example_dags/example_inlet_event_extra.py for tasks to queue
[2025-08-29T08:47:49.729+0000] {logging_mixin.py:190} INFO - [2025-08-29T08:47:49.729+0000] {dagbag.py:588} INFO - Filling up the DagBag from /home/airflow/.local/lib/python3.12/site-packages/airflow/example_dags/example_inlet_event_extra.py
[2025-08-29T08:47:49.813+0000] {processor.py:925} INFO - DAG(s) 'read_dataset_event', 'read_dataset_event_from_classic' retrieved from /home/airflow/.local/lib/python3.12/site-packages/airflow/example_dags/example_inlet_event_extra.py
[2025-08-29T08:47:49.833+0000] {logging_mixin.py:190} INFO - [2025-08-29T08:47:49.833+0000] {dag.py:3239} INFO - Sync 2 DAGs
[2025-08-29T08:47:49.861+0000] {logging_mixin.py:190} INFO - [2025-08-29T08:47:49.861+0000] {dag.py:4180} INFO - Setting next_dagrun for read_dataset_event to 2025-08-28 00:00:00+00:00, run_after=2025-08-29 00:00:00+00:00
[2025-08-29T08:47:49.867+0000] {logging_mixin.py:190} INFO - [2025-08-29T08:47:49.867+0000] {dag.py:4180} INFO - Setting next_dagrun for read_dataset_event_from_classic to 2025-08-28 00:00:00+00:00, run_after=2025-08-29 00:00:00+00:00
[2025-08-29T08:47:49.882+0000] {processor.py:208} INFO - Processing /home/airflow/.local/lib/python3.12/site-packages/airflow/example_dags/example_inlet_event_extra.py took 0.161 seconds
[2025-08-29T08:48:20.221+0000] {processor.py:186} INFO - Started process (PID=32761) to work on /home/airflow/.local/lib/python3.12/site-packages/airflow/example_dags/example_inlet_event_extra.py
[2025-08-29T08:48:20.222+0000] {processor.py:914} INFO - Processing file /home/airflow/.local/lib/python3.12/site-packages/airflow/example_dags/example_inlet_event_extra.py for tasks to queue
[2025-08-29T08:48:20.223+0000] {logging_mixin.py:190} INFO - [2025-08-29T08:48:20.223+0000] {dagbag.py:588} INFO - Filling up the DagBag from /home/airflow/.local/lib/python3.12/site-packages/airflow/example_dags/example_inlet_event_extra.py
[2025-08-29T08:48:20.313+0000] {processor.py:925} INFO - DAG(s) 'read_dataset_event', 'read_dataset_event_from_classic' retrieved from /home/airflow/.local/lib/python3.12/site-packages/airflow/example_dags/example_inlet_event_extra.py
[2025-08-29T08:48:20.332+0000] {logging_mixin.py:190} INFO - [2025-08-29T08:48:20.331+0000] {dag.py:3239} INFO - Sync 2 DAGs
[2025-08-29T08:48:20.355+0000] {logging_mixin.py:190} INFO - [2025-08-29T08:48:20.354+0000] {dag.py:4180} INFO - Setting next_dagrun for read_dataset_event to 2025-08-28 00:00:00+00:00, run_after=2025-08-29 00:00:00+00:00
[2025-08-29T08:48:20.359+0000] {logging_mixin.py:190} INFO - [2025-08-29T08:48:20.359+0000] {dag.py:4180} INFO - Setting next_dagrun for read_dataset_event_from_classic to 2025-08-28 00:00:00+00:00, run_after=2025-08-29 00:00:00+00:00
[2025-08-29T08:48:20.377+0000] {processor.py:208} INFO - Processing /home/airflow/.local/lib/python3.12/site-packages/airflow/example_dags/example_inlet_event_extra.py took 0.159 seconds
[2025-08-29T08:48:50.538+0000] {processor.py:186} INFO - Started process (PID=32825) to work on /home/airflow/.local/lib/python3.12/site-packages/airflow/example_dags/example_inlet_event_extra.py
[2025-08-29T08:48:50.539+0000] {processor.py:914} INFO - Processing file /home/airflow/.local/lib/python3.12/site-packages/airflow/example_dags/example_inlet_event_extra.py for tasks to queue
[2025-08-29T08:48:50.541+0000] {logging_mixin.py:190} INFO - [2025-08-29T08:48:50.541+0000] {dagbag.py:588} INFO - Filling up the DagBag from /home/airflow/.local/lib/python3.12/site-packages/airflow/example_dags/example_inlet_event_extra.py
[2025-08-29T08:48:50.632+0000] {processor.py:925} INFO - DAG(s) 'read_dataset_event', 'read_dataset_event_from_classic' retrieved from /home/airflow/.local/lib/python3.12/site-packages/airflow/example_dags/example_inlet_event_extra.py
[2025-08-29T08:48:50.647+0000] {logging_mixin.py:190} INFO - [2025-08-29T08:48:50.647+0000] {dag.py:3239} INFO - Sync 2 DAGs
[2025-08-29T08:48:50.667+0000] {logging_mixin.py:190} INFO - [2025-08-29T08:48:50.667+0000] {dag.py:4180} INFO - Setting next_dagrun for read_dataset_event to 2025-08-28 00:00:00+00:00, run_after=2025-08-29 00:00:00+00:00
[2025-08-29T08:48:50.670+0000] {logging_mixin.py:190} INFO - [2025-08-29T08:48:50.670+0000] {dag.py:4180} INFO - Setting next_dagrun for read_dataset_event_from_classic to 2025-08-28 00:00:00+00:00, run_after=2025-08-29 00:00:00+00:00
[2025-08-29T08:48:50.686+0000] {processor.py:208} INFO - Processing /home/airflow/.local/lib/python3.12/site-packages/airflow/example_dags/example_inlet_event_extra.py took 0.155 seconds
[2025-08-29T08:49:20.866+0000] {processor.py:186} INFO - Started process (PID=32889) to work on /home/airflow/.local/lib/python3.12/site-packages/airflow/example_dags/example_inlet_event_extra.py
[2025-08-29T08:49:20.867+0000] {processor.py:914} INFO - Processing file /home/airflow/.local/lib/python3.12/site-packages/airflow/example_dags/example_inlet_event_extra.py for tasks to queue
[2025-08-29T08:49:20.868+0000] {logging_mixin.py:190} INFO - [2025-08-29T08:49:20.868+0000] {dagbag.py:588} INFO - Filling up the DagBag from /home/airflow/.local/lib/python3.12/site-packages/airflow/example_dags/example_inlet_event_extra.py
[2025-08-29T08:49:20.958+0000] {processor.py:925} INFO - DAG(s) 'read_dataset_event_from_classic', 'read_dataset_event' retrieved from /home/airflow/.local/lib/python3.12/site-packages/airflow/example_dags/example_inlet_event_extra.py
[2025-08-29T08:49:20.978+0000] {logging_mixin.py:190} INFO - [2025-08-29T08:49:20.977+0000] {dag.py:3239} INFO - Sync 2 DAGs
[2025-08-29T08:49:20.993+0000] {logging_mixin.py:190} INFO - [2025-08-29T08:49:20.992+0000] {dag.py:4180} INFO - Setting next_dagrun for read_dataset_event to 2025-08-28 00:00:00+00:00, run_after=2025-08-29 00:00:00+00:00
[2025-08-29T08:49:20.997+0000] {logging_mixin.py:190} INFO - [2025-08-29T08:49:20.997+0000] {dag.py:4180} INFO - Setting next_dagrun for read_dataset_event_from_classic to 2025-08-28 00:00:00+00:00, run_after=2025-08-29 00:00:00+00:00
[2025-08-29T08:49:21.013+0000] {processor.py:208} INFO - Processing /home/airflow/.local/lib/python3.12/site-packages/airflow/example_dags/example_inlet_event_extra.py took 0.150 seconds
[2025-08-29T08:49:51.515+0000] {processor.py:186} INFO - Started process (PID=32953) to work on /home/airflow/.local/lib/python3.12/site-packages/airflow/example_dags/example_inlet_event_extra.py
[2025-08-29T08:49:51.516+0000] {processor.py:914} INFO - Processing file /home/airflow/.local/lib/python3.12/site-packages/airflow/example_dags/example_inlet_event_extra.py for tasks to queue
[2025-08-29T08:49:51.517+0000] {logging_mixin.py:190} INFO - [2025-08-29T08:49:51.517+0000] {dagbag.py:588} INFO - Filling up the DagBag from /home/airflow/.local/lib/python3.12/site-packages/airflow/example_dags/example_inlet_event_extra.py
[2025-08-29T08:49:51.606+0000] {processor.py:925} INFO - DAG(s) 'read_dataset_event_from_classic', 'read_dataset_event' retrieved from /home/airflow/.local/lib/python3.12/site-packages/airflow/example_dags/example_inlet_event_extra.py
[2025-08-29T08:49:51.626+0000] {logging_mixin.py:190} INFO - [2025-08-29T08:49:51.626+0000] {dag.py:3239} INFO - Sync 2 DAGs
[2025-08-29T08:49:51.645+0000] {logging_mixin.py:190} INFO - [2025-08-29T08:49:51.645+0000] {dag.py:4180} INFO - Setting next_dagrun for read_dataset_event to 2025-08-28 00:00:00+00:00, run_after=2025-08-29 00:00:00+00:00
[2025-08-29T08:49:51.648+0000] {logging_mixin.py:190} INFO - [2025-08-29T08:49:51.648+0000] {dag.py:4180} INFO - Setting next_dagrun for read_dataset_event_from_classic to 2025-08-28 00:00:00+00:00, run_after=2025-08-29 00:00:00+00:00
[2025-08-29T08:49:51.659+0000] {processor.py:208} INFO - Processing /home/airflow/.local/lib/python3.12/site-packages/airflow/example_dags/example_inlet_event_extra.py took 0.148 seconds
[2025-08-29T08:50:22.010+0000] {processor.py:186} INFO - Started process (PID=33017) to work on /home/airflow/.local/lib/python3.12/site-packages/airflow/example_dags/example_inlet_event_extra.py
[2025-08-29T08:50:22.011+0000] {processor.py:914} INFO - Processing file /home/airflow/.local/lib/python3.12/site-packages/airflow/example_dags/example_inlet_event_extra.py for tasks to queue
[2025-08-29T08:50:22.012+0000] {logging_mixin.py:190} INFO - [2025-08-29T08:50:22.012+0000] {dagbag.py:588} INFO - Filling up the DagBag from /home/airflow/.local/lib/python3.12/site-packages/airflow/example_dags/example_inlet_event_extra.py
[2025-08-29T08:50:22.104+0000] {processor.py:925} INFO - DAG(s) 'read_dataset_event_from_classic', 'read_dataset_event' retrieved from /home/airflow/.local/lib/python3.12/site-packages/airflow/example_dags/example_inlet_event_extra.py
[2025-08-29T08:50:22.127+0000] {logging_mixin.py:190} INFO - [2025-08-29T08:50:22.126+0000] {dag.py:3239} INFO - Sync 2 DAGs
[2025-08-29T08:50:22.156+0000] {logging_mixin.py:190} INFO - [2025-08-29T08:50:22.156+0000] {dag.py:4180} INFO - Setting next_dagrun for read_dataset_event to 2025-08-28 00:00:00+00:00, run_after=2025-08-29 00:00:00+00:00
[2025-08-29T08:50:22.162+0000] {logging_mixin.py:190} INFO - [2025-08-29T08:50:22.162+0000] {dag.py:4180} INFO - Setting next_dagrun for read_dataset_event_from_classic to 2025-08-28 00:00:00+00:00, run_after=2025-08-29 00:00:00+00:00
[2025-08-29T08:50:22.178+0000] {processor.py:208} INFO - Processing /home/airflow/.local/lib/python3.12/site-packages/airflow/example_dags/example_inlet_event_extra.py took 0.172 seconds
[2025-08-29T08:50:52.227+0000] {processor.py:186} INFO - Started process (PID=33082) to work on /home/airflow/.local/lib/python3.12/site-packages/airflow/example_dags/example_inlet_event_extra.py
[2025-08-29T08:50:52.228+0000] {processor.py:914} INFO - Processing file /home/airflow/.local/lib/python3.12/site-packages/airflow/example_dags/example_inlet_event_extra.py for tasks to queue
[2025-08-29T08:50:52.230+0000] {logging_mixin.py:190} INFO - [2025-08-29T08:50:52.230+0000] {dagbag.py:588} INFO - Filling up the DagBag from /home/airflow/.local/lib/python3.12/site-packages/airflow/example_dags/example_inlet_event_extra.py
[2025-08-29T08:50:52.321+0000] {processor.py:925} INFO - DAG(s) 'read_dataset_event_from_classic', 'read_dataset_event' retrieved from /home/airflow/.local/lib/python3.12/site-packages/airflow/example_dags/example_inlet_event_extra.py
[2025-08-29T08:50:52.343+0000] {logging_mixin.py:190} INFO - [2025-08-29T08:50:52.343+0000] {dag.py:3239} INFO - Sync 2 DAGs
[2025-08-29T08:50:52.361+0000] {logging_mixin.py:190} INFO - [2025-08-29T08:50:52.360+0000] {dag.py:4180} INFO - Setting next_dagrun for read_dataset_event to 2025-08-28 00:00:00+00:00, run_after=2025-08-29 00:00:00+00:00
[2025-08-29T08:50:52.366+0000] {logging_mixin.py:190} INFO - [2025-08-29T08:50:52.365+0000] {dag.py:4180} INFO - Setting next_dagrun for read_dataset_event_from_classic to 2025-08-28 00:00:00+00:00, run_after=2025-08-29 00:00:00+00:00
[2025-08-29T08:50:52.380+0000] {processor.py:208} INFO - Processing /home/airflow/.local/lib/python3.12/site-packages/airflow/example_dags/example_inlet_event_extra.py took 0.159 seconds
[2025-08-29T08:51:22.465+0000] {processor.py:186} INFO - Started process (PID=33145) to work on /home/airflow/.local/lib/python3.12/site-packages/airflow/example_dags/example_inlet_event_extra.py
[2025-08-29T08:51:22.466+0000] {processor.py:914} INFO - Processing file /home/airflow/.local/lib/python3.12/site-packages/airflow/example_dags/example_inlet_event_extra.py for tasks to queue
[2025-08-29T08:51:22.467+0000] {logging_mixin.py:190} INFO - [2025-08-29T08:51:22.467+0000] {dagbag.py:588} INFO - Filling up the DagBag from /home/airflow/.local/lib/python3.12/site-packages/airflow/example_dags/example_inlet_event_extra.py
[2025-08-29T08:51:22.555+0000] {processor.py:925} INFO - DAG(s) 'read_dataset_event_from_classic', 'read_dataset_event' retrieved from /home/airflow/.local/lib/python3.12/site-packages/airflow/example_dags/example_inlet_event_extra.py
[2025-08-29T08:51:22.575+0000] {logging_mixin.py:190} INFO - [2025-08-29T08:51:22.575+0000] {dag.py:3239} INFO - Sync 2 DAGs
[2025-08-29T08:51:22.599+0000] {logging_mixin.py:190} INFO - [2025-08-29T08:51:22.599+0000] {dag.py:4180} INFO - Setting next_dagrun for read_dataset_event to 2025-08-28 00:00:00+00:00, run_after=2025-08-29 00:00:00+00:00
[2025-08-29T08:51:22.603+0000] {logging_mixin.py:190} INFO - [2025-08-29T08:51:22.603+0000] {dag.py:4180} INFO - Setting next_dagrun for read_dataset_event_from_classic to 2025-08-28 00:00:00+00:00, run_after=2025-08-29 00:00:00+00:00
[2025-08-29T08:51:22.616+0000] {processor.py:208} INFO - Processing /home/airflow/.local/lib/python3.12/site-packages/airflow/example_dags/example_inlet_event_extra.py took 0.156 seconds
[2025-08-29T08:51:52.831+0000] {processor.py:186} INFO - Started process (PID=33209) to work on /home/airflow/.local/lib/python3.12/site-packages/airflow/example_dags/example_inlet_event_extra.py
[2025-08-29T08:51:52.832+0000] {processor.py:914} INFO - Processing file /home/airflow/.local/lib/python3.12/site-packages/airflow/example_dags/example_inlet_event_extra.py for tasks to queue
[2025-08-29T08:51:52.833+0000] {logging_mixin.py:190} INFO - [2025-08-29T08:51:52.833+0000] {dagbag.py:588} INFO - Filling up the DagBag from /home/airflow/.local/lib/python3.12/site-packages/airflow/example_dags/example_inlet_event_extra.py
[2025-08-29T08:51:52.923+0000] {processor.py:925} INFO - DAG(s) 'read_dataset_event_from_classic', 'read_dataset_event' retrieved from /home/airflow/.local/lib/python3.12/site-packages/airflow/example_dags/example_inlet_event_extra.py
[2025-08-29T08:51:52.941+0000] {logging_mixin.py:190} INFO - [2025-08-29T08:51:52.941+0000] {dag.py:3239} INFO - Sync 2 DAGs
[2025-08-29T08:51:52.960+0000] {logging_mixin.py:190} INFO - [2025-08-29T08:51:52.960+0000] {dag.py:4180} INFO - Setting next_dagrun for read_dataset_event to 2025-08-28 00:00:00+00:00, run_after=2025-08-29 00:00:00+00:00
[2025-08-29T08:51:52.964+0000] {logging_mixin.py:190} INFO - [2025-08-29T08:51:52.963+0000] {dag.py:4180} INFO - Setting next_dagrun for read_dataset_event_from_classic to 2025-08-28 00:00:00+00:00, run_after=2025-08-29 00:00:00+00:00
[2025-08-29T08:51:52.978+0000] {processor.py:208} INFO - Processing /home/airflow/.local/lib/python3.12/site-packages/airflow/example_dags/example_inlet_event_extra.py took 0.152 seconds
[2025-08-29T08:52:23.038+0000] {processor.py:186} INFO - Started process (PID=33273) to work on /home/airflow/.local/lib/python3.12/site-packages/airflow/example_dags/example_inlet_event_extra.py
[2025-08-29T08:52:23.039+0000] {processor.py:914} INFO - Processing file /home/airflow/.local/lib/python3.12/site-packages/airflow/example_dags/example_inlet_event_extra.py for tasks to queue
[2025-08-29T08:52:23.041+0000] {logging_mixin.py:190} INFO - [2025-08-29T08:52:23.040+0000] {dagbag.py:588} INFO - Filling up the DagBag from /home/airflow/.local/lib/python3.12/site-packages/airflow/example_dags/example_inlet_event_extra.py
[2025-08-29T08:52:23.127+0000] {processor.py:925} INFO - DAG(s) 'read_dataset_event', 'read_dataset_event_from_classic' retrieved from /home/airflow/.local/lib/python3.12/site-packages/airflow/example_dags/example_inlet_event_extra.py
[2025-08-29T08:52:23.147+0000] {logging_mixin.py:190} INFO - [2025-08-29T08:52:23.147+0000] {dag.py:3239} INFO - Sync 2 DAGs
[2025-08-29T08:52:23.176+0000] {logging_mixin.py:190} INFO - [2025-08-29T08:52:23.175+0000] {dag.py:4180} INFO - Setting next_dagrun for read_dataset_event to 2025-08-28 00:00:00+00:00, run_after=2025-08-29 00:00:00+00:00
[2025-08-29T08:52:23.182+0000] {logging_mixin.py:190} INFO - [2025-08-29T08:52:23.181+0000] {dag.py:4180} INFO - Setting next_dagrun for read_dataset_event_from_classic to 2025-08-28 00:00:00+00:00, run_after=2025-08-29 00:00:00+00:00
[2025-08-29T08:52:23.194+0000] {processor.py:208} INFO - Processing /home/airflow/.local/lib/python3.12/site-packages/airflow/example_dags/example_inlet_event_extra.py took 0.161 seconds
[2025-08-29T08:52:53.326+0000] {processor.py:186} INFO - Started process (PID=33337) to work on /home/airflow/.local/lib/python3.12/site-packages/airflow/example_dags/example_inlet_event_extra.py
[2025-08-29T08:52:53.327+0000] {processor.py:914} INFO - Processing file /home/airflow/.local/lib/python3.12/site-packages/airflow/example_dags/example_inlet_event_extra.py for tasks to queue
[2025-08-29T08:52:53.329+0000] {logging_mixin.py:190} INFO - [2025-08-29T08:52:53.329+0000] {dagbag.py:588} INFO - Filling up the DagBag from /home/airflow/.local/lib/python3.12/site-packages/airflow/example_dags/example_inlet_event_extra.py
[2025-08-29T08:52:53.418+0000] {processor.py:925} INFO - DAG(s) 'read_dataset_event', 'read_dataset_event_from_classic' retrieved from /home/airflow/.local/lib/python3.12/site-packages/airflow/example_dags/example_inlet_event_extra.py
[2025-08-29T08:52:53.439+0000] {logging_mixin.py:190} INFO - [2025-08-29T08:52:53.438+0000] {dag.py:3239} INFO - Sync 2 DAGs
[2025-08-29T08:52:53.461+0000] {logging_mixin.py:190} INFO - [2025-08-29T08:52:53.461+0000] {dag.py:4180} INFO - Setting next_dagrun for read_dataset_event to 2025-08-28 00:00:00+00:00, run_after=2025-08-29 00:00:00+00:00
[2025-08-29T08:52:53.468+0000] {logging_mixin.py:190} INFO - [2025-08-29T08:52:53.468+0000] {dag.py:4180} INFO - Setting next_dagrun for read_dataset_event_from_classic to 2025-08-28 00:00:00+00:00, run_after=2025-08-29 00:00:00+00:00
[2025-08-29T08:52:53.484+0000] {processor.py:208} INFO - Processing /home/airflow/.local/lib/python3.12/site-packages/airflow/example_dags/example_inlet_event_extra.py took 0.163 seconds
[2025-08-29T08:53:23.765+0000] {processor.py:186} INFO - Started process (PID=33401) to work on /home/airflow/.local/lib/python3.12/site-packages/airflow/example_dags/example_inlet_event_extra.py
[2025-08-29T08:53:23.766+0000] {processor.py:914} INFO - Processing file /home/airflow/.local/lib/python3.12/site-packages/airflow/example_dags/example_inlet_event_extra.py for tasks to queue
[2025-08-29T08:53:23.767+0000] {logging_mixin.py:190} INFO - [2025-08-29T08:53:23.767+0000] {dagbag.py:588} INFO - Filling up the DagBag from /home/airflow/.local/lib/python3.12/site-packages/airflow/example_dags/example_inlet_event_extra.py
[2025-08-29T08:53:23.855+0000] {processor.py:925} INFO - DAG(s) 'read_dataset_event', 'read_dataset_event_from_classic' retrieved from /home/airflow/.local/lib/python3.12/site-packages/airflow/example_dags/example_inlet_event_extra.py
[2025-08-29T08:53:23.878+0000] {logging_mixin.py:190} INFO - [2025-08-29T08:53:23.878+0000] {dag.py:3239} INFO - Sync 2 DAGs
[2025-08-29T08:53:23.903+0000] {logging_mixin.py:190} INFO - [2025-08-29T08:53:23.903+0000] {dag.py:4180} INFO - Setting next_dagrun for read_dataset_event to 2025-08-28 00:00:00+00:00, run_after=2025-08-29 00:00:00+00:00
[2025-08-29T08:53:23.910+0000] {logging_mixin.py:190} INFO - [2025-08-29T08:53:23.910+0000] {dag.py:4180} INFO - Setting next_dagrun for read_dataset_event_from_classic to 2025-08-28 00:00:00+00:00, run_after=2025-08-29 00:00:00+00:00
[2025-08-29T08:53:23.928+0000] {processor.py:208} INFO - Processing /home/airflow/.local/lib/python3.12/site-packages/airflow/example_dags/example_inlet_event_extra.py took 0.167 seconds
[2025-08-29T08:53:54.181+0000] {processor.py:186} INFO - Started process (PID=33465) to work on /home/airflow/.local/lib/python3.12/site-packages/airflow/example_dags/example_inlet_event_extra.py
[2025-08-29T08:53:54.181+0000] {processor.py:914} INFO - Processing file /home/airflow/.local/lib/python3.12/site-packages/airflow/example_dags/example_inlet_event_extra.py for tasks to queue
[2025-08-29T08:53:54.183+0000] {logging_mixin.py:190} INFO - [2025-08-29T08:53:54.183+0000] {dagbag.py:588} INFO - Filling up the DagBag from /home/airflow/.local/lib/python3.12/site-packages/airflow/example_dags/example_inlet_event_extra.py
[2025-08-29T08:53:54.285+0000] {processor.py:925} INFO - DAG(s) 'read_dataset_event_from_classic', 'read_dataset_event' retrieved from /home/airflow/.local/lib/python3.12/site-packages/airflow/example_dags/example_inlet_event_extra.py
[2025-08-29T08:53:54.309+0000] {logging_mixin.py:190} INFO - [2025-08-29T08:53:54.309+0000] {dag.py:3239} INFO - Sync 2 DAGs
[2025-08-29T08:53:54.338+0000] {logging_mixin.py:190} INFO - [2025-08-29T08:53:54.337+0000] {dag.py:4180} INFO - Setting next_dagrun for read_dataset_event to 2025-08-28 00:00:00+00:00, run_after=2025-08-29 00:00:00+00:00
[2025-08-29T08:53:54.343+0000] {logging_mixin.py:190} INFO - [2025-08-29T08:53:54.343+0000] {dag.py:4180} INFO - Setting next_dagrun for read_dataset_event_from_classic to 2025-08-28 00:00:00+00:00, run_after=2025-08-29 00:00:00+00:00
[2025-08-29T08:53:54.359+0000] {processor.py:208} INFO - Processing /home/airflow/.local/lib/python3.12/site-packages/airflow/example_dags/example_inlet_event_extra.py took 0.184 seconds
