[2025-08-29T08:40:39.141+0000] {processor.py:186} INFO - Started process (PID=31784) to work on /home/airflow/.local/lib/python3.12/site-packages/airflow/example_dags/example_branch_operator_decorator.py
[2025-08-29T08:40:39.142+0000] {processor.py:914} INFO - Processing file /home/airflow/.local/lib/python3.12/site-packages/airflow/example_dags/example_branch_operator_decorator.py for tasks to queue
[2025-08-29T08:40:39.144+0000] {logging_mixin.py:190} INFO - [2025-08-29T08:40:39.144+0000] {dagbag.py:588} INFO - Filling up the DagBag from /home/airflow/.local/lib/python3.12/site-packages/airflow/example_dags/example_branch_operator_decorator.py
[2025-08-29T08:40:39.166+0000] {processor.py:925} INFO - DAG(s) 'example_branch_python_operator_decorator' retrieved from /home/airflow/.local/lib/python3.12/site-packages/airflow/example_dags/example_branch_operator_decorator.py
[2025-08-29T08:40:39.201+0000] {logging_mixin.py:190} INFO - [2025-08-29T08:40:39.200+0000] {dag.py:3239} INFO - Sync 1 DAGs
[2025-08-29T08:40:39.234+0000] {logging_mixin.py:190} INFO - [2025-08-29T08:40:39.233+0000] {dag.py:4180} INFO - Setting next_dagrun for example_branch_python_operator_decorator to 2025-08-28 00:00:00+00:00, run_after=2025-08-29 00:00:00+00:00
[2025-08-29T08:40:39.261+0000] {processor.py:208} INFO - Processing /home/airflow/.local/lib/python3.12/site-packages/airflow/example_dags/example_branch_operator_decorator.py took 0.127 seconds
[2025-08-29T08:41:10.355+0000] {processor.py:186} INFO - Started process (PID=31848) to work on /home/airflow/.local/lib/python3.12/site-packages/airflow/example_dags/example_branch_operator_decorator.py
[2025-08-29T08:41:10.356+0000] {processor.py:914} INFO - Processing file /home/airflow/.local/lib/python3.12/site-packages/airflow/example_dags/example_branch_operator_decorator.py for tasks to queue
[2025-08-29T08:41:10.358+0000] {logging_mixin.py:190} INFO - [2025-08-29T08:41:10.358+0000] {dagbag.py:588} INFO - Filling up the DagBag from /home/airflow/.local/lib/python3.12/site-packages/airflow/example_dags/example_branch_operator_decorator.py
[2025-08-29T08:41:10.382+0000] {processor.py:925} INFO - DAG(s) 'example_branch_python_operator_decorator' retrieved from /home/airflow/.local/lib/python3.12/site-packages/airflow/example_dags/example_branch_operator_decorator.py
[2025-08-29T08:41:10.413+0000] {logging_mixin.py:190} INFO - [2025-08-29T08:41:10.413+0000] {dag.py:3239} INFO - Sync 1 DAGs
[2025-08-29T08:41:10.437+0000] {logging_mixin.py:190} INFO - [2025-08-29T08:41:10.436+0000] {dag.py:4180} INFO - Setting next_dagrun for example_branch_python_operator_decorator to 2025-08-28 00:00:00+00:00, run_after=2025-08-29 00:00:00+00:00
[2025-08-29T08:41:10.454+0000] {processor.py:208} INFO - Processing /home/airflow/.local/lib/python3.12/site-packages/airflow/example_dags/example_branch_operator_decorator.py took 0.107 seconds
[2025-08-29T08:41:41.318+0000] {processor.py:186} INFO - Started process (PID=31912) to work on /home/airflow/.local/lib/python3.12/site-packages/airflow/example_dags/example_branch_operator_decorator.py
[2025-08-29T08:41:41.319+0000] {processor.py:914} INFO - Processing file /home/airflow/.local/lib/python3.12/site-packages/airflow/example_dags/example_branch_operator_decorator.py for tasks to queue
[2025-08-29T08:41:41.322+0000] {logging_mixin.py:190} INFO - [2025-08-29T08:41:41.321+0000] {dagbag.py:588} INFO - Filling up the DagBag from /home/airflow/.local/lib/python3.12/site-packages/airflow/example_dags/example_branch_operator_decorator.py
[2025-08-29T08:41:41.357+0000] {processor.py:925} INFO - DAG(s) 'example_branch_python_operator_decorator' retrieved from /home/airflow/.local/lib/python3.12/site-packages/airflow/example_dags/example_branch_operator_decorator.py
[2025-08-29T08:41:41.402+0000] {logging_mixin.py:190} INFO - [2025-08-29T08:41:41.401+0000] {dag.py:3239} INFO - Sync 1 DAGs
[2025-08-29T08:41:41.448+0000] {logging_mixin.py:190} INFO - [2025-08-29T08:41:41.447+0000] {dag.py:4180} INFO - Setting next_dagrun for example_branch_python_operator_decorator to 2025-08-28 00:00:00+00:00, run_after=2025-08-29 00:00:00+00:00
[2025-08-29T08:41:41.474+0000] {processor.py:208} INFO - Processing /home/airflow/.local/lib/python3.12/site-packages/airflow/example_dags/example_branch_operator_decorator.py took 0.166 seconds
[2025-08-29T08:42:11.530+0000] {processor.py:186} INFO - Started process (PID=31976) to work on /home/airflow/.local/lib/python3.12/site-packages/airflow/example_dags/example_branch_operator_decorator.py
[2025-08-29T08:42:11.531+0000] {processor.py:914} INFO - Processing file /home/airflow/.local/lib/python3.12/site-packages/airflow/example_dags/example_branch_operator_decorator.py for tasks to queue
[2025-08-29T08:42:11.533+0000] {logging_mixin.py:190} INFO - [2025-08-29T08:42:11.532+0000] {dagbag.py:588} INFO - Filling up the DagBag from /home/airflow/.local/lib/python3.12/site-packages/airflow/example_dags/example_branch_operator_decorator.py
[2025-08-29T08:42:11.553+0000] {processor.py:925} INFO - DAG(s) 'example_branch_python_operator_decorator' retrieved from /home/airflow/.local/lib/python3.12/site-packages/airflow/example_dags/example_branch_operator_decorator.py
[2025-08-29T08:42:11.589+0000] {logging_mixin.py:190} INFO - [2025-08-29T08:42:11.588+0000] {dag.py:3239} INFO - Sync 1 DAGs
[2025-08-29T08:42:11.625+0000] {logging_mixin.py:190} INFO - [2025-08-29T08:42:11.625+0000] {dag.py:4180} INFO - Setting next_dagrun for example_branch_python_operator_decorator to 2025-08-28 00:00:00+00:00, run_after=2025-08-29 00:00:00+00:00
[2025-08-29T08:42:11.653+0000] {processor.py:208} INFO - Processing /home/airflow/.local/lib/python3.12/site-packages/airflow/example_dags/example_branch_operator_decorator.py took 0.131 seconds
[2025-08-29T08:42:42.390+0000] {processor.py:186} INFO - Started process (PID=32040) to work on /home/airflow/.local/lib/python3.12/site-packages/airflow/example_dags/example_branch_operator_decorator.py
[2025-08-29T08:42:42.391+0000] {processor.py:914} INFO - Processing file /home/airflow/.local/lib/python3.12/site-packages/airflow/example_dags/example_branch_operator_decorator.py for tasks to queue
[2025-08-29T08:42:42.394+0000] {logging_mixin.py:190} INFO - [2025-08-29T08:42:42.394+0000] {dagbag.py:588} INFO - Filling up the DagBag from /home/airflow/.local/lib/python3.12/site-packages/airflow/example_dags/example_branch_operator_decorator.py
[2025-08-29T08:42:42.428+0000] {processor.py:925} INFO - DAG(s) 'example_branch_python_operator_decorator' retrieved from /home/airflow/.local/lib/python3.12/site-packages/airflow/example_dags/example_branch_operator_decorator.py
[2025-08-29T08:42:42.468+0000] {logging_mixin.py:190} INFO - [2025-08-29T08:42:42.468+0000] {dag.py:3239} INFO - Sync 1 DAGs
[2025-08-29T08:42:42.503+0000] {logging_mixin.py:190} INFO - [2025-08-29T08:42:42.503+0000] {dag.py:4180} INFO - Setting next_dagrun for example_branch_python_operator_decorator to 2025-08-28 00:00:00+00:00, run_after=2025-08-29 00:00:00+00:00
[2025-08-29T08:42:42.529+0000] {processor.py:208} INFO - Processing /home/airflow/.local/lib/python3.12/site-packages/airflow/example_dags/example_branch_operator_decorator.py took 0.147 seconds
[2025-08-29T08:43:12.839+0000] {processor.py:186} INFO - Started process (PID=32104) to work on /home/airflow/.local/lib/python3.12/site-packages/airflow/example_dags/example_branch_operator_decorator.py
[2025-08-29T08:43:12.840+0000] {processor.py:914} INFO - Processing file /home/airflow/.local/lib/python3.12/site-packages/airflow/example_dags/example_branch_operator_decorator.py for tasks to queue
[2025-08-29T08:43:12.842+0000] {logging_mixin.py:190} INFO - [2025-08-29T08:43:12.842+0000] {dagbag.py:588} INFO - Filling up the DagBag from /home/airflow/.local/lib/python3.12/site-packages/airflow/example_dags/example_branch_operator_decorator.py
[2025-08-29T08:43:12.862+0000] {processor.py:925} INFO - DAG(s) 'example_branch_python_operator_decorator' retrieved from /home/airflow/.local/lib/python3.12/site-packages/airflow/example_dags/example_branch_operator_decorator.py
[2025-08-29T08:43:12.895+0000] {logging_mixin.py:190} INFO - [2025-08-29T08:43:12.894+0000] {dag.py:3239} INFO - Sync 1 DAGs
[2025-08-29T08:43:12.928+0000] {logging_mixin.py:190} INFO - [2025-08-29T08:43:12.927+0000] {dag.py:4180} INFO - Setting next_dagrun for example_branch_python_operator_decorator to 2025-08-28 00:00:00+00:00, run_after=2025-08-29 00:00:00+00:00
[2025-08-29T08:43:12.953+0000] {processor.py:208} INFO - Processing /home/airflow/.local/lib/python3.12/site-packages/airflow/example_dags/example_branch_operator_decorator.py took 0.119 seconds
[2025-08-29T08:43:43.365+0000] {processor.py:186} INFO - Started process (PID=32168) to work on /home/airflow/.local/lib/python3.12/site-packages/airflow/example_dags/example_branch_operator_decorator.py
[2025-08-29T08:43:43.368+0000] {processor.py:914} INFO - Processing file /home/airflow/.local/lib/python3.12/site-packages/airflow/example_dags/example_branch_operator_decorator.py for tasks to queue
[2025-08-29T08:43:43.371+0000] {logging_mixin.py:190} INFO - [2025-08-29T08:43:43.370+0000] {dagbag.py:588} INFO - Filling up the DagBag from /home/airflow/.local/lib/python3.12/site-packages/airflow/example_dags/example_branch_operator_decorator.py
[2025-08-29T08:43:43.386+0000] {processor.py:925} INFO - DAG(s) 'example_branch_python_operator_decorator' retrieved from /home/airflow/.local/lib/python3.12/site-packages/airflow/example_dags/example_branch_operator_decorator.py
[2025-08-29T08:43:43.419+0000] {logging_mixin.py:190} INFO - [2025-08-29T08:43:43.419+0000] {dag.py:3239} INFO - Sync 1 DAGs
[2025-08-29T08:43:43.450+0000] {logging_mixin.py:190} INFO - [2025-08-29T08:43:43.450+0000] {dag.py:4180} INFO - Setting next_dagrun for example_branch_python_operator_decorator to 2025-08-28 00:00:00+00:00, run_after=2025-08-29 00:00:00+00:00
[2025-08-29T08:43:43.471+0000] {processor.py:208} INFO - Processing /home/airflow/.local/lib/python3.12/site-packages/airflow/example_dags/example_branch_operator_decorator.py took 0.111 seconds
[2025-08-29T08:44:14.202+0000] {processor.py:186} INFO - Started process (PID=32232) to work on /home/airflow/.local/lib/python3.12/site-packages/airflow/example_dags/example_branch_operator_decorator.py
[2025-08-29T08:44:14.202+0000] {processor.py:914} INFO - Processing file /home/airflow/.local/lib/python3.12/site-packages/airflow/example_dags/example_branch_operator_decorator.py for tasks to queue
[2025-08-29T08:44:14.203+0000] {logging_mixin.py:190} INFO - [2025-08-29T08:44:14.203+0000] {dagbag.py:588} INFO - Filling up the DagBag from /home/airflow/.local/lib/python3.12/site-packages/airflow/example_dags/example_branch_operator_decorator.py
[2025-08-29T08:44:14.215+0000] {processor.py:925} INFO - DAG(s) 'example_branch_python_operator_decorator' retrieved from /home/airflow/.local/lib/python3.12/site-packages/airflow/example_dags/example_branch_operator_decorator.py
[2025-08-29T08:44:14.238+0000] {logging_mixin.py:190} INFO - [2025-08-29T08:44:14.238+0000] {dag.py:3239} INFO - Sync 1 DAGs
[2025-08-29T08:44:14.253+0000] {logging_mixin.py:190} INFO - [2025-08-29T08:44:14.253+0000] {dag.py:4180} INFO - Setting next_dagrun for example_branch_python_operator_decorator to 2025-08-28 00:00:00+00:00, run_after=2025-08-29 00:00:00+00:00
[2025-08-29T08:44:14.263+0000] {processor.py:208} INFO - Processing /home/airflow/.local/lib/python3.12/site-packages/airflow/example_dags/example_branch_operator_decorator.py took 0.065 seconds
[2025-08-29T08:44:45.002+0000] {processor.py:186} INFO - Started process (PID=32296) to work on /home/airflow/.local/lib/python3.12/site-packages/airflow/example_dags/example_branch_operator_decorator.py
[2025-08-29T08:44:45.002+0000] {processor.py:914} INFO - Processing file /home/airflow/.local/lib/python3.12/site-packages/airflow/example_dags/example_branch_operator_decorator.py for tasks to queue
[2025-08-29T08:44:45.004+0000] {logging_mixin.py:190} INFO - [2025-08-29T08:44:45.004+0000] {dagbag.py:588} INFO - Filling up the DagBag from /home/airflow/.local/lib/python3.12/site-packages/airflow/example_dags/example_branch_operator_decorator.py
[2025-08-29T08:44:45.018+0000] {processor.py:925} INFO - DAG(s) 'example_branch_python_operator_decorator' retrieved from /home/airflow/.local/lib/python3.12/site-packages/airflow/example_dags/example_branch_operator_decorator.py
[2025-08-29T08:44:45.048+0000] {logging_mixin.py:190} INFO - [2025-08-29T08:44:45.047+0000] {dag.py:3239} INFO - Sync 1 DAGs
[2025-08-29T08:44:45.077+0000] {logging_mixin.py:190} INFO - [2025-08-29T08:44:45.077+0000] {dag.py:4180} INFO - Setting next_dagrun for example_branch_python_operator_decorator to 2025-08-28 00:00:00+00:00, run_after=2025-08-29 00:00:00+00:00
[2025-08-29T08:44:45.097+0000] {processor.py:208} INFO - Processing /home/airflow/.local/lib/python3.12/site-packages/airflow/example_dags/example_branch_operator_decorator.py took 0.099 seconds
[2025-08-29T08:45:15.399+0000] {processor.py:186} INFO - Started process (PID=32360) to work on /home/airflow/.local/lib/python3.12/site-packages/airflow/example_dags/example_branch_operator_decorator.py
[2025-08-29T08:45:15.400+0000] {processor.py:914} INFO - Processing file /home/airflow/.local/lib/python3.12/site-packages/airflow/example_dags/example_branch_operator_decorator.py for tasks to queue
[2025-08-29T08:45:15.401+0000] {logging_mixin.py:190} INFO - [2025-08-29T08:45:15.401+0000] {dagbag.py:588} INFO - Filling up the DagBag from /home/airflow/.local/lib/python3.12/site-packages/airflow/example_dags/example_branch_operator_decorator.py
[2025-08-29T08:45:15.423+0000] {processor.py:925} INFO - DAG(s) 'example_branch_python_operator_decorator' retrieved from /home/airflow/.local/lib/python3.12/site-packages/airflow/example_dags/example_branch_operator_decorator.py
[2025-08-29T08:45:15.448+0000] {logging_mixin.py:190} INFO - [2025-08-29T08:45:15.447+0000] {dag.py:3239} INFO - Sync 1 DAGs
[2025-08-29T08:45:15.468+0000] {logging_mixin.py:190} INFO - [2025-08-29T08:45:15.468+0000] {dag.py:4180} INFO - Setting next_dagrun for example_branch_python_operator_decorator to 2025-08-28 00:00:00+00:00, run_after=2025-08-29 00:00:00+00:00
[2025-08-29T08:45:15.486+0000] {processor.py:208} INFO - Processing /home/airflow/.local/lib/python3.12/site-packages/airflow/example_dags/example_branch_operator_decorator.py took 0.092 seconds
[2025-08-29T08:45:45.999+0000] {processor.py:186} INFO - Started process (PID=32424) to work on /home/airflow/.local/lib/python3.12/site-packages/airflow/example_dags/example_branch_operator_decorator.py
[2025-08-29T08:45:46.000+0000] {processor.py:914} INFO - Processing file /home/airflow/.local/lib/python3.12/site-packages/airflow/example_dags/example_branch_operator_decorator.py for tasks to queue
[2025-08-29T08:45:46.002+0000] {logging_mixin.py:190} INFO - [2025-08-29T08:45:46.001+0000] {dagbag.py:588} INFO - Filling up the DagBag from /home/airflow/.local/lib/python3.12/site-packages/airflow/example_dags/example_branch_operator_decorator.py
[2025-08-29T08:45:46.023+0000] {processor.py:925} INFO - DAG(s) 'example_branch_python_operator_decorator' retrieved from /home/airflow/.local/lib/python3.12/site-packages/airflow/example_dags/example_branch_operator_decorator.py
[2025-08-29T08:45:46.052+0000] {logging_mixin.py:190} INFO - [2025-08-29T08:45:46.051+0000] {dag.py:3239} INFO - Sync 1 DAGs
[2025-08-29T08:45:46.078+0000] {logging_mixin.py:190} INFO - [2025-08-29T08:45:46.078+0000] {dag.py:4180} INFO - Setting next_dagrun for example_branch_python_operator_decorator to 2025-08-28 00:00:00+00:00, run_after=2025-08-29 00:00:00+00:00
[2025-08-29T08:45:46.101+0000] {processor.py:208} INFO - Processing /home/airflow/.local/lib/python3.12/site-packages/airflow/example_dags/example_branch_operator_decorator.py took 0.108 seconds
[2025-08-29T08:46:16.538+0000] {processor.py:186} INFO - Started process (PID=32488) to work on /home/airflow/.local/lib/python3.12/site-packages/airflow/example_dags/example_branch_operator_decorator.py
[2025-08-29T08:46:16.539+0000] {processor.py:914} INFO - Processing file /home/airflow/.local/lib/python3.12/site-packages/airflow/example_dags/example_branch_operator_decorator.py for tasks to queue
[2025-08-29T08:46:16.542+0000] {logging_mixin.py:190} INFO - [2025-08-29T08:46:16.541+0000] {dagbag.py:588} INFO - Filling up the DagBag from /home/airflow/.local/lib/python3.12/site-packages/airflow/example_dags/example_branch_operator_decorator.py
[2025-08-29T08:46:16.565+0000] {processor.py:925} INFO - DAG(s) 'example_branch_python_operator_decorator' retrieved from /home/airflow/.local/lib/python3.12/site-packages/airflow/example_dags/example_branch_operator_decorator.py
[2025-08-29T08:46:16.584+0000] {logging_mixin.py:190} INFO - [2025-08-29T08:46:16.583+0000] {dag.py:3239} INFO - Sync 1 DAGs
[2025-08-29T08:46:16.598+0000] {logging_mixin.py:190} INFO - [2025-08-29T08:46:16.598+0000] {dag.py:4180} INFO - Setting next_dagrun for example_branch_python_operator_decorator to 2025-08-28 00:00:00+00:00, run_after=2025-08-29 00:00:00+00:00
[2025-08-29T08:46:16.610+0000] {processor.py:208} INFO - Processing /home/airflow/.local/lib/python3.12/site-packages/airflow/example_dags/example_branch_operator_decorator.py took 0.078 seconds
[2025-08-29T08:46:47.064+0000] {processor.py:186} INFO - Started process (PID=32552) to work on /home/airflow/.local/lib/python3.12/site-packages/airflow/example_dags/example_branch_operator_decorator.py
[2025-08-29T08:46:47.065+0000] {processor.py:914} INFO - Processing file /home/airflow/.local/lib/python3.12/site-packages/airflow/example_dags/example_branch_operator_decorator.py for tasks to queue
[2025-08-29T08:46:47.067+0000] {logging_mixin.py:190} INFO - [2025-08-29T08:46:47.066+0000] {dagbag.py:588} INFO - Filling up the DagBag from /home/airflow/.local/lib/python3.12/site-packages/airflow/example_dags/example_branch_operator_decorator.py
[2025-08-29T08:46:47.079+0000] {processor.py:925} INFO - DAG(s) 'example_branch_python_operator_decorator' retrieved from /home/airflow/.local/lib/python3.12/site-packages/airflow/example_dags/example_branch_operator_decorator.py
[2025-08-29T08:46:47.101+0000] {logging_mixin.py:190} INFO - [2025-08-29T08:46:47.101+0000] {dag.py:3239} INFO - Sync 1 DAGs
[2025-08-29T08:46:47.121+0000] {logging_mixin.py:190} INFO - [2025-08-29T08:46:47.121+0000] {dag.py:4180} INFO - Setting next_dagrun for example_branch_python_operator_decorator to 2025-08-28 00:00:00+00:00, run_after=2025-08-29 00:00:00+00:00
[2025-08-29T08:46:47.140+0000] {processor.py:208} INFO - Processing /home/airflow/.local/lib/python3.12/site-packages/airflow/example_dags/example_branch_operator_decorator.py took 0.082 seconds
[2025-08-29T08:47:17.295+0000] {processor.py:186} INFO - Started process (PID=32617) to work on /home/airflow/.local/lib/python3.12/site-packages/airflow/example_dags/example_branch_operator_decorator.py
[2025-08-29T08:47:17.296+0000] {processor.py:914} INFO - Processing file /home/airflow/.local/lib/python3.12/site-packages/airflow/example_dags/example_branch_operator_decorator.py for tasks to queue
[2025-08-29T08:47:17.298+0000] {logging_mixin.py:190} INFO - [2025-08-29T08:47:17.297+0000] {dagbag.py:588} INFO - Filling up the DagBag from /home/airflow/.local/lib/python3.12/site-packages/airflow/example_dags/example_branch_operator_decorator.py
[2025-08-29T08:47:17.310+0000] {processor.py:925} INFO - DAG(s) 'example_branch_python_operator_decorator' retrieved from /home/airflow/.local/lib/python3.12/site-packages/airflow/example_dags/example_branch_operator_decorator.py
[2025-08-29T08:47:17.336+0000] {logging_mixin.py:190} INFO - [2025-08-29T08:47:17.335+0000] {dag.py:3239} INFO - Sync 1 DAGs
[2025-08-29T08:47:17.357+0000] {logging_mixin.py:190} INFO - [2025-08-29T08:47:17.357+0000] {dag.py:4180} INFO - Setting next_dagrun for example_branch_python_operator_decorator to 2025-08-28 00:00:00+00:00, run_after=2025-08-29 00:00:00+00:00
[2025-08-29T08:47:17.373+0000] {processor.py:208} INFO - Processing /home/airflow/.local/lib/python3.12/site-packages/airflow/example_dags/example_branch_operator_decorator.py took 0.083 seconds
[2025-08-29T08:47:47.561+0000] {processor.py:186} INFO - Started process (PID=32680) to work on /home/airflow/.local/lib/python3.12/site-packages/airflow/example_dags/example_branch_operator_decorator.py
[2025-08-29T08:47:47.562+0000] {processor.py:914} INFO - Processing file /home/airflow/.local/lib/python3.12/site-packages/airflow/example_dags/example_branch_operator_decorator.py for tasks to queue
[2025-08-29T08:47:47.563+0000] {logging_mixin.py:190} INFO - [2025-08-29T08:47:47.563+0000] {dagbag.py:588} INFO - Filling up the DagBag from /home/airflow/.local/lib/python3.12/site-packages/airflow/example_dags/example_branch_operator_decorator.py
[2025-08-29T08:47:47.576+0000] {processor.py:925} INFO - DAG(s) 'example_branch_python_operator_decorator' retrieved from /home/airflow/.local/lib/python3.12/site-packages/airflow/example_dags/example_branch_operator_decorator.py
[2025-08-29T08:47:47.598+0000] {logging_mixin.py:190} INFO - [2025-08-29T08:47:47.598+0000] {dag.py:3239} INFO - Sync 1 DAGs
[2025-08-29T08:47:47.622+0000] {logging_mixin.py:190} INFO - [2025-08-29T08:47:47.622+0000] {dag.py:4180} INFO - Setting next_dagrun for example_branch_python_operator_decorator to 2025-08-28 00:00:00+00:00, run_after=2025-08-29 00:00:00+00:00
[2025-08-29T08:47:47.638+0000] {processor.py:208} INFO - Processing /home/airflow/.local/lib/python3.12/site-packages/airflow/example_dags/example_branch_operator_decorator.py took 0.080 seconds
[2025-08-29T08:48:18.087+0000] {processor.py:186} INFO - Started process (PID=32744) to work on /home/airflow/.local/lib/python3.12/site-packages/airflow/example_dags/example_branch_operator_decorator.py
[2025-08-29T08:48:18.088+0000] {processor.py:914} INFO - Processing file /home/airflow/.local/lib/python3.12/site-packages/airflow/example_dags/example_branch_operator_decorator.py for tasks to queue
[2025-08-29T08:48:18.089+0000] {logging_mixin.py:190} INFO - [2025-08-29T08:48:18.089+0000] {dagbag.py:588} INFO - Filling up the DagBag from /home/airflow/.local/lib/python3.12/site-packages/airflow/example_dags/example_branch_operator_decorator.py
[2025-08-29T08:48:18.102+0000] {processor.py:925} INFO - DAG(s) 'example_branch_python_operator_decorator' retrieved from /home/airflow/.local/lib/python3.12/site-packages/airflow/example_dags/example_branch_operator_decorator.py
[2025-08-29T08:48:18.124+0000] {logging_mixin.py:190} INFO - [2025-08-29T08:48:18.124+0000] {dag.py:3239} INFO - Sync 1 DAGs
[2025-08-29T08:48:18.145+0000] {logging_mixin.py:190} INFO - [2025-08-29T08:48:18.145+0000] {dag.py:4180} INFO - Setting next_dagrun for example_branch_python_operator_decorator to 2025-08-28 00:00:00+00:00, run_after=2025-08-29 00:00:00+00:00
[2025-08-29T08:48:18.166+0000] {processor.py:208} INFO - Processing /home/airflow/.local/lib/python3.12/site-packages/airflow/example_dags/example_branch_operator_decorator.py took 0.084 seconds
[2025-08-29T08:48:48.507+0000] {processor.py:186} INFO - Started process (PID=32808) to work on /home/airflow/.local/lib/python3.12/site-packages/airflow/example_dags/example_branch_operator_decorator.py
[2025-08-29T08:48:48.507+0000] {processor.py:914} INFO - Processing file /home/airflow/.local/lib/python3.12/site-packages/airflow/example_dags/example_branch_operator_decorator.py for tasks to queue
[2025-08-29T08:48:48.509+0000] {logging_mixin.py:190} INFO - [2025-08-29T08:48:48.509+0000] {dagbag.py:588} INFO - Filling up the DagBag from /home/airflow/.local/lib/python3.12/site-packages/airflow/example_dags/example_branch_operator_decorator.py
[2025-08-29T08:48:48.522+0000] {processor.py:925} INFO - DAG(s) 'example_branch_python_operator_decorator' retrieved from /home/airflow/.local/lib/python3.12/site-packages/airflow/example_dags/example_branch_operator_decorator.py
[2025-08-29T08:48:48.544+0000] {logging_mixin.py:190} INFO - [2025-08-29T08:48:48.543+0000] {dag.py:3239} INFO - Sync 1 DAGs
[2025-08-29T08:48:48.566+0000] {logging_mixin.py:190} INFO - [2025-08-29T08:48:48.566+0000] {dag.py:4180} INFO - Setting next_dagrun for example_branch_python_operator_decorator to 2025-08-28 00:00:00+00:00, run_after=2025-08-29 00:00:00+00:00
[2025-08-29T08:48:48.585+0000] {processor.py:208} INFO - Processing /home/airflow/.local/lib/python3.12/site-packages/airflow/example_dags/example_branch_operator_decorator.py took 0.082 seconds
[2025-08-29T08:49:18.793+0000] {processor.py:186} INFO - Started process (PID=32872) to work on /home/airflow/.local/lib/python3.12/site-packages/airflow/example_dags/example_branch_operator_decorator.py
[2025-08-29T08:49:18.793+0000] {processor.py:914} INFO - Processing file /home/airflow/.local/lib/python3.12/site-packages/airflow/example_dags/example_branch_operator_decorator.py for tasks to queue
[2025-08-29T08:49:18.795+0000] {logging_mixin.py:190} INFO - [2025-08-29T08:49:18.795+0000] {dagbag.py:588} INFO - Filling up the DagBag from /home/airflow/.local/lib/python3.12/site-packages/airflow/example_dags/example_branch_operator_decorator.py
[2025-08-29T08:49:18.809+0000] {processor.py:925} INFO - DAG(s) 'example_branch_python_operator_decorator' retrieved from /home/airflow/.local/lib/python3.12/site-packages/airflow/example_dags/example_branch_operator_decorator.py
[2025-08-29T08:49:18.834+0000] {logging_mixin.py:190} INFO - [2025-08-29T08:49:18.834+0000] {dag.py:3239} INFO - Sync 1 DAGs
[2025-08-29T08:49:18.863+0000] {logging_mixin.py:190} INFO - [2025-08-29T08:49:18.863+0000] {dag.py:4180} INFO - Setting next_dagrun for example_branch_python_operator_decorator to 2025-08-28 00:00:00+00:00, run_after=2025-08-29 00:00:00+00:00
[2025-08-29T08:49:18.879+0000] {processor.py:208} INFO - Processing /home/airflow/.local/lib/python3.12/site-packages/airflow/example_dags/example_branch_operator_decorator.py took 0.090 seconds
[2025-08-29T08:49:49.362+0000] {processor.py:186} INFO - Started process (PID=32936) to work on /home/airflow/.local/lib/python3.12/site-packages/airflow/example_dags/example_branch_operator_decorator.py
[2025-08-29T08:49:49.363+0000] {processor.py:914} INFO - Processing file /home/airflow/.local/lib/python3.12/site-packages/airflow/example_dags/example_branch_operator_decorator.py for tasks to queue
[2025-08-29T08:49:49.364+0000] {logging_mixin.py:190} INFO - [2025-08-29T08:49:49.364+0000] {dagbag.py:588} INFO - Filling up the DagBag from /home/airflow/.local/lib/python3.12/site-packages/airflow/example_dags/example_branch_operator_decorator.py
[2025-08-29T08:49:49.378+0000] {processor.py:925} INFO - DAG(s) 'example_branch_python_operator_decorator' retrieved from /home/airflow/.local/lib/python3.12/site-packages/airflow/example_dags/example_branch_operator_decorator.py
[2025-08-29T08:49:49.401+0000] {logging_mixin.py:190} INFO - [2025-08-29T08:49:49.401+0000] {dag.py:3239} INFO - Sync 1 DAGs
[2025-08-29T08:49:49.427+0000] {logging_mixin.py:190} INFO - [2025-08-29T08:49:49.427+0000] {dag.py:4180} INFO - Setting next_dagrun for example_branch_python_operator_decorator to 2025-08-28 00:00:00+00:00, run_after=2025-08-29 00:00:00+00:00
[2025-08-29T08:49:49.459+0000] {processor.py:208} INFO - Processing /home/airflow/.local/lib/python3.12/site-packages/airflow/example_dags/example_branch_operator_decorator.py took 0.100 seconds
[2025-08-29T08:50:19.786+0000] {processor.py:186} INFO - Started process (PID=33000) to work on /home/airflow/.local/lib/python3.12/site-packages/airflow/example_dags/example_branch_operator_decorator.py
[2025-08-29T08:50:19.787+0000] {processor.py:914} INFO - Processing file /home/airflow/.local/lib/python3.12/site-packages/airflow/example_dags/example_branch_operator_decorator.py for tasks to queue
[2025-08-29T08:50:19.788+0000] {logging_mixin.py:190} INFO - [2025-08-29T08:50:19.788+0000] {dagbag.py:588} INFO - Filling up the DagBag from /home/airflow/.local/lib/python3.12/site-packages/airflow/example_dags/example_branch_operator_decorator.py
[2025-08-29T08:50:19.800+0000] {processor.py:925} INFO - DAG(s) 'example_branch_python_operator_decorator' retrieved from /home/airflow/.local/lib/python3.12/site-packages/airflow/example_dags/example_branch_operator_decorator.py
[2025-08-29T08:50:19.816+0000] {logging_mixin.py:190} INFO - [2025-08-29T08:50:19.816+0000] {dag.py:3239} INFO - Sync 1 DAGs
[2025-08-29T08:50:19.831+0000] {logging_mixin.py:190} INFO - [2025-08-29T08:50:19.831+0000] {dag.py:4180} INFO - Setting next_dagrun for example_branch_python_operator_decorator to 2025-08-28 00:00:00+00:00, run_after=2025-08-29 00:00:00+00:00
[2025-08-29T08:50:19.841+0000] {processor.py:208} INFO - Processing /home/airflow/.local/lib/python3.12/site-packages/airflow/example_dags/example_branch_operator_decorator.py took 0.058 seconds
[2025-08-29T08:50:50.122+0000] {processor.py:186} INFO - Started process (PID=33064) to work on /home/airflow/.local/lib/python3.12/site-packages/airflow/example_dags/example_branch_operator_decorator.py
[2025-08-29T08:50:50.122+0000] {processor.py:914} INFO - Processing file /home/airflow/.local/lib/python3.12/site-packages/airflow/example_dags/example_branch_operator_decorator.py for tasks to queue
[2025-08-29T08:50:50.123+0000] {logging_mixin.py:190} INFO - [2025-08-29T08:50:50.123+0000] {dagbag.py:588} INFO - Filling up the DagBag from /home/airflow/.local/lib/python3.12/site-packages/airflow/example_dags/example_branch_operator_decorator.py
[2025-08-29T08:50:50.136+0000] {processor.py:925} INFO - DAG(s) 'example_branch_python_operator_decorator' retrieved from /home/airflow/.local/lib/python3.12/site-packages/airflow/example_dags/example_branch_operator_decorator.py
[2025-08-29T08:50:50.153+0000] {logging_mixin.py:190} INFO - [2025-08-29T08:50:50.152+0000] {dag.py:3239} INFO - Sync 1 DAGs
[2025-08-29T08:50:50.167+0000] {logging_mixin.py:190} INFO - [2025-08-29T08:50:50.167+0000] {dag.py:4180} INFO - Setting next_dagrun for example_branch_python_operator_decorator to 2025-08-28 00:00:00+00:00, run_after=2025-08-29 00:00:00+00:00
[2025-08-29T08:50:50.182+0000] {processor.py:208} INFO - Processing /home/airflow/.local/lib/python3.12/site-packages/airflow/example_dags/example_branch_operator_decorator.py took 0.064 seconds
[2025-08-29T08:51:20.290+0000] {processor.py:186} INFO - Started process (PID=33128) to work on /home/airflow/.local/lib/python3.12/site-packages/airflow/example_dags/example_branch_operator_decorator.py
[2025-08-29T08:51:20.291+0000] {processor.py:914} INFO - Processing file /home/airflow/.local/lib/python3.12/site-packages/airflow/example_dags/example_branch_operator_decorator.py for tasks to queue
[2025-08-29T08:51:20.293+0000] {logging_mixin.py:190} INFO - [2025-08-29T08:51:20.293+0000] {dagbag.py:588} INFO - Filling up the DagBag from /home/airflow/.local/lib/python3.12/site-packages/airflow/example_dags/example_branch_operator_decorator.py
[2025-08-29T08:51:20.313+0000] {processor.py:925} INFO - DAG(s) 'example_branch_python_operator_decorator' retrieved from /home/airflow/.local/lib/python3.12/site-packages/airflow/example_dags/example_branch_operator_decorator.py
[2025-08-29T08:51:20.335+0000] {logging_mixin.py:190} INFO - [2025-08-29T08:51:20.335+0000] {dag.py:3239} INFO - Sync 1 DAGs
[2025-08-29T08:51:20.357+0000] {logging_mixin.py:190} INFO - [2025-08-29T08:51:20.356+0000] {dag.py:4180} INFO - Setting next_dagrun for example_branch_python_operator_decorator to 2025-08-28 00:00:00+00:00, run_after=2025-08-29 00:00:00+00:00
[2025-08-29T08:51:20.373+0000] {processor.py:208} INFO - Processing /home/airflow/.local/lib/python3.12/site-packages/airflow/example_dags/example_branch_operator_decorator.py took 0.090 seconds
[2025-08-29T08:51:50.668+0000] {processor.py:186} INFO - Started process (PID=33192) to work on /home/airflow/.local/lib/python3.12/site-packages/airflow/example_dags/example_branch_operator_decorator.py
[2025-08-29T08:51:50.668+0000] {processor.py:914} INFO - Processing file /home/airflow/.local/lib/python3.12/site-packages/airflow/example_dags/example_branch_operator_decorator.py for tasks to queue
[2025-08-29T08:51:50.670+0000] {logging_mixin.py:190} INFO - [2025-08-29T08:51:50.669+0000] {dagbag.py:588} INFO - Filling up the DagBag from /home/airflow/.local/lib/python3.12/site-packages/airflow/example_dags/example_branch_operator_decorator.py
[2025-08-29T08:51:50.682+0000] {processor.py:925} INFO - DAG(s) 'example_branch_python_operator_decorator' retrieved from /home/airflow/.local/lib/python3.12/site-packages/airflow/example_dags/example_branch_operator_decorator.py
[2025-08-29T08:51:50.711+0000] {logging_mixin.py:190} INFO - [2025-08-29T08:51:50.710+0000] {dag.py:3239} INFO - Sync 1 DAGs
[2025-08-29T08:51:50.725+0000] {logging_mixin.py:190} INFO - [2025-08-29T08:51:50.725+0000] {dag.py:4180} INFO - Setting next_dagrun for example_branch_python_operator_decorator to 2025-08-28 00:00:00+00:00, run_after=2025-08-29 00:00:00+00:00
[2025-08-29T08:51:50.738+0000] {processor.py:208} INFO - Processing /home/airflow/.local/lib/python3.12/site-packages/airflow/example_dags/example_branch_operator_decorator.py took 0.074 seconds
[2025-08-29T08:52:21.067+0000] {processor.py:186} INFO - Started process (PID=33256) to work on /home/airflow/.local/lib/python3.12/site-packages/airflow/example_dags/example_branch_operator_decorator.py
[2025-08-29T08:52:21.067+0000] {processor.py:914} INFO - Processing file /home/airflow/.local/lib/python3.12/site-packages/airflow/example_dags/example_branch_operator_decorator.py for tasks to queue
[2025-08-29T08:52:21.069+0000] {logging_mixin.py:190} INFO - [2025-08-29T08:52:21.068+0000] {dagbag.py:588} INFO - Filling up the DagBag from /home/airflow/.local/lib/python3.12/site-packages/airflow/example_dags/example_branch_operator_decorator.py
[2025-08-29T08:52:21.081+0000] {processor.py:925} INFO - DAG(s) 'example_branch_python_operator_decorator' retrieved from /home/airflow/.local/lib/python3.12/site-packages/airflow/example_dags/example_branch_operator_decorator.py
[2025-08-29T08:52:21.102+0000] {logging_mixin.py:190} INFO - [2025-08-29T08:52:21.102+0000] {dag.py:3239} INFO - Sync 1 DAGs
[2025-08-29T08:52:21.124+0000] {logging_mixin.py:190} INFO - [2025-08-29T08:52:21.123+0000] {dag.py:4180} INFO - Setting next_dagrun for example_branch_python_operator_decorator to 2025-08-28 00:00:00+00:00, run_after=2025-08-29 00:00:00+00:00
[2025-08-29T08:52:21.140+0000] {processor.py:208} INFO - Processing /home/airflow/.local/lib/python3.12/site-packages/airflow/example_dags/example_branch_operator_decorator.py took 0.078 seconds
[2025-08-29T08:52:51.284+0000] {processor.py:186} INFO - Started process (PID=33320) to work on /home/airflow/.local/lib/python3.12/site-packages/airflow/example_dags/example_branch_operator_decorator.py
[2025-08-29T08:52:51.285+0000] {processor.py:914} INFO - Processing file /home/airflow/.local/lib/python3.12/site-packages/airflow/example_dags/example_branch_operator_decorator.py for tasks to queue
[2025-08-29T08:52:51.290+0000] {logging_mixin.py:190} INFO - [2025-08-29T08:52:51.290+0000] {dagbag.py:588} INFO - Filling up the DagBag from /home/airflow/.local/lib/python3.12/site-packages/airflow/example_dags/example_branch_operator_decorator.py
[2025-08-29T08:52:51.307+0000] {processor.py:925} INFO - DAG(s) 'example_branch_python_operator_decorator' retrieved from /home/airflow/.local/lib/python3.12/site-packages/airflow/example_dags/example_branch_operator_decorator.py
[2025-08-29T08:52:51.329+0000] {logging_mixin.py:190} INFO - [2025-08-29T08:52:51.329+0000] {dag.py:3239} INFO - Sync 1 DAGs
[2025-08-29T08:52:51.356+0000] {logging_mixin.py:190} INFO - [2025-08-29T08:52:51.355+0000] {dag.py:4180} INFO - Setting next_dagrun for example_branch_python_operator_decorator to 2025-08-28 00:00:00+00:00, run_after=2025-08-29 00:00:00+00:00
[2025-08-29T08:52:51.370+0000] {processor.py:208} INFO - Processing /home/airflow/.local/lib/python3.12/site-packages/airflow/example_dags/example_branch_operator_decorator.py took 0.092 seconds
[2025-08-29T08:53:21.705+0000] {processor.py:186} INFO - Started process (PID=33384) to work on /home/airflow/.local/lib/python3.12/site-packages/airflow/example_dags/example_branch_operator_decorator.py
[2025-08-29T08:53:21.705+0000] {processor.py:914} INFO - Processing file /home/airflow/.local/lib/python3.12/site-packages/airflow/example_dags/example_branch_operator_decorator.py for tasks to queue
[2025-08-29T08:53:21.707+0000] {logging_mixin.py:190} INFO - [2025-08-29T08:53:21.707+0000] {dagbag.py:588} INFO - Filling up the DagBag from /home/airflow/.local/lib/python3.12/site-packages/airflow/example_dags/example_branch_operator_decorator.py
[2025-08-29T08:53:21.720+0000] {processor.py:925} INFO - DAG(s) 'example_branch_python_operator_decorator' retrieved from /home/airflow/.local/lib/python3.12/site-packages/airflow/example_dags/example_branch_operator_decorator.py
[2025-08-29T08:53:21.743+0000] {logging_mixin.py:190} INFO - [2025-08-29T08:53:21.742+0000] {dag.py:3239} INFO - Sync 1 DAGs
[2025-08-29T08:53:21.766+0000] {logging_mixin.py:190} INFO - [2025-08-29T08:53:21.766+0000] {dag.py:4180} INFO - Setting next_dagrun for example_branch_python_operator_decorator to 2025-08-28 00:00:00+00:00, run_after=2025-08-29 00:00:00+00:00
[2025-08-29T08:53:21.783+0000] {processor.py:208} INFO - Processing /home/airflow/.local/lib/python3.12/site-packages/airflow/example_dags/example_branch_operator_decorator.py took 0.084 seconds
[2025-08-29T08:53:51.962+0000] {processor.py:186} INFO - Started process (PID=33448) to work on /home/airflow/.local/lib/python3.12/site-packages/airflow/example_dags/example_branch_operator_decorator.py
[2025-08-29T08:53:51.962+0000] {processor.py:914} INFO - Processing file /home/airflow/.local/lib/python3.12/site-packages/airflow/example_dags/example_branch_operator_decorator.py for tasks to queue
[2025-08-29T08:53:51.964+0000] {logging_mixin.py:190} INFO - [2025-08-29T08:53:51.963+0000] {dagbag.py:588} INFO - Filling up the DagBag from /home/airflow/.local/lib/python3.12/site-packages/airflow/example_dags/example_branch_operator_decorator.py
[2025-08-29T08:53:51.976+0000] {processor.py:925} INFO - DAG(s) 'example_branch_python_operator_decorator' retrieved from /home/airflow/.local/lib/python3.12/site-packages/airflow/example_dags/example_branch_operator_decorator.py
[2025-08-29T08:53:51.999+0000] {logging_mixin.py:190} INFO - [2025-08-29T08:53:51.999+0000] {dag.py:3239} INFO - Sync 1 DAGs
[2025-08-29T08:53:52.022+0000] {logging_mixin.py:190} INFO - [2025-08-29T08:53:52.022+0000] {dag.py:4180} INFO - Setting next_dagrun for example_branch_python_operator_decorator to 2025-08-28 00:00:00+00:00, run_after=2025-08-29 00:00:00+00:00
[2025-08-29T08:53:52.041+0000] {processor.py:208} INFO - Processing /home/airflow/.local/lib/python3.12/site-packages/airflow/example_dags/example_branch_operator_decorator.py took 0.084 seconds
