[2025-08-29T08:40:38.074+0000] {processor.py:186} INFO - Started process (PID=31769) to work on /home/airflow/.local/lib/python3.12/site-packages/airflow/example_dags/example_display_name.py
[2025-08-29T08:40:38.075+0000] {processor.py:914} INFO - Processing file /home/airflow/.local/lib/python3.12/site-packages/airflow/example_dags/example_display_name.py for tasks to queue
[2025-08-29T08:40:38.078+0000] {logging_mixin.py:190} INFO - [2025-08-29T08:40:38.077+0000] {dagbag.py:588} INFO - Filling up the DagBag from /home/airflow/.local/lib/python3.12/site-packages/airflow/example_dags/example_display_name.py
[2025-08-29T08:40:38.086+0000] {processor.py:925} INFO - DAG(s) 'example_display_name' retrieved from /home/airflow/.local/lib/python3.12/site-packages/airflow/example_dags/example_display_name.py
[2025-08-29T08:40:38.112+0000] {logging_mixin.py:190} INFO - [2025-08-29T08:40:38.111+0000] {dag.py:3239} INFO - Sync 1 DAGs
[2025-08-29T08:40:38.131+0000] {logging_mixin.py:190} INFO - [2025-08-29T08:40:38.130+0000] {dag.py:4180} INFO - Setting next_dagrun for example_display_name to None, run_after=None
[2025-08-29T08:40:38.156+0000] {processor.py:208} INFO - Processing /home/airflow/.local/lib/python3.12/site-packages/airflow/example_dags/example_display_name.py took 0.089 seconds
[2025-08-29T08:41:09.102+0000] {processor.py:186} INFO - Started process (PID=31833) to work on /home/airflow/.local/lib/python3.12/site-packages/airflow/example_dags/example_display_name.py
[2025-08-29T08:41:09.103+0000] {processor.py:914} INFO - Processing file /home/airflow/.local/lib/python3.12/site-packages/airflow/example_dags/example_display_name.py for tasks to queue
[2025-08-29T08:41:09.105+0000] {logging_mixin.py:190} INFO - [2025-08-29T08:41:09.105+0000] {dagbag.py:588} INFO - Filling up the DagBag from /home/airflow/.local/lib/python3.12/site-packages/airflow/example_dags/example_display_name.py
[2025-08-29T08:41:09.116+0000] {processor.py:925} INFO - DAG(s) 'example_display_name' retrieved from /home/airflow/.local/lib/python3.12/site-packages/airflow/example_dags/example_display_name.py
[2025-08-29T08:41:09.143+0000] {logging_mixin.py:190} INFO - [2025-08-29T08:41:09.143+0000] {dag.py:3239} INFO - Sync 1 DAGs
[2025-08-29T08:41:09.166+0000] {logging_mixin.py:190} INFO - [2025-08-29T08:41:09.165+0000] {dag.py:4180} INFO - Setting next_dagrun for example_display_name to None, run_after=None
[2025-08-29T08:41:09.193+0000] {processor.py:208} INFO - Processing /home/airflow/.local/lib/python3.12/site-packages/airflow/example_dags/example_display_name.py took 0.100 seconds
[2025-08-29T08:41:40.042+0000] {processor.py:186} INFO - Started process (PID=31897) to work on /home/airflow/.local/lib/python3.12/site-packages/airflow/example_dags/example_display_name.py
[2025-08-29T08:41:40.044+0000] {processor.py:914} INFO - Processing file /home/airflow/.local/lib/python3.12/site-packages/airflow/example_dags/example_display_name.py for tasks to queue
[2025-08-29T08:41:40.048+0000] {logging_mixin.py:190} INFO - [2025-08-29T08:41:40.047+0000] {dagbag.py:588} INFO - Filling up the DagBag from /home/airflow/.local/lib/python3.12/site-packages/airflow/example_dags/example_display_name.py
[2025-08-29T08:41:40.060+0000] {processor.py:925} INFO - DAG(s) 'example_display_name' retrieved from /home/airflow/.local/lib/python3.12/site-packages/airflow/example_dags/example_display_name.py
[2025-08-29T08:41:40.093+0000] {logging_mixin.py:190} INFO - [2025-08-29T08:41:40.092+0000] {dag.py:3239} INFO - Sync 1 DAGs
[2025-08-29T08:41:40.122+0000] {logging_mixin.py:190} INFO - [2025-08-29T08:41:40.122+0000] {dag.py:4180} INFO - Setting next_dagrun for example_display_name to None, run_after=None
[2025-08-29T08:41:40.155+0000] {processor.py:208} INFO - Processing /home/airflow/.local/lib/python3.12/site-packages/airflow/example_dags/example_display_name.py took 0.124 seconds
[2025-08-29T08:42:10.235+0000] {processor.py:186} INFO - Started process (PID=31961) to work on /home/airflow/.local/lib/python3.12/site-packages/airflow/example_dags/example_display_name.py
[2025-08-29T08:42:10.237+0000] {processor.py:914} INFO - Processing file /home/airflow/.local/lib/python3.12/site-packages/airflow/example_dags/example_display_name.py for tasks to queue
[2025-08-29T08:42:10.242+0000] {logging_mixin.py:190} INFO - [2025-08-29T08:42:10.241+0000] {dagbag.py:588} INFO - Filling up the DagBag from /home/airflow/.local/lib/python3.12/site-packages/airflow/example_dags/example_display_name.py
[2025-08-29T08:42:10.257+0000] {processor.py:925} INFO - DAG(s) 'example_display_name' retrieved from /home/airflow/.local/lib/python3.12/site-packages/airflow/example_dags/example_display_name.py
[2025-08-29T08:42:10.294+0000] {logging_mixin.py:190} INFO - [2025-08-29T08:42:10.293+0000] {dag.py:3239} INFO - Sync 1 DAGs
[2025-08-29T08:42:10.323+0000] {logging_mixin.py:190} INFO - [2025-08-29T08:42:10.322+0000] {dag.py:4180} INFO - Setting next_dagrun for example_display_name to None, run_after=None
[2025-08-29T08:42:10.355+0000] {processor.py:208} INFO - Processing /home/airflow/.local/lib/python3.12/site-packages/airflow/example_dags/example_display_name.py took 0.131 seconds
[2025-08-29T08:42:41.067+0000] {processor.py:186} INFO - Started process (PID=32025) to work on /home/airflow/.local/lib/python3.12/site-packages/airflow/example_dags/example_display_name.py
[2025-08-29T08:42:41.068+0000] {processor.py:914} INFO - Processing file /home/airflow/.local/lib/python3.12/site-packages/airflow/example_dags/example_display_name.py for tasks to queue
[2025-08-29T08:42:41.072+0000] {logging_mixin.py:190} INFO - [2025-08-29T08:42:41.071+0000] {dagbag.py:588} INFO - Filling up the DagBag from /home/airflow/.local/lib/python3.12/site-packages/airflow/example_dags/example_display_name.py
[2025-08-29T08:42:41.083+0000] {processor.py:925} INFO - DAG(s) 'example_display_name' retrieved from /home/airflow/.local/lib/python3.12/site-packages/airflow/example_dags/example_display_name.py
[2025-08-29T08:42:41.113+0000] {logging_mixin.py:190} INFO - [2025-08-29T08:42:41.112+0000] {dag.py:3239} INFO - Sync 1 DAGs
[2025-08-29T08:42:41.138+0000] {logging_mixin.py:190} INFO - [2025-08-29T08:42:41.138+0000] {dag.py:4180} INFO - Setting next_dagrun for example_display_name to None, run_after=None
[2025-08-29T08:42:41.167+0000] {processor.py:208} INFO - Processing /home/airflow/.local/lib/python3.12/site-packages/airflow/example_dags/example_display_name.py took 0.109 seconds
[2025-08-29T08:43:11.285+0000] {processor.py:186} INFO - Started process (PID=32088) to work on /home/airflow/.local/lib/python3.12/site-packages/airflow/example_dags/example_display_name.py
[2025-08-29T08:43:11.286+0000] {processor.py:914} INFO - Processing file /home/airflow/.local/lib/python3.12/site-packages/airflow/example_dags/example_display_name.py for tasks to queue
[2025-08-29T08:43:11.290+0000] {logging_mixin.py:190} INFO - [2025-08-29T08:43:11.289+0000] {dagbag.py:588} INFO - Filling up the DagBag from /home/airflow/.local/lib/python3.12/site-packages/airflow/example_dags/example_display_name.py
[2025-08-29T08:43:11.301+0000] {processor.py:925} INFO - DAG(s) 'example_display_name' retrieved from /home/airflow/.local/lib/python3.12/site-packages/airflow/example_dags/example_display_name.py
[2025-08-29T08:43:11.327+0000] {logging_mixin.py:190} INFO - [2025-08-29T08:43:11.327+0000] {dag.py:3239} INFO - Sync 1 DAGs
[2025-08-29T08:43:11.347+0000] {logging_mixin.py:190} INFO - [2025-08-29T08:43:11.347+0000] {dag.py:4180} INFO - Setting next_dagrun for example_display_name to None, run_after=None
[2025-08-29T08:43:11.374+0000] {processor.py:208} INFO - Processing /home/airflow/.local/lib/python3.12/site-packages/airflow/example_dags/example_display_name.py took 0.098 seconds
[2025-08-29T08:43:41.417+0000] {processor.py:186} INFO - Started process (PID=32152) to work on /home/airflow/.local/lib/python3.12/site-packages/airflow/example_dags/example_display_name.py
[2025-08-29T08:43:41.417+0000] {processor.py:914} INFO - Processing file /home/airflow/.local/lib/python3.12/site-packages/airflow/example_dags/example_display_name.py for tasks to queue
[2025-08-29T08:43:41.420+0000] {logging_mixin.py:190} INFO - [2025-08-29T08:43:41.419+0000] {dagbag.py:588} INFO - Filling up the DagBag from /home/airflow/.local/lib/python3.12/site-packages/airflow/example_dags/example_display_name.py
[2025-08-29T08:43:41.427+0000] {processor.py:925} INFO - DAG(s) 'example_display_name' retrieved from /home/airflow/.local/lib/python3.12/site-packages/airflow/example_dags/example_display_name.py
[2025-08-29T08:43:41.447+0000] {logging_mixin.py:190} INFO - [2025-08-29T08:43:41.446+0000] {dag.py:3239} INFO - Sync 1 DAGs
[2025-08-29T08:43:41.461+0000] {logging_mixin.py:190} INFO - [2025-08-29T08:43:41.461+0000] {dag.py:4180} INFO - Setting next_dagrun for example_display_name to None, run_after=None
[2025-08-29T08:43:41.479+0000] {processor.py:208} INFO - Processing /home/airflow/.local/lib/python3.12/site-packages/airflow/example_dags/example_display_name.py took 0.069 seconds
[2025-08-29T08:44:12.240+0000] {processor.py:186} INFO - Started process (PID=32216) to work on /home/airflow/.local/lib/python3.12/site-packages/airflow/example_dags/example_display_name.py
[2025-08-29T08:44:12.240+0000] {processor.py:914} INFO - Processing file /home/airflow/.local/lib/python3.12/site-packages/airflow/example_dags/example_display_name.py for tasks to queue
[2025-08-29T08:44:12.242+0000] {logging_mixin.py:190} INFO - [2025-08-29T08:44:12.241+0000] {dagbag.py:588} INFO - Filling up the DagBag from /home/airflow/.local/lib/python3.12/site-packages/airflow/example_dags/example_display_name.py
[2025-08-29T08:44:12.246+0000] {processor.py:925} INFO - DAG(s) 'example_display_name' retrieved from /home/airflow/.local/lib/python3.12/site-packages/airflow/example_dags/example_display_name.py
[2025-08-29T08:44:12.267+0000] {logging_mixin.py:190} INFO - [2025-08-29T08:44:12.267+0000] {dag.py:3239} INFO - Sync 1 DAGs
[2025-08-29T08:44:12.278+0000] {logging_mixin.py:190} INFO - [2025-08-29T08:44:12.278+0000] {dag.py:4180} INFO - Setting next_dagrun for example_display_name to None, run_after=None
[2025-08-29T08:44:12.295+0000] {processor.py:208} INFO - Processing /home/airflow/.local/lib/python3.12/site-packages/airflow/example_dags/example_display_name.py took 0.059 seconds
[2025-08-29T08:44:42.872+0000] {processor.py:186} INFO - Started process (PID=32280) to work on /home/airflow/.local/lib/python3.12/site-packages/airflow/example_dags/example_display_name.py
[2025-08-29T08:44:42.872+0000] {processor.py:914} INFO - Processing file /home/airflow/.local/lib/python3.12/site-packages/airflow/example_dags/example_display_name.py for tasks to queue
[2025-08-29T08:44:42.874+0000] {logging_mixin.py:190} INFO - [2025-08-29T08:44:42.874+0000] {dagbag.py:588} INFO - Filling up the DagBag from /home/airflow/.local/lib/python3.12/site-packages/airflow/example_dags/example_display_name.py
[2025-08-29T08:44:42.879+0000] {processor.py:925} INFO - DAG(s) 'example_display_name' retrieved from /home/airflow/.local/lib/python3.12/site-packages/airflow/example_dags/example_display_name.py
[2025-08-29T08:44:42.897+0000] {logging_mixin.py:190} INFO - [2025-08-29T08:44:42.897+0000] {dag.py:3239} INFO - Sync 1 DAGs
[2025-08-29T08:44:42.914+0000] {logging_mixin.py:190} INFO - [2025-08-29T08:44:42.913+0000] {dag.py:4180} INFO - Setting next_dagrun for example_display_name to None, run_after=None
[2025-08-29T08:44:42.931+0000] {processor.py:208} INFO - Processing /home/airflow/.local/lib/python3.12/site-packages/airflow/example_dags/example_display_name.py took 0.064 seconds
[2025-08-29T08:45:13.590+0000] {processor.py:186} INFO - Started process (PID=32344) to work on /home/airflow/.local/lib/python3.12/site-packages/airflow/example_dags/example_display_name.py
[2025-08-29T08:45:13.590+0000] {processor.py:914} INFO - Processing file /home/airflow/.local/lib/python3.12/site-packages/airflow/example_dags/example_display_name.py for tasks to queue
[2025-08-29T08:45:13.592+0000] {logging_mixin.py:190} INFO - [2025-08-29T08:45:13.591+0000] {dagbag.py:588} INFO - Filling up the DagBag from /home/airflow/.local/lib/python3.12/site-packages/airflow/example_dags/example_display_name.py
[2025-08-29T08:45:13.596+0000] {processor.py:925} INFO - DAG(s) 'example_display_name' retrieved from /home/airflow/.local/lib/python3.12/site-packages/airflow/example_dags/example_display_name.py
[2025-08-29T08:45:13.614+0000] {logging_mixin.py:190} INFO - [2025-08-29T08:45:13.614+0000] {dag.py:3239} INFO - Sync 1 DAGs
[2025-08-29T08:45:13.626+0000] {logging_mixin.py:190} INFO - [2025-08-29T08:45:13.626+0000] {dag.py:4180} INFO - Setting next_dagrun for example_display_name to None, run_after=None
[2025-08-29T08:45:13.644+0000] {processor.py:208} INFO - Processing /home/airflow/.local/lib/python3.12/site-packages/airflow/example_dags/example_display_name.py took 0.058 seconds
[2025-08-29T08:45:44.226+0000] {processor.py:186} INFO - Started process (PID=32408) to work on /home/airflow/.local/lib/python3.12/site-packages/airflow/example_dags/example_display_name.py
[2025-08-29T08:45:44.227+0000] {processor.py:914} INFO - Processing file /home/airflow/.local/lib/python3.12/site-packages/airflow/example_dags/example_display_name.py for tasks to queue
[2025-08-29T08:45:44.229+0000] {logging_mixin.py:190} INFO - [2025-08-29T08:45:44.229+0000] {dagbag.py:588} INFO - Filling up the DagBag from /home/airflow/.local/lib/python3.12/site-packages/airflow/example_dags/example_display_name.py
[2025-08-29T08:45:44.234+0000] {processor.py:925} INFO - DAG(s) 'example_display_name' retrieved from /home/airflow/.local/lib/python3.12/site-packages/airflow/example_dags/example_display_name.py
[2025-08-29T08:45:44.255+0000] {logging_mixin.py:190} INFO - [2025-08-29T08:45:44.254+0000] {dag.py:3239} INFO - Sync 1 DAGs
[2025-08-29T08:45:44.264+0000] {logging_mixin.py:190} INFO - [2025-08-29T08:45:44.264+0000] {dag.py:4180} INFO - Setting next_dagrun for example_display_name to None, run_after=None
[2025-08-29T08:45:44.275+0000] {processor.py:208} INFO - Processing /home/airflow/.local/lib/python3.12/site-packages/airflow/example_dags/example_display_name.py took 0.054 seconds
[2025-08-29T08:46:14.685+0000] {processor.py:186} INFO - Started process (PID=32472) to work on /home/airflow/.local/lib/python3.12/site-packages/airflow/example_dags/example_display_name.py
[2025-08-29T08:46:14.686+0000] {processor.py:914} INFO - Processing file /home/airflow/.local/lib/python3.12/site-packages/airflow/example_dags/example_display_name.py for tasks to queue
[2025-08-29T08:46:14.688+0000] {logging_mixin.py:190} INFO - [2025-08-29T08:46:14.687+0000] {dagbag.py:588} INFO - Filling up the DagBag from /home/airflow/.local/lib/python3.12/site-packages/airflow/example_dags/example_display_name.py
[2025-08-29T08:46:14.693+0000] {processor.py:925} INFO - DAG(s) 'example_display_name' retrieved from /home/airflow/.local/lib/python3.12/site-packages/airflow/example_dags/example_display_name.py
[2025-08-29T08:46:14.713+0000] {logging_mixin.py:190} INFO - [2025-08-29T08:46:14.713+0000] {dag.py:3239} INFO - Sync 1 DAGs
[2025-08-29T08:46:14.723+0000] {logging_mixin.py:190} INFO - [2025-08-29T08:46:14.723+0000] {dag.py:4180} INFO - Setting next_dagrun for example_display_name to None, run_after=None
[2025-08-29T08:46:14.743+0000] {processor.py:208} INFO - Processing /home/airflow/.local/lib/python3.12/site-packages/airflow/example_dags/example_display_name.py took 0.066 seconds
[2025-08-29T08:46:45.202+0000] {processor.py:186} INFO - Started process (PID=32536) to work on /home/airflow/.local/lib/python3.12/site-packages/airflow/example_dags/example_display_name.py
[2025-08-29T08:46:45.203+0000] {processor.py:914} INFO - Processing file /home/airflow/.local/lib/python3.12/site-packages/airflow/example_dags/example_display_name.py for tasks to queue
[2025-08-29T08:46:45.204+0000] {logging_mixin.py:190} INFO - [2025-08-29T08:46:45.204+0000] {dagbag.py:588} INFO - Filling up the DagBag from /home/airflow/.local/lib/python3.12/site-packages/airflow/example_dags/example_display_name.py
[2025-08-29T08:46:45.209+0000] {processor.py:925} INFO - DAG(s) 'example_display_name' retrieved from /home/airflow/.local/lib/python3.12/site-packages/airflow/example_dags/example_display_name.py
[2025-08-29T08:46:45.229+0000] {logging_mixin.py:190} INFO - [2025-08-29T08:46:45.229+0000] {dag.py:3239} INFO - Sync 1 DAGs
[2025-08-29T08:46:45.241+0000] {logging_mixin.py:190} INFO - [2025-08-29T08:46:45.241+0000] {dag.py:4180} INFO - Setting next_dagrun for example_display_name to None, run_after=None
[2025-08-29T08:46:45.251+0000] {processor.py:208} INFO - Processing /home/airflow/.local/lib/python3.12/site-packages/airflow/example_dags/example_display_name.py took 0.055 seconds
[2025-08-29T08:47:15.416+0000] {processor.py:186} INFO - Started process (PID=32600) to work on /home/airflow/.local/lib/python3.12/site-packages/airflow/example_dags/example_display_name.py
[2025-08-29T08:47:15.417+0000] {processor.py:914} INFO - Processing file /home/airflow/.local/lib/python3.12/site-packages/airflow/example_dags/example_display_name.py for tasks to queue
[2025-08-29T08:47:15.419+0000] {logging_mixin.py:190} INFO - [2025-08-29T08:47:15.419+0000] {dagbag.py:588} INFO - Filling up the DagBag from /home/airflow/.local/lib/python3.12/site-packages/airflow/example_dags/example_display_name.py
[2025-08-29T08:47:15.424+0000] {processor.py:925} INFO - DAG(s) 'example_display_name' retrieved from /home/airflow/.local/lib/python3.12/site-packages/airflow/example_dags/example_display_name.py
[2025-08-29T08:47:15.441+0000] {logging_mixin.py:190} INFO - [2025-08-29T08:47:15.441+0000] {dag.py:3239} INFO - Sync 1 DAGs
[2025-08-29T08:47:15.450+0000] {logging_mixin.py:190} INFO - [2025-08-29T08:47:15.450+0000] {dag.py:4180} INFO - Setting next_dagrun for example_display_name to None, run_after=None
[2025-08-29T08:47:15.460+0000] {processor.py:208} INFO - Processing /home/airflow/.local/lib/python3.12/site-packages/airflow/example_dags/example_display_name.py took 0.052 seconds
[2025-08-29T08:47:45.694+0000] {processor.py:186} INFO - Started process (PID=32664) to work on /home/airflow/.local/lib/python3.12/site-packages/airflow/example_dags/example_display_name.py
[2025-08-29T08:47:45.695+0000] {processor.py:914} INFO - Processing file /home/airflow/.local/lib/python3.12/site-packages/airflow/example_dags/example_display_name.py for tasks to queue
[2025-08-29T08:47:45.697+0000] {logging_mixin.py:190} INFO - [2025-08-29T08:47:45.696+0000] {dagbag.py:588} INFO - Filling up the DagBag from /home/airflow/.local/lib/python3.12/site-packages/airflow/example_dags/example_display_name.py
[2025-08-29T08:47:45.702+0000] {processor.py:925} INFO - DAG(s) 'example_display_name' retrieved from /home/airflow/.local/lib/python3.12/site-packages/airflow/example_dags/example_display_name.py
[2025-08-29T08:47:45.715+0000] {logging_mixin.py:190} INFO - [2025-08-29T08:47:45.715+0000] {dag.py:3239} INFO - Sync 1 DAGs
[2025-08-29T08:47:45.724+0000] {logging_mixin.py:190} INFO - [2025-08-29T08:47:45.724+0000] {dag.py:4180} INFO - Setting next_dagrun for example_display_name to None, run_after=None
[2025-08-29T08:47:45.736+0000] {processor.py:208} INFO - Processing /home/airflow/.local/lib/python3.12/site-packages/airflow/example_dags/example_display_name.py took 0.046 seconds
[2025-08-29T08:48:16.112+0000] {processor.py:186} INFO - Started process (PID=32728) to work on /home/airflow/.local/lib/python3.12/site-packages/airflow/example_dags/example_display_name.py
[2025-08-29T08:48:16.112+0000] {processor.py:914} INFO - Processing file /home/airflow/.local/lib/python3.12/site-packages/airflow/example_dags/example_display_name.py for tasks to queue
[2025-08-29T08:48:16.114+0000] {logging_mixin.py:190} INFO - [2025-08-29T08:48:16.114+0000] {dagbag.py:588} INFO - Filling up the DagBag from /home/airflow/.local/lib/python3.12/site-packages/airflow/example_dags/example_display_name.py
[2025-08-29T08:48:16.119+0000] {processor.py:925} INFO - DAG(s) 'example_display_name' retrieved from /home/airflow/.local/lib/python3.12/site-packages/airflow/example_dags/example_display_name.py
[2025-08-29T08:48:16.137+0000] {logging_mixin.py:190} INFO - [2025-08-29T08:48:16.136+0000] {dag.py:3239} INFO - Sync 1 DAGs
[2025-08-29T08:48:16.146+0000] {logging_mixin.py:190} INFO - [2025-08-29T08:48:16.146+0000] {dag.py:4180} INFO - Setting next_dagrun for example_display_name to None, run_after=None
[2025-08-29T08:48:16.161+0000] {processor.py:208} INFO - Processing /home/airflow/.local/lib/python3.12/site-packages/airflow/example_dags/example_display_name.py took 0.054 seconds
[2025-08-29T08:48:46.560+0000] {processor.py:186} INFO - Started process (PID=32792) to work on /home/airflow/.local/lib/python3.12/site-packages/airflow/example_dags/example_display_name.py
[2025-08-29T08:48:46.560+0000] {processor.py:914} INFO - Processing file /home/airflow/.local/lib/python3.12/site-packages/airflow/example_dags/example_display_name.py for tasks to queue
[2025-08-29T08:48:46.562+0000] {logging_mixin.py:190} INFO - [2025-08-29T08:48:46.562+0000] {dagbag.py:588} INFO - Filling up the DagBag from /home/airflow/.local/lib/python3.12/site-packages/airflow/example_dags/example_display_name.py
[2025-08-29T08:48:46.566+0000] {processor.py:925} INFO - DAG(s) 'example_display_name' retrieved from /home/airflow/.local/lib/python3.12/site-packages/airflow/example_dags/example_display_name.py
[2025-08-29T08:48:46.584+0000] {logging_mixin.py:190} INFO - [2025-08-29T08:48:46.584+0000] {dag.py:3239} INFO - Sync 1 DAGs
[2025-08-29T08:48:46.599+0000] {logging_mixin.py:190} INFO - [2025-08-29T08:48:46.599+0000] {dag.py:4180} INFO - Setting next_dagrun for example_display_name to None, run_after=None
[2025-08-29T08:48:46.616+0000] {processor.py:208} INFO - Processing /home/airflow/.local/lib/python3.12/site-packages/airflow/example_dags/example_display_name.py took 0.060 seconds
[2025-08-29T08:49:16.918+0000] {processor.py:186} INFO - Started process (PID=32856) to work on /home/airflow/.local/lib/python3.12/site-packages/airflow/example_dags/example_display_name.py
[2025-08-29T08:49:16.919+0000] {processor.py:914} INFO - Processing file /home/airflow/.local/lib/python3.12/site-packages/airflow/example_dags/example_display_name.py for tasks to queue
[2025-08-29T08:49:16.923+0000] {logging_mixin.py:190} INFO - [2025-08-29T08:49:16.922+0000] {dagbag.py:588} INFO - Filling up the DagBag from /home/airflow/.local/lib/python3.12/site-packages/airflow/example_dags/example_display_name.py
[2025-08-29T08:49:16.931+0000] {processor.py:925} INFO - DAG(s) 'example_display_name' retrieved from /home/airflow/.local/lib/python3.12/site-packages/airflow/example_dags/example_display_name.py
[2025-08-29T08:49:16.949+0000] {logging_mixin.py:190} INFO - [2025-08-29T08:49:16.949+0000] {dag.py:3239} INFO - Sync 1 DAGs
[2025-08-29T08:49:16.959+0000] {logging_mixin.py:190} INFO - [2025-08-29T08:49:16.958+0000] {dag.py:4180} INFO - Setting next_dagrun for example_display_name to None, run_after=None
[2025-08-29T08:49:16.977+0000] {processor.py:208} INFO - Processing /home/airflow/.local/lib/python3.12/site-packages/airflow/example_dags/example_display_name.py took 0.065 seconds
[2025-08-29T08:49:47.296+0000] {processor.py:186} INFO - Started process (PID=32920) to work on /home/airflow/.local/lib/python3.12/site-packages/airflow/example_dags/example_display_name.py
[2025-08-29T08:49:47.297+0000] {processor.py:914} INFO - Processing file /home/airflow/.local/lib/python3.12/site-packages/airflow/example_dags/example_display_name.py for tasks to queue
[2025-08-29T08:49:47.298+0000] {logging_mixin.py:190} INFO - [2025-08-29T08:49:47.298+0000] {dagbag.py:588} INFO - Filling up the DagBag from /home/airflow/.local/lib/python3.12/site-packages/airflow/example_dags/example_display_name.py
[2025-08-29T08:49:47.303+0000] {processor.py:925} INFO - DAG(s) 'example_display_name' retrieved from /home/airflow/.local/lib/python3.12/site-packages/airflow/example_dags/example_display_name.py
[2025-08-29T08:49:47.322+0000] {logging_mixin.py:190} INFO - [2025-08-29T08:49:47.322+0000] {dag.py:3239} INFO - Sync 1 DAGs
[2025-08-29T08:49:47.339+0000] {logging_mixin.py:190} INFO - [2025-08-29T08:49:47.339+0000] {dag.py:4180} INFO - Setting next_dagrun for example_display_name to None, run_after=None
[2025-08-29T08:49:47.355+0000] {processor.py:208} INFO - Processing /home/airflow/.local/lib/python3.12/site-packages/airflow/example_dags/example_display_name.py took 0.064 seconds
[2025-08-29T08:50:17.851+0000] {processor.py:186} INFO - Started process (PID=32984) to work on /home/airflow/.local/lib/python3.12/site-packages/airflow/example_dags/example_display_name.py
[2025-08-29T08:50:17.852+0000] {processor.py:914} INFO - Processing file /home/airflow/.local/lib/python3.12/site-packages/airflow/example_dags/example_display_name.py for tasks to queue
[2025-08-29T08:50:17.855+0000] {logging_mixin.py:190} INFO - [2025-08-29T08:50:17.854+0000] {dagbag.py:588} INFO - Filling up the DagBag from /home/airflow/.local/lib/python3.12/site-packages/airflow/example_dags/example_display_name.py
[2025-08-29T08:50:17.861+0000] {processor.py:925} INFO - DAG(s) 'example_display_name' retrieved from /home/airflow/.local/lib/python3.12/site-packages/airflow/example_dags/example_display_name.py
[2025-08-29T08:50:17.882+0000] {logging_mixin.py:190} INFO - [2025-08-29T08:50:17.881+0000] {dag.py:3239} INFO - Sync 1 DAGs
[2025-08-29T08:50:17.899+0000] {logging_mixin.py:190} INFO - [2025-08-29T08:50:17.899+0000] {dag.py:4180} INFO - Setting next_dagrun for example_display_name to None, run_after=None
[2025-08-29T08:50:17.919+0000] {processor.py:208} INFO - Processing /home/airflow/.local/lib/python3.12/site-packages/airflow/example_dags/example_display_name.py took 0.075 seconds
[2025-08-29T08:50:48.424+0000] {processor.py:186} INFO - Started process (PID=33048) to work on /home/airflow/.local/lib/python3.12/site-packages/airflow/example_dags/example_display_name.py
[2025-08-29T08:50:48.425+0000] {processor.py:914} INFO - Processing file /home/airflow/.local/lib/python3.12/site-packages/airflow/example_dags/example_display_name.py for tasks to queue
[2025-08-29T08:50:48.426+0000] {logging_mixin.py:190} INFO - [2025-08-29T08:50:48.426+0000] {dagbag.py:588} INFO - Filling up the DagBag from /home/airflow/.local/lib/python3.12/site-packages/airflow/example_dags/example_display_name.py
[2025-08-29T08:50:48.431+0000] {processor.py:925} INFO - DAG(s) 'example_display_name' retrieved from /home/airflow/.local/lib/python3.12/site-packages/airflow/example_dags/example_display_name.py
[2025-08-29T08:50:48.447+0000] {logging_mixin.py:190} INFO - [2025-08-29T08:50:48.447+0000] {dag.py:3239} INFO - Sync 1 DAGs
[2025-08-29T08:50:48.457+0000] {logging_mixin.py:190} INFO - [2025-08-29T08:50:48.457+0000] {dag.py:4180} INFO - Setting next_dagrun for example_display_name to None, run_after=None
[2025-08-29T08:50:48.468+0000] {processor.py:208} INFO - Processing /home/airflow/.local/lib/python3.12/site-packages/airflow/example_dags/example_display_name.py took 0.048 seconds
[2025-08-29T08:51:18.545+0000] {processor.py:186} INFO - Started process (PID=33112) to work on /home/airflow/.local/lib/python3.12/site-packages/airflow/example_dags/example_display_name.py
[2025-08-29T08:51:18.546+0000] {processor.py:914} INFO - Processing file /home/airflow/.local/lib/python3.12/site-packages/airflow/example_dags/example_display_name.py for tasks to queue
[2025-08-29T08:51:18.547+0000] {logging_mixin.py:190} INFO - [2025-08-29T08:51:18.547+0000] {dagbag.py:588} INFO - Filling up the DagBag from /home/airflow/.local/lib/python3.12/site-packages/airflow/example_dags/example_display_name.py
[2025-08-29T08:51:18.552+0000] {processor.py:925} INFO - DAG(s) 'example_display_name' retrieved from /home/airflow/.local/lib/python3.12/site-packages/airflow/example_dags/example_display_name.py
[2025-08-29T08:51:18.567+0000] {logging_mixin.py:190} INFO - [2025-08-29T08:51:18.566+0000] {dag.py:3239} INFO - Sync 1 DAGs
[2025-08-29T08:51:18.575+0000] {logging_mixin.py:190} INFO - [2025-08-29T08:51:18.575+0000] {dag.py:4180} INFO - Setting next_dagrun for example_display_name to None, run_after=None
[2025-08-29T08:51:18.585+0000] {processor.py:208} INFO - Processing /home/airflow/.local/lib/python3.12/site-packages/airflow/example_dags/example_display_name.py took 0.046 seconds
[2025-08-29T08:51:48.947+0000] {processor.py:186} INFO - Started process (PID=33176) to work on /home/airflow/.local/lib/python3.12/site-packages/airflow/example_dags/example_display_name.py
[2025-08-29T08:51:48.947+0000] {processor.py:914} INFO - Processing file /home/airflow/.local/lib/python3.12/site-packages/airflow/example_dags/example_display_name.py for tasks to queue
[2025-08-29T08:51:48.949+0000] {logging_mixin.py:190} INFO - [2025-08-29T08:51:48.948+0000] {dagbag.py:588} INFO - Filling up the DagBag from /home/airflow/.local/lib/python3.12/site-packages/airflow/example_dags/example_display_name.py
[2025-08-29T08:51:48.953+0000] {processor.py:925} INFO - DAG(s) 'example_display_name' retrieved from /home/airflow/.local/lib/python3.12/site-packages/airflow/example_dags/example_display_name.py
[2025-08-29T08:51:48.969+0000] {logging_mixin.py:190} INFO - [2025-08-29T08:51:48.968+0000] {dag.py:3239} INFO - Sync 1 DAGs
[2025-08-29T08:51:48.977+0000] {logging_mixin.py:190} INFO - [2025-08-29T08:51:48.977+0000] {dag.py:4180} INFO - Setting next_dagrun for example_display_name to None, run_after=None
[2025-08-29T08:51:48.991+0000] {processor.py:208} INFO - Processing /home/airflow/.local/lib/python3.12/site-packages/airflow/example_dags/example_display_name.py took 0.048 seconds
[2025-08-29T08:52:19.180+0000] {processor.py:186} INFO - Started process (PID=33240) to work on /home/airflow/.local/lib/python3.12/site-packages/airflow/example_dags/example_display_name.py
[2025-08-29T08:52:19.180+0000] {processor.py:914} INFO - Processing file /home/airflow/.local/lib/python3.12/site-packages/airflow/example_dags/example_display_name.py for tasks to queue
[2025-08-29T08:52:19.182+0000] {logging_mixin.py:190} INFO - [2025-08-29T08:52:19.182+0000] {dagbag.py:588} INFO - Filling up the DagBag from /home/airflow/.local/lib/python3.12/site-packages/airflow/example_dags/example_display_name.py
[2025-08-29T08:52:19.187+0000] {processor.py:925} INFO - DAG(s) 'example_display_name' retrieved from /home/airflow/.local/lib/python3.12/site-packages/airflow/example_dags/example_display_name.py
[2025-08-29T08:52:19.203+0000] {logging_mixin.py:190} INFO - [2025-08-29T08:52:19.203+0000] {dag.py:3239} INFO - Sync 1 DAGs
[2025-08-29T08:52:19.219+0000] {logging_mixin.py:190} INFO - [2025-08-29T08:52:19.219+0000] {dag.py:4180} INFO - Setting next_dagrun for example_display_name to None, run_after=None
[2025-08-29T08:52:19.231+0000] {processor.py:208} INFO - Processing /home/airflow/.local/lib/python3.12/site-packages/airflow/example_dags/example_display_name.py took 0.057 seconds
[2025-08-29T08:52:49.392+0000] {processor.py:186} INFO - Started process (PID=33304) to work on /home/airflow/.local/lib/python3.12/site-packages/airflow/example_dags/example_display_name.py
[2025-08-29T08:52:49.392+0000] {processor.py:914} INFO - Processing file /home/airflow/.local/lib/python3.12/site-packages/airflow/example_dags/example_display_name.py for tasks to queue
[2025-08-29T08:52:49.394+0000] {logging_mixin.py:190} INFO - [2025-08-29T08:52:49.394+0000] {dagbag.py:588} INFO - Filling up the DagBag from /home/airflow/.local/lib/python3.12/site-packages/airflow/example_dags/example_display_name.py
[2025-08-29T08:52:49.398+0000] {processor.py:925} INFO - DAG(s) 'example_display_name' retrieved from /home/airflow/.local/lib/python3.12/site-packages/airflow/example_dags/example_display_name.py
[2025-08-29T08:52:49.416+0000] {logging_mixin.py:190} INFO - [2025-08-29T08:52:49.415+0000] {dag.py:3239} INFO - Sync 1 DAGs
[2025-08-29T08:52:49.431+0000] {logging_mixin.py:190} INFO - [2025-08-29T08:52:49.430+0000] {dag.py:4180} INFO - Setting next_dagrun for example_display_name to None, run_after=None
[2025-08-29T08:52:49.449+0000] {processor.py:208} INFO - Processing /home/airflow/.local/lib/python3.12/site-packages/airflow/example_dags/example_display_name.py took 0.061 seconds
[2025-08-29T08:53:19.796+0000] {processor.py:186} INFO - Started process (PID=33368) to work on /home/airflow/.local/lib/python3.12/site-packages/airflow/example_dags/example_display_name.py
[2025-08-29T08:53:19.796+0000] {processor.py:914} INFO - Processing file /home/airflow/.local/lib/python3.12/site-packages/airflow/example_dags/example_display_name.py for tasks to queue
[2025-08-29T08:53:19.798+0000] {logging_mixin.py:190} INFO - [2025-08-29T08:53:19.798+0000] {dagbag.py:588} INFO - Filling up the DagBag from /home/airflow/.local/lib/python3.12/site-packages/airflow/example_dags/example_display_name.py
[2025-08-29T08:53:19.803+0000] {processor.py:925} INFO - DAG(s) 'example_display_name' retrieved from /home/airflow/.local/lib/python3.12/site-packages/airflow/example_dags/example_display_name.py
[2025-08-29T08:53:19.822+0000] {logging_mixin.py:190} INFO - [2025-08-29T08:53:19.822+0000] {dag.py:3239} INFO - Sync 1 DAGs
[2025-08-29T08:53:19.850+0000] {logging_mixin.py:190} INFO - [2025-08-29T08:53:19.849+0000] {dag.py:4180} INFO - Setting next_dagrun for example_display_name to None, run_after=None
[2025-08-29T08:53:19.888+0000] {processor.py:208} INFO - Processing /home/airflow/.local/lib/python3.12/site-packages/airflow/example_dags/example_display_name.py took 0.096 seconds
[2025-08-29T08:53:50.258+0000] {processor.py:186} INFO - Started process (PID=33432) to work on /home/airflow/.local/lib/python3.12/site-packages/airflow/example_dags/example_display_name.py
[2025-08-29T08:53:50.259+0000] {processor.py:914} INFO - Processing file /home/airflow/.local/lib/python3.12/site-packages/airflow/example_dags/example_display_name.py for tasks to queue
[2025-08-29T08:53:50.261+0000] {logging_mixin.py:190} INFO - [2025-08-29T08:53:50.261+0000] {dagbag.py:588} INFO - Filling up the DagBag from /home/airflow/.local/lib/python3.12/site-packages/airflow/example_dags/example_display_name.py
[2025-08-29T08:53:50.268+0000] {processor.py:925} INFO - DAG(s) 'example_display_name' retrieved from /home/airflow/.local/lib/python3.12/site-packages/airflow/example_dags/example_display_name.py
[2025-08-29T08:53:50.284+0000] {logging_mixin.py:190} INFO - [2025-08-29T08:53:50.284+0000] {dag.py:3239} INFO - Sync 1 DAGs
[2025-08-29T08:53:50.298+0000] {logging_mixin.py:190} INFO - [2025-08-29T08:53:50.298+0000] {dag.py:4180} INFO - Setting next_dagrun for example_display_name to None, run_after=None
[2025-08-29T08:53:50.322+0000] {processor.py:208} INFO - Processing /home/airflow/.local/lib/python3.12/site-packages/airflow/example_dags/example_display_name.py took 0.070 seconds
