[2025-08-29T08:40:38.601+0000] {processor.py:186} INFO - Started process (PID=31776) to work on /home/airflow/.local/lib/python3.12/site-packages/airflow/example_dags/example_complex.py
[2025-08-29T08:40:38.601+0000] {processor.py:914} INFO - Processing file /home/airflow/.local/lib/python3.12/site-packages/airflow/example_dags/example_complex.py for tasks to queue
[2025-08-29T08:40:38.603+0000] {logging_mixin.py:190} INFO - [2025-08-29T08:40:38.603+0000] {dagbag.py:588} INFO - Filling up the DagBag from /home/airflow/.local/lib/python3.12/site-packages/airflow/example_dags/example_complex.py
[2025-08-29T08:40:38.614+0000] {processor.py:925} INFO - DAG(s) 'example_complex' retrieved from /home/airflow/.local/lib/python3.12/site-packages/airflow/example_dags/example_complex.py
[2025-08-29T08:40:38.654+0000] {logging_mixin.py:190} INFO - [2025-08-29T08:40:38.654+0000] {dag.py:3239} INFO - Sync 1 DAGs
[2025-08-29T08:40:38.673+0000] {logging_mixin.py:190} INFO - [2025-08-29T08:40:38.673+0000] {dag.py:4180} INFO - Setting next_dagrun for example_complex to None, run_after=None
[2025-08-29T08:40:38.700+0000] {processor.py:208} INFO - Processing /home/airflow/.local/lib/python3.12/site-packages/airflow/example_dags/example_complex.py took 0.105 seconds
[2025-08-29T08:41:09.776+0000] {processor.py:186} INFO - Started process (PID=31840) to work on /home/airflow/.local/lib/python3.12/site-packages/airflow/example_dags/example_complex.py
[2025-08-29T08:41:09.778+0000] {processor.py:914} INFO - Processing file /home/airflow/.local/lib/python3.12/site-packages/airflow/example_dags/example_complex.py for tasks to queue
[2025-08-29T08:41:09.780+0000] {logging_mixin.py:190} INFO - [2025-08-29T08:41:09.780+0000] {dagbag.py:588} INFO - Filling up the DagBag from /home/airflow/.local/lib/python3.12/site-packages/airflow/example_dags/example_complex.py
[2025-08-29T08:41:09.791+0000] {processor.py:925} INFO - DAG(s) 'example_complex' retrieved from /home/airflow/.local/lib/python3.12/site-packages/airflow/example_dags/example_complex.py
[2025-08-29T08:41:09.836+0000] {logging_mixin.py:190} INFO - [2025-08-29T08:41:09.835+0000] {dag.py:3239} INFO - Sync 1 DAGs
[2025-08-29T08:41:09.858+0000] {logging_mixin.py:190} INFO - [2025-08-29T08:41:09.858+0000] {dag.py:4180} INFO - Setting next_dagrun for example_complex to None, run_after=None
[2025-08-29T08:41:09.883+0000] {processor.py:208} INFO - Processing /home/airflow/.local/lib/python3.12/site-packages/airflow/example_dags/example_complex.py took 0.114 seconds
[2025-08-29T08:41:40.678+0000] {processor.py:186} INFO - Started process (PID=31904) to work on /home/airflow/.local/lib/python3.12/site-packages/airflow/example_dags/example_complex.py
[2025-08-29T08:41:40.679+0000] {processor.py:914} INFO - Processing file /home/airflow/.local/lib/python3.12/site-packages/airflow/example_dags/example_complex.py for tasks to queue
[2025-08-29T08:41:40.682+0000] {logging_mixin.py:190} INFO - [2025-08-29T08:41:40.681+0000] {dagbag.py:588} INFO - Filling up the DagBag from /home/airflow/.local/lib/python3.12/site-packages/airflow/example_dags/example_complex.py
[2025-08-29T08:41:40.697+0000] {processor.py:925} INFO - DAG(s) 'example_complex' retrieved from /home/airflow/.local/lib/python3.12/site-packages/airflow/example_dags/example_complex.py
[2025-08-29T08:41:40.746+0000] {logging_mixin.py:190} INFO - [2025-08-29T08:41:40.746+0000] {dag.py:3239} INFO - Sync 1 DAGs
[2025-08-29T08:41:40.762+0000] {logging_mixin.py:190} INFO - [2025-08-29T08:41:40.761+0000] {dag.py:4180} INFO - Setting next_dagrun for example_complex to None, run_after=None
[2025-08-29T08:41:40.784+0000] {processor.py:208} INFO - Processing /home/airflow/.local/lib/python3.12/site-packages/airflow/example_dags/example_complex.py took 0.116 seconds
[2025-08-29T08:42:10.892+0000] {processor.py:186} INFO - Started process (PID=31968) to work on /home/airflow/.local/lib/python3.12/site-packages/airflow/example_dags/example_complex.py
[2025-08-29T08:42:10.893+0000] {processor.py:914} INFO - Processing file /home/airflow/.local/lib/python3.12/site-packages/airflow/example_dags/example_complex.py for tasks to queue
[2025-08-29T08:42:10.895+0000] {logging_mixin.py:190} INFO - [2025-08-29T08:42:10.895+0000] {dagbag.py:588} INFO - Filling up the DagBag from /home/airflow/.local/lib/python3.12/site-packages/airflow/example_dags/example_complex.py
[2025-08-29T08:42:10.907+0000] {processor.py:925} INFO - DAG(s) 'example_complex' retrieved from /home/airflow/.local/lib/python3.12/site-packages/airflow/example_dags/example_complex.py
[2025-08-29T08:42:10.962+0000] {logging_mixin.py:190} INFO - [2025-08-29T08:42:10.961+0000] {dag.py:3239} INFO - Sync 1 DAGs
[2025-08-29T08:42:10.989+0000] {logging_mixin.py:190} INFO - [2025-08-29T08:42:10.988+0000] {dag.py:4180} INFO - Setting next_dagrun for example_complex to None, run_after=None
[2025-08-29T08:42:11.021+0000] {processor.py:208} INFO - Processing /home/airflow/.local/lib/python3.12/site-packages/airflow/example_dags/example_complex.py took 0.136 seconds
[2025-08-29T08:42:41.821+0000] {processor.py:186} INFO - Started process (PID=32032) to work on /home/airflow/.local/lib/python3.12/site-packages/airflow/example_dags/example_complex.py
[2025-08-29T08:42:41.822+0000] {processor.py:914} INFO - Processing file /home/airflow/.local/lib/python3.12/site-packages/airflow/example_dags/example_complex.py for tasks to queue
[2025-08-29T08:42:41.825+0000] {logging_mixin.py:190} INFO - [2025-08-29T08:42:41.825+0000] {dagbag.py:588} INFO - Filling up the DagBag from /home/airflow/.local/lib/python3.12/site-packages/airflow/example_dags/example_complex.py
[2025-08-29T08:42:41.837+0000] {processor.py:925} INFO - DAG(s) 'example_complex' retrieved from /home/airflow/.local/lib/python3.12/site-packages/airflow/example_dags/example_complex.py
[2025-08-29T08:42:41.882+0000] {logging_mixin.py:190} INFO - [2025-08-29T08:42:41.881+0000] {dag.py:3239} INFO - Sync 1 DAGs
[2025-08-29T08:42:41.904+0000] {logging_mixin.py:190} INFO - [2025-08-29T08:42:41.903+0000] {dag.py:4180} INFO - Setting next_dagrun for example_complex to None, run_after=None
[2025-08-29T08:42:41.929+0000] {processor.py:208} INFO - Processing /home/airflow/.local/lib/python3.12/site-packages/airflow/example_dags/example_complex.py took 0.116 seconds
[2025-08-29T08:43:12.144+0000] {processor.py:186} INFO - Started process (PID=32096) to work on /home/airflow/.local/lib/python3.12/site-packages/airflow/example_dags/example_complex.py
[2025-08-29T08:43:12.145+0000] {processor.py:914} INFO - Processing file /home/airflow/.local/lib/python3.12/site-packages/airflow/example_dags/example_complex.py for tasks to queue
[2025-08-29T08:43:12.149+0000] {logging_mixin.py:190} INFO - [2025-08-29T08:43:12.148+0000] {dagbag.py:588} INFO - Filling up the DagBag from /home/airflow/.local/lib/python3.12/site-packages/airflow/example_dags/example_complex.py
[2025-08-29T08:43:12.169+0000] {processor.py:925} INFO - DAG(s) 'example_complex' retrieved from /home/airflow/.local/lib/python3.12/site-packages/airflow/example_dags/example_complex.py
[2025-08-29T08:43:12.218+0000] {logging_mixin.py:190} INFO - [2025-08-29T08:43:12.218+0000] {dag.py:3239} INFO - Sync 1 DAGs
[2025-08-29T08:43:12.242+0000] {logging_mixin.py:190} INFO - [2025-08-29T08:43:12.241+0000] {dag.py:4180} INFO - Setting next_dagrun for example_complex to None, run_after=None
[2025-08-29T08:43:12.270+0000] {processor.py:208} INFO - Processing /home/airflow/.local/lib/python3.12/site-packages/airflow/example_dags/example_complex.py took 0.136 seconds
[2025-08-29T08:43:42.877+0000] {processor.py:186} INFO - Started process (PID=32160) to work on /home/airflow/.local/lib/python3.12/site-packages/airflow/example_dags/example_complex.py
[2025-08-29T08:43:42.878+0000] {processor.py:914} INFO - Processing file /home/airflow/.local/lib/python3.12/site-packages/airflow/example_dags/example_complex.py for tasks to queue
[2025-08-29T08:43:42.881+0000] {logging_mixin.py:190} INFO - [2025-08-29T08:43:42.881+0000] {dagbag.py:588} INFO - Filling up the DagBag from /home/airflow/.local/lib/python3.12/site-packages/airflow/example_dags/example_complex.py
[2025-08-29T08:43:42.898+0000] {processor.py:925} INFO - DAG(s) 'example_complex' retrieved from /home/airflow/.local/lib/python3.12/site-packages/airflow/example_dags/example_complex.py
[2025-08-29T08:43:42.938+0000] {logging_mixin.py:190} INFO - [2025-08-29T08:43:42.938+0000] {dag.py:3239} INFO - Sync 1 DAGs
[2025-08-29T08:43:42.951+0000] {logging_mixin.py:190} INFO - [2025-08-29T08:43:42.950+0000] {dag.py:4180} INFO - Setting next_dagrun for example_complex to None, run_after=None
[2025-08-29T08:43:42.970+0000] {processor.py:208} INFO - Processing /home/airflow/.local/lib/python3.12/site-packages/airflow/example_dags/example_complex.py took 0.100 seconds
[2025-08-29T08:44:13.842+0000] {processor.py:186} INFO - Started process (PID=32224) to work on /home/airflow/.local/lib/python3.12/site-packages/airflow/example_dags/example_complex.py
[2025-08-29T08:44:13.843+0000] {processor.py:914} INFO - Processing file /home/airflow/.local/lib/python3.12/site-packages/airflow/example_dags/example_complex.py for tasks to queue
[2025-08-29T08:44:13.845+0000] {logging_mixin.py:190} INFO - [2025-08-29T08:44:13.844+0000] {dagbag.py:588} INFO - Filling up the DagBag from /home/airflow/.local/lib/python3.12/site-packages/airflow/example_dags/example_complex.py
[2025-08-29T08:44:13.852+0000] {processor.py:925} INFO - DAG(s) 'example_complex' retrieved from /home/airflow/.local/lib/python3.12/site-packages/airflow/example_dags/example_complex.py
[2025-08-29T08:44:13.877+0000] {logging_mixin.py:190} INFO - [2025-08-29T08:44:13.877+0000] {dag.py:3239} INFO - Sync 1 DAGs
[2025-08-29T08:44:13.887+0000] {logging_mixin.py:190} INFO - [2025-08-29T08:44:13.887+0000] {dag.py:4180} INFO - Setting next_dagrun for example_complex to None, run_after=None
[2025-08-29T08:44:13.905+0000] {processor.py:208} INFO - Processing /home/airflow/.local/lib/python3.12/site-packages/airflow/example_dags/example_complex.py took 0.068 seconds
[2025-08-29T08:44:44.409+0000] {processor.py:186} INFO - Started process (PID=32288) to work on /home/airflow/.local/lib/python3.12/site-packages/airflow/example_dags/example_complex.py
[2025-08-29T08:44:44.410+0000] {processor.py:914} INFO - Processing file /home/airflow/.local/lib/python3.12/site-packages/airflow/example_dags/example_complex.py for tasks to queue
[2025-08-29T08:44:44.412+0000] {logging_mixin.py:190} INFO - [2025-08-29T08:44:44.412+0000] {dagbag.py:588} INFO - Filling up the DagBag from /home/airflow/.local/lib/python3.12/site-packages/airflow/example_dags/example_complex.py
[2025-08-29T08:44:44.426+0000] {processor.py:925} INFO - DAG(s) 'example_complex' retrieved from /home/airflow/.local/lib/python3.12/site-packages/airflow/example_dags/example_complex.py
[2025-08-29T08:44:44.460+0000] {logging_mixin.py:190} INFO - [2025-08-29T08:44:44.460+0000] {dag.py:3239} INFO - Sync 1 DAGs
[2025-08-29T08:44:44.478+0000] {logging_mixin.py:190} INFO - [2025-08-29T08:44:44.477+0000] {dag.py:4180} INFO - Setting next_dagrun for example_complex to None, run_after=None
[2025-08-29T08:44:44.498+0000] {processor.py:208} INFO - Processing /home/airflow/.local/lib/python3.12/site-packages/airflow/example_dags/example_complex.py took 0.095 seconds
[2025-08-29T08:45:14.994+0000] {processor.py:186} INFO - Started process (PID=32352) to work on /home/airflow/.local/lib/python3.12/site-packages/airflow/example_dags/example_complex.py
[2025-08-29T08:45:14.994+0000] {processor.py:914} INFO - Processing file /home/airflow/.local/lib/python3.12/site-packages/airflow/example_dags/example_complex.py for tasks to queue
[2025-08-29T08:45:14.996+0000] {logging_mixin.py:190} INFO - [2025-08-29T08:45:14.996+0000] {dagbag.py:588} INFO - Filling up the DagBag from /home/airflow/.local/lib/python3.12/site-packages/airflow/example_dags/example_complex.py
[2025-08-29T08:45:15.003+0000] {processor.py:925} INFO - DAG(s) 'example_complex' retrieved from /home/airflow/.local/lib/python3.12/site-packages/airflow/example_dags/example_complex.py
[2025-08-29T08:45:15.028+0000] {logging_mixin.py:190} INFO - [2025-08-29T08:45:15.028+0000] {dag.py:3239} INFO - Sync 1 DAGs
[2025-08-29T08:45:15.039+0000] {logging_mixin.py:190} INFO - [2025-08-29T08:45:15.039+0000] {dag.py:4180} INFO - Setting next_dagrun for example_complex to None, run_after=None
[2025-08-29T08:45:15.058+0000] {processor.py:208} INFO - Processing /home/airflow/.local/lib/python3.12/site-packages/airflow/example_dags/example_complex.py took 0.068 seconds
[2025-08-29T08:45:45.607+0000] {processor.py:186} INFO - Started process (PID=32416) to work on /home/airflow/.local/lib/python3.12/site-packages/airflow/example_dags/example_complex.py
[2025-08-29T08:45:45.607+0000] {processor.py:914} INFO - Processing file /home/airflow/.local/lib/python3.12/site-packages/airflow/example_dags/example_complex.py for tasks to queue
[2025-08-29T08:45:45.608+0000] {logging_mixin.py:190} INFO - [2025-08-29T08:45:45.608+0000] {dagbag.py:588} INFO - Filling up the DagBag from /home/airflow/.local/lib/python3.12/site-packages/airflow/example_dags/example_complex.py
[2025-08-29T08:45:45.615+0000] {processor.py:925} INFO - DAG(s) 'example_complex' retrieved from /home/airflow/.local/lib/python3.12/site-packages/airflow/example_dags/example_complex.py
[2025-08-29T08:45:45.639+0000] {logging_mixin.py:190} INFO - [2025-08-29T08:45:45.639+0000] {dag.py:3239} INFO - Sync 1 DAGs
[2025-08-29T08:45:45.651+0000] {logging_mixin.py:190} INFO - [2025-08-29T08:45:45.651+0000] {dag.py:4180} INFO - Setting next_dagrun for example_complex to None, run_after=None
[2025-08-29T08:45:45.670+0000] {processor.py:208} INFO - Processing /home/airflow/.local/lib/python3.12/site-packages/airflow/example_dags/example_complex.py took 0.069 seconds
[2025-08-29T08:46:16.176+0000] {processor.py:186} INFO - Started process (PID=32480) to work on /home/airflow/.local/lib/python3.12/site-packages/airflow/example_dags/example_complex.py
[2025-08-29T08:46:16.177+0000] {processor.py:914} INFO - Processing file /home/airflow/.local/lib/python3.12/site-packages/airflow/example_dags/example_complex.py for tasks to queue
[2025-08-29T08:46:16.178+0000] {logging_mixin.py:190} INFO - [2025-08-29T08:46:16.178+0000] {dagbag.py:588} INFO - Filling up the DagBag from /home/airflow/.local/lib/python3.12/site-packages/airflow/example_dags/example_complex.py
[2025-08-29T08:46:16.185+0000] {processor.py:925} INFO - DAG(s) 'example_complex' retrieved from /home/airflow/.local/lib/python3.12/site-packages/airflow/example_dags/example_complex.py
[2025-08-29T08:46:16.212+0000] {logging_mixin.py:190} INFO - [2025-08-29T08:46:16.212+0000] {dag.py:3239} INFO - Sync 1 DAGs
[2025-08-29T08:46:16.222+0000] {logging_mixin.py:190} INFO - [2025-08-29T08:46:16.221+0000] {dag.py:4180} INFO - Setting next_dagrun for example_complex to None, run_after=None
[2025-08-29T08:46:16.240+0000] {processor.py:208} INFO - Processing /home/airflow/.local/lib/python3.12/site-packages/airflow/example_dags/example_complex.py took 0.069 seconds
[2025-08-29T08:46:46.595+0000] {processor.py:186} INFO - Started process (PID=32544) to work on /home/airflow/.local/lib/python3.12/site-packages/airflow/example_dags/example_complex.py
[2025-08-29T08:46:46.595+0000] {processor.py:914} INFO - Processing file /home/airflow/.local/lib/python3.12/site-packages/airflow/example_dags/example_complex.py for tasks to queue
[2025-08-29T08:46:46.597+0000] {logging_mixin.py:190} INFO - [2025-08-29T08:46:46.596+0000] {dagbag.py:588} INFO - Filling up the DagBag from /home/airflow/.local/lib/python3.12/site-packages/airflow/example_dags/example_complex.py
[2025-08-29T08:46:46.604+0000] {processor.py:925} INFO - DAG(s) 'example_complex' retrieved from /home/airflow/.local/lib/python3.12/site-packages/airflow/example_dags/example_complex.py
[2025-08-29T08:46:46.630+0000] {logging_mixin.py:190} INFO - [2025-08-29T08:46:46.630+0000] {dag.py:3239} INFO - Sync 1 DAGs
[2025-08-29T08:46:46.639+0000] {logging_mixin.py:190} INFO - [2025-08-29T08:46:46.639+0000] {dag.py:4180} INFO - Setting next_dagrun for example_complex to None, run_after=None
[2025-08-29T08:46:46.657+0000] {processor.py:208} INFO - Processing /home/airflow/.local/lib/python3.12/site-packages/airflow/example_dags/example_complex.py took 0.067 seconds
[2025-08-29T08:47:16.837+0000] {processor.py:186} INFO - Started process (PID=32608) to work on /home/airflow/.local/lib/python3.12/site-packages/airflow/example_dags/example_complex.py
[2025-08-29T08:47:16.838+0000] {processor.py:914} INFO - Processing file /home/airflow/.local/lib/python3.12/site-packages/airflow/example_dags/example_complex.py for tasks to queue
[2025-08-29T08:47:16.839+0000] {logging_mixin.py:190} INFO - [2025-08-29T08:47:16.839+0000] {dagbag.py:588} INFO - Filling up the DagBag from /home/airflow/.local/lib/python3.12/site-packages/airflow/example_dags/example_complex.py
[2025-08-29T08:47:16.847+0000] {processor.py:925} INFO - DAG(s) 'example_complex' retrieved from /home/airflow/.local/lib/python3.12/site-packages/airflow/example_dags/example_complex.py
[2025-08-29T08:47:16.877+0000] {logging_mixin.py:190} INFO - [2025-08-29T08:47:16.877+0000] {dag.py:3239} INFO - Sync 1 DAGs
[2025-08-29T08:47:16.890+0000] {logging_mixin.py:190} INFO - [2025-08-29T08:47:16.890+0000] {dag.py:4180} INFO - Setting next_dagrun for example_complex to None, run_after=None
[2025-08-29T08:47:16.905+0000] {processor.py:208} INFO - Processing /home/airflow/.local/lib/python3.12/site-packages/airflow/example_dags/example_complex.py took 0.076 seconds
[2025-08-29T08:47:47.173+0000] {processor.py:186} INFO - Started process (PID=32672) to work on /home/airflow/.local/lib/python3.12/site-packages/airflow/example_dags/example_complex.py
[2025-08-29T08:47:47.173+0000] {processor.py:914} INFO - Processing file /home/airflow/.local/lib/python3.12/site-packages/airflow/example_dags/example_complex.py for tasks to queue
[2025-08-29T08:47:47.174+0000] {logging_mixin.py:190} INFO - [2025-08-29T08:47:47.174+0000] {dagbag.py:588} INFO - Filling up the DagBag from /home/airflow/.local/lib/python3.12/site-packages/airflow/example_dags/example_complex.py
[2025-08-29T08:47:47.181+0000] {processor.py:925} INFO - DAG(s) 'example_complex' retrieved from /home/airflow/.local/lib/python3.12/site-packages/airflow/example_dags/example_complex.py
[2025-08-29T08:47:47.206+0000] {logging_mixin.py:190} INFO - [2025-08-29T08:47:47.205+0000] {dag.py:3239} INFO - Sync 1 DAGs
[2025-08-29T08:47:47.214+0000] {logging_mixin.py:190} INFO - [2025-08-29T08:47:47.214+0000] {dag.py:4180} INFO - Setting next_dagrun for example_complex to None, run_after=None
[2025-08-29T08:47:47.223+0000] {processor.py:208} INFO - Processing /home/airflow/.local/lib/python3.12/site-packages/airflow/example_dags/example_complex.py took 0.054 seconds
[2025-08-29T08:48:17.627+0000] {processor.py:186} INFO - Started process (PID=32736) to work on /home/airflow/.local/lib/python3.12/site-packages/airflow/example_dags/example_complex.py
[2025-08-29T08:48:17.628+0000] {processor.py:914} INFO - Processing file /home/airflow/.local/lib/python3.12/site-packages/airflow/example_dags/example_complex.py for tasks to queue
[2025-08-29T08:48:17.631+0000] {logging_mixin.py:190} INFO - [2025-08-29T08:48:17.630+0000] {dagbag.py:588} INFO - Filling up the DagBag from /home/airflow/.local/lib/python3.12/site-packages/airflow/example_dags/example_complex.py
[2025-08-29T08:48:17.639+0000] {processor.py:925} INFO - DAG(s) 'example_complex' retrieved from /home/airflow/.local/lib/python3.12/site-packages/airflow/example_dags/example_complex.py
[2025-08-29T08:48:17.661+0000] {logging_mixin.py:190} INFO - [2025-08-29T08:48:17.661+0000] {dag.py:3239} INFO - Sync 1 DAGs
[2025-08-29T08:48:17.671+0000] {logging_mixin.py:190} INFO - [2025-08-29T08:48:17.671+0000] {dag.py:4180} INFO - Setting next_dagrun for example_complex to None, run_after=None
[2025-08-29T08:48:17.690+0000] {processor.py:208} INFO - Processing /home/airflow/.local/lib/python3.12/site-packages/airflow/example_dags/example_complex.py took 0.070 seconds
[2025-08-29T08:48:48.023+0000] {processor.py:186} INFO - Started process (PID=32800) to work on /home/airflow/.local/lib/python3.12/site-packages/airflow/example_dags/example_complex.py
[2025-08-29T08:48:48.023+0000] {processor.py:914} INFO - Processing file /home/airflow/.local/lib/python3.12/site-packages/airflow/example_dags/example_complex.py for tasks to queue
[2025-08-29T08:48:48.025+0000] {logging_mixin.py:190} INFO - [2025-08-29T08:48:48.025+0000] {dagbag.py:588} INFO - Filling up the DagBag from /home/airflow/.local/lib/python3.12/site-packages/airflow/example_dags/example_complex.py
[2025-08-29T08:48:48.032+0000] {processor.py:925} INFO - DAG(s) 'example_complex' retrieved from /home/airflow/.local/lib/python3.12/site-packages/airflow/example_dags/example_complex.py
[2025-08-29T08:48:48.064+0000] {logging_mixin.py:190} INFO - [2025-08-29T08:48:48.063+0000] {dag.py:3239} INFO - Sync 1 DAGs
[2025-08-29T08:48:48.082+0000] {logging_mixin.py:190} INFO - [2025-08-29T08:48:48.081+0000] {dag.py:4180} INFO - Setting next_dagrun for example_complex to None, run_after=None
[2025-08-29T08:48:48.103+0000] {processor.py:208} INFO - Processing /home/airflow/.local/lib/python3.12/site-packages/airflow/example_dags/example_complex.py took 0.088 seconds
[2025-08-29T08:49:18.428+0000] {processor.py:186} INFO - Started process (PID=32864) to work on /home/airflow/.local/lib/python3.12/site-packages/airflow/example_dags/example_complex.py
[2025-08-29T08:49:18.428+0000] {processor.py:914} INFO - Processing file /home/airflow/.local/lib/python3.12/site-packages/airflow/example_dags/example_complex.py for tasks to queue
[2025-08-29T08:49:18.430+0000] {logging_mixin.py:190} INFO - [2025-08-29T08:49:18.430+0000] {dagbag.py:588} INFO - Filling up the DagBag from /home/airflow/.local/lib/python3.12/site-packages/airflow/example_dags/example_complex.py
[2025-08-29T08:49:18.439+0000] {processor.py:925} INFO - DAG(s) 'example_complex' retrieved from /home/airflow/.local/lib/python3.12/site-packages/airflow/example_dags/example_complex.py
[2025-08-29T08:49:18.464+0000] {logging_mixin.py:190} INFO - [2025-08-29T08:49:18.464+0000] {dag.py:3239} INFO - Sync 1 DAGs
[2025-08-29T08:49:18.474+0000] {logging_mixin.py:190} INFO - [2025-08-29T08:49:18.474+0000] {dag.py:4180} INFO - Setting next_dagrun for example_complex to None, run_after=None
[2025-08-29T08:49:18.488+0000] {processor.py:208} INFO - Processing /home/airflow/.local/lib/python3.12/site-packages/airflow/example_dags/example_complex.py took 0.068 seconds
[2025-08-29T08:49:48.894+0000] {processor.py:186} INFO - Started process (PID=32928) to work on /home/airflow/.local/lib/python3.12/site-packages/airflow/example_dags/example_complex.py
[2025-08-29T08:49:48.895+0000] {processor.py:914} INFO - Processing file /home/airflow/.local/lib/python3.12/site-packages/airflow/example_dags/example_complex.py for tasks to queue
[2025-08-29T08:49:48.897+0000] {logging_mixin.py:190} INFO - [2025-08-29T08:49:48.897+0000] {dagbag.py:588} INFO - Filling up the DagBag from /home/airflow/.local/lib/python3.12/site-packages/airflow/example_dags/example_complex.py
[2025-08-29T08:49:48.909+0000] {processor.py:925} INFO - DAG(s) 'example_complex' retrieved from /home/airflow/.local/lib/python3.12/site-packages/airflow/example_dags/example_complex.py
[2025-08-29T08:49:48.938+0000] {logging_mixin.py:190} INFO - [2025-08-29T08:49:48.938+0000] {dag.py:3239} INFO - Sync 1 DAGs
[2025-08-29T08:49:48.947+0000] {logging_mixin.py:190} INFO - [2025-08-29T08:49:48.946+0000] {dag.py:4180} INFO - Setting next_dagrun for example_complex to None, run_after=None
[2025-08-29T08:49:48.959+0000] {processor.py:208} INFO - Processing /home/airflow/.local/lib/python3.12/site-packages/airflow/example_dags/example_complex.py took 0.071 seconds
[2025-08-29T08:50:19.418+0000] {processor.py:186} INFO - Started process (PID=32992) to work on /home/airflow/.local/lib/python3.12/site-packages/airflow/example_dags/example_complex.py
[2025-08-29T08:50:19.419+0000] {processor.py:914} INFO - Processing file /home/airflow/.local/lib/python3.12/site-packages/airflow/example_dags/example_complex.py for tasks to queue
[2025-08-29T08:50:19.421+0000] {logging_mixin.py:190} INFO - [2025-08-29T08:50:19.420+0000] {dagbag.py:588} INFO - Filling up the DagBag from /home/airflow/.local/lib/python3.12/site-packages/airflow/example_dags/example_complex.py
[2025-08-29T08:50:19.428+0000] {processor.py:925} INFO - DAG(s) 'example_complex' retrieved from /home/airflow/.local/lib/python3.12/site-packages/airflow/example_dags/example_complex.py
[2025-08-29T08:50:19.456+0000] {logging_mixin.py:190} INFO - [2025-08-29T08:50:19.455+0000] {dag.py:3239} INFO - Sync 1 DAGs
[2025-08-29T08:50:19.468+0000] {logging_mixin.py:190} INFO - [2025-08-29T08:50:19.468+0000] {dag.py:4180} INFO - Setting next_dagrun for example_complex to None, run_after=None
[2025-08-29T08:50:19.488+0000] {processor.py:208} INFO - Processing /home/airflow/.local/lib/python3.12/site-packages/airflow/example_dags/example_complex.py took 0.078 seconds
[2025-08-29T08:50:49.756+0000] {processor.py:186} INFO - Started process (PID=33056) to work on /home/airflow/.local/lib/python3.12/site-packages/airflow/example_dags/example_complex.py
[2025-08-29T08:50:49.757+0000] {processor.py:914} INFO - Processing file /home/airflow/.local/lib/python3.12/site-packages/airflow/example_dags/example_complex.py for tasks to queue
[2025-08-29T08:50:49.758+0000] {logging_mixin.py:190} INFO - [2025-08-29T08:50:49.758+0000] {dagbag.py:588} INFO - Filling up the DagBag from /home/airflow/.local/lib/python3.12/site-packages/airflow/example_dags/example_complex.py
[2025-08-29T08:50:49.765+0000] {processor.py:925} INFO - DAG(s) 'example_complex' retrieved from /home/airflow/.local/lib/python3.12/site-packages/airflow/example_dags/example_complex.py
[2025-08-29T08:50:49.788+0000] {logging_mixin.py:190} INFO - [2025-08-29T08:50:49.788+0000] {dag.py:3239} INFO - Sync 1 DAGs
[2025-08-29T08:50:49.797+0000] {logging_mixin.py:190} INFO - [2025-08-29T08:50:49.797+0000] {dag.py:4180} INFO - Setting next_dagrun for example_complex to None, run_after=None
[2025-08-29T08:50:49.809+0000] {processor.py:208} INFO - Processing /home/airflow/.local/lib/python3.12/site-packages/airflow/example_dags/example_complex.py took 0.058 seconds
[2025-08-29T08:51:19.913+0000] {processor.py:186} INFO - Started process (PID=33120) to work on /home/airflow/.local/lib/python3.12/site-packages/airflow/example_dags/example_complex.py
[2025-08-29T08:51:19.913+0000] {processor.py:914} INFO - Processing file /home/airflow/.local/lib/python3.12/site-packages/airflow/example_dags/example_complex.py for tasks to queue
[2025-08-29T08:51:19.915+0000] {logging_mixin.py:190} INFO - [2025-08-29T08:51:19.914+0000] {dagbag.py:588} INFO - Filling up the DagBag from /home/airflow/.local/lib/python3.12/site-packages/airflow/example_dags/example_complex.py
[2025-08-29T08:51:19.922+0000] {processor.py:925} INFO - DAG(s) 'example_complex' retrieved from /home/airflow/.local/lib/python3.12/site-packages/airflow/example_dags/example_complex.py
[2025-08-29T08:51:19.945+0000] {logging_mixin.py:190} INFO - [2025-08-29T08:51:19.945+0000] {dag.py:3239} INFO - Sync 1 DAGs
[2025-08-29T08:51:19.955+0000] {logging_mixin.py:190} INFO - [2025-08-29T08:51:19.955+0000] {dag.py:4180} INFO - Setting next_dagrun for example_complex to None, run_after=None
[2025-08-29T08:51:19.971+0000] {processor.py:208} INFO - Processing /home/airflow/.local/lib/python3.12/site-packages/airflow/example_dags/example_complex.py took 0.062 seconds
[2025-08-29T08:51:50.298+0000] {processor.py:186} INFO - Started process (PID=33184) to work on /home/airflow/.local/lib/python3.12/site-packages/airflow/example_dags/example_complex.py
[2025-08-29T08:51:50.299+0000] {processor.py:914} INFO - Processing file /home/airflow/.local/lib/python3.12/site-packages/airflow/example_dags/example_complex.py for tasks to queue
[2025-08-29T08:51:50.300+0000] {logging_mixin.py:190} INFO - [2025-08-29T08:51:50.300+0000] {dagbag.py:588} INFO - Filling up the DagBag from /home/airflow/.local/lib/python3.12/site-packages/airflow/example_dags/example_complex.py
[2025-08-29T08:51:50.307+0000] {processor.py:925} INFO - DAG(s) 'example_complex' retrieved from /home/airflow/.local/lib/python3.12/site-packages/airflow/example_dags/example_complex.py
[2025-08-29T08:51:50.332+0000] {logging_mixin.py:190} INFO - [2025-08-29T08:51:50.332+0000] {dag.py:3239} INFO - Sync 1 DAGs
[2025-08-29T08:51:50.343+0000] {logging_mixin.py:190} INFO - [2025-08-29T08:51:50.343+0000] {dag.py:4180} INFO - Setting next_dagrun for example_complex to None, run_after=None
[2025-08-29T08:51:50.359+0000] {processor.py:208} INFO - Processing /home/airflow/.local/lib/python3.12/site-packages/airflow/example_dags/example_complex.py took 0.065 seconds
[2025-08-29T08:52:20.583+0000] {processor.py:186} INFO - Started process (PID=33248) to work on /home/airflow/.local/lib/python3.12/site-packages/airflow/example_dags/example_complex.py
[2025-08-29T08:52:20.583+0000] {processor.py:914} INFO - Processing file /home/airflow/.local/lib/python3.12/site-packages/airflow/example_dags/example_complex.py for tasks to queue
[2025-08-29T08:52:20.585+0000] {logging_mixin.py:190} INFO - [2025-08-29T08:52:20.584+0000] {dagbag.py:588} INFO - Filling up the DagBag from /home/airflow/.local/lib/python3.12/site-packages/airflow/example_dags/example_complex.py
[2025-08-29T08:52:20.593+0000] {processor.py:925} INFO - DAG(s) 'example_complex' retrieved from /home/airflow/.local/lib/python3.12/site-packages/airflow/example_dags/example_complex.py
[2025-08-29T08:52:20.624+0000] {logging_mixin.py:190} INFO - [2025-08-29T08:52:20.624+0000] {dag.py:3239} INFO - Sync 1 DAGs
[2025-08-29T08:52:20.641+0000] {logging_mixin.py:190} INFO - [2025-08-29T08:52:20.641+0000] {dag.py:4180} INFO - Setting next_dagrun for example_complex to None, run_after=None
[2025-08-29T08:52:20.664+0000] {processor.py:208} INFO - Processing /home/airflow/.local/lib/python3.12/site-packages/airflow/example_dags/example_complex.py took 0.085 seconds
[2025-08-29T08:52:50.893+0000] {processor.py:186} INFO - Started process (PID=33312) to work on /home/airflow/.local/lib/python3.12/site-packages/airflow/example_dags/example_complex.py
[2025-08-29T08:52:50.894+0000] {processor.py:914} INFO - Processing file /home/airflow/.local/lib/python3.12/site-packages/airflow/example_dags/example_complex.py for tasks to queue
[2025-08-29T08:52:50.897+0000] {logging_mixin.py:190} INFO - [2025-08-29T08:52:50.896+0000] {dagbag.py:588} INFO - Filling up the DagBag from /home/airflow/.local/lib/python3.12/site-packages/airflow/example_dags/example_complex.py
[2025-08-29T08:52:50.906+0000] {processor.py:925} INFO - DAG(s) 'example_complex' retrieved from /home/airflow/.local/lib/python3.12/site-packages/airflow/example_dags/example_complex.py
[2025-08-29T08:52:50.938+0000] {logging_mixin.py:190} INFO - [2025-08-29T08:52:50.938+0000] {dag.py:3239} INFO - Sync 1 DAGs
[2025-08-29T08:52:50.949+0000] {logging_mixin.py:190} INFO - [2025-08-29T08:52:50.949+0000] {dag.py:4180} INFO - Setting next_dagrun for example_complex to None, run_after=None
[2025-08-29T08:52:50.964+0000] {processor.py:208} INFO - Processing /home/airflow/.local/lib/python3.12/site-packages/airflow/example_dags/example_complex.py took 0.077 seconds
[2025-08-29T08:53:21.286+0000] {processor.py:186} INFO - Started process (PID=33376) to work on /home/airflow/.local/lib/python3.12/site-packages/airflow/example_dags/example_complex.py
[2025-08-29T08:53:21.287+0000] {processor.py:914} INFO - Processing file /home/airflow/.local/lib/python3.12/site-packages/airflow/example_dags/example_complex.py for tasks to queue
[2025-08-29T08:53:21.289+0000] {logging_mixin.py:190} INFO - [2025-08-29T08:53:21.289+0000] {dagbag.py:588} INFO - Filling up the DagBag from /home/airflow/.local/lib/python3.12/site-packages/airflow/example_dags/example_complex.py
[2025-08-29T08:53:21.296+0000] {processor.py:925} INFO - DAG(s) 'example_complex' retrieved from /home/airflow/.local/lib/python3.12/site-packages/airflow/example_dags/example_complex.py
[2025-08-29T08:53:21.326+0000] {logging_mixin.py:190} INFO - [2025-08-29T08:53:21.326+0000] {dag.py:3239} INFO - Sync 1 DAGs
[2025-08-29T08:53:21.342+0000] {logging_mixin.py:190} INFO - [2025-08-29T08:53:21.342+0000] {dag.py:4180} INFO - Setting next_dagrun for example_complex to None, run_after=None
[2025-08-29T08:53:21.359+0000] {processor.py:208} INFO - Processing /home/airflow/.local/lib/python3.12/site-packages/airflow/example_dags/example_complex.py took 0.079 seconds
[2025-08-29T08:53:51.562+0000] {processor.py:186} INFO - Started process (PID=33440) to work on /home/airflow/.local/lib/python3.12/site-packages/airflow/example_dags/example_complex.py
[2025-08-29T08:53:51.563+0000] {processor.py:914} INFO - Processing file /home/airflow/.local/lib/python3.12/site-packages/airflow/example_dags/example_complex.py for tasks to queue
[2025-08-29T08:53:51.565+0000] {logging_mixin.py:190} INFO - [2025-08-29T08:53:51.565+0000] {dagbag.py:588} INFO - Filling up the DagBag from /home/airflow/.local/lib/python3.12/site-packages/airflow/example_dags/example_complex.py
[2025-08-29T08:53:51.578+0000] {processor.py:925} INFO - DAG(s) 'example_complex' retrieved from /home/airflow/.local/lib/python3.12/site-packages/airflow/example_dags/example_complex.py
[2025-08-29T08:53:51.606+0000] {logging_mixin.py:190} INFO - [2025-08-29T08:53:51.605+0000] {dag.py:3239} INFO - Sync 1 DAGs
[2025-08-29T08:53:51.622+0000] {logging_mixin.py:190} INFO - [2025-08-29T08:53:51.621+0000] {dag.py:4180} INFO - Setting next_dagrun for example_complex to None, run_after=None
[2025-08-29T08:53:51.641+0000] {processor.py:208} INFO - Processing /home/airflow/.local/lib/python3.12/site-packages/airflow/example_dags/example_complex.py took 0.085 seconds
