[2025-08-29T08:40:39.888+0000] {processor.py:186} INFO - Started process (PID=31792) to work on /home/airflow/.local/lib/python3.12/site-packages/airflow/example_dags/example_branch_python_dop_operator_3.py
[2025-08-29T08:40:39.889+0000] {processor.py:914} INFO - Processing file /home/airflow/.local/lib/python3.12/site-packages/airflow/example_dags/example_branch_python_dop_operator_3.py for tasks to queue
[2025-08-29T08:40:39.891+0000] {logging_mixin.py:190} INFO - [2025-08-29T08:40:39.891+0000] {dagbag.py:588} INFO - Filling up the DagBag from /home/airflow/.local/lib/python3.12/site-packages/airflow/example_dags/example_branch_python_dop_operator_3.py
[2025-08-29T08:40:39.903+0000] {processor.py:925} INFO - DAG(s) 'example_branch_dop_operator_v3' retrieved from /home/airflow/.local/lib/python3.12/site-packages/airflow/example_dags/example_branch_python_dop_operator_3.py
[2025-08-29T08:40:39.929+0000] {logging_mixin.py:190} INFO - [2025-08-29T08:40:39.929+0000] {dag.py:3239} INFO - Sync 1 DAGs
[2025-08-29T08:40:39.963+0000] {logging_mixin.py:190} INFO - [2025-08-29T08:40:39.963+0000] {dag.py:4180} INFO - Setting next_dagrun for example_branch_dop_operator_v3 to 2025-08-29 08:39:00+00:00, run_after=2025-08-29 08:40:00+00:00
[2025-08-29T08:40:39.989+0000] {processor.py:208} INFO - Processing /home/airflow/.local/lib/python3.12/site-packages/airflow/example_dags/example_branch_python_dop_operator_3.py took 0.108 seconds
[2025-08-29T08:41:10.903+0000] {processor.py:186} INFO - Started process (PID=31856) to work on /home/airflow/.local/lib/python3.12/site-packages/airflow/example_dags/example_branch_python_dop_operator_3.py
[2025-08-29T08:41:10.903+0000] {processor.py:914} INFO - Processing file /home/airflow/.local/lib/python3.12/site-packages/airflow/example_dags/example_branch_python_dop_operator_3.py for tasks to queue
[2025-08-29T08:41:10.906+0000] {logging_mixin.py:190} INFO - [2025-08-29T08:41:10.906+0000] {dagbag.py:588} INFO - Filling up the DagBag from /home/airflow/.local/lib/python3.12/site-packages/airflow/example_dags/example_branch_python_dop_operator_3.py
[2025-08-29T08:41:10.918+0000] {processor.py:925} INFO - DAG(s) 'example_branch_dop_operator_v3' retrieved from /home/airflow/.local/lib/python3.12/site-packages/airflow/example_dags/example_branch_python_dop_operator_3.py
[2025-08-29T08:41:10.944+0000] {logging_mixin.py:190} INFO - [2025-08-29T08:41:10.944+0000] {dag.py:3239} INFO - Sync 1 DAGs
[2025-08-29T08:41:10.970+0000] {logging_mixin.py:190} INFO - [2025-08-29T08:41:10.969+0000] {dag.py:4180} INFO - Setting next_dagrun for example_branch_dop_operator_v3 to 2025-08-29 08:40:00+00:00, run_after=2025-08-29 08:41:00+00:00
[2025-08-29T08:41:10.989+0000] {processor.py:208} INFO - Processing /home/airflow/.local/lib/python3.12/site-packages/airflow/example_dags/example_branch_python_dop_operator_3.py took 0.093 seconds
[2025-08-29T08:41:42.109+0000] {processor.py:186} INFO - Started process (PID=31920) to work on /home/airflow/.local/lib/python3.12/site-packages/airflow/example_dags/example_branch_python_dop_operator_3.py
[2025-08-29T08:41:42.110+0000] {processor.py:914} INFO - Processing file /home/airflow/.local/lib/python3.12/site-packages/airflow/example_dags/example_branch_python_dop_operator_3.py for tasks to queue
[2025-08-29T08:41:42.113+0000] {logging_mixin.py:190} INFO - [2025-08-29T08:41:42.113+0000] {dagbag.py:588} INFO - Filling up the DagBag from /home/airflow/.local/lib/python3.12/site-packages/airflow/example_dags/example_branch_python_dop_operator_3.py
[2025-08-29T08:41:42.126+0000] {processor.py:925} INFO - DAG(s) 'example_branch_dop_operator_v3' retrieved from /home/airflow/.local/lib/python3.12/site-packages/airflow/example_dags/example_branch_python_dop_operator_3.py
[2025-08-29T08:41:42.161+0000] {logging_mixin.py:190} INFO - [2025-08-29T08:41:42.161+0000] {dag.py:3239} INFO - Sync 1 DAGs
[2025-08-29T08:41:42.215+0000] {logging_mixin.py:190} INFO - [2025-08-29T08:41:42.215+0000] {dag.py:4180} INFO - Setting next_dagrun for example_branch_dop_operator_v3 to 2025-08-29 08:40:00+00:00, run_after=2025-08-29 08:41:00+00:00
[2025-08-29T08:41:42.247+0000] {processor.py:208} INFO - Processing /home/airflow/.local/lib/python3.12/site-packages/airflow/example_dags/example_branch_python_dop_operator_3.py took 0.146 seconds
[2025-08-29T08:42:12.390+0000] {processor.py:186} INFO - Started process (PID=31985) to work on /home/airflow/.local/lib/python3.12/site-packages/airflow/example_dags/example_branch_python_dop_operator_3.py
[2025-08-29T08:42:12.391+0000] {processor.py:914} INFO - Processing file /home/airflow/.local/lib/python3.12/site-packages/airflow/example_dags/example_branch_python_dop_operator_3.py for tasks to queue
[2025-08-29T08:42:12.395+0000] {logging_mixin.py:190} INFO - [2025-08-29T08:42:12.394+0000] {dagbag.py:588} INFO - Filling up the DagBag from /home/airflow/.local/lib/python3.12/site-packages/airflow/example_dags/example_branch_python_dop_operator_3.py
[2025-08-29T08:42:12.413+0000] {processor.py:925} INFO - DAG(s) 'example_branch_dop_operator_v3' retrieved from /home/airflow/.local/lib/python3.12/site-packages/airflow/example_dags/example_branch_python_dop_operator_3.py
[2025-08-29T08:42:12.442+0000] {logging_mixin.py:190} INFO - [2025-08-29T08:42:12.442+0000] {dag.py:3239} INFO - Sync 1 DAGs
[2025-08-29T08:42:12.479+0000] {logging_mixin.py:190} INFO - [2025-08-29T08:42:12.479+0000] {dag.py:4180} INFO - Setting next_dagrun for example_branch_dop_operator_v3 to 2025-08-29 08:41:00+00:00, run_after=2025-08-29 08:42:00+00:00
[2025-08-29T08:42:12.505+0000] {processor.py:208} INFO - Processing /home/airflow/.local/lib/python3.12/site-packages/airflow/example_dags/example_branch_python_dop_operator_3.py took 0.125 seconds
[2025-08-29T08:42:43.135+0000] {processor.py:186} INFO - Started process (PID=32048) to work on /home/airflow/.local/lib/python3.12/site-packages/airflow/example_dags/example_branch_python_dop_operator_3.py
[2025-08-29T08:42:43.136+0000] {processor.py:914} INFO - Processing file /home/airflow/.local/lib/python3.12/site-packages/airflow/example_dags/example_branch_python_dop_operator_3.py for tasks to queue
[2025-08-29T08:42:43.139+0000] {logging_mixin.py:190} INFO - [2025-08-29T08:42:43.139+0000] {dagbag.py:588} INFO - Filling up the DagBag from /home/airflow/.local/lib/python3.12/site-packages/airflow/example_dags/example_branch_python_dop_operator_3.py
[2025-08-29T08:42:43.155+0000] {processor.py:925} INFO - DAG(s) 'example_branch_dop_operator_v3' retrieved from /home/airflow/.local/lib/python3.12/site-packages/airflow/example_dags/example_branch_python_dop_operator_3.py
[2025-08-29T08:42:43.182+0000] {logging_mixin.py:190} INFO - [2025-08-29T08:42:43.181+0000] {dag.py:3239} INFO - Sync 1 DAGs
[2025-08-29T08:42:43.214+0000] {logging_mixin.py:190} INFO - [2025-08-29T08:42:43.213+0000] {dag.py:4180} INFO - Setting next_dagrun for example_branch_dop_operator_v3 to 2025-08-29 08:41:00+00:00, run_after=2025-08-29 08:42:00+00:00
[2025-08-29T08:42:43.239+0000] {processor.py:208} INFO - Processing /home/airflow/.local/lib/python3.12/site-packages/airflow/example_dags/example_branch_python_dop_operator_3.py took 0.113 seconds
[2025-08-29T08:43:13.569+0000] {processor.py:186} INFO - Started process (PID=32112) to work on /home/airflow/.local/lib/python3.12/site-packages/airflow/example_dags/example_branch_python_dop_operator_3.py
[2025-08-29T08:43:13.570+0000] {processor.py:914} INFO - Processing file /home/airflow/.local/lib/python3.12/site-packages/airflow/example_dags/example_branch_python_dop_operator_3.py for tasks to queue
[2025-08-29T08:43:13.574+0000] {logging_mixin.py:190} INFO - [2025-08-29T08:43:13.574+0000] {dagbag.py:588} INFO - Filling up the DagBag from /home/airflow/.local/lib/python3.12/site-packages/airflow/example_dags/example_branch_python_dop_operator_3.py
[2025-08-29T08:43:13.593+0000] {processor.py:925} INFO - DAG(s) 'example_branch_dop_operator_v3' retrieved from /home/airflow/.local/lib/python3.12/site-packages/airflow/example_dags/example_branch_python_dop_operator_3.py
[2025-08-29T08:43:13.626+0000] {logging_mixin.py:190} INFO - [2025-08-29T08:43:13.626+0000] {dag.py:3239} INFO - Sync 1 DAGs
[2025-08-29T08:43:13.678+0000] {logging_mixin.py:190} INFO - [2025-08-29T08:43:13.678+0000] {dag.py:4180} INFO - Setting next_dagrun for example_branch_dop_operator_v3 to 2025-08-29 08:42:00+00:00, run_after=2025-08-29 08:43:00+00:00
[2025-08-29T08:43:13.711+0000] {processor.py:208} INFO - Processing /home/airflow/.local/lib/python3.12/site-packages/airflow/example_dags/example_branch_python_dop_operator_3.py took 0.153 seconds
[2025-08-29T08:43:43.863+0000] {processor.py:186} INFO - Started process (PID=32176) to work on /home/airflow/.local/lib/python3.12/site-packages/airflow/example_dags/example_branch_python_dop_operator_3.py
[2025-08-29T08:43:43.864+0000] {processor.py:914} INFO - Processing file /home/airflow/.local/lib/python3.12/site-packages/airflow/example_dags/example_branch_python_dop_operator_3.py for tasks to queue
[2025-08-29T08:43:43.866+0000] {logging_mixin.py:190} INFO - [2025-08-29T08:43:43.866+0000] {dagbag.py:588} INFO - Filling up the DagBag from /home/airflow/.local/lib/python3.12/site-packages/airflow/example_dags/example_branch_python_dop_operator_3.py
[2025-08-29T08:43:43.874+0000] {processor.py:925} INFO - DAG(s) 'example_branch_dop_operator_v3' retrieved from /home/airflow/.local/lib/python3.12/site-packages/airflow/example_dags/example_branch_python_dop_operator_3.py
[2025-08-29T08:43:43.895+0000] {logging_mixin.py:190} INFO - [2025-08-29T08:43:43.895+0000] {dag.py:3239} INFO - Sync 1 DAGs
[2025-08-29T08:43:43.922+0000] {logging_mixin.py:190} INFO - [2025-08-29T08:43:43.921+0000] {dag.py:4180} INFO - Setting next_dagrun for example_branch_dop_operator_v3 to 2025-08-29 08:42:00+00:00, run_after=2025-08-29 08:43:00+00:00
[2025-08-29T08:43:43.939+0000] {processor.py:208} INFO - Processing /home/airflow/.local/lib/python3.12/site-packages/airflow/example_dags/example_branch_python_dop_operator_3.py took 0.086 seconds
[2025-08-29T08:44:14.602+0000] {processor.py:186} INFO - Started process (PID=32240) to work on /home/airflow/.local/lib/python3.12/site-packages/airflow/example_dags/example_branch_python_dop_operator_3.py
[2025-08-29T08:44:14.603+0000] {processor.py:914} INFO - Processing file /home/airflow/.local/lib/python3.12/site-packages/airflow/example_dags/example_branch_python_dop_operator_3.py for tasks to queue
[2025-08-29T08:44:14.606+0000] {logging_mixin.py:190} INFO - [2025-08-29T08:44:14.606+0000] {dagbag.py:588} INFO - Filling up the DagBag from /home/airflow/.local/lib/python3.12/site-packages/airflow/example_dags/example_branch_python_dop_operator_3.py
[2025-08-29T08:44:14.614+0000] {processor.py:925} INFO - DAG(s) 'example_branch_dop_operator_v3' retrieved from /home/airflow/.local/lib/python3.12/site-packages/airflow/example_dags/example_branch_python_dop_operator_3.py
[2025-08-29T08:44:14.637+0000] {logging_mixin.py:190} INFO - [2025-08-29T08:44:14.637+0000] {dag.py:3239} INFO - Sync 1 DAGs
[2025-08-29T08:44:14.657+0000] {logging_mixin.py:190} INFO - [2025-08-29T08:44:14.657+0000] {dag.py:4180} INFO - Setting next_dagrun for example_branch_dop_operator_v3 to 2025-08-29 08:43:00+00:00, run_after=2025-08-29 08:44:00+00:00
[2025-08-29T08:44:14.674+0000] {processor.py:208} INFO - Processing /home/airflow/.local/lib/python3.12/site-packages/airflow/example_dags/example_branch_python_dop_operator_3.py took 0.080 seconds
[2025-08-29T08:44:45.449+0000] {processor.py:186} INFO - Started process (PID=32304) to work on /home/airflow/.local/lib/python3.12/site-packages/airflow/example_dags/example_branch_python_dop_operator_3.py
[2025-08-29T08:44:45.450+0000] {processor.py:914} INFO - Processing file /home/airflow/.local/lib/python3.12/site-packages/airflow/example_dags/example_branch_python_dop_operator_3.py for tasks to queue
[2025-08-29T08:44:45.452+0000] {logging_mixin.py:190} INFO - [2025-08-29T08:44:45.452+0000] {dagbag.py:588} INFO - Filling up the DagBag from /home/airflow/.local/lib/python3.12/site-packages/airflow/example_dags/example_branch_python_dop_operator_3.py
[2025-08-29T08:44:45.464+0000] {processor.py:925} INFO - DAG(s) 'example_branch_dop_operator_v3' retrieved from /home/airflow/.local/lib/python3.12/site-packages/airflow/example_dags/example_branch_python_dop_operator_3.py
[2025-08-29T08:44:45.481+0000] {logging_mixin.py:190} INFO - [2025-08-29T08:44:45.481+0000] {dag.py:3239} INFO - Sync 1 DAGs
[2025-08-29T08:44:45.509+0000] {logging_mixin.py:190} INFO - [2025-08-29T08:44:45.509+0000] {dag.py:4180} INFO - Setting next_dagrun for example_branch_dop_operator_v3 to 2025-08-29 08:43:00+00:00, run_after=2025-08-29 08:44:00+00:00
[2025-08-29T08:44:45.528+0000] {processor.py:208} INFO - Processing /home/airflow/.local/lib/python3.12/site-packages/airflow/example_dags/example_branch_python_dop_operator_3.py took 0.085 seconds
[2025-08-29T08:45:15.898+0000] {processor.py:186} INFO - Started process (PID=32368) to work on /home/airflow/.local/lib/python3.12/site-packages/airflow/example_dags/example_branch_python_dop_operator_3.py
[2025-08-29T08:45:15.899+0000] {processor.py:914} INFO - Processing file /home/airflow/.local/lib/python3.12/site-packages/airflow/example_dags/example_branch_python_dop_operator_3.py for tasks to queue
[2025-08-29T08:45:15.901+0000] {logging_mixin.py:190} INFO - [2025-08-29T08:45:15.900+0000] {dagbag.py:588} INFO - Filling up the DagBag from /home/airflow/.local/lib/python3.12/site-packages/airflow/example_dags/example_branch_python_dop_operator_3.py
[2025-08-29T08:45:15.907+0000] {processor.py:925} INFO - DAG(s) 'example_branch_dop_operator_v3' retrieved from /home/airflow/.local/lib/python3.12/site-packages/airflow/example_dags/example_branch_python_dop_operator_3.py
[2025-08-29T08:45:15.928+0000] {logging_mixin.py:190} INFO - [2025-08-29T08:45:15.927+0000] {dag.py:3239} INFO - Sync 1 DAGs
[2025-08-29T08:45:15.955+0000] {logging_mixin.py:190} INFO - [2025-08-29T08:45:15.955+0000] {dag.py:4180} INFO - Setting next_dagrun for example_branch_dop_operator_v3 to 2025-08-29 08:44:00+00:00, run_after=2025-08-29 08:45:00+00:00
[2025-08-29T08:45:15.974+0000] {processor.py:208} INFO - Processing /home/airflow/.local/lib/python3.12/site-packages/airflow/example_dags/example_branch_python_dop_operator_3.py took 0.082 seconds
[2025-08-29T08:45:46.584+0000] {processor.py:186} INFO - Started process (PID=32432) to work on /home/airflow/.local/lib/python3.12/site-packages/airflow/example_dags/example_branch_python_dop_operator_3.py
[2025-08-29T08:45:46.584+0000] {processor.py:914} INFO - Processing file /home/airflow/.local/lib/python3.12/site-packages/airflow/example_dags/example_branch_python_dop_operator_3.py for tasks to queue
[2025-08-29T08:45:46.586+0000] {logging_mixin.py:190} INFO - [2025-08-29T08:45:46.586+0000] {dagbag.py:588} INFO - Filling up the DagBag from /home/airflow/.local/lib/python3.12/site-packages/airflow/example_dags/example_branch_python_dop_operator_3.py
[2025-08-29T08:45:46.592+0000] {processor.py:925} INFO - DAG(s) 'example_branch_dop_operator_v3' retrieved from /home/airflow/.local/lib/python3.12/site-packages/airflow/example_dags/example_branch_python_dop_operator_3.py
[2025-08-29T08:45:46.611+0000] {logging_mixin.py:190} INFO - [2025-08-29T08:45:46.611+0000] {dag.py:3239} INFO - Sync 1 DAGs
[2025-08-29T08:45:46.632+0000] {logging_mixin.py:190} INFO - [2025-08-29T08:45:46.632+0000] {dag.py:4180} INFO - Setting next_dagrun for example_branch_dop_operator_v3 to 2025-08-29 08:44:00+00:00, run_after=2025-08-29 08:45:00+00:00
[2025-08-29T08:45:46.649+0000] {processor.py:208} INFO - Processing /home/airflow/.local/lib/python3.12/site-packages/airflow/example_dags/example_branch_python_dop_operator_3.py took 0.071 seconds
[2025-08-29T08:46:17.042+0000] {processor.py:186} INFO - Started process (PID=32496) to work on /home/airflow/.local/lib/python3.12/site-packages/airflow/example_dags/example_branch_python_dop_operator_3.py
[2025-08-29T08:46:17.043+0000] {processor.py:914} INFO - Processing file /home/airflow/.local/lib/python3.12/site-packages/airflow/example_dags/example_branch_python_dop_operator_3.py for tasks to queue
[2025-08-29T08:46:17.045+0000] {logging_mixin.py:190} INFO - [2025-08-29T08:46:17.045+0000] {dagbag.py:588} INFO - Filling up the DagBag from /home/airflow/.local/lib/python3.12/site-packages/airflow/example_dags/example_branch_python_dop_operator_3.py
[2025-08-29T08:46:17.057+0000] {processor.py:925} INFO - DAG(s) 'example_branch_dop_operator_v3' retrieved from /home/airflow/.local/lib/python3.12/site-packages/airflow/example_dags/example_branch_python_dop_operator_3.py
[2025-08-29T08:46:17.079+0000] {logging_mixin.py:190} INFO - [2025-08-29T08:46:17.079+0000] {dag.py:3239} INFO - Sync 1 DAGs
[2025-08-29T08:46:17.109+0000] {logging_mixin.py:190} INFO - [2025-08-29T08:46:17.108+0000] {dag.py:4180} INFO - Setting next_dagrun for example_branch_dop_operator_v3 to 2025-08-29 08:45:00+00:00, run_after=2025-08-29 08:46:00+00:00
[2025-08-29T08:46:17.128+0000] {processor.py:208} INFO - Processing /home/airflow/.local/lib/python3.12/site-packages/airflow/example_dags/example_branch_python_dop_operator_3.py took 0.092 seconds
[2025-08-29T08:46:47.428+0000] {processor.py:186} INFO - Started process (PID=32560) to work on /home/airflow/.local/lib/python3.12/site-packages/airflow/example_dags/example_branch_python_dop_operator_3.py
[2025-08-29T08:46:47.429+0000] {processor.py:914} INFO - Processing file /home/airflow/.local/lib/python3.12/site-packages/airflow/example_dags/example_branch_python_dop_operator_3.py for tasks to queue
[2025-08-29T08:46:47.430+0000] {logging_mixin.py:190} INFO - [2025-08-29T08:46:47.430+0000] {dagbag.py:588} INFO - Filling up the DagBag from /home/airflow/.local/lib/python3.12/site-packages/airflow/example_dags/example_branch_python_dop_operator_3.py
[2025-08-29T08:46:47.437+0000] {processor.py:925} INFO - DAG(s) 'example_branch_dop_operator_v3' retrieved from /home/airflow/.local/lib/python3.12/site-packages/airflow/example_dags/example_branch_python_dop_operator_3.py
[2025-08-29T08:46:47.454+0000] {logging_mixin.py:190} INFO - [2025-08-29T08:46:47.454+0000] {dag.py:3239} INFO - Sync 1 DAGs
[2025-08-29T08:46:47.470+0000] {logging_mixin.py:190} INFO - [2025-08-29T08:46:47.470+0000] {dag.py:4180} INFO - Setting next_dagrun for example_branch_dop_operator_v3 to 2025-08-29 08:45:00+00:00, run_after=2025-08-29 08:46:00+00:00
[2025-08-29T08:46:47.482+0000] {processor.py:208} INFO - Processing /home/airflow/.local/lib/python3.12/site-packages/airflow/example_dags/example_branch_python_dop_operator_3.py took 0.061 seconds
[2025-08-29T08:47:17.610+0000] {processor.py:186} INFO - Started process (PID=32624) to work on /home/airflow/.local/lib/python3.12/site-packages/airflow/example_dags/example_branch_python_dop_operator_3.py
[2025-08-29T08:47:17.610+0000] {processor.py:914} INFO - Processing file /home/airflow/.local/lib/python3.12/site-packages/airflow/example_dags/example_branch_python_dop_operator_3.py for tasks to queue
[2025-08-29T08:47:17.612+0000] {logging_mixin.py:190} INFO - [2025-08-29T08:47:17.612+0000] {dagbag.py:588} INFO - Filling up the DagBag from /home/airflow/.local/lib/python3.12/site-packages/airflow/example_dags/example_branch_python_dop_operator_3.py
[2025-08-29T08:47:17.618+0000] {processor.py:925} INFO - DAG(s) 'example_branch_dop_operator_v3' retrieved from /home/airflow/.local/lib/python3.12/site-packages/airflow/example_dags/example_branch_python_dop_operator_3.py
[2025-08-29T08:47:17.630+0000] {logging_mixin.py:190} INFO - [2025-08-29T08:47:17.630+0000] {dag.py:3239} INFO - Sync 1 DAGs
[2025-08-29T08:47:17.646+0000] {logging_mixin.py:190} INFO - [2025-08-29T08:47:17.646+0000] {dag.py:4180} INFO - Setting next_dagrun for example_branch_dop_operator_v3 to 2025-08-29 08:46:00+00:00, run_after=2025-08-29 08:47:00+00:00
[2025-08-29T08:47:17.659+0000] {processor.py:208} INFO - Processing /home/airflow/.local/lib/python3.12/site-packages/airflow/example_dags/example_branch_python_dop_operator_3.py took 0.052 seconds
[2025-08-29T08:47:47.976+0000] {processor.py:186} INFO - Started process (PID=32688) to work on /home/airflow/.local/lib/python3.12/site-packages/airflow/example_dags/example_branch_python_dop_operator_3.py
[2025-08-29T08:47:47.976+0000] {processor.py:914} INFO - Processing file /home/airflow/.local/lib/python3.12/site-packages/airflow/example_dags/example_branch_python_dop_operator_3.py for tasks to queue
[2025-08-29T08:47:47.978+0000] {logging_mixin.py:190} INFO - [2025-08-29T08:47:47.977+0000] {dagbag.py:588} INFO - Filling up the DagBag from /home/airflow/.local/lib/python3.12/site-packages/airflow/example_dags/example_branch_python_dop_operator_3.py
[2025-08-29T08:47:47.984+0000] {processor.py:925} INFO - DAG(s) 'example_branch_dop_operator_v3' retrieved from /home/airflow/.local/lib/python3.12/site-packages/airflow/example_dags/example_branch_python_dop_operator_3.py
[2025-08-29T08:47:48.004+0000] {logging_mixin.py:190} INFO - [2025-08-29T08:47:48.003+0000] {dag.py:3239} INFO - Sync 1 DAGs
[2025-08-29T08:47:48.022+0000] {logging_mixin.py:190} INFO - [2025-08-29T08:47:48.022+0000] {dag.py:4180} INFO - Setting next_dagrun for example_branch_dop_operator_v3 to 2025-08-29 08:46:00+00:00, run_after=2025-08-29 08:47:00+00:00
[2025-08-29T08:47:48.033+0000] {processor.py:208} INFO - Processing /home/airflow/.local/lib/python3.12/site-packages/airflow/example_dags/example_branch_python_dop_operator_3.py took 0.063 seconds
[2025-08-29T08:48:18.586+0000] {processor.py:186} INFO - Started process (PID=32752) to work on /home/airflow/.local/lib/python3.12/site-packages/airflow/example_dags/example_branch_python_dop_operator_3.py
[2025-08-29T08:48:18.587+0000] {processor.py:914} INFO - Processing file /home/airflow/.local/lib/python3.12/site-packages/airflow/example_dags/example_branch_python_dop_operator_3.py for tasks to queue
[2025-08-29T08:48:18.589+0000] {logging_mixin.py:190} INFO - [2025-08-29T08:48:18.588+0000] {dagbag.py:588} INFO - Filling up the DagBag from /home/airflow/.local/lib/python3.12/site-packages/airflow/example_dags/example_branch_python_dop_operator_3.py
[2025-08-29T08:48:18.595+0000] {processor.py:925} INFO - DAG(s) 'example_branch_dop_operator_v3' retrieved from /home/airflow/.local/lib/python3.12/site-packages/airflow/example_dags/example_branch_python_dop_operator_3.py
[2025-08-29T08:48:18.613+0000] {logging_mixin.py:190} INFO - [2025-08-29T08:48:18.613+0000] {dag.py:3239} INFO - Sync 1 DAGs
[2025-08-29T08:48:18.633+0000] {logging_mixin.py:190} INFO - [2025-08-29T08:48:18.633+0000] {dag.py:4180} INFO - Setting next_dagrun for example_branch_dop_operator_v3 to 2025-08-29 08:47:00+00:00, run_after=2025-08-29 08:48:00+00:00
[2025-08-29T08:48:18.647+0000] {processor.py:208} INFO - Processing /home/airflow/.local/lib/python3.12/site-packages/airflow/example_dags/example_branch_python_dop_operator_3.py took 0.066 seconds
[2025-08-29T08:48:48.913+0000] {processor.py:186} INFO - Started process (PID=32816) to work on /home/airflow/.local/lib/python3.12/site-packages/airflow/example_dags/example_branch_python_dop_operator_3.py
[2025-08-29T08:48:48.914+0000] {processor.py:914} INFO - Processing file /home/airflow/.local/lib/python3.12/site-packages/airflow/example_dags/example_branch_python_dop_operator_3.py for tasks to queue
[2025-08-29T08:48:48.915+0000] {logging_mixin.py:190} INFO - [2025-08-29T08:48:48.915+0000] {dagbag.py:588} INFO - Filling up the DagBag from /home/airflow/.local/lib/python3.12/site-packages/airflow/example_dags/example_branch_python_dop_operator_3.py
[2025-08-29T08:48:48.922+0000] {processor.py:925} INFO - DAG(s) 'example_branch_dop_operator_v3' retrieved from /home/airflow/.local/lib/python3.12/site-packages/airflow/example_dags/example_branch_python_dop_operator_3.py
[2025-08-29T08:48:48.941+0000] {logging_mixin.py:190} INFO - [2025-08-29T08:48:48.940+0000] {dag.py:3239} INFO - Sync 1 DAGs
[2025-08-29T08:48:48.959+0000] {logging_mixin.py:190} INFO - [2025-08-29T08:48:48.959+0000] {dag.py:4180} INFO - Setting next_dagrun for example_branch_dop_operator_v3 to 2025-08-29 08:47:00+00:00, run_after=2025-08-29 08:48:00+00:00
[2025-08-29T08:48:48.976+0000] {processor.py:208} INFO - Processing /home/airflow/.local/lib/python3.12/site-packages/airflow/example_dags/example_branch_python_dop_operator_3.py took 0.067 seconds
[2025-08-29T08:49:19.263+0000] {processor.py:186} INFO - Started process (PID=32880) to work on /home/airflow/.local/lib/python3.12/site-packages/airflow/example_dags/example_branch_python_dop_operator_3.py
[2025-08-29T08:49:19.264+0000] {processor.py:914} INFO - Processing file /home/airflow/.local/lib/python3.12/site-packages/airflow/example_dags/example_branch_python_dop_operator_3.py for tasks to queue
[2025-08-29T08:49:19.265+0000] {logging_mixin.py:190} INFO - [2025-08-29T08:49:19.265+0000] {dagbag.py:588} INFO - Filling up the DagBag from /home/airflow/.local/lib/python3.12/site-packages/airflow/example_dags/example_branch_python_dop_operator_3.py
[2025-08-29T08:49:19.271+0000] {processor.py:925} INFO - DAG(s) 'example_branch_dop_operator_v3' retrieved from /home/airflow/.local/lib/python3.12/site-packages/airflow/example_dags/example_branch_python_dop_operator_3.py
[2025-08-29T08:49:19.290+0000] {logging_mixin.py:190} INFO - [2025-08-29T08:49:19.290+0000] {dag.py:3239} INFO - Sync 1 DAGs
[2025-08-29T08:49:19.309+0000] {logging_mixin.py:190} INFO - [2025-08-29T08:49:19.309+0000] {dag.py:4180} INFO - Setting next_dagrun for example_branch_dop_operator_v3 to 2025-08-29 08:48:00+00:00, run_after=2025-08-29 08:49:00+00:00
[2025-08-29T08:49:19.325+0000] {processor.py:208} INFO - Processing /home/airflow/.local/lib/python3.12/site-packages/airflow/example_dags/example_branch_python_dop_operator_3.py took 0.065 seconds
[2025-08-29T08:49:49.969+0000] {processor.py:186} INFO - Started process (PID=32944) to work on /home/airflow/.local/lib/python3.12/site-packages/airflow/example_dags/example_branch_python_dop_operator_3.py
[2025-08-29T08:49:49.969+0000] {processor.py:914} INFO - Processing file /home/airflow/.local/lib/python3.12/site-packages/airflow/example_dags/example_branch_python_dop_operator_3.py for tasks to queue
[2025-08-29T08:49:49.971+0000] {logging_mixin.py:190} INFO - [2025-08-29T08:49:49.970+0000] {dagbag.py:588} INFO - Filling up the DagBag from /home/airflow/.local/lib/python3.12/site-packages/airflow/example_dags/example_branch_python_dop_operator_3.py
[2025-08-29T08:49:49.977+0000] {processor.py:925} INFO - DAG(s) 'example_branch_dop_operator_v3' retrieved from /home/airflow/.local/lib/python3.12/site-packages/airflow/example_dags/example_branch_python_dop_operator_3.py
[2025-08-29T08:49:49.996+0000] {logging_mixin.py:190} INFO - [2025-08-29T08:49:49.995+0000] {dag.py:3239} INFO - Sync 1 DAGs
[2025-08-29T08:49:50.014+0000] {logging_mixin.py:190} INFO - [2025-08-29T08:49:50.014+0000] {dag.py:4180} INFO - Setting next_dagrun for example_branch_dop_operator_v3 to 2025-08-29 08:48:00+00:00, run_after=2025-08-29 08:49:00+00:00
[2025-08-29T08:49:50.029+0000] {processor.py:208} INFO - Processing /home/airflow/.local/lib/python3.12/site-packages/airflow/example_dags/example_branch_python_dop_operator_3.py took 0.066 seconds
[2025-08-29T08:50:20.305+0000] {processor.py:186} INFO - Started process (PID=33008) to work on /home/airflow/.local/lib/python3.12/site-packages/airflow/example_dags/example_branch_python_dop_operator_3.py
[2025-08-29T08:50:20.306+0000] {processor.py:914} INFO - Processing file /home/airflow/.local/lib/python3.12/site-packages/airflow/example_dags/example_branch_python_dop_operator_3.py for tasks to queue
[2025-08-29T08:50:20.308+0000] {logging_mixin.py:190} INFO - [2025-08-29T08:50:20.308+0000] {dagbag.py:588} INFO - Filling up the DagBag from /home/airflow/.local/lib/python3.12/site-packages/airflow/example_dags/example_branch_python_dop_operator_3.py
[2025-08-29T08:50:20.316+0000] {processor.py:925} INFO - DAG(s) 'example_branch_dop_operator_v3' retrieved from /home/airflow/.local/lib/python3.12/site-packages/airflow/example_dags/example_branch_python_dop_operator_3.py
[2025-08-29T08:50:20.333+0000] {logging_mixin.py:190} INFO - [2025-08-29T08:50:20.333+0000] {dag.py:3239} INFO - Sync 1 DAGs
[2025-08-29T08:50:20.353+0000] {logging_mixin.py:190} INFO - [2025-08-29T08:50:20.353+0000] {dag.py:4180} INFO - Setting next_dagrun for example_branch_dop_operator_v3 to 2025-08-29 08:49:00+00:00, run_after=2025-08-29 08:50:00+00:00
[2025-08-29T08:50:20.364+0000] {processor.py:208} INFO - Processing /home/airflow/.local/lib/python3.12/site-packages/airflow/example_dags/example_branch_python_dop_operator_3.py took 0.069 seconds
[2025-08-29T08:50:50.468+0000] {processor.py:186} INFO - Started process (PID=33072) to work on /home/airflow/.local/lib/python3.12/site-packages/airflow/example_dags/example_branch_python_dop_operator_3.py
[2025-08-29T08:50:50.468+0000] {processor.py:914} INFO - Processing file /home/airflow/.local/lib/python3.12/site-packages/airflow/example_dags/example_branch_python_dop_operator_3.py for tasks to queue
[2025-08-29T08:50:50.469+0000] {logging_mixin.py:190} INFO - [2025-08-29T08:50:50.469+0000] {dagbag.py:588} INFO - Filling up the DagBag from /home/airflow/.local/lib/python3.12/site-packages/airflow/example_dags/example_branch_python_dop_operator_3.py
[2025-08-29T08:50:50.475+0000] {processor.py:925} INFO - DAG(s) 'example_branch_dop_operator_v3' retrieved from /home/airflow/.local/lib/python3.12/site-packages/airflow/example_dags/example_branch_python_dop_operator_3.py
[2025-08-29T08:50:50.494+0000] {logging_mixin.py:190} INFO - [2025-08-29T08:50:50.494+0000] {dag.py:3239} INFO - Sync 1 DAGs
[2025-08-29T08:50:50.509+0000] {logging_mixin.py:190} INFO - [2025-08-29T08:50:50.509+0000] {dag.py:4180} INFO - Setting next_dagrun for example_branch_dop_operator_v3 to 2025-08-29 08:49:00+00:00, run_after=2025-08-29 08:50:00+00:00
[2025-08-29T08:50:50.520+0000] {processor.py:208} INFO - Processing /home/airflow/.local/lib/python3.12/site-packages/airflow/example_dags/example_branch_python_dop_operator_3.py took 0.056 seconds
[2025-08-29T08:51:20.807+0000] {processor.py:186} INFO - Started process (PID=33136) to work on /home/airflow/.local/lib/python3.12/site-packages/airflow/example_dags/example_branch_python_dop_operator_3.py
[2025-08-29T08:51:20.808+0000] {processor.py:914} INFO - Processing file /home/airflow/.local/lib/python3.12/site-packages/airflow/example_dags/example_branch_python_dop_operator_3.py for tasks to queue
[2025-08-29T08:51:20.810+0000] {logging_mixin.py:190} INFO - [2025-08-29T08:51:20.809+0000] {dagbag.py:588} INFO - Filling up the DagBag from /home/airflow/.local/lib/python3.12/site-packages/airflow/example_dags/example_branch_python_dop_operator_3.py
[2025-08-29T08:51:20.816+0000] {processor.py:925} INFO - DAG(s) 'example_branch_dop_operator_v3' retrieved from /home/airflow/.local/lib/python3.12/site-packages/airflow/example_dags/example_branch_python_dop_operator_3.py
[2025-08-29T08:51:20.836+0000] {logging_mixin.py:190} INFO - [2025-08-29T08:51:20.836+0000] {dag.py:3239} INFO - Sync 1 DAGs
[2025-08-29T08:51:20.870+0000] {logging_mixin.py:190} INFO - [2025-08-29T08:51:20.870+0000] {dag.py:4180} INFO - Setting next_dagrun for example_branch_dop_operator_v3 to 2025-08-29 08:50:00+00:00, run_after=2025-08-29 08:51:00+00:00
[2025-08-29T08:51:20.893+0000] {processor.py:208} INFO - Processing /home/airflow/.local/lib/python3.12/site-packages/airflow/example_dags/example_branch_python_dop_operator_3.py took 0.091 seconds
[2025-08-29T08:51:51.073+0000] {processor.py:186} INFO - Started process (PID=33200) to work on /home/airflow/.local/lib/python3.12/site-packages/airflow/example_dags/example_branch_python_dop_operator_3.py
[2025-08-29T08:51:51.074+0000] {processor.py:914} INFO - Processing file /home/airflow/.local/lib/python3.12/site-packages/airflow/example_dags/example_branch_python_dop_operator_3.py for tasks to queue
[2025-08-29T08:51:51.076+0000] {logging_mixin.py:190} INFO - [2025-08-29T08:51:51.075+0000] {dagbag.py:588} INFO - Filling up the DagBag from /home/airflow/.local/lib/python3.12/site-packages/airflow/example_dags/example_branch_python_dop_operator_3.py
[2025-08-29T08:51:51.086+0000] {processor.py:925} INFO - DAG(s) 'example_branch_dop_operator_v3' retrieved from /home/airflow/.local/lib/python3.12/site-packages/airflow/example_dags/example_branch_python_dop_operator_3.py
[2025-08-29T08:51:51.103+0000] {logging_mixin.py:190} INFO - [2025-08-29T08:51:51.103+0000] {dag.py:3239} INFO - Sync 1 DAGs
[2025-08-29T08:51:51.129+0000] {logging_mixin.py:190} INFO - [2025-08-29T08:51:51.128+0000] {dag.py:4180} INFO - Setting next_dagrun for example_branch_dop_operator_v3 to 2025-08-29 08:50:00+00:00, run_after=2025-08-29 08:51:00+00:00
[2025-08-29T08:51:51.147+0000] {processor.py:208} INFO - Processing /home/airflow/.local/lib/python3.12/site-packages/airflow/example_dags/example_branch_python_dop_operator_3.py took 0.081 seconds
[2025-08-29T08:52:21.408+0000] {processor.py:186} INFO - Started process (PID=33264) to work on /home/airflow/.local/lib/python3.12/site-packages/airflow/example_dags/example_branch_python_dop_operator_3.py
[2025-08-29T08:52:21.409+0000] {processor.py:914} INFO - Processing file /home/airflow/.local/lib/python3.12/site-packages/airflow/example_dags/example_branch_python_dop_operator_3.py for tasks to queue
[2025-08-29T08:52:21.411+0000] {logging_mixin.py:190} INFO - [2025-08-29T08:52:21.411+0000] {dagbag.py:588} INFO - Filling up the DagBag from /home/airflow/.local/lib/python3.12/site-packages/airflow/example_dags/example_branch_python_dop_operator_3.py
[2025-08-29T08:52:21.423+0000] {processor.py:925} INFO - DAG(s) 'example_branch_dop_operator_v3' retrieved from /home/airflow/.local/lib/python3.12/site-packages/airflow/example_dags/example_branch_python_dop_operator_3.py
[2025-08-29T08:52:21.442+0000] {logging_mixin.py:190} INFO - [2025-08-29T08:52:21.441+0000] {dag.py:3239} INFO - Sync 1 DAGs
[2025-08-29T08:52:21.474+0000] {logging_mixin.py:190} INFO - [2025-08-29T08:52:21.473+0000] {dag.py:4180} INFO - Setting next_dagrun for example_branch_dop_operator_v3 to 2025-08-29 08:51:00+00:00, run_after=2025-08-29 08:52:00+00:00
[2025-08-29T08:52:21.494+0000] {processor.py:208} INFO - Processing /home/airflow/.local/lib/python3.12/site-packages/airflow/example_dags/example_branch_python_dop_operator_3.py took 0.092 seconds
[2025-08-29T08:52:51.681+0000] {processor.py:186} INFO - Started process (PID=33328) to work on /home/airflow/.local/lib/python3.12/site-packages/airflow/example_dags/example_branch_python_dop_operator_3.py
[2025-08-29T08:52:51.681+0000] {processor.py:914} INFO - Processing file /home/airflow/.local/lib/python3.12/site-packages/airflow/example_dags/example_branch_python_dop_operator_3.py for tasks to queue
[2025-08-29T08:52:51.683+0000] {logging_mixin.py:190} INFO - [2025-08-29T08:52:51.682+0000] {dagbag.py:588} INFO - Filling up the DagBag from /home/airflow/.local/lib/python3.12/site-packages/airflow/example_dags/example_branch_python_dop_operator_3.py
[2025-08-29T08:52:51.689+0000] {processor.py:925} INFO - DAG(s) 'example_branch_dop_operator_v3' retrieved from /home/airflow/.local/lib/python3.12/site-packages/airflow/example_dags/example_branch_python_dop_operator_3.py
[2025-08-29T08:52:51.705+0000] {logging_mixin.py:190} INFO - [2025-08-29T08:52:51.705+0000] {dag.py:3239} INFO - Sync 1 DAGs
[2025-08-29T08:52:51.726+0000] {logging_mixin.py:190} INFO - [2025-08-29T08:52:51.726+0000] {dag.py:4180} INFO - Setting next_dagrun for example_branch_dop_operator_v3 to 2025-08-29 08:51:00+00:00, run_after=2025-08-29 08:52:00+00:00
[2025-08-29T08:52:51.741+0000] {processor.py:208} INFO - Processing /home/airflow/.local/lib/python3.12/site-packages/airflow/example_dags/example_branch_python_dop_operator_3.py took 0.064 seconds
[2025-08-29T08:53:22.205+0000] {processor.py:186} INFO - Started process (PID=33392) to work on /home/airflow/.local/lib/python3.12/site-packages/airflow/example_dags/example_branch_python_dop_operator_3.py
[2025-08-29T08:53:22.206+0000] {processor.py:914} INFO - Processing file /home/airflow/.local/lib/python3.12/site-packages/airflow/example_dags/example_branch_python_dop_operator_3.py for tasks to queue
[2025-08-29T08:53:22.208+0000] {logging_mixin.py:190} INFO - [2025-08-29T08:53:22.207+0000] {dagbag.py:588} INFO - Filling up the DagBag from /home/airflow/.local/lib/python3.12/site-packages/airflow/example_dags/example_branch_python_dop_operator_3.py
[2025-08-29T08:53:22.215+0000] {processor.py:925} INFO - DAG(s) 'example_branch_dop_operator_v3' retrieved from /home/airflow/.local/lib/python3.12/site-packages/airflow/example_dags/example_branch_python_dop_operator_3.py
[2025-08-29T08:53:22.233+0000] {logging_mixin.py:190} INFO - [2025-08-29T08:53:22.233+0000] {dag.py:3239} INFO - Sync 1 DAGs
[2025-08-29T08:53:22.268+0000] {logging_mixin.py:190} INFO - [2025-08-29T08:53:22.267+0000] {dag.py:4180} INFO - Setting next_dagrun for example_branch_dop_operator_v3 to 2025-08-29 08:52:00+00:00, run_after=2025-08-29 08:53:00+00:00
[2025-08-29T08:53:22.288+0000] {processor.py:208} INFO - Processing /home/airflow/.local/lib/python3.12/site-packages/airflow/example_dags/example_branch_python_dop_operator_3.py took 0.087 seconds
[2025-08-29T08:53:52.452+0000] {processor.py:186} INFO - Started process (PID=33456) to work on /home/airflow/.local/lib/python3.12/site-packages/airflow/example_dags/example_branch_python_dop_operator_3.py
[2025-08-29T08:53:52.452+0000] {processor.py:914} INFO - Processing file /home/airflow/.local/lib/python3.12/site-packages/airflow/example_dags/example_branch_python_dop_operator_3.py for tasks to queue
[2025-08-29T08:53:52.453+0000] {logging_mixin.py:190} INFO - [2025-08-29T08:53:52.453+0000] {dagbag.py:588} INFO - Filling up the DagBag from /home/airflow/.local/lib/python3.12/site-packages/airflow/example_dags/example_branch_python_dop_operator_3.py
[2025-08-29T08:53:52.459+0000] {processor.py:925} INFO - DAG(s) 'example_branch_dop_operator_v3' retrieved from /home/airflow/.local/lib/python3.12/site-packages/airflow/example_dags/example_branch_python_dop_operator_3.py
[2025-08-29T08:53:52.478+0000] {logging_mixin.py:190} INFO - [2025-08-29T08:53:52.477+0000] {dag.py:3239} INFO - Sync 1 DAGs
[2025-08-29T08:53:52.506+0000] {logging_mixin.py:190} INFO - [2025-08-29T08:53:52.506+0000] {dag.py:4180} INFO - Setting next_dagrun for example_branch_dop_operator_v3 to 2025-08-29 08:52:00+00:00, run_after=2025-08-29 08:53:00+00:00
[2025-08-29T08:53:52.525+0000] {processor.py:208} INFO - Processing /home/airflow/.local/lib/python3.12/site-packages/airflow/example_dags/example_branch_python_dop_operator_3.py took 0.077 seconds
