[2025-08-29T08:40:39.572+0000] {processor.py:186} INFO - Started process (PID=31789) to work on /home/airflow/.local/lib/python3.12/site-packages/airflow/example_dags/example_workday_timetable.py
[2025-08-29T08:40:39.572+0000] {processor.py:914} INFO - Processing file /home/airflow/.local/lib/python3.12/site-packages/airflow/example_dags/example_workday_timetable.py for tasks to queue
[2025-08-29T08:40:39.575+0000] {logging_mixin.py:190} INFO - [2025-08-29T08:40:39.575+0000] {dagbag.py:588} INFO - Filling up the DagBag from /home/airflow/.local/lib/python3.12/site-packages/airflow/example_dags/example_workday_timetable.py
[2025-08-29T08:40:39.582+0000] {processor.py:925} INFO - DAG(s) 'example_workday_timetable' retrieved from /home/airflow/.local/lib/python3.12/site-packages/airflow/example_dags/example_workday_timetable.py
[2025-08-29T08:40:39.608+0000] {logging_mixin.py:190} INFO - [2025-08-29T08:40:39.608+0000] {dag.py:3239} INFO - Sync 1 DAGs
[2025-08-29T08:40:39.685+0000] {logging_mixin.py:190} INFO - [2025-08-29T08:40:39.685+0000] {dag.py:4180} INFO - Setting next_dagrun for example_workday_timetable to 2021-01-04 00:00:00+00:00, run_after=2021-01-05 00:00:00+00:00
[2025-08-29T08:40:39.710+0000] {processor.py:208} INFO - Processing /home/airflow/.local/lib/python3.12/site-packages/airflow/example_dags/example_workday_timetable.py took 0.148 seconds
[2025-08-29T08:41:10.678+0000] {processor.py:186} INFO - Started process (PID=31853) to work on /home/airflow/.local/lib/python3.12/site-packages/airflow/example_dags/example_workday_timetable.py
[2025-08-29T08:41:10.679+0000] {processor.py:914} INFO - Processing file /home/airflow/.local/lib/python3.12/site-packages/airflow/example_dags/example_workday_timetable.py for tasks to queue
[2025-08-29T08:41:10.683+0000] {logging_mixin.py:190} INFO - [2025-08-29T08:41:10.682+0000] {dagbag.py:588} INFO - Filling up the DagBag from /home/airflow/.local/lib/python3.12/site-packages/airflow/example_dags/example_workday_timetable.py
[2025-08-29T08:41:10.690+0000] {processor.py:925} INFO - DAG(s) 'example_workday_timetable' retrieved from /home/airflow/.local/lib/python3.12/site-packages/airflow/example_dags/example_workday_timetable.py
[2025-08-29T08:41:10.714+0000] {logging_mixin.py:190} INFO - [2025-08-29T08:41:10.714+0000] {dag.py:3239} INFO - Sync 1 DAGs
[2025-08-29T08:41:10.787+0000] {logging_mixin.py:190} INFO - [2025-08-29T08:41:10.787+0000] {dag.py:4180} INFO - Setting next_dagrun for example_workday_timetable to 2021-01-04 00:00:00+00:00, run_after=2021-01-05 00:00:00+00:00
[2025-08-29T08:41:10.806+0000] {processor.py:208} INFO - Processing /home/airflow/.local/lib/python3.12/site-packages/airflow/example_dags/example_workday_timetable.py took 0.136 seconds
[2025-08-29T08:41:41.775+0000] {processor.py:186} INFO - Started process (PID=31917) to work on /home/airflow/.local/lib/python3.12/site-packages/airflow/example_dags/example_workday_timetable.py
[2025-08-29T08:41:41.776+0000] {processor.py:914} INFO - Processing file /home/airflow/.local/lib/python3.12/site-packages/airflow/example_dags/example_workday_timetable.py for tasks to queue
[2025-08-29T08:41:41.778+0000] {logging_mixin.py:190} INFO - [2025-08-29T08:41:41.778+0000] {dagbag.py:588} INFO - Filling up the DagBag from /home/airflow/.local/lib/python3.12/site-packages/airflow/example_dags/example_workday_timetable.py
[2025-08-29T08:41:41.783+0000] {processor.py:925} INFO - DAG(s) 'example_workday_timetable' retrieved from /home/airflow/.local/lib/python3.12/site-packages/airflow/example_dags/example_workday_timetable.py
[2025-08-29T08:41:41.807+0000] {logging_mixin.py:190} INFO - [2025-08-29T08:41:41.806+0000] {dag.py:3239} INFO - Sync 1 DAGs
[2025-08-29T08:41:41.871+0000] {logging_mixin.py:190} INFO - [2025-08-29T08:41:41.871+0000] {dag.py:4180} INFO - Setting next_dagrun for example_workday_timetable to 2021-01-04 00:00:00+00:00, run_after=2021-01-05 00:00:00+00:00
[2025-08-29T08:41:41.895+0000] {processor.py:208} INFO - Processing /home/airflow/.local/lib/python3.12/site-packages/airflow/example_dags/example_workday_timetable.py took 0.128 seconds
[2025-08-29T08:42:12.035+0000] {processor.py:186} INFO - Started process (PID=31981) to work on /home/airflow/.local/lib/python3.12/site-packages/airflow/example_dags/example_workday_timetable.py
[2025-08-29T08:42:12.036+0000] {processor.py:914} INFO - Processing file /home/airflow/.local/lib/python3.12/site-packages/airflow/example_dags/example_workday_timetable.py for tasks to queue
[2025-08-29T08:42:12.040+0000] {logging_mixin.py:190} INFO - [2025-08-29T08:42:12.039+0000] {dagbag.py:588} INFO - Filling up the DagBag from /home/airflow/.local/lib/python3.12/site-packages/airflow/example_dags/example_workday_timetable.py
[2025-08-29T08:42:12.048+0000] {processor.py:925} INFO - DAG(s) 'example_workday_timetable' retrieved from /home/airflow/.local/lib/python3.12/site-packages/airflow/example_dags/example_workday_timetable.py
[2025-08-29T08:42:12.080+0000] {logging_mixin.py:190} INFO - [2025-08-29T08:42:12.080+0000] {dag.py:3239} INFO - Sync 1 DAGs
[2025-08-29T08:42:12.197+0000] {logging_mixin.py:190} INFO - [2025-08-29T08:42:12.197+0000] {dag.py:4180} INFO - Setting next_dagrun for example_workday_timetable to 2021-01-04 00:00:00+00:00, run_after=2021-01-05 00:00:00+00:00
[2025-08-29T08:42:12.223+0000] {processor.py:208} INFO - Processing /home/airflow/.local/lib/python3.12/site-packages/airflow/example_dags/example_workday_timetable.py took 0.197 seconds
[2025-08-29T08:42:42.825+0000] {processor.py:186} INFO - Started process (PID=32045) to work on /home/airflow/.local/lib/python3.12/site-packages/airflow/example_dags/example_workday_timetable.py
[2025-08-29T08:42:42.826+0000] {processor.py:914} INFO - Processing file /home/airflow/.local/lib/python3.12/site-packages/airflow/example_dags/example_workday_timetable.py for tasks to queue
[2025-08-29T08:42:42.828+0000] {logging_mixin.py:190} INFO - [2025-08-29T08:42:42.827+0000] {dagbag.py:588} INFO - Filling up the DagBag from /home/airflow/.local/lib/python3.12/site-packages/airflow/example_dags/example_workday_timetable.py
[2025-08-29T08:42:42.833+0000] {processor.py:925} INFO - DAG(s) 'example_workday_timetable' retrieved from /home/airflow/.local/lib/python3.12/site-packages/airflow/example_dags/example_workday_timetable.py
[2025-08-29T08:42:42.855+0000] {logging_mixin.py:190} INFO - [2025-08-29T08:42:42.855+0000] {dag.py:3239} INFO - Sync 1 DAGs
[2025-08-29T08:42:42.917+0000] {logging_mixin.py:190} INFO - [2025-08-29T08:42:42.917+0000] {dag.py:4180} INFO - Setting next_dagrun for example_workday_timetable to 2021-01-04 00:00:00+00:00, run_after=2021-01-05 00:00:00+00:00
[2025-08-29T08:42:42.941+0000] {processor.py:208} INFO - Processing /home/airflow/.local/lib/python3.12/site-packages/airflow/example_dags/example_workday_timetable.py took 0.122 seconds
[2025-08-29T08:43:13.307+0000] {processor.py:186} INFO - Started process (PID=32109) to work on /home/airflow/.local/lib/python3.12/site-packages/airflow/example_dags/example_workday_timetable.py
[2025-08-29T08:43:13.308+0000] {processor.py:914} INFO - Processing file /home/airflow/.local/lib/python3.12/site-packages/airflow/example_dags/example_workday_timetable.py for tasks to queue
[2025-08-29T08:43:13.312+0000] {logging_mixin.py:190} INFO - [2025-08-29T08:43:13.312+0000] {dagbag.py:588} INFO - Filling up the DagBag from /home/airflow/.local/lib/python3.12/site-packages/airflow/example_dags/example_workday_timetable.py
[2025-08-29T08:43:13.322+0000] {processor.py:925} INFO - DAG(s) 'example_workday_timetable' retrieved from /home/airflow/.local/lib/python3.12/site-packages/airflow/example_dags/example_workday_timetable.py
[2025-08-29T08:43:13.354+0000] {logging_mixin.py:190} INFO - [2025-08-29T08:43:13.353+0000] {dag.py:3239} INFO - Sync 1 DAGs
[2025-08-29T08:43:13.482+0000] {logging_mixin.py:190} INFO - [2025-08-29T08:43:13.482+0000] {dag.py:4180} INFO - Setting next_dagrun for example_workday_timetable to 2021-01-04 00:00:00+00:00, run_after=2021-01-05 00:00:00+00:00
[2025-08-29T08:43:13.514+0000] {processor.py:208} INFO - Processing /home/airflow/.local/lib/python3.12/site-packages/airflow/example_dags/example_workday_timetable.py took 0.214 seconds
[2025-08-29T08:43:43.671+0000] {processor.py:186} INFO - Started process (PID=32173) to work on /home/airflow/.local/lib/python3.12/site-packages/airflow/example_dags/example_workday_timetable.py
[2025-08-29T08:43:43.672+0000] {processor.py:914} INFO - Processing file /home/airflow/.local/lib/python3.12/site-packages/airflow/example_dags/example_workday_timetable.py for tasks to queue
[2025-08-29T08:43:43.674+0000] {logging_mixin.py:190} INFO - [2025-08-29T08:43:43.674+0000] {dagbag.py:588} INFO - Filling up the DagBag from /home/airflow/.local/lib/python3.12/site-packages/airflow/example_dags/example_workday_timetable.py
[2025-08-29T08:43:43.678+0000] {processor.py:925} INFO - DAG(s) 'example_workday_timetable' retrieved from /home/airflow/.local/lib/python3.12/site-packages/airflow/example_dags/example_workday_timetable.py
[2025-08-29T08:43:43.697+0000] {logging_mixin.py:190} INFO - [2025-08-29T08:43:43.697+0000] {dag.py:3239} INFO - Sync 1 DAGs
[2025-08-29T08:43:43.743+0000] {logging_mixin.py:190} INFO - [2025-08-29T08:43:43.742+0000] {dag.py:4180} INFO - Setting next_dagrun for example_workday_timetable to 2021-01-04 00:00:00+00:00, run_after=2021-01-05 00:00:00+00:00
[2025-08-29T08:43:43.764+0000] {processor.py:208} INFO - Processing /home/airflow/.local/lib/python3.12/site-packages/airflow/example_dags/example_workday_timetable.py took 0.100 seconds
[2025-08-29T08:44:14.478+0000] {processor.py:186} INFO - Started process (PID=32237) to work on /home/airflow/.local/lib/python3.12/site-packages/airflow/example_dags/example_workday_timetable.py
[2025-08-29T08:44:14.479+0000] {processor.py:914} INFO - Processing file /home/airflow/.local/lib/python3.12/site-packages/airflow/example_dags/example_workday_timetable.py for tasks to queue
[2025-08-29T08:44:14.480+0000] {logging_mixin.py:190} INFO - [2025-08-29T08:44:14.480+0000] {dagbag.py:588} INFO - Filling up the DagBag from /home/airflow/.local/lib/python3.12/site-packages/airflow/example_dags/example_workday_timetable.py
[2025-08-29T08:44:14.483+0000] {processor.py:925} INFO - DAG(s) 'example_workday_timetable' retrieved from /home/airflow/.local/lib/python3.12/site-packages/airflow/example_dags/example_workday_timetable.py
[2025-08-29T08:44:14.499+0000] {logging_mixin.py:190} INFO - [2025-08-29T08:44:14.499+0000] {dag.py:3239} INFO - Sync 1 DAGs
[2025-08-29T08:44:14.536+0000] {logging_mixin.py:190} INFO - [2025-08-29T08:44:14.536+0000] {dag.py:4180} INFO - Setting next_dagrun for example_workday_timetable to 2021-01-04 00:00:00+00:00, run_after=2021-01-05 00:00:00+00:00
[2025-08-29T08:44:14.548+0000] {processor.py:208} INFO - Processing /home/airflow/.local/lib/python3.12/site-packages/airflow/example_dags/example_workday_timetable.py took 0.073 seconds
[2025-08-29T08:44:45.264+0000] {processor.py:186} INFO - Started process (PID=32301) to work on /home/airflow/.local/lib/python3.12/site-packages/airflow/example_dags/example_workday_timetable.py
[2025-08-29T08:44:45.265+0000] {processor.py:914} INFO - Processing file /home/airflow/.local/lib/python3.12/site-packages/airflow/example_dags/example_workday_timetable.py for tasks to queue
[2025-08-29T08:44:45.266+0000] {logging_mixin.py:190} INFO - [2025-08-29T08:44:45.266+0000] {dagbag.py:588} INFO - Filling up the DagBag from /home/airflow/.local/lib/python3.12/site-packages/airflow/example_dags/example_workday_timetable.py
[2025-08-29T08:44:45.270+0000] {processor.py:925} INFO - DAG(s) 'example_workday_timetable' retrieved from /home/airflow/.local/lib/python3.12/site-packages/airflow/example_dags/example_workday_timetable.py
[2025-08-29T08:44:45.290+0000] {logging_mixin.py:190} INFO - [2025-08-29T08:44:45.289+0000] {dag.py:3239} INFO - Sync 1 DAGs
[2025-08-29T08:44:45.364+0000] {logging_mixin.py:190} INFO - [2025-08-29T08:44:45.364+0000] {dag.py:4180} INFO - Setting next_dagrun for example_workday_timetable to 2021-01-04 00:00:00+00:00, run_after=2021-01-05 00:00:00+00:00
[2025-08-29T08:44:45.384+0000] {processor.py:208} INFO - Processing /home/airflow/.local/lib/python3.12/site-packages/airflow/example_dags/example_workday_timetable.py took 0.124 seconds
[2025-08-29T08:45:15.712+0000] {processor.py:186} INFO - Started process (PID=32365) to work on /home/airflow/.local/lib/python3.12/site-packages/airflow/example_dags/example_workday_timetable.py
[2025-08-29T08:45:15.713+0000] {processor.py:914} INFO - Processing file /home/airflow/.local/lib/python3.12/site-packages/airflow/example_dags/example_workday_timetable.py for tasks to queue
[2025-08-29T08:45:15.715+0000] {logging_mixin.py:190} INFO - [2025-08-29T08:45:15.715+0000] {dagbag.py:588} INFO - Filling up the DagBag from /home/airflow/.local/lib/python3.12/site-packages/airflow/example_dags/example_workday_timetable.py
[2025-08-29T08:45:15.718+0000] {processor.py:925} INFO - DAG(s) 'example_workday_timetable' retrieved from /home/airflow/.local/lib/python3.12/site-packages/airflow/example_dags/example_workday_timetable.py
[2025-08-29T08:45:15.734+0000] {logging_mixin.py:190} INFO - [2025-08-29T08:45:15.734+0000] {dag.py:3239} INFO - Sync 1 DAGs
[2025-08-29T08:45:15.769+0000] {logging_mixin.py:190} INFO - [2025-08-29T08:45:15.769+0000] {dag.py:4180} INFO - Setting next_dagrun for example_workday_timetable to 2021-01-04 00:00:00+00:00, run_after=2021-01-05 00:00:00+00:00
[2025-08-29T08:45:15.780+0000] {processor.py:208} INFO - Processing /home/airflow/.local/lib/python3.12/site-packages/airflow/example_dags/example_workday_timetable.py took 0.076 seconds
[2025-08-29T08:45:46.356+0000] {processor.py:186} INFO - Started process (PID=32429) to work on /home/airflow/.local/lib/python3.12/site-packages/airflow/example_dags/example_workday_timetable.py
[2025-08-29T08:45:46.357+0000] {processor.py:914} INFO - Processing file /home/airflow/.local/lib/python3.12/site-packages/airflow/example_dags/example_workday_timetable.py for tasks to queue
[2025-08-29T08:45:46.359+0000] {logging_mixin.py:190} INFO - [2025-08-29T08:45:46.358+0000] {dagbag.py:588} INFO - Filling up the DagBag from /home/airflow/.local/lib/python3.12/site-packages/airflow/example_dags/example_workday_timetable.py
[2025-08-29T08:45:46.363+0000] {processor.py:925} INFO - DAG(s) 'example_workday_timetable' retrieved from /home/airflow/.local/lib/python3.12/site-packages/airflow/example_dags/example_workday_timetable.py
[2025-08-29T08:45:46.381+0000] {logging_mixin.py:190} INFO - [2025-08-29T08:45:46.381+0000] {dag.py:3239} INFO - Sync 1 DAGs
[2025-08-29T08:45:46.434+0000] {logging_mixin.py:190} INFO - [2025-08-29T08:45:46.434+0000] {dag.py:4180} INFO - Setting next_dagrun for example_workday_timetable to 2021-01-04 00:00:00+00:00, run_after=2021-01-05 00:00:00+00:00
[2025-08-29T08:45:46.455+0000] {processor.py:208} INFO - Processing /home/airflow/.local/lib/python3.12/site-packages/airflow/example_dags/example_workday_timetable.py took 0.105 seconds
[2025-08-29T08:46:16.828+0000] {processor.py:186} INFO - Started process (PID=32493) to work on /home/airflow/.local/lib/python3.12/site-packages/airflow/example_dags/example_workday_timetable.py
[2025-08-29T08:46:16.829+0000] {processor.py:914} INFO - Processing file /home/airflow/.local/lib/python3.12/site-packages/airflow/example_dags/example_workday_timetable.py for tasks to queue
[2025-08-29T08:46:16.831+0000] {logging_mixin.py:190} INFO - [2025-08-29T08:46:16.830+0000] {dagbag.py:588} INFO - Filling up the DagBag from /home/airflow/.local/lib/python3.12/site-packages/airflow/example_dags/example_workday_timetable.py
[2025-08-29T08:46:16.835+0000] {processor.py:925} INFO - DAG(s) 'example_workday_timetable' retrieved from /home/airflow/.local/lib/python3.12/site-packages/airflow/example_dags/example_workday_timetable.py
[2025-08-29T08:46:16.852+0000] {logging_mixin.py:190} INFO - [2025-08-29T08:46:16.851+0000] {dag.py:3239} INFO - Sync 1 DAGs
[2025-08-29T08:46:16.897+0000] {logging_mixin.py:190} INFO - [2025-08-29T08:46:16.897+0000] {dag.py:4180} INFO - Setting next_dagrun for example_workday_timetable to 2021-01-04 00:00:00+00:00, run_after=2021-01-05 00:00:00+00:00
[2025-08-29T08:46:16.916+0000] {processor.py:208} INFO - Processing /home/airflow/.local/lib/python3.12/site-packages/airflow/example_dags/example_workday_timetable.py took 0.094 seconds
[2025-08-29T08:46:47.315+0000] {processor.py:186} INFO - Started process (PID=32557) to work on /home/airflow/.local/lib/python3.12/site-packages/airflow/example_dags/example_workday_timetable.py
[2025-08-29T08:46:47.316+0000] {processor.py:914} INFO - Processing file /home/airflow/.local/lib/python3.12/site-packages/airflow/example_dags/example_workday_timetable.py for tasks to queue
[2025-08-29T08:46:47.318+0000] {logging_mixin.py:190} INFO - [2025-08-29T08:46:47.317+0000] {dagbag.py:588} INFO - Filling up the DagBag from /home/airflow/.local/lib/python3.12/site-packages/airflow/example_dags/example_workday_timetable.py
[2025-08-29T08:46:47.321+0000] {processor.py:925} INFO - DAG(s) 'example_workday_timetable' retrieved from /home/airflow/.local/lib/python3.12/site-packages/airflow/example_dags/example_workday_timetable.py
[2025-08-29T08:46:47.340+0000] {logging_mixin.py:190} INFO - [2025-08-29T08:46:47.339+0000] {dag.py:3239} INFO - Sync 1 DAGs
[2025-08-29T08:46:47.378+0000] {logging_mixin.py:190} INFO - [2025-08-29T08:46:47.378+0000] {dag.py:4180} INFO - Setting next_dagrun for example_workday_timetable to 2021-01-04 00:00:00+00:00, run_after=2021-01-05 00:00:00+00:00
[2025-08-29T08:46:47.396+0000] {processor.py:208} INFO - Processing /home/airflow/.local/lib/python3.12/site-packages/airflow/example_dags/example_workday_timetable.py took 0.087 seconds
[2025-08-29T08:47:17.468+0000] {processor.py:186} INFO - Started process (PID=32621) to work on /home/airflow/.local/lib/python3.12/site-packages/airflow/example_dags/example_workday_timetable.py
[2025-08-29T08:47:17.469+0000] {processor.py:914} INFO - Processing file /home/airflow/.local/lib/python3.12/site-packages/airflow/example_dags/example_workday_timetable.py for tasks to queue
[2025-08-29T08:47:17.470+0000] {logging_mixin.py:190} INFO - [2025-08-29T08:47:17.470+0000] {dagbag.py:588} INFO - Filling up the DagBag from /home/airflow/.local/lib/python3.12/site-packages/airflow/example_dags/example_workday_timetable.py
[2025-08-29T08:47:17.473+0000] {processor.py:925} INFO - DAG(s) 'example_workday_timetable' retrieved from /home/airflow/.local/lib/python3.12/site-packages/airflow/example_dags/example_workday_timetable.py
[2025-08-29T08:47:17.485+0000] {logging_mixin.py:190} INFO - [2025-08-29T08:47:17.485+0000] {dag.py:3239} INFO - Sync 1 DAGs
[2025-08-29T08:47:17.525+0000] {logging_mixin.py:190} INFO - [2025-08-29T08:47:17.525+0000] {dag.py:4180} INFO - Setting next_dagrun for example_workday_timetable to 2021-01-04 00:00:00+00:00, run_after=2021-01-05 00:00:00+00:00
[2025-08-29T08:47:17.539+0000] {processor.py:208} INFO - Processing /home/airflow/.local/lib/python3.12/site-packages/airflow/example_dags/example_workday_timetable.py took 0.075 seconds
[2025-08-29T08:47:47.815+0000] {processor.py:186} INFO - Started process (PID=32685) to work on /home/airflow/.local/lib/python3.12/site-packages/airflow/example_dags/example_workday_timetable.py
[2025-08-29T08:47:47.816+0000] {processor.py:914} INFO - Processing file /home/airflow/.local/lib/python3.12/site-packages/airflow/example_dags/example_workday_timetable.py for tasks to queue
[2025-08-29T08:47:47.817+0000] {logging_mixin.py:190} INFO - [2025-08-29T08:47:47.817+0000] {dagbag.py:588} INFO - Filling up the DagBag from /home/airflow/.local/lib/python3.12/site-packages/airflow/example_dags/example_workday_timetable.py
[2025-08-29T08:47:47.821+0000] {processor.py:925} INFO - DAG(s) 'example_workday_timetable' retrieved from /home/airflow/.local/lib/python3.12/site-packages/airflow/example_dags/example_workday_timetable.py
[2025-08-29T08:47:47.832+0000] {logging_mixin.py:190} INFO - [2025-08-29T08:47:47.832+0000] {dag.py:3239} INFO - Sync 1 DAGs
[2025-08-29T08:47:47.867+0000] {logging_mixin.py:190} INFO - [2025-08-29T08:47:47.867+0000] {dag.py:4180} INFO - Setting next_dagrun for example_workday_timetable to 2021-01-04 00:00:00+00:00, run_after=2021-01-05 00:00:00+00:00
[2025-08-29T08:47:47.878+0000] {processor.py:208} INFO - Processing /home/airflow/.local/lib/python3.12/site-packages/airflow/example_dags/example_workday_timetable.py took 0.068 seconds
[2025-08-29T08:48:18.365+0000] {processor.py:186} INFO - Started process (PID=32749) to work on /home/airflow/.local/lib/python3.12/site-packages/airflow/example_dags/example_workday_timetable.py
[2025-08-29T08:48:18.365+0000] {processor.py:914} INFO - Processing file /home/airflow/.local/lib/python3.12/site-packages/airflow/example_dags/example_workday_timetable.py for tasks to queue
[2025-08-29T08:48:18.367+0000] {logging_mixin.py:190} INFO - [2025-08-29T08:48:18.366+0000] {dagbag.py:588} INFO - Filling up the DagBag from /home/airflow/.local/lib/python3.12/site-packages/airflow/example_dags/example_workday_timetable.py
[2025-08-29T08:48:18.370+0000] {processor.py:925} INFO - DAG(s) 'example_workday_timetable' retrieved from /home/airflow/.local/lib/python3.12/site-packages/airflow/example_dags/example_workday_timetable.py
[2025-08-29T08:48:18.391+0000] {logging_mixin.py:190} INFO - [2025-08-29T08:48:18.390+0000] {dag.py:3239} INFO - Sync 1 DAGs
[2025-08-29T08:48:18.430+0000] {logging_mixin.py:190} INFO - [2025-08-29T08:48:18.430+0000] {dag.py:4180} INFO - Setting next_dagrun for example_workday_timetable to 2021-01-04 00:00:00+00:00, run_after=2021-01-05 00:00:00+00:00
[2025-08-29T08:48:18.449+0000] {processor.py:208} INFO - Processing /home/airflow/.local/lib/python3.12/site-packages/airflow/example_dags/example_workday_timetable.py took 0.089 seconds
[2025-08-29T08:48:48.767+0000] {processor.py:186} INFO - Started process (PID=32813) to work on /home/airflow/.local/lib/python3.12/site-packages/airflow/example_dags/example_workday_timetable.py
[2025-08-29T08:48:48.768+0000] {processor.py:914} INFO - Processing file /home/airflow/.local/lib/python3.12/site-packages/airflow/example_dags/example_workday_timetable.py for tasks to queue
[2025-08-29T08:48:48.771+0000] {logging_mixin.py:190} INFO - [2025-08-29T08:48:48.770+0000] {dagbag.py:588} INFO - Filling up the DagBag from /home/airflow/.local/lib/python3.12/site-packages/airflow/example_dags/example_workday_timetable.py
[2025-08-29T08:48:48.775+0000] {processor.py:925} INFO - DAG(s) 'example_workday_timetable' retrieved from /home/airflow/.local/lib/python3.12/site-packages/airflow/example_dags/example_workday_timetable.py
[2025-08-29T08:48:48.799+0000] {logging_mixin.py:190} INFO - [2025-08-29T08:48:48.799+0000] {dag.py:3239} INFO - Sync 1 DAGs
[2025-08-29T08:48:48.845+0000] {logging_mixin.py:190} INFO - [2025-08-29T08:48:48.845+0000] {dag.py:4180} INFO - Setting next_dagrun for example_workday_timetable to 2021-01-04 00:00:00+00:00, run_after=2021-01-05 00:00:00+00:00
[2025-08-29T08:48:48.860+0000] {processor.py:208} INFO - Processing /home/airflow/.local/lib/python3.12/site-packages/airflow/example_dags/example_workday_timetable.py took 0.100 seconds
[2025-08-29T08:49:19.086+0000] {processor.py:186} INFO - Started process (PID=32877) to work on /home/airflow/.local/lib/python3.12/site-packages/airflow/example_dags/example_workday_timetable.py
[2025-08-29T08:49:19.087+0000] {processor.py:914} INFO - Processing file /home/airflow/.local/lib/python3.12/site-packages/airflow/example_dags/example_workday_timetable.py for tasks to queue
[2025-08-29T08:49:19.088+0000] {logging_mixin.py:190} INFO - [2025-08-29T08:49:19.088+0000] {dagbag.py:588} INFO - Filling up the DagBag from /home/airflow/.local/lib/python3.12/site-packages/airflow/example_dags/example_workday_timetable.py
[2025-08-29T08:49:19.092+0000] {processor.py:925} INFO - DAG(s) 'example_workday_timetable' retrieved from /home/airflow/.local/lib/python3.12/site-packages/airflow/example_dags/example_workday_timetable.py
[2025-08-29T08:49:19.108+0000] {logging_mixin.py:190} INFO - [2025-08-29T08:49:19.108+0000] {dag.py:3239} INFO - Sync 1 DAGs
[2025-08-29T08:49:19.152+0000] {logging_mixin.py:190} INFO - [2025-08-29T08:49:19.152+0000] {dag.py:4180} INFO - Setting next_dagrun for example_workday_timetable to 2021-01-04 00:00:00+00:00, run_after=2021-01-05 00:00:00+00:00
[2025-08-29T08:49:19.164+0000] {processor.py:208} INFO - Processing /home/airflow/.local/lib/python3.12/site-packages/airflow/example_dags/example_workday_timetable.py took 0.082 seconds
[2025-08-29T08:49:49.718+0000] {processor.py:186} INFO - Started process (PID=32941) to work on /home/airflow/.local/lib/python3.12/site-packages/airflow/example_dags/example_workday_timetable.py
[2025-08-29T08:49:49.719+0000] {processor.py:914} INFO - Processing file /home/airflow/.local/lib/python3.12/site-packages/airflow/example_dags/example_workday_timetable.py for tasks to queue
[2025-08-29T08:49:49.721+0000] {logging_mixin.py:190} INFO - [2025-08-29T08:49:49.721+0000] {dagbag.py:588} INFO - Filling up the DagBag from /home/airflow/.local/lib/python3.12/site-packages/airflow/example_dags/example_workday_timetable.py
[2025-08-29T08:49:49.725+0000] {processor.py:925} INFO - DAG(s) 'example_workday_timetable' retrieved from /home/airflow/.local/lib/python3.12/site-packages/airflow/example_dags/example_workday_timetable.py
[2025-08-29T08:49:49.739+0000] {logging_mixin.py:190} INFO - [2025-08-29T08:49:49.739+0000] {dag.py:3239} INFO - Sync 1 DAGs
[2025-08-29T08:49:49.780+0000] {logging_mixin.py:190} INFO - [2025-08-29T08:49:49.779+0000] {dag.py:4180} INFO - Setting next_dagrun for example_workday_timetable to 2021-01-04 00:00:00+00:00, run_after=2021-01-05 00:00:00+00:00
[2025-08-29T08:49:49.792+0000] {processor.py:208} INFO - Processing /home/airflow/.local/lib/python3.12/site-packages/airflow/example_dags/example_workday_timetable.py took 0.080 seconds
[2025-08-29T08:50:20.051+0000] {processor.py:186} INFO - Started process (PID=33005) to work on /home/airflow/.local/lib/python3.12/site-packages/airflow/example_dags/example_workday_timetable.py
[2025-08-29T08:50:20.052+0000] {processor.py:914} INFO - Processing file /home/airflow/.local/lib/python3.12/site-packages/airflow/example_dags/example_workday_timetable.py for tasks to queue
[2025-08-29T08:50:20.054+0000] {logging_mixin.py:190} INFO - [2025-08-29T08:50:20.054+0000] {dagbag.py:588} INFO - Filling up the DagBag from /home/airflow/.local/lib/python3.12/site-packages/airflow/example_dags/example_workday_timetable.py
[2025-08-29T08:50:20.058+0000] {processor.py:925} INFO - DAG(s) 'example_workday_timetable' retrieved from /home/airflow/.local/lib/python3.12/site-packages/airflow/example_dags/example_workday_timetable.py
[2025-08-29T08:50:20.078+0000] {logging_mixin.py:190} INFO - [2025-08-29T08:50:20.077+0000] {dag.py:3239} INFO - Sync 1 DAGs
[2025-08-29T08:50:20.126+0000] {logging_mixin.py:190} INFO - [2025-08-29T08:50:20.126+0000] {dag.py:4180} INFO - Setting next_dagrun for example_workday_timetable to 2021-01-04 00:00:00+00:00, run_after=2021-01-05 00:00:00+00:00
[2025-08-29T08:50:20.144+0000] {processor.py:208} INFO - Processing /home/airflow/.local/lib/python3.12/site-packages/airflow/example_dags/example_workday_timetable.py took 0.101 seconds
[2025-08-29T08:50:50.350+0000] {processor.py:186} INFO - Started process (PID=33069) to work on /home/airflow/.local/lib/python3.12/site-packages/airflow/example_dags/example_workday_timetable.py
[2025-08-29T08:50:50.351+0000] {processor.py:914} INFO - Processing file /home/airflow/.local/lib/python3.12/site-packages/airflow/example_dags/example_workday_timetable.py for tasks to queue
[2025-08-29T08:50:50.352+0000] {logging_mixin.py:190} INFO - [2025-08-29T08:50:50.352+0000] {dagbag.py:588} INFO - Filling up the DagBag from /home/airflow/.local/lib/python3.12/site-packages/airflow/example_dags/example_workday_timetable.py
[2025-08-29T08:50:50.355+0000] {processor.py:925} INFO - DAG(s) 'example_workday_timetable' retrieved from /home/airflow/.local/lib/python3.12/site-packages/airflow/example_dags/example_workday_timetable.py
[2025-08-29T08:50:50.370+0000] {logging_mixin.py:190} INFO - [2025-08-29T08:50:50.370+0000] {dag.py:3239} INFO - Sync 1 DAGs
[2025-08-29T08:50:50.409+0000] {logging_mixin.py:190} INFO - [2025-08-29T08:50:50.408+0000] {dag.py:4180} INFO - Setting next_dagrun for example_workday_timetable to 2021-01-04 00:00:00+00:00, run_after=2021-01-05 00:00:00+00:00
[2025-08-29T08:50:50.424+0000] {processor.py:208} INFO - Processing /home/airflow/.local/lib/python3.12/site-packages/airflow/example_dags/example_workday_timetable.py took 0.077 seconds
[2025-08-29T08:51:20.580+0000] {processor.py:186} INFO - Started process (PID=33133) to work on /home/airflow/.local/lib/python3.12/site-packages/airflow/example_dags/example_workday_timetable.py
[2025-08-29T08:51:20.581+0000] {processor.py:914} INFO - Processing file /home/airflow/.local/lib/python3.12/site-packages/airflow/example_dags/example_workday_timetable.py for tasks to queue
[2025-08-29T08:51:20.583+0000] {logging_mixin.py:190} INFO - [2025-08-29T08:51:20.583+0000] {dagbag.py:588} INFO - Filling up the DagBag from /home/airflow/.local/lib/python3.12/site-packages/airflow/example_dags/example_workday_timetable.py
[2025-08-29T08:51:20.588+0000] {processor.py:925} INFO - DAG(s) 'example_workday_timetable' retrieved from /home/airflow/.local/lib/python3.12/site-packages/airflow/example_dags/example_workday_timetable.py
[2025-08-29T08:51:20.610+0000] {logging_mixin.py:190} INFO - [2025-08-29T08:51:20.610+0000] {dag.py:3239} INFO - Sync 1 DAGs
[2025-08-29T08:51:20.664+0000] {logging_mixin.py:190} INFO - [2025-08-29T08:51:20.664+0000] {dag.py:4180} INFO - Setting next_dagrun for example_workday_timetable to 2021-01-04 00:00:00+00:00, run_after=2021-01-05 00:00:00+00:00
[2025-08-29T08:51:20.678+0000] {processor.py:208} INFO - Processing /home/airflow/.local/lib/python3.12/site-packages/airflow/example_dags/example_workday_timetable.py took 0.105 seconds
[2025-08-29T08:51:50.945+0000] {processor.py:186} INFO - Started process (PID=33197) to work on /home/airflow/.local/lib/python3.12/site-packages/airflow/example_dags/example_workday_timetable.py
[2025-08-29T08:51:50.946+0000] {processor.py:914} INFO - Processing file /home/airflow/.local/lib/python3.12/site-packages/airflow/example_dags/example_workday_timetable.py for tasks to queue
[2025-08-29T08:51:50.949+0000] {logging_mixin.py:190} INFO - [2025-08-29T08:51:50.948+0000] {dagbag.py:588} INFO - Filling up the DagBag from /home/airflow/.local/lib/python3.12/site-packages/airflow/example_dags/example_workday_timetable.py
[2025-08-29T08:51:50.954+0000] {processor.py:925} INFO - DAG(s) 'example_workday_timetable' retrieved from /home/airflow/.local/lib/python3.12/site-packages/airflow/example_dags/example_workday_timetable.py
[2025-08-29T08:51:50.972+0000] {logging_mixin.py:190} INFO - [2025-08-29T08:51:50.972+0000] {dag.py:3239} INFO - Sync 1 DAGs
[2025-08-29T08:51:51.015+0000] {logging_mixin.py:190} INFO - [2025-08-29T08:51:51.015+0000] {dag.py:4180} INFO - Setting next_dagrun for example_workday_timetable to 2021-01-04 00:00:00+00:00, run_after=2021-01-05 00:00:00+00:00
[2025-08-29T08:51:51.027+0000] {processor.py:208} INFO - Processing /home/airflow/.local/lib/python3.12/site-packages/airflow/example_dags/example_workday_timetable.py took 0.088 seconds
[2025-08-29T08:52:21.249+0000] {processor.py:186} INFO - Started process (PID=33261) to work on /home/airflow/.local/lib/python3.12/site-packages/airflow/example_dags/example_workday_timetable.py
[2025-08-29T08:52:21.250+0000] {processor.py:914} INFO - Processing file /home/airflow/.local/lib/python3.12/site-packages/airflow/example_dags/example_workday_timetable.py for tasks to queue
[2025-08-29T08:52:21.251+0000] {logging_mixin.py:190} INFO - [2025-08-29T08:52:21.251+0000] {dagbag.py:588} INFO - Filling up the DagBag from /home/airflow/.local/lib/python3.12/site-packages/airflow/example_dags/example_workday_timetable.py
[2025-08-29T08:52:21.254+0000] {processor.py:925} INFO - DAG(s) 'example_workday_timetable' retrieved from /home/airflow/.local/lib/python3.12/site-packages/airflow/example_dags/example_workday_timetable.py
[2025-08-29T08:52:21.274+0000] {logging_mixin.py:190} INFO - [2025-08-29T08:52:21.274+0000] {dag.py:3239} INFO - Sync 1 DAGs
[2025-08-29T08:52:21.321+0000] {logging_mixin.py:190} INFO - [2025-08-29T08:52:21.321+0000] {dag.py:4180} INFO - Setting next_dagrun for example_workday_timetable to 2021-01-04 00:00:00+00:00, run_after=2021-01-05 00:00:00+00:00
[2025-08-29T08:52:21.339+0000] {processor.py:208} INFO - Processing /home/airflow/.local/lib/python3.12/site-packages/airflow/example_dags/example_workday_timetable.py took 0.094 seconds
[2025-08-29T08:52:51.527+0000] {processor.py:186} INFO - Started process (PID=33325) to work on /home/airflow/.local/lib/python3.12/site-packages/airflow/example_dags/example_workday_timetable.py
[2025-08-29T08:52:51.528+0000] {processor.py:914} INFO - Processing file /home/airflow/.local/lib/python3.12/site-packages/airflow/example_dags/example_workday_timetable.py for tasks to queue
[2025-08-29T08:52:51.530+0000] {logging_mixin.py:190} INFO - [2025-08-29T08:52:51.530+0000] {dagbag.py:588} INFO - Filling up the DagBag from /home/airflow/.local/lib/python3.12/site-packages/airflow/example_dags/example_workday_timetable.py
[2025-08-29T08:52:51.535+0000] {processor.py:925} INFO - DAG(s) 'example_workday_timetable' retrieved from /home/airflow/.local/lib/python3.12/site-packages/airflow/example_dags/example_workday_timetable.py
[2025-08-29T08:52:51.553+0000] {logging_mixin.py:190} INFO - [2025-08-29T08:52:51.553+0000] {dag.py:3239} INFO - Sync 1 DAGs
[2025-08-29T08:52:51.588+0000] {logging_mixin.py:190} INFO - [2025-08-29T08:52:51.588+0000] {dag.py:4180} INFO - Setting next_dagrun for example_workday_timetable to 2021-01-04 00:00:00+00:00, run_after=2021-01-05 00:00:00+00:00
[2025-08-29T08:52:51.605+0000] {processor.py:208} INFO - Processing /home/airflow/.local/lib/python3.12/site-packages/airflow/example_dags/example_workday_timetable.py took 0.085 seconds
[2025-08-29T08:53:22.033+0000] {processor.py:186} INFO - Started process (PID=33389) to work on /home/airflow/.local/lib/python3.12/site-packages/airflow/example_dags/example_workday_timetable.py
[2025-08-29T08:53:22.034+0000] {processor.py:914} INFO - Processing file /home/airflow/.local/lib/python3.12/site-packages/airflow/example_dags/example_workday_timetable.py for tasks to queue
[2025-08-29T08:53:22.036+0000] {logging_mixin.py:190} INFO - [2025-08-29T08:53:22.036+0000] {dagbag.py:588} INFO - Filling up the DagBag from /home/airflow/.local/lib/python3.12/site-packages/airflow/example_dags/example_workday_timetable.py
[2025-08-29T08:53:22.042+0000] {processor.py:925} INFO - DAG(s) 'example_workday_timetable' retrieved from /home/airflow/.local/lib/python3.12/site-packages/airflow/example_dags/example_workday_timetable.py
[2025-08-29T08:53:22.062+0000] {logging_mixin.py:190} INFO - [2025-08-29T08:53:22.061+0000] {dag.py:3239} INFO - Sync 1 DAGs
[2025-08-29T08:53:22.110+0000] {logging_mixin.py:190} INFO - [2025-08-29T08:53:22.110+0000] {dag.py:4180} INFO - Setting next_dagrun for example_workday_timetable to 2021-01-04 00:00:00+00:00, run_after=2021-01-05 00:00:00+00:00
[2025-08-29T08:53:22.128+0000] {processor.py:208} INFO - Processing /home/airflow/.local/lib/python3.12/site-packages/airflow/example_dags/example_workday_timetable.py took 0.101 seconds
[2025-08-29T08:53:52.235+0000] {processor.py:186} INFO - Started process (PID=33453) to work on /home/airflow/.local/lib/python3.12/site-packages/airflow/example_dags/example_workday_timetable.py
[2025-08-29T08:53:52.235+0000] {processor.py:914} INFO - Processing file /home/airflow/.local/lib/python3.12/site-packages/airflow/example_dags/example_workday_timetable.py for tasks to queue
[2025-08-29T08:53:52.237+0000] {logging_mixin.py:190} INFO - [2025-08-29T08:53:52.237+0000] {dagbag.py:588} INFO - Filling up the DagBag from /home/airflow/.local/lib/python3.12/site-packages/airflow/example_dags/example_workday_timetable.py
[2025-08-29T08:53:52.241+0000] {processor.py:925} INFO - DAG(s) 'example_workday_timetable' retrieved from /home/airflow/.local/lib/python3.12/site-packages/airflow/example_dags/example_workday_timetable.py
[2025-08-29T08:53:52.258+0000] {logging_mixin.py:190} INFO - [2025-08-29T08:53:52.258+0000] {dag.py:3239} INFO - Sync 1 DAGs
[2025-08-29T08:53:52.301+0000] {logging_mixin.py:190} INFO - [2025-08-29T08:53:52.301+0000] {dag.py:4180} INFO - Setting next_dagrun for example_workday_timetable to 2021-01-04 00:00:00+00:00, run_after=2021-01-05 00:00:00+00:00
[2025-08-29T08:53:52.319+0000] {processor.py:208} INFO - Processing /home/airflow/.local/lib/python3.12/site-packages/airflow/example_dags/example_workday_timetable.py took 0.090 seconds
