[2025-08-29T08:40:40.328+0000] {processor.py:186} INFO - Started process (PID=31796) to work on /home/airflow/.local/lib/python3.12/site-packages/airflow/example_dags/tutorial_objectstorage.py
[2025-08-29T08:40:40.328+0000] {processor.py:914} INFO - Processing file /home/airflow/.local/lib/python3.12/site-packages/airflow/example_dags/tutorial_objectstorage.py for tasks to queue
[2025-08-29T08:40:40.331+0000] {logging_mixin.py:190} INFO - [2025-08-29T08:40:40.330+0000] {dagbag.py:588} INFO - Filling up the DagBag from /home/airflow/.local/lib/python3.12/site-packages/airflow/example_dags/tutorial_objectstorage.py
[2025-08-29T08:40:40.341+0000] {processor.py:925} INFO - DAG(s) 'tutorial_objectstorage' retrieved from /home/airflow/.local/lib/python3.12/site-packages/airflow/example_dags/tutorial_objectstorage.py
[2025-08-29T08:40:40.365+0000] {logging_mixin.py:190} INFO - [2025-08-29T08:40:40.365+0000] {dag.py:3239} INFO - Sync 1 DAGs
[2025-08-29T08:40:40.382+0000] {logging_mixin.py:190} INFO - [2025-08-29T08:40:40.381+0000] {dag.py:4180} INFO - Setting next_dagrun for tutorial_objectstorage to None, run_after=None
[2025-08-29T08:40:40.407+0000] {processor.py:208} INFO - Processing /home/airflow/.local/lib/python3.12/site-packages/airflow/example_dags/tutorial_objectstorage.py took 0.086 seconds
[2025-08-29T08:41:11.265+0000] {processor.py:186} INFO - Started process (PID=31860) to work on /home/airflow/.local/lib/python3.12/site-packages/airflow/example_dags/tutorial_objectstorage.py
[2025-08-29T08:41:11.266+0000] {processor.py:914} INFO - Processing file /home/airflow/.local/lib/python3.12/site-packages/airflow/example_dags/tutorial_objectstorage.py for tasks to queue
[2025-08-29T08:41:11.269+0000] {logging_mixin.py:190} INFO - [2025-08-29T08:41:11.269+0000] {dagbag.py:588} INFO - Filling up the DagBag from /home/airflow/.local/lib/python3.12/site-packages/airflow/example_dags/tutorial_objectstorage.py
[2025-08-29T08:41:11.279+0000] {processor.py:925} INFO - DAG(s) 'tutorial_objectstorage' retrieved from /home/airflow/.local/lib/python3.12/site-packages/airflow/example_dags/tutorial_objectstorage.py
[2025-08-29T08:41:11.308+0000] {logging_mixin.py:190} INFO - [2025-08-29T08:41:11.307+0000] {dag.py:3239} INFO - Sync 1 DAGs
[2025-08-29T08:41:11.326+0000] {logging_mixin.py:190} INFO - [2025-08-29T08:41:11.326+0000] {dag.py:4180} INFO - Setting next_dagrun for tutorial_objectstorage to None, run_after=None
[2025-08-29T08:41:11.347+0000] {processor.py:208} INFO - Processing /home/airflow/.local/lib/python3.12/site-packages/airflow/example_dags/tutorial_objectstorage.py took 0.089 seconds
[2025-08-29T08:41:42.443+0000] {processor.py:186} INFO - Started process (PID=31924) to work on /home/airflow/.local/lib/python3.12/site-packages/airflow/example_dags/tutorial_objectstorage.py
[2025-08-29T08:41:42.444+0000] {processor.py:914} INFO - Processing file /home/airflow/.local/lib/python3.12/site-packages/airflow/example_dags/tutorial_objectstorage.py for tasks to queue
[2025-08-29T08:41:42.446+0000] {logging_mixin.py:190} INFO - [2025-08-29T08:41:42.446+0000] {dagbag.py:588} INFO - Filling up the DagBag from /home/airflow/.local/lib/python3.12/site-packages/airflow/example_dags/tutorial_objectstorage.py
[2025-08-29T08:41:42.455+0000] {processor.py:925} INFO - DAG(s) 'tutorial_objectstorage' retrieved from /home/airflow/.local/lib/python3.12/site-packages/airflow/example_dags/tutorial_objectstorage.py
[2025-08-29T08:41:42.483+0000] {logging_mixin.py:190} INFO - [2025-08-29T08:41:42.483+0000] {dag.py:3239} INFO - Sync 1 DAGs
[2025-08-29T08:41:42.506+0000] {logging_mixin.py:190} INFO - [2025-08-29T08:41:42.506+0000] {dag.py:4180} INFO - Setting next_dagrun for tutorial_objectstorage to None, run_after=None
[2025-08-29T08:41:42.539+0000] {processor.py:208} INFO - Processing /home/airflow/.local/lib/python3.12/site-packages/airflow/example_dags/tutorial_objectstorage.py took 0.101 seconds
[2025-08-29T08:42:12.600+0000] {processor.py:186} INFO - Started process (PID=31987) to work on /home/airflow/.local/lib/python3.12/site-packages/airflow/example_dags/tutorial_objectstorage.py
[2025-08-29T08:42:12.601+0000] {processor.py:914} INFO - Processing file /home/airflow/.local/lib/python3.12/site-packages/airflow/example_dags/tutorial_objectstorage.py for tasks to queue
[2025-08-29T08:42:12.603+0000] {logging_mixin.py:190} INFO - [2025-08-29T08:42:12.602+0000] {dagbag.py:588} INFO - Filling up the DagBag from /home/airflow/.local/lib/python3.12/site-packages/airflow/example_dags/tutorial_objectstorage.py
[2025-08-29T08:42:12.611+0000] {processor.py:925} INFO - DAG(s) 'tutorial_objectstorage' retrieved from /home/airflow/.local/lib/python3.12/site-packages/airflow/example_dags/tutorial_objectstorage.py
[2025-08-29T08:42:12.636+0000] {logging_mixin.py:190} INFO - [2025-08-29T08:42:12.636+0000] {dag.py:3239} INFO - Sync 1 DAGs
[2025-08-29T08:42:12.654+0000] {logging_mixin.py:190} INFO - [2025-08-29T08:42:12.654+0000] {dag.py:4180} INFO - Setting next_dagrun for tutorial_objectstorage to None, run_after=None
[2025-08-29T08:42:12.679+0000] {processor.py:208} INFO - Processing /home/airflow/.local/lib/python3.12/site-packages/airflow/example_dags/tutorial_objectstorage.py took 0.086 seconds
[2025-08-29T08:42:43.564+0000] {processor.py:186} INFO - Started process (PID=32052) to work on /home/airflow/.local/lib/python3.12/site-packages/airflow/example_dags/tutorial_objectstorage.py
[2025-08-29T08:42:43.565+0000] {processor.py:914} INFO - Processing file /home/airflow/.local/lib/python3.12/site-packages/airflow/example_dags/tutorial_objectstorage.py for tasks to queue
[2025-08-29T08:42:43.570+0000] {logging_mixin.py:190} INFO - [2025-08-29T08:42:43.569+0000] {dagbag.py:588} INFO - Filling up the DagBag from /home/airflow/.local/lib/python3.12/site-packages/airflow/example_dags/tutorial_objectstorage.py
[2025-08-29T08:42:43.588+0000] {processor.py:925} INFO - DAG(s) 'tutorial_objectstorage' retrieved from /home/airflow/.local/lib/python3.12/site-packages/airflow/example_dags/tutorial_objectstorage.py
[2025-08-29T08:42:43.622+0000] {logging_mixin.py:190} INFO - [2025-08-29T08:42:43.622+0000] {dag.py:3239} INFO - Sync 1 DAGs
[2025-08-29T08:42:43.644+0000] {logging_mixin.py:190} INFO - [2025-08-29T08:42:43.643+0000] {dag.py:4180} INFO - Setting next_dagrun for tutorial_objectstorage to None, run_after=None
[2025-08-29T08:42:43.674+0000] {processor.py:208} INFO - Processing /home/airflow/.local/lib/python3.12/site-packages/airflow/example_dags/tutorial_objectstorage.py took 0.121 seconds
[2025-08-29T08:43:14.267+0000] {processor.py:186} INFO - Started process (PID=32116) to work on /home/airflow/.local/lib/python3.12/site-packages/airflow/example_dags/tutorial_objectstorage.py
[2025-08-29T08:43:14.268+0000] {processor.py:914} INFO - Processing file /home/airflow/.local/lib/python3.12/site-packages/airflow/example_dags/tutorial_objectstorage.py for tasks to queue
[2025-08-29T08:43:14.272+0000] {logging_mixin.py:190} INFO - [2025-08-29T08:43:14.271+0000] {dagbag.py:588} INFO - Filling up the DagBag from /home/airflow/.local/lib/python3.12/site-packages/airflow/example_dags/tutorial_objectstorage.py
[2025-08-29T08:43:14.287+0000] {processor.py:925} INFO - DAG(s) 'tutorial_objectstorage' retrieved from /home/airflow/.local/lib/python3.12/site-packages/airflow/example_dags/tutorial_objectstorage.py
[2025-08-29T08:43:14.320+0000] {logging_mixin.py:190} INFO - [2025-08-29T08:43:14.320+0000] {dag.py:3239} INFO - Sync 1 DAGs
[2025-08-29T08:43:14.344+0000] {logging_mixin.py:190} INFO - [2025-08-29T08:43:14.343+0000] {dag.py:4180} INFO - Setting next_dagrun for tutorial_objectstorage to None, run_after=None
[2025-08-29T08:43:14.377+0000] {processor.py:208} INFO - Processing /home/airflow/.local/lib/python3.12/site-packages/airflow/example_dags/tutorial_objectstorage.py took 0.120 seconds
[2025-08-29T08:43:45.106+0000] {processor.py:186} INFO - Started process (PID=32180) to work on /home/airflow/.local/lib/python3.12/site-packages/airflow/example_dags/tutorial_objectstorage.py
[2025-08-29T08:43:45.107+0000] {processor.py:914} INFO - Processing file /home/airflow/.local/lib/python3.12/site-packages/airflow/example_dags/tutorial_objectstorage.py for tasks to queue
[2025-08-29T08:43:45.109+0000] {logging_mixin.py:190} INFO - [2025-08-29T08:43:45.109+0000] {dagbag.py:588} INFO - Filling up the DagBag from /home/airflow/.local/lib/python3.12/site-packages/airflow/example_dags/tutorial_objectstorage.py
[2025-08-29T08:43:45.116+0000] {processor.py:925} INFO - DAG(s) 'tutorial_objectstorage' retrieved from /home/airflow/.local/lib/python3.12/site-packages/airflow/example_dags/tutorial_objectstorage.py
[2025-08-29T08:43:45.138+0000] {logging_mixin.py:190} INFO - [2025-08-29T08:43:45.138+0000] {dag.py:3239} INFO - Sync 1 DAGs
[2025-08-29T08:43:45.160+0000] {logging_mixin.py:190} INFO - [2025-08-29T08:43:45.159+0000] {dag.py:4180} INFO - Setting next_dagrun for tutorial_objectstorage to None, run_after=None
[2025-08-29T08:43:45.186+0000] {processor.py:208} INFO - Processing /home/airflow/.local/lib/python3.12/site-packages/airflow/example_dags/tutorial_objectstorage.py took 0.088 seconds
[2025-08-29T08:44:15.820+0000] {processor.py:186} INFO - Started process (PID=32244) to work on /home/airflow/.local/lib/python3.12/site-packages/airflow/example_dags/tutorial_objectstorage.py
[2025-08-29T08:44:15.821+0000] {processor.py:914} INFO - Processing file /home/airflow/.local/lib/python3.12/site-packages/airflow/example_dags/tutorial_objectstorage.py for tasks to queue
[2025-08-29T08:44:15.823+0000] {logging_mixin.py:190} INFO - [2025-08-29T08:44:15.823+0000] {dagbag.py:588} INFO - Filling up the DagBag from /home/airflow/.local/lib/python3.12/site-packages/airflow/example_dags/tutorial_objectstorage.py
[2025-08-29T08:44:15.833+0000] {processor.py:925} INFO - DAG(s) 'tutorial_objectstorage' retrieved from /home/airflow/.local/lib/python3.12/site-packages/airflow/example_dags/tutorial_objectstorage.py
[2025-08-29T08:44:15.851+0000] {logging_mixin.py:190} INFO - [2025-08-29T08:44:15.850+0000] {dag.py:3239} INFO - Sync 1 DAGs
[2025-08-29T08:44:15.866+0000] {logging_mixin.py:190} INFO - [2025-08-29T08:44:15.866+0000] {dag.py:4180} INFO - Setting next_dagrun for tutorial_objectstorage to None, run_after=None
[2025-08-29T08:44:15.884+0000] {processor.py:208} INFO - Processing /home/airflow/.local/lib/python3.12/site-packages/airflow/example_dags/tutorial_objectstorage.py took 0.069 seconds
[2025-08-29T08:44:46.687+0000] {processor.py:186} INFO - Started process (PID=32308) to work on /home/airflow/.local/lib/python3.12/site-packages/airflow/example_dags/tutorial_objectstorage.py
[2025-08-29T08:44:46.688+0000] {processor.py:914} INFO - Processing file /home/airflow/.local/lib/python3.12/site-packages/airflow/example_dags/tutorial_objectstorage.py for tasks to queue
[2025-08-29T08:44:46.690+0000] {logging_mixin.py:190} INFO - [2025-08-29T08:44:46.689+0000] {dagbag.py:588} INFO - Filling up the DagBag from /home/airflow/.local/lib/python3.12/site-packages/airflow/example_dags/tutorial_objectstorage.py
[2025-08-29T08:44:46.700+0000] {processor.py:925} INFO - DAG(s) 'tutorial_objectstorage' retrieved from /home/airflow/.local/lib/python3.12/site-packages/airflow/example_dags/tutorial_objectstorage.py
[2025-08-29T08:44:46.721+0000] {logging_mixin.py:190} INFO - [2025-08-29T08:44:46.721+0000] {dag.py:3239} INFO - Sync 1 DAGs
[2025-08-29T08:44:46.739+0000] {logging_mixin.py:190} INFO - [2025-08-29T08:44:46.738+0000] {dag.py:4180} INFO - Setting next_dagrun for tutorial_objectstorage to None, run_after=None
[2025-08-29T08:44:46.761+0000] {processor.py:208} INFO - Processing /home/airflow/.local/lib/python3.12/site-packages/airflow/example_dags/tutorial_objectstorage.py took 0.080 seconds
[2025-08-29T08:45:17.085+0000] {processor.py:186} INFO - Started process (PID=32372) to work on /home/airflow/.local/lib/python3.12/site-packages/airflow/example_dags/tutorial_objectstorage.py
[2025-08-29T08:45:17.086+0000] {processor.py:914} INFO - Processing file /home/airflow/.local/lib/python3.12/site-packages/airflow/example_dags/tutorial_objectstorage.py for tasks to queue
[2025-08-29T08:45:17.087+0000] {logging_mixin.py:190} INFO - [2025-08-29T08:45:17.087+0000] {dagbag.py:588} INFO - Filling up the DagBag from /home/airflow/.local/lib/python3.12/site-packages/airflow/example_dags/tutorial_objectstorage.py
[2025-08-29T08:45:17.093+0000] {processor.py:925} INFO - DAG(s) 'tutorial_objectstorage' retrieved from /home/airflow/.local/lib/python3.12/site-packages/airflow/example_dags/tutorial_objectstorage.py
[2025-08-29T08:45:17.109+0000] {logging_mixin.py:190} INFO - [2025-08-29T08:45:17.109+0000] {dag.py:3239} INFO - Sync 1 DAGs
[2025-08-29T08:45:17.121+0000] {logging_mixin.py:190} INFO - [2025-08-29T08:45:17.121+0000] {dag.py:4180} INFO - Setting next_dagrun for tutorial_objectstorage to None, run_after=None
[2025-08-29T08:45:17.140+0000] {processor.py:208} INFO - Processing /home/airflow/.local/lib/python3.12/site-packages/airflow/example_dags/tutorial_objectstorage.py took 0.058 seconds
[2025-08-29T08:45:47.788+0000] {processor.py:186} INFO - Started process (PID=32436) to work on /home/airflow/.local/lib/python3.12/site-packages/airflow/example_dags/tutorial_objectstorage.py
[2025-08-29T08:45:47.789+0000] {processor.py:914} INFO - Processing file /home/airflow/.local/lib/python3.12/site-packages/airflow/example_dags/tutorial_objectstorage.py for tasks to queue
[2025-08-29T08:45:47.791+0000] {logging_mixin.py:190} INFO - [2025-08-29T08:45:47.791+0000] {dagbag.py:588} INFO - Filling up the DagBag from /home/airflow/.local/lib/python3.12/site-packages/airflow/example_dags/tutorial_objectstorage.py
[2025-08-29T08:45:47.798+0000] {processor.py:925} INFO - DAG(s) 'tutorial_objectstorage' retrieved from /home/airflow/.local/lib/python3.12/site-packages/airflow/example_dags/tutorial_objectstorage.py
[2025-08-29T08:45:47.819+0000] {logging_mixin.py:190} INFO - [2025-08-29T08:45:47.818+0000] {dag.py:3239} INFO - Sync 1 DAGs
[2025-08-29T08:45:47.830+0000] {logging_mixin.py:190} INFO - [2025-08-29T08:45:47.830+0000] {dag.py:4180} INFO - Setting next_dagrun for tutorial_objectstorage to None, run_after=None
[2025-08-29T08:45:47.847+0000] {processor.py:208} INFO - Processing /home/airflow/.local/lib/python3.12/site-packages/airflow/example_dags/tutorial_objectstorage.py took 0.065 seconds
[2025-08-29T08:46:18.282+0000] {processor.py:186} INFO - Started process (PID=32500) to work on /home/airflow/.local/lib/python3.12/site-packages/airflow/example_dags/tutorial_objectstorage.py
[2025-08-29T08:46:18.283+0000] {processor.py:914} INFO - Processing file /home/airflow/.local/lib/python3.12/site-packages/airflow/example_dags/tutorial_objectstorage.py for tasks to queue
[2025-08-29T08:46:18.284+0000] {logging_mixin.py:190} INFO - [2025-08-29T08:46:18.284+0000] {dagbag.py:588} INFO - Filling up the DagBag from /home/airflow/.local/lib/python3.12/site-packages/airflow/example_dags/tutorial_objectstorage.py
[2025-08-29T08:46:18.291+0000] {processor.py:925} INFO - DAG(s) 'tutorial_objectstorage' retrieved from /home/airflow/.local/lib/python3.12/site-packages/airflow/example_dags/tutorial_objectstorage.py
[2025-08-29T08:46:18.310+0000] {logging_mixin.py:190} INFO - [2025-08-29T08:46:18.309+0000] {dag.py:3239} INFO - Sync 1 DAGs
[2025-08-29T08:46:18.326+0000] {logging_mixin.py:190} INFO - [2025-08-29T08:46:18.325+0000] {dag.py:4180} INFO - Setting next_dagrun for tutorial_objectstorage to None, run_after=None
[2025-08-29T08:46:18.345+0000] {processor.py:208} INFO - Processing /home/airflow/.local/lib/python3.12/site-packages/airflow/example_dags/tutorial_objectstorage.py took 0.067 seconds
[2025-08-29T08:46:48.613+0000] {processor.py:186} INFO - Started process (PID=32564) to work on /home/airflow/.local/lib/python3.12/site-packages/airflow/example_dags/tutorial_objectstorage.py
[2025-08-29T08:46:48.613+0000] {processor.py:914} INFO - Processing file /home/airflow/.local/lib/python3.12/site-packages/airflow/example_dags/tutorial_objectstorage.py for tasks to queue
[2025-08-29T08:46:48.615+0000] {logging_mixin.py:190} INFO - [2025-08-29T08:46:48.614+0000] {dagbag.py:588} INFO - Filling up the DagBag from /home/airflow/.local/lib/python3.12/site-packages/airflow/example_dags/tutorial_objectstorage.py
[2025-08-29T08:46:48.620+0000] {processor.py:925} INFO - DAG(s) 'tutorial_objectstorage' retrieved from /home/airflow/.local/lib/python3.12/site-packages/airflow/example_dags/tutorial_objectstorage.py
[2025-08-29T08:46:48.634+0000] {logging_mixin.py:190} INFO - [2025-08-29T08:46:48.633+0000] {dag.py:3239} INFO - Sync 1 DAGs
[2025-08-29T08:46:48.642+0000] {logging_mixin.py:190} INFO - [2025-08-29T08:46:48.642+0000] {dag.py:4180} INFO - Setting next_dagrun for tutorial_objectstorage to None, run_after=None
[2025-08-29T08:46:48.653+0000] {processor.py:208} INFO - Processing /home/airflow/.local/lib/python3.12/site-packages/airflow/example_dags/tutorial_objectstorage.py took 0.044 seconds
[2025-08-29T08:47:18.717+0000] {processor.py:186} INFO - Started process (PID=32627) to work on /home/airflow/.local/lib/python3.12/site-packages/airflow/example_dags/tutorial_objectstorage.py
[2025-08-29T08:47:18.717+0000] {processor.py:914} INFO - Processing file /home/airflow/.local/lib/python3.12/site-packages/airflow/example_dags/tutorial_objectstorage.py for tasks to queue
[2025-08-29T08:47:18.719+0000] {logging_mixin.py:190} INFO - [2025-08-29T08:47:18.719+0000] {dagbag.py:588} INFO - Filling up the DagBag from /home/airflow/.local/lib/python3.12/site-packages/airflow/example_dags/tutorial_objectstorage.py
[2025-08-29T08:47:18.725+0000] {processor.py:925} INFO - DAG(s) 'tutorial_objectstorage' retrieved from /home/airflow/.local/lib/python3.12/site-packages/airflow/example_dags/tutorial_objectstorage.py
[2025-08-29T08:47:18.743+0000] {logging_mixin.py:190} INFO - [2025-08-29T08:47:18.743+0000] {dag.py:3239} INFO - Sync 1 DAGs
[2025-08-29T08:47:18.754+0000] {logging_mixin.py:190} INFO - [2025-08-29T08:47:18.754+0000] {dag.py:4180} INFO - Setting next_dagrun for tutorial_objectstorage to None, run_after=None
[2025-08-29T08:47:18.779+0000] {processor.py:208} INFO - Processing /home/airflow/.local/lib/python3.12/site-packages/airflow/example_dags/tutorial_objectstorage.py took 0.068 seconds
[2025-08-29T08:47:49.164+0000] {processor.py:186} INFO - Started process (PID=32692) to work on /home/airflow/.local/lib/python3.12/site-packages/airflow/example_dags/tutorial_objectstorage.py
[2025-08-29T08:47:49.164+0000] {processor.py:914} INFO - Processing file /home/airflow/.local/lib/python3.12/site-packages/airflow/example_dags/tutorial_objectstorage.py for tasks to queue
[2025-08-29T08:47:49.166+0000] {logging_mixin.py:190} INFO - [2025-08-29T08:47:49.166+0000] {dagbag.py:588} INFO - Filling up the DagBag from /home/airflow/.local/lib/python3.12/site-packages/airflow/example_dags/tutorial_objectstorage.py
[2025-08-29T08:47:49.172+0000] {processor.py:925} INFO - DAG(s) 'tutorial_objectstorage' retrieved from /home/airflow/.local/lib/python3.12/site-packages/airflow/example_dags/tutorial_objectstorage.py
[2025-08-29T08:47:49.189+0000] {logging_mixin.py:190} INFO - [2025-08-29T08:47:49.189+0000] {dag.py:3239} INFO - Sync 1 DAGs
[2025-08-29T08:47:49.204+0000] {logging_mixin.py:190} INFO - [2025-08-29T08:47:49.204+0000] {dag.py:4180} INFO - Setting next_dagrun for tutorial_objectstorage to None, run_after=None
[2025-08-29T08:47:49.222+0000] {processor.py:208} INFO - Processing /home/airflow/.local/lib/python3.12/site-packages/airflow/example_dags/tutorial_objectstorage.py took 0.064 seconds
[2025-08-29T08:48:19.789+0000] {processor.py:186} INFO - Started process (PID=32756) to work on /home/airflow/.local/lib/python3.12/site-packages/airflow/example_dags/tutorial_objectstorage.py
[2025-08-29T08:48:19.790+0000] {processor.py:914} INFO - Processing file /home/airflow/.local/lib/python3.12/site-packages/airflow/example_dags/tutorial_objectstorage.py for tasks to queue
[2025-08-29T08:48:19.791+0000] {logging_mixin.py:190} INFO - [2025-08-29T08:48:19.791+0000] {dagbag.py:588} INFO - Filling up the DagBag from /home/airflow/.local/lib/python3.12/site-packages/airflow/example_dags/tutorial_objectstorage.py
[2025-08-29T08:48:19.797+0000] {processor.py:925} INFO - DAG(s) 'tutorial_objectstorage' retrieved from /home/airflow/.local/lib/python3.12/site-packages/airflow/example_dags/tutorial_objectstorage.py
[2025-08-29T08:48:19.819+0000] {logging_mixin.py:190} INFO - [2025-08-29T08:48:19.819+0000] {dag.py:3239} INFO - Sync 1 DAGs
[2025-08-29T08:48:19.832+0000] {logging_mixin.py:190} INFO - [2025-08-29T08:48:19.832+0000] {dag.py:4180} INFO - Setting next_dagrun for tutorial_objectstorage to None, run_after=None
[2025-08-29T08:48:19.851+0000] {processor.py:208} INFO - Processing /home/airflow/.local/lib/python3.12/site-packages/airflow/example_dags/tutorial_objectstorage.py took 0.067 seconds
[2025-08-29T08:48:50.093+0000] {processor.py:186} INFO - Started process (PID=32820) to work on /home/airflow/.local/lib/python3.12/site-packages/airflow/example_dags/tutorial_objectstorage.py
[2025-08-29T08:48:50.093+0000] {processor.py:914} INFO - Processing file /home/airflow/.local/lib/python3.12/site-packages/airflow/example_dags/tutorial_objectstorage.py for tasks to queue
[2025-08-29T08:48:50.095+0000] {logging_mixin.py:190} INFO - [2025-08-29T08:48:50.095+0000] {dagbag.py:588} INFO - Filling up the DagBag from /home/airflow/.local/lib/python3.12/site-packages/airflow/example_dags/tutorial_objectstorage.py
[2025-08-29T08:48:50.101+0000] {processor.py:925} INFO - DAG(s) 'tutorial_objectstorage' retrieved from /home/airflow/.local/lib/python3.12/site-packages/airflow/example_dags/tutorial_objectstorage.py
[2025-08-29T08:48:50.121+0000] {logging_mixin.py:190} INFO - [2025-08-29T08:48:50.120+0000] {dag.py:3239} INFO - Sync 1 DAGs
[2025-08-29T08:48:50.133+0000] {logging_mixin.py:190} INFO - [2025-08-29T08:48:50.132+0000] {dag.py:4180} INFO - Setting next_dagrun for tutorial_objectstorage to None, run_after=None
[2025-08-29T08:48:50.154+0000] {processor.py:208} INFO - Processing /home/airflow/.local/lib/python3.12/site-packages/airflow/example_dags/tutorial_objectstorage.py took 0.065 seconds
[2025-08-29T08:49:20.484+0000] {processor.py:186} INFO - Started process (PID=32884) to work on /home/airflow/.local/lib/python3.12/site-packages/airflow/example_dags/tutorial_objectstorage.py
[2025-08-29T08:49:20.485+0000] {processor.py:914} INFO - Processing file /home/airflow/.local/lib/python3.12/site-packages/airflow/example_dags/tutorial_objectstorage.py for tasks to queue
[2025-08-29T08:49:20.487+0000] {logging_mixin.py:190} INFO - [2025-08-29T08:49:20.486+0000] {dagbag.py:588} INFO - Filling up the DagBag from /home/airflow/.local/lib/python3.12/site-packages/airflow/example_dags/tutorial_objectstorage.py
[2025-08-29T08:49:20.494+0000] {processor.py:925} INFO - DAG(s) 'tutorial_objectstorage' retrieved from /home/airflow/.local/lib/python3.12/site-packages/airflow/example_dags/tutorial_objectstorage.py
[2025-08-29T08:49:20.511+0000] {logging_mixin.py:190} INFO - [2025-08-29T08:49:20.511+0000] {dag.py:3239} INFO - Sync 1 DAGs
[2025-08-29T08:49:20.519+0000] {logging_mixin.py:190} INFO - [2025-08-29T08:49:20.519+0000] {dag.py:4180} INFO - Setting next_dagrun for tutorial_objectstorage to None, run_after=None
[2025-08-29T08:49:20.534+0000] {processor.py:208} INFO - Processing /home/airflow/.local/lib/python3.12/site-packages/airflow/example_dags/tutorial_objectstorage.py took 0.057 seconds
[2025-08-29T08:49:51.165+0000] {processor.py:186} INFO - Started process (PID=32948) to work on /home/airflow/.local/lib/python3.12/site-packages/airflow/example_dags/tutorial_objectstorage.py
[2025-08-29T08:49:51.166+0000] {processor.py:914} INFO - Processing file /home/airflow/.local/lib/python3.12/site-packages/airflow/example_dags/tutorial_objectstorage.py for tasks to queue
[2025-08-29T08:49:51.169+0000] {logging_mixin.py:190} INFO - [2025-08-29T08:49:51.168+0000] {dagbag.py:588} INFO - Filling up the DagBag from /home/airflow/.local/lib/python3.12/site-packages/airflow/example_dags/tutorial_objectstorage.py
[2025-08-29T08:49:51.178+0000] {processor.py:925} INFO - DAG(s) 'tutorial_objectstorage' retrieved from /home/airflow/.local/lib/python3.12/site-packages/airflow/example_dags/tutorial_objectstorage.py
[2025-08-29T08:49:51.196+0000] {logging_mixin.py:190} INFO - [2025-08-29T08:49:51.196+0000] {dag.py:3239} INFO - Sync 1 DAGs
[2025-08-29T08:49:51.208+0000] {logging_mixin.py:190} INFO - [2025-08-29T08:49:51.208+0000] {dag.py:4180} INFO - Setting next_dagrun for tutorial_objectstorage to None, run_after=None
[2025-08-29T08:49:51.225+0000] {processor.py:208} INFO - Processing /home/airflow/.local/lib/python3.12/site-packages/airflow/example_dags/tutorial_objectstorage.py took 0.065 seconds
[2025-08-29T08:50:21.509+0000] {processor.py:186} INFO - Started process (PID=33012) to work on /home/airflow/.local/lib/python3.12/site-packages/airflow/example_dags/tutorial_objectstorage.py
[2025-08-29T08:50:21.510+0000] {processor.py:914} INFO - Processing file /home/airflow/.local/lib/python3.12/site-packages/airflow/example_dags/tutorial_objectstorage.py for tasks to queue
[2025-08-29T08:50:21.511+0000] {logging_mixin.py:190} INFO - [2025-08-29T08:50:21.511+0000] {dagbag.py:588} INFO - Filling up the DagBag from /home/airflow/.local/lib/python3.12/site-packages/airflow/example_dags/tutorial_objectstorage.py
[2025-08-29T08:50:21.517+0000] {processor.py:925} INFO - DAG(s) 'tutorial_objectstorage' retrieved from /home/airflow/.local/lib/python3.12/site-packages/airflow/example_dags/tutorial_objectstorage.py
[2025-08-29T08:50:21.537+0000] {logging_mixin.py:190} INFO - [2025-08-29T08:50:21.536+0000] {dag.py:3239} INFO - Sync 1 DAGs
[2025-08-29T08:50:21.549+0000] {logging_mixin.py:190} INFO - [2025-08-29T08:50:21.549+0000] {dag.py:4180} INFO - Setting next_dagrun for tutorial_objectstorage to None, run_after=None
[2025-08-29T08:50:21.566+0000] {processor.py:208} INFO - Processing /home/airflow/.local/lib/python3.12/site-packages/airflow/example_dags/tutorial_objectstorage.py took 0.060 seconds
[2025-08-29T08:50:51.658+0000] {processor.py:186} INFO - Started process (PID=33076) to work on /home/airflow/.local/lib/python3.12/site-packages/airflow/example_dags/tutorial_objectstorage.py
[2025-08-29T08:50:51.659+0000] {processor.py:914} INFO - Processing file /home/airflow/.local/lib/python3.12/site-packages/airflow/example_dags/tutorial_objectstorage.py for tasks to queue
[2025-08-29T08:50:51.660+0000] {logging_mixin.py:190} INFO - [2025-08-29T08:50:51.660+0000] {dagbag.py:588} INFO - Filling up the DagBag from /home/airflow/.local/lib/python3.12/site-packages/airflow/example_dags/tutorial_objectstorage.py
[2025-08-29T08:50:51.666+0000] {processor.py:925} INFO - DAG(s) 'tutorial_objectstorage' retrieved from /home/airflow/.local/lib/python3.12/site-packages/airflow/example_dags/tutorial_objectstorage.py
[2025-08-29T08:50:51.683+0000] {logging_mixin.py:190} INFO - [2025-08-29T08:50:51.683+0000] {dag.py:3239} INFO - Sync 1 DAGs
[2025-08-29T08:50:51.696+0000] {logging_mixin.py:190} INFO - [2025-08-29T08:50:51.696+0000] {dag.py:4180} INFO - Setting next_dagrun for tutorial_objectstorage to None, run_after=None
[2025-08-29T08:50:51.714+0000] {processor.py:208} INFO - Processing /home/airflow/.local/lib/python3.12/site-packages/airflow/example_dags/tutorial_objectstorage.py took 0.060 seconds
[2025-08-29T08:51:22.053+0000] {processor.py:186} INFO - Started process (PID=33140) to work on /home/airflow/.local/lib/python3.12/site-packages/airflow/example_dags/tutorial_objectstorage.py
[2025-08-29T08:51:22.054+0000] {processor.py:914} INFO - Processing file /home/airflow/.local/lib/python3.12/site-packages/airflow/example_dags/tutorial_objectstorage.py for tasks to queue
[2025-08-29T08:51:22.056+0000] {logging_mixin.py:190} INFO - [2025-08-29T08:51:22.056+0000] {dagbag.py:588} INFO - Filling up the DagBag from /home/airflow/.local/lib/python3.12/site-packages/airflow/example_dags/tutorial_objectstorage.py
[2025-08-29T08:51:22.062+0000] {processor.py:925} INFO - DAG(s) 'tutorial_objectstorage' retrieved from /home/airflow/.local/lib/python3.12/site-packages/airflow/example_dags/tutorial_objectstorage.py
[2025-08-29T08:51:22.083+0000] {logging_mixin.py:190} INFO - [2025-08-29T08:51:22.082+0000] {dag.py:3239} INFO - Sync 1 DAGs
[2025-08-29T08:51:22.096+0000] {logging_mixin.py:190} INFO - [2025-08-29T08:51:22.096+0000] {dag.py:4180} INFO - Setting next_dagrun for tutorial_objectstorage to None, run_after=None
[2025-08-29T08:51:22.120+0000] {processor.py:208} INFO - Processing /home/airflow/.local/lib/python3.12/site-packages/airflow/example_dags/tutorial_objectstorage.py took 0.073 seconds
[2025-08-29T08:51:52.298+0000] {processor.py:186} INFO - Started process (PID=33204) to work on /home/airflow/.local/lib/python3.12/site-packages/airflow/example_dags/tutorial_objectstorage.py
[2025-08-29T08:51:52.298+0000] {processor.py:914} INFO - Processing file /home/airflow/.local/lib/python3.12/site-packages/airflow/example_dags/tutorial_objectstorage.py for tasks to queue
[2025-08-29T08:51:52.300+0000] {logging_mixin.py:190} INFO - [2025-08-29T08:51:52.300+0000] {dagbag.py:588} INFO - Filling up the DagBag from /home/airflow/.local/lib/python3.12/site-packages/airflow/example_dags/tutorial_objectstorage.py
[2025-08-29T08:51:52.305+0000] {processor.py:925} INFO - DAG(s) 'tutorial_objectstorage' retrieved from /home/airflow/.local/lib/python3.12/site-packages/airflow/example_dags/tutorial_objectstorage.py
[2025-08-29T08:51:52.321+0000] {logging_mixin.py:190} INFO - [2025-08-29T08:51:52.321+0000] {dag.py:3239} INFO - Sync 1 DAGs
[2025-08-29T08:51:52.331+0000] {logging_mixin.py:190} INFO - [2025-08-29T08:51:52.330+0000] {dag.py:4180} INFO - Setting next_dagrun for tutorial_objectstorage to None, run_after=None
[2025-08-29T08:51:52.344+0000] {processor.py:208} INFO - Processing /home/airflow/.local/lib/python3.12/site-packages/airflow/example_dags/tutorial_objectstorage.py took 0.051 seconds
[2025-08-29T08:52:22.623+0000] {processor.py:186} INFO - Started process (PID=33268) to work on /home/airflow/.local/lib/python3.12/site-packages/airflow/example_dags/tutorial_objectstorage.py
[2025-08-29T08:52:22.623+0000] {processor.py:914} INFO - Processing file /home/airflow/.local/lib/python3.12/site-packages/airflow/example_dags/tutorial_objectstorage.py for tasks to queue
[2025-08-29T08:52:22.626+0000] {logging_mixin.py:190} INFO - [2025-08-29T08:52:22.625+0000] {dagbag.py:588} INFO - Filling up the DagBag from /home/airflow/.local/lib/python3.12/site-packages/airflow/example_dags/tutorial_objectstorage.py
[2025-08-29T08:52:22.635+0000] {processor.py:925} INFO - DAG(s) 'tutorial_objectstorage' retrieved from /home/airflow/.local/lib/python3.12/site-packages/airflow/example_dags/tutorial_objectstorage.py
[2025-08-29T08:52:22.655+0000] {logging_mixin.py:190} INFO - [2025-08-29T08:52:22.655+0000] {dag.py:3239} INFO - Sync 1 DAGs
[2025-08-29T08:52:22.667+0000] {logging_mixin.py:190} INFO - [2025-08-29T08:52:22.666+0000] {dag.py:4180} INFO - Setting next_dagrun for tutorial_objectstorage to None, run_after=None
[2025-08-29T08:52:22.678+0000] {processor.py:208} INFO - Processing /home/airflow/.local/lib/python3.12/site-packages/airflow/example_dags/tutorial_objectstorage.py took 0.060 seconds
[2025-08-29T08:52:52.881+0000] {processor.py:186} INFO - Started process (PID=33332) to work on /home/airflow/.local/lib/python3.12/site-packages/airflow/example_dags/tutorial_objectstorage.py
[2025-08-29T08:52:52.882+0000] {processor.py:914} INFO - Processing file /home/airflow/.local/lib/python3.12/site-packages/airflow/example_dags/tutorial_objectstorage.py for tasks to queue
[2025-08-29T08:52:52.883+0000] {logging_mixin.py:190} INFO - [2025-08-29T08:52:52.883+0000] {dagbag.py:588} INFO - Filling up the DagBag from /home/airflow/.local/lib/python3.12/site-packages/airflow/example_dags/tutorial_objectstorage.py
[2025-08-29T08:52:52.888+0000] {processor.py:925} INFO - DAG(s) 'tutorial_objectstorage' retrieved from /home/airflow/.local/lib/python3.12/site-packages/airflow/example_dags/tutorial_objectstorage.py
[2025-08-29T08:52:52.907+0000] {logging_mixin.py:190} INFO - [2025-08-29T08:52:52.907+0000] {dag.py:3239} INFO - Sync 1 DAGs
[2025-08-29T08:52:52.918+0000] {logging_mixin.py:190} INFO - [2025-08-29T08:52:52.918+0000] {dag.py:4180} INFO - Setting next_dagrun for tutorial_objectstorage to None, run_after=None
[2025-08-29T08:52:52.933+0000] {processor.py:208} INFO - Processing /home/airflow/.local/lib/python3.12/site-packages/airflow/example_dags/tutorial_objectstorage.py took 0.056 seconds
[2025-08-29T08:53:23.417+0000] {processor.py:186} INFO - Started process (PID=33396) to work on /home/airflow/.local/lib/python3.12/site-packages/airflow/example_dags/tutorial_objectstorage.py
[2025-08-29T08:53:23.418+0000] {processor.py:914} INFO - Processing file /home/airflow/.local/lib/python3.12/site-packages/airflow/example_dags/tutorial_objectstorage.py for tasks to queue
[2025-08-29T08:53:23.419+0000] {logging_mixin.py:190} INFO - [2025-08-29T08:53:23.419+0000] {dagbag.py:588} INFO - Filling up the DagBag from /home/airflow/.local/lib/python3.12/site-packages/airflow/example_dags/tutorial_objectstorage.py
[2025-08-29T08:53:23.424+0000] {processor.py:925} INFO - DAG(s) 'tutorial_objectstorage' retrieved from /home/airflow/.local/lib/python3.12/site-packages/airflow/example_dags/tutorial_objectstorage.py
[2025-08-29T08:53:23.443+0000] {logging_mixin.py:190} INFO - [2025-08-29T08:53:23.442+0000] {dag.py:3239} INFO - Sync 1 DAGs
[2025-08-29T08:53:23.457+0000] {logging_mixin.py:190} INFO - [2025-08-29T08:53:23.457+0000] {dag.py:4180} INFO - Setting next_dagrun for tutorial_objectstorage to None, run_after=None
[2025-08-29T08:53:23.469+0000] {processor.py:208} INFO - Processing /home/airflow/.local/lib/python3.12/site-packages/airflow/example_dags/tutorial_objectstorage.py took 0.056 seconds
[2025-08-29T08:53:53.673+0000] {processor.py:186} INFO - Started process (PID=33460) to work on /home/airflow/.local/lib/python3.12/site-packages/airflow/example_dags/tutorial_objectstorage.py
[2025-08-29T08:53:53.673+0000] {processor.py:914} INFO - Processing file /home/airflow/.local/lib/python3.12/site-packages/airflow/example_dags/tutorial_objectstorage.py for tasks to queue
[2025-08-29T08:53:53.675+0000] {logging_mixin.py:190} INFO - [2025-08-29T08:53:53.675+0000] {dagbag.py:588} INFO - Filling up the DagBag from /home/airflow/.local/lib/python3.12/site-packages/airflow/example_dags/tutorial_objectstorage.py
[2025-08-29T08:53:53.685+0000] {processor.py:925} INFO - DAG(s) 'tutorial_objectstorage' retrieved from /home/airflow/.local/lib/python3.12/site-packages/airflow/example_dags/tutorial_objectstorage.py
[2025-08-29T08:53:53.703+0000] {logging_mixin.py:190} INFO - [2025-08-29T08:53:53.703+0000] {dag.py:3239} INFO - Sync 1 DAGs
[2025-08-29T08:53:53.722+0000] {logging_mixin.py:190} INFO - [2025-08-29T08:53:53.722+0000] {dag.py:4180} INFO - Setting next_dagrun for tutorial_objectstorage to None, run_after=None
[2025-08-29T08:53:53.742+0000] {processor.py:208} INFO - Processing /home/airflow/.local/lib/python3.12/site-packages/airflow/example_dags/tutorial_objectstorage.py took 0.075 seconds
