[2025-08-29T08:40:36.389+0000] {processor.py:186} INFO - Started process (PID=31743) to work on /home/airflow/.local/lib/python3.12/site-packages/airflow/example_dags/tutorial_taskflow_api.py
[2025-08-29T08:40:36.390+0000] {processor.py:914} INFO - Processing file /home/airflow/.local/lib/python3.12/site-packages/airflow/example_dags/tutorial_taskflow_api.py for tasks to queue
[2025-08-29T08:40:36.392+0000] {logging_mixin.py:190} INFO - [2025-08-29T08:40:36.392+0000] {dagbag.py:588} INFO - Filling up the DagBag from /home/airflow/.local/lib/python3.12/site-packages/airflow/example_dags/tutorial_taskflow_api.py
[2025-08-29T08:40:36.404+0000] {processor.py:925} INFO - DAG(s) 'tutorial_taskflow_api' retrieved from /home/airflow/.local/lib/python3.12/site-packages/airflow/example_dags/tutorial_taskflow_api.py
[2025-08-29T08:40:36.454+0000] {logging_mixin.py:190} INFO - [2025-08-29T08:40:36.453+0000] {dag.py:3239} INFO - Sync 1 DAGs
[2025-08-29T08:40:36.483+0000] {logging_mixin.py:190} INFO - [2025-08-29T08:40:36.482+0000] {dag.py:4180} INFO - Setting next_dagrun for tutorial_taskflow_api to None, run_after=None
[2025-08-29T08:40:36.526+0000] {processor.py:208} INFO - Processing /home/airflow/.local/lib/python3.12/site-packages/airflow/example_dags/tutorial_taskflow_api.py took 0.146 seconds
[2025-08-29T08:41:06.716+0000] {processor.py:186} INFO - Started process (PID=31807) to work on /home/airflow/.local/lib/python3.12/site-packages/airflow/example_dags/tutorial_taskflow_api.py
[2025-08-29T08:41:06.718+0000] {processor.py:914} INFO - Processing file /home/airflow/.local/lib/python3.12/site-packages/airflow/example_dags/tutorial_taskflow_api.py for tasks to queue
[2025-08-29T08:41:06.722+0000] {logging_mixin.py:190} INFO - [2025-08-29T08:41:06.721+0000] {dagbag.py:588} INFO - Filling up the DagBag from /home/airflow/.local/lib/python3.12/site-packages/airflow/example_dags/tutorial_taskflow_api.py
[2025-08-29T08:41:06.734+0000] {processor.py:925} INFO - DAG(s) 'tutorial_taskflow_api' retrieved from /home/airflow/.local/lib/python3.12/site-packages/airflow/example_dags/tutorial_taskflow_api.py
[2025-08-29T08:41:06.759+0000] {logging_mixin.py:190} INFO - [2025-08-29T08:41:06.759+0000] {dag.py:3239} INFO - Sync 1 DAGs
[2025-08-29T08:41:06.776+0000] {logging_mixin.py:190} INFO - [2025-08-29T08:41:06.775+0000] {dag.py:4180} INFO - Setting next_dagrun for tutorial_taskflow_api to None, run_after=None
[2025-08-29T08:41:06.803+0000] {processor.py:208} INFO - Processing /home/airflow/.local/lib/python3.12/site-packages/airflow/example_dags/tutorial_taskflow_api.py took 0.095 seconds
[2025-08-29T08:41:37.700+0000] {processor.py:186} INFO - Started process (PID=31881) to work on /home/airflow/.local/lib/python3.12/site-packages/airflow/example_dags/tutorial_taskflow_api.py
[2025-08-29T08:41:37.702+0000] {processor.py:914} INFO - Processing file /home/airflow/.local/lib/python3.12/site-packages/airflow/example_dags/tutorial_taskflow_api.py for tasks to queue
[2025-08-29T08:41:37.705+0000] {logging_mixin.py:190} INFO - [2025-08-29T08:41:37.704+0000] {dagbag.py:588} INFO - Filling up the DagBag from /home/airflow/.local/lib/python3.12/site-packages/airflow/example_dags/tutorial_taskflow_api.py
[2025-08-29T08:41:37.713+0000] {processor.py:925} INFO - DAG(s) 'tutorial_taskflow_api' retrieved from /home/airflow/.local/lib/python3.12/site-packages/airflow/example_dags/tutorial_taskflow_api.py
[2025-08-29T08:41:37.749+0000] {logging_mixin.py:190} INFO - [2025-08-29T08:41:37.748+0000] {dag.py:3239} INFO - Sync 1 DAGs
[2025-08-29T08:41:37.780+0000] {logging_mixin.py:190} INFO - [2025-08-29T08:41:37.779+0000] {dag.py:4180} INFO - Setting next_dagrun for tutorial_taskflow_api to None, run_after=None
[2025-08-29T08:41:37.819+0000] {processor.py:208} INFO - Processing /home/airflow/.local/lib/python3.12/site-packages/airflow/example_dags/tutorial_taskflow_api.py took 0.129 seconds
[2025-08-29T08:42:08.167+0000] {processor.py:186} INFO - Started process (PID=31945) to work on /home/airflow/.local/lib/python3.12/site-packages/airflow/example_dags/tutorial_taskflow_api.py
[2025-08-29T08:42:08.169+0000] {processor.py:914} INFO - Processing file /home/airflow/.local/lib/python3.12/site-packages/airflow/example_dags/tutorial_taskflow_api.py for tasks to queue
[2025-08-29T08:42:08.173+0000] {logging_mixin.py:190} INFO - [2025-08-29T08:42:08.172+0000] {dagbag.py:588} INFO - Filling up the DagBag from /home/airflow/.local/lib/python3.12/site-packages/airflow/example_dags/tutorial_taskflow_api.py
[2025-08-29T08:42:08.188+0000] {processor.py:925} INFO - DAG(s) 'tutorial_taskflow_api' retrieved from /home/airflow/.local/lib/python3.12/site-packages/airflow/example_dags/tutorial_taskflow_api.py
[2025-08-29T08:42:08.221+0000] {logging_mixin.py:190} INFO - [2025-08-29T08:42:08.220+0000] {dag.py:3239} INFO - Sync 1 DAGs
[2025-08-29T08:42:08.248+0000] {logging_mixin.py:190} INFO - [2025-08-29T08:42:08.247+0000] {dag.py:4180} INFO - Setting next_dagrun for tutorial_taskflow_api to None, run_after=None
[2025-08-29T08:42:08.278+0000] {processor.py:208} INFO - Processing /home/airflow/.local/lib/python3.12/site-packages/airflow/example_dags/tutorial_taskflow_api.py took 0.122 seconds
[2025-08-29T08:42:38.759+0000] {processor.py:186} INFO - Started process (PID=32009) to work on /home/airflow/.local/lib/python3.12/site-packages/airflow/example_dags/tutorial_taskflow_api.py
[2025-08-29T08:42:38.760+0000] {processor.py:914} INFO - Processing file /home/airflow/.local/lib/python3.12/site-packages/airflow/example_dags/tutorial_taskflow_api.py for tasks to queue
[2025-08-29T08:42:38.762+0000] {logging_mixin.py:190} INFO - [2025-08-29T08:42:38.762+0000] {dagbag.py:588} INFO - Filling up the DagBag from /home/airflow/.local/lib/python3.12/site-packages/airflow/example_dags/tutorial_taskflow_api.py
[2025-08-29T08:42:38.770+0000] {processor.py:925} INFO - DAG(s) 'tutorial_taskflow_api' retrieved from /home/airflow/.local/lib/python3.12/site-packages/airflow/example_dags/tutorial_taskflow_api.py
[2025-08-29T08:42:38.794+0000] {logging_mixin.py:190} INFO - [2025-08-29T08:42:38.794+0000] {dag.py:3239} INFO - Sync 1 DAGs
[2025-08-29T08:42:38.817+0000] {logging_mixin.py:190} INFO - [2025-08-29T08:42:38.817+0000] {dag.py:4180} INFO - Setting next_dagrun for tutorial_taskflow_api to None, run_after=None
[2025-08-29T08:42:38.841+0000] {processor.py:208} INFO - Processing /home/airflow/.local/lib/python3.12/site-packages/airflow/example_dags/tutorial_taskflow_api.py took 0.088 seconds
[2025-08-29T08:43:09.283+0000] {processor.py:186} INFO - Started process (PID=32074) to work on /home/airflow/.local/lib/python3.12/site-packages/airflow/example_dags/tutorial_taskflow_api.py
[2025-08-29T08:43:09.284+0000] {processor.py:914} INFO - Processing file /home/airflow/.local/lib/python3.12/site-packages/airflow/example_dags/tutorial_taskflow_api.py for tasks to queue
[2025-08-29T08:43:09.286+0000] {logging_mixin.py:190} INFO - [2025-08-29T08:43:09.285+0000] {dagbag.py:588} INFO - Filling up the DagBag from /home/airflow/.local/lib/python3.12/site-packages/airflow/example_dags/tutorial_taskflow_api.py
[2025-08-29T08:43:09.294+0000] {processor.py:925} INFO - DAG(s) 'tutorial_taskflow_api' retrieved from /home/airflow/.local/lib/python3.12/site-packages/airflow/example_dags/tutorial_taskflow_api.py
[2025-08-29T08:43:09.318+0000] {logging_mixin.py:190} INFO - [2025-08-29T08:43:09.318+0000] {dag.py:3239} INFO - Sync 1 DAGs
[2025-08-29T08:43:09.345+0000] {logging_mixin.py:190} INFO - [2025-08-29T08:43:09.345+0000] {dag.py:4180} INFO - Setting next_dagrun for tutorial_taskflow_api to None, run_after=None
[2025-08-29T08:43:09.380+0000] {processor.py:208} INFO - Processing /home/airflow/.local/lib/python3.12/site-packages/airflow/example_dags/tutorial_taskflow_api.py took 0.104 seconds
[2025-08-29T08:43:39.623+0000] {processor.py:186} INFO - Started process (PID=32138) to work on /home/airflow/.local/lib/python3.12/site-packages/airflow/example_dags/tutorial_taskflow_api.py
[2025-08-29T08:43:39.624+0000] {processor.py:914} INFO - Processing file /home/airflow/.local/lib/python3.12/site-packages/airflow/example_dags/tutorial_taskflow_api.py for tasks to queue
[2025-08-29T08:43:39.626+0000] {logging_mixin.py:190} INFO - [2025-08-29T08:43:39.625+0000] {dagbag.py:588} INFO - Filling up the DagBag from /home/airflow/.local/lib/python3.12/site-packages/airflow/example_dags/tutorial_taskflow_api.py
[2025-08-29T08:43:39.634+0000] {processor.py:925} INFO - DAG(s) 'tutorial_taskflow_api' retrieved from /home/airflow/.local/lib/python3.12/site-packages/airflow/example_dags/tutorial_taskflow_api.py
[2025-08-29T08:43:39.654+0000] {logging_mixin.py:190} INFO - [2025-08-29T08:43:39.653+0000] {dag.py:3239} INFO - Sync 1 DAGs
[2025-08-29T08:43:39.670+0000] {logging_mixin.py:190} INFO - [2025-08-29T08:43:39.670+0000] {dag.py:4180} INFO - Setting next_dagrun for tutorial_taskflow_api to None, run_after=None
[2025-08-29T08:43:39.689+0000] {processor.py:208} INFO - Processing /home/airflow/.local/lib/python3.12/site-packages/airflow/example_dags/tutorial_taskflow_api.py took 0.072 seconds
[2025-08-29T08:44:10.515+0000] {processor.py:186} INFO - Started process (PID=32202) to work on /home/airflow/.local/lib/python3.12/site-packages/airflow/example_dags/tutorial_taskflow_api.py
[2025-08-29T08:44:10.515+0000] {processor.py:914} INFO - Processing file /home/airflow/.local/lib/python3.12/site-packages/airflow/example_dags/tutorial_taskflow_api.py for tasks to queue
[2025-08-29T08:44:10.517+0000] {logging_mixin.py:190} INFO - [2025-08-29T08:44:10.517+0000] {dagbag.py:588} INFO - Filling up the DagBag from /home/airflow/.local/lib/python3.12/site-packages/airflow/example_dags/tutorial_taskflow_api.py
[2025-08-29T08:44:10.522+0000] {processor.py:925} INFO - DAG(s) 'tutorial_taskflow_api' retrieved from /home/airflow/.local/lib/python3.12/site-packages/airflow/example_dags/tutorial_taskflow_api.py
[2025-08-29T08:44:10.542+0000] {logging_mixin.py:190} INFO - [2025-08-29T08:44:10.541+0000] {dag.py:3239} INFO - Sync 1 DAGs
[2025-08-29T08:44:10.555+0000] {logging_mixin.py:190} INFO - [2025-08-29T08:44:10.555+0000] {dag.py:4180} INFO - Setting next_dagrun for tutorial_taskflow_api to None, run_after=None
[2025-08-29T08:44:10.577+0000] {processor.py:208} INFO - Processing /home/airflow/.local/lib/python3.12/site-packages/airflow/example_dags/tutorial_taskflow_api.py took 0.066 seconds
[2025-08-29T08:44:41.205+0000] {processor.py:186} INFO - Started process (PID=32266) to work on /home/airflow/.local/lib/python3.12/site-packages/airflow/example_dags/tutorial_taskflow_api.py
[2025-08-29T08:44:41.206+0000] {processor.py:914} INFO - Processing file /home/airflow/.local/lib/python3.12/site-packages/airflow/example_dags/tutorial_taskflow_api.py for tasks to queue
[2025-08-29T08:44:41.208+0000] {logging_mixin.py:190} INFO - [2025-08-29T08:44:41.208+0000] {dagbag.py:588} INFO - Filling up the DagBag from /home/airflow/.local/lib/python3.12/site-packages/airflow/example_dags/tutorial_taskflow_api.py
[2025-08-29T08:44:41.214+0000] {processor.py:925} INFO - DAG(s) 'tutorial_taskflow_api' retrieved from /home/airflow/.local/lib/python3.12/site-packages/airflow/example_dags/tutorial_taskflow_api.py
[2025-08-29T08:44:41.238+0000] {logging_mixin.py:190} INFO - [2025-08-29T08:44:41.237+0000] {dag.py:3239} INFO - Sync 1 DAGs
[2025-08-29T08:44:41.256+0000] {logging_mixin.py:190} INFO - [2025-08-29T08:44:41.255+0000] {dag.py:4180} INFO - Setting next_dagrun for tutorial_taskflow_api to None, run_after=None
[2025-08-29T08:44:41.278+0000] {processor.py:208} INFO - Processing /home/airflow/.local/lib/python3.12/site-packages/airflow/example_dags/tutorial_taskflow_api.py took 0.079 seconds
[2025-08-29T08:45:11.911+0000] {processor.py:186} INFO - Started process (PID=32330) to work on /home/airflow/.local/lib/python3.12/site-packages/airflow/example_dags/tutorial_taskflow_api.py
[2025-08-29T08:45:11.911+0000] {processor.py:914} INFO - Processing file /home/airflow/.local/lib/python3.12/site-packages/airflow/example_dags/tutorial_taskflow_api.py for tasks to queue
[2025-08-29T08:45:11.912+0000] {logging_mixin.py:190} INFO - [2025-08-29T08:45:11.912+0000] {dagbag.py:588} INFO - Filling up the DagBag from /home/airflow/.local/lib/python3.12/site-packages/airflow/example_dags/tutorial_taskflow_api.py
[2025-08-29T08:45:11.917+0000] {processor.py:925} INFO - DAG(s) 'tutorial_taskflow_api' retrieved from /home/airflow/.local/lib/python3.12/site-packages/airflow/example_dags/tutorial_taskflow_api.py
[2025-08-29T08:45:11.935+0000] {logging_mixin.py:190} INFO - [2025-08-29T08:45:11.935+0000] {dag.py:3239} INFO - Sync 1 DAGs
[2025-08-29T08:45:11.949+0000] {logging_mixin.py:190} INFO - [2025-08-29T08:45:11.948+0000] {dag.py:4180} INFO - Setting next_dagrun for tutorial_taskflow_api to None, run_after=None
[2025-08-29T08:45:11.962+0000] {processor.py:208} INFO - Processing /home/airflow/.local/lib/python3.12/site-packages/airflow/example_dags/tutorial_taskflow_api.py took 0.055 seconds
[2025-08-29T08:45:42.560+0000] {processor.py:186} INFO - Started process (PID=32394) to work on /home/airflow/.local/lib/python3.12/site-packages/airflow/example_dags/tutorial_taskflow_api.py
[2025-08-29T08:45:42.562+0000] {processor.py:914} INFO - Processing file /home/airflow/.local/lib/python3.12/site-packages/airflow/example_dags/tutorial_taskflow_api.py for tasks to queue
[2025-08-29T08:45:42.565+0000] {logging_mixin.py:190} INFO - [2025-08-29T08:45:42.565+0000] {dagbag.py:588} INFO - Filling up the DagBag from /home/airflow/.local/lib/python3.12/site-packages/airflow/example_dags/tutorial_taskflow_api.py
[2025-08-29T08:45:42.574+0000] {processor.py:925} INFO - DAG(s) 'tutorial_taskflow_api' retrieved from /home/airflow/.local/lib/python3.12/site-packages/airflow/example_dags/tutorial_taskflow_api.py
[2025-08-29T08:45:42.596+0000] {logging_mixin.py:190} INFO - [2025-08-29T08:45:42.596+0000] {dag.py:3239} INFO - Sync 1 DAGs
[2025-08-29T08:45:42.618+0000] {logging_mixin.py:190} INFO - [2025-08-29T08:45:42.617+0000] {dag.py:4180} INFO - Setting next_dagrun for tutorial_taskflow_api to None, run_after=None
[2025-08-29T08:45:42.636+0000] {processor.py:208} INFO - Processing /home/airflow/.local/lib/python3.12/site-packages/airflow/example_dags/tutorial_taskflow_api.py took 0.086 seconds
[2025-08-29T08:46:12.966+0000] {processor.py:186} INFO - Started process (PID=32459) to work on /home/airflow/.local/lib/python3.12/site-packages/airflow/example_dags/tutorial_taskflow_api.py
[2025-08-29T08:46:12.967+0000] {processor.py:914} INFO - Processing file /home/airflow/.local/lib/python3.12/site-packages/airflow/example_dags/tutorial_taskflow_api.py for tasks to queue
[2025-08-29T08:46:12.970+0000] {logging_mixin.py:190} INFO - [2025-08-29T08:46:12.969+0000] {dagbag.py:588} INFO - Filling up the DagBag from /home/airflow/.local/lib/python3.12/site-packages/airflow/example_dags/tutorial_taskflow_api.py
[2025-08-29T08:46:12.979+0000] {processor.py:925} INFO - DAG(s) 'tutorial_taskflow_api' retrieved from /home/airflow/.local/lib/python3.12/site-packages/airflow/example_dags/tutorial_taskflow_api.py
[2025-08-29T08:46:13.001+0000] {logging_mixin.py:190} INFO - [2025-08-29T08:46:13.001+0000] {dag.py:3239} INFO - Sync 1 DAGs
[2025-08-29T08:46:13.014+0000] {logging_mixin.py:190} INFO - [2025-08-29T08:46:13.014+0000] {dag.py:4180} INFO - Setting next_dagrun for tutorial_taskflow_api to None, run_after=None
[2025-08-29T08:46:13.037+0000] {processor.py:208} INFO - Processing /home/airflow/.local/lib/python3.12/site-packages/airflow/example_dags/tutorial_taskflow_api.py took 0.078 seconds
[2025-08-29T08:46:43.461+0000] {processor.py:186} INFO - Started process (PID=32522) to work on /home/airflow/.local/lib/python3.12/site-packages/airflow/example_dags/tutorial_taskflow_api.py
[2025-08-29T08:46:43.461+0000] {processor.py:914} INFO - Processing file /home/airflow/.local/lib/python3.12/site-packages/airflow/example_dags/tutorial_taskflow_api.py for tasks to queue
[2025-08-29T08:46:43.462+0000] {logging_mixin.py:190} INFO - [2025-08-29T08:46:43.462+0000] {dagbag.py:588} INFO - Filling up the DagBag from /home/airflow/.local/lib/python3.12/site-packages/airflow/example_dags/tutorial_taskflow_api.py
[2025-08-29T08:46:43.467+0000] {processor.py:925} INFO - DAG(s) 'tutorial_taskflow_api' retrieved from /home/airflow/.local/lib/python3.12/site-packages/airflow/example_dags/tutorial_taskflow_api.py
[2025-08-29T08:46:43.481+0000] {logging_mixin.py:190} INFO - [2025-08-29T08:46:43.481+0000] {dag.py:3239} INFO - Sync 1 DAGs
[2025-08-29T08:46:43.491+0000] {logging_mixin.py:190} INFO - [2025-08-29T08:46:43.491+0000] {dag.py:4180} INFO - Setting next_dagrun for tutorial_taskflow_api to None, run_after=None
[2025-08-29T08:46:43.511+0000] {processor.py:208} INFO - Processing /home/airflow/.local/lib/python3.12/site-packages/airflow/example_dags/tutorial_taskflow_api.py took 0.055 seconds
[2025-08-29T08:47:13.781+0000] {processor.py:186} INFO - Started process (PID=32586) to work on /home/airflow/.local/lib/python3.12/site-packages/airflow/example_dags/tutorial_taskflow_api.py
[2025-08-29T08:47:13.782+0000] {processor.py:914} INFO - Processing file /home/airflow/.local/lib/python3.12/site-packages/airflow/example_dags/tutorial_taskflow_api.py for tasks to queue
[2025-08-29T08:47:13.784+0000] {logging_mixin.py:190} INFO - [2025-08-29T08:47:13.783+0000] {dagbag.py:588} INFO - Filling up the DagBag from /home/airflow/.local/lib/python3.12/site-packages/airflow/example_dags/tutorial_taskflow_api.py
[2025-08-29T08:47:13.790+0000] {processor.py:925} INFO - DAG(s) 'tutorial_taskflow_api' retrieved from /home/airflow/.local/lib/python3.12/site-packages/airflow/example_dags/tutorial_taskflow_api.py
[2025-08-29T08:47:13.810+0000] {logging_mixin.py:190} INFO - [2025-08-29T08:47:13.809+0000] {dag.py:3239} INFO - Sync 1 DAGs
[2025-08-29T08:47:13.821+0000] {logging_mixin.py:190} INFO - [2025-08-29T08:47:13.821+0000] {dag.py:4180} INFO - Setting next_dagrun for tutorial_taskflow_api to None, run_after=None
[2025-08-29T08:47:13.833+0000] {processor.py:208} INFO - Processing /home/airflow/.local/lib/python3.12/site-packages/airflow/example_dags/tutorial_taskflow_api.py took 0.058 seconds
[2025-08-29T08:47:43.988+0000] {processor.py:186} INFO - Started process (PID=32650) to work on /home/airflow/.local/lib/python3.12/site-packages/airflow/example_dags/tutorial_taskflow_api.py
[2025-08-29T08:47:43.988+0000] {processor.py:914} INFO - Processing file /home/airflow/.local/lib/python3.12/site-packages/airflow/example_dags/tutorial_taskflow_api.py for tasks to queue
[2025-08-29T08:47:43.990+0000] {logging_mixin.py:190} INFO - [2025-08-29T08:47:43.990+0000] {dagbag.py:588} INFO - Filling up the DagBag from /home/airflow/.local/lib/python3.12/site-packages/airflow/example_dags/tutorial_taskflow_api.py
[2025-08-29T08:47:43.995+0000] {processor.py:925} INFO - DAG(s) 'tutorial_taskflow_api' retrieved from /home/airflow/.local/lib/python3.12/site-packages/airflow/example_dags/tutorial_taskflow_api.py
[2025-08-29T08:47:44.015+0000] {logging_mixin.py:190} INFO - [2025-08-29T08:47:44.015+0000] {dag.py:3239} INFO - Sync 1 DAGs
[2025-08-29T08:47:44.025+0000] {logging_mixin.py:190} INFO - [2025-08-29T08:47:44.025+0000] {dag.py:4180} INFO - Setting next_dagrun for tutorial_taskflow_api to None, run_after=None
[2025-08-29T08:47:44.042+0000] {processor.py:208} INFO - Processing /home/airflow/.local/lib/python3.12/site-packages/airflow/example_dags/tutorial_taskflow_api.py took 0.061 seconds
[2025-08-29T08:48:14.499+0000] {processor.py:186} INFO - Started process (PID=32714) to work on /home/airflow/.local/lib/python3.12/site-packages/airflow/example_dags/tutorial_taskflow_api.py
[2025-08-29T08:48:14.500+0000] {processor.py:914} INFO - Processing file /home/airflow/.local/lib/python3.12/site-packages/airflow/example_dags/tutorial_taskflow_api.py for tasks to queue
[2025-08-29T08:48:14.501+0000] {logging_mixin.py:190} INFO - [2025-08-29T08:48:14.501+0000] {dagbag.py:588} INFO - Filling up the DagBag from /home/airflow/.local/lib/python3.12/site-packages/airflow/example_dags/tutorial_taskflow_api.py
[2025-08-29T08:48:14.506+0000] {processor.py:925} INFO - DAG(s) 'tutorial_taskflow_api' retrieved from /home/airflow/.local/lib/python3.12/site-packages/airflow/example_dags/tutorial_taskflow_api.py
[2025-08-29T08:48:14.525+0000] {logging_mixin.py:190} INFO - [2025-08-29T08:48:14.524+0000] {dag.py:3239} INFO - Sync 1 DAGs
[2025-08-29T08:48:14.543+0000] {logging_mixin.py:190} INFO - [2025-08-29T08:48:14.543+0000] {dag.py:4180} INFO - Setting next_dagrun for tutorial_taskflow_api to None, run_after=None
[2025-08-29T08:48:14.564+0000] {processor.py:208} INFO - Processing /home/airflow/.local/lib/python3.12/site-packages/airflow/example_dags/tutorial_taskflow_api.py took 0.071 seconds
[2025-08-29T08:48:44.991+0000] {processor.py:186} INFO - Started process (PID=32778) to work on /home/airflow/.local/lib/python3.12/site-packages/airflow/example_dags/tutorial_taskflow_api.py
[2025-08-29T08:48:44.992+0000] {processor.py:914} INFO - Processing file /home/airflow/.local/lib/python3.12/site-packages/airflow/example_dags/tutorial_taskflow_api.py for tasks to queue
[2025-08-29T08:48:44.993+0000] {logging_mixin.py:190} INFO - [2025-08-29T08:48:44.993+0000] {dagbag.py:588} INFO - Filling up the DagBag from /home/airflow/.local/lib/python3.12/site-packages/airflow/example_dags/tutorial_taskflow_api.py
[2025-08-29T08:48:44.998+0000] {processor.py:925} INFO - DAG(s) 'tutorial_taskflow_api' retrieved from /home/airflow/.local/lib/python3.12/site-packages/airflow/example_dags/tutorial_taskflow_api.py
[2025-08-29T08:48:45.018+0000] {logging_mixin.py:190} INFO - [2025-08-29T08:48:45.017+0000] {dag.py:3239} INFO - Sync 1 DAGs
[2025-08-29T08:48:45.033+0000] {logging_mixin.py:190} INFO - [2025-08-29T08:48:45.033+0000] {dag.py:4180} INFO - Setting next_dagrun for tutorial_taskflow_api to None, run_after=None
[2025-08-29T08:48:45.051+0000] {processor.py:208} INFO - Processing /home/airflow/.local/lib/python3.12/site-packages/airflow/example_dags/tutorial_taskflow_api.py took 0.064 seconds
[2025-08-29T08:49:15.371+0000] {processor.py:186} INFO - Started process (PID=32843) to work on /home/airflow/.local/lib/python3.12/site-packages/airflow/example_dags/tutorial_taskflow_api.py
[2025-08-29T08:49:15.372+0000] {processor.py:914} INFO - Processing file /home/airflow/.local/lib/python3.12/site-packages/airflow/example_dags/tutorial_taskflow_api.py for tasks to queue
[2025-08-29T08:49:15.374+0000] {logging_mixin.py:190} INFO - [2025-08-29T08:49:15.374+0000] {dagbag.py:588} INFO - Filling up the DagBag from /home/airflow/.local/lib/python3.12/site-packages/airflow/example_dags/tutorial_taskflow_api.py
[2025-08-29T08:49:15.379+0000] {processor.py:925} INFO - DAG(s) 'tutorial_taskflow_api' retrieved from /home/airflow/.local/lib/python3.12/site-packages/airflow/example_dags/tutorial_taskflow_api.py
[2025-08-29T08:49:15.400+0000] {logging_mixin.py:190} INFO - [2025-08-29T08:49:15.400+0000] {dag.py:3239} INFO - Sync 1 DAGs
[2025-08-29T08:49:15.416+0000] {logging_mixin.py:190} INFO - [2025-08-29T08:49:15.416+0000] {dag.py:4180} INFO - Setting next_dagrun for tutorial_taskflow_api to None, run_after=None
[2025-08-29T08:49:15.436+0000] {processor.py:208} INFO - Processing /home/airflow/.local/lib/python3.12/site-packages/airflow/example_dags/tutorial_taskflow_api.py took 0.071 seconds
[2025-08-29T08:49:45.642+0000] {processor.py:186} INFO - Started process (PID=32906) to work on /home/airflow/.local/lib/python3.12/site-packages/airflow/example_dags/tutorial_taskflow_api.py
[2025-08-29T08:49:45.644+0000] {processor.py:914} INFO - Processing file /home/airflow/.local/lib/python3.12/site-packages/airflow/example_dags/tutorial_taskflow_api.py for tasks to queue
[2025-08-29T08:49:45.648+0000] {logging_mixin.py:190} INFO - [2025-08-29T08:49:45.648+0000] {dagbag.py:588} INFO - Filling up the DagBag from /home/airflow/.local/lib/python3.12/site-packages/airflow/example_dags/tutorial_taskflow_api.py
[2025-08-29T08:49:45.654+0000] {processor.py:925} INFO - DAG(s) 'tutorial_taskflow_api' retrieved from /home/airflow/.local/lib/python3.12/site-packages/airflow/example_dags/tutorial_taskflow_api.py
[2025-08-29T08:49:45.682+0000] {logging_mixin.py:190} INFO - [2025-08-29T08:49:45.681+0000] {dag.py:3239} INFO - Sync 1 DAGs
[2025-08-29T08:49:45.702+0000] {logging_mixin.py:190} INFO - [2025-08-29T08:49:45.701+0000] {dag.py:4180} INFO - Setting next_dagrun for tutorial_taskflow_api to None, run_after=None
[2025-08-29T08:49:45.726+0000] {processor.py:208} INFO - Processing /home/airflow/.local/lib/python3.12/site-packages/airflow/example_dags/tutorial_taskflow_api.py took 0.107 seconds
[2025-08-29T08:50:16.251+0000] {processor.py:186} INFO - Started process (PID=32970) to work on /home/airflow/.local/lib/python3.12/site-packages/airflow/example_dags/tutorial_taskflow_api.py
[2025-08-29T08:50:16.251+0000] {processor.py:914} INFO - Processing file /home/airflow/.local/lib/python3.12/site-packages/airflow/example_dags/tutorial_taskflow_api.py for tasks to queue
[2025-08-29T08:50:16.253+0000] {logging_mixin.py:190} INFO - [2025-08-29T08:50:16.253+0000] {dagbag.py:588} INFO - Filling up the DagBag from /home/airflow/.local/lib/python3.12/site-packages/airflow/example_dags/tutorial_taskflow_api.py
[2025-08-29T08:50:16.258+0000] {processor.py:925} INFO - DAG(s) 'tutorial_taskflow_api' retrieved from /home/airflow/.local/lib/python3.12/site-packages/airflow/example_dags/tutorial_taskflow_api.py
[2025-08-29T08:50:16.275+0000] {logging_mixin.py:190} INFO - [2025-08-29T08:50:16.275+0000] {dag.py:3239} INFO - Sync 1 DAGs
[2025-08-29T08:50:16.285+0000] {logging_mixin.py:190} INFO - [2025-08-29T08:50:16.285+0000] {dag.py:4180} INFO - Setting next_dagrun for tutorial_taskflow_api to None, run_after=None
[2025-08-29T08:50:16.302+0000] {processor.py:208} INFO - Processing /home/airflow/.local/lib/python3.12/site-packages/airflow/example_dags/tutorial_taskflow_api.py took 0.058 seconds
[2025-08-29T08:50:46.803+0000] {processor.py:186} INFO - Started process (PID=33034) to work on /home/airflow/.local/lib/python3.12/site-packages/airflow/example_dags/tutorial_taskflow_api.py
[2025-08-29T08:50:46.804+0000] {processor.py:914} INFO - Processing file /home/airflow/.local/lib/python3.12/site-packages/airflow/example_dags/tutorial_taskflow_api.py for tasks to queue
[2025-08-29T08:50:46.805+0000] {logging_mixin.py:190} INFO - [2025-08-29T08:50:46.805+0000] {dagbag.py:588} INFO - Filling up the DagBag from /home/airflow/.local/lib/python3.12/site-packages/airflow/example_dags/tutorial_taskflow_api.py
[2025-08-29T08:50:46.810+0000] {processor.py:925} INFO - DAG(s) 'tutorial_taskflow_api' retrieved from /home/airflow/.local/lib/python3.12/site-packages/airflow/example_dags/tutorial_taskflow_api.py
[2025-08-29T08:50:46.824+0000] {logging_mixin.py:190} INFO - [2025-08-29T08:50:46.823+0000] {dag.py:3239} INFO - Sync 1 DAGs
[2025-08-29T08:50:46.832+0000] {logging_mixin.py:190} INFO - [2025-08-29T08:50:46.832+0000] {dag.py:4180} INFO - Setting next_dagrun for tutorial_taskflow_api to None, run_after=None
[2025-08-29T08:50:46.847+0000] {processor.py:208} INFO - Processing /home/airflow/.local/lib/python3.12/site-packages/airflow/example_dags/tutorial_taskflow_api.py took 0.049 seconds
[2025-08-29T08:51:16.913+0000] {processor.py:186} INFO - Started process (PID=33098) to work on /home/airflow/.local/lib/python3.12/site-packages/airflow/example_dags/tutorial_taskflow_api.py
[2025-08-29T08:51:16.914+0000] {processor.py:914} INFO - Processing file /home/airflow/.local/lib/python3.12/site-packages/airflow/example_dags/tutorial_taskflow_api.py for tasks to queue
[2025-08-29T08:51:16.916+0000] {logging_mixin.py:190} INFO - [2025-08-29T08:51:16.916+0000] {dagbag.py:588} INFO - Filling up the DagBag from /home/airflow/.local/lib/python3.12/site-packages/airflow/example_dags/tutorial_taskflow_api.py
[2025-08-29T08:51:16.925+0000] {processor.py:925} INFO - DAG(s) 'tutorial_taskflow_api' retrieved from /home/airflow/.local/lib/python3.12/site-packages/airflow/example_dags/tutorial_taskflow_api.py
[2025-08-29T08:51:16.944+0000] {logging_mixin.py:190} INFO - [2025-08-29T08:51:16.944+0000] {dag.py:3239} INFO - Sync 1 DAGs
[2025-08-29T08:51:16.955+0000] {logging_mixin.py:190} INFO - [2025-08-29T08:51:16.955+0000] {dag.py:4180} INFO - Setting next_dagrun for tutorial_taskflow_api to None, run_after=None
[2025-08-29T08:51:16.973+0000] {processor.py:208} INFO - Processing /home/airflow/.local/lib/python3.12/site-packages/airflow/example_dags/tutorial_taskflow_api.py took 0.066 seconds
[2025-08-29T08:51:47.298+0000] {processor.py:186} INFO - Started process (PID=33162) to work on /home/airflow/.local/lib/python3.12/site-packages/airflow/example_dags/tutorial_taskflow_api.py
[2025-08-29T08:51:47.299+0000] {processor.py:914} INFO - Processing file /home/airflow/.local/lib/python3.12/site-packages/airflow/example_dags/tutorial_taskflow_api.py for tasks to queue
[2025-08-29T08:51:47.300+0000] {logging_mixin.py:190} INFO - [2025-08-29T08:51:47.300+0000] {dagbag.py:588} INFO - Filling up the DagBag from /home/airflow/.local/lib/python3.12/site-packages/airflow/example_dags/tutorial_taskflow_api.py
[2025-08-29T08:51:47.305+0000] {processor.py:925} INFO - DAG(s) 'tutorial_taskflow_api' retrieved from /home/airflow/.local/lib/python3.12/site-packages/airflow/example_dags/tutorial_taskflow_api.py
[2025-08-29T08:51:47.317+0000] {logging_mixin.py:190} INFO - [2025-08-29T08:51:47.316+0000] {dag.py:3239} INFO - Sync 1 DAGs
[2025-08-29T08:51:47.328+0000] {logging_mixin.py:190} INFO - [2025-08-29T08:51:47.327+0000] {dag.py:4180} INFO - Setting next_dagrun for tutorial_taskflow_api to None, run_after=None
[2025-08-29T08:51:47.347+0000] {processor.py:208} INFO - Processing /home/airflow/.local/lib/python3.12/site-packages/airflow/example_dags/tutorial_taskflow_api.py took 0.053 seconds
[2025-08-29T08:52:17.545+0000] {processor.py:186} INFO - Started process (PID=33226) to work on /home/airflow/.local/lib/python3.12/site-packages/airflow/example_dags/tutorial_taskflow_api.py
[2025-08-29T08:52:17.546+0000] {processor.py:914} INFO - Processing file /home/airflow/.local/lib/python3.12/site-packages/airflow/example_dags/tutorial_taskflow_api.py for tasks to queue
[2025-08-29T08:52:17.547+0000] {logging_mixin.py:190} INFO - [2025-08-29T08:52:17.547+0000] {dagbag.py:588} INFO - Filling up the DagBag from /home/airflow/.local/lib/python3.12/site-packages/airflow/example_dags/tutorial_taskflow_api.py
[2025-08-29T08:52:17.552+0000] {processor.py:925} INFO - DAG(s) 'tutorial_taskflow_api' retrieved from /home/airflow/.local/lib/python3.12/site-packages/airflow/example_dags/tutorial_taskflow_api.py
[2025-08-29T08:52:17.570+0000] {logging_mixin.py:190} INFO - [2025-08-29T08:52:17.570+0000] {dag.py:3239} INFO - Sync 1 DAGs
[2025-08-29T08:52:17.587+0000] {logging_mixin.py:190} INFO - [2025-08-29T08:52:17.586+0000] {dag.py:4180} INFO - Setting next_dagrun for tutorial_taskflow_api to None, run_after=None
[2025-08-29T08:52:17.606+0000] {processor.py:208} INFO - Processing /home/airflow/.local/lib/python3.12/site-packages/airflow/example_dags/tutorial_taskflow_api.py took 0.066 seconds
[2025-08-29T08:52:47.712+0000] {processor.py:186} INFO - Started process (PID=33290) to work on /home/airflow/.local/lib/python3.12/site-packages/airflow/example_dags/tutorial_taskflow_api.py
[2025-08-29T08:52:47.713+0000] {processor.py:914} INFO - Processing file /home/airflow/.local/lib/python3.12/site-packages/airflow/example_dags/tutorial_taskflow_api.py for tasks to queue
[2025-08-29T08:52:47.714+0000] {logging_mixin.py:190} INFO - [2025-08-29T08:52:47.714+0000] {dagbag.py:588} INFO - Filling up the DagBag from /home/airflow/.local/lib/python3.12/site-packages/airflow/example_dags/tutorial_taskflow_api.py
[2025-08-29T08:52:47.720+0000] {processor.py:925} INFO - DAG(s) 'tutorial_taskflow_api' retrieved from /home/airflow/.local/lib/python3.12/site-packages/airflow/example_dags/tutorial_taskflow_api.py
[2025-08-29T08:52:47.737+0000] {logging_mixin.py:190} INFO - [2025-08-29T08:52:47.737+0000] {dag.py:3239} INFO - Sync 1 DAGs
[2025-08-29T08:52:47.755+0000] {logging_mixin.py:190} INFO - [2025-08-29T08:52:47.755+0000] {dag.py:4180} INFO - Setting next_dagrun for tutorial_taskflow_api to None, run_after=None
[2025-08-29T08:52:47.772+0000] {processor.py:208} INFO - Processing /home/airflow/.local/lib/python3.12/site-packages/airflow/example_dags/tutorial_taskflow_api.py took 0.064 seconds
[2025-08-29T08:53:18.068+0000] {processor.py:186} INFO - Started process (PID=33354) to work on /home/airflow/.local/lib/python3.12/site-packages/airflow/example_dags/tutorial_taskflow_api.py
[2025-08-29T08:53:18.069+0000] {processor.py:914} INFO - Processing file /home/airflow/.local/lib/python3.12/site-packages/airflow/example_dags/tutorial_taskflow_api.py for tasks to queue
[2025-08-29T08:53:18.072+0000] {logging_mixin.py:190} INFO - [2025-08-29T08:53:18.071+0000] {dagbag.py:588} INFO - Filling up the DagBag from /home/airflow/.local/lib/python3.12/site-packages/airflow/example_dags/tutorial_taskflow_api.py
[2025-08-29T08:53:18.081+0000] {processor.py:925} INFO - DAG(s) 'tutorial_taskflow_api' retrieved from /home/airflow/.local/lib/python3.12/site-packages/airflow/example_dags/tutorial_taskflow_api.py
[2025-08-29T08:53:18.096+0000] {logging_mixin.py:190} INFO - [2025-08-29T08:53:18.096+0000] {dag.py:3239} INFO - Sync 1 DAGs
[2025-08-29T08:53:18.106+0000] {logging_mixin.py:190} INFO - [2025-08-29T08:53:18.105+0000] {dag.py:4180} INFO - Setting next_dagrun for tutorial_taskflow_api to None, run_after=None
[2025-08-29T08:53:18.118+0000] {processor.py:208} INFO - Processing /home/airflow/.local/lib/python3.12/site-packages/airflow/example_dags/tutorial_taskflow_api.py took 0.057 seconds
[2025-08-29T08:53:48.506+0000] {processor.py:186} INFO - Started process (PID=33418) to work on /home/airflow/.local/lib/python3.12/site-packages/airflow/example_dags/tutorial_taskflow_api.py
[2025-08-29T08:53:48.506+0000] {processor.py:914} INFO - Processing file /home/airflow/.local/lib/python3.12/site-packages/airflow/example_dags/tutorial_taskflow_api.py for tasks to queue
[2025-08-29T08:53:48.509+0000] {logging_mixin.py:190} INFO - [2025-08-29T08:53:48.508+0000] {dagbag.py:588} INFO - Filling up the DagBag from /home/airflow/.local/lib/python3.12/site-packages/airflow/example_dags/tutorial_taskflow_api.py
[2025-08-29T08:53:48.517+0000] {processor.py:925} INFO - DAG(s) 'tutorial_taskflow_api' retrieved from /home/airflow/.local/lib/python3.12/site-packages/airflow/example_dags/tutorial_taskflow_api.py
[2025-08-29T08:53:48.538+0000] {logging_mixin.py:190} INFO - [2025-08-29T08:53:48.538+0000] {dag.py:3239} INFO - Sync 1 DAGs
[2025-08-29T08:53:48.555+0000] {logging_mixin.py:190} INFO - [2025-08-29T08:53:48.555+0000] {dag.py:4180} INFO - Setting next_dagrun for tutorial_taskflow_api to None, run_after=None
[2025-08-29T08:53:48.578+0000] {processor.py:208} INFO - Processing /home/airflow/.local/lib/python3.12/site-packages/airflow/example_dags/tutorial_taskflow_api.py took 0.079 seconds
