[2025-08-29T08:40:37.507+0000] {processor.py:186} INFO - Started process (PID=31762) to work on /home/airflow/.local/lib/python3.12/site-packages/airflow/example_dags/tutorial.py
[2025-08-29T08:40:37.508+0000] {processor.py:914} INFO - Processing file /home/airflow/.local/lib/python3.12/site-packages/airflow/example_dags/tutorial.py for tasks to queue
[2025-08-29T08:40:37.512+0000] {logging_mixin.py:190} INFO - [2025-08-29T08:40:37.511+0000] {dagbag.py:588} INFO - Filling up the DagBag from /home/airflow/.local/lib/python3.12/site-packages/airflow/example_dags/tutorial.py
[2025-08-29T08:40:37.525+0000] {processor.py:925} INFO - DAG(s) 'tutorial' retrieved from /home/airflow/.local/lib/python3.12/site-packages/airflow/example_dags/tutorial.py
[2025-08-29T08:40:37.557+0000] {logging_mixin.py:190} INFO - [2025-08-29T08:40:37.556+0000] {dag.py:3239} INFO - Sync 1 DAGs
[2025-08-29T08:40:37.604+0000] {logging_mixin.py:190} INFO - [2025-08-29T08:40:37.604+0000] {dag.py:4180} INFO - Setting next_dagrun for tutorial to 2025-08-28 00:00:00+00:00, run_after=2025-08-29 00:00:00+00:00
[2025-08-29T08:40:37.631+0000] {processor.py:208} INFO - Processing /home/airflow/.local/lib/python3.12/site-packages/airflow/example_dags/tutorial.py took 0.131 seconds
[2025-08-29T08:41:08.535+0000] {processor.py:186} INFO - Started process (PID=31826) to work on /home/airflow/.local/lib/python3.12/site-packages/airflow/example_dags/tutorial.py
[2025-08-29T08:41:08.536+0000] {processor.py:914} INFO - Processing file /home/airflow/.local/lib/python3.12/site-packages/airflow/example_dags/tutorial.py for tasks to queue
[2025-08-29T08:41:08.539+0000] {logging_mixin.py:190} INFO - [2025-08-29T08:41:08.538+0000] {dagbag.py:588} INFO - Filling up the DagBag from /home/airflow/.local/lib/python3.12/site-packages/airflow/example_dags/tutorial.py
[2025-08-29T08:41:08.547+0000] {processor.py:925} INFO - DAG(s) 'tutorial' retrieved from /home/airflow/.local/lib/python3.12/site-packages/airflow/example_dags/tutorial.py
[2025-08-29T08:41:08.570+0000] {logging_mixin.py:190} INFO - [2025-08-29T08:41:08.570+0000] {dag.py:3239} INFO - Sync 1 DAGs
[2025-08-29T08:41:08.602+0000] {logging_mixin.py:190} INFO - [2025-08-29T08:41:08.601+0000] {dag.py:4180} INFO - Setting next_dagrun for tutorial to 2025-08-28 00:00:00+00:00, run_after=2025-08-29 00:00:00+00:00
[2025-08-29T08:41:08.627+0000] {processor.py:208} INFO - Processing /home/airflow/.local/lib/python3.12/site-packages/airflow/example_dags/tutorial.py took 0.099 seconds
[2025-08-29T08:41:39.289+0000] {processor.py:186} INFO - Started process (PID=31890) to work on /home/airflow/.local/lib/python3.12/site-packages/airflow/example_dags/tutorial.py
[2025-08-29T08:41:39.290+0000] {processor.py:914} INFO - Processing file /home/airflow/.local/lib/python3.12/site-packages/airflow/example_dags/tutorial.py for tasks to queue
[2025-08-29T08:41:39.292+0000] {logging_mixin.py:190} INFO - [2025-08-29T08:41:39.291+0000] {dagbag.py:588} INFO - Filling up the DagBag from /home/airflow/.local/lib/python3.12/site-packages/airflow/example_dags/tutorial.py
[2025-08-29T08:41:39.299+0000] {processor.py:925} INFO - DAG(s) 'tutorial' retrieved from /home/airflow/.local/lib/python3.12/site-packages/airflow/example_dags/tutorial.py
[2025-08-29T08:41:39.325+0000] {logging_mixin.py:190} INFO - [2025-08-29T08:41:39.325+0000] {dag.py:3239} INFO - Sync 1 DAGs
[2025-08-29T08:41:39.366+0000] {logging_mixin.py:190} INFO - [2025-08-29T08:41:39.366+0000] {dag.py:4180} INFO - Setting next_dagrun for tutorial to 2025-08-28 00:00:00+00:00, run_after=2025-08-29 00:00:00+00:00
[2025-08-29T08:41:39.397+0000] {processor.py:208} INFO - Processing /home/airflow/.local/lib/python3.12/site-packages/airflow/example_dags/tutorial.py took 0.113 seconds
[2025-08-29T08:42:09.533+0000] {processor.py:186} INFO - Started process (PID=31953) to work on /home/airflow/.local/lib/python3.12/site-packages/airflow/example_dags/tutorial.py
[2025-08-29T08:42:09.534+0000] {processor.py:914} INFO - Processing file /home/airflow/.local/lib/python3.12/site-packages/airflow/example_dags/tutorial.py for tasks to queue
[2025-08-29T08:42:09.537+0000] {logging_mixin.py:190} INFO - [2025-08-29T08:42:09.536+0000] {dagbag.py:588} INFO - Filling up the DagBag from /home/airflow/.local/lib/python3.12/site-packages/airflow/example_dags/tutorial.py
[2025-08-29T08:42:09.548+0000] {processor.py:925} INFO - DAG(s) 'tutorial' retrieved from /home/airflow/.local/lib/python3.12/site-packages/airflow/example_dags/tutorial.py
[2025-08-29T08:42:09.576+0000] {logging_mixin.py:190} INFO - [2025-08-29T08:42:09.576+0000] {dag.py:3239} INFO - Sync 1 DAGs
[2025-08-29T08:42:09.611+0000] {logging_mixin.py:190} INFO - [2025-08-29T08:42:09.611+0000] {dag.py:4180} INFO - Setting next_dagrun for tutorial to 2025-08-28 00:00:00+00:00, run_after=2025-08-29 00:00:00+00:00
[2025-08-29T08:42:09.637+0000] {processor.py:208} INFO - Processing /home/airflow/.local/lib/python3.12/site-packages/airflow/example_dags/tutorial.py took 0.112 seconds
[2025-08-29T08:42:40.292+0000] {processor.py:186} INFO - Started process (PID=32018) to work on /home/airflow/.local/lib/python3.12/site-packages/airflow/example_dags/tutorial.py
[2025-08-29T08:42:40.294+0000] {processor.py:914} INFO - Processing file /home/airflow/.local/lib/python3.12/site-packages/airflow/example_dags/tutorial.py for tasks to queue
[2025-08-29T08:42:40.297+0000] {logging_mixin.py:190} INFO - [2025-08-29T08:42:40.297+0000] {dagbag.py:588} INFO - Filling up the DagBag from /home/airflow/.local/lib/python3.12/site-packages/airflow/example_dags/tutorial.py
[2025-08-29T08:42:40.311+0000] {processor.py:925} INFO - DAG(s) 'tutorial' retrieved from /home/airflow/.local/lib/python3.12/site-packages/airflow/example_dags/tutorial.py
[2025-08-29T08:42:40.345+0000] {logging_mixin.py:190} INFO - [2025-08-29T08:42:40.345+0000] {dag.py:3239} INFO - Sync 1 DAGs
[2025-08-29T08:42:40.392+0000] {logging_mixin.py:190} INFO - [2025-08-29T08:42:40.391+0000] {dag.py:4180} INFO - Setting next_dagrun for tutorial to 2025-08-28 00:00:00+00:00, run_after=2025-08-29 00:00:00+00:00
[2025-08-29T08:42:40.424+0000] {processor.py:208} INFO - Processing /home/airflow/.local/lib/python3.12/site-packages/airflow/example_dags/tutorial.py took 0.142 seconds
[2025-08-29T08:43:10.743+0000] {processor.py:186} INFO - Started process (PID=32082) to work on /home/airflow/.local/lib/python3.12/site-packages/airflow/example_dags/tutorial.py
[2025-08-29T08:43:10.744+0000] {processor.py:914} INFO - Processing file /home/airflow/.local/lib/python3.12/site-packages/airflow/example_dags/tutorial.py for tasks to queue
[2025-08-29T08:43:10.749+0000] {logging_mixin.py:190} INFO - [2025-08-29T08:43:10.748+0000] {dagbag.py:588} INFO - Filling up the DagBag from /home/airflow/.local/lib/python3.12/site-packages/airflow/example_dags/tutorial.py
[2025-08-29T08:43:10.760+0000] {processor.py:925} INFO - DAG(s) 'tutorial' retrieved from /home/airflow/.local/lib/python3.12/site-packages/airflow/example_dags/tutorial.py
[2025-08-29T08:43:10.787+0000] {logging_mixin.py:190} INFO - [2025-08-29T08:43:10.787+0000] {dag.py:3239} INFO - Sync 1 DAGs
[2025-08-29T08:43:10.817+0000] {logging_mixin.py:190} INFO - [2025-08-29T08:43:10.817+0000] {dag.py:4180} INFO - Setting next_dagrun for tutorial to 2025-08-28 00:00:00+00:00, run_after=2025-08-29 00:00:00+00:00
[2025-08-29T08:43:10.844+0000] {processor.py:208} INFO - Processing /home/airflow/.local/lib/python3.12/site-packages/airflow/example_dags/tutorial.py took 0.110 seconds
[2025-08-29T08:43:40.940+0000] {processor.py:186} INFO - Started process (PID=32145) to work on /home/airflow/.local/lib/python3.12/site-packages/airflow/example_dags/tutorial.py
[2025-08-29T08:43:40.941+0000] {processor.py:914} INFO - Processing file /home/airflow/.local/lib/python3.12/site-packages/airflow/example_dags/tutorial.py for tasks to queue
[2025-08-29T08:43:40.943+0000] {logging_mixin.py:190} INFO - [2025-08-29T08:43:40.942+0000] {dagbag.py:588} INFO - Filling up the DagBag from /home/airflow/.local/lib/python3.12/site-packages/airflow/example_dags/tutorial.py
[2025-08-29T08:43:40.948+0000] {processor.py:925} INFO - DAG(s) 'tutorial' retrieved from /home/airflow/.local/lib/python3.12/site-packages/airflow/example_dags/tutorial.py
[2025-08-29T08:43:40.968+0000] {logging_mixin.py:190} INFO - [2025-08-29T08:43:40.968+0000] {dag.py:3239} INFO - Sync 1 DAGs
[2025-08-29T08:43:40.990+0000] {logging_mixin.py:190} INFO - [2025-08-29T08:43:40.990+0000] {dag.py:4180} INFO - Setting next_dagrun for tutorial to 2025-08-28 00:00:00+00:00, run_after=2025-08-29 00:00:00+00:00
[2025-08-29T08:43:41.009+0000] {processor.py:208} INFO - Processing /home/airflow/.local/lib/python3.12/site-packages/airflow/example_dags/tutorial.py took 0.076 seconds
[2025-08-29T08:44:11.887+0000] {processor.py:186} INFO - Started process (PID=32210) to work on /home/airflow/.local/lib/python3.12/site-packages/airflow/example_dags/tutorial.py
[2025-08-29T08:44:11.888+0000] {processor.py:914} INFO - Processing file /home/airflow/.local/lib/python3.12/site-packages/airflow/example_dags/tutorial.py for tasks to queue
[2025-08-29T08:44:11.889+0000] {logging_mixin.py:190} INFO - [2025-08-29T08:44:11.889+0000] {dagbag.py:588} INFO - Filling up the DagBag from /home/airflow/.local/lib/python3.12/site-packages/airflow/example_dags/tutorial.py
[2025-08-29T08:44:11.894+0000] {processor.py:925} INFO - DAG(s) 'tutorial' retrieved from /home/airflow/.local/lib/python3.12/site-packages/airflow/example_dags/tutorial.py
[2025-08-29T08:44:11.913+0000] {logging_mixin.py:190} INFO - [2025-08-29T08:44:11.913+0000] {dag.py:3239} INFO - Sync 1 DAGs
[2025-08-29T08:44:11.934+0000] {logging_mixin.py:190} INFO - [2025-08-29T08:44:11.934+0000] {dag.py:4180} INFO - Setting next_dagrun for tutorial to 2025-08-28 00:00:00+00:00, run_after=2025-08-29 00:00:00+00:00
[2025-08-29T08:44:11.951+0000] {processor.py:208} INFO - Processing /home/airflow/.local/lib/python3.12/site-packages/airflow/example_dags/tutorial.py took 0.070 seconds
[2025-08-29T08:44:42.548+0000] {processor.py:186} INFO - Started process (PID=32274) to work on /home/airflow/.local/lib/python3.12/site-packages/airflow/example_dags/tutorial.py
[2025-08-29T08:44:42.549+0000] {processor.py:914} INFO - Processing file /home/airflow/.local/lib/python3.12/site-packages/airflow/example_dags/tutorial.py for tasks to queue
[2025-08-29T08:44:42.551+0000] {logging_mixin.py:190} INFO - [2025-08-29T08:44:42.551+0000] {dagbag.py:588} INFO - Filling up the DagBag from /home/airflow/.local/lib/python3.12/site-packages/airflow/example_dags/tutorial.py
[2025-08-29T08:44:42.560+0000] {processor.py:925} INFO - DAG(s) 'tutorial' retrieved from /home/airflow/.local/lib/python3.12/site-packages/airflow/example_dags/tutorial.py
[2025-08-29T08:44:42.580+0000] {logging_mixin.py:190} INFO - [2025-08-29T08:44:42.580+0000] {dag.py:3239} INFO - Sync 1 DAGs
[2025-08-29T08:44:42.607+0000] {logging_mixin.py:190} INFO - [2025-08-29T08:44:42.607+0000] {dag.py:4180} INFO - Setting next_dagrun for tutorial to 2025-08-28 00:00:00+00:00, run_after=2025-08-29 00:00:00+00:00
[2025-08-29T08:44:42.628+0000] {processor.py:208} INFO - Processing /home/airflow/.local/lib/python3.12/site-packages/airflow/example_dags/tutorial.py took 0.087 seconds
[2025-08-29T08:45:13.234+0000] {processor.py:186} INFO - Started process (PID=32338) to work on /home/airflow/.local/lib/python3.12/site-packages/airflow/example_dags/tutorial.py
[2025-08-29T08:45:13.235+0000] {processor.py:914} INFO - Processing file /home/airflow/.local/lib/python3.12/site-packages/airflow/example_dags/tutorial.py for tasks to queue
[2025-08-29T08:45:13.236+0000] {logging_mixin.py:190} INFO - [2025-08-29T08:45:13.236+0000] {dagbag.py:588} INFO - Filling up the DagBag from /home/airflow/.local/lib/python3.12/site-packages/airflow/example_dags/tutorial.py
[2025-08-29T08:45:13.241+0000] {processor.py:925} INFO - DAG(s) 'tutorial' retrieved from /home/airflow/.local/lib/python3.12/site-packages/airflow/example_dags/tutorial.py
[2025-08-29T08:45:13.259+0000] {logging_mixin.py:190} INFO - [2025-08-29T08:45:13.258+0000] {dag.py:3239} INFO - Sync 1 DAGs
[2025-08-29T08:45:13.280+0000] {logging_mixin.py:190} INFO - [2025-08-29T08:45:13.280+0000] {dag.py:4180} INFO - Setting next_dagrun for tutorial to 2025-08-28 00:00:00+00:00, run_after=2025-08-29 00:00:00+00:00
[2025-08-29T08:45:13.299+0000] {processor.py:208} INFO - Processing /home/airflow/.local/lib/python3.12/site-packages/airflow/example_dags/tutorial.py took 0.069 seconds
[2025-08-29T08:45:43.867+0000] {processor.py:186} INFO - Started process (PID=32402) to work on /home/airflow/.local/lib/python3.12/site-packages/airflow/example_dags/tutorial.py
[2025-08-29T08:45:43.867+0000] {processor.py:914} INFO - Processing file /home/airflow/.local/lib/python3.12/site-packages/airflow/example_dags/tutorial.py for tasks to queue
[2025-08-29T08:45:43.868+0000] {logging_mixin.py:190} INFO - [2025-08-29T08:45:43.868+0000] {dagbag.py:588} INFO - Filling up the DagBag from /home/airflow/.local/lib/python3.12/site-packages/airflow/example_dags/tutorial.py
[2025-08-29T08:45:43.873+0000] {processor.py:925} INFO - DAG(s) 'tutorial' retrieved from /home/airflow/.local/lib/python3.12/site-packages/airflow/example_dags/tutorial.py
[2025-08-29T08:45:43.894+0000] {logging_mixin.py:190} INFO - [2025-08-29T08:45:43.894+0000] {dag.py:3239} INFO - Sync 1 DAGs
[2025-08-29T08:45:43.916+0000] {logging_mixin.py:190} INFO - [2025-08-29T08:45:43.916+0000] {dag.py:4180} INFO - Setting next_dagrun for tutorial to 2025-08-28 00:00:00+00:00, run_after=2025-08-29 00:00:00+00:00
[2025-08-29T08:45:43.932+0000] {processor.py:208} INFO - Processing /home/airflow/.local/lib/python3.12/site-packages/airflow/example_dags/tutorial.py took 0.069 seconds
[2025-08-29T08:46:14.320+0000] {processor.py:186} INFO - Started process (PID=32466) to work on /home/airflow/.local/lib/python3.12/site-packages/airflow/example_dags/tutorial.py
[2025-08-29T08:46:14.321+0000] {processor.py:914} INFO - Processing file /home/airflow/.local/lib/python3.12/site-packages/airflow/example_dags/tutorial.py for tasks to queue
[2025-08-29T08:46:14.323+0000] {logging_mixin.py:190} INFO - [2025-08-29T08:46:14.322+0000] {dagbag.py:588} INFO - Filling up the DagBag from /home/airflow/.local/lib/python3.12/site-packages/airflow/example_dags/tutorial.py
[2025-08-29T08:46:14.327+0000] {processor.py:925} INFO - DAG(s) 'tutorial' retrieved from /home/airflow/.local/lib/python3.12/site-packages/airflow/example_dags/tutorial.py
[2025-08-29T08:46:14.345+0000] {logging_mixin.py:190} INFO - [2025-08-29T08:46:14.345+0000] {dag.py:3239} INFO - Sync 1 DAGs
[2025-08-29T08:46:14.369+0000] {logging_mixin.py:190} INFO - [2025-08-29T08:46:14.368+0000] {dag.py:4180} INFO - Setting next_dagrun for tutorial to 2025-08-28 00:00:00+00:00, run_after=2025-08-29 00:00:00+00:00
[2025-08-29T08:46:14.386+0000] {processor.py:208} INFO - Processing /home/airflow/.local/lib/python3.12/site-packages/airflow/example_dags/tutorial.py took 0.070 seconds
[2025-08-29T08:46:44.758+0000] {processor.py:186} INFO - Started process (PID=32530) to work on /home/airflow/.local/lib/python3.12/site-packages/airflow/example_dags/tutorial.py
[2025-08-29T08:46:44.758+0000] {processor.py:914} INFO - Processing file /home/airflow/.local/lib/python3.12/site-packages/airflow/example_dags/tutorial.py for tasks to queue
[2025-08-29T08:46:44.760+0000] {logging_mixin.py:190} INFO - [2025-08-29T08:46:44.759+0000] {dagbag.py:588} INFO - Filling up the DagBag from /home/airflow/.local/lib/python3.12/site-packages/airflow/example_dags/tutorial.py
[2025-08-29T08:46:44.765+0000] {processor.py:925} INFO - DAG(s) 'tutorial' retrieved from /home/airflow/.local/lib/python3.12/site-packages/airflow/example_dags/tutorial.py
[2025-08-29T08:46:44.788+0000] {logging_mixin.py:190} INFO - [2025-08-29T08:46:44.788+0000] {dag.py:3239} INFO - Sync 1 DAGs
[2025-08-29T08:46:44.811+0000] {logging_mixin.py:190} INFO - [2025-08-29T08:46:44.811+0000] {dag.py:4180} INFO - Setting next_dagrun for tutorial to 2025-08-28 00:00:00+00:00, run_after=2025-08-29 00:00:00+00:00
[2025-08-29T08:46:44.831+0000] {processor.py:208} INFO - Processing /home/airflow/.local/lib/python3.12/site-packages/airflow/example_dags/tutorial.py took 0.077 seconds
[2025-08-29T08:47:15.123+0000] {processor.py:186} INFO - Started process (PID=32594) to work on /home/airflow/.local/lib/python3.12/site-packages/airflow/example_dags/tutorial.py
[2025-08-29T08:47:15.124+0000] {processor.py:914} INFO - Processing file /home/airflow/.local/lib/python3.12/site-packages/airflow/example_dags/tutorial.py for tasks to queue
[2025-08-29T08:47:15.125+0000] {logging_mixin.py:190} INFO - [2025-08-29T08:47:15.125+0000] {dagbag.py:588} INFO - Filling up the DagBag from /home/airflow/.local/lib/python3.12/site-packages/airflow/example_dags/tutorial.py
[2025-08-29T08:47:15.130+0000] {processor.py:925} INFO - DAG(s) 'tutorial' retrieved from /home/airflow/.local/lib/python3.12/site-packages/airflow/example_dags/tutorial.py
[2025-08-29T08:47:15.146+0000] {logging_mixin.py:190} INFO - [2025-08-29T08:47:15.146+0000] {dag.py:3239} INFO - Sync 1 DAGs
[2025-08-29T08:47:15.167+0000] {logging_mixin.py:190} INFO - [2025-08-29T08:47:15.167+0000] {dag.py:4180} INFO - Setting next_dagrun for tutorial to 2025-08-28 00:00:00+00:00, run_after=2025-08-29 00:00:00+00:00
[2025-08-29T08:47:15.184+0000] {processor.py:208} INFO - Processing /home/airflow/.local/lib/python3.12/site-packages/airflow/example_dags/tutorial.py took 0.065 seconds
[2025-08-29T08:47:45.328+0000] {processor.py:186} INFO - Started process (PID=32658) to work on /home/airflow/.local/lib/python3.12/site-packages/airflow/example_dags/tutorial.py
[2025-08-29T08:47:45.329+0000] {processor.py:914} INFO - Processing file /home/airflow/.local/lib/python3.12/site-packages/airflow/example_dags/tutorial.py for tasks to queue
[2025-08-29T08:47:45.330+0000] {logging_mixin.py:190} INFO - [2025-08-29T08:47:45.330+0000] {dagbag.py:588} INFO - Filling up the DagBag from /home/airflow/.local/lib/python3.12/site-packages/airflow/example_dags/tutorial.py
[2025-08-29T08:47:45.338+0000] {processor.py:925} INFO - DAG(s) 'tutorial' retrieved from /home/airflow/.local/lib/python3.12/site-packages/airflow/example_dags/tutorial.py
[2025-08-29T08:47:45.360+0000] {logging_mixin.py:190} INFO - [2025-08-29T08:47:45.359+0000] {dag.py:3239} INFO - Sync 1 DAGs
[2025-08-29T08:47:45.385+0000] {logging_mixin.py:190} INFO - [2025-08-29T08:47:45.385+0000] {dag.py:4180} INFO - Setting next_dagrun for tutorial to 2025-08-28 00:00:00+00:00, run_after=2025-08-29 00:00:00+00:00
[2025-08-29T08:47:45.396+0000] {processor.py:208} INFO - Processing /home/airflow/.local/lib/python3.12/site-packages/airflow/example_dags/tutorial.py took 0.072 seconds
[2025-08-29T08:48:15.785+0000] {processor.py:186} INFO - Started process (PID=32722) to work on /home/airflow/.local/lib/python3.12/site-packages/airflow/example_dags/tutorial.py
[2025-08-29T08:48:15.786+0000] {processor.py:914} INFO - Processing file /home/airflow/.local/lib/python3.12/site-packages/airflow/example_dags/tutorial.py for tasks to queue
[2025-08-29T08:48:15.787+0000] {logging_mixin.py:190} INFO - [2025-08-29T08:48:15.787+0000] {dagbag.py:588} INFO - Filling up the DagBag from /home/airflow/.local/lib/python3.12/site-packages/airflow/example_dags/tutorial.py
[2025-08-29T08:48:15.793+0000] {processor.py:925} INFO - DAG(s) 'tutorial' retrieved from /home/airflow/.local/lib/python3.12/site-packages/airflow/example_dags/tutorial.py
[2025-08-29T08:48:15.813+0000] {logging_mixin.py:190} INFO - [2025-08-29T08:48:15.813+0000] {dag.py:3239} INFO - Sync 1 DAGs
[2025-08-29T08:48:15.836+0000] {logging_mixin.py:190} INFO - [2025-08-29T08:48:15.836+0000] {dag.py:4180} INFO - Setting next_dagrun for tutorial to 2025-08-28 00:00:00+00:00, run_after=2025-08-29 00:00:00+00:00
[2025-08-29T08:48:15.855+0000] {processor.py:208} INFO - Processing /home/airflow/.local/lib/python3.12/site-packages/airflow/example_dags/tutorial.py took 0.074 seconds
[2025-08-29T08:48:46.277+0000] {processor.py:186} INFO - Started process (PID=32786) to work on /home/airflow/.local/lib/python3.12/site-packages/airflow/example_dags/tutorial.py
[2025-08-29T08:48:46.277+0000] {processor.py:914} INFO - Processing file /home/airflow/.local/lib/python3.12/site-packages/airflow/example_dags/tutorial.py for tasks to queue
[2025-08-29T08:48:46.279+0000] {logging_mixin.py:190} INFO - [2025-08-29T08:48:46.278+0000] {dagbag.py:588} INFO - Filling up the DagBag from /home/airflow/.local/lib/python3.12/site-packages/airflow/example_dags/tutorial.py
[2025-08-29T08:48:46.284+0000] {processor.py:925} INFO - DAG(s) 'tutorial' retrieved from /home/airflow/.local/lib/python3.12/site-packages/airflow/example_dags/tutorial.py
[2025-08-29T08:48:46.303+0000] {logging_mixin.py:190} INFO - [2025-08-29T08:48:46.303+0000] {dag.py:3239} INFO - Sync 1 DAGs
[2025-08-29T08:48:46.321+0000] {logging_mixin.py:190} INFO - [2025-08-29T08:48:46.321+0000] {dag.py:4180} INFO - Setting next_dagrun for tutorial to 2025-08-28 00:00:00+00:00, run_after=2025-08-29 00:00:00+00:00
[2025-08-29T08:48:46.334+0000] {processor.py:208} INFO - Processing /home/airflow/.local/lib/python3.12/site-packages/airflow/example_dags/tutorial.py took 0.061 seconds
[2025-08-29T08:49:16.623+0000] {processor.py:186} INFO - Started process (PID=32850) to work on /home/airflow/.local/lib/python3.12/site-packages/airflow/example_dags/tutorial.py
[2025-08-29T08:49:16.623+0000] {processor.py:914} INFO - Processing file /home/airflow/.local/lib/python3.12/site-packages/airflow/example_dags/tutorial.py for tasks to queue
[2025-08-29T08:49:16.624+0000] {logging_mixin.py:190} INFO - [2025-08-29T08:49:16.624+0000] {dagbag.py:588} INFO - Filling up the DagBag from /home/airflow/.local/lib/python3.12/site-packages/airflow/example_dags/tutorial.py
[2025-08-29T08:49:16.630+0000] {processor.py:925} INFO - DAG(s) 'tutorial' retrieved from /home/airflow/.local/lib/python3.12/site-packages/airflow/example_dags/tutorial.py
[2025-08-29T08:49:16.645+0000] {logging_mixin.py:190} INFO - [2025-08-29T08:49:16.644+0000] {dag.py:3239} INFO - Sync 1 DAGs
[2025-08-29T08:49:16.663+0000] {logging_mixin.py:190} INFO - [2025-08-29T08:49:16.663+0000] {dag.py:4180} INFO - Setting next_dagrun for tutorial to 2025-08-28 00:00:00+00:00, run_after=2025-08-29 00:00:00+00:00
[2025-08-29T08:49:16.679+0000] {processor.py:208} INFO - Processing /home/airflow/.local/lib/python3.12/site-packages/airflow/example_dags/tutorial.py took 0.060 seconds
[2025-08-29T08:49:47.016+0000] {processor.py:186} INFO - Started process (PID=32914) to work on /home/airflow/.local/lib/python3.12/site-packages/airflow/example_dags/tutorial.py
[2025-08-29T08:49:47.017+0000] {processor.py:914} INFO - Processing file /home/airflow/.local/lib/python3.12/site-packages/airflow/example_dags/tutorial.py for tasks to queue
[2025-08-29T08:49:47.019+0000] {logging_mixin.py:190} INFO - [2025-08-29T08:49:47.018+0000] {dagbag.py:588} INFO - Filling up the DagBag from /home/airflow/.local/lib/python3.12/site-packages/airflow/example_dags/tutorial.py
[2025-08-29T08:49:47.026+0000] {processor.py:925} INFO - DAG(s) 'tutorial' retrieved from /home/airflow/.local/lib/python3.12/site-packages/airflow/example_dags/tutorial.py
[2025-08-29T08:49:47.045+0000] {logging_mixin.py:190} INFO - [2025-08-29T08:49:47.045+0000] {dag.py:3239} INFO - Sync 1 DAGs
[2025-08-29T08:49:47.074+0000] {logging_mixin.py:190} INFO - [2025-08-29T08:49:47.074+0000] {dag.py:4180} INFO - Setting next_dagrun for tutorial to 2025-08-28 00:00:00+00:00, run_after=2025-08-29 00:00:00+00:00
[2025-08-29T08:49:47.092+0000] {processor.py:208} INFO - Processing /home/airflow/.local/lib/python3.12/site-packages/airflow/example_dags/tutorial.py took 0.082 seconds
[2025-08-29T08:50:17.590+0000] {processor.py:186} INFO - Started process (PID=32978) to work on /home/airflow/.local/lib/python3.12/site-packages/airflow/example_dags/tutorial.py
[2025-08-29T08:50:17.591+0000] {processor.py:914} INFO - Processing file /home/airflow/.local/lib/python3.12/site-packages/airflow/example_dags/tutorial.py for tasks to queue
[2025-08-29T08:50:17.592+0000] {logging_mixin.py:190} INFO - [2025-08-29T08:50:17.592+0000] {dagbag.py:588} INFO - Filling up the DagBag from /home/airflow/.local/lib/python3.12/site-packages/airflow/example_dags/tutorial.py
[2025-08-29T08:50:17.597+0000] {processor.py:925} INFO - DAG(s) 'tutorial' retrieved from /home/airflow/.local/lib/python3.12/site-packages/airflow/example_dags/tutorial.py
[2025-08-29T08:50:17.616+0000] {logging_mixin.py:190} INFO - [2025-08-29T08:50:17.616+0000] {dag.py:3239} INFO - Sync 1 DAGs
[2025-08-29T08:50:17.632+0000] {logging_mixin.py:190} INFO - [2025-08-29T08:50:17.632+0000] {dag.py:4180} INFO - Setting next_dagrun for tutorial to 2025-08-28 00:00:00+00:00, run_after=2025-08-29 00:00:00+00:00
[2025-08-29T08:50:17.642+0000] {processor.py:208} INFO - Processing /home/airflow/.local/lib/python3.12/site-packages/airflow/example_dags/tutorial.py took 0.056 seconds
[2025-08-29T08:50:48.085+0000] {processor.py:186} INFO - Started process (PID=33042) to work on /home/airflow/.local/lib/python3.12/site-packages/airflow/example_dags/tutorial.py
[2025-08-29T08:50:48.086+0000] {processor.py:914} INFO - Processing file /home/airflow/.local/lib/python3.12/site-packages/airflow/example_dags/tutorial.py for tasks to queue
[2025-08-29T08:50:48.088+0000] {logging_mixin.py:190} INFO - [2025-08-29T08:50:48.087+0000] {dagbag.py:588} INFO - Filling up the DagBag from /home/airflow/.local/lib/python3.12/site-packages/airflow/example_dags/tutorial.py
[2025-08-29T08:50:48.093+0000] {processor.py:925} INFO - DAG(s) 'tutorial' retrieved from /home/airflow/.local/lib/python3.12/site-packages/airflow/example_dags/tutorial.py
[2025-08-29T08:50:48.112+0000] {logging_mixin.py:190} INFO - [2025-08-29T08:50:48.111+0000] {dag.py:3239} INFO - Sync 1 DAGs
[2025-08-29T08:50:48.128+0000] {logging_mixin.py:190} INFO - [2025-08-29T08:50:48.128+0000] {dag.py:4180} INFO - Setting next_dagrun for tutorial to 2025-08-28 00:00:00+00:00, run_after=2025-08-29 00:00:00+00:00
[2025-08-29T08:50:48.142+0000] {processor.py:208} INFO - Processing /home/airflow/.local/lib/python3.12/site-packages/airflow/example_dags/tutorial.py took 0.063 seconds
[2025-08-29T08:51:18.201+0000] {processor.py:186} INFO - Started process (PID=33106) to work on /home/airflow/.local/lib/python3.12/site-packages/airflow/example_dags/tutorial.py
[2025-08-29T08:51:18.201+0000] {processor.py:914} INFO - Processing file /home/airflow/.local/lib/python3.12/site-packages/airflow/example_dags/tutorial.py for tasks to queue
[2025-08-29T08:51:18.203+0000] {logging_mixin.py:190} INFO - [2025-08-29T08:51:18.202+0000] {dagbag.py:588} INFO - Filling up the DagBag from /home/airflow/.local/lib/python3.12/site-packages/airflow/example_dags/tutorial.py
[2025-08-29T08:51:18.208+0000] {processor.py:925} INFO - DAG(s) 'tutorial' retrieved from /home/airflow/.local/lib/python3.12/site-packages/airflow/example_dags/tutorial.py
[2025-08-29T08:51:18.227+0000] {logging_mixin.py:190} INFO - [2025-08-29T08:51:18.227+0000] {dag.py:3239} INFO - Sync 1 DAGs
[2025-08-29T08:51:18.248+0000] {logging_mixin.py:190} INFO - [2025-08-29T08:51:18.248+0000] {dag.py:4180} INFO - Setting next_dagrun for tutorial to 2025-08-28 00:00:00+00:00, run_after=2025-08-29 00:00:00+00:00
[2025-08-29T08:51:18.266+0000] {processor.py:208} INFO - Processing /home/airflow/.local/lib/python3.12/site-packages/airflow/example_dags/tutorial.py took 0.072 seconds
[2025-08-29T08:51:48.660+0000] {processor.py:186} INFO - Started process (PID=33170) to work on /home/airflow/.local/lib/python3.12/site-packages/airflow/example_dags/tutorial.py
[2025-08-29T08:51:48.661+0000] {processor.py:914} INFO - Processing file /home/airflow/.local/lib/python3.12/site-packages/airflow/example_dags/tutorial.py for tasks to queue
[2025-08-29T08:51:48.663+0000] {logging_mixin.py:190} INFO - [2025-08-29T08:51:48.663+0000] {dagbag.py:588} INFO - Filling up the DagBag from /home/airflow/.local/lib/python3.12/site-packages/airflow/example_dags/tutorial.py
[2025-08-29T08:51:48.668+0000] {processor.py:925} INFO - DAG(s) 'tutorial' retrieved from /home/airflow/.local/lib/python3.12/site-packages/airflow/example_dags/tutorial.py
[2025-08-29T08:51:48.688+0000] {logging_mixin.py:190} INFO - [2025-08-29T08:51:48.687+0000] {dag.py:3239} INFO - Sync 1 DAGs
[2025-08-29T08:51:48.704+0000] {logging_mixin.py:190} INFO - [2025-08-29T08:51:48.704+0000] {dag.py:4180} INFO - Setting next_dagrun for tutorial to 2025-08-28 00:00:00+00:00, run_after=2025-08-29 00:00:00+00:00
[2025-08-29T08:51:48.721+0000] {processor.py:208} INFO - Processing /home/airflow/.local/lib/python3.12/site-packages/airflow/example_dags/tutorial.py took 0.067 seconds
[2025-08-29T08:52:18.757+0000] {processor.py:186} INFO - Started process (PID=33233) to work on /home/airflow/.local/lib/python3.12/site-packages/airflow/example_dags/tutorial.py
[2025-08-29T08:52:18.758+0000] {processor.py:914} INFO - Processing file /home/airflow/.local/lib/python3.12/site-packages/airflow/example_dags/tutorial.py for tasks to queue
[2025-08-29T08:52:18.760+0000] {logging_mixin.py:190} INFO - [2025-08-29T08:52:18.760+0000] {dagbag.py:588} INFO - Filling up the DagBag from /home/airflow/.local/lib/python3.12/site-packages/airflow/example_dags/tutorial.py
[2025-08-29T08:52:18.769+0000] {processor.py:925} INFO - DAG(s) 'tutorial' retrieved from /home/airflow/.local/lib/python3.12/site-packages/airflow/example_dags/tutorial.py
[2025-08-29T08:52:18.790+0000] {logging_mixin.py:190} INFO - [2025-08-29T08:52:18.790+0000] {dag.py:3239} INFO - Sync 1 DAGs
[2025-08-29T08:52:18.815+0000] {logging_mixin.py:190} INFO - [2025-08-29T08:52:18.814+0000] {dag.py:4180} INFO - Setting next_dagrun for tutorial to 2025-08-28 00:00:00+00:00, run_after=2025-08-29 00:00:00+00:00
[2025-08-29T08:52:18.833+0000] {processor.py:208} INFO - Processing /home/airflow/.local/lib/python3.12/site-packages/airflow/example_dags/tutorial.py took 0.083 seconds
[2025-08-29T08:52:48.932+0000] {processor.py:186} INFO - Started process (PID=33297) to work on /home/airflow/.local/lib/python3.12/site-packages/airflow/example_dags/tutorial.py
[2025-08-29T08:52:48.932+0000] {processor.py:914} INFO - Processing file /home/airflow/.local/lib/python3.12/site-packages/airflow/example_dags/tutorial.py for tasks to queue
[2025-08-29T08:52:48.934+0000] {logging_mixin.py:190} INFO - [2025-08-29T08:52:48.934+0000] {dagbag.py:588} INFO - Filling up the DagBag from /home/airflow/.local/lib/python3.12/site-packages/airflow/example_dags/tutorial.py
[2025-08-29T08:52:48.940+0000] {processor.py:925} INFO - DAG(s) 'tutorial' retrieved from /home/airflow/.local/lib/python3.12/site-packages/airflow/example_dags/tutorial.py
[2025-08-29T08:52:48.958+0000] {logging_mixin.py:190} INFO - [2025-08-29T08:52:48.957+0000] {dag.py:3239} INFO - Sync 1 DAGs
[2025-08-29T08:52:48.982+0000] {logging_mixin.py:190} INFO - [2025-08-29T08:52:48.982+0000] {dag.py:4180} INFO - Setting next_dagrun for tutorial to 2025-08-28 00:00:00+00:00, run_after=2025-08-29 00:00:00+00:00
[2025-08-29T08:52:49.001+0000] {processor.py:208} INFO - Processing /home/airflow/.local/lib/python3.12/site-packages/airflow/example_dags/tutorial.py took 0.075 seconds
[2025-08-29T08:53:19.256+0000] {processor.py:186} INFO - Started process (PID=33361) to work on /home/airflow/.local/lib/python3.12/site-packages/airflow/example_dags/tutorial.py
[2025-08-29T08:53:19.257+0000] {processor.py:914} INFO - Processing file /home/airflow/.local/lib/python3.12/site-packages/airflow/example_dags/tutorial.py for tasks to queue
[2025-08-29T08:53:19.259+0000] {logging_mixin.py:190} INFO - [2025-08-29T08:53:19.259+0000] {dagbag.py:588} INFO - Filling up the DagBag from /home/airflow/.local/lib/python3.12/site-packages/airflow/example_dags/tutorial.py
[2025-08-29T08:53:19.271+0000] {processor.py:925} INFO - DAG(s) 'tutorial' retrieved from /home/airflow/.local/lib/python3.12/site-packages/airflow/example_dags/tutorial.py
[2025-08-29T08:53:19.296+0000] {logging_mixin.py:190} INFO - [2025-08-29T08:53:19.296+0000] {dag.py:3239} INFO - Sync 1 DAGs
[2025-08-29T08:53:19.314+0000] {logging_mixin.py:190} INFO - [2025-08-29T08:53:19.314+0000] {dag.py:4180} INFO - Setting next_dagrun for tutorial to 2025-08-28 00:00:00+00:00, run_after=2025-08-29 00:00:00+00:00
[2025-08-29T08:53:19.325+0000] {processor.py:208} INFO - Processing /home/airflow/.local/lib/python3.12/site-packages/airflow/example_dags/tutorial.py took 0.076 seconds
[2025-08-29T08:53:49.825+0000] {processor.py:186} INFO - Started process (PID=33426) to work on /home/airflow/.local/lib/python3.12/site-packages/airflow/example_dags/tutorial.py
[2025-08-29T08:53:49.825+0000] {processor.py:914} INFO - Processing file /home/airflow/.local/lib/python3.12/site-packages/airflow/example_dags/tutorial.py for tasks to queue
[2025-08-29T08:53:49.827+0000] {logging_mixin.py:190} INFO - [2025-08-29T08:53:49.826+0000] {dagbag.py:588} INFO - Filling up the DagBag from /home/airflow/.local/lib/python3.12/site-packages/airflow/example_dags/tutorial.py
[2025-08-29T08:53:49.831+0000] {processor.py:925} INFO - DAG(s) 'tutorial' retrieved from /home/airflow/.local/lib/python3.12/site-packages/airflow/example_dags/tutorial.py
[2025-08-29T08:53:49.850+0000] {logging_mixin.py:190} INFO - [2025-08-29T08:53:49.849+0000] {dag.py:3239} INFO - Sync 1 DAGs
[2025-08-29T08:53:49.875+0000] {logging_mixin.py:190} INFO - [2025-08-29T08:53:49.874+0000] {dag.py:4180} INFO - Setting next_dagrun for tutorial to 2025-08-28 00:00:00+00:00, run_after=2025-08-29 00:00:00+00:00
[2025-08-29T08:53:49.893+0000] {processor.py:208} INFO - Processing /home/airflow/.local/lib/python3.12/site-packages/airflow/example_dags/tutorial.py took 0.073 seconds
